[2025-03-18T23:43:48.677+0000] {processor.py:186} INFO - Started process (PID=91) to work on /home/airflow/.local/lib/python3.12/site-packages/airflow/example_dags/example_outlet_event_extra.py
[2025-03-18T23:43:48.678+0000] {processor.py:914} INFO - Processing file /home/airflow/.local/lib/python3.12/site-packages/airflow/example_dags/example_outlet_event_extra.py for tasks to queue
[2025-03-18T23:43:48.679+0000] {logging_mixin.py:190} INFO - [2025-03-18T23:43:48.679+0000] {dagbag.py:588} INFO - Filling up the DagBag from /home/airflow/.local/lib/python3.12/site-packages/airflow/example_dags/example_outlet_event_extra.py
[2025-03-18T23:43:49.112+0000] {processor.py:925} INFO - DAG(s) 'dataset_with_extra_from_classic_operator', 'dataset_with_extra_by_yield', 'dataset_with_extra_by_context' retrieved from /home/airflow/.local/lib/python3.12/site-packages/airflow/example_dags/example_outlet_event_extra.py
[2025-03-18T23:43:49.191+0000] {logging_mixin.py:190} INFO - [2025-03-18T23:43:49.191+0000] {override.py:1912} INFO - Created Permission View: can delete on DAG:dataset_with_extra_from_classic_operator
[2025-03-18T23:43:49.199+0000] {logging_mixin.py:190} INFO - [2025-03-18T23:43:49.199+0000] {override.py:1912} INFO - Created Permission View: can read on DAG:dataset_with_extra_from_classic_operator
[2025-03-18T23:43:49.204+0000] {logging_mixin.py:190} INFO - [2025-03-18T23:43:49.204+0000] {override.py:1912} INFO - Created Permission View: can edit on DAG:dataset_with_extra_from_classic_operator
[2025-03-18T23:43:49.210+0000] {logging_mixin.py:190} INFO - [2025-03-18T23:43:49.210+0000] {override.py:1912} INFO - Created Permission View: can delete on DAG Run:dataset_with_extra_from_classic_operator
[2025-03-18T23:43:49.215+0000] {logging_mixin.py:190} INFO - [2025-03-18T23:43:49.215+0000] {override.py:1912} INFO - Created Permission View: can read on DAG Run:dataset_with_extra_from_classic_operator
[2025-03-18T23:43:49.220+0000] {logging_mixin.py:190} INFO - [2025-03-18T23:43:49.220+0000] {override.py:1912} INFO - Created Permission View: can create on DAG Run:dataset_with_extra_from_classic_operator
[2025-03-18T23:43:49.227+0000] {logging_mixin.py:190} INFO - [2025-03-18T23:43:49.226+0000] {override.py:1912} INFO - Created Permission View: menu access on DAG Run:dataset_with_extra_from_classic_operator
[2025-03-18T23:43:49.236+0000] {logging_mixin.py:190} INFO - [2025-03-18T23:43:49.236+0000] {override.py:1912} INFO - Created Permission View: can delete on DAG:dataset_with_extra_by_yield
[2025-03-18T23:43:49.241+0000] {logging_mixin.py:190} INFO - [2025-03-18T23:43:49.241+0000] {override.py:1912} INFO - Created Permission View: can read on DAG:dataset_with_extra_by_yield
[2025-03-18T23:43:49.246+0000] {logging_mixin.py:190} INFO - [2025-03-18T23:43:49.246+0000] {override.py:1912} INFO - Created Permission View: can edit on DAG:dataset_with_extra_by_yield
[2025-03-18T23:43:49.252+0000] {logging_mixin.py:190} INFO - [2025-03-18T23:43:49.251+0000] {override.py:1912} INFO - Created Permission View: can delete on DAG Run:dataset_with_extra_by_yield
[2025-03-18T23:43:49.257+0000] {logging_mixin.py:190} INFO - [2025-03-18T23:43:49.256+0000] {override.py:1912} INFO - Created Permission View: can read on DAG Run:dataset_with_extra_by_yield
[2025-03-18T23:43:49.263+0000] {logging_mixin.py:190} INFO - [2025-03-18T23:43:49.262+0000] {override.py:1912} INFO - Created Permission View: can create on DAG Run:dataset_with_extra_by_yield
[2025-03-18T23:43:49.268+0000] {logging_mixin.py:190} INFO - [2025-03-18T23:43:49.268+0000] {override.py:1912} INFO - Created Permission View: menu access on DAG Run:dataset_with_extra_by_yield
[2025-03-18T23:43:49.278+0000] {logging_mixin.py:190} INFO - [2025-03-18T23:43:49.278+0000] {override.py:1912} INFO - Created Permission View: can delete on DAG:dataset_with_extra_by_context
[2025-03-18T23:43:49.283+0000] {logging_mixin.py:190} INFO - [2025-03-18T23:43:49.283+0000] {override.py:1912} INFO - Created Permission View: can read on DAG:dataset_with_extra_by_context
[2025-03-18T23:43:49.288+0000] {logging_mixin.py:190} INFO - [2025-03-18T23:43:49.288+0000] {override.py:1912} INFO - Created Permission View: can edit on DAG:dataset_with_extra_by_context
[2025-03-18T23:43:49.294+0000] {logging_mixin.py:190} INFO - [2025-03-18T23:43:49.294+0000] {override.py:1912} INFO - Created Permission View: can delete on DAG Run:dataset_with_extra_by_context
[2025-03-18T23:43:49.299+0000] {logging_mixin.py:190} INFO - [2025-03-18T23:43:49.299+0000] {override.py:1912} INFO - Created Permission View: can read on DAG Run:dataset_with_extra_by_context
[2025-03-18T23:43:49.304+0000] {logging_mixin.py:190} INFO - [2025-03-18T23:43:49.303+0000] {override.py:1912} INFO - Created Permission View: can create on DAG Run:dataset_with_extra_by_context
[2025-03-18T23:43:49.308+0000] {logging_mixin.py:190} INFO - [2025-03-18T23:43:49.308+0000] {override.py:1912} INFO - Created Permission View: menu access on DAG Run:dataset_with_extra_by_context
[2025-03-18T23:43:49.309+0000] {logging_mixin.py:190} INFO - [2025-03-18T23:43:49.308+0000] {dag.py:3239} INFO - Sync 3 DAGs
[2025-03-18T23:43:49.319+0000] {logging_mixin.py:190} INFO - [2025-03-18T23:43:49.319+0000] {dag.py:3262} INFO - Creating ORM DAG for dataset_with_extra_by_context
[2025-03-18T23:43:49.320+0000] {logging_mixin.py:190} INFO - [2025-03-18T23:43:49.320+0000] {dag.py:3262} INFO - Creating ORM DAG for dataset_with_extra_from_classic_operator
[2025-03-18T23:43:49.320+0000] {logging_mixin.py:190} INFO - [2025-03-18T23:43:49.320+0000] {dag.py:3262} INFO - Creating ORM DAG for dataset_with_extra_by_yield
[2025-03-18T23:43:49.329+0000] {logging_mixin.py:190} INFO - [2025-03-18T23:43:49.328+0000] {dag.py:4180} INFO - Setting next_dagrun for dataset_with_extra_by_context to 2025-03-17 00:00:00+00:00, run_after=2025-03-18 00:00:00+00:00
[2025-03-18T23:43:49.330+0000] {logging_mixin.py:190} INFO - [2025-03-18T23:43:49.330+0000] {dag.py:4180} INFO - Setting next_dagrun for dataset_with_extra_by_yield to 2025-03-17 00:00:00+00:00, run_after=2025-03-18 00:00:00+00:00
[2025-03-18T23:43:49.332+0000] {logging_mixin.py:190} INFO - [2025-03-18T23:43:49.331+0000] {dag.py:4180} INFO - Setting next_dagrun for dataset_with_extra_from_classic_operator to 2025-03-17 00:00:00+00:00, run_after=2025-03-18 00:00:00+00:00
[2025-03-18T23:43:49.350+0000] {processor.py:208} INFO - Processing /home/airflow/.local/lib/python3.12/site-packages/airflow/example_dags/example_outlet_event_extra.py took 0.676 seconds
[2025-03-18T23:44:19.441+0000] {processor.py:186} INFO - Started process (PID=155) to work on /home/airflow/.local/lib/python3.12/site-packages/airflow/example_dags/example_outlet_event_extra.py
[2025-03-18T23:44:19.442+0000] {processor.py:914} INFO - Processing file /home/airflow/.local/lib/python3.12/site-packages/airflow/example_dags/example_outlet_event_extra.py for tasks to queue
[2025-03-18T23:44:19.443+0000] {logging_mixin.py:190} INFO - [2025-03-18T23:44:19.443+0000] {dagbag.py:588} INFO - Filling up the DagBag from /home/airflow/.local/lib/python3.12/site-packages/airflow/example_dags/example_outlet_event_extra.py
[2025-03-18T23:44:19.860+0000] {processor.py:925} INFO - DAG(s) 'dataset_with_extra_by_yield', 'dataset_with_extra_by_context', 'dataset_with_extra_from_classic_operator' retrieved from /home/airflow/.local/lib/python3.12/site-packages/airflow/example_dags/example_outlet_event_extra.py
[2025-03-18T23:44:19.876+0000] {logging_mixin.py:190} INFO - [2025-03-18T23:44:19.876+0000] {dag.py:3239} INFO - Sync 3 DAGs
[2025-03-18T23:44:19.895+0000] {logging_mixin.py:190} INFO - [2025-03-18T23:44:19.894+0000] {dag.py:4180} INFO - Setting next_dagrun for dataset_with_extra_by_context to 2025-03-17 00:00:00+00:00, run_after=2025-03-18 00:00:00+00:00
[2025-03-18T23:44:19.899+0000] {logging_mixin.py:190} INFO - [2025-03-18T23:44:19.898+0000] {dag.py:4180} INFO - Setting next_dagrun for dataset_with_extra_by_yield to 2025-03-17 00:00:00+00:00, run_after=2025-03-18 00:00:00+00:00
[2025-03-18T23:44:19.901+0000] {logging_mixin.py:190} INFO - [2025-03-18T23:44:19.900+0000] {dag.py:4180} INFO - Setting next_dagrun for dataset_with_extra_from_classic_operator to 2025-03-17 00:00:00+00:00, run_after=2025-03-18 00:00:00+00:00
[2025-03-18T23:44:19.914+0000] {processor.py:208} INFO - Processing /home/airflow/.local/lib/python3.12/site-packages/airflow/example_dags/example_outlet_event_extra.py took 0.476 seconds
[2025-03-18T23:44:50.325+0000] {processor.py:186} INFO - Started process (PID=221) to work on /home/airflow/.local/lib/python3.12/site-packages/airflow/example_dags/example_outlet_event_extra.py
[2025-03-18T23:44:50.326+0000] {processor.py:914} INFO - Processing file /home/airflow/.local/lib/python3.12/site-packages/airflow/example_dags/example_outlet_event_extra.py for tasks to queue
[2025-03-18T23:44:50.327+0000] {logging_mixin.py:190} INFO - [2025-03-18T23:44:50.327+0000] {dagbag.py:588} INFO - Filling up the DagBag from /home/airflow/.local/lib/python3.12/site-packages/airflow/example_dags/example_outlet_event_extra.py
[2025-03-18T23:44:50.811+0000] {processor.py:925} INFO - DAG(s) 'dataset_with_extra_from_classic_operator', 'dataset_with_extra_by_context', 'dataset_with_extra_by_yield' retrieved from /home/airflow/.local/lib/python3.12/site-packages/airflow/example_dags/example_outlet_event_extra.py
[2025-03-18T23:44:50.830+0000] {logging_mixin.py:190} INFO - [2025-03-18T23:44:50.830+0000] {dag.py:3239} INFO - Sync 3 DAGs
[2025-03-18T23:44:50.851+0000] {logging_mixin.py:190} INFO - [2025-03-18T23:44:50.851+0000] {dag.py:4180} INFO - Setting next_dagrun for dataset_with_extra_by_context to 2025-03-17 00:00:00+00:00, run_after=2025-03-18 00:00:00+00:00
[2025-03-18T23:44:50.856+0000] {logging_mixin.py:190} INFO - [2025-03-18T23:44:50.856+0000] {dag.py:4180} INFO - Setting next_dagrun for dataset_with_extra_by_yield to 2025-03-17 00:00:00+00:00, run_after=2025-03-18 00:00:00+00:00
[2025-03-18T23:44:50.858+0000] {logging_mixin.py:190} INFO - [2025-03-18T23:44:50.858+0000] {dag.py:4180} INFO - Setting next_dagrun for dataset_with_extra_from_classic_operator to 2025-03-17 00:00:00+00:00, run_after=2025-03-18 00:00:00+00:00
[2025-03-18T23:44:50.876+0000] {processor.py:208} INFO - Processing /home/airflow/.local/lib/python3.12/site-packages/airflow/example_dags/example_outlet_event_extra.py took 0.556 seconds
[2025-03-18T23:45:21.291+0000] {processor.py:186} INFO - Started process (PID=283) to work on /home/airflow/.local/lib/python3.12/site-packages/airflow/example_dags/example_outlet_event_extra.py
[2025-03-18T23:45:21.292+0000] {processor.py:914} INFO - Processing file /home/airflow/.local/lib/python3.12/site-packages/airflow/example_dags/example_outlet_event_extra.py for tasks to queue
[2025-03-18T23:45:21.294+0000] {logging_mixin.py:190} INFO - [2025-03-18T23:45:21.294+0000] {dagbag.py:588} INFO - Filling up the DagBag from /home/airflow/.local/lib/python3.12/site-packages/airflow/example_dags/example_outlet_event_extra.py
[2025-03-18T23:45:21.744+0000] {processor.py:925} INFO - DAG(s) 'dataset_with_extra_by_yield', 'dataset_with_extra_by_context', 'dataset_with_extra_from_classic_operator' retrieved from /home/airflow/.local/lib/python3.12/site-packages/airflow/example_dags/example_outlet_event_extra.py
[2025-03-18T23:45:21.761+0000] {logging_mixin.py:190} INFO - [2025-03-18T23:45:21.761+0000] {dag.py:3239} INFO - Sync 3 DAGs
[2025-03-18T23:45:21.781+0000] {logging_mixin.py:190} INFO - [2025-03-18T23:45:21.781+0000] {dag.py:4180} INFO - Setting next_dagrun for dataset_with_extra_by_context to 2025-03-17 00:00:00+00:00, run_after=2025-03-18 00:00:00+00:00
[2025-03-18T23:45:21.785+0000] {logging_mixin.py:190} INFO - [2025-03-18T23:45:21.785+0000] {dag.py:4180} INFO - Setting next_dagrun for dataset_with_extra_by_yield to 2025-03-17 00:00:00+00:00, run_after=2025-03-18 00:00:00+00:00
[2025-03-18T23:45:21.787+0000] {logging_mixin.py:190} INFO - [2025-03-18T23:45:21.787+0000] {dag.py:4180} INFO - Setting next_dagrun for dataset_with_extra_from_classic_operator to 2025-03-17 00:00:00+00:00, run_after=2025-03-18 00:00:00+00:00
[2025-03-18T23:45:21.802+0000] {processor.py:208} INFO - Processing /home/airflow/.local/lib/python3.12/site-packages/airflow/example_dags/example_outlet_event_extra.py took 0.515 seconds
[2025-03-18T23:45:52.594+0000] {processor.py:186} INFO - Started process (PID=346) to work on /home/airflow/.local/lib/python3.12/site-packages/airflow/example_dags/example_outlet_event_extra.py
[2025-03-18T23:45:52.594+0000] {processor.py:914} INFO - Processing file /home/airflow/.local/lib/python3.12/site-packages/airflow/example_dags/example_outlet_event_extra.py for tasks to queue
[2025-03-18T23:45:52.595+0000] {logging_mixin.py:190} INFO - [2025-03-18T23:45:52.595+0000] {dagbag.py:588} INFO - Filling up the DagBag from /home/airflow/.local/lib/python3.12/site-packages/airflow/example_dags/example_outlet_event_extra.py
[2025-03-18T23:45:52.991+0000] {processor.py:925} INFO - DAG(s) 'dataset_with_extra_from_classic_operator', 'dataset_with_extra_by_context', 'dataset_with_extra_by_yield' retrieved from /home/airflow/.local/lib/python3.12/site-packages/airflow/example_dags/example_outlet_event_extra.py
[2025-03-18T23:45:53.009+0000] {logging_mixin.py:190} INFO - [2025-03-18T23:45:53.009+0000] {dag.py:3239} INFO - Sync 3 DAGs
[2025-03-18T23:45:53.029+0000] {logging_mixin.py:190} INFO - [2025-03-18T23:45:53.029+0000] {dag.py:4180} INFO - Setting next_dagrun for dataset_with_extra_by_context to 2025-03-17 00:00:00+00:00, run_after=2025-03-18 00:00:00+00:00
[2025-03-18T23:45:53.034+0000] {logging_mixin.py:190} INFO - [2025-03-18T23:45:53.034+0000] {dag.py:4180} INFO - Setting next_dagrun for dataset_with_extra_by_yield to 2025-03-17 00:00:00+00:00, run_after=2025-03-18 00:00:00+00:00
[2025-03-18T23:45:53.036+0000] {logging_mixin.py:190} INFO - [2025-03-18T23:45:53.036+0000] {dag.py:4180} INFO - Setting next_dagrun for dataset_with_extra_from_classic_operator to 2025-03-17 00:00:00+00:00, run_after=2025-03-18 00:00:00+00:00
[2025-03-18T23:45:53.050+0000] {processor.py:208} INFO - Processing /home/airflow/.local/lib/python3.12/site-packages/airflow/example_dags/example_outlet_event_extra.py took 0.461 seconds
[2025-03-18T23:46:23.750+0000] {processor.py:186} INFO - Started process (PID=409) to work on /home/airflow/.local/lib/python3.12/site-packages/airflow/example_dags/example_outlet_event_extra.py
[2025-03-18T23:46:23.750+0000] {processor.py:914} INFO - Processing file /home/airflow/.local/lib/python3.12/site-packages/airflow/example_dags/example_outlet_event_extra.py for tasks to queue
[2025-03-18T23:46:23.751+0000] {logging_mixin.py:190} INFO - [2025-03-18T23:46:23.751+0000] {dagbag.py:588} INFO - Filling up the DagBag from /home/airflow/.local/lib/python3.12/site-packages/airflow/example_dags/example_outlet_event_extra.py
[2025-03-18T23:46:24.143+0000] {processor.py:925} INFO - DAG(s) 'dataset_with_extra_by_context', 'dataset_with_extra_from_classic_operator', 'dataset_with_extra_by_yield' retrieved from /home/airflow/.local/lib/python3.12/site-packages/airflow/example_dags/example_outlet_event_extra.py
[2025-03-18T23:46:24.160+0000] {logging_mixin.py:190} INFO - [2025-03-18T23:46:24.159+0000] {dag.py:3239} INFO - Sync 3 DAGs
[2025-03-18T23:46:24.179+0000] {logging_mixin.py:190} INFO - [2025-03-18T23:46:24.178+0000] {dag.py:4180} INFO - Setting next_dagrun for dataset_with_extra_by_context to 2025-03-17 00:00:00+00:00, run_after=2025-03-18 00:00:00+00:00
[2025-03-18T23:46:24.183+0000] {logging_mixin.py:190} INFO - [2025-03-18T23:46:24.182+0000] {dag.py:4180} INFO - Setting next_dagrun for dataset_with_extra_by_yield to 2025-03-17 00:00:00+00:00, run_after=2025-03-18 00:00:00+00:00
[2025-03-18T23:46:24.184+0000] {logging_mixin.py:190} INFO - [2025-03-18T23:46:24.184+0000] {dag.py:4180} INFO - Setting next_dagrun for dataset_with_extra_from_classic_operator to 2025-03-17 00:00:00+00:00, run_after=2025-03-18 00:00:00+00:00
[2025-03-18T23:46:24.200+0000] {processor.py:208} INFO - Processing /home/airflow/.local/lib/python3.12/site-packages/airflow/example_dags/example_outlet_event_extra.py took 0.453 seconds
[2025-03-18T23:46:55.053+0000] {processor.py:186} INFO - Started process (PID=472) to work on /home/airflow/.local/lib/python3.12/site-packages/airflow/example_dags/example_outlet_event_extra.py
[2025-03-18T23:46:55.053+0000] {processor.py:914} INFO - Processing file /home/airflow/.local/lib/python3.12/site-packages/airflow/example_dags/example_outlet_event_extra.py for tasks to queue
[2025-03-18T23:46:55.055+0000] {logging_mixin.py:190} INFO - [2025-03-18T23:46:55.055+0000] {dagbag.py:588} INFO - Filling up the DagBag from /home/airflow/.local/lib/python3.12/site-packages/airflow/example_dags/example_outlet_event_extra.py
[2025-03-18T23:46:55.520+0000] {processor.py:925} INFO - DAG(s) 'dataset_with_extra_by_yield', 'dataset_with_extra_by_context', 'dataset_with_extra_from_classic_operator' retrieved from /home/airflow/.local/lib/python3.12/site-packages/airflow/example_dags/example_outlet_event_extra.py
[2025-03-18T23:46:55.538+0000] {logging_mixin.py:190} INFO - [2025-03-18T23:46:55.538+0000] {dag.py:3239} INFO - Sync 3 DAGs
[2025-03-18T23:46:55.559+0000] {logging_mixin.py:190} INFO - [2025-03-18T23:46:55.559+0000] {dag.py:4180} INFO - Setting next_dagrun for dataset_with_extra_by_context to 2025-03-17 00:00:00+00:00, run_after=2025-03-18 00:00:00+00:00
[2025-03-18T23:46:55.564+0000] {logging_mixin.py:190} INFO - [2025-03-18T23:46:55.564+0000] {dag.py:4180} INFO - Setting next_dagrun for dataset_with_extra_by_yield to 2025-03-17 00:00:00+00:00, run_after=2025-03-18 00:00:00+00:00
[2025-03-18T23:46:55.567+0000] {logging_mixin.py:190} INFO - [2025-03-18T23:46:55.566+0000] {dag.py:4180} INFO - Setting next_dagrun for dataset_with_extra_from_classic_operator to 2025-03-17 00:00:00+00:00, run_after=2025-03-18 00:00:00+00:00
[2025-03-18T23:46:55.583+0000] {processor.py:208} INFO - Processing /home/airflow/.local/lib/python3.12/site-packages/airflow/example_dags/example_outlet_event_extra.py took 0.534 seconds
[2025-03-18T23:47:25.848+0000] {processor.py:186} INFO - Started process (PID=535) to work on /home/airflow/.local/lib/python3.12/site-packages/airflow/example_dags/example_outlet_event_extra.py
[2025-03-18T23:47:25.848+0000] {processor.py:914} INFO - Processing file /home/airflow/.local/lib/python3.12/site-packages/airflow/example_dags/example_outlet_event_extra.py for tasks to queue
[2025-03-18T23:47:25.850+0000] {logging_mixin.py:190} INFO - [2025-03-18T23:47:25.849+0000] {dagbag.py:588} INFO - Filling up the DagBag from /home/airflow/.local/lib/python3.12/site-packages/airflow/example_dags/example_outlet_event_extra.py
[2025-03-18T23:47:26.282+0000] {processor.py:925} INFO - DAG(s) 'dataset_with_extra_from_classic_operator', 'dataset_with_extra_by_yield', 'dataset_with_extra_by_context' retrieved from /home/airflow/.local/lib/python3.12/site-packages/airflow/example_dags/example_outlet_event_extra.py
[2025-03-18T23:47:26.301+0000] {logging_mixin.py:190} INFO - [2025-03-18T23:47:26.300+0000] {dag.py:3239} INFO - Sync 3 DAGs
[2025-03-18T23:47:26.321+0000] {logging_mixin.py:190} INFO - [2025-03-18T23:47:26.321+0000] {dag.py:4180} INFO - Setting next_dagrun for dataset_with_extra_by_context to 2025-03-17 00:00:00+00:00, run_after=2025-03-18 00:00:00+00:00
[2025-03-18T23:47:26.325+0000] {logging_mixin.py:190} INFO - [2025-03-18T23:47:26.325+0000] {dag.py:4180} INFO - Setting next_dagrun for dataset_with_extra_by_yield to 2025-03-17 00:00:00+00:00, run_after=2025-03-18 00:00:00+00:00
[2025-03-18T23:47:26.327+0000] {logging_mixin.py:190} INFO - [2025-03-18T23:47:26.327+0000] {dag.py:4180} INFO - Setting next_dagrun for dataset_with_extra_from_classic_operator to 2025-03-17 00:00:00+00:00, run_after=2025-03-18 00:00:00+00:00
[2025-03-18T23:47:26.344+0000] {processor.py:208} INFO - Processing /home/airflow/.local/lib/python3.12/site-packages/airflow/example_dags/example_outlet_event_extra.py took 0.500 seconds
[2025-03-18T23:47:57.307+0000] {processor.py:186} INFO - Started process (PID=598) to work on /home/airflow/.local/lib/python3.12/site-packages/airflow/example_dags/example_outlet_event_extra.py
[2025-03-18T23:47:57.308+0000] {processor.py:914} INFO - Processing file /home/airflow/.local/lib/python3.12/site-packages/airflow/example_dags/example_outlet_event_extra.py for tasks to queue
[2025-03-18T23:47:57.309+0000] {logging_mixin.py:190} INFO - [2025-03-18T23:47:57.309+0000] {dagbag.py:588} INFO - Filling up the DagBag from /home/airflow/.local/lib/python3.12/site-packages/airflow/example_dags/example_outlet_event_extra.py
[2025-03-18T23:47:57.717+0000] {processor.py:925} INFO - DAG(s) 'dataset_with_extra_from_classic_operator', 'dataset_with_extra_by_context', 'dataset_with_extra_by_yield' retrieved from /home/airflow/.local/lib/python3.12/site-packages/airflow/example_dags/example_outlet_event_extra.py
[2025-03-18T23:47:57.733+0000] {logging_mixin.py:190} INFO - [2025-03-18T23:47:57.733+0000] {dag.py:3239} INFO - Sync 3 DAGs
[2025-03-18T23:47:57.751+0000] {logging_mixin.py:190} INFO - [2025-03-18T23:47:57.750+0000] {dag.py:4180} INFO - Setting next_dagrun for dataset_with_extra_by_context to 2025-03-17 00:00:00+00:00, run_after=2025-03-18 00:00:00+00:00
[2025-03-18T23:47:57.754+0000] {logging_mixin.py:190} INFO - [2025-03-18T23:47:57.754+0000] {dag.py:4180} INFO - Setting next_dagrun for dataset_with_extra_by_yield to 2025-03-17 00:00:00+00:00, run_after=2025-03-18 00:00:00+00:00
[2025-03-18T23:47:57.756+0000] {logging_mixin.py:190} INFO - [2025-03-18T23:47:57.756+0000] {dag.py:4180} INFO - Setting next_dagrun for dataset_with_extra_from_classic_operator to 2025-03-17 00:00:00+00:00, run_after=2025-03-18 00:00:00+00:00
[2025-03-18T23:47:57.771+0000] {processor.py:208} INFO - Processing /home/airflow/.local/lib/python3.12/site-packages/airflow/example_dags/example_outlet_event_extra.py took 0.467 seconds
[2025-03-18T23:48:28.013+0000] {processor.py:186} INFO - Started process (PID=661) to work on /home/airflow/.local/lib/python3.12/site-packages/airflow/example_dags/example_outlet_event_extra.py
[2025-03-18T23:48:28.014+0000] {processor.py:914} INFO - Processing file /home/airflow/.local/lib/python3.12/site-packages/airflow/example_dags/example_outlet_event_extra.py for tasks to queue
[2025-03-18T23:48:28.015+0000] {logging_mixin.py:190} INFO - [2025-03-18T23:48:28.015+0000] {dagbag.py:588} INFO - Filling up the DagBag from /home/airflow/.local/lib/python3.12/site-packages/airflow/example_dags/example_outlet_event_extra.py
[2025-03-18T23:48:28.411+0000] {processor.py:925} INFO - DAG(s) 'dataset_with_extra_by_yield', 'dataset_with_extra_by_context', 'dataset_with_extra_from_classic_operator' retrieved from /home/airflow/.local/lib/python3.12/site-packages/airflow/example_dags/example_outlet_event_extra.py
[2025-03-18T23:48:28.427+0000] {logging_mixin.py:190} INFO - [2025-03-18T23:48:28.427+0000] {dag.py:3239} INFO - Sync 3 DAGs
[2025-03-18T23:48:28.445+0000] {logging_mixin.py:190} INFO - [2025-03-18T23:48:28.445+0000] {dag.py:4180} INFO - Setting next_dagrun for dataset_with_extra_by_context to 2025-03-17 00:00:00+00:00, run_after=2025-03-18 00:00:00+00:00
[2025-03-18T23:48:28.449+0000] {logging_mixin.py:190} INFO - [2025-03-18T23:48:28.449+0000] {dag.py:4180} INFO - Setting next_dagrun for dataset_with_extra_by_yield to 2025-03-17 00:00:00+00:00, run_after=2025-03-18 00:00:00+00:00
[2025-03-18T23:48:28.451+0000] {logging_mixin.py:190} INFO - [2025-03-18T23:48:28.451+0000] {dag.py:4180} INFO - Setting next_dagrun for dataset_with_extra_from_classic_operator to 2025-03-17 00:00:00+00:00, run_after=2025-03-18 00:00:00+00:00
[2025-03-18T23:48:28.466+0000] {processor.py:208} INFO - Processing /home/airflow/.local/lib/python3.12/site-packages/airflow/example_dags/example_outlet_event_extra.py took 0.457 seconds
[2025-03-18T23:48:58.946+0000] {processor.py:186} INFO - Started process (PID=724) to work on /home/airflow/.local/lib/python3.12/site-packages/airflow/example_dags/example_outlet_event_extra.py
[2025-03-18T23:48:58.946+0000] {processor.py:914} INFO - Processing file /home/airflow/.local/lib/python3.12/site-packages/airflow/example_dags/example_outlet_event_extra.py for tasks to queue
[2025-03-18T23:48:58.947+0000] {logging_mixin.py:190} INFO - [2025-03-18T23:48:58.947+0000] {dagbag.py:588} INFO - Filling up the DagBag from /home/airflow/.local/lib/python3.12/site-packages/airflow/example_dags/example_outlet_event_extra.py
[2025-03-18T23:48:59.355+0000] {processor.py:925} INFO - DAG(s) 'dataset_with_extra_from_classic_operator', 'dataset_with_extra_by_context', 'dataset_with_extra_by_yield' retrieved from /home/airflow/.local/lib/python3.12/site-packages/airflow/example_dags/example_outlet_event_extra.py
[2025-03-18T23:48:59.373+0000] {logging_mixin.py:190} INFO - [2025-03-18T23:48:59.372+0000] {dag.py:3239} INFO - Sync 3 DAGs
[2025-03-18T23:48:59.390+0000] {logging_mixin.py:190} INFO - [2025-03-18T23:48:59.390+0000] {dag.py:4180} INFO - Setting next_dagrun for dataset_with_extra_by_context to 2025-03-17 00:00:00+00:00, run_after=2025-03-18 00:00:00+00:00
[2025-03-18T23:48:59.394+0000] {logging_mixin.py:190} INFO - [2025-03-18T23:48:59.394+0000] {dag.py:4180} INFO - Setting next_dagrun for dataset_with_extra_by_yield to 2025-03-17 00:00:00+00:00, run_after=2025-03-18 00:00:00+00:00
[2025-03-18T23:48:59.396+0000] {logging_mixin.py:190} INFO - [2025-03-18T23:48:59.396+0000] {dag.py:4180} INFO - Setting next_dagrun for dataset_with_extra_from_classic_operator to 2025-03-17 00:00:00+00:00, run_after=2025-03-18 00:00:00+00:00
[2025-03-18T23:48:59.412+0000] {processor.py:208} INFO - Processing /home/airflow/.local/lib/python3.12/site-packages/airflow/example_dags/example_outlet_event_extra.py took 0.470 seconds
[2025-03-18T23:49:30.179+0000] {processor.py:186} INFO - Started process (PID=787) to work on /home/airflow/.local/lib/python3.12/site-packages/airflow/example_dags/example_outlet_event_extra.py
[2025-03-18T23:49:30.179+0000] {processor.py:914} INFO - Processing file /home/airflow/.local/lib/python3.12/site-packages/airflow/example_dags/example_outlet_event_extra.py for tasks to queue
[2025-03-18T23:49:30.181+0000] {logging_mixin.py:190} INFO - [2025-03-18T23:49:30.180+0000] {dagbag.py:588} INFO - Filling up the DagBag from /home/airflow/.local/lib/python3.12/site-packages/airflow/example_dags/example_outlet_event_extra.py
[2025-03-18T23:49:30.577+0000] {processor.py:925} INFO - DAG(s) 'dataset_with_extra_by_context', 'dataset_with_extra_from_classic_operator', 'dataset_with_extra_by_yield' retrieved from /home/airflow/.local/lib/python3.12/site-packages/airflow/example_dags/example_outlet_event_extra.py
[2025-03-18T23:49:30.593+0000] {logging_mixin.py:190} INFO - [2025-03-18T23:49:30.593+0000] {dag.py:3239} INFO - Sync 3 DAGs
[2025-03-18T23:49:30.611+0000] {logging_mixin.py:190} INFO - [2025-03-18T23:49:30.611+0000] {dag.py:4180} INFO - Setting next_dagrun for dataset_with_extra_by_context to 2025-03-17 00:00:00+00:00, run_after=2025-03-18 00:00:00+00:00
[2025-03-18T23:49:30.615+0000] {logging_mixin.py:190} INFO - [2025-03-18T23:49:30.614+0000] {dag.py:4180} INFO - Setting next_dagrun for dataset_with_extra_by_yield to 2025-03-17 00:00:00+00:00, run_after=2025-03-18 00:00:00+00:00
[2025-03-18T23:49:30.616+0000] {logging_mixin.py:190} INFO - [2025-03-18T23:49:30.616+0000] {dag.py:4180} INFO - Setting next_dagrun for dataset_with_extra_from_classic_operator to 2025-03-17 00:00:00+00:00, run_after=2025-03-18 00:00:00+00:00
[2025-03-18T23:49:30.631+0000] {processor.py:208} INFO - Processing /home/airflow/.local/lib/python3.12/site-packages/airflow/example_dags/example_outlet_event_extra.py took 0.456 seconds
[2025-03-18T23:50:01.319+0000] {processor.py:186} INFO - Started process (PID=850) to work on /home/airflow/.local/lib/python3.12/site-packages/airflow/example_dags/example_outlet_event_extra.py
[2025-03-18T23:50:01.320+0000] {processor.py:914} INFO - Processing file /home/airflow/.local/lib/python3.12/site-packages/airflow/example_dags/example_outlet_event_extra.py for tasks to queue
[2025-03-18T23:50:01.321+0000] {logging_mixin.py:190} INFO - [2025-03-18T23:50:01.321+0000] {dagbag.py:588} INFO - Filling up the DagBag from /home/airflow/.local/lib/python3.12/site-packages/airflow/example_dags/example_outlet_event_extra.py
[2025-03-18T23:50:01.720+0000] {processor.py:925} INFO - DAG(s) 'dataset_with_extra_by_context', 'dataset_with_extra_by_yield', 'dataset_with_extra_from_classic_operator' retrieved from /home/airflow/.local/lib/python3.12/site-packages/airflow/example_dags/example_outlet_event_extra.py
[2025-03-18T23:50:01.737+0000] {logging_mixin.py:190} INFO - [2025-03-18T23:50:01.737+0000] {dag.py:3239} INFO - Sync 3 DAGs
[2025-03-18T23:50:01.755+0000] {logging_mixin.py:190} INFO - [2025-03-18T23:50:01.755+0000] {dag.py:4180} INFO - Setting next_dagrun for dataset_with_extra_by_context to 2025-03-17 00:00:00+00:00, run_after=2025-03-18 00:00:00+00:00
[2025-03-18T23:50:01.759+0000] {logging_mixin.py:190} INFO - [2025-03-18T23:50:01.759+0000] {dag.py:4180} INFO - Setting next_dagrun for dataset_with_extra_by_yield to 2025-03-17 00:00:00+00:00, run_after=2025-03-18 00:00:00+00:00
[2025-03-18T23:50:01.761+0000] {logging_mixin.py:190} INFO - [2025-03-18T23:50:01.761+0000] {dag.py:4180} INFO - Setting next_dagrun for dataset_with_extra_from_classic_operator to 2025-03-17 00:00:00+00:00, run_after=2025-03-18 00:00:00+00:00
[2025-03-18T23:50:01.777+0000] {processor.py:208} INFO - Processing /home/airflow/.local/lib/python3.12/site-packages/airflow/example_dags/example_outlet_event_extra.py took 0.461 seconds
