[2025-03-18T23:43:46.529+0000] {processor.py:186} INFO - Started process (PID=72) to work on /home/airflow/.local/lib/python3.12/site-packages/airflow/example_dags/example_subdag_operator.py
[2025-03-18T23:43:46.529+0000] {processor.py:914} INFO - Processing file /home/airflow/.local/lib/python3.12/site-packages/airflow/example_dags/example_subdag_operator.py for tasks to queue
[2025-03-18T23:43:46.531+0000] {logging_mixin.py:190} INFO - [2025-03-18T23:43:46.530+0000] {dagbag.py:588} INFO - Filling up the DagBag from /home/airflow/.local/lib/python3.12/site-packages/airflow/example_dags/example_subdag_operator.py
[2025-03-18T23:43:46.549+0000] {processor.py:925} INFO - DAG(s) 'example_subdag_operator.section-1', 'example_subdag_operator.section-2', 'example_subdag_operator' retrieved from /home/airflow/.local/lib/python3.12/site-packages/airflow/example_dags/example_subdag_operator.py
[2025-03-18T23:43:46.621+0000] {logging_mixin.py:190} INFO - [2025-03-18T23:43:46.620+0000] {override.py:1912} INFO - Created Permission View: can delete on DAG:example_subdag_operator
[2025-03-18T23:43:46.628+0000] {logging_mixin.py:190} INFO - [2025-03-18T23:43:46.627+0000] {override.py:1912} INFO - Created Permission View: can read on DAG:example_subdag_operator
[2025-03-18T23:43:46.632+0000] {logging_mixin.py:190} INFO - [2025-03-18T23:43:46.632+0000] {override.py:1912} INFO - Created Permission View: can edit on DAG:example_subdag_operator
[2025-03-18T23:43:46.638+0000] {logging_mixin.py:190} INFO - [2025-03-18T23:43:46.637+0000] {override.py:1912} INFO - Created Permission View: can delete on DAG Run:example_subdag_operator
[2025-03-18T23:43:46.642+0000] {logging_mixin.py:190} INFO - [2025-03-18T23:43:46.642+0000] {override.py:1912} INFO - Created Permission View: can read on DAG Run:example_subdag_operator
[2025-03-18T23:43:46.647+0000] {logging_mixin.py:190} INFO - [2025-03-18T23:43:46.647+0000] {override.py:1912} INFO - Created Permission View: can create on DAG Run:example_subdag_operator
[2025-03-18T23:43:46.651+0000] {logging_mixin.py:190} INFO - [2025-03-18T23:43:46.651+0000] {override.py:1912} INFO - Created Permission View: menu access on DAG Run:example_subdag_operator
[2025-03-18T23:43:46.652+0000] {logging_mixin.py:190} INFO - [2025-03-18T23:43:46.651+0000] {dag.py:3239} INFO - Sync 3 DAGs
[2025-03-18T23:43:46.661+0000] {logging_mixin.py:190} INFO - [2025-03-18T23:43:46.661+0000] {dag.py:3262} INFO - Creating ORM DAG for example_subdag_operator
[2025-03-18T23:43:46.662+0000] {logging_mixin.py:190} INFO - [2025-03-18T23:43:46.662+0000] {dag.py:3262} INFO - Creating ORM DAG for example_subdag_operator.section-1
[2025-03-18T23:43:46.662+0000] {logging_mixin.py:190} INFO - [2025-03-18T23:43:46.662+0000] {dag.py:3262} INFO - Creating ORM DAG for example_subdag_operator.section-2
[2025-03-18T23:43:46.670+0000] {logging_mixin.py:190} INFO - [2025-03-18T23:43:46.670+0000] {dag.py:4180} INFO - Setting next_dagrun for example_subdag_operator to 2022-01-01 00:00:00+00:00, run_after=2022-01-01 00:00:00+00:00
[2025-03-18T23:43:46.670+0000] {logging_mixin.py:190} INFO - [2025-03-18T23:43:46.670+0000] {dag.py:4180} INFO - Setting next_dagrun for example_subdag_operator.section-1 to None, run_after=None
[2025-03-18T23:43:46.671+0000] {logging_mixin.py:190} INFO - [2025-03-18T23:43:46.671+0000] {dag.py:4180} INFO - Setting next_dagrun for example_subdag_operator.section-2 to None, run_after=None
[2025-03-18T23:43:46.677+0000] {logging_mixin.py:190} INFO - [2025-03-18T23:43:46.676+0000] {dag.py:3239} INFO - Sync 2 DAGs
[2025-03-18T23:43:46.681+0000] {logging_mixin.py:190} INFO - [2025-03-18T23:43:46.681+0000] {dag.py:4180} INFO - Setting next_dagrun for example_subdag_operator.section-1 to None, run_after=None
[2025-03-18T23:43:46.683+0000] {logging_mixin.py:190} INFO - [2025-03-18T23:43:46.683+0000] {dag.py:4180} INFO - Setting next_dagrun for example_subdag_operator.section-2 to None, run_after=None
[2025-03-18T23:43:46.691+0000] {processor.py:208} INFO - Processing /home/airflow/.local/lib/python3.12/site-packages/airflow/example_dags/example_subdag_operator.py took 0.166 seconds
[2025-03-18T23:44:17.312+0000] {processor.py:186} INFO - Started process (PID=135) to work on /home/airflow/.local/lib/python3.12/site-packages/airflow/example_dags/example_subdag_operator.py
[2025-03-18T23:44:17.312+0000] {processor.py:914} INFO - Processing file /home/airflow/.local/lib/python3.12/site-packages/airflow/example_dags/example_subdag_operator.py for tasks to queue
[2025-03-18T23:44:17.313+0000] {logging_mixin.py:190} INFO - [2025-03-18T23:44:17.313+0000] {dagbag.py:588} INFO - Filling up the DagBag from /home/airflow/.local/lib/python3.12/site-packages/airflow/example_dags/example_subdag_operator.py
[2025-03-18T23:44:17.330+0000] {processor.py:925} INFO - DAG(s) 'example_subdag_operator.section-1', 'example_subdag_operator.section-2', 'example_subdag_operator' retrieved from /home/airflow/.local/lib/python3.12/site-packages/airflow/example_dags/example_subdag_operator.py
[2025-03-18T23:44:17.342+0000] {logging_mixin.py:190} INFO - [2025-03-18T23:44:17.342+0000] {dag.py:3239} INFO - Sync 3 DAGs
[2025-03-18T23:44:17.359+0000] {logging_mixin.py:190} INFO - [2025-03-18T23:44:17.359+0000] {dag.py:4180} INFO - Setting next_dagrun for example_subdag_operator to 2022-01-01 00:00:00+00:00, run_after=2022-01-01 00:00:00+00:00
[2025-03-18T23:44:17.362+0000] {logging_mixin.py:190} INFO - [2025-03-18T23:44:17.362+0000] {dag.py:4180} INFO - Setting next_dagrun for example_subdag_operator.section-1 to None, run_after=None
[2025-03-18T23:44:17.363+0000] {logging_mixin.py:190} INFO - [2025-03-18T23:44:17.362+0000] {dag.py:4180} INFO - Setting next_dagrun for example_subdag_operator.section-2 to None, run_after=None
[2025-03-18T23:44:17.367+0000] {logging_mixin.py:190} INFO - [2025-03-18T23:44:17.367+0000] {dag.py:3239} INFO - Sync 2 DAGs
[2025-03-18T23:44:17.372+0000] {logging_mixin.py:190} INFO - [2025-03-18T23:44:17.372+0000] {dag.py:4180} INFO - Setting next_dagrun for example_subdag_operator.section-1 to None, run_after=None
[2025-03-18T23:44:17.372+0000] {logging_mixin.py:190} INFO - [2025-03-18T23:44:17.372+0000] {dag.py:4180} INFO - Setting next_dagrun for example_subdag_operator.section-2 to None, run_after=None
[2025-03-18T23:44:17.380+0000] {processor.py:208} INFO - Processing /home/airflow/.local/lib/python3.12/site-packages/airflow/example_dags/example_subdag_operator.py took 0.072 seconds
[2025-03-18T23:44:48.661+0000] {processor.py:186} INFO - Started process (PID=198) to work on /home/airflow/.local/lib/python3.12/site-packages/airflow/example_dags/example_subdag_operator.py
[2025-03-18T23:44:48.662+0000] {processor.py:914} INFO - Processing file /home/airflow/.local/lib/python3.12/site-packages/airflow/example_dags/example_subdag_operator.py for tasks to queue
[2025-03-18T23:44:48.663+0000] {logging_mixin.py:190} INFO - [2025-03-18T23:44:48.663+0000] {dagbag.py:588} INFO - Filling up the DagBag from /home/airflow/.local/lib/python3.12/site-packages/airflow/example_dags/example_subdag_operator.py
[2025-03-18T23:44:48.683+0000] {processor.py:925} INFO - DAG(s) 'example_subdag_operator.section-1', 'example_subdag_operator.section-2', 'example_subdag_operator' retrieved from /home/airflow/.local/lib/python3.12/site-packages/airflow/example_dags/example_subdag_operator.py
[2025-03-18T23:44:48.696+0000] {logging_mixin.py:190} INFO - [2025-03-18T23:44:48.696+0000] {dag.py:3239} INFO - Sync 3 DAGs
[2025-03-18T23:44:48.719+0000] {logging_mixin.py:190} INFO - [2025-03-18T23:44:48.718+0000] {dag.py:4180} INFO - Setting next_dagrun for example_subdag_operator to 2022-01-01 00:00:00+00:00, run_after=2022-01-01 00:00:00+00:00
[2025-03-18T23:44:48.723+0000] {logging_mixin.py:190} INFO - [2025-03-18T23:44:48.723+0000] {dag.py:4180} INFO - Setting next_dagrun for example_subdag_operator.section-1 to None, run_after=None
[2025-03-18T23:44:48.725+0000] {logging_mixin.py:190} INFO - [2025-03-18T23:44:48.725+0000] {dag.py:4180} INFO - Setting next_dagrun for example_subdag_operator.section-2 to None, run_after=None
[2025-03-18T23:44:48.730+0000] {logging_mixin.py:190} INFO - [2025-03-18T23:44:48.730+0000] {dag.py:3239} INFO - Sync 2 DAGs
[2025-03-18T23:44:48.736+0000] {logging_mixin.py:190} INFO - [2025-03-18T23:44:48.735+0000] {dag.py:4180} INFO - Setting next_dagrun for example_subdag_operator.section-1 to None, run_after=None
[2025-03-18T23:44:48.736+0000] {logging_mixin.py:190} INFO - [2025-03-18T23:44:48.736+0000] {dag.py:4180} INFO - Setting next_dagrun for example_subdag_operator.section-2 to None, run_after=None
[2025-03-18T23:44:48.748+0000] {processor.py:208} INFO - Processing /home/airflow/.local/lib/python3.12/site-packages/airflow/example_dags/example_subdag_operator.py took 0.091 seconds
[2025-03-18T23:45:19.291+0000] {processor.py:186} INFO - Started process (PID=261) to work on /home/airflow/.local/lib/python3.12/site-packages/airflow/example_dags/example_subdag_operator.py
[2025-03-18T23:45:19.291+0000] {processor.py:914} INFO - Processing file /home/airflow/.local/lib/python3.12/site-packages/airflow/example_dags/example_subdag_operator.py for tasks to queue
[2025-03-18T23:45:19.293+0000] {logging_mixin.py:190} INFO - [2025-03-18T23:45:19.293+0000] {dagbag.py:588} INFO - Filling up the DagBag from /home/airflow/.local/lib/python3.12/site-packages/airflow/example_dags/example_subdag_operator.py
[2025-03-18T23:45:19.310+0000] {processor.py:925} INFO - DAG(s) 'example_subdag_operator.section-1', 'example_subdag_operator.section-2', 'example_subdag_operator' retrieved from /home/airflow/.local/lib/python3.12/site-packages/airflow/example_dags/example_subdag_operator.py
[2025-03-18T23:45:19.322+0000] {logging_mixin.py:190} INFO - [2025-03-18T23:45:19.321+0000] {dag.py:3239} INFO - Sync 3 DAGs
[2025-03-18T23:45:19.339+0000] {logging_mixin.py:190} INFO - [2025-03-18T23:45:19.338+0000] {dag.py:4180} INFO - Setting next_dagrun for example_subdag_operator to 2022-01-01 00:00:00+00:00, run_after=2022-01-01 00:00:00+00:00
[2025-03-18T23:45:19.341+0000] {logging_mixin.py:190} INFO - [2025-03-18T23:45:19.341+0000] {dag.py:4180} INFO - Setting next_dagrun for example_subdag_operator.section-1 to None, run_after=None
[2025-03-18T23:45:19.342+0000] {logging_mixin.py:190} INFO - [2025-03-18T23:45:19.342+0000] {dag.py:4180} INFO - Setting next_dagrun for example_subdag_operator.section-2 to None, run_after=None
[2025-03-18T23:45:19.348+0000] {logging_mixin.py:190} INFO - [2025-03-18T23:45:19.348+0000] {dag.py:3239} INFO - Sync 2 DAGs
[2025-03-18T23:45:19.353+0000] {logging_mixin.py:190} INFO - [2025-03-18T23:45:19.353+0000] {dag.py:4180} INFO - Setting next_dagrun for example_subdag_operator.section-1 to None, run_after=None
[2025-03-18T23:45:19.353+0000] {logging_mixin.py:190} INFO - [2025-03-18T23:45:19.353+0000] {dag.py:4180} INFO - Setting next_dagrun for example_subdag_operator.section-2 to None, run_after=None
[2025-03-18T23:45:19.360+0000] {processor.py:208} INFO - Processing /home/airflow/.local/lib/python3.12/site-packages/airflow/example_dags/example_subdag_operator.py took 0.073 seconds
[2025-03-18T23:45:50.584+0000] {processor.py:186} INFO - Started process (PID=324) to work on /home/airflow/.local/lib/python3.12/site-packages/airflow/example_dags/example_subdag_operator.py
[2025-03-18T23:45:50.584+0000] {processor.py:914} INFO - Processing file /home/airflow/.local/lib/python3.12/site-packages/airflow/example_dags/example_subdag_operator.py for tasks to queue
[2025-03-18T23:45:50.585+0000] {logging_mixin.py:190} INFO - [2025-03-18T23:45:50.585+0000] {dagbag.py:588} INFO - Filling up the DagBag from /home/airflow/.local/lib/python3.12/site-packages/airflow/example_dags/example_subdag_operator.py
[2025-03-18T23:45:50.602+0000] {processor.py:925} INFO - DAG(s) 'example_subdag_operator.section-1', 'example_subdag_operator.section-2', 'example_subdag_operator' retrieved from /home/airflow/.local/lib/python3.12/site-packages/airflow/example_dags/example_subdag_operator.py
[2025-03-18T23:45:50.613+0000] {logging_mixin.py:190} INFO - [2025-03-18T23:45:50.613+0000] {dag.py:3239} INFO - Sync 3 DAGs
[2025-03-18T23:45:50.629+0000] {logging_mixin.py:190} INFO - [2025-03-18T23:45:50.629+0000] {dag.py:4180} INFO - Setting next_dagrun for example_subdag_operator to 2022-01-01 00:00:00+00:00, run_after=2022-01-01 00:00:00+00:00
[2025-03-18T23:45:50.632+0000] {logging_mixin.py:190} INFO - [2025-03-18T23:45:50.632+0000] {dag.py:4180} INFO - Setting next_dagrun for example_subdag_operator.section-1 to None, run_after=None
[2025-03-18T23:45:50.633+0000] {logging_mixin.py:190} INFO - [2025-03-18T23:45:50.632+0000] {dag.py:4180} INFO - Setting next_dagrun for example_subdag_operator.section-2 to None, run_after=None
[2025-03-18T23:45:50.637+0000] {logging_mixin.py:190} INFO - [2025-03-18T23:45:50.637+0000] {dag.py:3239} INFO - Sync 2 DAGs
[2025-03-18T23:45:50.643+0000] {logging_mixin.py:190} INFO - [2025-03-18T23:45:50.642+0000] {dag.py:4180} INFO - Setting next_dagrun for example_subdag_operator.section-1 to None, run_after=None
[2025-03-18T23:45:50.643+0000] {logging_mixin.py:190} INFO - [2025-03-18T23:45:50.643+0000] {dag.py:4180} INFO - Setting next_dagrun for example_subdag_operator.section-2 to None, run_after=None
[2025-03-18T23:45:50.650+0000] {processor.py:208} INFO - Processing /home/airflow/.local/lib/python3.12/site-packages/airflow/example_dags/example_subdag_operator.py took 0.070 seconds
[2025-03-18T23:46:21.860+0000] {processor.py:186} INFO - Started process (PID=387) to work on /home/airflow/.local/lib/python3.12/site-packages/airflow/example_dags/example_subdag_operator.py
[2025-03-18T23:46:21.861+0000] {processor.py:914} INFO - Processing file /home/airflow/.local/lib/python3.12/site-packages/airflow/example_dags/example_subdag_operator.py for tasks to queue
[2025-03-18T23:46:21.862+0000] {logging_mixin.py:190} INFO - [2025-03-18T23:46:21.862+0000] {dagbag.py:588} INFO - Filling up the DagBag from /home/airflow/.local/lib/python3.12/site-packages/airflow/example_dags/example_subdag_operator.py
[2025-03-18T23:46:21.878+0000] {processor.py:925} INFO - DAG(s) 'example_subdag_operator.section-1', 'example_subdag_operator.section-2', 'example_subdag_operator' retrieved from /home/airflow/.local/lib/python3.12/site-packages/airflow/example_dags/example_subdag_operator.py
[2025-03-18T23:46:21.889+0000] {logging_mixin.py:190} INFO - [2025-03-18T23:46:21.888+0000] {dag.py:3239} INFO - Sync 3 DAGs
[2025-03-18T23:46:21.904+0000] {logging_mixin.py:190} INFO - [2025-03-18T23:46:21.904+0000] {dag.py:4180} INFO - Setting next_dagrun for example_subdag_operator to 2022-01-01 00:00:00+00:00, run_after=2022-01-01 00:00:00+00:00
[2025-03-18T23:46:21.906+0000] {logging_mixin.py:190} INFO - [2025-03-18T23:46:21.906+0000] {dag.py:4180} INFO - Setting next_dagrun for example_subdag_operator.section-1 to None, run_after=None
[2025-03-18T23:46:21.907+0000] {logging_mixin.py:190} INFO - [2025-03-18T23:46:21.907+0000] {dag.py:4180} INFO - Setting next_dagrun for example_subdag_operator.section-2 to None, run_after=None
[2025-03-18T23:46:21.912+0000] {logging_mixin.py:190} INFO - [2025-03-18T23:46:21.912+0000] {dag.py:3239} INFO - Sync 2 DAGs
[2025-03-18T23:46:21.915+0000] {logging_mixin.py:190} INFO - [2025-03-18T23:46:21.915+0000] {dag.py:4180} INFO - Setting next_dagrun for example_subdag_operator.section-1 to None, run_after=None
[2025-03-18T23:46:21.916+0000] {logging_mixin.py:190} INFO - [2025-03-18T23:46:21.916+0000] {dag.py:4180} INFO - Setting next_dagrun for example_subdag_operator.section-2 to None, run_after=None
[2025-03-18T23:46:21.923+0000] {processor.py:208} INFO - Processing /home/airflow/.local/lib/python3.12/site-packages/airflow/example_dags/example_subdag_operator.py took 0.066 seconds
[2025-03-18T23:46:53.037+0000] {processor.py:186} INFO - Started process (PID=450) to work on /home/airflow/.local/lib/python3.12/site-packages/airflow/example_dags/example_subdag_operator.py
[2025-03-18T23:46:53.037+0000] {processor.py:914} INFO - Processing file /home/airflow/.local/lib/python3.12/site-packages/airflow/example_dags/example_subdag_operator.py for tasks to queue
[2025-03-18T23:46:53.038+0000] {logging_mixin.py:190} INFO - [2025-03-18T23:46:53.038+0000] {dagbag.py:588} INFO - Filling up the DagBag from /home/airflow/.local/lib/python3.12/site-packages/airflow/example_dags/example_subdag_operator.py
[2025-03-18T23:46:53.055+0000] {processor.py:925} INFO - DAG(s) 'example_subdag_operator.section-1', 'example_subdag_operator.section-2', 'example_subdag_operator' retrieved from /home/airflow/.local/lib/python3.12/site-packages/airflow/example_dags/example_subdag_operator.py
[2025-03-18T23:46:53.066+0000] {logging_mixin.py:190} INFO - [2025-03-18T23:46:53.066+0000] {dag.py:3239} INFO - Sync 3 DAGs
[2025-03-18T23:46:53.082+0000] {logging_mixin.py:190} INFO - [2025-03-18T23:46:53.082+0000] {dag.py:4180} INFO - Setting next_dagrun for example_subdag_operator to 2022-01-01 00:00:00+00:00, run_after=2022-01-01 00:00:00+00:00
[2025-03-18T23:46:53.084+0000] {logging_mixin.py:190} INFO - [2025-03-18T23:46:53.084+0000] {dag.py:4180} INFO - Setting next_dagrun for example_subdag_operator.section-1 to None, run_after=None
[2025-03-18T23:46:53.085+0000] {logging_mixin.py:190} INFO - [2025-03-18T23:46:53.085+0000] {dag.py:4180} INFO - Setting next_dagrun for example_subdag_operator.section-2 to None, run_after=None
[2025-03-18T23:46:53.089+0000] {logging_mixin.py:190} INFO - [2025-03-18T23:46:53.089+0000] {dag.py:3239} INFO - Sync 2 DAGs
[2025-03-18T23:46:53.093+0000] {logging_mixin.py:190} INFO - [2025-03-18T23:46:53.093+0000] {dag.py:4180} INFO - Setting next_dagrun for example_subdag_operator.section-1 to None, run_after=None
[2025-03-18T23:46:53.093+0000] {logging_mixin.py:190} INFO - [2025-03-18T23:46:53.093+0000] {dag.py:4180} INFO - Setting next_dagrun for example_subdag_operator.section-2 to None, run_after=None
[2025-03-18T23:46:53.100+0000] {processor.py:208} INFO - Processing /home/airflow/.local/lib/python3.12/site-packages/airflow/example_dags/example_subdag_operator.py took 0.067 seconds
[2025-03-18T23:47:23.727+0000] {processor.py:186} INFO - Started process (PID=513) to work on /home/airflow/.local/lib/python3.12/site-packages/airflow/example_dags/example_subdag_operator.py
[2025-03-18T23:47:23.727+0000] {processor.py:914} INFO - Processing file /home/airflow/.local/lib/python3.12/site-packages/airflow/example_dags/example_subdag_operator.py for tasks to queue
[2025-03-18T23:47:23.729+0000] {logging_mixin.py:190} INFO - [2025-03-18T23:47:23.728+0000] {dagbag.py:588} INFO - Filling up the DagBag from /home/airflow/.local/lib/python3.12/site-packages/airflow/example_dags/example_subdag_operator.py
[2025-03-18T23:47:23.746+0000] {processor.py:925} INFO - DAG(s) 'example_subdag_operator.section-1', 'example_subdag_operator.section-2', 'example_subdag_operator' retrieved from /home/airflow/.local/lib/python3.12/site-packages/airflow/example_dags/example_subdag_operator.py
[2025-03-18T23:47:23.757+0000] {logging_mixin.py:190} INFO - [2025-03-18T23:47:23.757+0000] {dag.py:3239} INFO - Sync 3 DAGs
[2025-03-18T23:47:23.774+0000] {logging_mixin.py:190} INFO - [2025-03-18T23:47:23.774+0000] {dag.py:4180} INFO - Setting next_dagrun for example_subdag_operator to 2022-01-01 00:00:00+00:00, run_after=2022-01-01 00:00:00+00:00
[2025-03-18T23:47:23.776+0000] {logging_mixin.py:190} INFO - [2025-03-18T23:47:23.776+0000] {dag.py:4180} INFO - Setting next_dagrun for example_subdag_operator.section-1 to None, run_after=None
[2025-03-18T23:47:23.777+0000] {logging_mixin.py:190} INFO - [2025-03-18T23:47:23.777+0000] {dag.py:4180} INFO - Setting next_dagrun for example_subdag_operator.section-2 to None, run_after=None
[2025-03-18T23:47:23.782+0000] {logging_mixin.py:190} INFO - [2025-03-18T23:47:23.781+0000] {dag.py:3239} INFO - Sync 2 DAGs
[2025-03-18T23:47:23.785+0000] {logging_mixin.py:190} INFO - [2025-03-18T23:47:23.785+0000] {dag.py:4180} INFO - Setting next_dagrun for example_subdag_operator.section-1 to None, run_after=None
[2025-03-18T23:47:23.785+0000] {logging_mixin.py:190} INFO - [2025-03-18T23:47:23.785+0000] {dag.py:4180} INFO - Setting next_dagrun for example_subdag_operator.section-2 to None, run_after=None
[2025-03-18T23:47:23.793+0000] {processor.py:208} INFO - Processing /home/airflow/.local/lib/python3.12/site-packages/airflow/example_dags/example_subdag_operator.py took 0.070 seconds
[2025-03-18T23:47:54.034+0000] {processor.py:186} INFO - Started process (PID=575) to work on /home/airflow/.local/lib/python3.12/site-packages/airflow/example_dags/example_subdag_operator.py
[2025-03-18T23:47:54.035+0000] {processor.py:914} INFO - Processing file /home/airflow/.local/lib/python3.12/site-packages/airflow/example_dags/example_subdag_operator.py for tasks to queue
[2025-03-18T23:47:54.036+0000] {logging_mixin.py:190} INFO - [2025-03-18T23:47:54.036+0000] {dagbag.py:588} INFO - Filling up the DagBag from /home/airflow/.local/lib/python3.12/site-packages/airflow/example_dags/example_subdag_operator.py
[2025-03-18T23:47:54.053+0000] {processor.py:925} INFO - DAG(s) 'example_subdag_operator.section-1', 'example_subdag_operator.section-2', 'example_subdag_operator' retrieved from /home/airflow/.local/lib/python3.12/site-packages/airflow/example_dags/example_subdag_operator.py
[2025-03-18T23:47:54.064+0000] {logging_mixin.py:190} INFO - [2025-03-18T23:47:54.063+0000] {dag.py:3239} INFO - Sync 3 DAGs
[2025-03-18T23:47:54.081+0000] {logging_mixin.py:190} INFO - [2025-03-18T23:47:54.081+0000] {dag.py:4180} INFO - Setting next_dagrun for example_subdag_operator to 2022-01-01 00:00:00+00:00, run_after=2022-01-01 00:00:00+00:00
[2025-03-18T23:47:54.084+0000] {logging_mixin.py:190} INFO - [2025-03-18T23:47:54.083+0000] {dag.py:4180} INFO - Setting next_dagrun for example_subdag_operator.section-1 to None, run_after=None
[2025-03-18T23:47:54.084+0000] {logging_mixin.py:190} INFO - [2025-03-18T23:47:54.084+0000] {dag.py:4180} INFO - Setting next_dagrun for example_subdag_operator.section-2 to None, run_after=None
[2025-03-18T23:47:54.089+0000] {logging_mixin.py:190} INFO - [2025-03-18T23:47:54.089+0000] {dag.py:3239} INFO - Sync 2 DAGs
[2025-03-18T23:47:54.094+0000] {logging_mixin.py:190} INFO - [2025-03-18T23:47:54.093+0000] {dag.py:4180} INFO - Setting next_dagrun for example_subdag_operator.section-1 to None, run_after=None
[2025-03-18T23:47:54.094+0000] {logging_mixin.py:190} INFO - [2025-03-18T23:47:54.094+0000] {dag.py:4180} INFO - Setting next_dagrun for example_subdag_operator.section-2 to None, run_after=None
[2025-03-18T23:47:54.103+0000] {processor.py:208} INFO - Processing /home/airflow/.local/lib/python3.12/site-packages/airflow/example_dags/example_subdag_operator.py took 0.072 seconds
[2025-03-18T23:48:24.526+0000] {processor.py:186} INFO - Started process (PID=638) to work on /home/airflow/.local/lib/python3.12/site-packages/airflow/example_dags/example_subdag_operator.py
[2025-03-18T23:48:24.527+0000] {processor.py:914} INFO - Processing file /home/airflow/.local/lib/python3.12/site-packages/airflow/example_dags/example_subdag_operator.py for tasks to queue
[2025-03-18T23:48:24.528+0000] {logging_mixin.py:190} INFO - [2025-03-18T23:48:24.528+0000] {dagbag.py:588} INFO - Filling up the DagBag from /home/airflow/.local/lib/python3.12/site-packages/airflow/example_dags/example_subdag_operator.py
[2025-03-18T23:48:24.545+0000] {processor.py:925} INFO - DAG(s) 'example_subdag_operator.section-1', 'example_subdag_operator.section-2', 'example_subdag_operator' retrieved from /home/airflow/.local/lib/python3.12/site-packages/airflow/example_dags/example_subdag_operator.py
[2025-03-18T23:48:24.555+0000] {logging_mixin.py:190} INFO - [2025-03-18T23:48:24.555+0000] {dag.py:3239} INFO - Sync 3 DAGs
[2025-03-18T23:48:24.574+0000] {logging_mixin.py:190} INFO - [2025-03-18T23:48:24.573+0000] {dag.py:4180} INFO - Setting next_dagrun for example_subdag_operator to 2022-01-01 00:00:00+00:00, run_after=2022-01-01 00:00:00+00:00
[2025-03-18T23:48:24.577+0000] {logging_mixin.py:190} INFO - [2025-03-18T23:48:24.577+0000] {dag.py:4180} INFO - Setting next_dagrun for example_subdag_operator.section-1 to None, run_after=None
[2025-03-18T23:48:24.578+0000] {logging_mixin.py:190} INFO - [2025-03-18T23:48:24.578+0000] {dag.py:4180} INFO - Setting next_dagrun for example_subdag_operator.section-2 to None, run_after=None
[2025-03-18T23:48:24.582+0000] {logging_mixin.py:190} INFO - [2025-03-18T23:48:24.582+0000] {dag.py:3239} INFO - Sync 2 DAGs
[2025-03-18T23:48:24.586+0000] {logging_mixin.py:190} INFO - [2025-03-18T23:48:24.586+0000] {dag.py:4180} INFO - Setting next_dagrun for example_subdag_operator.section-1 to None, run_after=None
[2025-03-18T23:48:24.586+0000] {logging_mixin.py:190} INFO - [2025-03-18T23:48:24.586+0000] {dag.py:4180} INFO - Setting next_dagrun for example_subdag_operator.section-2 to None, run_after=None
[2025-03-18T23:48:24.593+0000] {processor.py:208} INFO - Processing /home/airflow/.local/lib/python3.12/site-packages/airflow/example_dags/example_subdag_operator.py took 0.071 seconds
[2025-03-18T23:48:54.817+0000] {processor.py:186} INFO - Started process (PID=701) to work on /home/airflow/.local/lib/python3.12/site-packages/airflow/example_dags/example_subdag_operator.py
[2025-03-18T23:48:54.818+0000] {processor.py:914} INFO - Processing file /home/airflow/.local/lib/python3.12/site-packages/airflow/example_dags/example_subdag_operator.py for tasks to queue
[2025-03-18T23:48:54.819+0000] {logging_mixin.py:190} INFO - [2025-03-18T23:48:54.819+0000] {dagbag.py:588} INFO - Filling up the DagBag from /home/airflow/.local/lib/python3.12/site-packages/airflow/example_dags/example_subdag_operator.py
[2025-03-18T23:48:54.835+0000] {processor.py:925} INFO - DAG(s) 'example_subdag_operator.section-1', 'example_subdag_operator.section-2', 'example_subdag_operator' retrieved from /home/airflow/.local/lib/python3.12/site-packages/airflow/example_dags/example_subdag_operator.py
[2025-03-18T23:48:54.845+0000] {logging_mixin.py:190} INFO - [2025-03-18T23:48:54.845+0000] {dag.py:3239} INFO - Sync 3 DAGs
[2025-03-18T23:48:54.861+0000] {logging_mixin.py:190} INFO - [2025-03-18T23:48:54.860+0000] {dag.py:4180} INFO - Setting next_dagrun for example_subdag_operator to 2022-01-01 00:00:00+00:00, run_after=2022-01-01 00:00:00+00:00
[2025-03-18T23:48:54.863+0000] {logging_mixin.py:190} INFO - [2025-03-18T23:48:54.863+0000] {dag.py:4180} INFO - Setting next_dagrun for example_subdag_operator.section-1 to None, run_after=None
[2025-03-18T23:48:54.864+0000] {logging_mixin.py:190} INFO - [2025-03-18T23:48:54.864+0000] {dag.py:4180} INFO - Setting next_dagrun for example_subdag_operator.section-2 to None, run_after=None
[2025-03-18T23:48:54.868+0000] {logging_mixin.py:190} INFO - [2025-03-18T23:48:54.868+0000] {dag.py:3239} INFO - Sync 2 DAGs
[2025-03-18T23:48:54.871+0000] {logging_mixin.py:190} INFO - [2025-03-18T23:48:54.871+0000] {dag.py:4180} INFO - Setting next_dagrun for example_subdag_operator.section-1 to None, run_after=None
[2025-03-18T23:48:54.872+0000] {logging_mixin.py:190} INFO - [2025-03-18T23:48:54.872+0000] {dag.py:4180} INFO - Setting next_dagrun for example_subdag_operator.section-2 to None, run_after=None
[2025-03-18T23:48:54.878+0000] {processor.py:208} INFO - Processing /home/airflow/.local/lib/python3.12/site-packages/airflow/example_dags/example_subdag_operator.py took 0.065 seconds
[2025-03-18T23:49:25.955+0000] {processor.py:186} INFO - Started process (PID=764) to work on /home/airflow/.local/lib/python3.12/site-packages/airflow/example_dags/example_subdag_operator.py
[2025-03-18T23:49:25.956+0000] {processor.py:914} INFO - Processing file /home/airflow/.local/lib/python3.12/site-packages/airflow/example_dags/example_subdag_operator.py for tasks to queue
[2025-03-18T23:49:25.957+0000] {logging_mixin.py:190} INFO - [2025-03-18T23:49:25.957+0000] {dagbag.py:588} INFO - Filling up the DagBag from /home/airflow/.local/lib/python3.12/site-packages/airflow/example_dags/example_subdag_operator.py
[2025-03-18T23:49:25.974+0000] {processor.py:925} INFO - DAG(s) 'example_subdag_operator.section-1', 'example_subdag_operator.section-2', 'example_subdag_operator' retrieved from /home/airflow/.local/lib/python3.12/site-packages/airflow/example_dags/example_subdag_operator.py
[2025-03-18T23:49:25.984+0000] {logging_mixin.py:190} INFO - [2025-03-18T23:49:25.984+0000] {dag.py:3239} INFO - Sync 3 DAGs
[2025-03-18T23:49:26.000+0000] {logging_mixin.py:190} INFO - [2025-03-18T23:49:26.000+0000] {dag.py:4180} INFO - Setting next_dagrun for example_subdag_operator to 2022-01-01 00:00:00+00:00, run_after=2022-01-01 00:00:00+00:00
[2025-03-18T23:49:26.002+0000] {logging_mixin.py:190} INFO - [2025-03-18T23:49:26.002+0000] {dag.py:4180} INFO - Setting next_dagrun for example_subdag_operator.section-1 to None, run_after=None
[2025-03-18T23:49:26.003+0000] {logging_mixin.py:190} INFO - [2025-03-18T23:49:26.003+0000] {dag.py:4180} INFO - Setting next_dagrun for example_subdag_operator.section-2 to None, run_after=None
[2025-03-18T23:49:26.008+0000] {logging_mixin.py:190} INFO - [2025-03-18T23:49:26.008+0000] {dag.py:3239} INFO - Sync 2 DAGs
[2025-03-18T23:49:26.012+0000] {logging_mixin.py:190} INFO - [2025-03-18T23:49:26.012+0000] {dag.py:4180} INFO - Setting next_dagrun for example_subdag_operator.section-1 to None, run_after=None
[2025-03-18T23:49:26.012+0000] {logging_mixin.py:190} INFO - [2025-03-18T23:49:26.012+0000] {dag.py:4180} INFO - Setting next_dagrun for example_subdag_operator.section-2 to None, run_after=None
[2025-03-18T23:49:26.019+0000] {processor.py:208} INFO - Processing /home/airflow/.local/lib/python3.12/site-packages/airflow/example_dags/example_subdag_operator.py took 0.068 seconds
[2025-03-18T23:49:57.037+0000] {processor.py:186} INFO - Started process (PID=827) to work on /home/airflow/.local/lib/python3.12/site-packages/airflow/example_dags/example_subdag_operator.py
[2025-03-18T23:49:57.037+0000] {processor.py:914} INFO - Processing file /home/airflow/.local/lib/python3.12/site-packages/airflow/example_dags/example_subdag_operator.py for tasks to queue
[2025-03-18T23:49:57.039+0000] {logging_mixin.py:190} INFO - [2025-03-18T23:49:57.039+0000] {dagbag.py:588} INFO - Filling up the DagBag from /home/airflow/.local/lib/python3.12/site-packages/airflow/example_dags/example_subdag_operator.py
[2025-03-18T23:49:57.056+0000] {processor.py:925} INFO - DAG(s) 'example_subdag_operator.section-1', 'example_subdag_operator.section-2', 'example_subdag_operator' retrieved from /home/airflow/.local/lib/python3.12/site-packages/airflow/example_dags/example_subdag_operator.py
[2025-03-18T23:49:57.066+0000] {logging_mixin.py:190} INFO - [2025-03-18T23:49:57.066+0000] {dag.py:3239} INFO - Sync 3 DAGs
[2025-03-18T23:49:57.082+0000] {logging_mixin.py:190} INFO - [2025-03-18T23:49:57.082+0000] {dag.py:4180} INFO - Setting next_dagrun for example_subdag_operator to 2022-01-01 00:00:00+00:00, run_after=2022-01-01 00:00:00+00:00
[2025-03-18T23:49:57.085+0000] {logging_mixin.py:190} INFO - [2025-03-18T23:49:57.084+0000] {dag.py:4180} INFO - Setting next_dagrun for example_subdag_operator.section-1 to None, run_after=None
[2025-03-18T23:49:57.085+0000] {logging_mixin.py:190} INFO - [2025-03-18T23:49:57.085+0000] {dag.py:4180} INFO - Setting next_dagrun for example_subdag_operator.section-2 to None, run_after=None
[2025-03-18T23:49:57.090+0000] {logging_mixin.py:190} INFO - [2025-03-18T23:49:57.090+0000] {dag.py:3239} INFO - Sync 2 DAGs
[2025-03-18T23:49:57.094+0000] {logging_mixin.py:190} INFO - [2025-03-18T23:49:57.094+0000] {dag.py:4180} INFO - Setting next_dagrun for example_subdag_operator.section-1 to None, run_after=None
[2025-03-18T23:49:57.095+0000] {logging_mixin.py:190} INFO - [2025-03-18T23:49:57.094+0000] {dag.py:4180} INFO - Setting next_dagrun for example_subdag_operator.section-2 to None, run_after=None
[2025-03-18T23:49:57.102+0000] {processor.py:208} INFO - Processing /home/airflow/.local/lib/python3.12/site-packages/airflow/example_dags/example_subdag_operator.py took 0.069 seconds
