[2025-03-18T23:43:43.950+0000] {processor.py:186} INFO - Started process (PID=59) to work on /home/airflow/.local/lib/python3.12/site-packages/airflow/example_dags/example_trigger_controller_dag.py
[2025-03-18T23:43:43.950+0000] {processor.py:914} INFO - Processing file /home/airflow/.local/lib/python3.12/site-packages/airflow/example_dags/example_trigger_controller_dag.py for tasks to queue
[2025-03-18T23:43:43.952+0000] {logging_mixin.py:190} INFO - [2025-03-18T23:43:43.952+0000] {dagbag.py:588} INFO - Filling up the DagBag from /home/airflow/.local/lib/python3.12/site-packages/airflow/example_dags/example_trigger_controller_dag.py
[2025-03-18T23:43:43.957+0000] {processor.py:925} INFO - DAG(s) 'example_trigger_controller_dag' retrieved from /home/airflow/.local/lib/python3.12/site-packages/airflow/example_dags/example_trigger_controller_dag.py
[2025-03-18T23:43:44.164+0000] {logging_mixin.py:190} INFO - [2025-03-18T23:43:44.163+0000] {override.py:1912} INFO - Created Permission View: can delete on DAG:example_trigger_controller_dag
[2025-03-18T23:43:44.171+0000] {logging_mixin.py:190} INFO - [2025-03-18T23:43:44.170+0000] {override.py:1912} INFO - Created Permission View: can read on DAG:example_trigger_controller_dag
[2025-03-18T23:43:44.175+0000] {logging_mixin.py:190} INFO - [2025-03-18T23:43:44.175+0000] {override.py:1912} INFO - Created Permission View: can edit on DAG:example_trigger_controller_dag
[2025-03-18T23:43:44.182+0000] {logging_mixin.py:190} INFO - [2025-03-18T23:43:44.182+0000] {override.py:1912} INFO - Created Permission View: can delete on DAG Run:example_trigger_controller_dag
[2025-03-18T23:43:44.187+0000] {logging_mixin.py:190} INFO - [2025-03-18T23:43:44.187+0000] {override.py:1912} INFO - Created Permission View: can read on DAG Run:example_trigger_controller_dag
[2025-03-18T23:43:44.192+0000] {logging_mixin.py:190} INFO - [2025-03-18T23:43:44.192+0000] {override.py:1912} INFO - Created Permission View: can create on DAG Run:example_trigger_controller_dag
[2025-03-18T23:43:44.198+0000] {logging_mixin.py:190} INFO - [2025-03-18T23:43:44.197+0000] {override.py:1912} INFO - Created Permission View: menu access on DAG Run:example_trigger_controller_dag
[2025-03-18T23:43:44.198+0000] {logging_mixin.py:190} INFO - [2025-03-18T23:43:44.198+0000] {dag.py:3239} INFO - Sync 1 DAGs
[2025-03-18T23:43:44.207+0000] {logging_mixin.py:190} INFO - [2025-03-18T23:43:44.207+0000] {dag.py:3262} INFO - Creating ORM DAG for example_trigger_controller_dag
[2025-03-18T23:43:44.214+0000] {logging_mixin.py:190} INFO - [2025-03-18T23:43:44.214+0000] {dag.py:4180} INFO - Setting next_dagrun for example_trigger_controller_dag to 2021-01-01 00:00:00+00:00, run_after=2021-01-01 00:00:00+00:00
[2025-03-18T23:43:44.226+0000] {processor.py:208} INFO - Processing /home/airflow/.local/lib/python3.12/site-packages/airflow/example_dags/example_trigger_controller_dag.py took 0.280 seconds
[2025-03-18T23:44:14.529+0000] {processor.py:186} INFO - Started process (PID=122) to work on /home/airflow/.local/lib/python3.12/site-packages/airflow/example_dags/example_trigger_controller_dag.py
[2025-03-18T23:44:14.529+0000] {processor.py:914} INFO - Processing file /home/airflow/.local/lib/python3.12/site-packages/airflow/example_dags/example_trigger_controller_dag.py for tasks to queue
[2025-03-18T23:44:14.530+0000] {logging_mixin.py:190} INFO - [2025-03-18T23:44:14.530+0000] {dagbag.py:588} INFO - Filling up the DagBag from /home/airflow/.local/lib/python3.12/site-packages/airflow/example_dags/example_trigger_controller_dag.py
[2025-03-18T23:44:14.534+0000] {processor.py:925} INFO - DAG(s) 'example_trigger_controller_dag' retrieved from /home/airflow/.local/lib/python3.12/site-packages/airflow/example_dags/example_trigger_controller_dag.py
[2025-03-18T23:44:14.546+0000] {logging_mixin.py:190} INFO - [2025-03-18T23:44:14.546+0000] {dag.py:3239} INFO - Sync 1 DAGs
[2025-03-18T23:44:14.561+0000] {logging_mixin.py:190} INFO - [2025-03-18T23:44:14.561+0000] {dag.py:4180} INFO - Setting next_dagrun for example_trigger_controller_dag to 2021-01-01 00:00:00+00:00, run_after=2021-01-01 00:00:00+00:00
[2025-03-18T23:44:14.573+0000] {processor.py:208} INFO - Processing /home/airflow/.local/lib/python3.12/site-packages/airflow/example_dags/example_trigger_controller_dag.py took 0.048 seconds
[2025-03-18T23:44:44.786+0000] {processor.py:186} INFO - Started process (PID=185) to work on /home/airflow/.local/lib/python3.12/site-packages/airflow/example_dags/example_trigger_controller_dag.py
[2025-03-18T23:44:44.786+0000] {processor.py:914} INFO - Processing file /home/airflow/.local/lib/python3.12/site-packages/airflow/example_dags/example_trigger_controller_dag.py for tasks to queue
[2025-03-18T23:44:44.788+0000] {logging_mixin.py:190} INFO - [2025-03-18T23:44:44.787+0000] {dagbag.py:588} INFO - Filling up the DagBag from /home/airflow/.local/lib/python3.12/site-packages/airflow/example_dags/example_trigger_controller_dag.py
[2025-03-18T23:44:44.793+0000] {processor.py:925} INFO - DAG(s) 'example_trigger_controller_dag' retrieved from /home/airflow/.local/lib/python3.12/site-packages/airflow/example_dags/example_trigger_controller_dag.py
[2025-03-18T23:44:44.804+0000] {logging_mixin.py:190} INFO - [2025-03-18T23:44:44.803+0000] {dag.py:3239} INFO - Sync 1 DAGs
[2025-03-18T23:44:44.821+0000] {logging_mixin.py:190} INFO - [2025-03-18T23:44:44.820+0000] {dag.py:4180} INFO - Setting next_dagrun for example_trigger_controller_dag to 2021-01-01 00:00:00+00:00, run_after=2021-01-01 00:00:00+00:00
[2025-03-18T23:44:44.833+0000] {processor.py:208} INFO - Processing /home/airflow/.local/lib/python3.12/site-packages/airflow/example_dags/example_trigger_controller_dag.py took 0.051 seconds
[2025-03-18T23:45:15.556+0000] {processor.py:186} INFO - Started process (PID=254) to work on /home/airflow/.local/lib/python3.12/site-packages/airflow/example_dags/example_trigger_controller_dag.py
[2025-03-18T23:45:15.556+0000] {processor.py:914} INFO - Processing file /home/airflow/.local/lib/python3.12/site-packages/airflow/example_dags/example_trigger_controller_dag.py for tasks to queue
[2025-03-18T23:45:15.557+0000] {logging_mixin.py:190} INFO - [2025-03-18T23:45:15.557+0000] {dagbag.py:588} INFO - Filling up the DagBag from /home/airflow/.local/lib/python3.12/site-packages/airflow/example_dags/example_trigger_controller_dag.py
[2025-03-18T23:45:15.561+0000] {processor.py:925} INFO - DAG(s) 'example_trigger_controller_dag' retrieved from /home/airflow/.local/lib/python3.12/site-packages/airflow/example_dags/example_trigger_controller_dag.py
[2025-03-18T23:45:15.574+0000] {logging_mixin.py:190} INFO - [2025-03-18T23:45:15.574+0000] {dag.py:3239} INFO - Sync 1 DAGs
[2025-03-18T23:45:15.591+0000] {logging_mixin.py:190} INFO - [2025-03-18T23:45:15.591+0000] {dag.py:4180} INFO - Setting next_dagrun for example_trigger_controller_dag to 2021-01-01 00:00:00+00:00, run_after=2021-01-01 00:00:00+00:00
[2025-03-18T23:45:15.606+0000] {processor.py:208} INFO - Processing /home/airflow/.local/lib/python3.12/site-packages/airflow/example_dags/example_trigger_controller_dag.py took 0.055 seconds
[2025-03-18T23:45:45.822+0000] {processor.py:186} INFO - Started process (PID=317) to work on /home/airflow/.local/lib/python3.12/site-packages/airflow/example_dags/example_trigger_controller_dag.py
[2025-03-18T23:45:45.823+0000] {processor.py:914} INFO - Processing file /home/airflow/.local/lib/python3.12/site-packages/airflow/example_dags/example_trigger_controller_dag.py for tasks to queue
[2025-03-18T23:45:45.825+0000] {logging_mixin.py:190} INFO - [2025-03-18T23:45:45.824+0000] {dagbag.py:588} INFO - Filling up the DagBag from /home/airflow/.local/lib/python3.12/site-packages/airflow/example_dags/example_trigger_controller_dag.py
[2025-03-18T23:45:45.829+0000] {processor.py:925} INFO - DAG(s) 'example_trigger_controller_dag' retrieved from /home/airflow/.local/lib/python3.12/site-packages/airflow/example_dags/example_trigger_controller_dag.py
[2025-03-18T23:45:45.841+0000] {logging_mixin.py:190} INFO - [2025-03-18T23:45:45.841+0000] {dag.py:3239} INFO - Sync 1 DAGs
[2025-03-18T23:45:45.858+0000] {logging_mixin.py:190} INFO - [2025-03-18T23:45:45.858+0000] {dag.py:4180} INFO - Setting next_dagrun for example_trigger_controller_dag to 2021-01-01 00:00:00+00:00, run_after=2021-01-01 00:00:00+00:00
[2025-03-18T23:45:45.870+0000] {processor.py:208} INFO - Processing /home/airflow/.local/lib/python3.12/site-packages/airflow/example_dags/example_trigger_controller_dag.py took 0.053 seconds
[2025-03-18T23:46:16.118+0000] {processor.py:186} INFO - Started process (PID=380) to work on /home/airflow/.local/lib/python3.12/site-packages/airflow/example_dags/example_trigger_controller_dag.py
[2025-03-18T23:46:16.118+0000] {processor.py:914} INFO - Processing file /home/airflow/.local/lib/python3.12/site-packages/airflow/example_dags/example_trigger_controller_dag.py for tasks to queue
[2025-03-18T23:46:16.120+0000] {logging_mixin.py:190} INFO - [2025-03-18T23:46:16.120+0000] {dagbag.py:588} INFO - Filling up the DagBag from /home/airflow/.local/lib/python3.12/site-packages/airflow/example_dags/example_trigger_controller_dag.py
[2025-03-18T23:46:16.125+0000] {processor.py:925} INFO - DAG(s) 'example_trigger_controller_dag' retrieved from /home/airflow/.local/lib/python3.12/site-packages/airflow/example_dags/example_trigger_controller_dag.py
[2025-03-18T23:46:16.138+0000] {logging_mixin.py:190} INFO - [2025-03-18T23:46:16.138+0000] {dag.py:3239} INFO - Sync 1 DAGs
[2025-03-18T23:46:16.154+0000] {logging_mixin.py:190} INFO - [2025-03-18T23:46:16.154+0000] {dag.py:4180} INFO - Setting next_dagrun for example_trigger_controller_dag to 2021-01-01 00:00:00+00:00, run_after=2021-01-01 00:00:00+00:00
[2025-03-18T23:46:16.167+0000] {processor.py:208} INFO - Processing /home/airflow/.local/lib/python3.12/site-packages/airflow/example_dags/example_trigger_controller_dag.py took 0.053 seconds
[2025-03-18T23:46:46.280+0000] {processor.py:186} INFO - Started process (PID=443) to work on /home/airflow/.local/lib/python3.12/site-packages/airflow/example_dags/example_trigger_controller_dag.py
[2025-03-18T23:46:46.281+0000] {processor.py:914} INFO - Processing file /home/airflow/.local/lib/python3.12/site-packages/airflow/example_dags/example_trigger_controller_dag.py for tasks to queue
[2025-03-18T23:46:46.283+0000] {logging_mixin.py:190} INFO - [2025-03-18T23:46:46.282+0000] {dagbag.py:588} INFO - Filling up the DagBag from /home/airflow/.local/lib/python3.12/site-packages/airflow/example_dags/example_trigger_controller_dag.py
[2025-03-18T23:46:46.289+0000] {processor.py:925} INFO - DAG(s) 'example_trigger_controller_dag' retrieved from /home/airflow/.local/lib/python3.12/site-packages/airflow/example_dags/example_trigger_controller_dag.py
[2025-03-18T23:46:46.301+0000] {logging_mixin.py:190} INFO - [2025-03-18T23:46:46.301+0000] {dag.py:3239} INFO - Sync 1 DAGs
[2025-03-18T23:46:46.320+0000] {logging_mixin.py:190} INFO - [2025-03-18T23:46:46.320+0000] {dag.py:4180} INFO - Setting next_dagrun for example_trigger_controller_dag to 2021-01-01 00:00:00+00:00, run_after=2021-01-01 00:00:00+00:00
[2025-03-18T23:46:46.333+0000] {processor.py:208} INFO - Processing /home/airflow/.local/lib/python3.12/site-packages/airflow/example_dags/example_trigger_controller_dag.py took 0.057 seconds
[2025-03-18T23:47:16.725+0000] {processor.py:186} INFO - Started process (PID=506) to work on /home/airflow/.local/lib/python3.12/site-packages/airflow/example_dags/example_trigger_controller_dag.py
[2025-03-18T23:47:16.726+0000] {processor.py:914} INFO - Processing file /home/airflow/.local/lib/python3.12/site-packages/airflow/example_dags/example_trigger_controller_dag.py for tasks to queue
[2025-03-18T23:47:16.729+0000] {logging_mixin.py:190} INFO - [2025-03-18T23:47:16.729+0000] {dagbag.py:588} INFO - Filling up the DagBag from /home/airflow/.local/lib/python3.12/site-packages/airflow/example_dags/example_trigger_controller_dag.py
[2025-03-18T23:47:16.733+0000] {processor.py:925} INFO - DAG(s) 'example_trigger_controller_dag' retrieved from /home/airflow/.local/lib/python3.12/site-packages/airflow/example_dags/example_trigger_controller_dag.py
[2025-03-18T23:47:16.747+0000] {logging_mixin.py:190} INFO - [2025-03-18T23:47:16.747+0000] {dag.py:3239} INFO - Sync 1 DAGs
[2025-03-18T23:47:16.767+0000] {logging_mixin.py:190} INFO - [2025-03-18T23:47:16.767+0000] {dag.py:4180} INFO - Setting next_dagrun for example_trigger_controller_dag to 2021-01-01 00:00:00+00:00, run_after=2021-01-01 00:00:00+00:00
[2025-03-18T23:47:16.781+0000] {processor.py:208} INFO - Processing /home/airflow/.local/lib/python3.12/site-packages/airflow/example_dags/example_trigger_controller_dag.py took 0.060 seconds
[2025-03-18T23:47:47.313+0000] {processor.py:186} INFO - Started process (PID=569) to work on /home/airflow/.local/lib/python3.12/site-packages/airflow/example_dags/example_trigger_controller_dag.py
[2025-03-18T23:47:47.314+0000] {processor.py:914} INFO - Processing file /home/airflow/.local/lib/python3.12/site-packages/airflow/example_dags/example_trigger_controller_dag.py for tasks to queue
[2025-03-18T23:47:47.315+0000] {logging_mixin.py:190} INFO - [2025-03-18T23:47:47.315+0000] {dagbag.py:588} INFO - Filling up the DagBag from /home/airflow/.local/lib/python3.12/site-packages/airflow/example_dags/example_trigger_controller_dag.py
[2025-03-18T23:47:47.319+0000] {processor.py:925} INFO - DAG(s) 'example_trigger_controller_dag' retrieved from /home/airflow/.local/lib/python3.12/site-packages/airflow/example_dags/example_trigger_controller_dag.py
[2025-03-18T23:47:47.331+0000] {logging_mixin.py:190} INFO - [2025-03-18T23:47:47.331+0000] {dag.py:3239} INFO - Sync 1 DAGs
[2025-03-18T23:47:47.353+0000] {logging_mixin.py:190} INFO - [2025-03-18T23:47:47.353+0000] {dag.py:4180} INFO - Setting next_dagrun for example_trigger_controller_dag to 2021-01-01 00:00:00+00:00, run_after=2021-01-01 00:00:00+00:00
[2025-03-18T23:47:47.369+0000] {processor.py:208} INFO - Processing /home/airflow/.local/lib/python3.12/site-packages/airflow/example_dags/example_trigger_controller_dag.py took 0.059 seconds
[2025-03-18T23:48:17.788+0000] {processor.py:186} INFO - Started process (PID=632) to work on /home/airflow/.local/lib/python3.12/site-packages/airflow/example_dags/example_trigger_controller_dag.py
[2025-03-18T23:48:17.789+0000] {processor.py:914} INFO - Processing file /home/airflow/.local/lib/python3.12/site-packages/airflow/example_dags/example_trigger_controller_dag.py for tasks to queue
[2025-03-18T23:48:17.790+0000] {logging_mixin.py:190} INFO - [2025-03-18T23:48:17.790+0000] {dagbag.py:588} INFO - Filling up the DagBag from /home/airflow/.local/lib/python3.12/site-packages/airflow/example_dags/example_trigger_controller_dag.py
[2025-03-18T23:48:17.794+0000] {processor.py:925} INFO - DAG(s) 'example_trigger_controller_dag' retrieved from /home/airflow/.local/lib/python3.12/site-packages/airflow/example_dags/example_trigger_controller_dag.py
[2025-03-18T23:48:17.806+0000] {logging_mixin.py:190} INFO - [2025-03-18T23:48:17.806+0000] {dag.py:3239} INFO - Sync 1 DAGs
[2025-03-18T23:48:17.821+0000] {logging_mixin.py:190} INFO - [2025-03-18T23:48:17.821+0000] {dag.py:4180} INFO - Setting next_dagrun for example_trigger_controller_dag to 2021-01-01 00:00:00+00:00, run_after=2021-01-01 00:00:00+00:00
[2025-03-18T23:48:17.834+0000] {processor.py:208} INFO - Processing /home/airflow/.local/lib/python3.12/site-packages/airflow/example_dags/example_trigger_controller_dag.py took 0.049 seconds
[2025-03-18T23:48:48.391+0000] {processor.py:186} INFO - Started process (PID=695) to work on /home/airflow/.local/lib/python3.12/site-packages/airflow/example_dags/example_trigger_controller_dag.py
[2025-03-18T23:48:48.391+0000] {processor.py:914} INFO - Processing file /home/airflow/.local/lib/python3.12/site-packages/airflow/example_dags/example_trigger_controller_dag.py for tasks to queue
[2025-03-18T23:48:48.392+0000] {logging_mixin.py:190} INFO - [2025-03-18T23:48:48.392+0000] {dagbag.py:588} INFO - Filling up the DagBag from /home/airflow/.local/lib/python3.12/site-packages/airflow/example_dags/example_trigger_controller_dag.py
[2025-03-18T23:48:48.397+0000] {processor.py:925} INFO - DAG(s) 'example_trigger_controller_dag' retrieved from /home/airflow/.local/lib/python3.12/site-packages/airflow/example_dags/example_trigger_controller_dag.py
[2025-03-18T23:48:48.409+0000] {logging_mixin.py:190} INFO - [2025-03-18T23:48:48.409+0000] {dag.py:3239} INFO - Sync 1 DAGs
[2025-03-18T23:48:48.424+0000] {logging_mixin.py:190} INFO - [2025-03-18T23:48:48.424+0000] {dag.py:4180} INFO - Setting next_dagrun for example_trigger_controller_dag to 2021-01-01 00:00:00+00:00, run_after=2021-01-01 00:00:00+00:00
[2025-03-18T23:48:48.437+0000] {processor.py:208} INFO - Processing /home/airflow/.local/lib/python3.12/site-packages/airflow/example_dags/example_trigger_controller_dag.py took 0.050 seconds
[2025-03-18T23:49:18.566+0000] {processor.py:186} INFO - Started process (PID=758) to work on /home/airflow/.local/lib/python3.12/site-packages/airflow/example_dags/example_trigger_controller_dag.py
[2025-03-18T23:49:18.567+0000] {processor.py:914} INFO - Processing file /home/airflow/.local/lib/python3.12/site-packages/airflow/example_dags/example_trigger_controller_dag.py for tasks to queue
[2025-03-18T23:49:18.569+0000] {logging_mixin.py:190} INFO - [2025-03-18T23:49:18.568+0000] {dagbag.py:588} INFO - Filling up the DagBag from /home/airflow/.local/lib/python3.12/site-packages/airflow/example_dags/example_trigger_controller_dag.py
[2025-03-18T23:49:18.573+0000] {processor.py:925} INFO - DAG(s) 'example_trigger_controller_dag' retrieved from /home/airflow/.local/lib/python3.12/site-packages/airflow/example_dags/example_trigger_controller_dag.py
[2025-03-18T23:49:18.585+0000] {logging_mixin.py:190} INFO - [2025-03-18T23:49:18.585+0000] {dag.py:3239} INFO - Sync 1 DAGs
[2025-03-18T23:49:18.602+0000] {logging_mixin.py:190} INFO - [2025-03-18T23:49:18.602+0000] {dag.py:4180} INFO - Setting next_dagrun for example_trigger_controller_dag to 2021-01-01 00:00:00+00:00, run_after=2021-01-01 00:00:00+00:00
[2025-03-18T23:49:18.615+0000] {processor.py:208} INFO - Processing /home/airflow/.local/lib/python3.12/site-packages/airflow/example_dags/example_trigger_controller_dag.py took 0.052 seconds
[2025-03-18T23:49:48.667+0000] {processor.py:186} INFO - Started process (PID=821) to work on /home/airflow/.local/lib/python3.12/site-packages/airflow/example_dags/example_trigger_controller_dag.py
[2025-03-18T23:49:48.668+0000] {processor.py:914} INFO - Processing file /home/airflow/.local/lib/python3.12/site-packages/airflow/example_dags/example_trigger_controller_dag.py for tasks to queue
[2025-03-18T23:49:48.669+0000] {logging_mixin.py:190} INFO - [2025-03-18T23:49:48.669+0000] {dagbag.py:588} INFO - Filling up the DagBag from /home/airflow/.local/lib/python3.12/site-packages/airflow/example_dags/example_trigger_controller_dag.py
[2025-03-18T23:49:48.673+0000] {processor.py:925} INFO - DAG(s) 'example_trigger_controller_dag' retrieved from /home/airflow/.local/lib/python3.12/site-packages/airflow/example_dags/example_trigger_controller_dag.py
[2025-03-18T23:49:48.685+0000] {logging_mixin.py:190} INFO - [2025-03-18T23:49:48.685+0000] {dag.py:3239} INFO - Sync 1 DAGs
[2025-03-18T23:49:48.701+0000] {logging_mixin.py:190} INFO - [2025-03-18T23:49:48.701+0000] {dag.py:4180} INFO - Setting next_dagrun for example_trigger_controller_dag to 2021-01-01 00:00:00+00:00, run_after=2021-01-01 00:00:00+00:00
[2025-03-18T23:49:48.714+0000] {processor.py:208} INFO - Processing /home/airflow/.local/lib/python3.12/site-packages/airflow/example_dags/example_trigger_controller_dag.py took 0.050 seconds
[2025-03-18T23:50:18.761+0000] {processor.py:186} INFO - Started process (PID=884) to work on /home/airflow/.local/lib/python3.12/site-packages/airflow/example_dags/example_trigger_controller_dag.py
[2025-03-18T23:50:18.762+0000] {processor.py:914} INFO - Processing file /home/airflow/.local/lib/python3.12/site-packages/airflow/example_dags/example_trigger_controller_dag.py for tasks to queue
[2025-03-18T23:50:18.763+0000] {logging_mixin.py:190} INFO - [2025-03-18T23:50:18.763+0000] {dagbag.py:588} INFO - Filling up the DagBag from /home/airflow/.local/lib/python3.12/site-packages/airflow/example_dags/example_trigger_controller_dag.py
[2025-03-18T23:50:18.770+0000] {processor.py:925} INFO - DAG(s) 'example_trigger_controller_dag' retrieved from /home/airflow/.local/lib/python3.12/site-packages/airflow/example_dags/example_trigger_controller_dag.py
[2025-03-18T23:50:18.782+0000] {logging_mixin.py:190} INFO - [2025-03-18T23:50:18.782+0000] {dag.py:3239} INFO - Sync 1 DAGs
[2025-03-18T23:50:18.804+0000] {logging_mixin.py:190} INFO - [2025-03-18T23:50:18.804+0000] {dag.py:4180} INFO - Setting next_dagrun for example_trigger_controller_dag to 2021-01-01 00:00:00+00:00, run_after=2021-01-01 00:00:00+00:00
[2025-03-18T23:50:18.819+0000] {processor.py:208} INFO - Processing /home/airflow/.local/lib/python3.12/site-packages/airflow/example_dags/example_trigger_controller_dag.py took 0.062 seconds
