[2025-03-18T23:43:46.589+0000] {processor.py:186} INFO - Started process (PID=73) to work on /home/airflow/.local/lib/python3.12/site-packages/airflow/example_dags/example_dataset_alias_with_no_taskflow.py
[2025-03-18T23:43:46.590+0000] {processor.py:914} INFO - Processing file /home/airflow/.local/lib/python3.12/site-packages/airflow/example_dags/example_dataset_alias_with_no_taskflow.py for tasks to queue
[2025-03-18T23:43:46.591+0000] {logging_mixin.py:190} INFO - [2025-03-18T23:43:46.591+0000] {dagbag.py:588} INFO - Filling up the DagBag from /home/airflow/.local/lib/python3.12/site-packages/airflow/example_dags/example_dataset_alias_with_no_taskflow.py
[2025-03-18T23:43:47.021+0000] {processor.py:925} INFO - DAG(s) 'dataset_s3_bucket_producer_with_no_taskflow', 'dataset_alias_example_alias_producer_with_no_taskflow', 'dataset_alias_example_alias_consumer_with_no_taskflow', 'dataset_s3_bucket_consumer_with_no_taskflow' retrieved from /home/airflow/.local/lib/python3.12/site-packages/airflow/example_dags/example_dataset_alias_with_no_taskflow.py
[2025-03-18T23:43:47.092+0000] {logging_mixin.py:190} INFO - [2025-03-18T23:43:47.092+0000] {override.py:1912} INFO - Created Permission View: can delete on DAG:dataset_s3_bucket_producer_with_no_taskflow
[2025-03-18T23:43:47.100+0000] {logging_mixin.py:190} INFO - [2025-03-18T23:43:47.100+0000] {override.py:1912} INFO - Created Permission View: can read on DAG:dataset_s3_bucket_producer_with_no_taskflow
[2025-03-18T23:43:47.105+0000] {logging_mixin.py:190} INFO - [2025-03-18T23:43:47.105+0000] {override.py:1912} INFO - Created Permission View: can edit on DAG:dataset_s3_bucket_producer_with_no_taskflow
[2025-03-18T23:43:47.111+0000] {logging_mixin.py:190} INFO - [2025-03-18T23:43:47.111+0000] {override.py:1912} INFO - Created Permission View: can delete on DAG Run:dataset_s3_bucket_producer_with_no_taskflow
[2025-03-18T23:43:47.116+0000] {logging_mixin.py:190} INFO - [2025-03-18T23:43:47.116+0000] {override.py:1912} INFO - Created Permission View: can read on DAG Run:dataset_s3_bucket_producer_with_no_taskflow
[2025-03-18T23:43:47.121+0000] {logging_mixin.py:190} INFO - [2025-03-18T23:43:47.121+0000] {override.py:1912} INFO - Created Permission View: can create on DAG Run:dataset_s3_bucket_producer_with_no_taskflow
[2025-03-18T23:43:47.126+0000] {logging_mixin.py:190} INFO - [2025-03-18T23:43:47.126+0000] {override.py:1912} INFO - Created Permission View: menu access on DAG Run:dataset_s3_bucket_producer_with_no_taskflow
[2025-03-18T23:43:47.137+0000] {logging_mixin.py:190} INFO - [2025-03-18T23:43:47.136+0000] {override.py:1912} INFO - Created Permission View: can delete on DAG:dataset_alias_example_alias_producer_with_no_taskflow
[2025-03-18T23:43:47.143+0000] {logging_mixin.py:190} INFO - [2025-03-18T23:43:47.143+0000] {override.py:1912} INFO - Created Permission View: can read on DAG:dataset_alias_example_alias_producer_with_no_taskflow
[2025-03-18T23:43:47.148+0000] {logging_mixin.py:190} INFO - [2025-03-18T23:43:47.148+0000] {override.py:1912} INFO - Created Permission View: can edit on DAG:dataset_alias_example_alias_producer_with_no_taskflow
[2025-03-18T23:43:47.154+0000] {logging_mixin.py:190} INFO - [2025-03-18T23:43:47.153+0000] {override.py:1912} INFO - Created Permission View: can delete on DAG Run:dataset_alias_example_alias_producer_with_no_taskflow
[2025-03-18T23:43:47.158+0000] {logging_mixin.py:190} INFO - [2025-03-18T23:43:47.158+0000] {override.py:1912} INFO - Created Permission View: can read on DAG Run:dataset_alias_example_alias_producer_with_no_taskflow
[2025-03-18T23:43:47.163+0000] {logging_mixin.py:190} INFO - [2025-03-18T23:43:47.163+0000] {override.py:1912} INFO - Created Permission View: can create on DAG Run:dataset_alias_example_alias_producer_with_no_taskflow
[2025-03-18T23:43:47.168+0000] {logging_mixin.py:190} INFO - [2025-03-18T23:43:47.167+0000] {override.py:1912} INFO - Created Permission View: menu access on DAG Run:dataset_alias_example_alias_producer_with_no_taskflow
[2025-03-18T23:43:47.176+0000] {logging_mixin.py:190} INFO - [2025-03-18T23:43:47.176+0000] {override.py:1912} INFO - Created Permission View: can delete on DAG:dataset_alias_example_alias_consumer_with_no_taskflow
[2025-03-18T23:43:47.182+0000] {logging_mixin.py:190} INFO - [2025-03-18T23:43:47.182+0000] {override.py:1912} INFO - Created Permission View: can read on DAG:dataset_alias_example_alias_consumer_with_no_taskflow
[2025-03-18T23:43:47.188+0000] {logging_mixin.py:190} INFO - [2025-03-18T23:43:47.187+0000] {override.py:1912} INFO - Created Permission View: can edit on DAG:dataset_alias_example_alias_consumer_with_no_taskflow
[2025-03-18T23:43:47.194+0000] {logging_mixin.py:190} INFO - [2025-03-18T23:43:47.194+0000] {override.py:1912} INFO - Created Permission View: can delete on DAG Run:dataset_alias_example_alias_consumer_with_no_taskflow
[2025-03-18T23:43:47.199+0000] {logging_mixin.py:190} INFO - [2025-03-18T23:43:47.199+0000] {override.py:1912} INFO - Created Permission View: can read on DAG Run:dataset_alias_example_alias_consumer_with_no_taskflow
[2025-03-18T23:43:47.203+0000] {logging_mixin.py:190} INFO - [2025-03-18T23:43:47.203+0000] {override.py:1912} INFO - Created Permission View: can create on DAG Run:dataset_alias_example_alias_consumer_with_no_taskflow
[2025-03-18T23:43:47.208+0000] {logging_mixin.py:190} INFO - [2025-03-18T23:43:47.208+0000] {override.py:1912} INFO - Created Permission View: menu access on DAG Run:dataset_alias_example_alias_consumer_with_no_taskflow
[2025-03-18T23:43:47.217+0000] {logging_mixin.py:190} INFO - [2025-03-18T23:43:47.217+0000] {override.py:1912} INFO - Created Permission View: can delete on DAG:dataset_s3_bucket_consumer_with_no_taskflow
[2025-03-18T23:43:47.222+0000] {logging_mixin.py:190} INFO - [2025-03-18T23:43:47.222+0000] {override.py:1912} INFO - Created Permission View: can read on DAG:dataset_s3_bucket_consumer_with_no_taskflow
[2025-03-18T23:43:47.227+0000] {logging_mixin.py:190} INFO - [2025-03-18T23:43:47.227+0000] {override.py:1912} INFO - Created Permission View: can edit on DAG:dataset_s3_bucket_consumer_with_no_taskflow
[2025-03-18T23:43:47.233+0000] {logging_mixin.py:190} INFO - [2025-03-18T23:43:47.232+0000] {override.py:1912} INFO - Created Permission View: can delete on DAG Run:dataset_s3_bucket_consumer_with_no_taskflow
[2025-03-18T23:43:47.237+0000] {logging_mixin.py:190} INFO - [2025-03-18T23:43:47.237+0000] {override.py:1912} INFO - Created Permission View: can read on DAG Run:dataset_s3_bucket_consumer_with_no_taskflow
[2025-03-18T23:43:47.241+0000] {logging_mixin.py:190} INFO - [2025-03-18T23:43:47.241+0000] {override.py:1912} INFO - Created Permission View: can create on DAG Run:dataset_s3_bucket_consumer_with_no_taskflow
[2025-03-18T23:43:47.245+0000] {logging_mixin.py:190} INFO - [2025-03-18T23:43:47.245+0000] {override.py:1912} INFO - Created Permission View: menu access on DAG Run:dataset_s3_bucket_consumer_with_no_taskflow
[2025-03-18T23:43:47.246+0000] {logging_mixin.py:190} INFO - [2025-03-18T23:43:47.245+0000] {dag.py:3239} INFO - Sync 4 DAGs
[2025-03-18T23:43:47.255+0000] {logging_mixin.py:190} INFO - [2025-03-18T23:43:47.255+0000] {dag.py:3262} INFO - Creating ORM DAG for dataset_alias_example_alias_consumer_with_no_taskflow
[2025-03-18T23:43:47.256+0000] {logging_mixin.py:190} INFO - [2025-03-18T23:43:47.256+0000] {dag.py:3262} INFO - Creating ORM DAG for dataset_s3_bucket_producer_with_no_taskflow
[2025-03-18T23:43:47.256+0000] {logging_mixin.py:190} INFO - [2025-03-18T23:43:47.256+0000] {dag.py:3262} INFO - Creating ORM DAG for dataset_s3_bucket_consumer_with_no_taskflow
[2025-03-18T23:43:47.256+0000] {logging_mixin.py:190} INFO - [2025-03-18T23:43:47.256+0000] {dag.py:3262} INFO - Creating ORM DAG for dataset_alias_example_alias_producer_with_no_taskflow
[2025-03-18T23:43:47.263+0000] {logging_mixin.py:190} INFO - [2025-03-18T23:43:47.263+0000] {dag.py:4180} INFO - Setting next_dagrun for dataset_alias_example_alias_consumer_with_no_taskflow to None, run_after=None
[2025-03-18T23:43:47.264+0000] {logging_mixin.py:190} INFO - [2025-03-18T23:43:47.263+0000] {dag.py:4180} INFO - Setting next_dagrun for dataset_alias_example_alias_producer_with_no_taskflow to None, run_after=None
[2025-03-18T23:43:47.264+0000] {logging_mixin.py:190} INFO - [2025-03-18T23:43:47.264+0000] {dag.py:4180} INFO - Setting next_dagrun for dataset_s3_bucket_consumer_with_no_taskflow to None, run_after=None
[2025-03-18T23:43:47.265+0000] {logging_mixin.py:190} INFO - [2025-03-18T23:43:47.264+0000] {dag.py:4180} INFO - Setting next_dagrun for dataset_s3_bucket_producer_with_no_taskflow to None, run_after=None
[2025-03-18T23:43:47.284+0000] {processor.py:208} INFO - Processing /home/airflow/.local/lib/python3.12/site-packages/airflow/example_dags/example_dataset_alias_with_no_taskflow.py took 0.698 seconds
[2025-03-18T23:44:17.330+0000] {processor.py:186} INFO - Started process (PID=136) to work on /home/airflow/.local/lib/python3.12/site-packages/airflow/example_dags/example_dataset_alias_with_no_taskflow.py
[2025-03-18T23:44:17.330+0000] {processor.py:914} INFO - Processing file /home/airflow/.local/lib/python3.12/site-packages/airflow/example_dags/example_dataset_alias_with_no_taskflow.py for tasks to queue
[2025-03-18T23:44:17.332+0000] {logging_mixin.py:190} INFO - [2025-03-18T23:44:17.332+0000] {dagbag.py:588} INFO - Filling up the DagBag from /home/airflow/.local/lib/python3.12/site-packages/airflow/example_dags/example_dataset_alias_with_no_taskflow.py
[2025-03-18T23:44:17.774+0000] {processor.py:925} INFO - DAG(s) 'dataset_s3_bucket_producer_with_no_taskflow', 'dataset_alias_example_alias_producer_with_no_taskflow', 'dataset_s3_bucket_consumer_with_no_taskflow', 'dataset_alias_example_alias_consumer_with_no_taskflow' retrieved from /home/airflow/.local/lib/python3.12/site-packages/airflow/example_dags/example_dataset_alias_with_no_taskflow.py
[2025-03-18T23:44:17.790+0000] {logging_mixin.py:190} INFO - [2025-03-18T23:44:17.790+0000] {dag.py:3239} INFO - Sync 4 DAGs
[2025-03-18T23:44:17.808+0000] {logging_mixin.py:190} INFO - [2025-03-18T23:44:17.807+0000] {dag.py:4180} INFO - Setting next_dagrun for dataset_alias_example_alias_consumer_with_no_taskflow to None, run_after=None
[2025-03-18T23:44:17.810+0000] {logging_mixin.py:190} INFO - [2025-03-18T23:44:17.809+0000] {dag.py:4180} INFO - Setting next_dagrun for dataset_alias_example_alias_producer_with_no_taskflow to None, run_after=None
[2025-03-18T23:44:17.811+0000] {logging_mixin.py:190} INFO - [2025-03-18T23:44:17.810+0000] {dag.py:4180} INFO - Setting next_dagrun for dataset_s3_bucket_consumer_with_no_taskflow to None, run_after=None
[2025-03-18T23:44:17.811+0000] {logging_mixin.py:190} INFO - [2025-03-18T23:44:17.811+0000] {dag.py:4180} INFO - Setting next_dagrun for dataset_s3_bucket_producer_with_no_taskflow to None, run_after=None
[2025-03-18T23:44:17.827+0000] {processor.py:208} INFO - Processing /home/airflow/.local/lib/python3.12/site-packages/airflow/example_dags/example_dataset_alias_with_no_taskflow.py took 0.501 seconds
[2025-03-18T23:44:48.770+0000] {processor.py:186} INFO - Started process (PID=199) to work on /home/airflow/.local/lib/python3.12/site-packages/airflow/example_dags/example_dataset_alias_with_no_taskflow.py
[2025-03-18T23:44:48.772+0000] {processor.py:914} INFO - Processing file /home/airflow/.local/lib/python3.12/site-packages/airflow/example_dags/example_dataset_alias_with_no_taskflow.py for tasks to queue
[2025-03-18T23:44:48.774+0000] {logging_mixin.py:190} INFO - [2025-03-18T23:44:48.774+0000] {dagbag.py:588} INFO - Filling up the DagBag from /home/airflow/.local/lib/python3.12/site-packages/airflow/example_dags/example_dataset_alias_with_no_taskflow.py
[2025-03-18T23:44:49.285+0000] {processor.py:925} INFO - DAG(s) 'dataset_alias_example_alias_producer_with_no_taskflow', 'dataset_s3_bucket_producer_with_no_taskflow', 'dataset_s3_bucket_consumer_with_no_taskflow', 'dataset_alias_example_alias_consumer_with_no_taskflow' retrieved from /home/airflow/.local/lib/python3.12/site-packages/airflow/example_dags/example_dataset_alias_with_no_taskflow.py
[2025-03-18T23:44:49.307+0000] {logging_mixin.py:190} INFO - [2025-03-18T23:44:49.306+0000] {dag.py:3239} INFO - Sync 4 DAGs
[2025-03-18T23:44:49.328+0000] {logging_mixin.py:190} INFO - [2025-03-18T23:44:49.328+0000] {dag.py:4180} INFO - Setting next_dagrun for dataset_alias_example_alias_consumer_with_no_taskflow to None, run_after=None
[2025-03-18T23:44:49.330+0000] {logging_mixin.py:190} INFO - [2025-03-18T23:44:49.330+0000] {dag.py:4180} INFO - Setting next_dagrun for dataset_alias_example_alias_producer_with_no_taskflow to None, run_after=None
[2025-03-18T23:44:49.332+0000] {logging_mixin.py:190} INFO - [2025-03-18T23:44:49.331+0000] {dag.py:4180} INFO - Setting next_dagrun for dataset_s3_bucket_consumer_with_no_taskflow to None, run_after=None
[2025-03-18T23:44:49.333+0000] {logging_mixin.py:190} INFO - [2025-03-18T23:44:49.333+0000] {dag.py:4180} INFO - Setting next_dagrun for dataset_s3_bucket_producer_with_no_taskflow to None, run_after=None
[2025-03-18T23:44:49.352+0000] {processor.py:208} INFO - Processing /home/airflow/.local/lib/python3.12/site-packages/airflow/example_dags/example_dataset_alias_with_no_taskflow.py took 0.586 seconds
[2025-03-18T23:45:19.548+0000] {processor.py:186} INFO - Started process (PID=266) to work on /home/airflow/.local/lib/python3.12/site-packages/airflow/example_dags/example_dataset_alias_with_no_taskflow.py
[2025-03-18T23:45:19.548+0000] {processor.py:914} INFO - Processing file /home/airflow/.local/lib/python3.12/site-packages/airflow/example_dags/example_dataset_alias_with_no_taskflow.py for tasks to queue
[2025-03-18T23:45:19.550+0000] {logging_mixin.py:190} INFO - [2025-03-18T23:45:19.550+0000] {dagbag.py:588} INFO - Filling up the DagBag from /home/airflow/.local/lib/python3.12/site-packages/airflow/example_dags/example_dataset_alias_with_no_taskflow.py
[2025-03-18T23:45:19.976+0000] {processor.py:925} INFO - DAG(s) 'dataset_alias_example_alias_producer_with_no_taskflow', 'dataset_alias_example_alias_consumer_with_no_taskflow', 'dataset_s3_bucket_producer_with_no_taskflow', 'dataset_s3_bucket_consumer_with_no_taskflow' retrieved from /home/airflow/.local/lib/python3.12/site-packages/airflow/example_dags/example_dataset_alias_with_no_taskflow.py
[2025-03-18T23:45:19.990+0000] {logging_mixin.py:190} INFO - [2025-03-18T23:45:19.989+0000] {dag.py:3239} INFO - Sync 4 DAGs
[2025-03-18T23:45:20.006+0000] {logging_mixin.py:190} INFO - [2025-03-18T23:45:20.006+0000] {dag.py:4180} INFO - Setting next_dagrun for dataset_alias_example_alias_consumer_with_no_taskflow to None, run_after=None
[2025-03-18T23:45:20.008+0000] {logging_mixin.py:190} INFO - [2025-03-18T23:45:20.008+0000] {dag.py:4180} INFO - Setting next_dagrun for dataset_alias_example_alias_producer_with_no_taskflow to None, run_after=None
[2025-03-18T23:45:20.009+0000] {logging_mixin.py:190} INFO - [2025-03-18T23:45:20.009+0000] {dag.py:4180} INFO - Setting next_dagrun for dataset_s3_bucket_consumer_with_no_taskflow to None, run_after=None
[2025-03-18T23:45:20.010+0000] {logging_mixin.py:190} INFO - [2025-03-18T23:45:20.009+0000] {dag.py:4180} INFO - Setting next_dagrun for dataset_s3_bucket_producer_with_no_taskflow to None, run_after=None
[2025-03-18T23:45:20.024+0000] {processor.py:208} INFO - Processing /home/airflow/.local/lib/python3.12/site-packages/airflow/example_dags/example_dataset_alias_with_no_taskflow.py took 0.481 seconds
[2025-03-18T23:45:50.948+0000] {processor.py:186} INFO - Started process (PID=334) to work on /home/airflow/.local/lib/python3.12/site-packages/airflow/example_dags/example_dataset_alias_with_no_taskflow.py
[2025-03-18T23:45:50.948+0000] {processor.py:914} INFO - Processing file /home/airflow/.local/lib/python3.12/site-packages/airflow/example_dags/example_dataset_alias_with_no_taskflow.py for tasks to queue
[2025-03-18T23:45:50.949+0000] {logging_mixin.py:190} INFO - [2025-03-18T23:45:50.949+0000] {dagbag.py:588} INFO - Filling up the DagBag from /home/airflow/.local/lib/python3.12/site-packages/airflow/example_dags/example_dataset_alias_with_no_taskflow.py
[2025-03-18T23:45:51.390+0000] {processor.py:925} INFO - DAG(s) 'dataset_s3_bucket_producer_with_no_taskflow', 'dataset_alias_example_alias_consumer_with_no_taskflow', 'dataset_alias_example_alias_producer_with_no_taskflow', 'dataset_s3_bucket_consumer_with_no_taskflow' retrieved from /home/airflow/.local/lib/python3.12/site-packages/airflow/example_dags/example_dataset_alias_with_no_taskflow.py
[2025-03-18T23:45:51.404+0000] {logging_mixin.py:190} INFO - [2025-03-18T23:45:51.403+0000] {dag.py:3239} INFO - Sync 4 DAGs
[2025-03-18T23:45:51.419+0000] {logging_mixin.py:190} INFO - [2025-03-18T23:45:51.419+0000] {dag.py:4180} INFO - Setting next_dagrun for dataset_alias_example_alias_consumer_with_no_taskflow to None, run_after=None
[2025-03-18T23:45:51.421+0000] {logging_mixin.py:190} INFO - [2025-03-18T23:45:51.421+0000] {dag.py:4180} INFO - Setting next_dagrun for dataset_alias_example_alias_producer_with_no_taskflow to None, run_after=None
[2025-03-18T23:45:51.422+0000] {logging_mixin.py:190} INFO - [2025-03-18T23:45:51.422+0000] {dag.py:4180} INFO - Setting next_dagrun for dataset_s3_bucket_consumer_with_no_taskflow to None, run_after=None
[2025-03-18T23:45:51.423+0000] {logging_mixin.py:190} INFO - [2025-03-18T23:45:51.423+0000] {dag.py:4180} INFO - Setting next_dagrun for dataset_s3_bucket_producer_with_no_taskflow to None, run_after=None
[2025-03-18T23:45:51.436+0000] {processor.py:208} INFO - Processing /home/airflow/.local/lib/python3.12/site-packages/airflow/example_dags/example_dataset_alias_with_no_taskflow.py took 0.492 seconds
[2025-03-18T23:46:22.304+0000] {processor.py:186} INFO - Started process (PID=400) to work on /home/airflow/.local/lib/python3.12/site-packages/airflow/example_dags/example_dataset_alias_with_no_taskflow.py
[2025-03-18T23:46:22.304+0000] {processor.py:914} INFO - Processing file /home/airflow/.local/lib/python3.12/site-packages/airflow/example_dags/example_dataset_alias_with_no_taskflow.py for tasks to queue
[2025-03-18T23:46:22.306+0000] {logging_mixin.py:190} INFO - [2025-03-18T23:46:22.305+0000] {dagbag.py:588} INFO - Filling up the DagBag from /home/airflow/.local/lib/python3.12/site-packages/airflow/example_dags/example_dataset_alias_with_no_taskflow.py
[2025-03-18T23:46:22.725+0000] {processor.py:925} INFO - DAG(s) 'dataset_s3_bucket_producer_with_no_taskflow', 'dataset_s3_bucket_consumer_with_no_taskflow', 'dataset_alias_example_alias_consumer_with_no_taskflow', 'dataset_alias_example_alias_producer_with_no_taskflow' retrieved from /home/airflow/.local/lib/python3.12/site-packages/airflow/example_dags/example_dataset_alias_with_no_taskflow.py
[2025-03-18T23:46:22.741+0000] {logging_mixin.py:190} INFO - [2025-03-18T23:46:22.740+0000] {dag.py:3239} INFO - Sync 4 DAGs
[2025-03-18T23:46:22.758+0000] {logging_mixin.py:190} INFO - [2025-03-18T23:46:22.757+0000] {dag.py:4180} INFO - Setting next_dagrun for dataset_alias_example_alias_consumer_with_no_taskflow to None, run_after=None
[2025-03-18T23:46:22.759+0000] {logging_mixin.py:190} INFO - [2025-03-18T23:46:22.759+0000] {dag.py:4180} INFO - Setting next_dagrun for dataset_alias_example_alias_producer_with_no_taskflow to None, run_after=None
[2025-03-18T23:46:22.760+0000] {logging_mixin.py:190} INFO - [2025-03-18T23:46:22.760+0000] {dag.py:4180} INFO - Setting next_dagrun for dataset_s3_bucket_consumer_with_no_taskflow to None, run_after=None
[2025-03-18T23:46:22.761+0000] {logging_mixin.py:190} INFO - [2025-03-18T23:46:22.761+0000] {dag.py:4180} INFO - Setting next_dagrun for dataset_s3_bucket_producer_with_no_taskflow to None, run_after=None
[2025-03-18T23:46:22.776+0000] {processor.py:208} INFO - Processing /home/airflow/.local/lib/python3.12/site-packages/airflow/example_dags/example_dataset_alias_with_no_taskflow.py took 0.476 seconds
[2025-03-18T23:46:53.486+0000] {processor.py:186} INFO - Started process (PID=463) to work on /home/airflow/.local/lib/python3.12/site-packages/airflow/example_dags/example_dataset_alias_with_no_taskflow.py
[2025-03-18T23:46:53.487+0000] {processor.py:914} INFO - Processing file /home/airflow/.local/lib/python3.12/site-packages/airflow/example_dags/example_dataset_alias_with_no_taskflow.py for tasks to queue
[2025-03-18T23:46:53.489+0000] {logging_mixin.py:190} INFO - [2025-03-18T23:46:53.488+0000] {dagbag.py:588} INFO - Filling up the DagBag from /home/airflow/.local/lib/python3.12/site-packages/airflow/example_dags/example_dataset_alias_with_no_taskflow.py
[2025-03-18T23:46:53.962+0000] {processor.py:925} INFO - DAG(s) 'dataset_alias_example_alias_consumer_with_no_taskflow', 'dataset_alias_example_alias_producer_with_no_taskflow', 'dataset_s3_bucket_consumer_with_no_taskflow', 'dataset_s3_bucket_producer_with_no_taskflow' retrieved from /home/airflow/.local/lib/python3.12/site-packages/airflow/example_dags/example_dataset_alias_with_no_taskflow.py
[2025-03-18T23:46:53.979+0000] {logging_mixin.py:190} INFO - [2025-03-18T23:46:53.978+0000] {dag.py:3239} INFO - Sync 4 DAGs
[2025-03-18T23:46:53.999+0000] {logging_mixin.py:190} INFO - [2025-03-18T23:46:53.999+0000] {dag.py:4180} INFO - Setting next_dagrun for dataset_alias_example_alias_consumer_with_no_taskflow to None, run_after=None
[2025-03-18T23:46:54.001+0000] {logging_mixin.py:190} INFO - [2025-03-18T23:46:54.001+0000] {dag.py:4180} INFO - Setting next_dagrun for dataset_alias_example_alias_producer_with_no_taskflow to None, run_after=None
[2025-03-18T23:46:54.002+0000] {logging_mixin.py:190} INFO - [2025-03-18T23:46:54.002+0000] {dag.py:4180} INFO - Setting next_dagrun for dataset_s3_bucket_consumer_with_no_taskflow to None, run_after=None
[2025-03-18T23:46:54.003+0000] {logging_mixin.py:190} INFO - [2025-03-18T23:46:54.003+0000] {dag.py:4180} INFO - Setting next_dagrun for dataset_s3_bucket_producer_with_no_taskflow to None, run_after=None
[2025-03-18T23:46:54.020+0000] {processor.py:208} INFO - Processing /home/airflow/.local/lib/python3.12/site-packages/airflow/example_dags/example_dataset_alias_with_no_taskflow.py took 0.540 seconds
[2025-03-18T23:47:24.101+0000] {processor.py:186} INFO - Started process (PID=521) to work on /home/airflow/.local/lib/python3.12/site-packages/airflow/example_dags/example_dataset_alias_with_no_taskflow.py
[2025-03-18T23:47:24.101+0000] {processor.py:914} INFO - Processing file /home/airflow/.local/lib/python3.12/site-packages/airflow/example_dags/example_dataset_alias_with_no_taskflow.py for tasks to queue
[2025-03-18T23:47:24.103+0000] {logging_mixin.py:190} INFO - [2025-03-18T23:47:24.102+0000] {dagbag.py:588} INFO - Filling up the DagBag from /home/airflow/.local/lib/python3.12/site-packages/airflow/example_dags/example_dataset_alias_with_no_taskflow.py
[2025-03-18T23:47:24.540+0000] {processor.py:925} INFO - DAG(s) 'dataset_alias_example_alias_producer_with_no_taskflow', 'dataset_s3_bucket_consumer_with_no_taskflow', 'dataset_s3_bucket_producer_with_no_taskflow', 'dataset_alias_example_alias_consumer_with_no_taskflow' retrieved from /home/airflow/.local/lib/python3.12/site-packages/airflow/example_dags/example_dataset_alias_with_no_taskflow.py
[2025-03-18T23:47:24.557+0000] {logging_mixin.py:190} INFO - [2025-03-18T23:47:24.557+0000] {dag.py:3239} INFO - Sync 4 DAGs
[2025-03-18T23:47:24.575+0000] {logging_mixin.py:190} INFO - [2025-03-18T23:47:24.575+0000] {dag.py:4180} INFO - Setting next_dagrun for dataset_alias_example_alias_consumer_with_no_taskflow to None, run_after=None
[2025-03-18T23:47:24.577+0000] {logging_mixin.py:190} INFO - [2025-03-18T23:47:24.577+0000] {dag.py:4180} INFO - Setting next_dagrun for dataset_alias_example_alias_producer_with_no_taskflow to None, run_after=None
[2025-03-18T23:47:24.578+0000] {logging_mixin.py:190} INFO - [2025-03-18T23:47:24.578+0000] {dag.py:4180} INFO - Setting next_dagrun for dataset_s3_bucket_consumer_with_no_taskflow to None, run_after=None
[2025-03-18T23:47:24.578+0000] {logging_mixin.py:190} INFO - [2025-03-18T23:47:24.578+0000] {dag.py:4180} INFO - Setting next_dagrun for dataset_s3_bucket_producer_with_no_taskflow to None, run_after=None
[2025-03-18T23:47:24.595+0000] {processor.py:208} INFO - Processing /home/airflow/.local/lib/python3.12/site-packages/airflow/example_dags/example_dataset_alias_with_no_taskflow.py took 0.497 seconds
[2025-03-18T23:47:54.794+0000] {processor.py:186} INFO - Started process (PID=589) to work on /home/airflow/.local/lib/python3.12/site-packages/airflow/example_dags/example_dataset_alias_with_no_taskflow.py
[2025-03-18T23:47:54.794+0000] {processor.py:914} INFO - Processing file /home/airflow/.local/lib/python3.12/site-packages/airflow/example_dags/example_dataset_alias_with_no_taskflow.py for tasks to queue
[2025-03-18T23:47:54.796+0000] {logging_mixin.py:190} INFO - [2025-03-18T23:47:54.795+0000] {dagbag.py:588} INFO - Filling up the DagBag from /home/airflow/.local/lib/python3.12/site-packages/airflow/example_dags/example_dataset_alias_with_no_taskflow.py
[2025-03-18T23:47:55.234+0000] {processor.py:925} INFO - DAG(s) 'dataset_s3_bucket_consumer_with_no_taskflow', 'dataset_alias_example_alias_producer_with_no_taskflow', 'dataset_s3_bucket_producer_with_no_taskflow', 'dataset_alias_example_alias_consumer_with_no_taskflow' retrieved from /home/airflow/.local/lib/python3.12/site-packages/airflow/example_dags/example_dataset_alias_with_no_taskflow.py
[2025-03-18T23:47:55.250+0000] {logging_mixin.py:190} INFO - [2025-03-18T23:47:55.249+0000] {dag.py:3239} INFO - Sync 4 DAGs
[2025-03-18T23:47:55.267+0000] {logging_mixin.py:190} INFO - [2025-03-18T23:47:55.266+0000] {dag.py:4180} INFO - Setting next_dagrun for dataset_alias_example_alias_consumer_with_no_taskflow to None, run_after=None
[2025-03-18T23:47:55.269+0000] {logging_mixin.py:190} INFO - [2025-03-18T23:47:55.268+0000] {dag.py:4180} INFO - Setting next_dagrun for dataset_alias_example_alias_producer_with_no_taskflow to None, run_after=None
[2025-03-18T23:47:55.269+0000] {logging_mixin.py:190} INFO - [2025-03-18T23:47:55.269+0000] {dag.py:4180} INFO - Setting next_dagrun for dataset_s3_bucket_consumer_with_no_taskflow to None, run_after=None
[2025-03-18T23:47:55.270+0000] {logging_mixin.py:190} INFO - [2025-03-18T23:47:55.270+0000] {dag.py:4180} INFO - Setting next_dagrun for dataset_s3_bucket_producer_with_no_taskflow to None, run_after=None
[2025-03-18T23:47:55.286+0000] {processor.py:208} INFO - Processing /home/airflow/.local/lib/python3.12/site-packages/airflow/example_dags/example_dataset_alias_with_no_taskflow.py took 0.496 seconds
[2025-03-18T23:48:25.536+0000] {processor.py:186} INFO - Started process (PID=657) to work on /home/airflow/.local/lib/python3.12/site-packages/airflow/example_dags/example_dataset_alias_with_no_taskflow.py
[2025-03-18T23:48:25.536+0000] {processor.py:914} INFO - Processing file /home/airflow/.local/lib/python3.12/site-packages/airflow/example_dags/example_dataset_alias_with_no_taskflow.py for tasks to queue
[2025-03-18T23:48:25.538+0000] {logging_mixin.py:190} INFO - [2025-03-18T23:48:25.537+0000] {dagbag.py:588} INFO - Filling up the DagBag from /home/airflow/.local/lib/python3.12/site-packages/airflow/example_dags/example_dataset_alias_with_no_taskflow.py
[2025-03-18T23:48:25.934+0000] {processor.py:925} INFO - DAG(s) 'dataset_s3_bucket_producer_with_no_taskflow', 'dataset_alias_example_alias_consumer_with_no_taskflow', 'dataset_alias_example_alias_producer_with_no_taskflow', 'dataset_s3_bucket_consumer_with_no_taskflow' retrieved from /home/airflow/.local/lib/python3.12/site-packages/airflow/example_dags/example_dataset_alias_with_no_taskflow.py
[2025-03-18T23:48:25.948+0000] {logging_mixin.py:190} INFO - [2025-03-18T23:48:25.948+0000] {dag.py:3239} INFO - Sync 4 DAGs
[2025-03-18T23:48:25.964+0000] {logging_mixin.py:190} INFO - [2025-03-18T23:48:25.963+0000] {dag.py:4180} INFO - Setting next_dagrun for dataset_alias_example_alias_consumer_with_no_taskflow to None, run_after=None
[2025-03-18T23:48:25.965+0000] {logging_mixin.py:190} INFO - [2025-03-18T23:48:25.965+0000] {dag.py:4180} INFO - Setting next_dagrun for dataset_alias_example_alias_producer_with_no_taskflow to None, run_after=None
[2025-03-18T23:48:25.966+0000] {logging_mixin.py:190} INFO - [2025-03-18T23:48:25.966+0000] {dag.py:4180} INFO - Setting next_dagrun for dataset_s3_bucket_consumer_with_no_taskflow to None, run_after=None
[2025-03-18T23:48:25.967+0000] {logging_mixin.py:190} INFO - [2025-03-18T23:48:25.967+0000] {dag.py:4180} INFO - Setting next_dagrun for dataset_s3_bucket_producer_with_no_taskflow to None, run_after=None
[2025-03-18T23:48:25.982+0000] {processor.py:208} INFO - Processing /home/airflow/.local/lib/python3.12/site-packages/airflow/example_dags/example_dataset_alias_with_no_taskflow.py took 0.450 seconds
[2025-03-18T23:48:56.894+0000] {processor.py:186} INFO - Started process (PID=722) to work on /home/airflow/.local/lib/python3.12/site-packages/airflow/example_dags/example_dataset_alias_with_no_taskflow.py
[2025-03-18T23:48:56.895+0000] {processor.py:914} INFO - Processing file /home/airflow/.local/lib/python3.12/site-packages/airflow/example_dags/example_dataset_alias_with_no_taskflow.py for tasks to queue
[2025-03-18T23:48:56.896+0000] {logging_mixin.py:190} INFO - [2025-03-18T23:48:56.896+0000] {dagbag.py:588} INFO - Filling up the DagBag from /home/airflow/.local/lib/python3.12/site-packages/airflow/example_dags/example_dataset_alias_with_no_taskflow.py
[2025-03-18T23:48:57.306+0000] {processor.py:925} INFO - DAG(s) 'dataset_s3_bucket_consumer_with_no_taskflow', 'dataset_s3_bucket_producer_with_no_taskflow', 'dataset_alias_example_alias_producer_with_no_taskflow', 'dataset_alias_example_alias_consumer_with_no_taskflow' retrieved from /home/airflow/.local/lib/python3.12/site-packages/airflow/example_dags/example_dataset_alias_with_no_taskflow.py
[2025-03-18T23:48:57.320+0000] {logging_mixin.py:190} INFO - [2025-03-18T23:48:57.320+0000] {dag.py:3239} INFO - Sync 4 DAGs
[2025-03-18T23:48:57.336+0000] {logging_mixin.py:190} INFO - [2025-03-18T23:48:57.336+0000] {dag.py:4180} INFO - Setting next_dagrun for dataset_alias_example_alias_consumer_with_no_taskflow to None, run_after=None
[2025-03-18T23:48:57.338+0000] {logging_mixin.py:190} INFO - [2025-03-18T23:48:57.337+0000] {dag.py:4180} INFO - Setting next_dagrun for dataset_alias_example_alias_producer_with_no_taskflow to None, run_after=None
[2025-03-18T23:48:57.340+0000] {logging_mixin.py:190} INFO - [2025-03-18T23:48:57.339+0000] {dag.py:4180} INFO - Setting next_dagrun for dataset_s3_bucket_consumer_with_no_taskflow to None, run_after=None
[2025-03-18T23:48:57.340+0000] {logging_mixin.py:190} INFO - [2025-03-18T23:48:57.340+0000] {dag.py:4180} INFO - Setting next_dagrun for dataset_s3_bucket_producer_with_no_taskflow to None, run_after=None
[2025-03-18T23:48:57.357+0000] {processor.py:208} INFO - Processing /home/airflow/.local/lib/python3.12/site-packages/airflow/example_dags/example_dataset_alias_with_no_taskflow.py took 0.466 seconds
[2025-03-18T23:49:27.878+0000] {processor.py:186} INFO - Started process (PID=785) to work on /home/airflow/.local/lib/python3.12/site-packages/airflow/example_dags/example_dataset_alias_with_no_taskflow.py
[2025-03-18T23:49:27.878+0000] {processor.py:914} INFO - Processing file /home/airflow/.local/lib/python3.12/site-packages/airflow/example_dags/example_dataset_alias_with_no_taskflow.py for tasks to queue
[2025-03-18T23:49:27.879+0000] {logging_mixin.py:190} INFO - [2025-03-18T23:49:27.879+0000] {dagbag.py:588} INFO - Filling up the DagBag from /home/airflow/.local/lib/python3.12/site-packages/airflow/example_dags/example_dataset_alias_with_no_taskflow.py
[2025-03-18T23:49:28.264+0000] {processor.py:925} INFO - DAG(s) 'dataset_alias_example_alias_consumer_with_no_taskflow', 'dataset_alias_example_alias_producer_with_no_taskflow', 'dataset_s3_bucket_consumer_with_no_taskflow', 'dataset_s3_bucket_producer_with_no_taskflow' retrieved from /home/airflow/.local/lib/python3.12/site-packages/airflow/example_dags/example_dataset_alias_with_no_taskflow.py
[2025-03-18T23:49:28.277+0000] {logging_mixin.py:190} INFO - [2025-03-18T23:49:28.277+0000] {dag.py:3239} INFO - Sync 4 DAGs
[2025-03-18T23:49:28.293+0000] {logging_mixin.py:190} INFO - [2025-03-18T23:49:28.293+0000] {dag.py:4180} INFO - Setting next_dagrun for dataset_alias_example_alias_consumer_with_no_taskflow to None, run_after=None
[2025-03-18T23:49:28.295+0000] {logging_mixin.py:190} INFO - [2025-03-18T23:49:28.295+0000] {dag.py:4180} INFO - Setting next_dagrun for dataset_alias_example_alias_producer_with_no_taskflow to None, run_after=None
[2025-03-18T23:49:28.296+0000] {logging_mixin.py:190} INFO - [2025-03-18T23:49:28.296+0000] {dag.py:4180} INFO - Setting next_dagrun for dataset_s3_bucket_consumer_with_no_taskflow to None, run_after=None
[2025-03-18T23:49:28.297+0000] {logging_mixin.py:190} INFO - [2025-03-18T23:49:28.297+0000] {dag.py:4180} INFO - Setting next_dagrun for dataset_s3_bucket_producer_with_no_taskflow to None, run_after=None
[2025-03-18T23:49:28.311+0000] {processor.py:208} INFO - Processing /home/airflow/.local/lib/python3.12/site-packages/airflow/example_dags/example_dataset_alias_with_no_taskflow.py took 0.437 seconds
[2025-03-18T23:49:58.908+0000] {processor.py:186} INFO - Started process (PID=848) to work on /home/airflow/.local/lib/python3.12/site-packages/airflow/example_dags/example_dataset_alias_with_no_taskflow.py
[2025-03-18T23:49:58.909+0000] {processor.py:914} INFO - Processing file /home/airflow/.local/lib/python3.12/site-packages/airflow/example_dags/example_dataset_alias_with_no_taskflow.py for tasks to queue
[2025-03-18T23:49:58.910+0000] {logging_mixin.py:190} INFO - [2025-03-18T23:49:58.910+0000] {dagbag.py:588} INFO - Filling up the DagBag from /home/airflow/.local/lib/python3.12/site-packages/airflow/example_dags/example_dataset_alias_with_no_taskflow.py
[2025-03-18T23:49:59.303+0000] {processor.py:925} INFO - DAG(s) 'dataset_alias_example_alias_producer_with_no_taskflow', 'dataset_alias_example_alias_consumer_with_no_taskflow', 'dataset_s3_bucket_consumer_with_no_taskflow', 'dataset_s3_bucket_producer_with_no_taskflow' retrieved from /home/airflow/.local/lib/python3.12/site-packages/airflow/example_dags/example_dataset_alias_with_no_taskflow.py
[2025-03-18T23:49:59.321+0000] {logging_mixin.py:190} INFO - [2025-03-18T23:49:59.321+0000] {dag.py:3239} INFO - Sync 4 DAGs
[2025-03-18T23:49:59.337+0000] {logging_mixin.py:190} INFO - [2025-03-18T23:49:59.337+0000] {dag.py:4180} INFO - Setting next_dagrun for dataset_alias_example_alias_consumer_with_no_taskflow to None, run_after=None
[2025-03-18T23:49:59.339+0000] {logging_mixin.py:190} INFO - [2025-03-18T23:49:59.339+0000] {dag.py:4180} INFO - Setting next_dagrun for dataset_alias_example_alias_producer_with_no_taskflow to None, run_after=None
[2025-03-18T23:49:59.340+0000] {logging_mixin.py:190} INFO - [2025-03-18T23:49:59.340+0000] {dag.py:4180} INFO - Setting next_dagrun for dataset_s3_bucket_consumer_with_no_taskflow to None, run_after=None
[2025-03-18T23:49:59.341+0000] {logging_mixin.py:190} INFO - [2025-03-18T23:49:59.341+0000] {dag.py:4180} INFO - Setting next_dagrun for dataset_s3_bucket_producer_with_no_taskflow to None, run_after=None
[2025-03-18T23:49:59.355+0000] {processor.py:208} INFO - Processing /home/airflow/.local/lib/python3.12/site-packages/airflow/example_dags/example_dataset_alias_with_no_taskflow.py took 0.450 seconds
