[2025-03-18T23:43:45.940+0000] {processor.py:186} INFO - Started process (PID=69) to work on /home/airflow/.local/lib/python3.12/site-packages/airflow/example_dags/example_dag_decorator.py
[2025-03-18T23:43:45.940+0000] {processor.py:914} INFO - Processing file /home/airflow/.local/lib/python3.12/site-packages/airflow/example_dags/example_dag_decorator.py for tasks to queue
[2025-03-18T23:43:45.942+0000] {logging_mixin.py:190} INFO - [2025-03-18T23:43:45.942+0000] {dagbag.py:588} INFO - Filling up the DagBag from /home/airflow/.local/lib/python3.12/site-packages/airflow/example_dags/example_dag_decorator.py
[2025-03-18T23:43:46.295+0000] {processor.py:925} INFO - DAG(s) 'example_dag_decorator' retrieved from /home/airflow/.local/lib/python3.12/site-packages/airflow/example_dags/example_dag_decorator.py
[2025-03-18T23:43:46.374+0000] {logging_mixin.py:190} INFO - [2025-03-18T23:43:46.373+0000] {override.py:1912} INFO - Created Permission View: can delete on DAG:example_dag_decorator
[2025-03-18T23:43:46.381+0000] {logging_mixin.py:190} INFO - [2025-03-18T23:43:46.381+0000] {override.py:1912} INFO - Created Permission View: can read on DAG:example_dag_decorator
[2025-03-18T23:43:46.386+0000] {logging_mixin.py:190} INFO - [2025-03-18T23:43:46.385+0000] {override.py:1912} INFO - Created Permission View: can edit on DAG:example_dag_decorator
[2025-03-18T23:43:46.391+0000] {logging_mixin.py:190} INFO - [2025-03-18T23:43:46.391+0000] {override.py:1912} INFO - Created Permission View: can delete on DAG Run:example_dag_decorator
[2025-03-18T23:43:46.395+0000] {logging_mixin.py:190} INFO - [2025-03-18T23:43:46.395+0000] {override.py:1912} INFO - Created Permission View: can read on DAG Run:example_dag_decorator
[2025-03-18T23:43:46.399+0000] {logging_mixin.py:190} INFO - [2025-03-18T23:43:46.399+0000] {override.py:1912} INFO - Created Permission View: can create on DAG Run:example_dag_decorator
[2025-03-18T23:43:46.403+0000] {logging_mixin.py:190} INFO - [2025-03-18T23:43:46.403+0000] {override.py:1912} INFO - Created Permission View: menu access on DAG Run:example_dag_decorator
[2025-03-18T23:43:46.404+0000] {logging_mixin.py:190} INFO - [2025-03-18T23:43:46.404+0000] {dag.py:3239} INFO - Sync 1 DAGs
[2025-03-18T23:43:46.412+0000] {logging_mixin.py:190} INFO - [2025-03-18T23:43:46.412+0000] {dag.py:3262} INFO - Creating ORM DAG for example_dag_decorator
[2025-03-18T23:43:46.413+0000] {logging_mixin.py:190} INFO - [2025-03-18T23:43:46.412+0000] {dag.py:4180} INFO - Setting next_dagrun for example_dag_decorator to None, run_after=None
[2025-03-18T23:43:46.423+0000] {processor.py:208} INFO - Processing /home/airflow/.local/lib/python3.12/site-packages/airflow/example_dags/example_dag_decorator.py took 0.487 seconds
[2025-03-18T23:44:17.134+0000] {processor.py:186} INFO - Started process (PID=132) to work on /home/airflow/.local/lib/python3.12/site-packages/airflow/example_dags/example_dag_decorator.py
[2025-03-18T23:44:17.134+0000] {processor.py:914} INFO - Processing file /home/airflow/.local/lib/python3.12/site-packages/airflow/example_dags/example_dag_decorator.py for tasks to queue
[2025-03-18T23:44:17.135+0000] {logging_mixin.py:190} INFO - [2025-03-18T23:44:17.135+0000] {dagbag.py:588} INFO - Filling up the DagBag from /home/airflow/.local/lib/python3.12/site-packages/airflow/example_dags/example_dag_decorator.py
[2025-03-18T23:44:17.209+0000] {processor.py:925} INFO - DAG(s) 'example_dag_decorator' retrieved from /home/airflow/.local/lib/python3.12/site-packages/airflow/example_dags/example_dag_decorator.py
[2025-03-18T23:44:17.289+0000] {logging_mixin.py:190} INFO - [2025-03-18T23:44:17.288+0000] {dag.py:3239} INFO - Sync 1 DAGs
[2025-03-18T23:44:17.298+0000] {logging_mixin.py:190} INFO - [2025-03-18T23:44:17.297+0000] {dag.py:4180} INFO - Setting next_dagrun for example_dag_decorator to None, run_after=None
[2025-03-18T23:44:17.311+0000] {processor.py:208} INFO - Processing /home/airflow/.local/lib/python3.12/site-packages/airflow/example_dags/example_dag_decorator.py took 0.181 seconds
[2025-03-18T23:44:48.428+0000] {processor.py:186} INFO - Started process (PID=195) to work on /home/airflow/.local/lib/python3.12/site-packages/airflow/example_dags/example_dag_decorator.py
[2025-03-18T23:44:48.429+0000] {processor.py:914} INFO - Processing file /home/airflow/.local/lib/python3.12/site-packages/airflow/example_dags/example_dag_decorator.py for tasks to queue
[2025-03-18T23:44:48.430+0000] {logging_mixin.py:190} INFO - [2025-03-18T23:44:48.430+0000] {dagbag.py:588} INFO - Filling up the DagBag from /home/airflow/.local/lib/python3.12/site-packages/airflow/example_dags/example_dag_decorator.py
[2025-03-18T23:44:48.516+0000] {processor.py:925} INFO - DAG(s) 'example_dag_decorator' retrieved from /home/airflow/.local/lib/python3.12/site-packages/airflow/example_dags/example_dag_decorator.py
[2025-03-18T23:44:48.614+0000] {logging_mixin.py:190} INFO - [2025-03-18T23:44:48.614+0000] {dag.py:3239} INFO - Sync 1 DAGs
[2025-03-18T23:44:48.625+0000] {logging_mixin.py:190} INFO - [2025-03-18T23:44:48.625+0000] {dag.py:4180} INFO - Setting next_dagrun for example_dag_decorator to None, run_after=None
[2025-03-18T23:44:48.641+0000] {processor.py:208} INFO - Processing /home/airflow/.local/lib/python3.12/site-packages/airflow/example_dags/example_dag_decorator.py took 0.217 seconds
[2025-03-18T23:45:19.206+0000] {processor.py:186} INFO - Started process (PID=259) to work on /home/airflow/.local/lib/python3.12/site-packages/airflow/example_dags/example_dag_decorator.py
[2025-03-18T23:45:19.206+0000] {processor.py:914} INFO - Processing file /home/airflow/.local/lib/python3.12/site-packages/airflow/example_dags/example_dag_decorator.py for tasks to queue
[2025-03-18T23:45:19.207+0000] {logging_mixin.py:190} INFO - [2025-03-18T23:45:19.207+0000] {dagbag.py:588} INFO - Filling up the DagBag from /home/airflow/.local/lib/python3.12/site-packages/airflow/example_dags/example_dag_decorator.py
[2025-03-18T23:45:19.283+0000] {processor.py:925} INFO - DAG(s) 'example_dag_decorator' retrieved from /home/airflow/.local/lib/python3.12/site-packages/airflow/example_dags/example_dag_decorator.py
[2025-03-18T23:45:19.367+0000] {logging_mixin.py:190} INFO - [2025-03-18T23:45:19.367+0000] {dag.py:3239} INFO - Sync 1 DAGs
[2025-03-18T23:45:19.376+0000] {logging_mixin.py:190} INFO - [2025-03-18T23:45:19.376+0000] {dag.py:4180} INFO - Setting next_dagrun for example_dag_decorator to None, run_after=None
[2025-03-18T23:45:19.390+0000] {processor.py:208} INFO - Processing /home/airflow/.local/lib/python3.12/site-packages/airflow/example_dags/example_dag_decorator.py took 0.188 seconds
[2025-03-18T23:45:50.394+0000] {processor.py:186} INFO - Started process (PID=321) to work on /home/airflow/.local/lib/python3.12/site-packages/airflow/example_dags/example_dag_decorator.py
[2025-03-18T23:45:50.395+0000] {processor.py:914} INFO - Processing file /home/airflow/.local/lib/python3.12/site-packages/airflow/example_dags/example_dag_decorator.py for tasks to queue
[2025-03-18T23:45:50.396+0000] {logging_mixin.py:190} INFO - [2025-03-18T23:45:50.396+0000] {dagbag.py:588} INFO - Filling up the DagBag from /home/airflow/.local/lib/python3.12/site-packages/airflow/example_dags/example_dag_decorator.py
[2025-03-18T23:45:50.474+0000] {processor.py:925} INFO - DAG(s) 'example_dag_decorator' retrieved from /home/airflow/.local/lib/python3.12/site-packages/airflow/example_dags/example_dag_decorator.py
[2025-03-18T23:45:50.560+0000] {logging_mixin.py:190} INFO - [2025-03-18T23:45:50.560+0000] {dag.py:3239} INFO - Sync 1 DAGs
[2025-03-18T23:45:50.572+0000] {logging_mixin.py:190} INFO - [2025-03-18T23:45:50.572+0000] {dag.py:4180} INFO - Setting next_dagrun for example_dag_decorator to None, run_after=None
[2025-03-18T23:45:50.589+0000] {processor.py:208} INFO - Processing /home/airflow/.local/lib/python3.12/site-packages/airflow/example_dags/example_dag_decorator.py took 0.199 seconds
[2025-03-18T23:46:21.689+0000] {processor.py:186} INFO - Started process (PID=384) to work on /home/airflow/.local/lib/python3.12/site-packages/airflow/example_dags/example_dag_decorator.py
[2025-03-18T23:46:21.689+0000] {processor.py:914} INFO - Processing file /home/airflow/.local/lib/python3.12/site-packages/airflow/example_dags/example_dag_decorator.py for tasks to queue
[2025-03-18T23:46:21.690+0000] {logging_mixin.py:190} INFO - [2025-03-18T23:46:21.690+0000] {dagbag.py:588} INFO - Filling up the DagBag from /home/airflow/.local/lib/python3.12/site-packages/airflow/example_dags/example_dag_decorator.py
[2025-03-18T23:46:21.762+0000] {processor.py:925} INFO - DAG(s) 'example_dag_decorator' retrieved from /home/airflow/.local/lib/python3.12/site-packages/airflow/example_dags/example_dag_decorator.py
[2025-03-18T23:46:21.841+0000] {logging_mixin.py:190} INFO - [2025-03-18T23:46:21.841+0000] {dag.py:3239} INFO - Sync 1 DAGs
[2025-03-18T23:46:21.849+0000] {logging_mixin.py:190} INFO - [2025-03-18T23:46:21.849+0000] {dag.py:4180} INFO - Setting next_dagrun for example_dag_decorator to None, run_after=None
[2025-03-18T23:46:21.862+0000] {processor.py:208} INFO - Processing /home/airflow/.local/lib/python3.12/site-packages/airflow/example_dags/example_dag_decorator.py took 0.177 seconds
[2025-03-18T23:46:52.858+0000] {processor.py:186} INFO - Started process (PID=447) to work on /home/airflow/.local/lib/python3.12/site-packages/airflow/example_dags/example_dag_decorator.py
[2025-03-18T23:46:52.859+0000] {processor.py:914} INFO - Processing file /home/airflow/.local/lib/python3.12/site-packages/airflow/example_dags/example_dag_decorator.py for tasks to queue
[2025-03-18T23:46:52.860+0000] {logging_mixin.py:190} INFO - [2025-03-18T23:46:52.860+0000] {dagbag.py:588} INFO - Filling up the DagBag from /home/airflow/.local/lib/python3.12/site-packages/airflow/example_dags/example_dag_decorator.py
[2025-03-18T23:46:52.928+0000] {processor.py:925} INFO - DAG(s) 'example_dag_decorator' retrieved from /home/airflow/.local/lib/python3.12/site-packages/airflow/example_dags/example_dag_decorator.py
[2025-03-18T23:46:53.006+0000] {logging_mixin.py:190} INFO - [2025-03-18T23:46:53.006+0000] {dag.py:3239} INFO - Sync 1 DAGs
[2025-03-18T23:46:53.015+0000] {logging_mixin.py:190} INFO - [2025-03-18T23:46:53.014+0000] {dag.py:4180} INFO - Setting next_dagrun for example_dag_decorator to None, run_after=None
[2025-03-18T23:46:53.027+0000] {processor.py:208} INFO - Processing /home/airflow/.local/lib/python3.12/site-packages/airflow/example_dags/example_dag_decorator.py took 0.172 seconds
[2025-03-18T23:47:23.387+0000] {processor.py:186} INFO - Started process (PID=510) to work on /home/airflow/.local/lib/python3.12/site-packages/airflow/example_dags/example_dag_decorator.py
[2025-03-18T23:47:23.387+0000] {processor.py:914} INFO - Processing file /home/airflow/.local/lib/python3.12/site-packages/airflow/example_dags/example_dag_decorator.py for tasks to queue
[2025-03-18T23:47:23.389+0000] {logging_mixin.py:190} INFO - [2025-03-18T23:47:23.389+0000] {dagbag.py:588} INFO - Filling up the DagBag from /home/airflow/.local/lib/python3.12/site-packages/airflow/example_dags/example_dag_decorator.py
[2025-03-18T23:47:23.459+0000] {processor.py:925} INFO - DAG(s) 'example_dag_decorator' retrieved from /home/airflow/.local/lib/python3.12/site-packages/airflow/example_dags/example_dag_decorator.py
[2025-03-18T23:47:23.547+0000] {logging_mixin.py:190} INFO - [2025-03-18T23:47:23.547+0000] {dag.py:3239} INFO - Sync 1 DAGs
[2025-03-18T23:47:23.556+0000] {logging_mixin.py:190} INFO - [2025-03-18T23:47:23.556+0000] {dag.py:4180} INFO - Setting next_dagrun for example_dag_decorator to None, run_after=None
[2025-03-18T23:47:23.570+0000] {processor.py:208} INFO - Processing /home/airflow/.local/lib/python3.12/site-packages/airflow/example_dags/example_dag_decorator.py took 0.187 seconds
[2025-03-18T23:47:53.897+0000] {processor.py:186} INFO - Started process (PID=572) to work on /home/airflow/.local/lib/python3.12/site-packages/airflow/example_dags/example_dag_decorator.py
[2025-03-18T23:47:53.897+0000] {processor.py:914} INFO - Processing file /home/airflow/.local/lib/python3.12/site-packages/airflow/example_dags/example_dag_decorator.py for tasks to queue
[2025-03-18T23:47:53.899+0000] {logging_mixin.py:190} INFO - [2025-03-18T23:47:53.898+0000] {dagbag.py:588} INFO - Filling up the DagBag from /home/airflow/.local/lib/python3.12/site-packages/airflow/example_dags/example_dag_decorator.py
[2025-03-18T23:47:53.972+0000] {processor.py:925} INFO - DAG(s) 'example_dag_decorator' retrieved from /home/airflow/.local/lib/python3.12/site-packages/airflow/example_dags/example_dag_decorator.py
[2025-03-18T23:47:54.054+0000] {logging_mixin.py:190} INFO - [2025-03-18T23:47:54.054+0000] {dag.py:3239} INFO - Sync 1 DAGs
[2025-03-18T23:47:54.063+0000] {logging_mixin.py:190} INFO - [2025-03-18T23:47:54.063+0000] {dag.py:4180} INFO - Setting next_dagrun for example_dag_decorator to None, run_after=None
[2025-03-18T23:47:54.076+0000] {processor.py:208} INFO - Processing /home/airflow/.local/lib/python3.12/site-packages/airflow/example_dags/example_dag_decorator.py took 0.184 seconds
[2025-03-18T23:48:24.392+0000] {processor.py:186} INFO - Started process (PID=635) to work on /home/airflow/.local/lib/python3.12/site-packages/airflow/example_dags/example_dag_decorator.py
[2025-03-18T23:48:24.393+0000] {processor.py:914} INFO - Processing file /home/airflow/.local/lib/python3.12/site-packages/airflow/example_dags/example_dag_decorator.py for tasks to queue
[2025-03-18T23:48:24.394+0000] {logging_mixin.py:190} INFO - [2025-03-18T23:48:24.394+0000] {dagbag.py:588} INFO - Filling up the DagBag from /home/airflow/.local/lib/python3.12/site-packages/airflow/example_dags/example_dag_decorator.py
[2025-03-18T23:48:24.467+0000] {processor.py:925} INFO - DAG(s) 'example_dag_decorator' retrieved from /home/airflow/.local/lib/python3.12/site-packages/airflow/example_dags/example_dag_decorator.py
[2025-03-18T23:48:24.547+0000] {logging_mixin.py:190} INFO - [2025-03-18T23:48:24.547+0000] {dag.py:3239} INFO - Sync 1 DAGs
[2025-03-18T23:48:24.556+0000] {logging_mixin.py:190} INFO - [2025-03-18T23:48:24.556+0000] {dag.py:4180} INFO - Setting next_dagrun for example_dag_decorator to None, run_after=None
[2025-03-18T23:48:24.568+0000] {processor.py:208} INFO - Processing /home/airflow/.local/lib/python3.12/site-packages/airflow/example_dags/example_dag_decorator.py took 0.180 seconds
[2025-03-18T23:48:54.624+0000] {processor.py:186} INFO - Started process (PID=700) to work on /home/airflow/.local/lib/python3.12/site-packages/airflow/example_dags/example_dag_decorator.py
[2025-03-18T23:48:54.625+0000] {processor.py:914} INFO - Processing file /home/airflow/.local/lib/python3.12/site-packages/airflow/example_dags/example_dag_decorator.py for tasks to queue
[2025-03-18T23:48:54.626+0000] {logging_mixin.py:190} INFO - [2025-03-18T23:48:54.626+0000] {dagbag.py:588} INFO - Filling up the DagBag from /home/airflow/.local/lib/python3.12/site-packages/airflow/example_dags/example_dag_decorator.py
[2025-03-18T23:48:54.696+0000] {processor.py:925} INFO - DAG(s) 'example_dag_decorator' retrieved from /home/airflow/.local/lib/python3.12/site-packages/airflow/example_dags/example_dag_decorator.py
[2025-03-18T23:48:54.775+0000] {logging_mixin.py:190} INFO - [2025-03-18T23:48:54.774+0000] {dag.py:3239} INFO - Sync 1 DAGs
[2025-03-18T23:48:54.783+0000] {logging_mixin.py:190} INFO - [2025-03-18T23:48:54.783+0000] {dag.py:4180} INFO - Setting next_dagrun for example_dag_decorator to None, run_after=None
[2025-03-18T23:48:54.798+0000] {processor.py:208} INFO - Processing /home/airflow/.local/lib/python3.12/site-packages/airflow/example_dags/example_dag_decorator.py took 0.178 seconds
[2025-03-18T23:49:25.752+0000] {processor.py:186} INFO - Started process (PID=763) to work on /home/airflow/.local/lib/python3.12/site-packages/airflow/example_dags/example_dag_decorator.py
[2025-03-18T23:49:25.752+0000] {processor.py:914} INFO - Processing file /home/airflow/.local/lib/python3.12/site-packages/airflow/example_dags/example_dag_decorator.py for tasks to queue
[2025-03-18T23:49:25.755+0000] {logging_mixin.py:190} INFO - [2025-03-18T23:49:25.754+0000] {dagbag.py:588} INFO - Filling up the DagBag from /home/airflow/.local/lib/python3.12/site-packages/airflow/example_dags/example_dag_decorator.py
[2025-03-18T23:49:25.830+0000] {processor.py:925} INFO - DAG(s) 'example_dag_decorator' retrieved from /home/airflow/.local/lib/python3.12/site-packages/airflow/example_dags/example_dag_decorator.py
[2025-03-18T23:49:25.916+0000] {logging_mixin.py:190} INFO - [2025-03-18T23:49:25.915+0000] {dag.py:3239} INFO - Sync 1 DAGs
[2025-03-18T23:49:25.925+0000] {logging_mixin.py:190} INFO - [2025-03-18T23:49:25.924+0000] {dag.py:4180} INFO - Setting next_dagrun for example_dag_decorator to None, run_after=None
[2025-03-18T23:49:25.937+0000] {processor.py:208} INFO - Processing /home/airflow/.local/lib/python3.12/site-packages/airflow/example_dags/example_dag_decorator.py took 0.193 seconds
[2025-03-18T23:49:56.841+0000] {processor.py:186} INFO - Started process (PID=826) to work on /home/airflow/.local/lib/python3.12/site-packages/airflow/example_dags/example_dag_decorator.py
[2025-03-18T23:49:56.842+0000] {processor.py:914} INFO - Processing file /home/airflow/.local/lib/python3.12/site-packages/airflow/example_dags/example_dag_decorator.py for tasks to queue
[2025-03-18T23:49:56.843+0000] {logging_mixin.py:190} INFO - [2025-03-18T23:49:56.843+0000] {dagbag.py:588} INFO - Filling up the DagBag from /home/airflow/.local/lib/python3.12/site-packages/airflow/example_dags/example_dag_decorator.py
[2025-03-18T23:49:56.912+0000] {processor.py:925} INFO - DAG(s) 'example_dag_decorator' retrieved from /home/airflow/.local/lib/python3.12/site-packages/airflow/example_dags/example_dag_decorator.py
[2025-03-18T23:49:56.993+0000] {logging_mixin.py:190} INFO - [2025-03-18T23:49:56.992+0000] {dag.py:3239} INFO - Sync 1 DAGs
[2025-03-18T23:49:57.002+0000] {logging_mixin.py:190} INFO - [2025-03-18T23:49:57.002+0000] {dag.py:4180} INFO - Setting next_dagrun for example_dag_decorator to None, run_after=None
[2025-03-18T23:49:57.018+0000] {processor.py:208} INFO - Processing /home/airflow/.local/lib/python3.12/site-packages/airflow/example_dags/example_dag_decorator.py took 0.180 seconds
