[2025-03-18T23:43:50.955+0000] {processor.py:186} INFO - Started process (PID=113) to work on /home/airflow/.local/lib/python3.12/site-packages/airflow/example_dags/example_skip_dag.py
[2025-03-18T23:43:50.955+0000] {processor.py:914} INFO - Processing file /home/airflow/.local/lib/python3.12/site-packages/airflow/example_dags/example_skip_dag.py for tasks to queue
[2025-03-18T23:43:50.957+0000] {logging_mixin.py:190} INFO - [2025-03-18T23:43:50.956+0000] {dagbag.py:588} INFO - Filling up the DagBag from /home/airflow/.local/lib/python3.12/site-packages/airflow/example_dags/example_skip_dag.py
[2025-03-18T23:43:50.962+0000] {processor.py:925} INFO - DAG(s) 'example_skip_dag' retrieved from /home/airflow/.local/lib/python3.12/site-packages/airflow/example_dags/example_skip_dag.py
[2025-03-18T23:43:51.054+0000] {logging_mixin.py:190} INFO - [2025-03-18T23:43:51.054+0000] {override.py:1912} INFO - Created Permission View: can delete on DAG:example_skip_dag
[2025-03-18T23:43:51.061+0000] {logging_mixin.py:190} INFO - [2025-03-18T23:43:51.061+0000] {override.py:1912} INFO - Created Permission View: can read on DAG:example_skip_dag
[2025-03-18T23:43:51.067+0000] {logging_mixin.py:190} INFO - [2025-03-18T23:43:51.066+0000] {override.py:1912} INFO - Created Permission View: can edit on DAG:example_skip_dag
[2025-03-18T23:43:51.073+0000] {logging_mixin.py:190} INFO - [2025-03-18T23:43:51.073+0000] {override.py:1912} INFO - Created Permission View: can delete on DAG Run:example_skip_dag
[2025-03-18T23:43:51.078+0000] {logging_mixin.py:190} INFO - [2025-03-18T23:43:51.078+0000] {override.py:1912} INFO - Created Permission View: can read on DAG Run:example_skip_dag
[2025-03-18T23:43:51.082+0000] {logging_mixin.py:190} INFO - [2025-03-18T23:43:51.082+0000] {override.py:1912} INFO - Created Permission View: can create on DAG Run:example_skip_dag
[2025-03-18T23:43:51.087+0000] {logging_mixin.py:190} INFO - [2025-03-18T23:43:51.087+0000] {override.py:1912} INFO - Created Permission View: menu access on DAG Run:example_skip_dag
[2025-03-18T23:43:51.088+0000] {logging_mixin.py:190} INFO - [2025-03-18T23:43:51.087+0000] {dag.py:3239} INFO - Sync 1 DAGs
[2025-03-18T23:43:51.096+0000] {logging_mixin.py:190} INFO - [2025-03-18T23:43:51.096+0000] {dag.py:3262} INFO - Creating ORM DAG for example_skip_dag
[2025-03-18T23:43:51.104+0000] {logging_mixin.py:190} INFO - [2025-03-18T23:43:51.104+0000] {dag.py:4180} INFO - Setting next_dagrun for example_skip_dag to 2025-03-17 00:00:00+00:00, run_after=2025-03-18 00:00:00+00:00
[2025-03-18T23:43:51.115+0000] {processor.py:208} INFO - Processing /home/airflow/.local/lib/python3.12/site-packages/airflow/example_dags/example_skip_dag.py took 0.163 seconds
[2025-03-18T23:44:21.457+0000] {processor.py:186} INFO - Started process (PID=176) to work on /home/airflow/.local/lib/python3.12/site-packages/airflow/example_dags/example_skip_dag.py
[2025-03-18T23:44:21.457+0000] {processor.py:914} INFO - Processing file /home/airflow/.local/lib/python3.12/site-packages/airflow/example_dags/example_skip_dag.py for tasks to queue
[2025-03-18T23:44:21.458+0000] {logging_mixin.py:190} INFO - [2025-03-18T23:44:21.458+0000] {dagbag.py:588} INFO - Filling up the DagBag from /home/airflow/.local/lib/python3.12/site-packages/airflow/example_dags/example_skip_dag.py
[2025-03-18T23:44:21.464+0000] {processor.py:925} INFO - DAG(s) 'example_skip_dag' retrieved from /home/airflow/.local/lib/python3.12/site-packages/airflow/example_dags/example_skip_dag.py
[2025-03-18T23:44:21.478+0000] {logging_mixin.py:190} INFO - [2025-03-18T23:44:21.478+0000] {dag.py:3239} INFO - Sync 1 DAGs
[2025-03-18T23:44:21.494+0000] {logging_mixin.py:190} INFO - [2025-03-18T23:44:21.494+0000] {dag.py:4180} INFO - Setting next_dagrun for example_skip_dag to 2025-03-17 00:00:00+00:00, run_after=2025-03-18 00:00:00+00:00
[2025-03-18T23:44:21.506+0000] {processor.py:208} INFO - Processing /home/airflow/.local/lib/python3.12/site-packages/airflow/example_dags/example_skip_dag.py took 0.053 seconds
[2025-03-18T23:44:52.227+0000] {processor.py:186} INFO - Started process (PID=239) to work on /home/airflow/.local/lib/python3.12/site-packages/airflow/example_dags/example_skip_dag.py
[2025-03-18T23:44:52.228+0000] {processor.py:914} INFO - Processing file /home/airflow/.local/lib/python3.12/site-packages/airflow/example_dags/example_skip_dag.py for tasks to queue
[2025-03-18T23:44:52.229+0000] {logging_mixin.py:190} INFO - [2025-03-18T23:44:52.229+0000] {dagbag.py:588} INFO - Filling up the DagBag from /home/airflow/.local/lib/python3.12/site-packages/airflow/example_dags/example_skip_dag.py
[2025-03-18T23:44:52.236+0000] {processor.py:925} INFO - DAG(s) 'example_skip_dag' retrieved from /home/airflow/.local/lib/python3.12/site-packages/airflow/example_dags/example_skip_dag.py
[2025-03-18T23:44:52.251+0000] {logging_mixin.py:190} INFO - [2025-03-18T23:44:52.251+0000] {dag.py:3239} INFO - Sync 1 DAGs
[2025-03-18T23:44:52.271+0000] {logging_mixin.py:190} INFO - [2025-03-18T23:44:52.270+0000] {dag.py:4180} INFO - Setting next_dagrun for example_skip_dag to 2025-03-17 00:00:00+00:00, run_after=2025-03-18 00:00:00+00:00
[2025-03-18T23:44:52.284+0000] {processor.py:208} INFO - Processing /home/airflow/.local/lib/python3.12/site-packages/airflow/example_dags/example_skip_dag.py took 0.060 seconds
[2025-03-18T23:45:22.537+0000] {processor.py:186} INFO - Started process (PID=302) to work on /home/airflow/.local/lib/python3.12/site-packages/airflow/example_dags/example_skip_dag.py
[2025-03-18T23:45:22.537+0000] {processor.py:914} INFO - Processing file /home/airflow/.local/lib/python3.12/site-packages/airflow/example_dags/example_skip_dag.py for tasks to queue
[2025-03-18T23:45:22.538+0000] {logging_mixin.py:190} INFO - [2025-03-18T23:45:22.538+0000] {dagbag.py:588} INFO - Filling up the DagBag from /home/airflow/.local/lib/python3.12/site-packages/airflow/example_dags/example_skip_dag.py
[2025-03-18T23:45:22.543+0000] {processor.py:925} INFO - DAG(s) 'example_skip_dag' retrieved from /home/airflow/.local/lib/python3.12/site-packages/airflow/example_dags/example_skip_dag.py
[2025-03-18T23:45:22.558+0000] {logging_mixin.py:190} INFO - [2025-03-18T23:45:22.557+0000] {dag.py:3239} INFO - Sync 1 DAGs
[2025-03-18T23:45:22.574+0000] {logging_mixin.py:190} INFO - [2025-03-18T23:45:22.574+0000] {dag.py:4180} INFO - Setting next_dagrun for example_skip_dag to 2025-03-17 00:00:00+00:00, run_after=2025-03-18 00:00:00+00:00
[2025-03-18T23:45:22.587+0000] {processor.py:208} INFO - Processing /home/airflow/.local/lib/python3.12/site-packages/airflow/example_dags/example_skip_dag.py took 0.054 seconds
[2025-03-18T23:45:53.778+0000] {processor.py:186} INFO - Started process (PID=365) to work on /home/airflow/.local/lib/python3.12/site-packages/airflow/example_dags/example_skip_dag.py
[2025-03-18T23:45:53.779+0000] {processor.py:914} INFO - Processing file /home/airflow/.local/lib/python3.12/site-packages/airflow/example_dags/example_skip_dag.py for tasks to queue
[2025-03-18T23:45:53.780+0000] {logging_mixin.py:190} INFO - [2025-03-18T23:45:53.780+0000] {dagbag.py:588} INFO - Filling up the DagBag from /home/airflow/.local/lib/python3.12/site-packages/airflow/example_dags/example_skip_dag.py
[2025-03-18T23:45:53.786+0000] {processor.py:925} INFO - DAG(s) 'example_skip_dag' retrieved from /home/airflow/.local/lib/python3.12/site-packages/airflow/example_dags/example_skip_dag.py
[2025-03-18T23:45:53.801+0000] {logging_mixin.py:190} INFO - [2025-03-18T23:45:53.801+0000] {dag.py:3239} INFO - Sync 1 DAGs
[2025-03-18T23:45:53.818+0000] {logging_mixin.py:190} INFO - [2025-03-18T23:45:53.817+0000] {dag.py:4180} INFO - Setting next_dagrun for example_skip_dag to 2025-03-17 00:00:00+00:00, run_after=2025-03-18 00:00:00+00:00
[2025-03-18T23:45:53.830+0000] {processor.py:208} INFO - Processing /home/airflow/.local/lib/python3.12/site-packages/airflow/example_dags/example_skip_dag.py took 0.056 seconds
[2025-03-18T23:46:24.964+0000] {processor.py:186} INFO - Started process (PID=428) to work on /home/airflow/.local/lib/python3.12/site-packages/airflow/example_dags/example_skip_dag.py
[2025-03-18T23:46:24.965+0000] {processor.py:914} INFO - Processing file /home/airflow/.local/lib/python3.12/site-packages/airflow/example_dags/example_skip_dag.py for tasks to queue
[2025-03-18T23:46:24.966+0000] {logging_mixin.py:190} INFO - [2025-03-18T23:46:24.966+0000] {dagbag.py:588} INFO - Filling up the DagBag from /home/airflow/.local/lib/python3.12/site-packages/airflow/example_dags/example_skip_dag.py
[2025-03-18T23:46:24.971+0000] {processor.py:925} INFO - DAG(s) 'example_skip_dag' retrieved from /home/airflow/.local/lib/python3.12/site-packages/airflow/example_dags/example_skip_dag.py
[2025-03-18T23:46:24.985+0000] {logging_mixin.py:190} INFO - [2025-03-18T23:46:24.985+0000] {dag.py:3239} INFO - Sync 1 DAGs
[2025-03-18T23:46:25.001+0000] {logging_mixin.py:190} INFO - [2025-03-18T23:46:25.001+0000] {dag.py:4180} INFO - Setting next_dagrun for example_skip_dag to 2025-03-17 00:00:00+00:00, run_after=2025-03-18 00:00:00+00:00
[2025-03-18T23:46:25.013+0000] {processor.py:208} INFO - Processing /home/airflow/.local/lib/python3.12/site-packages/airflow/example_dags/example_skip_dag.py took 0.052 seconds
[2025-03-18T23:46:56.404+0000] {processor.py:186} INFO - Started process (PID=491) to work on /home/airflow/.local/lib/python3.12/site-packages/airflow/example_dags/example_skip_dag.py
[2025-03-18T23:46:56.404+0000] {processor.py:914} INFO - Processing file /home/airflow/.local/lib/python3.12/site-packages/airflow/example_dags/example_skip_dag.py for tasks to queue
[2025-03-18T23:46:56.406+0000] {logging_mixin.py:190} INFO - [2025-03-18T23:46:56.405+0000] {dagbag.py:588} INFO - Filling up the DagBag from /home/airflow/.local/lib/python3.12/site-packages/airflow/example_dags/example_skip_dag.py
[2025-03-18T23:46:56.411+0000] {processor.py:925} INFO - DAG(s) 'example_skip_dag' retrieved from /home/airflow/.local/lib/python3.12/site-packages/airflow/example_dags/example_skip_dag.py
[2025-03-18T23:46:56.425+0000] {logging_mixin.py:190} INFO - [2025-03-18T23:46:56.425+0000] {dag.py:3239} INFO - Sync 1 DAGs
[2025-03-18T23:46:56.441+0000] {logging_mixin.py:190} INFO - [2025-03-18T23:46:56.441+0000] {dag.py:4180} INFO - Setting next_dagrun for example_skip_dag to 2025-03-17 00:00:00+00:00, run_after=2025-03-18 00:00:00+00:00
[2025-03-18T23:46:56.453+0000] {processor.py:208} INFO - Processing /home/airflow/.local/lib/python3.12/site-packages/airflow/example_dags/example_skip_dag.py took 0.053 seconds
[2025-03-18T23:47:27.021+0000] {processor.py:186} INFO - Started process (PID=554) to work on /home/airflow/.local/lib/python3.12/site-packages/airflow/example_dags/example_skip_dag.py
[2025-03-18T23:47:27.022+0000] {processor.py:914} INFO - Processing file /home/airflow/.local/lib/python3.12/site-packages/airflow/example_dags/example_skip_dag.py for tasks to queue
[2025-03-18T23:47:27.023+0000] {logging_mixin.py:190} INFO - [2025-03-18T23:47:27.023+0000] {dagbag.py:588} INFO - Filling up the DagBag from /home/airflow/.local/lib/python3.12/site-packages/airflow/example_dags/example_skip_dag.py
[2025-03-18T23:47:27.029+0000] {processor.py:925} INFO - DAG(s) 'example_skip_dag' retrieved from /home/airflow/.local/lib/python3.12/site-packages/airflow/example_dags/example_skip_dag.py
[2025-03-18T23:47:27.044+0000] {logging_mixin.py:190} INFO - [2025-03-18T23:47:27.043+0000] {dag.py:3239} INFO - Sync 1 DAGs
[2025-03-18T23:47:27.061+0000] {logging_mixin.py:190} INFO - [2025-03-18T23:47:27.061+0000] {dag.py:4180} INFO - Setting next_dagrun for example_skip_dag to 2025-03-17 00:00:00+00:00, run_after=2025-03-18 00:00:00+00:00
[2025-03-18T23:47:27.074+0000] {processor.py:208} INFO - Processing /home/airflow/.local/lib/python3.12/site-packages/airflow/example_dags/example_skip_dag.py took 0.057 seconds
[2025-03-18T23:47:58.474+0000] {processor.py:186} INFO - Started process (PID=617) to work on /home/airflow/.local/lib/python3.12/site-packages/airflow/example_dags/example_skip_dag.py
[2025-03-18T23:47:58.475+0000] {processor.py:914} INFO - Processing file /home/airflow/.local/lib/python3.12/site-packages/airflow/example_dags/example_skip_dag.py for tasks to queue
[2025-03-18T23:47:58.476+0000] {logging_mixin.py:190} INFO - [2025-03-18T23:47:58.476+0000] {dagbag.py:588} INFO - Filling up the DagBag from /home/airflow/.local/lib/python3.12/site-packages/airflow/example_dags/example_skip_dag.py
[2025-03-18T23:47:58.481+0000] {processor.py:925} INFO - DAG(s) 'example_skip_dag' retrieved from /home/airflow/.local/lib/python3.12/site-packages/airflow/example_dags/example_skip_dag.py
[2025-03-18T23:47:58.495+0000] {logging_mixin.py:190} INFO - [2025-03-18T23:47:58.495+0000] {dag.py:3239} INFO - Sync 1 DAGs
[2025-03-18T23:47:58.511+0000] {logging_mixin.py:190} INFO - [2025-03-18T23:47:58.511+0000] {dag.py:4180} INFO - Setting next_dagrun for example_skip_dag to 2025-03-17 00:00:00+00:00, run_after=2025-03-18 00:00:00+00:00
[2025-03-18T23:47:58.523+0000] {processor.py:208} INFO - Processing /home/airflow/.local/lib/python3.12/site-packages/airflow/example_dags/example_skip_dag.py took 0.052 seconds
[2025-03-18T23:48:29.101+0000] {processor.py:186} INFO - Started process (PID=680) to work on /home/airflow/.local/lib/python3.12/site-packages/airflow/example_dags/example_skip_dag.py
[2025-03-18T23:48:29.101+0000] {processor.py:914} INFO - Processing file /home/airflow/.local/lib/python3.12/site-packages/airflow/example_dags/example_skip_dag.py for tasks to queue
[2025-03-18T23:48:29.103+0000] {logging_mixin.py:190} INFO - [2025-03-18T23:48:29.102+0000] {dagbag.py:588} INFO - Filling up the DagBag from /home/airflow/.local/lib/python3.12/site-packages/airflow/example_dags/example_skip_dag.py
[2025-03-18T23:48:29.108+0000] {processor.py:925} INFO - DAG(s) 'example_skip_dag' retrieved from /home/airflow/.local/lib/python3.12/site-packages/airflow/example_dags/example_skip_dag.py
[2025-03-18T23:48:29.121+0000] {logging_mixin.py:190} INFO - [2025-03-18T23:48:29.121+0000] {dag.py:3239} INFO - Sync 1 DAGs
[2025-03-18T23:48:29.137+0000] {logging_mixin.py:190} INFO - [2025-03-18T23:48:29.137+0000] {dag.py:4180} INFO - Setting next_dagrun for example_skip_dag to 2025-03-17 00:00:00+00:00, run_after=2025-03-18 00:00:00+00:00
[2025-03-18T23:48:29.151+0000] {processor.py:208} INFO - Processing /home/airflow/.local/lib/python3.12/site-packages/airflow/example_dags/example_skip_dag.py took 0.054 seconds
[2025-03-18T23:49:00.259+0000] {processor.py:186} INFO - Started process (PID=743) to work on /home/airflow/.local/lib/python3.12/site-packages/airflow/example_dags/example_skip_dag.py
[2025-03-18T23:49:00.259+0000] {processor.py:914} INFO - Processing file /home/airflow/.local/lib/python3.12/site-packages/airflow/example_dags/example_skip_dag.py for tasks to queue
[2025-03-18T23:49:00.261+0000] {logging_mixin.py:190} INFO - [2025-03-18T23:49:00.260+0000] {dagbag.py:588} INFO - Filling up the DagBag from /home/airflow/.local/lib/python3.12/site-packages/airflow/example_dags/example_skip_dag.py
[2025-03-18T23:49:00.267+0000] {processor.py:925} INFO - DAG(s) 'example_skip_dag' retrieved from /home/airflow/.local/lib/python3.12/site-packages/airflow/example_dags/example_skip_dag.py
[2025-03-18T23:49:00.283+0000] {logging_mixin.py:190} INFO - [2025-03-18T23:49:00.283+0000] {dag.py:3239} INFO - Sync 1 DAGs
[2025-03-18T23:49:00.302+0000] {logging_mixin.py:190} INFO - [2025-03-18T23:49:00.302+0000] {dag.py:4180} INFO - Setting next_dagrun for example_skip_dag to 2025-03-17 00:00:00+00:00, run_after=2025-03-18 00:00:00+00:00
[2025-03-18T23:49:00.316+0000] {processor.py:208} INFO - Processing /home/airflow/.local/lib/python3.12/site-packages/airflow/example_dags/example_skip_dag.py took 0.062 seconds
[2025-03-18T23:49:31.373+0000] {processor.py:186} INFO - Started process (PID=806) to work on /home/airflow/.local/lib/python3.12/site-packages/airflow/example_dags/example_skip_dag.py
[2025-03-18T23:49:31.373+0000] {processor.py:914} INFO - Processing file /home/airflow/.local/lib/python3.12/site-packages/airflow/example_dags/example_skip_dag.py for tasks to queue
[2025-03-18T23:49:31.374+0000] {logging_mixin.py:190} INFO - [2025-03-18T23:49:31.374+0000] {dagbag.py:588} INFO - Filling up the DagBag from /home/airflow/.local/lib/python3.12/site-packages/airflow/example_dags/example_skip_dag.py
[2025-03-18T23:49:31.380+0000] {processor.py:925} INFO - DAG(s) 'example_skip_dag' retrieved from /home/airflow/.local/lib/python3.12/site-packages/airflow/example_dags/example_skip_dag.py
[2025-03-18T23:49:31.394+0000] {logging_mixin.py:190} INFO - [2025-03-18T23:49:31.394+0000] {dag.py:3239} INFO - Sync 1 DAGs
[2025-03-18T23:49:31.410+0000] {logging_mixin.py:190} INFO - [2025-03-18T23:49:31.410+0000] {dag.py:4180} INFO - Setting next_dagrun for example_skip_dag to 2025-03-17 00:00:00+00:00, run_after=2025-03-18 00:00:00+00:00
[2025-03-18T23:49:31.423+0000] {processor.py:208} INFO - Processing /home/airflow/.local/lib/python3.12/site-packages/airflow/example_dags/example_skip_dag.py took 0.054 seconds
[2025-03-18T23:50:02.500+0000] {processor.py:186} INFO - Started process (PID=869) to work on /home/airflow/.local/lib/python3.12/site-packages/airflow/example_dags/example_skip_dag.py
[2025-03-18T23:50:02.501+0000] {processor.py:914} INFO - Processing file /home/airflow/.local/lib/python3.12/site-packages/airflow/example_dags/example_skip_dag.py for tasks to queue
[2025-03-18T23:50:02.502+0000] {logging_mixin.py:190} INFO - [2025-03-18T23:50:02.502+0000] {dagbag.py:588} INFO - Filling up the DagBag from /home/airflow/.local/lib/python3.12/site-packages/airflow/example_dags/example_skip_dag.py
[2025-03-18T23:50:02.507+0000] {processor.py:925} INFO - DAG(s) 'example_skip_dag' retrieved from /home/airflow/.local/lib/python3.12/site-packages/airflow/example_dags/example_skip_dag.py
[2025-03-18T23:50:02.522+0000] {logging_mixin.py:190} INFO - [2025-03-18T23:50:02.521+0000] {dag.py:3239} INFO - Sync 1 DAGs
[2025-03-18T23:50:02.539+0000] {logging_mixin.py:190} INFO - [2025-03-18T23:50:02.539+0000] {dag.py:4180} INFO - Setting next_dagrun for example_skip_dag to 2025-03-17 00:00:00+00:00, run_after=2025-03-18 00:00:00+00:00
[2025-03-18T23:50:02.552+0000] {processor.py:208} INFO - Processing /home/airflow/.local/lib/python3.12/site-packages/airflow/example_dags/example_skip_dag.py took 0.056 seconds
