[2025-03-18T23:43:44.444+0000] {processor.py:186} INFO - Started process (PID=62) to work on /home/airflow/.local/lib/python3.12/site-packages/airflow/example_dags/example_datasets.py
[2025-03-18T23:43:44.444+0000] {processor.py:914} INFO - Processing file /home/airflow/.local/lib/python3.12/site-packages/airflow/example_dags/example_datasets.py for tasks to queue
[2025-03-18T23:43:44.445+0000] {logging_mixin.py:190} INFO - [2025-03-18T23:43:44.445+0000] {dagbag.py:588} INFO - Filling up the DagBag from /home/airflow/.local/lib/python3.12/site-packages/airflow/example_dags/example_datasets.py
[2025-03-18T23:43:45.692+0000] {processor.py:925} INFO - DAG(s) 'consume_1_and_2_with_dataset_expressions', 'dataset_produces_2', 'conditional_dataset_and_time_based_timetable', 'dataset_consumes_unknown_never_scheduled', 'dataset_consumes_1_never_scheduled', 'dataset_produces_1', 'dataset_consumes_1', 'dataset_consumes_1_and_2', 'consume_1_or_2_with_dataset_expressions', 'consume_1_or_both_2_and_3_with_dataset_expressions' retrieved from /home/airflow/.local/lib/python3.12/site-packages/airflow/example_dags/example_datasets.py
[2025-03-18T23:43:45.785+0000] {logging_mixin.py:190} INFO - [2025-03-18T23:43:45.784+0000] {override.py:1912} INFO - Created Permission View: can delete on DAG:consume_1_and_2_with_dataset_expressions
[2025-03-18T23:43:45.795+0000] {logging_mixin.py:190} INFO - [2025-03-18T23:43:45.794+0000] {override.py:1912} INFO - Created Permission View: can read on DAG:consume_1_and_2_with_dataset_expressions
[2025-03-18T23:43:45.800+0000] {logging_mixin.py:190} INFO - [2025-03-18T23:43:45.800+0000] {override.py:1912} INFO - Created Permission View: can edit on DAG:consume_1_and_2_with_dataset_expressions
[2025-03-18T23:43:45.806+0000] {logging_mixin.py:190} INFO - [2025-03-18T23:43:45.806+0000] {override.py:1912} INFO - Created Permission View: can delete on DAG Run:consume_1_and_2_with_dataset_expressions
[2025-03-18T23:43:45.812+0000] {logging_mixin.py:190} INFO - [2025-03-18T23:43:45.811+0000] {override.py:1912} INFO - Created Permission View: can read on DAG Run:consume_1_and_2_with_dataset_expressions
[2025-03-18T23:43:45.817+0000] {logging_mixin.py:190} INFO - [2025-03-18T23:43:45.817+0000] {override.py:1912} INFO - Created Permission View: can create on DAG Run:consume_1_and_2_with_dataset_expressions
[2025-03-18T23:43:45.822+0000] {logging_mixin.py:190} INFO - [2025-03-18T23:43:45.822+0000] {override.py:1912} INFO - Created Permission View: menu access on DAG Run:consume_1_and_2_with_dataset_expressions
[2025-03-18T23:43:45.833+0000] {logging_mixin.py:190} INFO - [2025-03-18T23:43:45.832+0000] {override.py:1912} INFO - Created Permission View: can delete on DAG:dataset_produces_2
[2025-03-18T23:43:45.839+0000] {logging_mixin.py:190} INFO - [2025-03-18T23:43:45.838+0000] {override.py:1912} INFO - Created Permission View: can read on DAG:dataset_produces_2
[2025-03-18T23:43:45.845+0000] {logging_mixin.py:190} INFO - [2025-03-18T23:43:45.845+0000] {override.py:1912} INFO - Created Permission View: can edit on DAG:dataset_produces_2
[2025-03-18T23:43:45.853+0000] {logging_mixin.py:190} INFO - [2025-03-18T23:43:45.853+0000] {override.py:1912} INFO - Created Permission View: can delete on DAG Run:dataset_produces_2
[2025-03-18T23:43:45.859+0000] {logging_mixin.py:190} INFO - [2025-03-18T23:43:45.859+0000] {override.py:1912} INFO - Created Permission View: can read on DAG Run:dataset_produces_2
[2025-03-18T23:43:45.865+0000] {logging_mixin.py:190} INFO - [2025-03-18T23:43:45.865+0000] {override.py:1912} INFO - Created Permission View: can create on DAG Run:dataset_produces_2
[2025-03-18T23:43:45.871+0000] {logging_mixin.py:190} INFO - [2025-03-18T23:43:45.871+0000] {override.py:1912} INFO - Created Permission View: menu access on DAG Run:dataset_produces_2
[2025-03-18T23:43:45.884+0000] {logging_mixin.py:190} INFO - [2025-03-18T23:43:45.884+0000] {override.py:1912} INFO - Created Permission View: can delete on DAG:conditional_dataset_and_time_based_timetable
[2025-03-18T23:43:45.890+0000] {logging_mixin.py:190} INFO - [2025-03-18T23:43:45.890+0000] {override.py:1912} INFO - Created Permission View: can read on DAG:conditional_dataset_and_time_based_timetable
[2025-03-18T23:43:45.897+0000] {logging_mixin.py:190} INFO - [2025-03-18T23:43:45.897+0000] {override.py:1912} INFO - Created Permission View: can edit on DAG:conditional_dataset_and_time_based_timetable
[2025-03-18T23:43:45.904+0000] {logging_mixin.py:190} INFO - [2025-03-18T23:43:45.903+0000] {override.py:1912} INFO - Created Permission View: can delete on DAG Run:conditional_dataset_and_time_based_timetable
[2025-03-18T23:43:45.910+0000] {logging_mixin.py:190} INFO - [2025-03-18T23:43:45.910+0000] {override.py:1912} INFO - Created Permission View: can read on DAG Run:conditional_dataset_and_time_based_timetable
[2025-03-18T23:43:45.917+0000] {logging_mixin.py:190} INFO - [2025-03-18T23:43:45.916+0000] {override.py:1912} INFO - Created Permission View: can create on DAG Run:conditional_dataset_and_time_based_timetable
[2025-03-18T23:43:45.923+0000] {logging_mixin.py:190} INFO - [2025-03-18T23:43:45.923+0000] {override.py:1912} INFO - Created Permission View: menu access on DAG Run:conditional_dataset_and_time_based_timetable
[2025-03-18T23:43:45.934+0000] {logging_mixin.py:190} INFO - [2025-03-18T23:43:45.934+0000] {override.py:1912} INFO - Created Permission View: can delete on DAG:dataset_consumes_unknown_never_scheduled
[2025-03-18T23:43:45.941+0000] {logging_mixin.py:190} INFO - [2025-03-18T23:43:45.941+0000] {override.py:1912} INFO - Created Permission View: can read on DAG:dataset_consumes_unknown_never_scheduled
[2025-03-18T23:43:45.948+0000] {logging_mixin.py:190} INFO - [2025-03-18T23:43:45.948+0000] {override.py:1912} INFO - Created Permission View: can edit on DAG:dataset_consumes_unknown_never_scheduled
[2025-03-18T23:43:45.957+0000] {logging_mixin.py:190} INFO - [2025-03-18T23:43:45.957+0000] {override.py:1912} INFO - Created Permission View: can delete on DAG Run:dataset_consumes_unknown_never_scheduled
[2025-03-18T23:43:45.964+0000] {logging_mixin.py:190} INFO - [2025-03-18T23:43:45.964+0000] {override.py:1912} INFO - Created Permission View: can read on DAG Run:dataset_consumes_unknown_never_scheduled
[2025-03-18T23:43:45.971+0000] {logging_mixin.py:190} INFO - [2025-03-18T23:43:45.971+0000] {override.py:1912} INFO - Created Permission View: can create on DAG Run:dataset_consumes_unknown_never_scheduled
[2025-03-18T23:43:45.978+0000] {logging_mixin.py:190} INFO - [2025-03-18T23:43:45.978+0000] {override.py:1912} INFO - Created Permission View: menu access on DAG Run:dataset_consumes_unknown_never_scheduled
[2025-03-18T23:43:45.988+0000] {logging_mixin.py:190} INFO - [2025-03-18T23:43:45.988+0000] {override.py:1912} INFO - Created Permission View: can delete on DAG:dataset_consumes_1_never_scheduled
[2025-03-18T23:43:45.996+0000] {logging_mixin.py:190} INFO - [2025-03-18T23:43:45.995+0000] {override.py:1912} INFO - Created Permission View: can read on DAG:dataset_consumes_1_never_scheduled
[2025-03-18T23:43:46.001+0000] {logging_mixin.py:190} INFO - [2025-03-18T23:43:46.001+0000] {override.py:1912} INFO - Created Permission View: can edit on DAG:dataset_consumes_1_never_scheduled
[2025-03-18T23:43:46.007+0000] {logging_mixin.py:190} INFO - [2025-03-18T23:43:46.007+0000] {override.py:1912} INFO - Created Permission View: can delete on DAG Run:dataset_consumes_1_never_scheduled
[2025-03-18T23:43:46.013+0000] {logging_mixin.py:190} INFO - [2025-03-18T23:43:46.013+0000] {override.py:1912} INFO - Created Permission View: can read on DAG Run:dataset_consumes_1_never_scheduled
[2025-03-18T23:43:46.018+0000] {logging_mixin.py:190} INFO - [2025-03-18T23:43:46.018+0000] {override.py:1912} INFO - Created Permission View: can create on DAG Run:dataset_consumes_1_never_scheduled
[2025-03-18T23:43:46.024+0000] {logging_mixin.py:190} INFO - [2025-03-18T23:43:46.024+0000] {override.py:1912} INFO - Created Permission View: menu access on DAG Run:dataset_consumes_1_never_scheduled
[2025-03-18T23:43:46.036+0000] {logging_mixin.py:190} INFO - [2025-03-18T23:43:46.036+0000] {override.py:1912} INFO - Created Permission View: can delete on DAG:dataset_produces_1
[2025-03-18T23:43:46.042+0000] {logging_mixin.py:190} INFO - [2025-03-18T23:43:46.041+0000] {override.py:1912} INFO - Created Permission View: can read on DAG:dataset_produces_1
[2025-03-18T23:43:46.049+0000] {logging_mixin.py:190} INFO - [2025-03-18T23:43:46.048+0000] {override.py:1912} INFO - Created Permission View: can edit on DAG:dataset_produces_1
[2025-03-18T23:43:46.056+0000] {logging_mixin.py:190} INFO - [2025-03-18T23:43:46.055+0000] {override.py:1912} INFO - Created Permission View: can delete on DAG Run:dataset_produces_1
[2025-03-18T23:43:46.063+0000] {logging_mixin.py:190} INFO - [2025-03-18T23:43:46.063+0000] {override.py:1912} INFO - Created Permission View: can read on DAG Run:dataset_produces_1
[2025-03-18T23:43:46.070+0000] {logging_mixin.py:190} INFO - [2025-03-18T23:43:46.069+0000] {override.py:1912} INFO - Created Permission View: can create on DAG Run:dataset_produces_1
[2025-03-18T23:43:46.078+0000] {logging_mixin.py:190} INFO - [2025-03-18T23:43:46.078+0000] {override.py:1912} INFO - Created Permission View: menu access on DAG Run:dataset_produces_1
[2025-03-18T23:43:46.092+0000] {logging_mixin.py:190} INFO - [2025-03-18T23:43:46.091+0000] {override.py:1912} INFO - Created Permission View: can delete on DAG:dataset_consumes_1
[2025-03-18T23:43:46.097+0000] {logging_mixin.py:190} INFO - [2025-03-18T23:43:46.097+0000] {override.py:1912} INFO - Created Permission View: can read on DAG:dataset_consumes_1
[2025-03-18T23:43:46.103+0000] {logging_mixin.py:190} INFO - [2025-03-18T23:43:46.103+0000] {override.py:1912} INFO - Created Permission View: can edit on DAG:dataset_consumes_1
[2025-03-18T23:43:46.110+0000] {logging_mixin.py:190} INFO - [2025-03-18T23:43:46.110+0000] {override.py:1912} INFO - Created Permission View: can delete on DAG Run:dataset_consumes_1
[2025-03-18T23:43:46.115+0000] {logging_mixin.py:190} INFO - [2025-03-18T23:43:46.115+0000] {override.py:1912} INFO - Created Permission View: can read on DAG Run:dataset_consumes_1
[2025-03-18T23:43:46.121+0000] {logging_mixin.py:190} INFO - [2025-03-18T23:43:46.120+0000] {override.py:1912} INFO - Created Permission View: can create on DAG Run:dataset_consumes_1
[2025-03-18T23:43:46.128+0000] {logging_mixin.py:190} INFO - [2025-03-18T23:43:46.127+0000] {override.py:1912} INFO - Created Permission View: menu access on DAG Run:dataset_consumes_1
[2025-03-18T23:43:46.141+0000] {logging_mixin.py:190} INFO - [2025-03-18T23:43:46.141+0000] {override.py:1912} INFO - Created Permission View: can delete on DAG:dataset_consumes_1_and_2
[2025-03-18T23:43:46.148+0000] {logging_mixin.py:190} INFO - [2025-03-18T23:43:46.148+0000] {override.py:1912} INFO - Created Permission View: can read on DAG:dataset_consumes_1_and_2
[2025-03-18T23:43:46.155+0000] {logging_mixin.py:190} INFO - [2025-03-18T23:43:46.155+0000] {override.py:1912} INFO - Created Permission View: can edit on DAG:dataset_consumes_1_and_2
[2025-03-18T23:43:46.164+0000] {logging_mixin.py:190} INFO - [2025-03-18T23:43:46.163+0000] {override.py:1912} INFO - Created Permission View: can delete on DAG Run:dataset_consumes_1_and_2
[2025-03-18T23:43:46.170+0000] {logging_mixin.py:190} INFO - [2025-03-18T23:43:46.170+0000] {override.py:1912} INFO - Created Permission View: can read on DAG Run:dataset_consumes_1_and_2
[2025-03-18T23:43:46.178+0000] {logging_mixin.py:190} INFO - [2025-03-18T23:43:46.177+0000] {override.py:1912} INFO - Created Permission View: can create on DAG Run:dataset_consumes_1_and_2
[2025-03-18T23:43:46.184+0000] {logging_mixin.py:190} INFO - [2025-03-18T23:43:46.184+0000] {override.py:1912} INFO - Created Permission View: menu access on DAG Run:dataset_consumes_1_and_2
[2025-03-18T23:43:46.195+0000] {logging_mixin.py:190} INFO - [2025-03-18T23:43:46.194+0000] {override.py:1912} INFO - Created Permission View: can delete on DAG:consume_1_or_2_with_dataset_expressions
[2025-03-18T23:43:46.200+0000] {logging_mixin.py:190} INFO - [2025-03-18T23:43:46.200+0000] {override.py:1912} INFO - Created Permission View: can read on DAG:consume_1_or_2_with_dataset_expressions
[2025-03-18T23:43:46.205+0000] {logging_mixin.py:190} INFO - [2025-03-18T23:43:46.205+0000] {override.py:1912} INFO - Created Permission View: can edit on DAG:consume_1_or_2_with_dataset_expressions
[2025-03-18T23:43:46.212+0000] {logging_mixin.py:190} INFO - [2025-03-18T23:43:46.212+0000] {override.py:1912} INFO - Created Permission View: can delete on DAG Run:consume_1_or_2_with_dataset_expressions
[2025-03-18T23:43:46.217+0000] {logging_mixin.py:190} INFO - [2025-03-18T23:43:46.217+0000] {override.py:1912} INFO - Created Permission View: can read on DAG Run:consume_1_or_2_with_dataset_expressions
[2025-03-18T23:43:46.222+0000] {logging_mixin.py:190} INFO - [2025-03-18T23:43:46.222+0000] {override.py:1912} INFO - Created Permission View: can create on DAG Run:consume_1_or_2_with_dataset_expressions
[2025-03-18T23:43:46.228+0000] {logging_mixin.py:190} INFO - [2025-03-18T23:43:46.228+0000] {override.py:1912} INFO - Created Permission View: menu access on DAG Run:consume_1_or_2_with_dataset_expressions
[2025-03-18T23:43:46.238+0000] {logging_mixin.py:190} INFO - [2025-03-18T23:43:46.238+0000] {override.py:1912} INFO - Created Permission View: can delete on DAG:consume_1_or_both_2_and_3_with_dataset_expressions
[2025-03-18T23:43:46.244+0000] {logging_mixin.py:190} INFO - [2025-03-18T23:43:46.244+0000] {override.py:1912} INFO - Created Permission View: can read on DAG:consume_1_or_both_2_and_3_with_dataset_expressions
[2025-03-18T23:43:46.250+0000] {logging_mixin.py:190} INFO - [2025-03-18T23:43:46.249+0000] {override.py:1912} INFO - Created Permission View: can edit on DAG:consume_1_or_both_2_and_3_with_dataset_expressions
[2025-03-18T23:43:46.255+0000] {logging_mixin.py:190} INFO - [2025-03-18T23:43:46.255+0000] {override.py:1912} INFO - Created Permission View: can delete on DAG Run:consume_1_or_both_2_and_3_with_dataset_expressions
[2025-03-18T23:43:46.262+0000] {logging_mixin.py:190} INFO - [2025-03-18T23:43:46.262+0000] {override.py:1912} INFO - Created Permission View: can read on DAG Run:consume_1_or_both_2_and_3_with_dataset_expressions
[2025-03-18T23:43:46.267+0000] {logging_mixin.py:190} INFO - [2025-03-18T23:43:46.267+0000] {override.py:1912} INFO - Created Permission View: can create on DAG Run:consume_1_or_both_2_and_3_with_dataset_expressions
[2025-03-18T23:43:46.272+0000] {logging_mixin.py:190} INFO - [2025-03-18T23:43:46.272+0000] {override.py:1912} INFO - Created Permission View: menu access on DAG Run:consume_1_or_both_2_and_3_with_dataset_expressions
[2025-03-18T23:43:46.273+0000] {logging_mixin.py:190} INFO - [2025-03-18T23:43:46.272+0000] {dag.py:3239} INFO - Sync 10 DAGs
[2025-03-18T23:43:46.284+0000] {logging_mixin.py:190} INFO - [2025-03-18T23:43:46.283+0000] {dag.py:3262} INFO - Creating ORM DAG for dataset_produces_2
[2025-03-18T23:43:46.284+0000] {logging_mixin.py:190} INFO - [2025-03-18T23:43:46.284+0000] {dag.py:3262} INFO - Creating ORM DAG for dataset_consumes_1_and_2
[2025-03-18T23:43:46.285+0000] {logging_mixin.py:190} INFO - [2025-03-18T23:43:46.285+0000] {dag.py:3262} INFO - Creating ORM DAG for consume_1_and_2_with_dataset_expressions
[2025-03-18T23:43:46.285+0000] {logging_mixin.py:190} INFO - [2025-03-18T23:43:46.285+0000] {dag.py:3262} INFO - Creating ORM DAG for dataset_consumes_1
[2025-03-18T23:43:46.286+0000] {logging_mixin.py:190} INFO - [2025-03-18T23:43:46.286+0000] {dag.py:3262} INFO - Creating ORM DAG for dataset_consumes_unknown_never_scheduled
[2025-03-18T23:43:46.286+0000] {logging_mixin.py:190} INFO - [2025-03-18T23:43:46.286+0000] {dag.py:3262} INFO - Creating ORM DAG for dataset_consumes_1_never_scheduled
[2025-03-18T23:43:46.287+0000] {logging_mixin.py:190} INFO - [2025-03-18T23:43:46.287+0000] {dag.py:3262} INFO - Creating ORM DAG for conditional_dataset_and_time_based_timetable
[2025-03-18T23:43:46.287+0000] {logging_mixin.py:190} INFO - [2025-03-18T23:43:46.287+0000] {dag.py:3262} INFO - Creating ORM DAG for dataset_produces_1
[2025-03-18T23:43:46.288+0000] {logging_mixin.py:190} INFO - [2025-03-18T23:43:46.288+0000] {dag.py:3262} INFO - Creating ORM DAG for consume_1_or_2_with_dataset_expressions
[2025-03-18T23:43:46.288+0000] {logging_mixin.py:190} INFO - [2025-03-18T23:43:46.288+0000] {dag.py:3262} INFO - Creating ORM DAG for consume_1_or_both_2_and_3_with_dataset_expressions
[2025-03-18T23:43:46.298+0000] {logging_mixin.py:190} INFO - [2025-03-18T23:43:46.297+0000] {dag.py:4180} INFO - Setting next_dagrun for conditional_dataset_and_time_based_timetable to 2025-03-12 01:00:00+00:00, run_after=2025-03-12 01:00:00+00:00
[2025-03-18T23:43:46.298+0000] {logging_mixin.py:190} INFO - [2025-03-18T23:43:46.298+0000] {dag.py:4180} INFO - Setting next_dagrun for consume_1_and_2_with_dataset_expressions to None, run_after=None
[2025-03-18T23:43:46.298+0000] {logging_mixin.py:190} INFO - [2025-03-18T23:43:46.298+0000] {dag.py:4180} INFO - Setting next_dagrun for consume_1_or_2_with_dataset_expressions to None, run_after=None
[2025-03-18T23:43:46.299+0000] {logging_mixin.py:190} INFO - [2025-03-18T23:43:46.299+0000] {dag.py:4180} INFO - Setting next_dagrun for consume_1_or_both_2_and_3_with_dataset_expressions to None, run_after=None
[2025-03-18T23:43:46.299+0000] {logging_mixin.py:190} INFO - [2025-03-18T23:43:46.299+0000] {dag.py:4180} INFO - Setting next_dagrun for dataset_consumes_1 to None, run_after=None
[2025-03-18T23:43:46.299+0000] {logging_mixin.py:190} INFO - [2025-03-18T23:43:46.299+0000] {dag.py:4180} INFO - Setting next_dagrun for dataset_consumes_1_and_2 to None, run_after=None
[2025-03-18T23:43:46.300+0000] {logging_mixin.py:190} INFO - [2025-03-18T23:43:46.300+0000] {dag.py:4180} INFO - Setting next_dagrun for dataset_consumes_1_never_scheduled to None, run_after=None
[2025-03-18T23:43:46.300+0000] {logging_mixin.py:190} INFO - [2025-03-18T23:43:46.300+0000] {dag.py:4180} INFO - Setting next_dagrun for dataset_consumes_unknown_never_scheduled to None, run_after=None
[2025-03-18T23:43:46.302+0000] {logging_mixin.py:190} INFO - [2025-03-18T23:43:46.301+0000] {dag.py:4180} INFO - Setting next_dagrun for dataset_produces_1 to 2025-03-17 00:00:00+00:00, run_after=2025-03-18 00:00:00+00:00
[2025-03-18T23:43:46.302+0000] {logging_mixin.py:190} INFO - [2025-03-18T23:43:46.302+0000] {dag.py:4180} INFO - Setting next_dagrun for dataset_produces_2 to None, run_after=None
[2025-03-18T23:43:46.339+0000] {processor.py:208} INFO - Processing /home/airflow/.local/lib/python3.12/site-packages/airflow/example_dags/example_datasets.py took 1.900 seconds
[2025-03-18T23:44:16.607+0000] {processor.py:186} INFO - Started process (PID=131) to work on /home/airflow/.local/lib/python3.12/site-packages/airflow/example_dags/example_datasets.py
[2025-03-18T23:44:16.608+0000] {processor.py:914} INFO - Processing file /home/airflow/.local/lib/python3.12/site-packages/airflow/example_dags/example_datasets.py for tasks to queue
[2025-03-18T23:44:16.609+0000] {logging_mixin.py:190} INFO - [2025-03-18T23:44:16.609+0000] {dagbag.py:588} INFO - Filling up the DagBag from /home/airflow/.local/lib/python3.12/site-packages/airflow/example_dags/example_datasets.py
[2025-03-18T23:44:17.049+0000] {processor.py:925} INFO - DAG(s) 'consume_1_or_both_2_and_3_with_dataset_expressions', 'dataset_produces_1', 'dataset_consumes_1_and_2', 'consume_1_or_2_with_dataset_expressions', 'dataset_consumes_1', 'conditional_dataset_and_time_based_timetable', 'consume_1_and_2_with_dataset_expressions', 'dataset_consumes_1_never_scheduled', 'dataset_consumes_unknown_never_scheduled', 'dataset_produces_2' retrieved from /home/airflow/.local/lib/python3.12/site-packages/airflow/example_dags/example_datasets.py
[2025-03-18T23:44:17.093+0000] {logging_mixin.py:190} INFO - [2025-03-18T23:44:17.093+0000] {dag.py:3239} INFO - Sync 10 DAGs
[2025-03-18T23:44:17.118+0000] {logging_mixin.py:190} INFO - [2025-03-18T23:44:17.118+0000] {dag.py:4180} INFO - Setting next_dagrun for conditional_dataset_and_time_based_timetable to 2025-03-12 01:00:00+00:00, run_after=2025-03-12 01:00:00+00:00
[2025-03-18T23:44:17.121+0000] {logging_mixin.py:190} INFO - [2025-03-18T23:44:17.121+0000] {dag.py:4180} INFO - Setting next_dagrun for consume_1_and_2_with_dataset_expressions to None, run_after=None
[2025-03-18T23:44:17.122+0000] {logging_mixin.py:190} INFO - [2025-03-18T23:44:17.122+0000] {dag.py:4180} INFO - Setting next_dagrun for consume_1_or_2_with_dataset_expressions to None, run_after=None
[2025-03-18T23:44:17.123+0000] {logging_mixin.py:190} INFO - [2025-03-18T23:44:17.123+0000] {dag.py:4180} INFO - Setting next_dagrun for consume_1_or_both_2_and_3_with_dataset_expressions to None, run_after=None
[2025-03-18T23:44:17.124+0000] {logging_mixin.py:190} INFO - [2025-03-18T23:44:17.124+0000] {dag.py:4180} INFO - Setting next_dagrun for dataset_consumes_1 to None, run_after=None
[2025-03-18T23:44:17.125+0000] {logging_mixin.py:190} INFO - [2025-03-18T23:44:17.125+0000] {dag.py:4180} INFO - Setting next_dagrun for dataset_consumes_1_and_2 to None, run_after=None
[2025-03-18T23:44:17.126+0000] {logging_mixin.py:190} INFO - [2025-03-18T23:44:17.126+0000] {dag.py:4180} INFO - Setting next_dagrun for dataset_consumes_1_never_scheduled to None, run_after=None
[2025-03-18T23:44:17.127+0000] {logging_mixin.py:190} INFO - [2025-03-18T23:44:17.127+0000] {dag.py:4180} INFO - Setting next_dagrun for dataset_consumes_unknown_never_scheduled to None, run_after=None
[2025-03-18T23:44:17.129+0000] {logging_mixin.py:190} INFO - [2025-03-18T23:44:17.129+0000] {dag.py:4180} INFO - Setting next_dagrun for dataset_produces_1 to 2025-03-17 00:00:00+00:00, run_after=2025-03-18 00:00:00+00:00
[2025-03-18T23:44:17.130+0000] {logging_mixin.py:190} INFO - [2025-03-18T23:44:17.130+0000] {dag.py:4180} INFO - Setting next_dagrun for dataset_produces_2 to None, run_after=None
[2025-03-18T23:44:17.158+0000] {processor.py:208} INFO - Processing /home/airflow/.local/lib/python3.12/site-packages/airflow/example_dags/example_datasets.py took 0.554 seconds
[2025-03-18T23:44:47.873+0000] {processor.py:186} INFO - Started process (PID=194) to work on /home/airflow/.local/lib/python3.12/site-packages/airflow/example_dags/example_datasets.py
[2025-03-18T23:44:47.874+0000] {processor.py:914} INFO - Processing file /home/airflow/.local/lib/python3.12/site-packages/airflow/example_dags/example_datasets.py for tasks to queue
[2025-03-18T23:44:47.875+0000] {logging_mixin.py:190} INFO - [2025-03-18T23:44:47.875+0000] {dagbag.py:588} INFO - Filling up the DagBag from /home/airflow/.local/lib/python3.12/site-packages/airflow/example_dags/example_datasets.py
[2025-03-18T23:44:48.364+0000] {processor.py:925} INFO - DAG(s) 'consume_1_and_2_with_dataset_expressions', 'conditional_dataset_and_time_based_timetable', 'dataset_produces_1', 'dataset_consumes_1_and_2', 'dataset_consumes_1_never_scheduled', 'consume_1_or_2_with_dataset_expressions', 'consume_1_or_both_2_and_3_with_dataset_expressions', 'dataset_consumes_unknown_never_scheduled', 'dataset_consumes_1', 'dataset_produces_2' retrieved from /home/airflow/.local/lib/python3.12/site-packages/airflow/example_dags/example_datasets.py
[2025-03-18T23:44:48.400+0000] {logging_mixin.py:190} INFO - [2025-03-18T23:44:48.400+0000] {dag.py:3239} INFO - Sync 10 DAGs
[2025-03-18T23:44:48.423+0000] {logging_mixin.py:190} INFO - [2025-03-18T23:44:48.423+0000] {dag.py:4180} INFO - Setting next_dagrun for conditional_dataset_and_time_based_timetable to 2025-03-12 01:00:00+00:00, run_after=2025-03-12 01:00:00+00:00
[2025-03-18T23:44:48.427+0000] {logging_mixin.py:190} INFO - [2025-03-18T23:44:48.427+0000] {dag.py:4180} INFO - Setting next_dagrun for consume_1_and_2_with_dataset_expressions to None, run_after=None
[2025-03-18T23:44:48.428+0000] {logging_mixin.py:190} INFO - [2025-03-18T23:44:48.428+0000] {dag.py:4180} INFO - Setting next_dagrun for consume_1_or_2_with_dataset_expressions to None, run_after=None
[2025-03-18T23:44:48.429+0000] {logging_mixin.py:190} INFO - [2025-03-18T23:44:48.429+0000] {dag.py:4180} INFO - Setting next_dagrun for consume_1_or_both_2_and_3_with_dataset_expressions to None, run_after=None
[2025-03-18T23:44:48.430+0000] {logging_mixin.py:190} INFO - [2025-03-18T23:44:48.430+0000] {dag.py:4180} INFO - Setting next_dagrun for dataset_consumes_1 to None, run_after=None
[2025-03-18T23:44:48.431+0000] {logging_mixin.py:190} INFO - [2025-03-18T23:44:48.431+0000] {dag.py:4180} INFO - Setting next_dagrun for dataset_consumes_1_and_2 to None, run_after=None
[2025-03-18T23:44:48.432+0000] {logging_mixin.py:190} INFO - [2025-03-18T23:44:48.432+0000] {dag.py:4180} INFO - Setting next_dagrun for dataset_consumes_1_never_scheduled to None, run_after=None
[2025-03-18T23:44:48.433+0000] {logging_mixin.py:190} INFO - [2025-03-18T23:44:48.433+0000] {dag.py:4180} INFO - Setting next_dagrun for dataset_consumes_unknown_never_scheduled to None, run_after=None
[2025-03-18T23:44:48.435+0000] {logging_mixin.py:190} INFO - [2025-03-18T23:44:48.435+0000] {dag.py:4180} INFO - Setting next_dagrun for dataset_produces_1 to 2025-03-17 00:00:00+00:00, run_after=2025-03-18 00:00:00+00:00
[2025-03-18T23:44:48.437+0000] {logging_mixin.py:190} INFO - [2025-03-18T23:44:48.436+0000] {dag.py:4180} INFO - Setting next_dagrun for dataset_produces_2 to None, run_after=None
[2025-03-18T23:44:48.470+0000] {processor.py:208} INFO - Processing /home/airflow/.local/lib/python3.12/site-packages/airflow/example_dags/example_datasets.py took 0.602 seconds
[2025-03-18T23:45:18.648+0000] {processor.py:186} INFO - Started process (PID=257) to work on /home/airflow/.local/lib/python3.12/site-packages/airflow/example_dags/example_datasets.py
[2025-03-18T23:45:18.649+0000] {processor.py:914} INFO - Processing file /home/airflow/.local/lib/python3.12/site-packages/airflow/example_dags/example_datasets.py for tasks to queue
[2025-03-18T23:45:18.650+0000] {logging_mixin.py:190} INFO - [2025-03-18T23:45:18.650+0000] {dagbag.py:588} INFO - Filling up the DagBag from /home/airflow/.local/lib/python3.12/site-packages/airflow/example_dags/example_datasets.py
[2025-03-18T23:45:19.083+0000] {processor.py:925} INFO - DAG(s) 'dataset_produces_2', 'dataset_produces_1', 'dataset_consumes_1_and_2', 'consume_1_or_both_2_and_3_with_dataset_expressions', 'conditional_dataset_and_time_based_timetable', 'consume_1_or_2_with_dataset_expressions', 'dataset_consumes_unknown_never_scheduled', 'consume_1_and_2_with_dataset_expressions', 'dataset_consumes_1_never_scheduled', 'dataset_consumes_1' retrieved from /home/airflow/.local/lib/python3.12/site-packages/airflow/example_dags/example_datasets.py
[2025-03-18T23:45:19.118+0000] {logging_mixin.py:190} INFO - [2025-03-18T23:45:19.118+0000] {dag.py:3239} INFO - Sync 10 DAGs
[2025-03-18T23:45:19.140+0000] {logging_mixin.py:190} INFO - [2025-03-18T23:45:19.139+0000] {dag.py:4180} INFO - Setting next_dagrun for conditional_dataset_and_time_based_timetable to 2025-03-12 01:00:00+00:00, run_after=2025-03-12 01:00:00+00:00
[2025-03-18T23:45:19.143+0000] {logging_mixin.py:190} INFO - [2025-03-18T23:45:19.142+0000] {dag.py:4180} INFO - Setting next_dagrun for consume_1_and_2_with_dataset_expressions to None, run_after=None
[2025-03-18T23:45:19.144+0000] {logging_mixin.py:190} INFO - [2025-03-18T23:45:19.144+0000] {dag.py:4180} INFO - Setting next_dagrun for consume_1_or_2_with_dataset_expressions to None, run_after=None
[2025-03-18T23:45:19.145+0000] {logging_mixin.py:190} INFO - [2025-03-18T23:45:19.145+0000] {dag.py:4180} INFO - Setting next_dagrun for consume_1_or_both_2_and_3_with_dataset_expressions to None, run_after=None
[2025-03-18T23:45:19.147+0000] {logging_mixin.py:190} INFO - [2025-03-18T23:45:19.146+0000] {dag.py:4180} INFO - Setting next_dagrun for dataset_consumes_1 to None, run_after=None
[2025-03-18T23:45:19.148+0000] {logging_mixin.py:190} INFO - [2025-03-18T23:45:19.147+0000] {dag.py:4180} INFO - Setting next_dagrun for dataset_consumes_1_and_2 to None, run_after=None
[2025-03-18T23:45:19.149+0000] {logging_mixin.py:190} INFO - [2025-03-18T23:45:19.148+0000] {dag.py:4180} INFO - Setting next_dagrun for dataset_consumes_1_never_scheduled to None, run_after=None
[2025-03-18T23:45:19.150+0000] {logging_mixin.py:190} INFO - [2025-03-18T23:45:19.149+0000] {dag.py:4180} INFO - Setting next_dagrun for dataset_consumes_unknown_never_scheduled to None, run_after=None
[2025-03-18T23:45:19.152+0000] {logging_mixin.py:190} INFO - [2025-03-18T23:45:19.152+0000] {dag.py:4180} INFO - Setting next_dagrun for dataset_produces_1 to 2025-03-17 00:00:00+00:00, run_after=2025-03-18 00:00:00+00:00
[2025-03-18T23:45:19.153+0000] {logging_mixin.py:190} INFO - [2025-03-18T23:45:19.153+0000] {dag.py:4180} INFO - Setting next_dagrun for dataset_produces_2 to None, run_after=None
[2025-03-18T23:45:19.182+0000] {processor.py:208} INFO - Processing /home/airflow/.local/lib/python3.12/site-packages/airflow/example_dags/example_datasets.py took 0.538 seconds
[2025-03-18T23:45:49.911+0000] {processor.py:186} INFO - Started process (PID=320) to work on /home/airflow/.local/lib/python3.12/site-packages/airflow/example_dags/example_datasets.py
[2025-03-18T23:45:49.911+0000] {processor.py:914} INFO - Processing file /home/airflow/.local/lib/python3.12/site-packages/airflow/example_dags/example_datasets.py for tasks to queue
[2025-03-18T23:45:49.912+0000] {logging_mixin.py:190} INFO - [2025-03-18T23:45:49.912+0000] {dagbag.py:588} INFO - Filling up the DagBag from /home/airflow/.local/lib/python3.12/site-packages/airflow/example_dags/example_datasets.py
[2025-03-18T23:45:50.328+0000] {processor.py:925} INFO - DAG(s) 'dataset_consumes_1', 'conditional_dataset_and_time_based_timetable', 'consume_1_or_both_2_and_3_with_dataset_expressions', 'dataset_produces_1', 'dataset_consumes_1_never_scheduled', 'dataset_produces_2', 'dataset_consumes_unknown_never_scheduled', 'consume_1_or_2_with_dataset_expressions', 'consume_1_and_2_with_dataset_expressions', 'dataset_consumes_1_and_2' retrieved from /home/airflow/.local/lib/python3.12/site-packages/airflow/example_dags/example_datasets.py
[2025-03-18T23:45:50.360+0000] {logging_mixin.py:190} INFO - [2025-03-18T23:45:50.360+0000] {dag.py:3239} INFO - Sync 10 DAGs
[2025-03-18T23:45:50.381+0000] {logging_mixin.py:190} INFO - [2025-03-18T23:45:50.381+0000] {dag.py:4180} INFO - Setting next_dagrun for conditional_dataset_and_time_based_timetable to 2025-03-12 01:00:00+00:00, run_after=2025-03-12 01:00:00+00:00
[2025-03-18T23:45:50.385+0000] {logging_mixin.py:190} INFO - [2025-03-18T23:45:50.385+0000] {dag.py:4180} INFO - Setting next_dagrun for consume_1_and_2_with_dataset_expressions to None, run_after=None
[2025-03-18T23:45:50.386+0000] {logging_mixin.py:190} INFO - [2025-03-18T23:45:50.386+0000] {dag.py:4180} INFO - Setting next_dagrun for consume_1_or_2_with_dataset_expressions to None, run_after=None
[2025-03-18T23:45:50.387+0000] {logging_mixin.py:190} INFO - [2025-03-18T23:45:50.387+0000] {dag.py:4180} INFO - Setting next_dagrun for consume_1_or_both_2_and_3_with_dataset_expressions to None, run_after=None
[2025-03-18T23:45:50.388+0000] {logging_mixin.py:190} INFO - [2025-03-18T23:45:50.388+0000] {dag.py:4180} INFO - Setting next_dagrun for dataset_consumes_1 to None, run_after=None
[2025-03-18T23:45:50.389+0000] {logging_mixin.py:190} INFO - [2025-03-18T23:45:50.389+0000] {dag.py:4180} INFO - Setting next_dagrun for dataset_consumes_1_and_2 to None, run_after=None
[2025-03-18T23:45:50.390+0000] {logging_mixin.py:190} INFO - [2025-03-18T23:45:50.390+0000] {dag.py:4180} INFO - Setting next_dagrun for dataset_consumes_1_never_scheduled to None, run_after=None
[2025-03-18T23:45:50.391+0000] {logging_mixin.py:190} INFO - [2025-03-18T23:45:50.391+0000] {dag.py:4180} INFO - Setting next_dagrun for dataset_consumes_unknown_never_scheduled to None, run_after=None
[2025-03-18T23:45:50.393+0000] {logging_mixin.py:190} INFO - [2025-03-18T23:45:50.393+0000] {dag.py:4180} INFO - Setting next_dagrun for dataset_produces_1 to 2025-03-17 00:00:00+00:00, run_after=2025-03-18 00:00:00+00:00
[2025-03-18T23:45:50.394+0000] {logging_mixin.py:190} INFO - [2025-03-18T23:45:50.394+0000] {dag.py:4180} INFO - Setting next_dagrun for dataset_produces_2 to None, run_after=None
[2025-03-18T23:45:50.421+0000] {processor.py:208} INFO - Processing /home/airflow/.local/lib/python3.12/site-packages/airflow/example_dags/example_datasets.py took 0.514 seconds
[2025-03-18T23:46:21.211+0000] {processor.py:186} INFO - Started process (PID=383) to work on /home/airflow/.local/lib/python3.12/site-packages/airflow/example_dags/example_datasets.py
[2025-03-18T23:46:21.212+0000] {processor.py:914} INFO - Processing file /home/airflow/.local/lib/python3.12/site-packages/airflow/example_dags/example_datasets.py for tasks to queue
[2025-03-18T23:46:21.213+0000] {logging_mixin.py:190} INFO - [2025-03-18T23:46:21.213+0000] {dagbag.py:588} INFO - Filling up the DagBag from /home/airflow/.local/lib/python3.12/site-packages/airflow/example_dags/example_datasets.py
[2025-03-18T23:46:21.627+0000] {processor.py:925} INFO - DAG(s) 'consume_1_and_2_with_dataset_expressions', 'consume_1_or_both_2_and_3_with_dataset_expressions', 'dataset_produces_1', 'dataset_consumes_1_never_scheduled', 'conditional_dataset_and_time_based_timetable', 'dataset_consumes_1_and_2', 'consume_1_or_2_with_dataset_expressions', 'dataset_consumes_1', 'dataset_produces_2', 'dataset_consumes_unknown_never_scheduled' retrieved from /home/airflow/.local/lib/python3.12/site-packages/airflow/example_dags/example_datasets.py
[2025-03-18T23:46:21.657+0000] {logging_mixin.py:190} INFO - [2025-03-18T23:46:21.657+0000] {dag.py:3239} INFO - Sync 10 DAGs
[2025-03-18T23:46:21.676+0000] {logging_mixin.py:190} INFO - [2025-03-18T23:46:21.676+0000] {dag.py:4180} INFO - Setting next_dagrun for conditional_dataset_and_time_based_timetable to 2025-03-12 01:00:00+00:00, run_after=2025-03-12 01:00:00+00:00
[2025-03-18T23:46:21.679+0000] {logging_mixin.py:190} INFO - [2025-03-18T23:46:21.679+0000] {dag.py:4180} INFO - Setting next_dagrun for consume_1_and_2_with_dataset_expressions to None, run_after=None
[2025-03-18T23:46:21.680+0000] {logging_mixin.py:190} INFO - [2025-03-18T23:46:21.680+0000] {dag.py:4180} INFO - Setting next_dagrun for consume_1_or_2_with_dataset_expressions to None, run_after=None
[2025-03-18T23:46:21.681+0000] {logging_mixin.py:190} INFO - [2025-03-18T23:46:21.681+0000] {dag.py:4180} INFO - Setting next_dagrun for consume_1_or_both_2_and_3_with_dataset_expressions to None, run_after=None
[2025-03-18T23:46:21.682+0000] {logging_mixin.py:190} INFO - [2025-03-18T23:46:21.681+0000] {dag.py:4180} INFO - Setting next_dagrun for dataset_consumes_1 to None, run_after=None
[2025-03-18T23:46:21.682+0000] {logging_mixin.py:190} INFO - [2025-03-18T23:46:21.682+0000] {dag.py:4180} INFO - Setting next_dagrun for dataset_consumes_1_and_2 to None, run_after=None
[2025-03-18T23:46:21.683+0000] {logging_mixin.py:190} INFO - [2025-03-18T23:46:21.683+0000] {dag.py:4180} INFO - Setting next_dagrun for dataset_consumes_1_never_scheduled to None, run_after=None
[2025-03-18T23:46:21.684+0000] {logging_mixin.py:190} INFO - [2025-03-18T23:46:21.684+0000] {dag.py:4180} INFO - Setting next_dagrun for dataset_consumes_unknown_never_scheduled to None, run_after=None
[2025-03-18T23:46:21.686+0000] {logging_mixin.py:190} INFO - [2025-03-18T23:46:21.686+0000] {dag.py:4180} INFO - Setting next_dagrun for dataset_produces_1 to 2025-03-17 00:00:00+00:00, run_after=2025-03-18 00:00:00+00:00
[2025-03-18T23:46:21.687+0000] {logging_mixin.py:190} INFO - [2025-03-18T23:46:21.687+0000] {dag.py:4180} INFO - Setting next_dagrun for dataset_produces_2 to None, run_after=None
[2025-03-18T23:46:21.711+0000] {processor.py:208} INFO - Processing /home/airflow/.local/lib/python3.12/site-packages/airflow/example_dags/example_datasets.py took 0.503 seconds
[2025-03-18T23:46:52.385+0000] {processor.py:186} INFO - Started process (PID=446) to work on /home/airflow/.local/lib/python3.12/site-packages/airflow/example_dags/example_datasets.py
[2025-03-18T23:46:52.386+0000] {processor.py:914} INFO - Processing file /home/airflow/.local/lib/python3.12/site-packages/airflow/example_dags/example_datasets.py for tasks to queue
[2025-03-18T23:46:52.387+0000] {logging_mixin.py:190} INFO - [2025-03-18T23:46:52.387+0000] {dagbag.py:588} INFO - Filling up the DagBag from /home/airflow/.local/lib/python3.12/site-packages/airflow/example_dags/example_datasets.py
[2025-03-18T23:46:52.799+0000] {processor.py:925} INFO - DAG(s) 'consume_1_or_2_with_dataset_expressions', 'conditional_dataset_and_time_based_timetable', 'dataset_consumes_1_and_2', 'dataset_produces_1', 'dataset_consumes_1_never_scheduled', 'dataset_consumes_1', 'dataset_produces_2', 'consume_1_or_both_2_and_3_with_dataset_expressions', 'dataset_consumes_unknown_never_scheduled', 'consume_1_and_2_with_dataset_expressions' retrieved from /home/airflow/.local/lib/python3.12/site-packages/airflow/example_dags/example_datasets.py
[2025-03-18T23:46:52.829+0000] {logging_mixin.py:190} INFO - [2025-03-18T23:46:52.829+0000] {dag.py:3239} INFO - Sync 10 DAGs
[2025-03-18T23:46:52.848+0000] {logging_mixin.py:190} INFO - [2025-03-18T23:46:52.848+0000] {dag.py:4180} INFO - Setting next_dagrun for conditional_dataset_and_time_based_timetable to 2025-03-12 01:00:00+00:00, run_after=2025-03-12 01:00:00+00:00
[2025-03-18T23:46:52.851+0000] {logging_mixin.py:190} INFO - [2025-03-18T23:46:52.850+0000] {dag.py:4180} INFO - Setting next_dagrun for consume_1_and_2_with_dataset_expressions to None, run_after=None
[2025-03-18T23:46:52.852+0000] {logging_mixin.py:190} INFO - [2025-03-18T23:46:52.851+0000] {dag.py:4180} INFO - Setting next_dagrun for consume_1_or_2_with_dataset_expressions to None, run_after=None
[2025-03-18T23:46:52.852+0000] {logging_mixin.py:190} INFO - [2025-03-18T23:46:52.852+0000] {dag.py:4180} INFO - Setting next_dagrun for consume_1_or_both_2_and_3_with_dataset_expressions to None, run_after=None
[2025-03-18T23:46:52.853+0000] {logging_mixin.py:190} INFO - [2025-03-18T23:46:52.853+0000] {dag.py:4180} INFO - Setting next_dagrun for dataset_consumes_1 to None, run_after=None
[2025-03-18T23:46:52.854+0000] {logging_mixin.py:190} INFO - [2025-03-18T23:46:52.854+0000] {dag.py:4180} INFO - Setting next_dagrun for dataset_consumes_1_and_2 to None, run_after=None
[2025-03-18T23:46:52.855+0000] {logging_mixin.py:190} INFO - [2025-03-18T23:46:52.855+0000] {dag.py:4180} INFO - Setting next_dagrun for dataset_consumes_1_never_scheduled to None, run_after=None
[2025-03-18T23:46:52.856+0000] {logging_mixin.py:190} INFO - [2025-03-18T23:46:52.856+0000] {dag.py:4180} INFO - Setting next_dagrun for dataset_consumes_unknown_never_scheduled to None, run_after=None
[2025-03-18T23:46:52.858+0000] {logging_mixin.py:190} INFO - [2025-03-18T23:46:52.858+0000] {dag.py:4180} INFO - Setting next_dagrun for dataset_produces_1 to 2025-03-17 00:00:00+00:00, run_after=2025-03-18 00:00:00+00:00
[2025-03-18T23:46:52.859+0000] {logging_mixin.py:190} INFO - [2025-03-18T23:46:52.859+0000] {dag.py:4180} INFO - Setting next_dagrun for dataset_produces_2 to None, run_after=None
[2025-03-18T23:46:52.882+0000] {processor.py:208} INFO - Processing /home/airflow/.local/lib/python3.12/site-packages/airflow/example_dags/example_datasets.py took 0.500 seconds
[2025-03-18T23:47:23.382+0000] {processor.py:186} INFO - Started process (PID=509) to work on /home/airflow/.local/lib/python3.12/site-packages/airflow/example_dags/example_datasets.py
[2025-03-18T23:47:23.383+0000] {processor.py:914} INFO - Processing file /home/airflow/.local/lib/python3.12/site-packages/airflow/example_dags/example_datasets.py for tasks to queue
[2025-03-18T23:47:23.384+0000] {logging_mixin.py:190} INFO - [2025-03-18T23:47:23.384+0000] {dagbag.py:588} INFO - Filling up the DagBag from /home/airflow/.local/lib/python3.12/site-packages/airflow/example_dags/example_datasets.py
[2025-03-18T23:47:23.813+0000] {processor.py:925} INFO - DAG(s) 'conditional_dataset_and_time_based_timetable', 'dataset_consumes_unknown_never_scheduled', 'consume_1_or_2_with_dataset_expressions', 'dataset_consumes_1', 'dataset_produces_1', 'consume_1_and_2_with_dataset_expressions', 'dataset_consumes_1_and_2', 'consume_1_or_both_2_and_3_with_dataset_expressions', 'dataset_consumes_1_never_scheduled', 'dataset_produces_2' retrieved from /home/airflow/.local/lib/python3.12/site-packages/airflow/example_dags/example_datasets.py
[2025-03-18T23:47:23.844+0000] {logging_mixin.py:190} INFO - [2025-03-18T23:47:23.843+0000] {dag.py:3239} INFO - Sync 10 DAGs
[2025-03-18T23:47:23.863+0000] {logging_mixin.py:190} INFO - [2025-03-18T23:47:23.863+0000] {dag.py:4180} INFO - Setting next_dagrun for conditional_dataset_and_time_based_timetable to 2025-03-12 01:00:00+00:00, run_after=2025-03-12 01:00:00+00:00
[2025-03-18T23:47:23.866+0000] {logging_mixin.py:190} INFO - [2025-03-18T23:47:23.866+0000] {dag.py:4180} INFO - Setting next_dagrun for consume_1_and_2_with_dataset_expressions to None, run_after=None
[2025-03-18T23:47:23.867+0000] {logging_mixin.py:190} INFO - [2025-03-18T23:47:23.867+0000] {dag.py:4180} INFO - Setting next_dagrun for consume_1_or_2_with_dataset_expressions to None, run_after=None
[2025-03-18T23:47:23.868+0000] {logging_mixin.py:190} INFO - [2025-03-18T23:47:23.868+0000] {dag.py:4180} INFO - Setting next_dagrun for consume_1_or_both_2_and_3_with_dataset_expressions to None, run_after=None
[2025-03-18T23:47:23.869+0000] {logging_mixin.py:190} INFO - [2025-03-18T23:47:23.869+0000] {dag.py:4180} INFO - Setting next_dagrun for dataset_consumes_1 to None, run_after=None
[2025-03-18T23:47:23.870+0000] {logging_mixin.py:190} INFO - [2025-03-18T23:47:23.870+0000] {dag.py:4180} INFO - Setting next_dagrun for dataset_consumes_1_and_2 to None, run_after=None
[2025-03-18T23:47:23.871+0000] {logging_mixin.py:190} INFO - [2025-03-18T23:47:23.871+0000] {dag.py:4180} INFO - Setting next_dagrun for dataset_consumes_1_never_scheduled to None, run_after=None
[2025-03-18T23:47:23.872+0000] {logging_mixin.py:190} INFO - [2025-03-18T23:47:23.872+0000] {dag.py:4180} INFO - Setting next_dagrun for dataset_consumes_unknown_never_scheduled to None, run_after=None
[2025-03-18T23:47:23.874+0000] {logging_mixin.py:190} INFO - [2025-03-18T23:47:23.874+0000] {dag.py:4180} INFO - Setting next_dagrun for dataset_produces_1 to 2025-03-17 00:00:00+00:00, run_after=2025-03-18 00:00:00+00:00
[2025-03-18T23:47:23.875+0000] {logging_mixin.py:190} INFO - [2025-03-18T23:47:23.875+0000] {dag.py:4180} INFO - Setting next_dagrun for dataset_produces_2 to None, run_after=None
[2025-03-18T23:47:23.900+0000] {processor.py:208} INFO - Processing /home/airflow/.local/lib/python3.12/site-packages/airflow/example_dags/example_datasets.py took 0.521 seconds
[2025-03-18T23:47:54.121+0000] {processor.py:186} INFO - Started process (PID=577) to work on /home/airflow/.local/lib/python3.12/site-packages/airflow/example_dags/example_datasets.py
[2025-03-18T23:47:54.122+0000] {processor.py:914} INFO - Processing file /home/airflow/.local/lib/python3.12/site-packages/airflow/example_dags/example_datasets.py for tasks to queue
[2025-03-18T23:47:54.123+0000] {logging_mixin.py:190} INFO - [2025-03-18T23:47:54.123+0000] {dagbag.py:588} INFO - Filling up the DagBag from /home/airflow/.local/lib/python3.12/site-packages/airflow/example_dags/example_datasets.py
[2025-03-18T23:47:54.554+0000] {processor.py:925} INFO - DAG(s) 'conditional_dataset_and_time_based_timetable', 'consume_1_and_2_with_dataset_expressions', 'dataset_consumes_1', 'dataset_consumes_1_never_scheduled', 'dataset_produces_2', 'consume_1_or_2_with_dataset_expressions', 'consume_1_or_both_2_and_3_with_dataset_expressions', 'dataset_consumes_unknown_never_scheduled', 'dataset_consumes_1_and_2', 'dataset_produces_1' retrieved from /home/airflow/.local/lib/python3.12/site-packages/airflow/example_dags/example_datasets.py
[2025-03-18T23:47:54.587+0000] {logging_mixin.py:190} INFO - [2025-03-18T23:47:54.587+0000] {dag.py:3239} INFO - Sync 10 DAGs
[2025-03-18T23:47:54.607+0000] {logging_mixin.py:190} INFO - [2025-03-18T23:47:54.607+0000] {dag.py:4180} INFO - Setting next_dagrun for conditional_dataset_and_time_based_timetable to 2025-03-12 01:00:00+00:00, run_after=2025-03-12 01:00:00+00:00
[2025-03-18T23:47:54.610+0000] {logging_mixin.py:190} INFO - [2025-03-18T23:47:54.610+0000] {dag.py:4180} INFO - Setting next_dagrun for consume_1_and_2_with_dataset_expressions to None, run_after=None
[2025-03-18T23:47:54.611+0000] {logging_mixin.py:190} INFO - [2025-03-18T23:47:54.611+0000] {dag.py:4180} INFO - Setting next_dagrun for consume_1_or_2_with_dataset_expressions to None, run_after=None
[2025-03-18T23:47:54.612+0000] {logging_mixin.py:190} INFO - [2025-03-18T23:47:54.612+0000] {dag.py:4180} INFO - Setting next_dagrun for consume_1_or_both_2_and_3_with_dataset_expressions to None, run_after=None
[2025-03-18T23:47:54.613+0000] {logging_mixin.py:190} INFO - [2025-03-18T23:47:54.613+0000] {dag.py:4180} INFO - Setting next_dagrun for dataset_consumes_1 to None, run_after=None
[2025-03-18T23:47:54.614+0000] {logging_mixin.py:190} INFO - [2025-03-18T23:47:54.614+0000] {dag.py:4180} INFO - Setting next_dagrun for dataset_consumes_1_and_2 to None, run_after=None
[2025-03-18T23:47:54.615+0000] {logging_mixin.py:190} INFO - [2025-03-18T23:47:54.615+0000] {dag.py:4180} INFO - Setting next_dagrun for dataset_consumes_1_never_scheduled to None, run_after=None
[2025-03-18T23:47:54.616+0000] {logging_mixin.py:190} INFO - [2025-03-18T23:47:54.616+0000] {dag.py:4180} INFO - Setting next_dagrun for dataset_consumes_unknown_never_scheduled to None, run_after=None
[2025-03-18T23:47:54.618+0000] {logging_mixin.py:190} INFO - [2025-03-18T23:47:54.618+0000] {dag.py:4180} INFO - Setting next_dagrun for dataset_produces_1 to 2025-03-17 00:00:00+00:00, run_after=2025-03-18 00:00:00+00:00
[2025-03-18T23:47:54.619+0000] {logging_mixin.py:190} INFO - [2025-03-18T23:47:54.619+0000] {dag.py:4180} INFO - Setting next_dagrun for dataset_produces_2 to None, run_after=None
[2025-03-18T23:47:54.644+0000] {processor.py:208} INFO - Processing /home/airflow/.local/lib/python3.12/site-packages/airflow/example_dags/example_datasets.py took 0.526 seconds
[2025-03-18T23:48:24.755+0000] {processor.py:186} INFO - Started process (PID=642) to work on /home/airflow/.local/lib/python3.12/site-packages/airflow/example_dags/example_datasets.py
[2025-03-18T23:48:24.755+0000] {processor.py:914} INFO - Processing file /home/airflow/.local/lib/python3.12/site-packages/airflow/example_dags/example_datasets.py for tasks to queue
[2025-03-18T23:48:24.756+0000] {logging_mixin.py:190} INFO - [2025-03-18T23:48:24.756+0000] {dagbag.py:588} INFO - Filling up the DagBag from /home/airflow/.local/lib/python3.12/site-packages/airflow/example_dags/example_datasets.py
[2025-03-18T23:48:25.164+0000] {processor.py:925} INFO - DAG(s) 'conditional_dataset_and_time_based_timetable', 'consume_1_and_2_with_dataset_expressions', 'dataset_produces_1', 'dataset_consumes_unknown_never_scheduled', 'dataset_consumes_1_and_2', 'dataset_consumes_1_never_scheduled', 'consume_1_or_both_2_and_3_with_dataset_expressions', 'consume_1_or_2_with_dataset_expressions', 'dataset_produces_2', 'dataset_consumes_1' retrieved from /home/airflow/.local/lib/python3.12/site-packages/airflow/example_dags/example_datasets.py
[2025-03-18T23:48:25.195+0000] {logging_mixin.py:190} INFO - [2025-03-18T23:48:25.195+0000] {dag.py:3239} INFO - Sync 10 DAGs
[2025-03-18T23:48:25.216+0000] {logging_mixin.py:190} INFO - [2025-03-18T23:48:25.216+0000] {dag.py:4180} INFO - Setting next_dagrun for conditional_dataset_and_time_based_timetable to 2025-03-12 01:00:00+00:00, run_after=2025-03-12 01:00:00+00:00
[2025-03-18T23:48:25.219+0000] {logging_mixin.py:190} INFO - [2025-03-18T23:48:25.218+0000] {dag.py:4180} INFO - Setting next_dagrun for consume_1_and_2_with_dataset_expressions to None, run_after=None
[2025-03-18T23:48:25.220+0000] {logging_mixin.py:190} INFO - [2025-03-18T23:48:25.219+0000] {dag.py:4180} INFO - Setting next_dagrun for consume_1_or_2_with_dataset_expressions to None, run_after=None
[2025-03-18T23:48:25.220+0000] {logging_mixin.py:190} INFO - [2025-03-18T23:48:25.220+0000] {dag.py:4180} INFO - Setting next_dagrun for consume_1_or_both_2_and_3_with_dataset_expressions to None, run_after=None
[2025-03-18T23:48:25.221+0000] {logging_mixin.py:190} INFO - [2025-03-18T23:48:25.221+0000] {dag.py:4180} INFO - Setting next_dagrun for dataset_consumes_1 to None, run_after=None
[2025-03-18T23:48:25.222+0000] {logging_mixin.py:190} INFO - [2025-03-18T23:48:25.222+0000] {dag.py:4180} INFO - Setting next_dagrun for dataset_consumes_1_and_2 to None, run_after=None
[2025-03-18T23:48:25.223+0000] {logging_mixin.py:190} INFO - [2025-03-18T23:48:25.222+0000] {dag.py:4180} INFO - Setting next_dagrun for dataset_consumes_1_never_scheduled to None, run_after=None
[2025-03-18T23:48:25.223+0000] {logging_mixin.py:190} INFO - [2025-03-18T23:48:25.223+0000] {dag.py:4180} INFO - Setting next_dagrun for dataset_consumes_unknown_never_scheduled to None, run_after=None
[2025-03-18T23:48:25.225+0000] {logging_mixin.py:190} INFO - [2025-03-18T23:48:25.225+0000] {dag.py:4180} INFO - Setting next_dagrun for dataset_produces_1 to 2025-03-17 00:00:00+00:00, run_after=2025-03-18 00:00:00+00:00
[2025-03-18T23:48:25.226+0000] {logging_mixin.py:190} INFO - [2025-03-18T23:48:25.226+0000] {dag.py:4180} INFO - Setting next_dagrun for dataset_produces_2 to None, run_after=None
[2025-03-18T23:48:25.248+0000] {processor.py:208} INFO - Processing /home/airflow/.local/lib/python3.12/site-packages/airflow/example_dags/example_datasets.py took 0.496 seconds
[2025-03-18T23:48:55.282+0000] {processor.py:186} INFO - Started process (PID=712) to work on /home/airflow/.local/lib/python3.12/site-packages/airflow/example_dags/example_datasets.py
[2025-03-18T23:48:55.282+0000] {processor.py:914} INFO - Processing file /home/airflow/.local/lib/python3.12/site-packages/airflow/example_dags/example_datasets.py for tasks to queue
[2025-03-18T23:48:55.284+0000] {logging_mixin.py:190} INFO - [2025-03-18T23:48:55.283+0000] {dagbag.py:588} INFO - Filling up the DagBag from /home/airflow/.local/lib/python3.12/site-packages/airflow/example_dags/example_datasets.py
[2025-03-18T23:48:55.751+0000] {processor.py:925} INFO - DAG(s) 'consume_1_or_both_2_and_3_with_dataset_expressions', 'dataset_consumes_1', 'consume_1_or_2_with_dataset_expressions', 'consume_1_and_2_with_dataset_expressions', 'dataset_produces_1', 'conditional_dataset_and_time_based_timetable', 'dataset_produces_2', 'dataset_consumes_1_never_scheduled', 'dataset_consumes_unknown_never_scheduled', 'dataset_consumes_1_and_2' retrieved from /home/airflow/.local/lib/python3.12/site-packages/airflow/example_dags/example_datasets.py
[2025-03-18T23:48:55.785+0000] {logging_mixin.py:190} INFO - [2025-03-18T23:48:55.785+0000] {dag.py:3239} INFO - Sync 10 DAGs
[2025-03-18T23:48:55.807+0000] {logging_mixin.py:190} INFO - [2025-03-18T23:48:55.807+0000] {dag.py:4180} INFO - Setting next_dagrun for conditional_dataset_and_time_based_timetable to 2025-03-12 01:00:00+00:00, run_after=2025-03-12 01:00:00+00:00
[2025-03-18T23:48:55.810+0000] {logging_mixin.py:190} INFO - [2025-03-18T23:48:55.810+0000] {dag.py:4180} INFO - Setting next_dagrun for consume_1_and_2_with_dataset_expressions to None, run_after=None
[2025-03-18T23:48:55.812+0000] {logging_mixin.py:190} INFO - [2025-03-18T23:48:55.811+0000] {dag.py:4180} INFO - Setting next_dagrun for consume_1_or_2_with_dataset_expressions to None, run_after=None
[2025-03-18T23:48:55.812+0000] {logging_mixin.py:190} INFO - [2025-03-18T23:48:55.812+0000] {dag.py:4180} INFO - Setting next_dagrun for consume_1_or_both_2_and_3_with_dataset_expressions to None, run_after=None
[2025-03-18T23:48:55.813+0000] {logging_mixin.py:190} INFO - [2025-03-18T23:48:55.813+0000] {dag.py:4180} INFO - Setting next_dagrun for dataset_consumes_1 to None, run_after=None
[2025-03-18T23:48:55.814+0000] {logging_mixin.py:190} INFO - [2025-03-18T23:48:55.814+0000] {dag.py:4180} INFO - Setting next_dagrun for dataset_consumes_1_and_2 to None, run_after=None
[2025-03-18T23:48:55.815+0000] {logging_mixin.py:190} INFO - [2025-03-18T23:48:55.815+0000] {dag.py:4180} INFO - Setting next_dagrun for dataset_consumes_1_never_scheduled to None, run_after=None
[2025-03-18T23:48:55.816+0000] {logging_mixin.py:190} INFO - [2025-03-18T23:48:55.816+0000] {dag.py:4180} INFO - Setting next_dagrun for dataset_consumes_unknown_never_scheduled to None, run_after=None
[2025-03-18T23:48:55.818+0000] {logging_mixin.py:190} INFO - [2025-03-18T23:48:55.818+0000] {dag.py:4180} INFO - Setting next_dagrun for dataset_produces_1 to 2025-03-17 00:00:00+00:00, run_after=2025-03-18 00:00:00+00:00
[2025-03-18T23:48:55.819+0000] {logging_mixin.py:190} INFO - [2025-03-18T23:48:55.819+0000] {dag.py:4180} INFO - Setting next_dagrun for dataset_produces_2 to None, run_after=None
[2025-03-18T23:48:55.846+0000] {processor.py:208} INFO - Processing /home/airflow/.local/lib/python3.12/site-packages/airflow/example_dags/example_datasets.py took 0.568 seconds
[2025-03-18T23:49:26.656+0000] {processor.py:186} INFO - Started process (PID=781) to work on /home/airflow/.local/lib/python3.12/site-packages/airflow/example_dags/example_datasets.py
[2025-03-18T23:49:26.657+0000] {processor.py:914} INFO - Processing file /home/airflow/.local/lib/python3.12/site-packages/airflow/example_dags/example_datasets.py for tasks to queue
[2025-03-18T23:49:26.658+0000] {logging_mixin.py:190} INFO - [2025-03-18T23:49:26.658+0000] {dagbag.py:588} INFO - Filling up the DagBag from /home/airflow/.local/lib/python3.12/site-packages/airflow/example_dags/example_datasets.py
[2025-03-18T23:49:27.060+0000] {processor.py:925} INFO - DAG(s) 'dataset_consumes_unknown_never_scheduled', 'consume_1_and_2_with_dataset_expressions', 'dataset_consumes_1', 'dataset_consumes_1_never_scheduled', 'conditional_dataset_and_time_based_timetable', 'dataset_consumes_1_and_2', 'consume_1_or_2_with_dataset_expressions', 'dataset_produces_2', 'dataset_produces_1', 'consume_1_or_both_2_and_3_with_dataset_expressions' retrieved from /home/airflow/.local/lib/python3.12/site-packages/airflow/example_dags/example_datasets.py
[2025-03-18T23:49:27.089+0000] {logging_mixin.py:190} INFO - [2025-03-18T23:49:27.088+0000] {dag.py:3239} INFO - Sync 10 DAGs
[2025-03-18T23:49:27.107+0000] {logging_mixin.py:190} INFO - [2025-03-18T23:49:27.106+0000] {dag.py:4180} INFO - Setting next_dagrun for conditional_dataset_and_time_based_timetable to 2025-03-12 01:00:00+00:00, run_after=2025-03-12 01:00:00+00:00
[2025-03-18T23:49:27.109+0000] {logging_mixin.py:190} INFO - [2025-03-18T23:49:27.109+0000] {dag.py:4180} INFO - Setting next_dagrun for consume_1_and_2_with_dataset_expressions to None, run_after=None
[2025-03-18T23:49:27.110+0000] {logging_mixin.py:190} INFO - [2025-03-18T23:49:27.110+0000] {dag.py:4180} INFO - Setting next_dagrun for consume_1_or_2_with_dataset_expressions to None, run_after=None
[2025-03-18T23:49:27.111+0000] {logging_mixin.py:190} INFO - [2025-03-18T23:49:27.111+0000] {dag.py:4180} INFO - Setting next_dagrun for consume_1_or_both_2_and_3_with_dataset_expressions to None, run_after=None
[2025-03-18T23:49:27.112+0000] {logging_mixin.py:190} INFO - [2025-03-18T23:49:27.112+0000] {dag.py:4180} INFO - Setting next_dagrun for dataset_consumes_1 to None, run_after=None
[2025-03-18T23:49:27.113+0000] {logging_mixin.py:190} INFO - [2025-03-18T23:49:27.112+0000] {dag.py:4180} INFO - Setting next_dagrun for dataset_consumes_1_and_2 to None, run_after=None
[2025-03-18T23:49:27.113+0000] {logging_mixin.py:190} INFO - [2025-03-18T23:49:27.113+0000] {dag.py:4180} INFO - Setting next_dagrun for dataset_consumes_1_never_scheduled to None, run_after=None
[2025-03-18T23:49:27.114+0000] {logging_mixin.py:190} INFO - [2025-03-18T23:49:27.114+0000] {dag.py:4180} INFO - Setting next_dagrun for dataset_consumes_unknown_never_scheduled to None, run_after=None
[2025-03-18T23:49:27.116+0000] {logging_mixin.py:190} INFO - [2025-03-18T23:49:27.116+0000] {dag.py:4180} INFO - Setting next_dagrun for dataset_produces_1 to 2025-03-17 00:00:00+00:00, run_after=2025-03-18 00:00:00+00:00
[2025-03-18T23:49:27.117+0000] {logging_mixin.py:190} INFO - [2025-03-18T23:49:27.117+0000] {dag.py:4180} INFO - Setting next_dagrun for dataset_produces_2 to None, run_after=None
[2025-03-18T23:49:27.142+0000] {processor.py:208} INFO - Processing /home/airflow/.local/lib/python3.12/site-packages/airflow/example_dags/example_datasets.py took 0.490 seconds
[2025-03-18T23:49:57.803+0000] {processor.py:186} INFO - Started process (PID=846) to work on /home/airflow/.local/lib/python3.12/site-packages/airflow/example_dags/example_datasets.py
[2025-03-18T23:49:57.803+0000] {processor.py:914} INFO - Processing file /home/airflow/.local/lib/python3.12/site-packages/airflow/example_dags/example_datasets.py for tasks to queue
[2025-03-18T23:49:57.804+0000] {logging_mixin.py:190} INFO - [2025-03-18T23:49:57.804+0000] {dagbag.py:588} INFO - Filling up the DagBag from /home/airflow/.local/lib/python3.12/site-packages/airflow/example_dags/example_datasets.py
[2025-03-18T23:49:58.199+0000] {processor.py:925} INFO - DAG(s) 'dataset_consumes_1', 'dataset_produces_2', 'dataset_produces_1', 'conditional_dataset_and_time_based_timetable', 'dataset_consumes_unknown_never_scheduled', 'consume_1_or_both_2_and_3_with_dataset_expressions', 'dataset_consumes_1_and_2', 'consume_1_or_2_with_dataset_expressions', 'dataset_consumes_1_never_scheduled', 'consume_1_and_2_with_dataset_expressions' retrieved from /home/airflow/.local/lib/python3.12/site-packages/airflow/example_dags/example_datasets.py
[2025-03-18T23:49:58.228+0000] {logging_mixin.py:190} INFO - [2025-03-18T23:49:58.227+0000] {dag.py:3239} INFO - Sync 10 DAGs
[2025-03-18T23:49:58.245+0000] {logging_mixin.py:190} INFO - [2025-03-18T23:49:58.245+0000] {dag.py:4180} INFO - Setting next_dagrun for conditional_dataset_and_time_based_timetable to 2025-03-12 01:00:00+00:00, run_after=2025-03-12 01:00:00+00:00
[2025-03-18T23:49:58.248+0000] {logging_mixin.py:190} INFO - [2025-03-18T23:49:58.248+0000] {dag.py:4180} INFO - Setting next_dagrun for consume_1_and_2_with_dataset_expressions to None, run_after=None
[2025-03-18T23:49:58.249+0000] {logging_mixin.py:190} INFO - [2025-03-18T23:49:58.249+0000] {dag.py:4180} INFO - Setting next_dagrun for consume_1_or_2_with_dataset_expressions to None, run_after=None
[2025-03-18T23:49:58.250+0000] {logging_mixin.py:190} INFO - [2025-03-18T23:49:58.250+0000] {dag.py:4180} INFO - Setting next_dagrun for consume_1_or_both_2_and_3_with_dataset_expressions to None, run_after=None
[2025-03-18T23:49:58.251+0000] {logging_mixin.py:190} INFO - [2025-03-18T23:49:58.251+0000] {dag.py:4180} INFO - Setting next_dagrun for dataset_consumes_1 to None, run_after=None
[2025-03-18T23:49:58.252+0000] {logging_mixin.py:190} INFO - [2025-03-18T23:49:58.251+0000] {dag.py:4180} INFO - Setting next_dagrun for dataset_consumes_1_and_2 to None, run_after=None
[2025-03-18T23:49:58.252+0000] {logging_mixin.py:190} INFO - [2025-03-18T23:49:58.252+0000] {dag.py:4180} INFO - Setting next_dagrun for dataset_consumes_1_never_scheduled to None, run_after=None
[2025-03-18T23:49:58.253+0000] {logging_mixin.py:190} INFO - [2025-03-18T23:49:58.253+0000] {dag.py:4180} INFO - Setting next_dagrun for dataset_consumes_unknown_never_scheduled to None, run_after=None
[2025-03-18T23:49:58.255+0000] {logging_mixin.py:190} INFO - [2025-03-18T23:49:58.255+0000] {dag.py:4180} INFO - Setting next_dagrun for dataset_produces_1 to 2025-03-17 00:00:00+00:00, run_after=2025-03-18 00:00:00+00:00
[2025-03-18T23:49:58.256+0000] {logging_mixin.py:190} INFO - [2025-03-18T23:49:58.256+0000] {dag.py:4180} INFO - Setting next_dagrun for dataset_produces_2 to None, run_after=None
[2025-03-18T23:49:58.280+0000] {processor.py:208} INFO - Processing /home/airflow/.local/lib/python3.12/site-packages/airflow/example_dags/example_datasets.py took 0.481 seconds
