[2025-03-18T23:43:47.305+0000] {processor.py:186} INFO - Started process (PID=78) to work on /home/airflow/.local/lib/python3.12/site-packages/airflow/example_dags/example_sensor_decorator.py
[2025-03-18T23:43:47.306+0000] {processor.py:914} INFO - Processing file /home/airflow/.local/lib/python3.12/site-packages/airflow/example_dags/example_sensor_decorator.py for tasks to queue
[2025-03-18T23:43:47.307+0000] {logging_mixin.py:190} INFO - [2025-03-18T23:43:47.307+0000] {dagbag.py:588} INFO - Filling up the DagBag from /home/airflow/.local/lib/python3.12/site-packages/airflow/example_dags/example_sensor_decorator.py
[2025-03-18T23:43:47.312+0000] {processor.py:925} INFO - DAG(s) 'example_sensor_decorator' retrieved from /home/airflow/.local/lib/python3.12/site-packages/airflow/example_dags/example_sensor_decorator.py
[2025-03-18T23:43:47.387+0000] {logging_mixin.py:190} INFO - [2025-03-18T23:43:47.386+0000] {override.py:1912} INFO - Created Permission View: can delete on DAG:example_sensor_decorator
[2025-03-18T23:43:47.394+0000] {logging_mixin.py:190} INFO - [2025-03-18T23:43:47.394+0000] {override.py:1912} INFO - Created Permission View: can read on DAG:example_sensor_decorator
[2025-03-18T23:43:47.399+0000] {logging_mixin.py:190} INFO - [2025-03-18T23:43:47.398+0000] {override.py:1912} INFO - Created Permission View: can edit on DAG:example_sensor_decorator
[2025-03-18T23:43:47.404+0000] {logging_mixin.py:190} INFO - [2025-03-18T23:43:47.404+0000] {override.py:1912} INFO - Created Permission View: can delete on DAG Run:example_sensor_decorator
[2025-03-18T23:43:47.409+0000] {logging_mixin.py:190} INFO - [2025-03-18T23:43:47.409+0000] {override.py:1912} INFO - Created Permission View: can read on DAG Run:example_sensor_decorator
[2025-03-18T23:43:47.413+0000] {logging_mixin.py:190} INFO - [2025-03-18T23:43:47.413+0000] {override.py:1912} INFO - Created Permission View: can create on DAG Run:example_sensor_decorator
[2025-03-18T23:43:47.418+0000] {logging_mixin.py:190} INFO - [2025-03-18T23:43:47.418+0000] {override.py:1912} INFO - Created Permission View: menu access on DAG Run:example_sensor_decorator
[2025-03-18T23:43:47.418+0000] {logging_mixin.py:190} INFO - [2025-03-18T23:43:47.418+0000] {dag.py:3239} INFO - Sync 1 DAGs
[2025-03-18T23:43:47.428+0000] {logging_mixin.py:190} INFO - [2025-03-18T23:43:47.427+0000] {dag.py:3262} INFO - Creating ORM DAG for example_sensor_decorator
[2025-03-18T23:43:47.428+0000] {logging_mixin.py:190} INFO - [2025-03-18T23:43:47.428+0000] {dag.py:4180} INFO - Setting next_dagrun for example_sensor_decorator to None, run_after=None
[2025-03-18T23:43:47.441+0000] {processor.py:208} INFO - Processing /home/airflow/.local/lib/python3.12/site-packages/airflow/example_dags/example_sensor_decorator.py took 0.139 seconds
[2025-03-18T23:44:17.717+0000] {processor.py:186} INFO - Started process (PID=141) to work on /home/airflow/.local/lib/python3.12/site-packages/airflow/example_dags/example_sensor_decorator.py
[2025-03-18T23:44:17.717+0000] {processor.py:914} INFO - Processing file /home/airflow/.local/lib/python3.12/site-packages/airflow/example_dags/example_sensor_decorator.py for tasks to queue
[2025-03-18T23:44:17.719+0000] {logging_mixin.py:190} INFO - [2025-03-18T23:44:17.719+0000] {dagbag.py:588} INFO - Filling up the DagBag from /home/airflow/.local/lib/python3.12/site-packages/airflow/example_dags/example_sensor_decorator.py
[2025-03-18T23:44:17.724+0000] {processor.py:925} INFO - DAG(s) 'example_sensor_decorator' retrieved from /home/airflow/.local/lib/python3.12/site-packages/airflow/example_dags/example_sensor_decorator.py
[2025-03-18T23:44:17.737+0000] {logging_mixin.py:190} INFO - [2025-03-18T23:44:17.737+0000] {dag.py:3239} INFO - Sync 1 DAGs
[2025-03-18T23:44:17.748+0000] {logging_mixin.py:190} INFO - [2025-03-18T23:44:17.748+0000] {dag.py:4180} INFO - Setting next_dagrun for example_sensor_decorator to None, run_after=None
[2025-03-18T23:44:17.762+0000] {processor.py:208} INFO - Processing /home/airflow/.local/lib/python3.12/site-packages/airflow/example_dags/example_sensor_decorator.py took 0.049 seconds
[2025-03-18T23:44:49.155+0000] {processor.py:186} INFO - Started process (PID=204) to work on /home/airflow/.local/lib/python3.12/site-packages/airflow/example_dags/example_sensor_decorator.py
[2025-03-18T23:44:49.156+0000] {processor.py:914} INFO - Processing file /home/airflow/.local/lib/python3.12/site-packages/airflow/example_dags/example_sensor_decorator.py for tasks to queue
[2025-03-18T23:44:49.158+0000] {logging_mixin.py:190} INFO - [2025-03-18T23:44:49.158+0000] {dagbag.py:588} INFO - Filling up the DagBag from /home/airflow/.local/lib/python3.12/site-packages/airflow/example_dags/example_sensor_decorator.py
[2025-03-18T23:44:49.164+0000] {processor.py:925} INFO - DAG(s) 'example_sensor_decorator' retrieved from /home/airflow/.local/lib/python3.12/site-packages/airflow/example_dags/example_sensor_decorator.py
[2025-03-18T23:44:49.181+0000] {logging_mixin.py:190} INFO - [2025-03-18T23:44:49.180+0000] {dag.py:3239} INFO - Sync 1 DAGs
[2025-03-18T23:44:49.192+0000] {logging_mixin.py:190} INFO - [2025-03-18T23:44:49.192+0000] {dag.py:4180} INFO - Setting next_dagrun for example_sensor_decorator to None, run_after=None
[2025-03-18T23:44:49.208+0000] {processor.py:208} INFO - Processing /home/airflow/.local/lib/python3.12/site-packages/airflow/example_dags/example_sensor_decorator.py took 0.059 seconds
[2025-03-18T23:45:19.571+0000] {processor.py:186} INFO - Started process (PID=267) to work on /home/airflow/.local/lib/python3.12/site-packages/airflow/example_dags/example_sensor_decorator.py
[2025-03-18T23:45:19.571+0000] {processor.py:914} INFO - Processing file /home/airflow/.local/lib/python3.12/site-packages/airflow/example_dags/example_sensor_decorator.py for tasks to queue
[2025-03-18T23:45:19.573+0000] {logging_mixin.py:190} INFO - [2025-03-18T23:45:19.572+0000] {dagbag.py:588} INFO - Filling up the DagBag from /home/airflow/.local/lib/python3.12/site-packages/airflow/example_dags/example_sensor_decorator.py
[2025-03-18T23:45:19.578+0000] {processor.py:925} INFO - DAG(s) 'example_sensor_decorator' retrieved from /home/airflow/.local/lib/python3.12/site-packages/airflow/example_dags/example_sensor_decorator.py
[2025-03-18T23:45:19.591+0000] {logging_mixin.py:190} INFO - [2025-03-18T23:45:19.591+0000] {dag.py:3239} INFO - Sync 1 DAGs
[2025-03-18T23:45:19.602+0000] {logging_mixin.py:190} INFO - [2025-03-18T23:45:19.601+0000] {dag.py:4180} INFO - Setting next_dagrun for example_sensor_decorator to None, run_after=None
[2025-03-18T23:45:19.614+0000] {processor.py:208} INFO - Processing /home/airflow/.local/lib/python3.12/site-packages/airflow/example_dags/example_sensor_decorator.py took 0.047 seconds
[2025-03-18T23:45:50.786+0000] {processor.py:186} INFO - Started process (PID=329) to work on /home/airflow/.local/lib/python3.12/site-packages/airflow/example_dags/example_sensor_decorator.py
[2025-03-18T23:45:50.787+0000] {processor.py:914} INFO - Processing file /home/airflow/.local/lib/python3.12/site-packages/airflow/example_dags/example_sensor_decorator.py for tasks to queue
[2025-03-18T23:45:50.788+0000] {logging_mixin.py:190} INFO - [2025-03-18T23:45:50.788+0000] {dagbag.py:588} INFO - Filling up the DagBag from /home/airflow/.local/lib/python3.12/site-packages/airflow/example_dags/example_sensor_decorator.py
[2025-03-18T23:45:50.793+0000] {processor.py:925} INFO - DAG(s) 'example_sensor_decorator' retrieved from /home/airflow/.local/lib/python3.12/site-packages/airflow/example_dags/example_sensor_decorator.py
[2025-03-18T23:45:50.805+0000] {logging_mixin.py:190} INFO - [2025-03-18T23:45:50.805+0000] {dag.py:3239} INFO - Sync 1 DAGs
[2025-03-18T23:45:50.817+0000] {logging_mixin.py:190} INFO - [2025-03-18T23:45:50.816+0000] {dag.py:4180} INFO - Setting next_dagrun for example_sensor_decorator to None, run_after=None
[2025-03-18T23:45:50.829+0000] {processor.py:208} INFO - Processing /home/airflow/.local/lib/python3.12/site-packages/airflow/example_dags/example_sensor_decorator.py took 0.047 seconds
[2025-03-18T23:46:22.055+0000] {processor.py:186} INFO - Started process (PID=392) to work on /home/airflow/.local/lib/python3.12/site-packages/airflow/example_dags/example_sensor_decorator.py
[2025-03-18T23:46:22.056+0000] {processor.py:914} INFO - Processing file /home/airflow/.local/lib/python3.12/site-packages/airflow/example_dags/example_sensor_decorator.py for tasks to queue
[2025-03-18T23:46:22.057+0000] {logging_mixin.py:190} INFO - [2025-03-18T23:46:22.057+0000] {dagbag.py:588} INFO - Filling up the DagBag from /home/airflow/.local/lib/python3.12/site-packages/airflow/example_dags/example_sensor_decorator.py
[2025-03-18T23:46:22.062+0000] {processor.py:925} INFO - DAG(s) 'example_sensor_decorator' retrieved from /home/airflow/.local/lib/python3.12/site-packages/airflow/example_dags/example_sensor_decorator.py
[2025-03-18T23:46:22.074+0000] {logging_mixin.py:190} INFO - [2025-03-18T23:46:22.074+0000] {dag.py:3239} INFO - Sync 1 DAGs
[2025-03-18T23:46:22.084+0000] {logging_mixin.py:190} INFO - [2025-03-18T23:46:22.084+0000] {dag.py:4180} INFO - Setting next_dagrun for example_sensor_decorator to None, run_after=None
[2025-03-18T23:46:22.096+0000] {processor.py:208} INFO - Processing /home/airflow/.local/lib/python3.12/site-packages/airflow/example_dags/example_sensor_decorator.py took 0.045 seconds
[2025-03-18T23:46:53.221+0000] {processor.py:186} INFO - Started process (PID=455) to work on /home/airflow/.local/lib/python3.12/site-packages/airflow/example_dags/example_sensor_decorator.py
[2025-03-18T23:46:53.221+0000] {processor.py:914} INFO - Processing file /home/airflow/.local/lib/python3.12/site-packages/airflow/example_dags/example_sensor_decorator.py for tasks to queue
[2025-03-18T23:46:53.222+0000] {logging_mixin.py:190} INFO - [2025-03-18T23:46:53.222+0000] {dagbag.py:588} INFO - Filling up the DagBag from /home/airflow/.local/lib/python3.12/site-packages/airflow/example_dags/example_sensor_decorator.py
[2025-03-18T23:46:53.228+0000] {processor.py:925} INFO - DAG(s) 'example_sensor_decorator' retrieved from /home/airflow/.local/lib/python3.12/site-packages/airflow/example_dags/example_sensor_decorator.py
[2025-03-18T23:46:53.241+0000] {logging_mixin.py:190} INFO - [2025-03-18T23:46:53.241+0000] {dag.py:3239} INFO - Sync 1 DAGs
[2025-03-18T23:46:53.251+0000] {logging_mixin.py:190} INFO - [2025-03-18T23:46:53.251+0000] {dag.py:4180} INFO - Setting next_dagrun for example_sensor_decorator to None, run_after=None
[2025-03-18T23:46:53.263+0000] {processor.py:208} INFO - Processing /home/airflow/.local/lib/python3.12/site-packages/airflow/example_dags/example_sensor_decorator.py took 0.046 seconds
[2025-03-18T23:47:24.020+0000] {processor.py:186} INFO - Started process (PID=518) to work on /home/airflow/.local/lib/python3.12/site-packages/airflow/example_dags/example_sensor_decorator.py
[2025-03-18T23:47:24.021+0000] {processor.py:914} INFO - Processing file /home/airflow/.local/lib/python3.12/site-packages/airflow/example_dags/example_sensor_decorator.py for tasks to queue
[2025-03-18T23:47:24.023+0000] {logging_mixin.py:190} INFO - [2025-03-18T23:47:24.022+0000] {dagbag.py:588} INFO - Filling up the DagBag from /home/airflow/.local/lib/python3.12/site-packages/airflow/example_dags/example_sensor_decorator.py
[2025-03-18T23:47:24.028+0000] {processor.py:925} INFO - DAG(s) 'example_sensor_decorator' retrieved from /home/airflow/.local/lib/python3.12/site-packages/airflow/example_dags/example_sensor_decorator.py
[2025-03-18T23:47:24.041+0000] {logging_mixin.py:190} INFO - [2025-03-18T23:47:24.041+0000] {dag.py:3239} INFO - Sync 1 DAGs
[2025-03-18T23:47:24.051+0000] {logging_mixin.py:190} INFO - [2025-03-18T23:47:24.051+0000] {dag.py:4180} INFO - Setting next_dagrun for example_sensor_decorator to None, run_after=None
[2025-03-18T23:47:24.064+0000] {processor.py:208} INFO - Processing /home/airflow/.local/lib/python3.12/site-packages/airflow/example_dags/example_sensor_decorator.py took 0.049 seconds
[2025-03-18T23:47:54.417+0000] {processor.py:186} INFO - Started process (PID=581) to work on /home/airflow/.local/lib/python3.12/site-packages/airflow/example_dags/example_sensor_decorator.py
[2025-03-18T23:47:54.417+0000] {processor.py:914} INFO - Processing file /home/airflow/.local/lib/python3.12/site-packages/airflow/example_dags/example_sensor_decorator.py for tasks to queue
[2025-03-18T23:47:54.419+0000] {logging_mixin.py:190} INFO - [2025-03-18T23:47:54.419+0000] {dagbag.py:588} INFO - Filling up the DagBag from /home/airflow/.local/lib/python3.12/site-packages/airflow/example_dags/example_sensor_decorator.py
[2025-03-18T23:47:54.424+0000] {processor.py:925} INFO - DAG(s) 'example_sensor_decorator' retrieved from /home/airflow/.local/lib/python3.12/site-packages/airflow/example_dags/example_sensor_decorator.py
[2025-03-18T23:47:54.437+0000] {logging_mixin.py:190} INFO - [2025-03-18T23:47:54.437+0000] {dag.py:3239} INFO - Sync 1 DAGs
[2025-03-18T23:47:54.448+0000] {logging_mixin.py:190} INFO - [2025-03-18T23:47:54.448+0000] {dag.py:4180} INFO - Setting next_dagrun for example_sensor_decorator to None, run_after=None
[2025-03-18T23:47:54.462+0000] {processor.py:208} INFO - Processing /home/airflow/.local/lib/python3.12/site-packages/airflow/example_dags/example_sensor_decorator.py took 0.049 seconds
[2025-03-18T23:48:24.825+0000] {processor.py:186} INFO - Started process (PID=644) to work on /home/airflow/.local/lib/python3.12/site-packages/airflow/example_dags/example_sensor_decorator.py
[2025-03-18T23:48:24.826+0000] {processor.py:914} INFO - Processing file /home/airflow/.local/lib/python3.12/site-packages/airflow/example_dags/example_sensor_decorator.py for tasks to queue
[2025-03-18T23:48:24.827+0000] {logging_mixin.py:190} INFO - [2025-03-18T23:48:24.827+0000] {dagbag.py:588} INFO - Filling up the DagBag from /home/airflow/.local/lib/python3.12/site-packages/airflow/example_dags/example_sensor_decorator.py
[2025-03-18T23:48:24.832+0000] {processor.py:925} INFO - DAG(s) 'example_sensor_decorator' retrieved from /home/airflow/.local/lib/python3.12/site-packages/airflow/example_dags/example_sensor_decorator.py
[2025-03-18T23:48:24.844+0000] {logging_mixin.py:190} INFO - [2025-03-18T23:48:24.844+0000] {dag.py:3239} INFO - Sync 1 DAGs
[2025-03-18T23:48:24.854+0000] {logging_mixin.py:190} INFO - [2025-03-18T23:48:24.854+0000] {dag.py:4180} INFO - Setting next_dagrun for example_sensor_decorator to None, run_after=None
[2025-03-18T23:48:24.867+0000] {processor.py:208} INFO - Processing /home/airflow/.local/lib/python3.12/site-packages/airflow/example_dags/example_sensor_decorator.py took 0.045 seconds
[2025-03-18T23:48:55.066+0000] {processor.py:186} INFO - Started process (PID=706) to work on /home/airflow/.local/lib/python3.12/site-packages/airflow/example_dags/example_sensor_decorator.py
[2025-03-18T23:48:55.067+0000] {processor.py:914} INFO - Processing file /home/airflow/.local/lib/python3.12/site-packages/airflow/example_dags/example_sensor_decorator.py for tasks to queue
[2025-03-18T23:48:55.068+0000] {logging_mixin.py:190} INFO - [2025-03-18T23:48:55.068+0000] {dagbag.py:588} INFO - Filling up the DagBag from /home/airflow/.local/lib/python3.12/site-packages/airflow/example_dags/example_sensor_decorator.py
[2025-03-18T23:48:55.073+0000] {processor.py:925} INFO - DAG(s) 'example_sensor_decorator' retrieved from /home/airflow/.local/lib/python3.12/site-packages/airflow/example_dags/example_sensor_decorator.py
[2025-03-18T23:48:55.085+0000] {logging_mixin.py:190} INFO - [2025-03-18T23:48:55.085+0000] {dag.py:3239} INFO - Sync 1 DAGs
[2025-03-18T23:48:55.095+0000] {logging_mixin.py:190} INFO - [2025-03-18T23:48:55.095+0000] {dag.py:4180} INFO - Setting next_dagrun for example_sensor_decorator to None, run_after=None
[2025-03-18T23:48:55.106+0000] {processor.py:208} INFO - Processing /home/airflow/.local/lib/python3.12/site-packages/airflow/example_dags/example_sensor_decorator.py took 0.043 seconds
[2025-03-18T23:49:26.262+0000] {processor.py:186} INFO - Started process (PID=769) to work on /home/airflow/.local/lib/python3.12/site-packages/airflow/example_dags/example_sensor_decorator.py
[2025-03-18T23:49:26.263+0000] {processor.py:914} INFO - Processing file /home/airflow/.local/lib/python3.12/site-packages/airflow/example_dags/example_sensor_decorator.py for tasks to queue
[2025-03-18T23:49:26.264+0000] {logging_mixin.py:190} INFO - [2025-03-18T23:49:26.264+0000] {dagbag.py:588} INFO - Filling up the DagBag from /home/airflow/.local/lib/python3.12/site-packages/airflow/example_dags/example_sensor_decorator.py
[2025-03-18T23:49:26.269+0000] {processor.py:925} INFO - DAG(s) 'example_sensor_decorator' retrieved from /home/airflow/.local/lib/python3.12/site-packages/airflow/example_dags/example_sensor_decorator.py
[2025-03-18T23:49:26.282+0000] {logging_mixin.py:190} INFO - [2025-03-18T23:49:26.282+0000] {dag.py:3239} INFO - Sync 1 DAGs
[2025-03-18T23:49:26.292+0000] {logging_mixin.py:190} INFO - [2025-03-18T23:49:26.291+0000] {dag.py:4180} INFO - Setting next_dagrun for example_sensor_decorator to None, run_after=None
[2025-03-18T23:49:26.304+0000] {processor.py:208} INFO - Processing /home/airflow/.local/lib/python3.12/site-packages/airflow/example_dags/example_sensor_decorator.py took 0.045 seconds
[2025-03-18T23:49:57.348+0000] {processor.py:186} INFO - Started process (PID=832) to work on /home/airflow/.local/lib/python3.12/site-packages/airflow/example_dags/example_sensor_decorator.py
[2025-03-18T23:49:57.348+0000] {processor.py:914} INFO - Processing file /home/airflow/.local/lib/python3.12/site-packages/airflow/example_dags/example_sensor_decorator.py for tasks to queue
[2025-03-18T23:49:57.350+0000] {logging_mixin.py:190} INFO - [2025-03-18T23:49:57.349+0000] {dagbag.py:588} INFO - Filling up the DagBag from /home/airflow/.local/lib/python3.12/site-packages/airflow/example_dags/example_sensor_decorator.py
[2025-03-18T23:49:57.354+0000] {processor.py:925} INFO - DAG(s) 'example_sensor_decorator' retrieved from /home/airflow/.local/lib/python3.12/site-packages/airflow/example_dags/example_sensor_decorator.py
[2025-03-18T23:49:57.367+0000] {logging_mixin.py:190} INFO - [2025-03-18T23:49:57.367+0000] {dag.py:3239} INFO - Sync 1 DAGs
[2025-03-18T23:49:57.377+0000] {logging_mixin.py:190} INFO - [2025-03-18T23:49:57.377+0000] {dag.py:4180} INFO - Setting next_dagrun for example_sensor_decorator to None, run_after=None
[2025-03-18T23:49:57.389+0000] {processor.py:208} INFO - Processing /home/airflow/.local/lib/python3.12/site-packages/airflow/example_dags/example_sensor_decorator.py took 0.045 seconds
