[2025-03-18T23:43:47.951+0000] {processor.py:186} INFO - Started process (PID=86) to work on /home/airflow/.local/lib/python3.12/site-packages/airflow/example_dags/example_dataset_alias.py
[2025-03-18T23:43:47.951+0000] {processor.py:914} INFO - Processing file /home/airflow/.local/lib/python3.12/site-packages/airflow/example_dags/example_dataset_alias.py for tasks to queue
[2025-03-18T23:43:47.953+0000] {logging_mixin.py:190} INFO - [2025-03-18T23:43:47.952+0000] {dagbag.py:588} INFO - Filling up the DagBag from /home/airflow/.local/lib/python3.12/site-packages/airflow/example_dags/example_dataset_alias.py
[2025-03-18T23:43:48.388+0000] {processor.py:925} INFO - DAG(s) 'dataset_alias_example_alias_producer', 'dataset_s3_bucket_producer', 'dataset_s3_bucket_consumer', 'dataset_alias_example_alias_consumer' retrieved from /home/airflow/.local/lib/python3.12/site-packages/airflow/example_dags/example_dataset_alias.py
[2025-03-18T23:43:48.462+0000] {logging_mixin.py:190} INFO - [2025-03-18T23:43:48.462+0000] {override.py:1912} INFO - Created Permission View: can delete on DAG:dataset_alias_example_alias_producer
[2025-03-18T23:43:48.469+0000] {logging_mixin.py:190} INFO - [2025-03-18T23:43:48.469+0000] {override.py:1912} INFO - Created Permission View: can read on DAG:dataset_alias_example_alias_producer
[2025-03-18T23:43:48.474+0000] {logging_mixin.py:190} INFO - [2025-03-18T23:43:48.474+0000] {override.py:1912} INFO - Created Permission View: can edit on DAG:dataset_alias_example_alias_producer
[2025-03-18T23:43:48.480+0000] {logging_mixin.py:190} INFO - [2025-03-18T23:43:48.480+0000] {override.py:1912} INFO - Created Permission View: can delete on DAG Run:dataset_alias_example_alias_producer
[2025-03-18T23:43:48.486+0000] {logging_mixin.py:190} INFO - [2025-03-18T23:43:48.486+0000] {override.py:1912} INFO - Created Permission View: can read on DAG Run:dataset_alias_example_alias_producer
[2025-03-18T23:43:48.491+0000] {logging_mixin.py:190} INFO - [2025-03-18T23:43:48.491+0000] {override.py:1912} INFO - Created Permission View: can create on DAG Run:dataset_alias_example_alias_producer
[2025-03-18T23:43:48.496+0000] {logging_mixin.py:190} INFO - [2025-03-18T23:43:48.495+0000] {override.py:1912} INFO - Created Permission View: menu access on DAG Run:dataset_alias_example_alias_producer
[2025-03-18T23:43:48.506+0000] {logging_mixin.py:190} INFO - [2025-03-18T23:43:48.506+0000] {override.py:1912} INFO - Created Permission View: can delete on DAG:dataset_s3_bucket_producer
[2025-03-18T23:43:48.511+0000] {logging_mixin.py:190} INFO - [2025-03-18T23:43:48.511+0000] {override.py:1912} INFO - Created Permission View: can read on DAG:dataset_s3_bucket_producer
[2025-03-18T23:43:48.516+0000] {logging_mixin.py:190} INFO - [2025-03-18T23:43:48.516+0000] {override.py:1912} INFO - Created Permission View: can edit on DAG:dataset_s3_bucket_producer
[2025-03-18T23:43:48.521+0000] {logging_mixin.py:190} INFO - [2025-03-18T23:43:48.521+0000] {override.py:1912} INFO - Created Permission View: can delete on DAG Run:dataset_s3_bucket_producer
[2025-03-18T23:43:48.526+0000] {logging_mixin.py:190} INFO - [2025-03-18T23:43:48.526+0000] {override.py:1912} INFO - Created Permission View: can read on DAG Run:dataset_s3_bucket_producer
[2025-03-18T23:43:48.531+0000] {logging_mixin.py:190} INFO - [2025-03-18T23:43:48.531+0000] {override.py:1912} INFO - Created Permission View: can create on DAG Run:dataset_s3_bucket_producer
[2025-03-18T23:43:48.535+0000] {logging_mixin.py:190} INFO - [2025-03-18T23:43:48.535+0000] {override.py:1912} INFO - Created Permission View: menu access on DAG Run:dataset_s3_bucket_producer
[2025-03-18T23:43:48.546+0000] {logging_mixin.py:190} INFO - [2025-03-18T23:43:48.546+0000] {override.py:1912} INFO - Created Permission View: can delete on DAG:dataset_s3_bucket_consumer
[2025-03-18T23:43:48.551+0000] {logging_mixin.py:190} INFO - [2025-03-18T23:43:48.551+0000] {override.py:1912} INFO - Created Permission View: can read on DAG:dataset_s3_bucket_consumer
[2025-03-18T23:43:48.556+0000] {logging_mixin.py:190} INFO - [2025-03-18T23:43:48.555+0000] {override.py:1912} INFO - Created Permission View: can edit on DAG:dataset_s3_bucket_consumer
[2025-03-18T23:43:48.561+0000] {logging_mixin.py:190} INFO - [2025-03-18T23:43:48.561+0000] {override.py:1912} INFO - Created Permission View: can delete on DAG Run:dataset_s3_bucket_consumer
[2025-03-18T23:43:48.566+0000] {logging_mixin.py:190} INFO - [2025-03-18T23:43:48.566+0000] {override.py:1912} INFO - Created Permission View: can read on DAG Run:dataset_s3_bucket_consumer
[2025-03-18T23:43:48.571+0000] {logging_mixin.py:190} INFO - [2025-03-18T23:43:48.571+0000] {override.py:1912} INFO - Created Permission View: can create on DAG Run:dataset_s3_bucket_consumer
[2025-03-18T23:43:48.576+0000] {logging_mixin.py:190} INFO - [2025-03-18T23:43:48.576+0000] {override.py:1912} INFO - Created Permission View: menu access on DAG Run:dataset_s3_bucket_consumer
[2025-03-18T23:43:48.585+0000] {logging_mixin.py:190} INFO - [2025-03-18T23:43:48.585+0000] {override.py:1912} INFO - Created Permission View: can delete on DAG:dataset_alias_example_alias_consumer
[2025-03-18T23:43:48.590+0000] {logging_mixin.py:190} INFO - [2025-03-18T23:43:48.590+0000] {override.py:1912} INFO - Created Permission View: can read on DAG:dataset_alias_example_alias_consumer
[2025-03-18T23:43:48.595+0000] {logging_mixin.py:190} INFO - [2025-03-18T23:43:48.595+0000] {override.py:1912} INFO - Created Permission View: can edit on DAG:dataset_alias_example_alias_consumer
[2025-03-18T23:43:48.600+0000] {logging_mixin.py:190} INFO - [2025-03-18T23:43:48.600+0000] {override.py:1912} INFO - Created Permission View: can delete on DAG Run:dataset_alias_example_alias_consumer
[2025-03-18T23:43:48.605+0000] {logging_mixin.py:190} INFO - [2025-03-18T23:43:48.605+0000] {override.py:1912} INFO - Created Permission View: can read on DAG Run:dataset_alias_example_alias_consumer
[2025-03-18T23:43:48.610+0000] {logging_mixin.py:190} INFO - [2025-03-18T23:43:48.610+0000] {override.py:1912} INFO - Created Permission View: can create on DAG Run:dataset_alias_example_alias_consumer
[2025-03-18T23:43:48.615+0000] {logging_mixin.py:190} INFO - [2025-03-18T23:43:48.614+0000] {override.py:1912} INFO - Created Permission View: menu access on DAG Run:dataset_alias_example_alias_consumer
[2025-03-18T23:43:48.615+0000] {logging_mixin.py:190} INFO - [2025-03-18T23:43:48.615+0000] {dag.py:3239} INFO - Sync 4 DAGs
[2025-03-18T23:43:48.626+0000] {logging_mixin.py:190} INFO - [2025-03-18T23:43:48.626+0000] {dag.py:3262} INFO - Creating ORM DAG for dataset_s3_bucket_consumer
[2025-03-18T23:43:48.627+0000] {logging_mixin.py:190} INFO - [2025-03-18T23:43:48.627+0000] {dag.py:3262} INFO - Creating ORM DAG for dataset_alias_example_alias_producer
[2025-03-18T23:43:48.627+0000] {logging_mixin.py:190} INFO - [2025-03-18T23:43:48.627+0000] {dag.py:3262} INFO - Creating ORM DAG for dataset_alias_example_alias_consumer
[2025-03-18T23:43:48.628+0000] {logging_mixin.py:190} INFO - [2025-03-18T23:43:48.627+0000] {dag.py:3262} INFO - Creating ORM DAG for dataset_s3_bucket_producer
[2025-03-18T23:43:48.634+0000] {logging_mixin.py:190} INFO - [2025-03-18T23:43:48.634+0000] {dag.py:4180} INFO - Setting next_dagrun for dataset_alias_example_alias_consumer to None, run_after=None
[2025-03-18T23:43:48.635+0000] {logging_mixin.py:190} INFO - [2025-03-18T23:43:48.635+0000] {dag.py:4180} INFO - Setting next_dagrun for dataset_alias_example_alias_producer to None, run_after=None
[2025-03-18T23:43:48.635+0000] {logging_mixin.py:190} INFO - [2025-03-18T23:43:48.635+0000] {dag.py:4180} INFO - Setting next_dagrun for dataset_s3_bucket_consumer to None, run_after=None
[2025-03-18T23:43:48.636+0000] {logging_mixin.py:190} INFO - [2025-03-18T23:43:48.636+0000] {dag.py:4180} INFO - Setting next_dagrun for dataset_s3_bucket_producer to None, run_after=None
[2025-03-18T23:43:48.656+0000] {processor.py:208} INFO - Processing /home/airflow/.local/lib/python3.12/site-packages/airflow/example_dags/example_dataset_alias.py took 0.709 seconds
[2025-03-18T23:44:19.049+0000] {processor.py:186} INFO - Started process (PID=149) to work on /home/airflow/.local/lib/python3.12/site-packages/airflow/example_dags/example_dataset_alias.py
[2025-03-18T23:44:19.049+0000] {processor.py:914} INFO - Processing file /home/airflow/.local/lib/python3.12/site-packages/airflow/example_dags/example_dataset_alias.py for tasks to queue
[2025-03-18T23:44:19.050+0000] {logging_mixin.py:190} INFO - [2025-03-18T23:44:19.050+0000] {dagbag.py:588} INFO - Filling up the DagBag from /home/airflow/.local/lib/python3.12/site-packages/airflow/example_dags/example_dataset_alias.py
[2025-03-18T23:44:19.486+0000] {processor.py:925} INFO - DAG(s) 'dataset_s3_bucket_consumer', 'dataset_s3_bucket_producer', 'dataset_alias_example_alias_consumer', 'dataset_alias_example_alias_producer' retrieved from /home/airflow/.local/lib/python3.12/site-packages/airflow/example_dags/example_dataset_alias.py
[2025-03-18T23:44:19.502+0000] {logging_mixin.py:190} INFO - [2025-03-18T23:44:19.501+0000] {dag.py:3239} INFO - Sync 4 DAGs
[2025-03-18T23:44:19.518+0000] {logging_mixin.py:190} INFO - [2025-03-18T23:44:19.518+0000] {dag.py:4180} INFO - Setting next_dagrun for dataset_alias_example_alias_consumer to None, run_after=None
[2025-03-18T23:44:19.520+0000] {logging_mixin.py:190} INFO - [2025-03-18T23:44:19.520+0000] {dag.py:4180} INFO - Setting next_dagrun for dataset_alias_example_alias_producer to None, run_after=None
[2025-03-18T23:44:19.522+0000] {logging_mixin.py:190} INFO - [2025-03-18T23:44:19.522+0000] {dag.py:4180} INFO - Setting next_dagrun for dataset_s3_bucket_consumer to None, run_after=None
[2025-03-18T23:44:19.523+0000] {logging_mixin.py:190} INFO - [2025-03-18T23:44:19.523+0000] {dag.py:4180} INFO - Setting next_dagrun for dataset_s3_bucket_producer to None, run_after=None
[2025-03-18T23:44:19.538+0000] {processor.py:208} INFO - Processing /home/airflow/.local/lib/python3.12/site-packages/airflow/example_dags/example_dataset_alias.py took 0.495 seconds
[2025-03-18T23:44:49.788+0000] {processor.py:186} INFO - Started process (PID=214) to work on /home/airflow/.local/lib/python3.12/site-packages/airflow/example_dags/example_dataset_alias.py
[2025-03-18T23:44:49.789+0000] {processor.py:914} INFO - Processing file /home/airflow/.local/lib/python3.12/site-packages/airflow/example_dags/example_dataset_alias.py for tasks to queue
[2025-03-18T23:44:49.790+0000] {logging_mixin.py:190} INFO - [2025-03-18T23:44:49.790+0000] {dagbag.py:588} INFO - Filling up the DagBag from /home/airflow/.local/lib/python3.12/site-packages/airflow/example_dags/example_dataset_alias.py
[2025-03-18T23:44:50.307+0000] {processor.py:925} INFO - DAG(s) 'dataset_alias_example_alias_consumer', 'dataset_alias_example_alias_producer', 'dataset_s3_bucket_producer', 'dataset_s3_bucket_consumer' retrieved from /home/airflow/.local/lib/python3.12/site-packages/airflow/example_dags/example_dataset_alias.py
[2025-03-18T23:44:50.327+0000] {logging_mixin.py:190} INFO - [2025-03-18T23:44:50.327+0000] {dag.py:3239} INFO - Sync 4 DAGs
[2025-03-18T23:44:50.349+0000] {logging_mixin.py:190} INFO - [2025-03-18T23:44:50.348+0000] {dag.py:4180} INFO - Setting next_dagrun for dataset_alias_example_alias_consumer to None, run_after=None
[2025-03-18T23:44:50.351+0000] {logging_mixin.py:190} INFO - [2025-03-18T23:44:50.351+0000] {dag.py:4180} INFO - Setting next_dagrun for dataset_alias_example_alias_producer to None, run_after=None
[2025-03-18T23:44:50.353+0000] {logging_mixin.py:190} INFO - [2025-03-18T23:44:50.353+0000] {dag.py:4180} INFO - Setting next_dagrun for dataset_s3_bucket_consumer to None, run_after=None
[2025-03-18T23:44:50.355+0000] {logging_mixin.py:190} INFO - [2025-03-18T23:44:50.355+0000] {dag.py:4180} INFO - Setting next_dagrun for dataset_s3_bucket_producer to None, run_after=None
[2025-03-18T23:44:50.374+0000] {processor.py:208} INFO - Processing /home/airflow/.local/lib/python3.12/site-packages/airflow/example_dags/example_dataset_alias.py took 0.592 seconds
[2025-03-18T23:45:21.285+0000] {processor.py:186} INFO - Started process (PID=282) to work on /home/airflow/.local/lib/python3.12/site-packages/airflow/example_dags/example_dataset_alias.py
[2025-03-18T23:45:21.286+0000] {processor.py:914} INFO - Processing file /home/airflow/.local/lib/python3.12/site-packages/airflow/example_dags/example_dataset_alias.py for tasks to queue
[2025-03-18T23:45:21.288+0000] {logging_mixin.py:190} INFO - [2025-03-18T23:45:21.287+0000] {dagbag.py:588} INFO - Filling up the DagBag from /home/airflow/.local/lib/python3.12/site-packages/airflow/example_dags/example_dataset_alias.py
[2025-03-18T23:45:21.749+0000] {processor.py:925} INFO - DAG(s) 'dataset_s3_bucket_consumer', 'dataset_alias_example_alias_producer', 'dataset_alias_example_alias_consumer', 'dataset_s3_bucket_producer' retrieved from /home/airflow/.local/lib/python3.12/site-packages/airflow/example_dags/example_dataset_alias.py
[2025-03-18T23:45:21.765+0000] {logging_mixin.py:190} INFO - [2025-03-18T23:45:21.764+0000] {dag.py:3239} INFO - Sync 4 DAGs
[2025-03-18T23:45:21.783+0000] {logging_mixin.py:190} INFO - [2025-03-18T23:45:21.783+0000] {dag.py:4180} INFO - Setting next_dagrun for dataset_alias_example_alias_consumer to None, run_after=None
[2025-03-18T23:45:21.785+0000] {logging_mixin.py:190} INFO - [2025-03-18T23:45:21.785+0000] {dag.py:4180} INFO - Setting next_dagrun for dataset_alias_example_alias_producer to None, run_after=None
[2025-03-18T23:45:21.786+0000] {logging_mixin.py:190} INFO - [2025-03-18T23:45:21.786+0000] {dag.py:4180} INFO - Setting next_dagrun for dataset_s3_bucket_consumer to None, run_after=None
[2025-03-18T23:45:21.787+0000] {logging_mixin.py:190} INFO - [2025-03-18T23:45:21.787+0000] {dag.py:4180} INFO - Setting next_dagrun for dataset_s3_bucket_producer to None, run_after=None
[2025-03-18T23:45:21.802+0000] {processor.py:208} INFO - Processing /home/airflow/.local/lib/python3.12/site-packages/airflow/example_dags/example_dataset_alias.py took 0.522 seconds
[2025-03-18T23:45:52.589+0000] {processor.py:186} INFO - Started process (PID=345) to work on /home/airflow/.local/lib/python3.12/site-packages/airflow/example_dags/example_dataset_alias.py
[2025-03-18T23:45:52.589+0000] {processor.py:914} INFO - Processing file /home/airflow/.local/lib/python3.12/site-packages/airflow/example_dags/example_dataset_alias.py for tasks to queue
[2025-03-18T23:45:52.591+0000] {logging_mixin.py:190} INFO - [2025-03-18T23:45:52.590+0000] {dagbag.py:588} INFO - Filling up the DagBag from /home/airflow/.local/lib/python3.12/site-packages/airflow/example_dags/example_dataset_alias.py
[2025-03-18T23:45:52.996+0000] {processor.py:925} INFO - DAG(s) 'dataset_alias_example_alias_consumer', 'dataset_alias_example_alias_producer', 'dataset_s3_bucket_consumer', 'dataset_s3_bucket_producer' retrieved from /home/airflow/.local/lib/python3.12/site-packages/airflow/example_dags/example_dataset_alias.py
[2025-03-18T23:45:53.012+0000] {logging_mixin.py:190} INFO - [2025-03-18T23:45:53.012+0000] {dag.py:3239} INFO - Sync 4 DAGs
[2025-03-18T23:45:53.032+0000] {logging_mixin.py:190} INFO - [2025-03-18T23:45:53.031+0000] {dag.py:4180} INFO - Setting next_dagrun for dataset_alias_example_alias_consumer to None, run_after=None
[2025-03-18T23:45:53.034+0000] {logging_mixin.py:190} INFO - [2025-03-18T23:45:53.033+0000] {dag.py:4180} INFO - Setting next_dagrun for dataset_alias_example_alias_producer to None, run_after=None
[2025-03-18T23:45:53.034+0000] {logging_mixin.py:190} INFO - [2025-03-18T23:45:53.034+0000] {dag.py:4180} INFO - Setting next_dagrun for dataset_s3_bucket_consumer to None, run_after=None
[2025-03-18T23:45:53.035+0000] {logging_mixin.py:190} INFO - [2025-03-18T23:45:53.035+0000] {dag.py:4180} INFO - Setting next_dagrun for dataset_s3_bucket_producer to None, run_after=None
[2025-03-18T23:45:53.051+0000] {processor.py:208} INFO - Processing /home/airflow/.local/lib/python3.12/site-packages/airflow/example_dags/example_dataset_alias.py took 0.466 seconds
[2025-03-18T23:46:23.746+0000] {processor.py:186} INFO - Started process (PID=408) to work on /home/airflow/.local/lib/python3.12/site-packages/airflow/example_dags/example_dataset_alias.py
[2025-03-18T23:46:23.746+0000] {processor.py:914} INFO - Processing file /home/airflow/.local/lib/python3.12/site-packages/airflow/example_dags/example_dataset_alias.py for tasks to queue
[2025-03-18T23:46:23.747+0000] {logging_mixin.py:190} INFO - [2025-03-18T23:46:23.747+0000] {dagbag.py:588} INFO - Filling up the DagBag from /home/airflow/.local/lib/python3.12/site-packages/airflow/example_dags/example_dataset_alias.py
[2025-03-18T23:46:24.150+0000] {processor.py:925} INFO - DAG(s) 'dataset_s3_bucket_consumer', 'dataset_alias_example_alias_producer', 'dataset_s3_bucket_producer', 'dataset_alias_example_alias_consumer' retrieved from /home/airflow/.local/lib/python3.12/site-packages/airflow/example_dags/example_dataset_alias.py
[2025-03-18T23:46:24.165+0000] {logging_mixin.py:190} INFO - [2025-03-18T23:46:24.165+0000] {dag.py:3239} INFO - Sync 4 DAGs
[2025-03-18T23:46:24.183+0000] {logging_mixin.py:190} INFO - [2025-03-18T23:46:24.182+0000] {dag.py:4180} INFO - Setting next_dagrun for dataset_alias_example_alias_consumer to None, run_after=None
[2025-03-18T23:46:24.184+0000] {logging_mixin.py:190} INFO - [2025-03-18T23:46:24.184+0000] {dag.py:4180} INFO - Setting next_dagrun for dataset_alias_example_alias_producer to None, run_after=None
[2025-03-18T23:46:24.185+0000] {logging_mixin.py:190} INFO - [2025-03-18T23:46:24.185+0000] {dag.py:4180} INFO - Setting next_dagrun for dataset_s3_bucket_consumer to None, run_after=None
[2025-03-18T23:46:24.186+0000] {logging_mixin.py:190} INFO - [2025-03-18T23:46:24.186+0000] {dag.py:4180} INFO - Setting next_dagrun for dataset_s3_bucket_producer to None, run_after=None
[2025-03-18T23:46:24.201+0000] {processor.py:208} INFO - Processing /home/airflow/.local/lib/python3.12/site-packages/airflow/example_dags/example_dataset_alias.py took 0.459 seconds
[2025-03-18T23:46:55.048+0000] {processor.py:186} INFO - Started process (PID=471) to work on /home/airflow/.local/lib/python3.12/site-packages/airflow/example_dags/example_dataset_alias.py
[2025-03-18T23:46:55.049+0000] {processor.py:914} INFO - Processing file /home/airflow/.local/lib/python3.12/site-packages/airflow/example_dags/example_dataset_alias.py for tasks to queue
[2025-03-18T23:46:55.051+0000] {logging_mixin.py:190} INFO - [2025-03-18T23:46:55.051+0000] {dagbag.py:588} INFO - Filling up the DagBag from /home/airflow/.local/lib/python3.12/site-packages/airflow/example_dags/example_dataset_alias.py
[2025-03-18T23:46:55.519+0000] {processor.py:925} INFO - DAG(s) 'dataset_alias_example_alias_consumer', 'dataset_s3_bucket_consumer', 'dataset_alias_example_alias_producer', 'dataset_s3_bucket_producer' retrieved from /home/airflow/.local/lib/python3.12/site-packages/airflow/example_dags/example_dataset_alias.py
[2025-03-18T23:46:55.536+0000] {logging_mixin.py:190} INFO - [2025-03-18T23:46:55.536+0000] {dag.py:3239} INFO - Sync 4 DAGs
[2025-03-18T23:46:55.556+0000] {logging_mixin.py:190} INFO - [2025-03-18T23:46:55.556+0000] {dag.py:4180} INFO - Setting next_dagrun for dataset_alias_example_alias_consumer to None, run_after=None
[2025-03-18T23:46:55.558+0000] {logging_mixin.py:190} INFO - [2025-03-18T23:46:55.558+0000] {dag.py:4180} INFO - Setting next_dagrun for dataset_alias_example_alias_producer to None, run_after=None
[2025-03-18T23:46:55.559+0000] {logging_mixin.py:190} INFO - [2025-03-18T23:46:55.559+0000] {dag.py:4180} INFO - Setting next_dagrun for dataset_s3_bucket_consumer to None, run_after=None
[2025-03-18T23:46:55.560+0000] {logging_mixin.py:190} INFO - [2025-03-18T23:46:55.560+0000] {dag.py:4180} INFO - Setting next_dagrun for dataset_s3_bucket_producer to None, run_after=None
[2025-03-18T23:46:55.580+0000] {processor.py:208} INFO - Processing /home/airflow/.local/lib/python3.12/site-packages/airflow/example_dags/example_dataset_alias.py took 0.538 seconds
[2025-03-18T23:47:25.843+0000] {processor.py:186} INFO - Started process (PID=534) to work on /home/airflow/.local/lib/python3.12/site-packages/airflow/example_dags/example_dataset_alias.py
[2025-03-18T23:47:25.844+0000] {processor.py:914} INFO - Processing file /home/airflow/.local/lib/python3.12/site-packages/airflow/example_dags/example_dataset_alias.py for tasks to queue
[2025-03-18T23:47:25.846+0000] {logging_mixin.py:190} INFO - [2025-03-18T23:47:25.845+0000] {dagbag.py:588} INFO - Filling up the DagBag from /home/airflow/.local/lib/python3.12/site-packages/airflow/example_dags/example_dataset_alias.py
[2025-03-18T23:47:26.285+0000] {processor.py:925} INFO - DAG(s) 'dataset_s3_bucket_producer', 'dataset_s3_bucket_consumer', 'dataset_alias_example_alias_producer', 'dataset_alias_example_alias_consumer' retrieved from /home/airflow/.local/lib/python3.12/site-packages/airflow/example_dags/example_dataset_alias.py
[2025-03-18T23:47:26.302+0000] {logging_mixin.py:190} INFO - [2025-03-18T23:47:26.302+0000] {dag.py:3239} INFO - Sync 4 DAGs
[2025-03-18T23:47:26.320+0000] {logging_mixin.py:190} INFO - [2025-03-18T23:47:26.319+0000] {dag.py:4180} INFO - Setting next_dagrun for dataset_alias_example_alias_consumer to None, run_after=None
[2025-03-18T23:47:26.322+0000] {logging_mixin.py:190} INFO - [2025-03-18T23:47:26.321+0000] {dag.py:4180} INFO - Setting next_dagrun for dataset_alias_example_alias_producer to None, run_after=None
[2025-03-18T23:47:26.324+0000] {logging_mixin.py:190} INFO - [2025-03-18T23:47:26.324+0000] {dag.py:4180} INFO - Setting next_dagrun for dataset_s3_bucket_consumer to None, run_after=None
[2025-03-18T23:47:26.325+0000] {logging_mixin.py:190} INFO - [2025-03-18T23:47:26.325+0000] {dag.py:4180} INFO - Setting next_dagrun for dataset_s3_bucket_producer to None, run_after=None
[2025-03-18T23:47:26.341+0000] {processor.py:208} INFO - Processing /home/airflow/.local/lib/python3.12/site-packages/airflow/example_dags/example_dataset_alias.py took 0.501 seconds
[2025-03-18T23:47:57.302+0000] {processor.py:186} INFO - Started process (PID=597) to work on /home/airflow/.local/lib/python3.12/site-packages/airflow/example_dags/example_dataset_alias.py
[2025-03-18T23:47:57.303+0000] {processor.py:914} INFO - Processing file /home/airflow/.local/lib/python3.12/site-packages/airflow/example_dags/example_dataset_alias.py for tasks to queue
[2025-03-18T23:47:57.304+0000] {logging_mixin.py:190} INFO - [2025-03-18T23:47:57.304+0000] {dagbag.py:588} INFO - Filling up the DagBag from /home/airflow/.local/lib/python3.12/site-packages/airflow/example_dags/example_dataset_alias.py
[2025-03-18T23:47:57.739+0000] {processor.py:925} INFO - DAG(s) 'dataset_s3_bucket_producer', 'dataset_alias_example_alias_producer', 'dataset_s3_bucket_consumer', 'dataset_alias_example_alias_consumer' retrieved from /home/airflow/.local/lib/python3.12/site-packages/airflow/example_dags/example_dataset_alias.py
[2025-03-18T23:47:57.754+0000] {logging_mixin.py:190} INFO - [2025-03-18T23:47:57.754+0000] {dag.py:3239} INFO - Sync 4 DAGs
[2025-03-18T23:47:57.770+0000] {logging_mixin.py:190} INFO - [2025-03-18T23:47:57.770+0000] {dag.py:4180} INFO - Setting next_dagrun for dataset_alias_example_alias_consumer to None, run_after=None
[2025-03-18T23:47:57.772+0000] {logging_mixin.py:190} INFO - [2025-03-18T23:47:57.772+0000] {dag.py:4180} INFO - Setting next_dagrun for dataset_alias_example_alias_producer to None, run_after=None
[2025-03-18T23:47:57.774+0000] {logging_mixin.py:190} INFO - [2025-03-18T23:47:57.774+0000] {dag.py:4180} INFO - Setting next_dagrun for dataset_s3_bucket_consumer to None, run_after=None
[2025-03-18T23:47:57.775+0000] {logging_mixin.py:190} INFO - [2025-03-18T23:47:57.775+0000] {dag.py:4180} INFO - Setting next_dagrun for dataset_s3_bucket_producer to None, run_after=None
[2025-03-18T23:47:57.790+0000] {processor.py:208} INFO - Processing /home/airflow/.local/lib/python3.12/site-packages/airflow/example_dags/example_dataset_alias.py took 0.491 seconds
[2025-03-18T23:48:28.009+0000] {processor.py:186} INFO - Started process (PID=660) to work on /home/airflow/.local/lib/python3.12/site-packages/airflow/example_dags/example_dataset_alias.py
[2025-03-18T23:48:28.010+0000] {processor.py:914} INFO - Processing file /home/airflow/.local/lib/python3.12/site-packages/airflow/example_dags/example_dataset_alias.py for tasks to queue
[2025-03-18T23:48:28.011+0000] {logging_mixin.py:190} INFO - [2025-03-18T23:48:28.011+0000] {dagbag.py:588} INFO - Filling up the DagBag from /home/airflow/.local/lib/python3.12/site-packages/airflow/example_dags/example_dataset_alias.py
[2025-03-18T23:48:28.419+0000] {processor.py:925} INFO - DAG(s) 'dataset_s3_bucket_consumer', 'dataset_alias_example_alias_consumer', 'dataset_alias_example_alias_producer', 'dataset_s3_bucket_producer' retrieved from /home/airflow/.local/lib/python3.12/site-packages/airflow/example_dags/example_dataset_alias.py
[2025-03-18T23:48:28.433+0000] {logging_mixin.py:190} INFO - [2025-03-18T23:48:28.433+0000] {dag.py:3239} INFO - Sync 4 DAGs
[2025-03-18T23:48:28.450+0000] {logging_mixin.py:190} INFO - [2025-03-18T23:48:28.450+0000] {dag.py:4180} INFO - Setting next_dagrun for dataset_alias_example_alias_consumer to None, run_after=None
[2025-03-18T23:48:28.452+0000] {logging_mixin.py:190} INFO - [2025-03-18T23:48:28.451+0000] {dag.py:4180} INFO - Setting next_dagrun for dataset_alias_example_alias_producer to None, run_after=None
[2025-03-18T23:48:28.453+0000] {logging_mixin.py:190} INFO - [2025-03-18T23:48:28.453+0000] {dag.py:4180} INFO - Setting next_dagrun for dataset_s3_bucket_consumer to None, run_after=None
[2025-03-18T23:48:28.454+0000] {logging_mixin.py:190} INFO - [2025-03-18T23:48:28.454+0000] {dag.py:4180} INFO - Setting next_dagrun for dataset_s3_bucket_producer to None, run_after=None
[2025-03-18T23:48:28.468+0000] {processor.py:208} INFO - Processing /home/airflow/.local/lib/python3.12/site-packages/airflow/example_dags/example_dataset_alias.py took 0.463 seconds
[2025-03-18T23:48:58.941+0000] {processor.py:186} INFO - Started process (PID=723) to work on /home/airflow/.local/lib/python3.12/site-packages/airflow/example_dags/example_dataset_alias.py
[2025-03-18T23:48:58.942+0000] {processor.py:914} INFO - Processing file /home/airflow/.local/lib/python3.12/site-packages/airflow/example_dags/example_dataset_alias.py for tasks to queue
[2025-03-18T23:48:58.944+0000] {logging_mixin.py:190} INFO - [2025-03-18T23:48:58.943+0000] {dagbag.py:588} INFO - Filling up the DagBag from /home/airflow/.local/lib/python3.12/site-packages/airflow/example_dags/example_dataset_alias.py
[2025-03-18T23:48:59.358+0000] {processor.py:925} INFO - DAG(s) 'dataset_s3_bucket_consumer', 'dataset_alias_example_alias_producer', 'dataset_s3_bucket_producer', 'dataset_alias_example_alias_consumer' retrieved from /home/airflow/.local/lib/python3.12/site-packages/airflow/example_dags/example_dataset_alias.py
[2025-03-18T23:48:59.372+0000] {logging_mixin.py:190} INFO - [2025-03-18T23:48:59.372+0000] {dag.py:3239} INFO - Sync 4 DAGs
[2025-03-18T23:48:59.388+0000] {logging_mixin.py:190} INFO - [2025-03-18T23:48:59.388+0000] {dag.py:4180} INFO - Setting next_dagrun for dataset_alias_example_alias_consumer to None, run_after=None
[2025-03-18T23:48:59.390+0000] {logging_mixin.py:190} INFO - [2025-03-18T23:48:59.390+0000] {dag.py:4180} INFO - Setting next_dagrun for dataset_alias_example_alias_producer to None, run_after=None
[2025-03-18T23:48:59.392+0000] {logging_mixin.py:190} INFO - [2025-03-18T23:48:59.392+0000] {dag.py:4180} INFO - Setting next_dagrun for dataset_s3_bucket_consumer to None, run_after=None
[2025-03-18T23:48:59.393+0000] {logging_mixin.py:190} INFO - [2025-03-18T23:48:59.393+0000] {dag.py:4180} INFO - Setting next_dagrun for dataset_s3_bucket_producer to None, run_after=None
[2025-03-18T23:48:59.409+0000] {processor.py:208} INFO - Processing /home/airflow/.local/lib/python3.12/site-packages/airflow/example_dags/example_dataset_alias.py took 0.472 seconds
[2025-03-18T23:49:30.174+0000] {processor.py:186} INFO - Started process (PID=786) to work on /home/airflow/.local/lib/python3.12/site-packages/airflow/example_dags/example_dataset_alias.py
[2025-03-18T23:49:30.175+0000] {processor.py:914} INFO - Processing file /home/airflow/.local/lib/python3.12/site-packages/airflow/example_dags/example_dataset_alias.py for tasks to queue
[2025-03-18T23:49:30.177+0000] {logging_mixin.py:190} INFO - [2025-03-18T23:49:30.176+0000] {dagbag.py:588} INFO - Filling up the DagBag from /home/airflow/.local/lib/python3.12/site-packages/airflow/example_dags/example_dataset_alias.py
[2025-03-18T23:49:30.583+0000] {processor.py:925} INFO - DAG(s) 'dataset_alias_example_alias_producer', 'dataset_alias_example_alias_consumer', 'dataset_s3_bucket_producer', 'dataset_s3_bucket_consumer' retrieved from /home/airflow/.local/lib/python3.12/site-packages/airflow/example_dags/example_dataset_alias.py
[2025-03-18T23:49:30.597+0000] {logging_mixin.py:190} INFO - [2025-03-18T23:49:30.597+0000] {dag.py:3239} INFO - Sync 4 DAGs
[2025-03-18T23:49:30.613+0000] {logging_mixin.py:190} INFO - [2025-03-18T23:49:30.613+0000] {dag.py:4180} INFO - Setting next_dagrun for dataset_alias_example_alias_consumer to None, run_after=None
[2025-03-18T23:49:30.615+0000] {logging_mixin.py:190} INFO - [2025-03-18T23:49:30.615+0000] {dag.py:4180} INFO - Setting next_dagrun for dataset_alias_example_alias_producer to None, run_after=None
[2025-03-18T23:49:30.616+0000] {logging_mixin.py:190} INFO - [2025-03-18T23:49:30.616+0000] {dag.py:4180} INFO - Setting next_dagrun for dataset_s3_bucket_consumer to None, run_after=None
[2025-03-18T23:49:30.617+0000] {logging_mixin.py:190} INFO - [2025-03-18T23:49:30.617+0000] {dag.py:4180} INFO - Setting next_dagrun for dataset_s3_bucket_producer to None, run_after=None
[2025-03-18T23:49:30.632+0000] {processor.py:208} INFO - Processing /home/airflow/.local/lib/python3.12/site-packages/airflow/example_dags/example_dataset_alias.py took 0.461 seconds
[2025-03-18T23:50:01.315+0000] {processor.py:186} INFO - Started process (PID=849) to work on /home/airflow/.local/lib/python3.12/site-packages/airflow/example_dags/example_dataset_alias.py
[2025-03-18T23:50:01.316+0000] {processor.py:914} INFO - Processing file /home/airflow/.local/lib/python3.12/site-packages/airflow/example_dags/example_dataset_alias.py for tasks to queue
[2025-03-18T23:50:01.317+0000] {logging_mixin.py:190} INFO - [2025-03-18T23:50:01.317+0000] {dagbag.py:588} INFO - Filling up the DagBag from /home/airflow/.local/lib/python3.12/site-packages/airflow/example_dags/example_dataset_alias.py
[2025-03-18T23:50:01.728+0000] {processor.py:925} INFO - DAG(s) 'dataset_s3_bucket_producer', 'dataset_alias_example_alias_consumer', 'dataset_alias_example_alias_producer', 'dataset_s3_bucket_consumer' retrieved from /home/airflow/.local/lib/python3.12/site-packages/airflow/example_dags/example_dataset_alias.py
[2025-03-18T23:50:01.744+0000] {logging_mixin.py:190} INFO - [2025-03-18T23:50:01.743+0000] {dag.py:3239} INFO - Sync 4 DAGs
[2025-03-18T23:50:01.760+0000] {logging_mixin.py:190} INFO - [2025-03-18T23:50:01.760+0000] {dag.py:4180} INFO - Setting next_dagrun for dataset_alias_example_alias_consumer to None, run_after=None
[2025-03-18T23:50:01.762+0000] {logging_mixin.py:190} INFO - [2025-03-18T23:50:01.761+0000] {dag.py:4180} INFO - Setting next_dagrun for dataset_alias_example_alias_producer to None, run_after=None
[2025-03-18T23:50:01.762+0000] {logging_mixin.py:190} INFO - [2025-03-18T23:50:01.762+0000] {dag.py:4180} INFO - Setting next_dagrun for dataset_s3_bucket_consumer to None, run_after=None
[2025-03-18T23:50:01.763+0000] {logging_mixin.py:190} INFO - [2025-03-18T23:50:01.763+0000] {dag.py:4180} INFO - Setting next_dagrun for dataset_s3_bucket_producer to None, run_after=None
[2025-03-18T23:50:01.779+0000] {processor.py:208} INFO - Processing /home/airflow/.local/lib/python3.12/site-packages/airflow/example_dags/example_dataset_alias.py took 0.468 seconds
