[2025-03-18T23:43:49.526+0000] {processor.py:186} INFO - Started process (PID=98) to work on /home/airflow/.local/lib/python3.12/site-packages/airflow/example_dags/example_task_group.py
[2025-03-18T23:43:49.527+0000] {processor.py:914} INFO - Processing file /home/airflow/.local/lib/python3.12/site-packages/airflow/example_dags/example_task_group.py for tasks to queue
[2025-03-18T23:43:49.528+0000] {logging_mixin.py:190} INFO - [2025-03-18T23:43:49.528+0000] {dagbag.py:588} INFO - Filling up the DagBag from /home/airflow/.local/lib/python3.12/site-packages/airflow/example_dags/example_task_group.py
[2025-03-18T23:43:49.534+0000] {processor.py:925} INFO - DAG(s) 'example_task_group' retrieved from /home/airflow/.local/lib/python3.12/site-packages/airflow/example_dags/example_task_group.py
[2025-03-18T23:43:49.611+0000] {logging_mixin.py:190} INFO - [2025-03-18T23:43:49.610+0000] {override.py:1912} INFO - Created Permission View: can delete on DAG:example_task_group
[2025-03-18T23:43:49.618+0000] {logging_mixin.py:190} INFO - [2025-03-18T23:43:49.618+0000] {override.py:1912} INFO - Created Permission View: can read on DAG:example_task_group
[2025-03-18T23:43:49.623+0000] {logging_mixin.py:190} INFO - [2025-03-18T23:43:49.623+0000] {override.py:1912} INFO - Created Permission View: can edit on DAG:example_task_group
[2025-03-18T23:43:49.628+0000] {logging_mixin.py:190} INFO - [2025-03-18T23:43:49.628+0000] {override.py:1912} INFO - Created Permission View: can delete on DAG Run:example_task_group
[2025-03-18T23:43:49.632+0000] {logging_mixin.py:190} INFO - [2025-03-18T23:43:49.632+0000] {override.py:1912} INFO - Created Permission View: can read on DAG Run:example_task_group
[2025-03-18T23:43:49.637+0000] {logging_mixin.py:190} INFO - [2025-03-18T23:43:49.636+0000] {override.py:1912} INFO - Created Permission View: can create on DAG Run:example_task_group
[2025-03-18T23:43:49.641+0000] {logging_mixin.py:190} INFO - [2025-03-18T23:43:49.641+0000] {override.py:1912} INFO - Created Permission View: menu access on DAG Run:example_task_group
[2025-03-18T23:43:49.641+0000] {logging_mixin.py:190} INFO - [2025-03-18T23:43:49.641+0000] {dag.py:3239} INFO - Sync 1 DAGs
[2025-03-18T23:43:49.650+0000] {logging_mixin.py:190} INFO - [2025-03-18T23:43:49.650+0000] {dag.py:3262} INFO - Creating ORM DAG for example_task_group
[2025-03-18T23:43:49.651+0000] {logging_mixin.py:190} INFO - [2025-03-18T23:43:49.651+0000] {dag.py:4180} INFO - Setting next_dagrun for example_task_group to None, run_after=None
[2025-03-18T23:43:49.662+0000] {processor.py:208} INFO - Processing /home/airflow/.local/lib/python3.12/site-packages/airflow/example_dags/example_task_group.py took 0.139 seconds
[2025-03-18T23:44:19.889+0000] {processor.py:186} INFO - Started process (PID=161) to work on /home/airflow/.local/lib/python3.12/site-packages/airflow/example_dags/example_task_group.py
[2025-03-18T23:44:19.890+0000] {processor.py:914} INFO - Processing file /home/airflow/.local/lib/python3.12/site-packages/airflow/example_dags/example_task_group.py for tasks to queue
[2025-03-18T23:44:19.891+0000] {logging_mixin.py:190} INFO - [2025-03-18T23:44:19.891+0000] {dagbag.py:588} INFO - Filling up the DagBag from /home/airflow/.local/lib/python3.12/site-packages/airflow/example_dags/example_task_group.py
[2025-03-18T23:44:19.896+0000] {processor.py:925} INFO - DAG(s) 'example_task_group' retrieved from /home/airflow/.local/lib/python3.12/site-packages/airflow/example_dags/example_task_group.py
[2025-03-18T23:44:19.909+0000] {logging_mixin.py:190} INFO - [2025-03-18T23:44:19.909+0000] {dag.py:3239} INFO - Sync 1 DAGs
[2025-03-18T23:44:19.919+0000] {logging_mixin.py:190} INFO - [2025-03-18T23:44:19.919+0000] {dag.py:4180} INFO - Setting next_dagrun for example_task_group to None, run_after=None
[2025-03-18T23:44:19.931+0000] {processor.py:208} INFO - Processing /home/airflow/.local/lib/python3.12/site-packages/airflow/example_dags/example_task_group.py took 0.045 seconds
[2025-03-18T23:44:50.555+0000] {processor.py:186} INFO - Started process (PID=224) to work on /home/airflow/.local/lib/python3.12/site-packages/airflow/example_dags/example_task_group.py
[2025-03-18T23:44:50.555+0000] {processor.py:914} INFO - Processing file /home/airflow/.local/lib/python3.12/site-packages/airflow/example_dags/example_task_group.py for tasks to queue
[2025-03-18T23:44:50.557+0000] {logging_mixin.py:190} INFO - [2025-03-18T23:44:50.557+0000] {dagbag.py:588} INFO - Filling up the DagBag from /home/airflow/.local/lib/python3.12/site-packages/airflow/example_dags/example_task_group.py
[2025-03-18T23:44:50.562+0000] {processor.py:925} INFO - DAG(s) 'example_task_group' retrieved from /home/airflow/.local/lib/python3.12/site-packages/airflow/example_dags/example_task_group.py
[2025-03-18T23:44:50.579+0000] {logging_mixin.py:190} INFO - [2025-03-18T23:44:50.579+0000] {dag.py:3239} INFO - Sync 1 DAGs
[2025-03-18T23:44:50.591+0000] {logging_mixin.py:190} INFO - [2025-03-18T23:44:50.591+0000] {dag.py:4180} INFO - Setting next_dagrun for example_task_group to None, run_after=None
[2025-03-18T23:44:50.607+0000] {processor.py:208} INFO - Processing /home/airflow/.local/lib/python3.12/site-packages/airflow/example_dags/example_task_group.py took 0.057 seconds
[2025-03-18T23:45:21.952+0000] {processor.py:186} INFO - Started process (PID=287) to work on /home/airflow/.local/lib/python3.12/site-packages/airflow/example_dags/example_task_group.py
[2025-03-18T23:45:21.953+0000] {processor.py:914} INFO - Processing file /home/airflow/.local/lib/python3.12/site-packages/airflow/example_dags/example_task_group.py for tasks to queue
[2025-03-18T23:45:21.954+0000] {logging_mixin.py:190} INFO - [2025-03-18T23:45:21.954+0000] {dagbag.py:588} INFO - Filling up the DagBag from /home/airflow/.local/lib/python3.12/site-packages/airflow/example_dags/example_task_group.py
[2025-03-18T23:45:21.960+0000] {processor.py:925} INFO - DAG(s) 'example_task_group' retrieved from /home/airflow/.local/lib/python3.12/site-packages/airflow/example_dags/example_task_group.py
[2025-03-18T23:45:21.980+0000] {logging_mixin.py:190} INFO - [2025-03-18T23:45:21.980+0000] {dag.py:3239} INFO - Sync 1 DAGs
[2025-03-18T23:45:21.997+0000] {logging_mixin.py:190} INFO - [2025-03-18T23:45:21.997+0000] {dag.py:4180} INFO - Setting next_dagrun for example_task_group to None, run_after=None
[2025-03-18T23:45:22.014+0000] {processor.py:208} INFO - Processing /home/airflow/.local/lib/python3.12/site-packages/airflow/example_dags/example_task_group.py took 0.066 seconds
[2025-03-18T23:45:53.199+0000] {processor.py:186} INFO - Started process (PID=350) to work on /home/airflow/.local/lib/python3.12/site-packages/airflow/example_dags/example_task_group.py
[2025-03-18T23:45:53.199+0000] {processor.py:914} INFO - Processing file /home/airflow/.local/lib/python3.12/site-packages/airflow/example_dags/example_task_group.py for tasks to queue
[2025-03-18T23:45:53.201+0000] {logging_mixin.py:190} INFO - [2025-03-18T23:45:53.200+0000] {dagbag.py:588} INFO - Filling up the DagBag from /home/airflow/.local/lib/python3.12/site-packages/airflow/example_dags/example_task_group.py
[2025-03-18T23:45:53.206+0000] {processor.py:925} INFO - DAG(s) 'example_task_group' retrieved from /home/airflow/.local/lib/python3.12/site-packages/airflow/example_dags/example_task_group.py
[2025-03-18T23:45:53.220+0000] {logging_mixin.py:190} INFO - [2025-03-18T23:45:53.220+0000] {dag.py:3239} INFO - Sync 1 DAGs
[2025-03-18T23:45:53.230+0000] {logging_mixin.py:190} INFO - [2025-03-18T23:45:53.229+0000] {dag.py:4180} INFO - Setting next_dagrun for example_task_group to None, run_after=None
[2025-03-18T23:45:53.243+0000] {processor.py:208} INFO - Processing /home/airflow/.local/lib/python3.12/site-packages/airflow/example_dags/example_task_group.py took 0.047 seconds
[2025-03-18T23:46:24.345+0000] {processor.py:186} INFO - Started process (PID=413) to work on /home/airflow/.local/lib/python3.12/site-packages/airflow/example_dags/example_task_group.py
[2025-03-18T23:46:24.345+0000] {processor.py:914} INFO - Processing file /home/airflow/.local/lib/python3.12/site-packages/airflow/example_dags/example_task_group.py for tasks to queue
[2025-03-18T23:46:24.347+0000] {logging_mixin.py:190} INFO - [2025-03-18T23:46:24.346+0000] {dagbag.py:588} INFO - Filling up the DagBag from /home/airflow/.local/lib/python3.12/site-packages/airflow/example_dags/example_task_group.py
[2025-03-18T23:46:24.353+0000] {processor.py:925} INFO - DAG(s) 'example_task_group' retrieved from /home/airflow/.local/lib/python3.12/site-packages/airflow/example_dags/example_task_group.py
[2025-03-18T23:46:24.368+0000] {logging_mixin.py:190} INFO - [2025-03-18T23:46:24.368+0000] {dag.py:3239} INFO - Sync 1 DAGs
[2025-03-18T23:46:24.378+0000] {logging_mixin.py:190} INFO - [2025-03-18T23:46:24.378+0000] {dag.py:4180} INFO - Setting next_dagrun for example_task_group to None, run_after=None
[2025-03-18T23:46:24.390+0000] {processor.py:208} INFO - Processing /home/airflow/.local/lib/python3.12/site-packages/airflow/example_dags/example_task_group.py took 0.050 seconds
[2025-03-18T23:46:55.740+0000] {processor.py:186} INFO - Started process (PID=476) to work on /home/airflow/.local/lib/python3.12/site-packages/airflow/example_dags/example_task_group.py
[2025-03-18T23:46:55.741+0000] {processor.py:914} INFO - Processing file /home/airflow/.local/lib/python3.12/site-packages/airflow/example_dags/example_task_group.py for tasks to queue
[2025-03-18T23:46:55.742+0000] {logging_mixin.py:190} INFO - [2025-03-18T23:46:55.742+0000] {dagbag.py:588} INFO - Filling up the DagBag from /home/airflow/.local/lib/python3.12/site-packages/airflow/example_dags/example_task_group.py
[2025-03-18T23:46:55.749+0000] {processor.py:925} INFO - DAG(s) 'example_task_group' retrieved from /home/airflow/.local/lib/python3.12/site-packages/airflow/example_dags/example_task_group.py
[2025-03-18T23:46:55.764+0000] {logging_mixin.py:190} INFO - [2025-03-18T23:46:55.764+0000] {dag.py:3239} INFO - Sync 1 DAGs
[2025-03-18T23:46:55.775+0000] {logging_mixin.py:190} INFO - [2025-03-18T23:46:55.774+0000] {dag.py:4180} INFO - Setting next_dagrun for example_task_group to None, run_after=None
[2025-03-18T23:46:55.789+0000] {processor.py:208} INFO - Processing /home/airflow/.local/lib/python3.12/site-packages/airflow/example_dags/example_task_group.py took 0.052 seconds
[2025-03-18T23:47:26.441+0000] {processor.py:186} INFO - Started process (PID=539) to work on /home/airflow/.local/lib/python3.12/site-packages/airflow/example_dags/example_task_group.py
[2025-03-18T23:47:26.442+0000] {processor.py:914} INFO - Processing file /home/airflow/.local/lib/python3.12/site-packages/airflow/example_dags/example_task_group.py for tasks to queue
[2025-03-18T23:47:26.443+0000] {logging_mixin.py:190} INFO - [2025-03-18T23:47:26.443+0000] {dagbag.py:588} INFO - Filling up the DagBag from /home/airflow/.local/lib/python3.12/site-packages/airflow/example_dags/example_task_group.py
[2025-03-18T23:47:26.450+0000] {processor.py:925} INFO - DAG(s) 'example_task_group' retrieved from /home/airflow/.local/lib/python3.12/site-packages/airflow/example_dags/example_task_group.py
[2025-03-18T23:47:26.465+0000] {logging_mixin.py:190} INFO - [2025-03-18T23:47:26.464+0000] {dag.py:3239} INFO - Sync 1 DAGs
[2025-03-18T23:47:26.475+0000] {logging_mixin.py:190} INFO - [2025-03-18T23:47:26.475+0000] {dag.py:4180} INFO - Setting next_dagrun for example_task_group to None, run_after=None
[2025-03-18T23:47:26.488+0000] {processor.py:208} INFO - Processing /home/airflow/.local/lib/python3.12/site-packages/airflow/example_dags/example_task_group.py took 0.051 seconds
[2025-03-18T23:47:57.880+0000] {processor.py:186} INFO - Started process (PID=602) to work on /home/airflow/.local/lib/python3.12/site-packages/airflow/example_dags/example_task_group.py
[2025-03-18T23:47:57.880+0000] {processor.py:914} INFO - Processing file /home/airflow/.local/lib/python3.12/site-packages/airflow/example_dags/example_task_group.py for tasks to queue
[2025-03-18T23:47:57.882+0000] {logging_mixin.py:190} INFO - [2025-03-18T23:47:57.881+0000] {dagbag.py:588} INFO - Filling up the DagBag from /home/airflow/.local/lib/python3.12/site-packages/airflow/example_dags/example_task_group.py
[2025-03-18T23:47:57.887+0000] {processor.py:925} INFO - DAG(s) 'example_task_group' retrieved from /home/airflow/.local/lib/python3.12/site-packages/airflow/example_dags/example_task_group.py
[2025-03-18T23:47:57.901+0000] {logging_mixin.py:190} INFO - [2025-03-18T23:47:57.900+0000] {dag.py:3239} INFO - Sync 1 DAGs
[2025-03-18T23:47:57.910+0000] {logging_mixin.py:190} INFO - [2025-03-18T23:47:57.910+0000] {dag.py:4180} INFO - Setting next_dagrun for example_task_group to None, run_after=None
[2025-03-18T23:47:57.923+0000] {processor.py:208} INFO - Processing /home/airflow/.local/lib/python3.12/site-packages/airflow/example_dags/example_task_group.py took 0.046 seconds
[2025-03-18T23:48:28.610+0000] {processor.py:186} INFO - Started process (PID=665) to work on /home/airflow/.local/lib/python3.12/site-packages/airflow/example_dags/example_task_group.py
[2025-03-18T23:48:28.610+0000] {processor.py:914} INFO - Processing file /home/airflow/.local/lib/python3.12/site-packages/airflow/example_dags/example_task_group.py for tasks to queue
[2025-03-18T23:48:28.611+0000] {logging_mixin.py:190} INFO - [2025-03-18T23:48:28.611+0000] {dagbag.py:588} INFO - Filling up the DagBag from /home/airflow/.local/lib/python3.12/site-packages/airflow/example_dags/example_task_group.py
[2025-03-18T23:48:28.617+0000] {processor.py:925} INFO - DAG(s) 'example_task_group' retrieved from /home/airflow/.local/lib/python3.12/site-packages/airflow/example_dags/example_task_group.py
[2025-03-18T23:48:28.631+0000] {logging_mixin.py:190} INFO - [2025-03-18T23:48:28.631+0000] {dag.py:3239} INFO - Sync 1 DAGs
[2025-03-18T23:48:28.640+0000] {logging_mixin.py:190} INFO - [2025-03-18T23:48:28.640+0000] {dag.py:4180} INFO - Setting next_dagrun for example_task_group to None, run_after=None
[2025-03-18T23:48:28.653+0000] {processor.py:208} INFO - Processing /home/airflow/.local/lib/python3.12/site-packages/airflow/example_dags/example_task_group.py took 0.047 seconds
[2025-03-18T23:48:59.552+0000] {processor.py:186} INFO - Started process (PID=728) to work on /home/airflow/.local/lib/python3.12/site-packages/airflow/example_dags/example_task_group.py
[2025-03-18T23:48:59.553+0000] {processor.py:914} INFO - Processing file /home/airflow/.local/lib/python3.12/site-packages/airflow/example_dags/example_task_group.py for tasks to queue
[2025-03-18T23:48:59.554+0000] {logging_mixin.py:190} INFO - [2025-03-18T23:48:59.554+0000] {dagbag.py:588} INFO - Filling up the DagBag from /home/airflow/.local/lib/python3.12/site-packages/airflow/example_dags/example_task_group.py
[2025-03-18T23:48:59.559+0000] {processor.py:925} INFO - DAG(s) 'example_task_group' retrieved from /home/airflow/.local/lib/python3.12/site-packages/airflow/example_dags/example_task_group.py
[2025-03-18T23:48:59.573+0000] {logging_mixin.py:190} INFO - [2025-03-18T23:48:59.573+0000] {dag.py:3239} INFO - Sync 1 DAGs
[2025-03-18T23:48:59.583+0000] {logging_mixin.py:190} INFO - [2025-03-18T23:48:59.583+0000] {dag.py:4180} INFO - Setting next_dagrun for example_task_group to None, run_after=None
[2025-03-18T23:48:59.596+0000] {processor.py:208} INFO - Processing /home/airflow/.local/lib/python3.12/site-packages/airflow/example_dags/example_task_group.py took 0.047 seconds
[2025-03-18T23:49:30.797+0000] {processor.py:186} INFO - Started process (PID=791) to work on /home/airflow/.local/lib/python3.12/site-packages/airflow/example_dags/example_task_group.py
[2025-03-18T23:49:30.798+0000] {processor.py:914} INFO - Processing file /home/airflow/.local/lib/python3.12/site-packages/airflow/example_dags/example_task_group.py for tasks to queue
[2025-03-18T23:49:30.799+0000] {logging_mixin.py:190} INFO - [2025-03-18T23:49:30.799+0000] {dagbag.py:588} INFO - Filling up the DagBag from /home/airflow/.local/lib/python3.12/site-packages/airflow/example_dags/example_task_group.py
[2025-03-18T23:49:30.805+0000] {processor.py:925} INFO - DAG(s) 'example_task_group' retrieved from /home/airflow/.local/lib/python3.12/site-packages/airflow/example_dags/example_task_group.py
[2025-03-18T23:49:30.819+0000] {logging_mixin.py:190} INFO - [2025-03-18T23:49:30.819+0000] {dag.py:3239} INFO - Sync 1 DAGs
[2025-03-18T23:49:30.828+0000] {logging_mixin.py:190} INFO - [2025-03-18T23:49:30.828+0000] {dag.py:4180} INFO - Setting next_dagrun for example_task_group to None, run_after=None
[2025-03-18T23:49:30.841+0000] {processor.py:208} INFO - Processing /home/airflow/.local/lib/python3.12/site-packages/airflow/example_dags/example_task_group.py took 0.048 seconds
[2025-03-18T23:50:01.937+0000] {processor.py:186} INFO - Started process (PID=854) to work on /home/airflow/.local/lib/python3.12/site-packages/airflow/example_dags/example_task_group.py
[2025-03-18T23:50:01.938+0000] {processor.py:914} INFO - Processing file /home/airflow/.local/lib/python3.12/site-packages/airflow/example_dags/example_task_group.py for tasks to queue
[2025-03-18T23:50:01.939+0000] {logging_mixin.py:190} INFO - [2025-03-18T23:50:01.939+0000] {dagbag.py:588} INFO - Filling up the DagBag from /home/airflow/.local/lib/python3.12/site-packages/airflow/example_dags/example_task_group.py
[2025-03-18T23:50:01.945+0000] {processor.py:925} INFO - DAG(s) 'example_task_group' retrieved from /home/airflow/.local/lib/python3.12/site-packages/airflow/example_dags/example_task_group.py
[2025-03-18T23:50:01.960+0000] {logging_mixin.py:190} INFO - [2025-03-18T23:50:01.960+0000] {dag.py:3239} INFO - Sync 1 DAGs
[2025-03-18T23:50:01.971+0000] {logging_mixin.py:190} INFO - [2025-03-18T23:50:01.971+0000] {dag.py:4180} INFO - Setting next_dagrun for example_task_group to None, run_after=None
[2025-03-18T23:50:01.985+0000] {processor.py:208} INFO - Processing /home/airflow/.local/lib/python3.12/site-packages/airflow/example_dags/example_task_group.py took 0.052 seconds
