[2025-03-18T23:43:49.673+0000] {processor.py:186} INFO - Started process (PID=99) to work on /home/airflow/.local/lib/python3.12/site-packages/airflow/example_dags/example_branch_day_of_week_operator.py
[2025-03-18T23:43:49.673+0000] {processor.py:914} INFO - Processing file /home/airflow/.local/lib/python3.12/site-packages/airflow/example_dags/example_branch_day_of_week_operator.py for tasks to queue
[2025-03-18T23:43:49.674+0000] {logging_mixin.py:190} INFO - [2025-03-18T23:43:49.674+0000] {dagbag.py:588} INFO - Filling up the DagBag from /home/airflow/.local/lib/python3.12/site-packages/airflow/example_dags/example_branch_day_of_week_operator.py
[2025-03-18T23:43:49.681+0000] {processor.py:925} INFO - DAG(s) 'example_weekday_branch_operator' retrieved from /home/airflow/.local/lib/python3.12/site-packages/airflow/example_dags/example_branch_day_of_week_operator.py
[2025-03-18T23:43:49.756+0000] {logging_mixin.py:190} INFO - [2025-03-18T23:43:49.755+0000] {override.py:1912} INFO - Created Permission View: can delete on DAG:example_weekday_branch_operator
[2025-03-18T23:43:49.763+0000] {logging_mixin.py:190} INFO - [2025-03-18T23:43:49.763+0000] {override.py:1912} INFO - Created Permission View: can read on DAG:example_weekday_branch_operator
[2025-03-18T23:43:49.767+0000] {logging_mixin.py:190} INFO - [2025-03-18T23:43:49.767+0000] {override.py:1912} INFO - Created Permission View: can edit on DAG:example_weekday_branch_operator
[2025-03-18T23:43:49.772+0000] {logging_mixin.py:190} INFO - [2025-03-18T23:43:49.772+0000] {override.py:1912} INFO - Created Permission View: can delete on DAG Run:example_weekday_branch_operator
[2025-03-18T23:43:49.778+0000] {logging_mixin.py:190} INFO - [2025-03-18T23:43:49.777+0000] {override.py:1912} INFO - Created Permission View: can read on DAG Run:example_weekday_branch_operator
[2025-03-18T23:43:49.782+0000] {logging_mixin.py:190} INFO - [2025-03-18T23:43:49.782+0000] {override.py:1912} INFO - Created Permission View: can create on DAG Run:example_weekday_branch_operator
[2025-03-18T23:43:49.786+0000] {logging_mixin.py:190} INFO - [2025-03-18T23:43:49.786+0000] {override.py:1912} INFO - Created Permission View: menu access on DAG Run:example_weekday_branch_operator
[2025-03-18T23:43:49.787+0000] {logging_mixin.py:190} INFO - [2025-03-18T23:43:49.786+0000] {dag.py:3239} INFO - Sync 1 DAGs
[2025-03-18T23:43:49.795+0000] {logging_mixin.py:190} INFO - [2025-03-18T23:43:49.795+0000] {dag.py:3262} INFO - Creating ORM DAG for example_weekday_branch_operator
[2025-03-18T23:43:49.803+0000] {logging_mixin.py:190} INFO - [2025-03-18T23:43:49.803+0000] {dag.py:4180} INFO - Setting next_dagrun for example_weekday_branch_operator to 2025-03-17 00:00:00+00:00, run_after=2025-03-18 00:00:00+00:00
[2025-03-18T23:43:49.815+0000] {processor.py:208} INFO - Processing /home/airflow/.local/lib/python3.12/site-packages/airflow/example_dags/example_branch_day_of_week_operator.py took 0.146 seconds
[2025-03-18T23:44:19.934+0000] {processor.py:186} INFO - Started process (PID=162) to work on /home/airflow/.local/lib/python3.12/site-packages/airflow/example_dags/example_branch_day_of_week_operator.py
[2025-03-18T23:44:19.935+0000] {processor.py:914} INFO - Processing file /home/airflow/.local/lib/python3.12/site-packages/airflow/example_dags/example_branch_day_of_week_operator.py for tasks to queue
[2025-03-18T23:44:19.936+0000] {logging_mixin.py:190} INFO - [2025-03-18T23:44:19.936+0000] {dagbag.py:588} INFO - Filling up the DagBag from /home/airflow/.local/lib/python3.12/site-packages/airflow/example_dags/example_branch_day_of_week_operator.py
[2025-03-18T23:44:19.942+0000] {processor.py:925} INFO - DAG(s) 'example_weekday_branch_operator' retrieved from /home/airflow/.local/lib/python3.12/site-packages/airflow/example_dags/example_branch_day_of_week_operator.py
[2025-03-18T23:44:19.954+0000] {logging_mixin.py:190} INFO - [2025-03-18T23:44:19.954+0000] {dag.py:3239} INFO - Sync 1 DAGs
[2025-03-18T23:44:19.970+0000] {logging_mixin.py:190} INFO - [2025-03-18T23:44:19.970+0000] {dag.py:4180} INFO - Setting next_dagrun for example_weekday_branch_operator to 2025-03-17 00:00:00+00:00, run_after=2025-03-18 00:00:00+00:00
[2025-03-18T23:44:19.982+0000] {processor.py:208} INFO - Processing /home/airflow/.local/lib/python3.12/site-packages/airflow/example_dags/example_branch_day_of_week_operator.py took 0.051 seconds
[2025-03-18T23:44:50.626+0000] {processor.py:186} INFO - Started process (PID=225) to work on /home/airflow/.local/lib/python3.12/site-packages/airflow/example_dags/example_branch_day_of_week_operator.py
[2025-03-18T23:44:50.627+0000] {processor.py:914} INFO - Processing file /home/airflow/.local/lib/python3.12/site-packages/airflow/example_dags/example_branch_day_of_week_operator.py for tasks to queue
[2025-03-18T23:44:50.628+0000] {logging_mixin.py:190} INFO - [2025-03-18T23:44:50.628+0000] {dagbag.py:588} INFO - Filling up the DagBag from /home/airflow/.local/lib/python3.12/site-packages/airflow/example_dags/example_branch_day_of_week_operator.py
[2025-03-18T23:44:50.635+0000] {processor.py:925} INFO - DAG(s) 'example_weekday_branch_operator' retrieved from /home/airflow/.local/lib/python3.12/site-packages/airflow/example_dags/example_branch_day_of_week_operator.py
[2025-03-18T23:44:50.651+0000] {logging_mixin.py:190} INFO - [2025-03-18T23:44:50.651+0000] {dag.py:3239} INFO - Sync 1 DAGs
[2025-03-18T23:44:50.674+0000] {logging_mixin.py:190} INFO - [2025-03-18T23:44:50.673+0000] {dag.py:4180} INFO - Setting next_dagrun for example_weekday_branch_operator to 2025-03-17 00:00:00+00:00, run_after=2025-03-18 00:00:00+00:00
[2025-03-18T23:44:50.689+0000] {processor.py:208} INFO - Processing /home/airflow/.local/lib/python3.12/site-packages/airflow/example_dags/example_branch_day_of_week_operator.py took 0.067 seconds
[2025-03-18T23:45:21.972+0000] {processor.py:186} INFO - Started process (PID=288) to work on /home/airflow/.local/lib/python3.12/site-packages/airflow/example_dags/example_branch_day_of_week_operator.py
[2025-03-18T23:45:21.973+0000] {processor.py:914} INFO - Processing file /home/airflow/.local/lib/python3.12/site-packages/airflow/example_dags/example_branch_day_of_week_operator.py for tasks to queue
[2025-03-18T23:45:21.974+0000] {logging_mixin.py:190} INFO - [2025-03-18T23:45:21.974+0000] {dagbag.py:588} INFO - Filling up the DagBag from /home/airflow/.local/lib/python3.12/site-packages/airflow/example_dags/example_branch_day_of_week_operator.py
[2025-03-18T23:45:21.981+0000] {processor.py:925} INFO - DAG(s) 'example_weekday_branch_operator' retrieved from /home/airflow/.local/lib/python3.12/site-packages/airflow/example_dags/example_branch_day_of_week_operator.py
[2025-03-18T23:45:21.997+0000] {logging_mixin.py:190} INFO - [2025-03-18T23:45:21.997+0000] {dag.py:3239} INFO - Sync 1 DAGs
[2025-03-18T23:45:22.018+0000] {logging_mixin.py:190} INFO - [2025-03-18T23:45:22.018+0000] {dag.py:4180} INFO - Setting next_dagrun for example_weekday_branch_operator to 2025-03-17 00:00:00+00:00, run_after=2025-03-18 00:00:00+00:00
[2025-03-18T23:45:22.033+0000] {processor.py:208} INFO - Processing /home/airflow/.local/lib/python3.12/site-packages/airflow/example_dags/example_branch_day_of_week_operator.py took 0.065 seconds
[2025-03-18T23:45:53.262+0000] {processor.py:186} INFO - Started process (PID=351) to work on /home/airflow/.local/lib/python3.12/site-packages/airflow/example_dags/example_branch_day_of_week_operator.py
[2025-03-18T23:45:53.263+0000] {processor.py:914} INFO - Processing file /home/airflow/.local/lib/python3.12/site-packages/airflow/example_dags/example_branch_day_of_week_operator.py for tasks to queue
[2025-03-18T23:45:53.264+0000] {logging_mixin.py:190} INFO - [2025-03-18T23:45:53.264+0000] {dagbag.py:588} INFO - Filling up the DagBag from /home/airflow/.local/lib/python3.12/site-packages/airflow/example_dags/example_branch_day_of_week_operator.py
[2025-03-18T23:45:53.271+0000] {processor.py:925} INFO - DAG(s) 'example_weekday_branch_operator' retrieved from /home/airflow/.local/lib/python3.12/site-packages/airflow/example_dags/example_branch_day_of_week_operator.py
[2025-03-18T23:45:53.286+0000] {logging_mixin.py:190} INFO - [2025-03-18T23:45:53.286+0000] {dag.py:3239} INFO - Sync 1 DAGs
[2025-03-18T23:45:53.307+0000] {logging_mixin.py:190} INFO - [2025-03-18T23:45:53.306+0000] {dag.py:4180} INFO - Setting next_dagrun for example_weekday_branch_operator to 2025-03-17 00:00:00+00:00, run_after=2025-03-18 00:00:00+00:00
[2025-03-18T23:45:53.320+0000] {processor.py:208} INFO - Processing /home/airflow/.local/lib/python3.12/site-packages/airflow/example_dags/example_branch_day_of_week_operator.py took 0.061 seconds
[2025-03-18T23:46:24.406+0000] {processor.py:186} INFO - Started process (PID=414) to work on /home/airflow/.local/lib/python3.12/site-packages/airflow/example_dags/example_branch_day_of_week_operator.py
[2025-03-18T23:46:24.407+0000] {processor.py:914} INFO - Processing file /home/airflow/.local/lib/python3.12/site-packages/airflow/example_dags/example_branch_day_of_week_operator.py for tasks to queue
[2025-03-18T23:46:24.408+0000] {logging_mixin.py:190} INFO - [2025-03-18T23:46:24.408+0000] {dagbag.py:588} INFO - Filling up the DagBag from /home/airflow/.local/lib/python3.12/site-packages/airflow/example_dags/example_branch_day_of_week_operator.py
[2025-03-18T23:46:24.414+0000] {processor.py:925} INFO - DAG(s) 'example_weekday_branch_operator' retrieved from /home/airflow/.local/lib/python3.12/site-packages/airflow/example_dags/example_branch_day_of_week_operator.py
[2025-03-18T23:46:24.427+0000] {logging_mixin.py:190} INFO - [2025-03-18T23:46:24.427+0000] {dag.py:3239} INFO - Sync 1 DAGs
[2025-03-18T23:46:24.445+0000] {logging_mixin.py:190} INFO - [2025-03-18T23:46:24.445+0000] {dag.py:4180} INFO - Setting next_dagrun for example_weekday_branch_operator to 2025-03-17 00:00:00+00:00, run_after=2025-03-18 00:00:00+00:00
[2025-03-18T23:46:24.458+0000] {processor.py:208} INFO - Processing /home/airflow/.local/lib/python3.12/site-packages/airflow/example_dags/example_branch_day_of_week_operator.py took 0.055 seconds
[2025-03-18T23:46:55.807+0000] {processor.py:186} INFO - Started process (PID=477) to work on /home/airflow/.local/lib/python3.12/site-packages/airflow/example_dags/example_branch_day_of_week_operator.py
[2025-03-18T23:46:55.808+0000] {processor.py:914} INFO - Processing file /home/airflow/.local/lib/python3.12/site-packages/airflow/example_dags/example_branch_day_of_week_operator.py for tasks to queue
[2025-03-18T23:46:55.810+0000] {logging_mixin.py:190} INFO - [2025-03-18T23:46:55.809+0000] {dagbag.py:588} INFO - Filling up the DagBag from /home/airflow/.local/lib/python3.12/site-packages/airflow/example_dags/example_branch_day_of_week_operator.py
[2025-03-18T23:46:55.817+0000] {processor.py:925} INFO - DAG(s) 'example_weekday_branch_operator' retrieved from /home/airflow/.local/lib/python3.12/site-packages/airflow/example_dags/example_branch_day_of_week_operator.py
[2025-03-18T23:46:55.833+0000] {logging_mixin.py:190} INFO - [2025-03-18T23:46:55.832+0000] {dag.py:3239} INFO - Sync 1 DAGs
[2025-03-18T23:46:55.851+0000] {logging_mixin.py:190} INFO - [2025-03-18T23:46:55.851+0000] {dag.py:4180} INFO - Setting next_dagrun for example_weekday_branch_operator to 2025-03-17 00:00:00+00:00, run_after=2025-03-18 00:00:00+00:00
[2025-03-18T23:46:55.866+0000] {processor.py:208} INFO - Processing /home/airflow/.local/lib/python3.12/site-packages/airflow/example_dags/example_branch_day_of_week_operator.py took 0.062 seconds
[2025-03-18T23:47:26.496+0000] {processor.py:186} INFO - Started process (PID=540) to work on /home/airflow/.local/lib/python3.12/site-packages/airflow/example_dags/example_branch_day_of_week_operator.py
[2025-03-18T23:47:26.496+0000] {processor.py:914} INFO - Processing file /home/airflow/.local/lib/python3.12/site-packages/airflow/example_dags/example_branch_day_of_week_operator.py for tasks to queue
[2025-03-18T23:47:26.498+0000] {logging_mixin.py:190} INFO - [2025-03-18T23:47:26.498+0000] {dagbag.py:588} INFO - Filling up the DagBag from /home/airflow/.local/lib/python3.12/site-packages/airflow/example_dags/example_branch_day_of_week_operator.py
[2025-03-18T23:47:26.504+0000] {processor.py:925} INFO - DAG(s) 'example_weekday_branch_operator' retrieved from /home/airflow/.local/lib/python3.12/site-packages/airflow/example_dags/example_branch_day_of_week_operator.py
[2025-03-18T23:47:26.518+0000] {logging_mixin.py:190} INFO - [2025-03-18T23:47:26.517+0000] {dag.py:3239} INFO - Sync 1 DAGs
[2025-03-18T23:47:26.535+0000] {logging_mixin.py:190} INFO - [2025-03-18T23:47:26.535+0000] {dag.py:4180} INFO - Setting next_dagrun for example_weekday_branch_operator to 2025-03-17 00:00:00+00:00, run_after=2025-03-18 00:00:00+00:00
[2025-03-18T23:47:26.548+0000] {processor.py:208} INFO - Processing /home/airflow/.local/lib/python3.12/site-packages/airflow/example_dags/example_branch_day_of_week_operator.py took 0.056 seconds
[2025-03-18T23:47:57.922+0000] {processor.py:186} INFO - Started process (PID=603) to work on /home/airflow/.local/lib/python3.12/site-packages/airflow/example_dags/example_branch_day_of_week_operator.py
[2025-03-18T23:47:57.922+0000] {processor.py:914} INFO - Processing file /home/airflow/.local/lib/python3.12/site-packages/airflow/example_dags/example_branch_day_of_week_operator.py for tasks to queue
[2025-03-18T23:47:57.924+0000] {logging_mixin.py:190} INFO - [2025-03-18T23:47:57.924+0000] {dagbag.py:588} INFO - Filling up the DagBag from /home/airflow/.local/lib/python3.12/site-packages/airflow/example_dags/example_branch_day_of_week_operator.py
[2025-03-18T23:47:57.931+0000] {processor.py:925} INFO - DAG(s) 'example_weekday_branch_operator' retrieved from /home/airflow/.local/lib/python3.12/site-packages/airflow/example_dags/example_branch_day_of_week_operator.py
[2025-03-18T23:47:57.945+0000] {logging_mixin.py:190} INFO - [2025-03-18T23:47:57.945+0000] {dag.py:3239} INFO - Sync 1 DAGs
[2025-03-18T23:47:57.962+0000] {logging_mixin.py:190} INFO - [2025-03-18T23:47:57.961+0000] {dag.py:4180} INFO - Setting next_dagrun for example_weekday_branch_operator to 2025-03-17 00:00:00+00:00, run_after=2025-03-18 00:00:00+00:00
[2025-03-18T23:47:57.973+0000] {processor.py:208} INFO - Processing /home/airflow/.local/lib/python3.12/site-packages/airflow/example_dags/example_branch_day_of_week_operator.py took 0.055 seconds
[2025-03-18T23:48:28.614+0000] {processor.py:186} INFO - Started process (PID=666) to work on /home/airflow/.local/lib/python3.12/site-packages/airflow/example_dags/example_branch_day_of_week_operator.py
[2025-03-18T23:48:28.615+0000] {processor.py:914} INFO - Processing file /home/airflow/.local/lib/python3.12/site-packages/airflow/example_dags/example_branch_day_of_week_operator.py for tasks to queue
[2025-03-18T23:48:28.616+0000] {logging_mixin.py:190} INFO - [2025-03-18T23:48:28.616+0000] {dagbag.py:588} INFO - Filling up the DagBag from /home/airflow/.local/lib/python3.12/site-packages/airflow/example_dags/example_branch_day_of_week_operator.py
[2025-03-18T23:48:28.622+0000] {processor.py:925} INFO - DAG(s) 'example_weekday_branch_operator' retrieved from /home/airflow/.local/lib/python3.12/site-packages/airflow/example_dags/example_branch_day_of_week_operator.py
[2025-03-18T23:48:28.634+0000] {logging_mixin.py:190} INFO - [2025-03-18T23:48:28.634+0000] {dag.py:3239} INFO - Sync 1 DAGs
[2025-03-18T23:48:28.651+0000] {logging_mixin.py:190} INFO - [2025-03-18T23:48:28.651+0000] {dag.py:4180} INFO - Setting next_dagrun for example_weekday_branch_operator to 2025-03-17 00:00:00+00:00, run_after=2025-03-18 00:00:00+00:00
[2025-03-18T23:48:28.663+0000] {processor.py:208} INFO - Processing /home/airflow/.local/lib/python3.12/site-packages/airflow/example_dags/example_branch_day_of_week_operator.py took 0.052 seconds
[2025-03-18T23:48:59.613+0000] {processor.py:186} INFO - Started process (PID=729) to work on /home/airflow/.local/lib/python3.12/site-packages/airflow/example_dags/example_branch_day_of_week_operator.py
[2025-03-18T23:48:59.614+0000] {processor.py:914} INFO - Processing file /home/airflow/.local/lib/python3.12/site-packages/airflow/example_dags/example_branch_day_of_week_operator.py for tasks to queue
[2025-03-18T23:48:59.615+0000] {logging_mixin.py:190} INFO - [2025-03-18T23:48:59.615+0000] {dagbag.py:588} INFO - Filling up the DagBag from /home/airflow/.local/lib/python3.12/site-packages/airflow/example_dags/example_branch_day_of_week_operator.py
[2025-03-18T23:48:59.621+0000] {processor.py:925} INFO - DAG(s) 'example_weekday_branch_operator' retrieved from /home/airflow/.local/lib/python3.12/site-packages/airflow/example_dags/example_branch_day_of_week_operator.py
[2025-03-18T23:48:59.635+0000] {logging_mixin.py:190} INFO - [2025-03-18T23:48:59.634+0000] {dag.py:3239} INFO - Sync 1 DAGs
[2025-03-18T23:48:59.652+0000] {logging_mixin.py:190} INFO - [2025-03-18T23:48:59.652+0000] {dag.py:4180} INFO - Setting next_dagrun for example_weekday_branch_operator to 2025-03-17 00:00:00+00:00, run_after=2025-03-18 00:00:00+00:00
[2025-03-18T23:48:59.667+0000] {processor.py:208} INFO - Processing /home/airflow/.local/lib/python3.12/site-packages/airflow/example_dags/example_branch_day_of_week_operator.py took 0.057 seconds
[2025-03-18T23:49:30.858+0000] {processor.py:186} INFO - Started process (PID=792) to work on /home/airflow/.local/lib/python3.12/site-packages/airflow/example_dags/example_branch_day_of_week_operator.py
[2025-03-18T23:49:30.858+0000] {processor.py:914} INFO - Processing file /home/airflow/.local/lib/python3.12/site-packages/airflow/example_dags/example_branch_day_of_week_operator.py for tasks to queue
[2025-03-18T23:49:30.860+0000] {logging_mixin.py:190} INFO - [2025-03-18T23:49:30.859+0000] {dagbag.py:588} INFO - Filling up the DagBag from /home/airflow/.local/lib/python3.12/site-packages/airflow/example_dags/example_branch_day_of_week_operator.py
[2025-03-18T23:49:30.866+0000] {processor.py:925} INFO - DAG(s) 'example_weekday_branch_operator' retrieved from /home/airflow/.local/lib/python3.12/site-packages/airflow/example_dags/example_branch_day_of_week_operator.py
[2025-03-18T23:49:30.880+0000] {logging_mixin.py:190} INFO - [2025-03-18T23:49:30.880+0000] {dag.py:3239} INFO - Sync 1 DAGs
[2025-03-18T23:49:30.897+0000] {logging_mixin.py:190} INFO - [2025-03-18T23:49:30.897+0000] {dag.py:4180} INFO - Setting next_dagrun for example_weekday_branch_operator to 2025-03-17 00:00:00+00:00, run_after=2025-03-18 00:00:00+00:00
[2025-03-18T23:49:30.911+0000] {processor.py:208} INFO - Processing /home/airflow/.local/lib/python3.12/site-packages/airflow/example_dags/example_branch_day_of_week_operator.py took 0.057 seconds
[2025-03-18T23:50:01.942+0000] {processor.py:186} INFO - Started process (PID=855) to work on /home/airflow/.local/lib/python3.12/site-packages/airflow/example_dags/example_branch_day_of_week_operator.py
[2025-03-18T23:50:01.943+0000] {processor.py:914} INFO - Processing file /home/airflow/.local/lib/python3.12/site-packages/airflow/example_dags/example_branch_day_of_week_operator.py for tasks to queue
[2025-03-18T23:50:01.944+0000] {logging_mixin.py:190} INFO - [2025-03-18T23:50:01.944+0000] {dagbag.py:588} INFO - Filling up the DagBag from /home/airflow/.local/lib/python3.12/site-packages/airflow/example_dags/example_branch_day_of_week_operator.py
[2025-03-18T23:50:01.951+0000] {processor.py:925} INFO - DAG(s) 'example_weekday_branch_operator' retrieved from /home/airflow/.local/lib/python3.12/site-packages/airflow/example_dags/example_branch_day_of_week_operator.py
[2025-03-18T23:50:01.965+0000] {logging_mixin.py:190} INFO - [2025-03-18T23:50:01.965+0000] {dag.py:3239} INFO - Sync 1 DAGs
[2025-03-18T23:50:01.982+0000] {logging_mixin.py:190} INFO - [2025-03-18T23:50:01.982+0000] {dag.py:4180} INFO - Setting next_dagrun for example_weekday_branch_operator to 2025-03-17 00:00:00+00:00, run_after=2025-03-18 00:00:00+00:00
[2025-03-18T23:50:01.998+0000] {processor.py:208} INFO - Processing /home/airflow/.local/lib/python3.12/site-packages/airflow/example_dags/example_branch_day_of_week_operator.py took 0.059 seconds
