[2025-03-18T23:43:47.395+0000] {processor.py:186} INFO - Started process (PID=79) to work on /home/airflow/.local/lib/python3.12/site-packages/airflow/example_dags/example_python_decorator.py
[2025-03-18T23:43:47.395+0000] {processor.py:914} INFO - Processing file /home/airflow/.local/lib/python3.12/site-packages/airflow/example_dags/example_python_decorator.py for tasks to queue
[2025-03-18T23:43:47.396+0000] {logging_mixin.py:190} INFO - [2025-03-18T23:43:47.396+0000] {dagbag.py:588} INFO - Filling up the DagBag from /home/airflow/.local/lib/python3.12/site-packages/airflow/example_dags/example_python_decorator.py
[2025-03-18T23:43:47.407+0000] {processor.py:925} INFO - DAG(s) 'example_python_decorator' retrieved from /home/airflow/.local/lib/python3.12/site-packages/airflow/example_dags/example_python_decorator.py
[2025-03-18T23:43:47.503+0000] {logging_mixin.py:190} INFO - [2025-03-18T23:43:47.503+0000] {override.py:1912} INFO - Created Permission View: can delete on DAG:example_python_decorator
[2025-03-18T23:43:47.510+0000] {logging_mixin.py:190} INFO - [2025-03-18T23:43:47.510+0000] {override.py:1912} INFO - Created Permission View: can read on DAG:example_python_decorator
[2025-03-18T23:43:47.515+0000] {logging_mixin.py:190} INFO - [2025-03-18T23:43:47.514+0000] {override.py:1912} INFO - Created Permission View: can edit on DAG:example_python_decorator
[2025-03-18T23:43:47.519+0000] {logging_mixin.py:190} INFO - [2025-03-18T23:43:47.519+0000] {override.py:1912} INFO - Created Permission View: can delete on DAG Run:example_python_decorator
[2025-03-18T23:43:47.524+0000] {logging_mixin.py:190} INFO - [2025-03-18T23:43:47.524+0000] {override.py:1912} INFO - Created Permission View: can read on DAG Run:example_python_decorator
[2025-03-18T23:43:47.528+0000] {logging_mixin.py:190} INFO - [2025-03-18T23:43:47.528+0000] {override.py:1912} INFO - Created Permission View: can create on DAG Run:example_python_decorator
[2025-03-18T23:43:47.532+0000] {logging_mixin.py:190} INFO - [2025-03-18T23:43:47.532+0000] {override.py:1912} INFO - Created Permission View: menu access on DAG Run:example_python_decorator
[2025-03-18T23:43:47.533+0000] {logging_mixin.py:190} INFO - [2025-03-18T23:43:47.533+0000] {dag.py:3239} INFO - Sync 1 DAGs
[2025-03-18T23:43:47.543+0000] {logging_mixin.py:190} INFO - [2025-03-18T23:43:47.543+0000] {dag.py:3262} INFO - Creating ORM DAG for example_python_decorator
[2025-03-18T23:43:47.543+0000] {logging_mixin.py:190} INFO - [2025-03-18T23:43:47.543+0000] {dag.py:4180} INFO - Setting next_dagrun for example_python_decorator to None, run_after=None
[2025-03-18T23:43:47.554+0000] {processor.py:208} INFO - Processing /home/airflow/.local/lib/python3.12/site-packages/airflow/example_dags/example_python_decorator.py took 0.163 seconds
[2025-03-18T23:44:17.779+0000] {processor.py:186} INFO - Started process (PID=142) to work on /home/airflow/.local/lib/python3.12/site-packages/airflow/example_dags/example_python_decorator.py
[2025-03-18T23:44:17.779+0000] {processor.py:914} INFO - Processing file /home/airflow/.local/lib/python3.12/site-packages/airflow/example_dags/example_python_decorator.py for tasks to queue
[2025-03-18T23:44:17.781+0000] {logging_mixin.py:190} INFO - [2025-03-18T23:44:17.780+0000] {dagbag.py:588} INFO - Filling up the DagBag from /home/airflow/.local/lib/python3.12/site-packages/airflow/example_dags/example_python_decorator.py
[2025-03-18T23:44:17.790+0000] {processor.py:925} INFO - DAG(s) 'example_python_decorator' retrieved from /home/airflow/.local/lib/python3.12/site-packages/airflow/example_dags/example_python_decorator.py
[2025-03-18T23:44:17.805+0000] {logging_mixin.py:190} INFO - [2025-03-18T23:44:17.805+0000] {dag.py:3239} INFO - Sync 1 DAGs
[2025-03-18T23:44:17.815+0000] {logging_mixin.py:190} INFO - [2025-03-18T23:44:17.815+0000] {dag.py:4180} INFO - Setting next_dagrun for example_python_decorator to None, run_after=None
[2025-03-18T23:44:17.828+0000] {processor.py:208} INFO - Processing /home/airflow/.local/lib/python3.12/site-packages/airflow/example_dags/example_python_decorator.py took 0.053 seconds
[2025-03-18T23:44:49.228+0000] {processor.py:186} INFO - Started process (PID=205) to work on /home/airflow/.local/lib/python3.12/site-packages/airflow/example_dags/example_python_decorator.py
[2025-03-18T23:44:49.229+0000] {processor.py:914} INFO - Processing file /home/airflow/.local/lib/python3.12/site-packages/airflow/example_dags/example_python_decorator.py for tasks to queue
[2025-03-18T23:44:49.230+0000] {logging_mixin.py:190} INFO - [2025-03-18T23:44:49.230+0000] {dagbag.py:588} INFO - Filling up the DagBag from /home/airflow/.local/lib/python3.12/site-packages/airflow/example_dags/example_python_decorator.py
[2025-03-18T23:44:49.242+0000] {processor.py:925} INFO - DAG(s) 'example_python_decorator' retrieved from /home/airflow/.local/lib/python3.12/site-packages/airflow/example_dags/example_python_decorator.py
[2025-03-18T23:44:49.259+0000] {logging_mixin.py:190} INFO - [2025-03-18T23:44:49.259+0000] {dag.py:3239} INFO - Sync 1 DAGs
[2025-03-18T23:44:49.271+0000] {logging_mixin.py:190} INFO - [2025-03-18T23:44:49.271+0000] {dag.py:4180} INFO - Setting next_dagrun for example_python_decorator to None, run_after=None
[2025-03-18T23:44:49.285+0000] {processor.py:208} INFO - Processing /home/airflow/.local/lib/python3.12/site-packages/airflow/example_dags/example_python_decorator.py took 0.061 seconds
[2025-03-18T23:45:19.631+0000] {processor.py:186} INFO - Started process (PID=268) to work on /home/airflow/.local/lib/python3.12/site-packages/airflow/example_dags/example_python_decorator.py
[2025-03-18T23:45:19.632+0000] {processor.py:914} INFO - Processing file /home/airflow/.local/lib/python3.12/site-packages/airflow/example_dags/example_python_decorator.py for tasks to queue
[2025-03-18T23:45:19.633+0000] {logging_mixin.py:190} INFO - [2025-03-18T23:45:19.633+0000] {dagbag.py:588} INFO - Filling up the DagBag from /home/airflow/.local/lib/python3.12/site-packages/airflow/example_dags/example_python_decorator.py
[2025-03-18T23:45:19.642+0000] {processor.py:925} INFO - DAG(s) 'example_python_decorator' retrieved from /home/airflow/.local/lib/python3.12/site-packages/airflow/example_dags/example_python_decorator.py
[2025-03-18T23:45:19.656+0000] {logging_mixin.py:190} INFO - [2025-03-18T23:45:19.656+0000] {dag.py:3239} INFO - Sync 1 DAGs
[2025-03-18T23:45:19.665+0000] {logging_mixin.py:190} INFO - [2025-03-18T23:45:19.665+0000] {dag.py:4180} INFO - Setting next_dagrun for example_python_decorator to None, run_after=None
[2025-03-18T23:45:19.677+0000] {processor.py:208} INFO - Processing /home/airflow/.local/lib/python3.12/site-packages/airflow/example_dags/example_python_decorator.py took 0.050 seconds
[2025-03-18T23:45:50.800+0000] {processor.py:186} INFO - Started process (PID=330) to work on /home/airflow/.local/lib/python3.12/site-packages/airflow/example_dags/example_python_decorator.py
[2025-03-18T23:45:50.801+0000] {processor.py:914} INFO - Processing file /home/airflow/.local/lib/python3.12/site-packages/airflow/example_dags/example_python_decorator.py for tasks to queue
[2025-03-18T23:45:50.802+0000] {logging_mixin.py:190} INFO - [2025-03-18T23:45:50.802+0000] {dagbag.py:588} INFO - Filling up the DagBag from /home/airflow/.local/lib/python3.12/site-packages/airflow/example_dags/example_python_decorator.py
[2025-03-18T23:45:50.813+0000] {processor.py:925} INFO - DAG(s) 'example_python_decorator' retrieved from /home/airflow/.local/lib/python3.12/site-packages/airflow/example_dags/example_python_decorator.py
[2025-03-18T23:45:50.828+0000] {logging_mixin.py:190} INFO - [2025-03-18T23:45:50.828+0000] {dag.py:3239} INFO - Sync 1 DAGs
[2025-03-18T23:45:50.839+0000] {logging_mixin.py:190} INFO - [2025-03-18T23:45:50.839+0000] {dag.py:4180} INFO - Setting next_dagrun for example_python_decorator to None, run_after=None
[2025-03-18T23:45:50.852+0000] {processor.py:208} INFO - Processing /home/airflow/.local/lib/python3.12/site-packages/airflow/example_dags/example_python_decorator.py took 0.055 seconds
[2025-03-18T23:46:22.069+0000] {processor.py:186} INFO - Started process (PID=393) to work on /home/airflow/.local/lib/python3.12/site-packages/airflow/example_dags/example_python_decorator.py
[2025-03-18T23:46:22.069+0000] {processor.py:914} INFO - Processing file /home/airflow/.local/lib/python3.12/site-packages/airflow/example_dags/example_python_decorator.py for tasks to queue
[2025-03-18T23:46:22.070+0000] {logging_mixin.py:190} INFO - [2025-03-18T23:46:22.070+0000] {dagbag.py:588} INFO - Filling up the DagBag from /home/airflow/.local/lib/python3.12/site-packages/airflow/example_dags/example_python_decorator.py
[2025-03-18T23:46:22.080+0000] {processor.py:925} INFO - DAG(s) 'example_python_decorator' retrieved from /home/airflow/.local/lib/python3.12/site-packages/airflow/example_dags/example_python_decorator.py
[2025-03-18T23:46:22.094+0000] {logging_mixin.py:190} INFO - [2025-03-18T23:46:22.094+0000] {dag.py:3239} INFO - Sync 1 DAGs
[2025-03-18T23:46:22.104+0000] {logging_mixin.py:190} INFO - [2025-03-18T23:46:22.104+0000] {dag.py:4180} INFO - Setting next_dagrun for example_python_decorator to None, run_after=None
[2025-03-18T23:46:22.116+0000] {processor.py:208} INFO - Processing /home/airflow/.local/lib/python3.12/site-packages/airflow/example_dags/example_python_decorator.py took 0.051 seconds
[2025-03-18T23:46:53.248+0000] {processor.py:186} INFO - Started process (PID=456) to work on /home/airflow/.local/lib/python3.12/site-packages/airflow/example_dags/example_python_decorator.py
[2025-03-18T23:46:53.249+0000] {processor.py:914} INFO - Processing file /home/airflow/.local/lib/python3.12/site-packages/airflow/example_dags/example_python_decorator.py for tasks to queue
[2025-03-18T23:46:53.250+0000] {logging_mixin.py:190} INFO - [2025-03-18T23:46:53.250+0000] {dagbag.py:588} INFO - Filling up the DagBag from /home/airflow/.local/lib/python3.12/site-packages/airflow/example_dags/example_python_decorator.py
[2025-03-18T23:46:53.260+0000] {processor.py:925} INFO - DAG(s) 'example_python_decorator' retrieved from /home/airflow/.local/lib/python3.12/site-packages/airflow/example_dags/example_python_decorator.py
[2025-03-18T23:46:53.274+0000] {logging_mixin.py:190} INFO - [2025-03-18T23:46:53.274+0000] {dag.py:3239} INFO - Sync 1 DAGs
[2025-03-18T23:46:53.284+0000] {logging_mixin.py:190} INFO - [2025-03-18T23:46:53.284+0000] {dag.py:4180} INFO - Setting next_dagrun for example_python_decorator to None, run_after=None
[2025-03-18T23:46:53.296+0000] {processor.py:208} INFO - Processing /home/airflow/.local/lib/python3.12/site-packages/airflow/example_dags/example_python_decorator.py took 0.051 seconds
[2025-03-18T23:47:24.030+0000] {processor.py:186} INFO - Started process (PID=519) to work on /home/airflow/.local/lib/python3.12/site-packages/airflow/example_dags/example_python_decorator.py
[2025-03-18T23:47:24.031+0000] {processor.py:914} INFO - Processing file /home/airflow/.local/lib/python3.12/site-packages/airflow/example_dags/example_python_decorator.py for tasks to queue
[2025-03-18T23:47:24.032+0000] {logging_mixin.py:190} INFO - [2025-03-18T23:47:24.032+0000] {dagbag.py:588} INFO - Filling up the DagBag from /home/airflow/.local/lib/python3.12/site-packages/airflow/example_dags/example_python_decorator.py
[2025-03-18T23:47:24.043+0000] {processor.py:925} INFO - DAG(s) 'example_python_decorator' retrieved from /home/airflow/.local/lib/python3.12/site-packages/airflow/example_dags/example_python_decorator.py
[2025-03-18T23:47:24.058+0000] {logging_mixin.py:190} INFO - [2025-03-18T23:47:24.057+0000] {dag.py:3239} INFO - Sync 1 DAGs
[2025-03-18T23:47:24.068+0000] {logging_mixin.py:190} INFO - [2025-03-18T23:47:24.068+0000] {dag.py:4180} INFO - Setting next_dagrun for example_python_decorator to None, run_after=None
[2025-03-18T23:47:24.081+0000] {processor.py:208} INFO - Processing /home/airflow/.local/lib/python3.12/site-packages/airflow/example_dags/example_python_decorator.py took 0.054 seconds
[2025-03-18T23:47:54.479+0000] {processor.py:186} INFO - Started process (PID=582) to work on /home/airflow/.local/lib/python3.12/site-packages/airflow/example_dags/example_python_decorator.py
[2025-03-18T23:47:54.479+0000] {processor.py:914} INFO - Processing file /home/airflow/.local/lib/python3.12/site-packages/airflow/example_dags/example_python_decorator.py for tasks to queue
[2025-03-18T23:47:54.481+0000] {logging_mixin.py:190} INFO - [2025-03-18T23:47:54.480+0000] {dagbag.py:588} INFO - Filling up the DagBag from /home/airflow/.local/lib/python3.12/site-packages/airflow/example_dags/example_python_decorator.py
[2025-03-18T23:47:54.490+0000] {processor.py:925} INFO - DAG(s) 'example_python_decorator' retrieved from /home/airflow/.local/lib/python3.12/site-packages/airflow/example_dags/example_python_decorator.py
[2025-03-18T23:47:54.505+0000] {logging_mixin.py:190} INFO - [2025-03-18T23:47:54.505+0000] {dag.py:3239} INFO - Sync 1 DAGs
[2025-03-18T23:47:54.515+0000] {logging_mixin.py:190} INFO - [2025-03-18T23:47:54.514+0000] {dag.py:4180} INFO - Setting next_dagrun for example_python_decorator to None, run_after=None
[2025-03-18T23:47:54.527+0000] {processor.py:208} INFO - Processing /home/airflow/.local/lib/python3.12/site-packages/airflow/example_dags/example_python_decorator.py took 0.052 seconds
[2025-03-18T23:48:24.884+0000] {processor.py:186} INFO - Started process (PID=645) to work on /home/airflow/.local/lib/python3.12/site-packages/airflow/example_dags/example_python_decorator.py
[2025-03-18T23:48:24.885+0000] {processor.py:914} INFO - Processing file /home/airflow/.local/lib/python3.12/site-packages/airflow/example_dags/example_python_decorator.py for tasks to queue
[2025-03-18T23:48:24.886+0000] {logging_mixin.py:190} INFO - [2025-03-18T23:48:24.886+0000] {dagbag.py:588} INFO - Filling up the DagBag from /home/airflow/.local/lib/python3.12/site-packages/airflow/example_dags/example_python_decorator.py
[2025-03-18T23:48:24.896+0000] {processor.py:925} INFO - DAG(s) 'example_python_decorator' retrieved from /home/airflow/.local/lib/python3.12/site-packages/airflow/example_dags/example_python_decorator.py
[2025-03-18T23:48:24.911+0000] {logging_mixin.py:190} INFO - [2025-03-18T23:48:24.911+0000] {dag.py:3239} INFO - Sync 1 DAGs
[2025-03-18T23:48:24.921+0000] {logging_mixin.py:190} INFO - [2025-03-18T23:48:24.921+0000] {dag.py:4180} INFO - Setting next_dagrun for example_python_decorator to None, run_after=None
[2025-03-18T23:48:24.933+0000] {processor.py:208} INFO - Processing /home/airflow/.local/lib/python3.12/site-packages/airflow/example_dags/example_python_decorator.py took 0.052 seconds
[2025-03-18T23:48:55.088+0000] {processor.py:186} INFO - Started process (PID=707) to work on /home/airflow/.local/lib/python3.12/site-packages/airflow/example_dags/example_python_decorator.py
[2025-03-18T23:48:55.089+0000] {processor.py:914} INFO - Processing file /home/airflow/.local/lib/python3.12/site-packages/airflow/example_dags/example_python_decorator.py for tasks to queue
[2025-03-18T23:48:55.090+0000] {logging_mixin.py:190} INFO - [2025-03-18T23:48:55.090+0000] {dagbag.py:588} INFO - Filling up the DagBag from /home/airflow/.local/lib/python3.12/site-packages/airflow/example_dags/example_python_decorator.py
[2025-03-18T23:48:55.099+0000] {processor.py:925} INFO - DAG(s) 'example_python_decorator' retrieved from /home/airflow/.local/lib/python3.12/site-packages/airflow/example_dags/example_python_decorator.py
[2025-03-18T23:48:55.114+0000] {logging_mixin.py:190} INFO - [2025-03-18T23:48:55.114+0000] {dag.py:3239} INFO - Sync 1 DAGs
[2025-03-18T23:48:55.124+0000] {logging_mixin.py:190} INFO - [2025-03-18T23:48:55.124+0000] {dag.py:4180} INFO - Setting next_dagrun for example_python_decorator to None, run_after=None
[2025-03-18T23:48:55.136+0000] {processor.py:208} INFO - Processing /home/airflow/.local/lib/python3.12/site-packages/airflow/example_dags/example_python_decorator.py took 0.052 seconds
[2025-03-18T23:49:26.294+0000] {processor.py:186} INFO - Started process (PID=770) to work on /home/airflow/.local/lib/python3.12/site-packages/airflow/example_dags/example_python_decorator.py
[2025-03-18T23:49:26.294+0000] {processor.py:914} INFO - Processing file /home/airflow/.local/lib/python3.12/site-packages/airflow/example_dags/example_python_decorator.py for tasks to queue
[2025-03-18T23:49:26.295+0000] {logging_mixin.py:190} INFO - [2025-03-18T23:49:26.295+0000] {dagbag.py:588} INFO - Filling up the DagBag from /home/airflow/.local/lib/python3.12/site-packages/airflow/example_dags/example_python_decorator.py
[2025-03-18T23:49:26.305+0000] {processor.py:925} INFO - DAG(s) 'example_python_decorator' retrieved from /home/airflow/.local/lib/python3.12/site-packages/airflow/example_dags/example_python_decorator.py
[2025-03-18T23:49:26.320+0000] {logging_mixin.py:190} INFO - [2025-03-18T23:49:26.320+0000] {dag.py:3239} INFO - Sync 1 DAGs
[2025-03-18T23:49:26.330+0000] {logging_mixin.py:190} INFO - [2025-03-18T23:49:26.329+0000] {dag.py:4180} INFO - Setting next_dagrun for example_python_decorator to None, run_after=None
[2025-03-18T23:49:26.343+0000] {processor.py:208} INFO - Processing /home/airflow/.local/lib/python3.12/site-packages/airflow/example_dags/example_python_decorator.py took 0.053 seconds
[2025-03-18T23:49:57.382+0000] {processor.py:186} INFO - Started process (PID=833) to work on /home/airflow/.local/lib/python3.12/site-packages/airflow/example_dags/example_python_decorator.py
[2025-03-18T23:49:57.382+0000] {processor.py:914} INFO - Processing file /home/airflow/.local/lib/python3.12/site-packages/airflow/example_dags/example_python_decorator.py for tasks to queue
[2025-03-18T23:49:57.384+0000] {logging_mixin.py:190} INFO - [2025-03-18T23:49:57.383+0000] {dagbag.py:588} INFO - Filling up the DagBag from /home/airflow/.local/lib/python3.12/site-packages/airflow/example_dags/example_python_decorator.py
[2025-03-18T23:49:57.393+0000] {processor.py:925} INFO - DAG(s) 'example_python_decorator' retrieved from /home/airflow/.local/lib/python3.12/site-packages/airflow/example_dags/example_python_decorator.py
[2025-03-18T23:49:57.408+0000] {logging_mixin.py:190} INFO - [2025-03-18T23:49:57.407+0000] {dag.py:3239} INFO - Sync 1 DAGs
[2025-03-18T23:49:57.418+0000] {logging_mixin.py:190} INFO - [2025-03-18T23:49:57.417+0000] {dag.py:4180} INFO - Setting next_dagrun for example_python_decorator to None, run_after=None
[2025-03-18T23:49:57.431+0000] {processor.py:208} INFO - Processing /home/airflow/.local/lib/python3.12/site-packages/airflow/example_dags/example_python_decorator.py took 0.053 seconds
