[2025-03-18T23:43:47.234+0000] {processor.py:186} INFO - Started process (PID=77) to work on /home/airflow/.local/lib/python3.12/site-packages/airflow/example_dags/example_sla_dag.py
[2025-03-18T23:43:47.234+0000] {processor.py:914} INFO - Processing file /home/airflow/.local/lib/python3.12/site-packages/airflow/example_dags/example_sla_dag.py for tasks to queue
[2025-03-18T23:43:47.236+0000] {logging_mixin.py:190} INFO - [2025-03-18T23:43:47.235+0000] {dagbag.py:588} INFO - Filling up the DagBag from /home/airflow/.local/lib/python3.12/site-packages/airflow/example_dags/example_sla_dag.py
[2025-03-18T23:43:47.242+0000] {processor.py:925} INFO - DAG(s) 'example_sla_dag' retrieved from /home/airflow/.local/lib/python3.12/site-packages/airflow/example_dags/example_sla_dag.py
[2025-03-18T23:43:47.316+0000] {logging_mixin.py:190} INFO - [2025-03-18T23:43:47.316+0000] {override.py:1912} INFO - Created Permission View: can delete on DAG:example_sla_dag
[2025-03-18T23:43:47.323+0000] {logging_mixin.py:190} INFO - [2025-03-18T23:43:47.323+0000] {override.py:1912} INFO - Created Permission View: can read on DAG:example_sla_dag
[2025-03-18T23:43:47.328+0000] {logging_mixin.py:190} INFO - [2025-03-18T23:43:47.328+0000] {override.py:1912} INFO - Created Permission View: can edit on DAG:example_sla_dag
[2025-03-18T23:43:47.333+0000] {logging_mixin.py:190} INFO - [2025-03-18T23:43:47.333+0000] {override.py:1912} INFO - Created Permission View: can delete on DAG Run:example_sla_dag
[2025-03-18T23:43:47.339+0000] {logging_mixin.py:190} INFO - [2025-03-18T23:43:47.338+0000] {override.py:1912} INFO - Created Permission View: can read on DAG Run:example_sla_dag
[2025-03-18T23:43:47.343+0000] {logging_mixin.py:190} INFO - [2025-03-18T23:43:47.343+0000] {override.py:1912} INFO - Created Permission View: can create on DAG Run:example_sla_dag
[2025-03-18T23:43:47.348+0000] {logging_mixin.py:190} INFO - [2025-03-18T23:43:47.348+0000] {override.py:1912} INFO - Created Permission View: menu access on DAG Run:example_sla_dag
[2025-03-18T23:43:47.348+0000] {logging_mixin.py:190} INFO - [2025-03-18T23:43:47.348+0000] {dag.py:3239} INFO - Sync 1 DAGs
[2025-03-18T23:43:47.357+0000] {logging_mixin.py:190} INFO - [2025-03-18T23:43:47.357+0000] {dag.py:3262} INFO - Creating ORM DAG for example_sla_dag
[2025-03-18T23:43:47.367+0000] {logging_mixin.py:190} INFO - [2025-03-18T23:43:47.367+0000] {dag.py:4180} INFO - Setting next_dagrun for example_sla_dag to 2025-03-18 23:40:00+00:00, run_after=2025-03-18 23:42:00+00:00
[2025-03-18T23:43:47.377+0000] {processor.py:208} INFO - Processing /home/airflow/.local/lib/python3.12/site-packages/airflow/example_dags/example_sla_dag.py took 0.147 seconds
[2025-03-18T23:44:17.642+0000] {processor.py:186} INFO - Started process (PID=140) to work on /home/airflow/.local/lib/python3.12/site-packages/airflow/example_dags/example_sla_dag.py
[2025-03-18T23:44:17.642+0000] {processor.py:914} INFO - Processing file /home/airflow/.local/lib/python3.12/site-packages/airflow/example_dags/example_sla_dag.py for tasks to queue
[2025-03-18T23:44:17.644+0000] {logging_mixin.py:190} INFO - [2025-03-18T23:44:17.643+0000] {dagbag.py:588} INFO - Filling up the DagBag from /home/airflow/.local/lib/python3.12/site-packages/airflow/example_dags/example_sla_dag.py
[2025-03-18T23:44:17.650+0000] {processor.py:925} INFO - DAG(s) 'example_sla_dag' retrieved from /home/airflow/.local/lib/python3.12/site-packages/airflow/example_dags/example_sla_dag.py
[2025-03-18T23:44:17.665+0000] {logging_mixin.py:190} INFO - [2025-03-18T23:44:17.664+0000] {dag.py:3239} INFO - Sync 1 DAGs
[2025-03-18T23:44:17.684+0000] {logging_mixin.py:190} INFO - [2025-03-18T23:44:17.684+0000] {dag.py:4180} INFO - Setting next_dagrun for example_sla_dag to 2025-03-18 23:42:00+00:00, run_after=2025-03-18 23:44:00+00:00
[2025-03-18T23:44:17.699+0000] {processor.py:208} INFO - Processing /home/airflow/.local/lib/python3.12/site-packages/airflow/example_dags/example_sla_dag.py took 0.061 seconds
[2025-03-18T23:44:49.062+0000] {processor.py:186} INFO - Started process (PID=203) to work on /home/airflow/.local/lib/python3.12/site-packages/airflow/example_dags/example_sla_dag.py
[2025-03-18T23:44:49.063+0000] {processor.py:914} INFO - Processing file /home/airflow/.local/lib/python3.12/site-packages/airflow/example_dags/example_sla_dag.py for tasks to queue
[2025-03-18T23:44:49.064+0000] {logging_mixin.py:190} INFO - [2025-03-18T23:44:49.064+0000] {dagbag.py:588} INFO - Filling up the DagBag from /home/airflow/.local/lib/python3.12/site-packages/airflow/example_dags/example_sla_dag.py
[2025-03-18T23:44:49.073+0000] {processor.py:925} INFO - DAG(s) 'example_sla_dag' retrieved from /home/airflow/.local/lib/python3.12/site-packages/airflow/example_dags/example_sla_dag.py
[2025-03-18T23:44:49.089+0000] {logging_mixin.py:190} INFO - [2025-03-18T23:44:49.089+0000] {dag.py:3239} INFO - Sync 1 DAGs
[2025-03-18T23:44:49.114+0000] {logging_mixin.py:190} INFO - [2025-03-18T23:44:49.114+0000] {dag.py:4180} INFO - Setting next_dagrun for example_sla_dag to 2025-03-18 23:42:00+00:00, run_after=2025-03-18 23:44:00+00:00
[2025-03-18T23:44:49.133+0000] {processor.py:208} INFO - Processing /home/airflow/.local/lib/python3.12/site-packages/airflow/example_dags/example_sla_dag.py took 0.075 seconds
[2025-03-18T23:45:19.473+0000] {processor.py:186} INFO - Started process (PID=265) to work on /home/airflow/.local/lib/python3.12/site-packages/airflow/example_dags/example_sla_dag.py
[2025-03-18T23:45:19.473+0000] {processor.py:914} INFO - Processing file /home/airflow/.local/lib/python3.12/site-packages/airflow/example_dags/example_sla_dag.py for tasks to queue
[2025-03-18T23:45:19.474+0000] {logging_mixin.py:190} INFO - [2025-03-18T23:45:19.474+0000] {dagbag.py:588} INFO - Filling up the DagBag from /home/airflow/.local/lib/python3.12/site-packages/airflow/example_dags/example_sla_dag.py
[2025-03-18T23:45:19.482+0000] {processor.py:925} INFO - DAG(s) 'example_sla_dag' retrieved from /home/airflow/.local/lib/python3.12/site-packages/airflow/example_dags/example_sla_dag.py
[2025-03-18T23:45:19.495+0000] {logging_mixin.py:190} INFO - [2025-03-18T23:45:19.495+0000] {dag.py:3239} INFO - Sync 1 DAGs
[2025-03-18T23:45:19.514+0000] {logging_mixin.py:190} INFO - [2025-03-18T23:45:19.514+0000] {dag.py:4180} INFO - Setting next_dagrun for example_sla_dag to 2025-03-18 23:42:00+00:00, run_after=2025-03-18 23:44:00+00:00
[2025-03-18T23:45:19.527+0000] {processor.py:208} INFO - Processing /home/airflow/.local/lib/python3.12/site-packages/airflow/example_dags/example_sla_dag.py took 0.058 seconds
[2025-03-18T23:45:50.730+0000] {processor.py:186} INFO - Started process (PID=328) to work on /home/airflow/.local/lib/python3.12/site-packages/airflow/example_dags/example_sla_dag.py
[2025-03-18T23:45:50.731+0000] {processor.py:914} INFO - Processing file /home/airflow/.local/lib/python3.12/site-packages/airflow/example_dags/example_sla_dag.py for tasks to queue
[2025-03-18T23:45:50.732+0000] {logging_mixin.py:190} INFO - [2025-03-18T23:45:50.732+0000] {dagbag.py:588} INFO - Filling up the DagBag from /home/airflow/.local/lib/python3.12/site-packages/airflow/example_dags/example_sla_dag.py
[2025-03-18T23:45:50.739+0000] {processor.py:925} INFO - DAG(s) 'example_sla_dag' retrieved from /home/airflow/.local/lib/python3.12/site-packages/airflow/example_dags/example_sla_dag.py
[2025-03-18T23:45:50.751+0000] {logging_mixin.py:190} INFO - [2025-03-18T23:45:50.751+0000] {dag.py:3239} INFO - Sync 1 DAGs
[2025-03-18T23:45:50.769+0000] {logging_mixin.py:190} INFO - [2025-03-18T23:45:50.769+0000] {dag.py:4180} INFO - Setting next_dagrun for example_sla_dag to 2025-03-18 23:42:00+00:00, run_after=2025-03-18 23:44:00+00:00
[2025-03-18T23:45:50.782+0000] {processor.py:208} INFO - Processing /home/airflow/.local/lib/python3.12/site-packages/airflow/example_dags/example_sla_dag.py took 0.056 seconds
[2025-03-18T23:46:22.000+0000] {processor.py:186} INFO - Started process (PID=391) to work on /home/airflow/.local/lib/python3.12/site-packages/airflow/example_dags/example_sla_dag.py
[2025-03-18T23:46:22.000+0000] {processor.py:914} INFO - Processing file /home/airflow/.local/lib/python3.12/site-packages/airflow/example_dags/example_sla_dag.py for tasks to queue
[2025-03-18T23:46:22.002+0000] {logging_mixin.py:190} INFO - [2025-03-18T23:46:22.001+0000] {dagbag.py:588} INFO - Filling up the DagBag from /home/airflow/.local/lib/python3.12/site-packages/airflow/example_dags/example_sla_dag.py
[2025-03-18T23:46:22.008+0000] {processor.py:925} INFO - DAG(s) 'example_sla_dag' retrieved from /home/airflow/.local/lib/python3.12/site-packages/airflow/example_dags/example_sla_dag.py
[2025-03-18T23:46:22.021+0000] {logging_mixin.py:190} INFO - [2025-03-18T23:46:22.021+0000] {dag.py:3239} INFO - Sync 1 DAGs
[2025-03-18T23:46:22.038+0000] {logging_mixin.py:190} INFO - [2025-03-18T23:46:22.038+0000] {dag.py:4180} INFO - Setting next_dagrun for example_sla_dag to 2025-03-18 23:44:00+00:00, run_after=2025-03-18 23:46:00+00:00
[2025-03-18T23:46:22.051+0000] {processor.py:208} INFO - Processing /home/airflow/.local/lib/python3.12/site-packages/airflow/example_dags/example_sla_dag.py took 0.054 seconds
[2025-03-18T23:46:53.176+0000] {processor.py:186} INFO - Started process (PID=454) to work on /home/airflow/.local/lib/python3.12/site-packages/airflow/example_dags/example_sla_dag.py
[2025-03-18T23:46:53.176+0000] {processor.py:914} INFO - Processing file /home/airflow/.local/lib/python3.12/site-packages/airflow/example_dags/example_sla_dag.py for tasks to queue
[2025-03-18T23:46:53.178+0000] {logging_mixin.py:190} INFO - [2025-03-18T23:46:53.177+0000] {dagbag.py:588} INFO - Filling up the DagBag from /home/airflow/.local/lib/python3.12/site-packages/airflow/example_dags/example_sla_dag.py
[2025-03-18T23:46:53.184+0000] {processor.py:925} INFO - DAG(s) 'example_sla_dag' retrieved from /home/airflow/.local/lib/python3.12/site-packages/airflow/example_dags/example_sla_dag.py
[2025-03-18T23:46:53.197+0000] {logging_mixin.py:190} INFO - [2025-03-18T23:46:53.197+0000] {dag.py:3239} INFO - Sync 1 DAGs
[2025-03-18T23:46:53.217+0000] {logging_mixin.py:190} INFO - [2025-03-18T23:46:53.216+0000] {dag.py:4180} INFO - Setting next_dagrun for example_sla_dag to 2025-03-18 23:44:00+00:00, run_after=2025-03-18 23:46:00+00:00
[2025-03-18T23:46:53.231+0000] {processor.py:208} INFO - Processing /home/airflow/.local/lib/python3.12/site-packages/airflow/example_dags/example_sla_dag.py took 0.058 seconds
[2025-03-18T23:47:23.953+0000] {processor.py:186} INFO - Started process (PID=517) to work on /home/airflow/.local/lib/python3.12/site-packages/airflow/example_dags/example_sla_dag.py
[2025-03-18T23:47:23.954+0000] {processor.py:914} INFO - Processing file /home/airflow/.local/lib/python3.12/site-packages/airflow/example_dags/example_sla_dag.py for tasks to queue
[2025-03-18T23:47:23.956+0000] {logging_mixin.py:190} INFO - [2025-03-18T23:47:23.955+0000] {dagbag.py:588} INFO - Filling up the DagBag from /home/airflow/.local/lib/python3.12/site-packages/airflow/example_dags/example_sla_dag.py
[2025-03-18T23:47:23.962+0000] {processor.py:925} INFO - DAG(s) 'example_sla_dag' retrieved from /home/airflow/.local/lib/python3.12/site-packages/airflow/example_dags/example_sla_dag.py
[2025-03-18T23:47:23.975+0000] {logging_mixin.py:190} INFO - [2025-03-18T23:47:23.975+0000] {dag.py:3239} INFO - Sync 1 DAGs
[2025-03-18T23:47:23.994+0000] {logging_mixin.py:190} INFO - [2025-03-18T23:47:23.994+0000] {dag.py:4180} INFO - Setting next_dagrun for example_sla_dag to 2025-03-18 23:44:00+00:00, run_after=2025-03-18 23:46:00+00:00
[2025-03-18T23:47:24.008+0000] {processor.py:208} INFO - Processing /home/airflow/.local/lib/python3.12/site-packages/airflow/example_dags/example_sla_dag.py took 0.059 seconds
[2025-03-18T23:47:54.342+0000] {processor.py:186} INFO - Started process (PID=580) to work on /home/airflow/.local/lib/python3.12/site-packages/airflow/example_dags/example_sla_dag.py
[2025-03-18T23:47:54.342+0000] {processor.py:914} INFO - Processing file /home/airflow/.local/lib/python3.12/site-packages/airflow/example_dags/example_sla_dag.py for tasks to queue
[2025-03-18T23:47:54.344+0000] {logging_mixin.py:190} INFO - [2025-03-18T23:47:54.344+0000] {dagbag.py:588} INFO - Filling up the DagBag from /home/airflow/.local/lib/python3.12/site-packages/airflow/example_dags/example_sla_dag.py
[2025-03-18T23:47:54.352+0000] {processor.py:925} INFO - DAG(s) 'example_sla_dag' retrieved from /home/airflow/.local/lib/python3.12/site-packages/airflow/example_dags/example_sla_dag.py
[2025-03-18T23:47:54.366+0000] {logging_mixin.py:190} INFO - [2025-03-18T23:47:54.366+0000] {dag.py:3239} INFO - Sync 1 DAGs
[2025-03-18T23:47:54.385+0000] {logging_mixin.py:190} INFO - [2025-03-18T23:47:54.385+0000] {dag.py:4180} INFO - Setting next_dagrun for example_sla_dag to 2025-03-18 23:44:00+00:00, run_after=2025-03-18 23:46:00+00:00
[2025-03-18T23:47:54.399+0000] {processor.py:208} INFO - Processing /home/airflow/.local/lib/python3.12/site-packages/airflow/example_dags/example_sla_dag.py took 0.061 seconds
[2025-03-18T23:48:24.759+0000] {processor.py:186} INFO - Started process (PID=643) to work on /home/airflow/.local/lib/python3.12/site-packages/airflow/example_dags/example_sla_dag.py
[2025-03-18T23:48:24.759+0000] {processor.py:914} INFO - Processing file /home/airflow/.local/lib/python3.12/site-packages/airflow/example_dags/example_sla_dag.py for tasks to queue
[2025-03-18T23:48:24.760+0000] {logging_mixin.py:190} INFO - [2025-03-18T23:48:24.760+0000] {dagbag.py:588} INFO - Filling up the DagBag from /home/airflow/.local/lib/python3.12/site-packages/airflow/example_dags/example_sla_dag.py
[2025-03-18T23:48:24.766+0000] {processor.py:925} INFO - DAG(s) 'example_sla_dag' retrieved from /home/airflow/.local/lib/python3.12/site-packages/airflow/example_dags/example_sla_dag.py
[2025-03-18T23:48:24.778+0000] {logging_mixin.py:190} INFO - [2025-03-18T23:48:24.778+0000] {dag.py:3239} INFO - Sync 1 DAGs
[2025-03-18T23:48:24.795+0000] {logging_mixin.py:190} INFO - [2025-03-18T23:48:24.795+0000] {dag.py:4180} INFO - Setting next_dagrun for example_sla_dag to 2025-03-18 23:46:00+00:00, run_after=2025-03-18 23:48:00+00:00
[2025-03-18T23:48:24.807+0000] {processor.py:208} INFO - Processing /home/airflow/.local/lib/python3.12/site-packages/airflow/example_dags/example_sla_dag.py took 0.052 seconds
[2025-03-18T23:48:55.018+0000] {processor.py:186} INFO - Started process (PID=705) to work on /home/airflow/.local/lib/python3.12/site-packages/airflow/example_dags/example_sla_dag.py
[2025-03-18T23:48:55.018+0000] {processor.py:914} INFO - Processing file /home/airflow/.local/lib/python3.12/site-packages/airflow/example_dags/example_sla_dag.py for tasks to queue
[2025-03-18T23:48:55.019+0000] {logging_mixin.py:190} INFO - [2025-03-18T23:48:55.019+0000] {dagbag.py:588} INFO - Filling up the DagBag from /home/airflow/.local/lib/python3.12/site-packages/airflow/example_dags/example_sla_dag.py
[2025-03-18T23:48:55.026+0000] {processor.py:925} INFO - DAG(s) 'example_sla_dag' retrieved from /home/airflow/.local/lib/python3.12/site-packages/airflow/example_dags/example_sla_dag.py
[2025-03-18T23:48:55.038+0000] {logging_mixin.py:190} INFO - [2025-03-18T23:48:55.038+0000] {dag.py:3239} INFO - Sync 1 DAGs
[2025-03-18T23:48:55.059+0000] {logging_mixin.py:190} INFO - [2025-03-18T23:48:55.058+0000] {dag.py:4180} INFO - Setting next_dagrun for example_sla_dag to 2025-03-18 23:46:00+00:00, run_after=2025-03-18 23:48:00+00:00
[2025-03-18T23:48:55.070+0000] {processor.py:208} INFO - Processing /home/airflow/.local/lib/python3.12/site-packages/airflow/example_dags/example_sla_dag.py took 0.056 seconds
[2025-03-18T23:49:26.227+0000] {processor.py:186} INFO - Started process (PID=768) to work on /home/airflow/.local/lib/python3.12/site-packages/airflow/example_dags/example_sla_dag.py
[2025-03-18T23:49:26.227+0000] {processor.py:914} INFO - Processing file /home/airflow/.local/lib/python3.12/site-packages/airflow/example_dags/example_sla_dag.py for tasks to queue
[2025-03-18T23:49:26.228+0000] {logging_mixin.py:190} INFO - [2025-03-18T23:49:26.228+0000] {dagbag.py:588} INFO - Filling up the DagBag from /home/airflow/.local/lib/python3.12/site-packages/airflow/example_dags/example_sla_dag.py
[2025-03-18T23:49:26.234+0000] {processor.py:925} INFO - DAG(s) 'example_sla_dag' retrieved from /home/airflow/.local/lib/python3.12/site-packages/airflow/example_dags/example_sla_dag.py
[2025-03-18T23:49:26.246+0000] {logging_mixin.py:190} INFO - [2025-03-18T23:49:26.246+0000] {dag.py:3239} INFO - Sync 1 DAGs
[2025-03-18T23:49:26.264+0000] {logging_mixin.py:190} INFO - [2025-03-18T23:49:26.264+0000] {dag.py:4180} INFO - Setting next_dagrun for example_sla_dag to 2025-03-18 23:46:00+00:00, run_after=2025-03-18 23:48:00+00:00
[2025-03-18T23:49:26.276+0000] {processor.py:208} INFO - Processing /home/airflow/.local/lib/python3.12/site-packages/airflow/example_dags/example_sla_dag.py took 0.053 seconds
[2025-03-18T23:49:57.315+0000] {processor.py:186} INFO - Started process (PID=831) to work on /home/airflow/.local/lib/python3.12/site-packages/airflow/example_dags/example_sla_dag.py
[2025-03-18T23:49:57.316+0000] {processor.py:914} INFO - Processing file /home/airflow/.local/lib/python3.12/site-packages/airflow/example_dags/example_sla_dag.py for tasks to queue
[2025-03-18T23:49:57.317+0000] {logging_mixin.py:190} INFO - [2025-03-18T23:49:57.317+0000] {dagbag.py:588} INFO - Filling up the DagBag from /home/airflow/.local/lib/python3.12/site-packages/airflow/example_dags/example_sla_dag.py
[2025-03-18T23:49:57.323+0000] {processor.py:925} INFO - DAG(s) 'example_sla_dag' retrieved from /home/airflow/.local/lib/python3.12/site-packages/airflow/example_dags/example_sla_dag.py
[2025-03-18T23:49:57.335+0000] {logging_mixin.py:190} INFO - [2025-03-18T23:49:57.335+0000] {dag.py:3239} INFO - Sync 1 DAGs
[2025-03-18T23:49:57.353+0000] {logging_mixin.py:190} INFO - [2025-03-18T23:49:57.353+0000] {dag.py:4180} INFO - Setting next_dagrun for example_sla_dag to 2025-03-18 23:46:00+00:00, run_after=2025-03-18 23:48:00+00:00
[2025-03-18T23:49:57.364+0000] {processor.py:208} INFO - Processing /home/airflow/.local/lib/python3.12/site-packages/airflow/example_dags/example_sla_dag.py took 0.053 seconds
