[2025-03-18T23:43:48.234+0000] {processor.py:186} INFO - Started process (PID=88) to work on /home/airflow/.local/lib/python3.12/site-packages/airflow/example_dags/example_short_circuit_operator.py
[2025-03-18T23:43:48.234+0000] {processor.py:914} INFO - Processing file /home/airflow/.local/lib/python3.12/site-packages/airflow/example_dags/example_short_circuit_operator.py for tasks to queue
[2025-03-18T23:43:48.235+0000] {logging_mixin.py:190} INFO - [2025-03-18T23:43:48.235+0000] {dagbag.py:588} INFO - Filling up the DagBag from /home/airflow/.local/lib/python3.12/site-packages/airflow/example_dags/example_short_circuit_operator.py
[2025-03-18T23:43:48.242+0000] {processor.py:925} INFO - DAG(s) 'example_short_circuit_operator' retrieved from /home/airflow/.local/lib/python3.12/site-packages/airflow/example_dags/example_short_circuit_operator.py
[2025-03-18T23:43:48.323+0000] {logging_mixin.py:190} INFO - [2025-03-18T23:43:48.323+0000] {override.py:1912} INFO - Created Permission View: can delete on DAG:example_short_circuit_operator
[2025-03-18T23:43:48.330+0000] {logging_mixin.py:190} INFO - [2025-03-18T23:43:48.330+0000] {override.py:1912} INFO - Created Permission View: can read on DAG:example_short_circuit_operator
[2025-03-18T23:43:48.335+0000] {logging_mixin.py:190} INFO - [2025-03-18T23:43:48.335+0000] {override.py:1912} INFO - Created Permission View: can edit on DAG:example_short_circuit_operator
[2025-03-18T23:43:48.341+0000] {logging_mixin.py:190} INFO - [2025-03-18T23:43:48.341+0000] {override.py:1912} INFO - Created Permission View: can delete on DAG Run:example_short_circuit_operator
[2025-03-18T23:43:48.345+0000] {logging_mixin.py:190} INFO - [2025-03-18T23:43:48.345+0000] {override.py:1912} INFO - Created Permission View: can read on DAG Run:example_short_circuit_operator
[2025-03-18T23:43:48.350+0000] {logging_mixin.py:190} INFO - [2025-03-18T23:43:48.350+0000] {override.py:1912} INFO - Created Permission View: can create on DAG Run:example_short_circuit_operator
[2025-03-18T23:43:48.355+0000] {logging_mixin.py:190} INFO - [2025-03-18T23:43:48.355+0000] {override.py:1912} INFO - Created Permission View: menu access on DAG Run:example_short_circuit_operator
[2025-03-18T23:43:48.355+0000] {logging_mixin.py:190} INFO - [2025-03-18T23:43:48.355+0000] {dag.py:3239} INFO - Sync 1 DAGs
[2025-03-18T23:43:48.365+0000] {logging_mixin.py:190} INFO - [2025-03-18T23:43:48.365+0000] {dag.py:3262} INFO - Creating ORM DAG for example_short_circuit_operator
[2025-03-18T23:43:48.365+0000] {logging_mixin.py:190} INFO - [2025-03-18T23:43:48.365+0000] {dag.py:4180} INFO - Setting next_dagrun for example_short_circuit_operator to None, run_after=None
[2025-03-18T23:43:48.376+0000] {processor.py:208} INFO - Processing /home/airflow/.local/lib/python3.12/site-packages/airflow/example_dags/example_short_circuit_operator.py took 0.146 seconds
[2025-03-18T23:44:19.178+0000] {processor.py:186} INFO - Started process (PID=151) to work on /home/airflow/.local/lib/python3.12/site-packages/airflow/example_dags/example_short_circuit_operator.py
[2025-03-18T23:44:19.178+0000] {processor.py:914} INFO - Processing file /home/airflow/.local/lib/python3.12/site-packages/airflow/example_dags/example_short_circuit_operator.py for tasks to queue
[2025-03-18T23:44:19.179+0000] {logging_mixin.py:190} INFO - [2025-03-18T23:44:19.179+0000] {dagbag.py:588} INFO - Filling up the DagBag from /home/airflow/.local/lib/python3.12/site-packages/airflow/example_dags/example_short_circuit_operator.py
[2025-03-18T23:44:19.184+0000] {processor.py:925} INFO - DAG(s) 'example_short_circuit_operator' retrieved from /home/airflow/.local/lib/python3.12/site-packages/airflow/example_dags/example_short_circuit_operator.py
[2025-03-18T23:44:19.199+0000] {logging_mixin.py:190} INFO - [2025-03-18T23:44:19.199+0000] {dag.py:3239} INFO - Sync 1 DAGs
[2025-03-18T23:44:19.209+0000] {logging_mixin.py:190} INFO - [2025-03-18T23:44:19.209+0000] {dag.py:4180} INFO - Setting next_dagrun for example_short_circuit_operator to None, run_after=None
[2025-03-18T23:44:19.222+0000] {processor.py:208} INFO - Processing /home/airflow/.local/lib/python3.12/site-packages/airflow/example_dags/example_short_circuit_operator.py took 0.048 seconds
[2025-03-18T23:44:49.713+0000] {processor.py:186} INFO - Started process (PID=213) to work on /home/airflow/.local/lib/python3.12/site-packages/airflow/example_dags/example_short_circuit_operator.py
[2025-03-18T23:44:49.714+0000] {processor.py:914} INFO - Processing file /home/airflow/.local/lib/python3.12/site-packages/airflow/example_dags/example_short_circuit_operator.py for tasks to queue
[2025-03-18T23:44:49.715+0000] {logging_mixin.py:190} INFO - [2025-03-18T23:44:49.715+0000] {dagbag.py:588} INFO - Filling up the DagBag from /home/airflow/.local/lib/python3.12/site-packages/airflow/example_dags/example_short_circuit_operator.py
[2025-03-18T23:44:49.721+0000] {processor.py:925} INFO - DAG(s) 'example_short_circuit_operator' retrieved from /home/airflow/.local/lib/python3.12/site-packages/airflow/example_dags/example_short_circuit_operator.py
[2025-03-18T23:44:49.740+0000] {logging_mixin.py:190} INFO - [2025-03-18T23:44:49.739+0000] {dag.py:3239} INFO - Sync 1 DAGs
[2025-03-18T23:44:49.750+0000] {logging_mixin.py:190} INFO - [2025-03-18T23:44:49.749+0000] {dag.py:4180} INFO - Setting next_dagrun for example_short_circuit_operator to None, run_after=None
[2025-03-18T23:44:49.765+0000] {processor.py:208} INFO - Processing /home/airflow/.local/lib/python3.12/site-packages/airflow/example_dags/example_short_circuit_operator.py took 0.055 seconds
[2025-03-18T23:45:20.079+0000] {processor.py:186} INFO - Started process (PID=276) to work on /home/airflow/.local/lib/python3.12/site-packages/airflow/example_dags/example_short_circuit_operator.py
[2025-03-18T23:45:20.079+0000] {processor.py:914} INFO - Processing file /home/airflow/.local/lib/python3.12/site-packages/airflow/example_dags/example_short_circuit_operator.py for tasks to queue
[2025-03-18T23:45:20.080+0000] {logging_mixin.py:190} INFO - [2025-03-18T23:45:20.080+0000] {dagbag.py:588} INFO - Filling up the DagBag from /home/airflow/.local/lib/python3.12/site-packages/airflow/example_dags/example_short_circuit_operator.py
[2025-03-18T23:45:20.086+0000] {processor.py:925} INFO - DAG(s) 'example_short_circuit_operator' retrieved from /home/airflow/.local/lib/python3.12/site-packages/airflow/example_dags/example_short_circuit_operator.py
[2025-03-18T23:45:20.101+0000] {logging_mixin.py:190} INFO - [2025-03-18T23:45:20.101+0000] {dag.py:3239} INFO - Sync 1 DAGs
[2025-03-18T23:45:20.110+0000] {logging_mixin.py:190} INFO - [2025-03-18T23:45:20.110+0000] {dag.py:4180} INFO - Setting next_dagrun for example_short_circuit_operator to None, run_after=None
[2025-03-18T23:45:20.122+0000] {processor.py:208} INFO - Processing /home/airflow/.local/lib/python3.12/site-packages/airflow/example_dags/example_short_circuit_operator.py took 0.047 seconds
[2025-03-18T23:45:51.260+0000] {processor.py:186} INFO - Started process (PID=339) to work on /home/airflow/.local/lib/python3.12/site-packages/airflow/example_dags/example_short_circuit_operator.py
[2025-03-18T23:45:51.261+0000] {processor.py:914} INFO - Processing file /home/airflow/.local/lib/python3.12/site-packages/airflow/example_dags/example_short_circuit_operator.py for tasks to queue
[2025-03-18T23:45:51.262+0000] {logging_mixin.py:190} INFO - [2025-03-18T23:45:51.262+0000] {dagbag.py:588} INFO - Filling up the DagBag from /home/airflow/.local/lib/python3.12/site-packages/airflow/example_dags/example_short_circuit_operator.py
[2025-03-18T23:45:51.268+0000] {processor.py:925} INFO - DAG(s) 'example_short_circuit_operator' retrieved from /home/airflow/.local/lib/python3.12/site-packages/airflow/example_dags/example_short_circuit_operator.py
[2025-03-18T23:45:51.286+0000] {logging_mixin.py:190} INFO - [2025-03-18T23:45:51.285+0000] {dag.py:3239} INFO - Sync 1 DAGs
[2025-03-18T23:45:51.296+0000] {logging_mixin.py:190} INFO - [2025-03-18T23:45:51.296+0000] {dag.py:4180} INFO - Setting next_dagrun for example_short_circuit_operator to None, run_after=None
[2025-03-18T23:45:51.311+0000] {processor.py:208} INFO - Processing /home/airflow/.local/lib/python3.12/site-packages/airflow/example_dags/example_short_circuit_operator.py took 0.054 seconds
[2025-03-18T23:46:22.394+0000] {processor.py:186} INFO - Started process (PID=402) to work on /home/airflow/.local/lib/python3.12/site-packages/airflow/example_dags/example_short_circuit_operator.py
[2025-03-18T23:46:22.394+0000] {processor.py:914} INFO - Processing file /home/airflow/.local/lib/python3.12/site-packages/airflow/example_dags/example_short_circuit_operator.py for tasks to queue
[2025-03-18T23:46:22.395+0000] {logging_mixin.py:190} INFO - [2025-03-18T23:46:22.395+0000] {dagbag.py:588} INFO - Filling up the DagBag from /home/airflow/.local/lib/python3.12/site-packages/airflow/example_dags/example_short_circuit_operator.py
[2025-03-18T23:46:22.401+0000] {processor.py:925} INFO - DAG(s) 'example_short_circuit_operator' retrieved from /home/airflow/.local/lib/python3.12/site-packages/airflow/example_dags/example_short_circuit_operator.py
[2025-03-18T23:46:22.416+0000] {logging_mixin.py:190} INFO - [2025-03-18T23:46:22.416+0000] {dag.py:3239} INFO - Sync 1 DAGs
[2025-03-18T23:46:22.426+0000] {logging_mixin.py:190} INFO - [2025-03-18T23:46:22.426+0000] {dag.py:4180} INFO - Setting next_dagrun for example_short_circuit_operator to None, run_after=None
[2025-03-18T23:46:22.439+0000] {processor.py:208} INFO - Processing /home/airflow/.local/lib/python3.12/site-packages/airflow/example_dags/example_short_circuit_operator.py took 0.049 seconds
[2025-03-18T23:46:53.604+0000] {processor.py:186} INFO - Started process (PID=465) to work on /home/airflow/.local/lib/python3.12/site-packages/airflow/example_dags/example_short_circuit_operator.py
[2025-03-18T23:46:53.605+0000] {processor.py:914} INFO - Processing file /home/airflow/.local/lib/python3.12/site-packages/airflow/example_dags/example_short_circuit_operator.py for tasks to queue
[2025-03-18T23:46:53.606+0000] {logging_mixin.py:190} INFO - [2025-03-18T23:46:53.606+0000] {dagbag.py:588} INFO - Filling up the DagBag from /home/airflow/.local/lib/python3.12/site-packages/airflow/example_dags/example_short_circuit_operator.py
[2025-03-18T23:46:53.611+0000] {processor.py:925} INFO - DAG(s) 'example_short_circuit_operator' retrieved from /home/airflow/.local/lib/python3.12/site-packages/airflow/example_dags/example_short_circuit_operator.py
[2025-03-18T23:46:53.629+0000] {logging_mixin.py:190} INFO - [2025-03-18T23:46:53.628+0000] {dag.py:3239} INFO - Sync 1 DAGs
[2025-03-18T23:46:53.639+0000] {logging_mixin.py:190} INFO - [2025-03-18T23:46:53.639+0000] {dag.py:4180} INFO - Setting next_dagrun for example_short_circuit_operator to None, run_after=None
[2025-03-18T23:46:53.654+0000] {processor.py:208} INFO - Processing /home/airflow/.local/lib/python3.12/site-packages/airflow/example_dags/example_short_circuit_operator.py took 0.053 seconds
[2025-03-18T23:47:24.556+0000] {processor.py:186} INFO - Started process (PID=528) to work on /home/airflow/.local/lib/python3.12/site-packages/airflow/example_dags/example_short_circuit_operator.py
[2025-03-18T23:47:24.556+0000] {processor.py:914} INFO - Processing file /home/airflow/.local/lib/python3.12/site-packages/airflow/example_dags/example_short_circuit_operator.py for tasks to queue
[2025-03-18T23:47:24.557+0000] {logging_mixin.py:190} INFO - [2025-03-18T23:47:24.557+0000] {dagbag.py:588} INFO - Filling up the DagBag from /home/airflow/.local/lib/python3.12/site-packages/airflow/example_dags/example_short_circuit_operator.py
[2025-03-18T23:47:24.563+0000] {processor.py:925} INFO - DAG(s) 'example_short_circuit_operator' retrieved from /home/airflow/.local/lib/python3.12/site-packages/airflow/example_dags/example_short_circuit_operator.py
[2025-03-18T23:47:24.579+0000] {logging_mixin.py:190} INFO - [2025-03-18T23:47:24.579+0000] {dag.py:3239} INFO - Sync 1 DAGs
[2025-03-18T23:47:24.590+0000] {logging_mixin.py:190} INFO - [2025-03-18T23:47:24.590+0000] {dag.py:4180} INFO - Setting next_dagrun for example_short_circuit_operator to None, run_after=None
[2025-03-18T23:47:24.603+0000] {processor.py:208} INFO - Processing /home/airflow/.local/lib/python3.12/site-packages/airflow/example_dags/example_short_circuit_operator.py took 0.051 seconds
[2025-03-18T23:47:54.884+0000] {processor.py:186} INFO - Started process (PID=591) to work on /home/airflow/.local/lib/python3.12/site-packages/airflow/example_dags/example_short_circuit_operator.py
[2025-03-18T23:47:54.885+0000] {processor.py:914} INFO - Processing file /home/airflow/.local/lib/python3.12/site-packages/airflow/example_dags/example_short_circuit_operator.py for tasks to queue
[2025-03-18T23:47:54.886+0000] {logging_mixin.py:190} INFO - [2025-03-18T23:47:54.886+0000] {dagbag.py:588} INFO - Filling up the DagBag from /home/airflow/.local/lib/python3.12/site-packages/airflow/example_dags/example_short_circuit_operator.py
[2025-03-18T23:47:54.892+0000] {processor.py:925} INFO - DAG(s) 'example_short_circuit_operator' retrieved from /home/airflow/.local/lib/python3.12/site-packages/airflow/example_dags/example_short_circuit_operator.py
[2025-03-18T23:47:54.907+0000] {logging_mixin.py:190} INFO - [2025-03-18T23:47:54.907+0000] {dag.py:3239} INFO - Sync 1 DAGs
[2025-03-18T23:47:54.917+0000] {logging_mixin.py:190} INFO - [2025-03-18T23:47:54.917+0000] {dag.py:4180} INFO - Setting next_dagrun for example_short_circuit_operator to None, run_after=None
[2025-03-18T23:47:54.930+0000] {processor.py:208} INFO - Processing /home/airflow/.local/lib/python3.12/site-packages/airflow/example_dags/example_short_circuit_operator.py took 0.049 seconds
[2025-03-18T23:48:25.338+0000] {processor.py:186} INFO - Started process (PID=653) to work on /home/airflow/.local/lib/python3.12/site-packages/airflow/example_dags/example_short_circuit_operator.py
[2025-03-18T23:48:25.338+0000] {processor.py:914} INFO - Processing file /home/airflow/.local/lib/python3.12/site-packages/airflow/example_dags/example_short_circuit_operator.py for tasks to queue
[2025-03-18T23:48:25.340+0000] {logging_mixin.py:190} INFO - [2025-03-18T23:48:25.340+0000] {dagbag.py:588} INFO - Filling up the DagBag from /home/airflow/.local/lib/python3.12/site-packages/airflow/example_dags/example_short_circuit_operator.py
[2025-03-18T23:48:25.345+0000] {processor.py:925} INFO - DAG(s) 'example_short_circuit_operator' retrieved from /home/airflow/.local/lib/python3.12/site-packages/airflow/example_dags/example_short_circuit_operator.py
[2025-03-18T23:48:25.361+0000] {logging_mixin.py:190} INFO - [2025-03-18T23:48:25.361+0000] {dag.py:3239} INFO - Sync 1 DAGs
[2025-03-18T23:48:25.372+0000] {logging_mixin.py:190} INFO - [2025-03-18T23:48:25.372+0000] {dag.py:4180} INFO - Setting next_dagrun for example_short_circuit_operator to None, run_after=None
[2025-03-18T23:48:25.385+0000] {processor.py:208} INFO - Processing /home/airflow/.local/lib/python3.12/site-packages/airflow/example_dags/example_short_circuit_operator.py took 0.051 seconds
[2025-03-18T23:48:55.520+0000] {processor.py:186} INFO - Started process (PID=716) to work on /home/airflow/.local/lib/python3.12/site-packages/airflow/example_dags/example_short_circuit_operator.py
[2025-03-18T23:48:55.520+0000] {processor.py:914} INFO - Processing file /home/airflow/.local/lib/python3.12/site-packages/airflow/example_dags/example_short_circuit_operator.py for tasks to queue
[2025-03-18T23:48:55.523+0000] {logging_mixin.py:190} INFO - [2025-03-18T23:48:55.522+0000] {dagbag.py:588} INFO - Filling up the DagBag from /home/airflow/.local/lib/python3.12/site-packages/airflow/example_dags/example_short_circuit_operator.py
[2025-03-18T23:48:55.530+0000] {processor.py:925} INFO - DAG(s) 'example_short_circuit_operator' retrieved from /home/airflow/.local/lib/python3.12/site-packages/airflow/example_dags/example_short_circuit_operator.py
[2025-03-18T23:48:55.547+0000] {logging_mixin.py:190} INFO - [2025-03-18T23:48:55.547+0000] {dag.py:3239} INFO - Sync 1 DAGs
[2025-03-18T23:48:55.557+0000] {logging_mixin.py:190} INFO - [2025-03-18T23:48:55.557+0000] {dag.py:4180} INFO - Setting next_dagrun for example_short_circuit_operator to None, run_after=None
[2025-03-18T23:48:55.571+0000] {processor.py:208} INFO - Processing /home/airflow/.local/lib/python3.12/site-packages/airflow/example_dags/example_short_circuit_operator.py took 0.055 seconds
[2025-03-18T23:49:26.553+0000] {processor.py:186} INFO - Started process (PID=778) to work on /home/airflow/.local/lib/python3.12/site-packages/airflow/example_dags/example_short_circuit_operator.py
[2025-03-18T23:49:26.553+0000] {processor.py:914} INFO - Processing file /home/airflow/.local/lib/python3.12/site-packages/airflow/example_dags/example_short_circuit_operator.py for tasks to queue
[2025-03-18T23:49:26.554+0000] {logging_mixin.py:190} INFO - [2025-03-18T23:49:26.554+0000] {dagbag.py:588} INFO - Filling up the DagBag from /home/airflow/.local/lib/python3.12/site-packages/airflow/example_dags/example_short_circuit_operator.py
[2025-03-18T23:49:26.560+0000] {processor.py:925} INFO - DAG(s) 'example_short_circuit_operator' retrieved from /home/airflow/.local/lib/python3.12/site-packages/airflow/example_dags/example_short_circuit_operator.py
[2025-03-18T23:49:26.576+0000] {logging_mixin.py:190} INFO - [2025-03-18T23:49:26.575+0000] {dag.py:3239} INFO - Sync 1 DAGs
[2025-03-18T23:49:26.585+0000] {logging_mixin.py:190} INFO - [2025-03-18T23:49:26.585+0000] {dag.py:4180} INFO - Setting next_dagrun for example_short_circuit_operator to None, run_after=None
[2025-03-18T23:49:26.598+0000] {processor.py:208} INFO - Processing /home/airflow/.local/lib/python3.12/site-packages/airflow/example_dags/example_short_circuit_operator.py took 0.048 seconds
[2025-03-18T23:49:57.644+0000] {processor.py:186} INFO - Started process (PID=841) to work on /home/airflow/.local/lib/python3.12/site-packages/airflow/example_dags/example_short_circuit_operator.py
[2025-03-18T23:49:57.644+0000] {processor.py:914} INFO - Processing file /home/airflow/.local/lib/python3.12/site-packages/airflow/example_dags/example_short_circuit_operator.py for tasks to queue
[2025-03-18T23:49:57.645+0000] {logging_mixin.py:190} INFO - [2025-03-18T23:49:57.645+0000] {dagbag.py:588} INFO - Filling up the DagBag from /home/airflow/.local/lib/python3.12/site-packages/airflow/example_dags/example_short_circuit_operator.py
[2025-03-18T23:49:57.651+0000] {processor.py:925} INFO - DAG(s) 'example_short_circuit_operator' retrieved from /home/airflow/.local/lib/python3.12/site-packages/airflow/example_dags/example_short_circuit_operator.py
[2025-03-18T23:49:57.667+0000] {logging_mixin.py:190} INFO - [2025-03-18T23:49:57.666+0000] {dag.py:3239} INFO - Sync 1 DAGs
[2025-03-18T23:49:57.677+0000] {logging_mixin.py:190} INFO - [2025-03-18T23:49:57.677+0000] {dag.py:4180} INFO - Setting next_dagrun for example_short_circuit_operator to None, run_after=None
[2025-03-18T23:49:57.690+0000] {processor.py:208} INFO - Processing /home/airflow/.local/lib/python3.12/site-packages/airflow/example_dags/example_short_circuit_operator.py took 0.050 seconds
