[2025-03-18T23:43:48.065+0000] {processor.py:186} INFO - Started process (PID=87) to work on /home/airflow/.local/lib/python3.12/site-packages/airflow/example_dags/example_kubernetes_executor.py
[2025-03-18T23:43:48.065+0000] {processor.py:914} INFO - Processing file /home/airflow/.local/lib/python3.12/site-packages/airflow/example_dags/example_kubernetes_executor.py for tasks to queue
[2025-03-18T23:43:48.067+0000] {logging_mixin.py:190} INFO - [2025-03-18T23:43:48.066+0000] {dagbag.py:588} INFO - Filling up the DagBag from /home/airflow/.local/lib/python3.12/site-packages/airflow/example_dags/example_kubernetes_executor.py
[2025-03-18T23:43:48.078+0000] {processor.py:925} INFO - DAG(s) 'example_kubernetes_executor' retrieved from /home/airflow/.local/lib/python3.12/site-packages/airflow/example_dags/example_kubernetes_executor.py
[2025-03-18T23:43:48.159+0000] {logging_mixin.py:190} INFO - [2025-03-18T23:43:48.158+0000] {override.py:1912} INFO - Created Permission View: can delete on DAG:example_kubernetes_executor
[2025-03-18T23:43:48.166+0000] {logging_mixin.py:190} INFO - [2025-03-18T23:43:48.166+0000] {override.py:1912} INFO - Created Permission View: can read on DAG:example_kubernetes_executor
[2025-03-18T23:43:48.171+0000] {logging_mixin.py:190} INFO - [2025-03-18T23:43:48.171+0000] {override.py:1912} INFO - Created Permission View: can edit on DAG:example_kubernetes_executor
[2025-03-18T23:43:48.177+0000] {logging_mixin.py:190} INFO - [2025-03-18T23:43:48.177+0000] {override.py:1912} INFO - Created Permission View: can delete on DAG Run:example_kubernetes_executor
[2025-03-18T23:43:48.182+0000] {logging_mixin.py:190} INFO - [2025-03-18T23:43:48.182+0000] {override.py:1912} INFO - Created Permission View: can read on DAG Run:example_kubernetes_executor
[2025-03-18T23:43:48.187+0000] {logging_mixin.py:190} INFO - [2025-03-18T23:43:48.186+0000] {override.py:1912} INFO - Created Permission View: can create on DAG Run:example_kubernetes_executor
[2025-03-18T23:43:48.191+0000] {logging_mixin.py:190} INFO - [2025-03-18T23:43:48.191+0000] {override.py:1912} INFO - Created Permission View: menu access on DAG Run:example_kubernetes_executor
[2025-03-18T23:43:48.192+0000] {logging_mixin.py:190} INFO - [2025-03-18T23:43:48.192+0000] {dag.py:3239} INFO - Sync 1 DAGs
[2025-03-18T23:43:48.203+0000] {logging_mixin.py:190} INFO - [2025-03-18T23:43:48.203+0000] {dag.py:3262} INFO - Creating ORM DAG for example_kubernetes_executor
[2025-03-18T23:43:48.204+0000] {logging_mixin.py:190} INFO - [2025-03-18T23:43:48.204+0000] {dag.py:4180} INFO - Setting next_dagrun for example_kubernetes_executor to None, run_after=None
[2025-03-18T23:43:48.216+0000] {processor.py:208} INFO - Processing /home/airflow/.local/lib/python3.12/site-packages/airflow/example_dags/example_kubernetes_executor.py took 0.155 seconds
[2025-03-18T23:44:19.113+0000] {processor.py:186} INFO - Started process (PID=150) to work on /home/airflow/.local/lib/python3.12/site-packages/airflow/example_dags/example_kubernetes_executor.py
[2025-03-18T23:44:19.114+0000] {processor.py:914} INFO - Processing file /home/airflow/.local/lib/python3.12/site-packages/airflow/example_dags/example_kubernetes_executor.py for tasks to queue
[2025-03-18T23:44:19.115+0000] {logging_mixin.py:190} INFO - [2025-03-18T23:44:19.115+0000] {dagbag.py:588} INFO - Filling up the DagBag from /home/airflow/.local/lib/python3.12/site-packages/airflow/example_dags/example_kubernetes_executor.py
[2025-03-18T23:44:19.124+0000] {processor.py:925} INFO - DAG(s) 'example_kubernetes_executor' retrieved from /home/airflow/.local/lib/python3.12/site-packages/airflow/example_dags/example_kubernetes_executor.py
[2025-03-18T23:44:19.140+0000] {logging_mixin.py:190} INFO - [2025-03-18T23:44:19.139+0000] {dag.py:3239} INFO - Sync 1 DAGs
[2025-03-18T23:44:19.149+0000] {logging_mixin.py:190} INFO - [2025-03-18T23:44:19.149+0000] {dag.py:4180} INFO - Setting next_dagrun for example_kubernetes_executor to None, run_after=None
[2025-03-18T23:44:19.161+0000] {processor.py:208} INFO - Processing /home/airflow/.local/lib/python3.12/site-packages/airflow/example_dags/example_kubernetes_executor.py took 0.051 seconds
[2025-03-18T23:44:49.631+0000] {processor.py:186} INFO - Started process (PID=212) to work on /home/airflow/.local/lib/python3.12/site-packages/airflow/example_dags/example_kubernetes_executor.py
[2025-03-18T23:44:49.631+0000] {processor.py:914} INFO - Processing file /home/airflow/.local/lib/python3.12/site-packages/airflow/example_dags/example_kubernetes_executor.py for tasks to queue
[2025-03-18T23:44:49.632+0000] {logging_mixin.py:190} INFO - [2025-03-18T23:44:49.632+0000] {dagbag.py:588} INFO - Filling up the DagBag from /home/airflow/.local/lib/python3.12/site-packages/airflow/example_dags/example_kubernetes_executor.py
[2025-03-18T23:44:49.644+0000] {processor.py:925} INFO - DAG(s) 'example_kubernetes_executor' retrieved from /home/airflow/.local/lib/python3.12/site-packages/airflow/example_dags/example_kubernetes_executor.py
[2025-03-18T23:44:49.662+0000] {logging_mixin.py:190} INFO - [2025-03-18T23:44:49.662+0000] {dag.py:3239} INFO - Sync 1 DAGs
[2025-03-18T23:44:49.676+0000] {logging_mixin.py:190} INFO - [2025-03-18T23:44:49.675+0000] {dag.py:4180} INFO - Setting next_dagrun for example_kubernetes_executor to None, run_after=None
[2025-03-18T23:44:49.691+0000] {processor.py:208} INFO - Processing /home/airflow/.local/lib/python3.12/site-packages/airflow/example_dags/example_kubernetes_executor.py took 0.064 seconds
[2025-03-18T23:45:20.045+0000] {processor.py:186} INFO - Started process (PID=275) to work on /home/airflow/.local/lib/python3.12/site-packages/airflow/example_dags/example_kubernetes_executor.py
[2025-03-18T23:45:20.046+0000] {processor.py:914} INFO - Processing file /home/airflow/.local/lib/python3.12/site-packages/airflow/example_dags/example_kubernetes_executor.py for tasks to queue
[2025-03-18T23:45:20.047+0000] {logging_mixin.py:190} INFO - [2025-03-18T23:45:20.047+0000] {dagbag.py:588} INFO - Filling up the DagBag from /home/airflow/.local/lib/python3.12/site-packages/airflow/example_dags/example_kubernetes_executor.py
[2025-03-18T23:45:20.055+0000] {processor.py:925} INFO - DAG(s) 'example_kubernetes_executor' retrieved from /home/airflow/.local/lib/python3.12/site-packages/airflow/example_dags/example_kubernetes_executor.py
[2025-03-18T23:45:20.071+0000] {logging_mixin.py:190} INFO - [2025-03-18T23:45:20.071+0000] {dag.py:3239} INFO - Sync 1 DAGs
[2025-03-18T23:45:20.081+0000] {logging_mixin.py:190} INFO - [2025-03-18T23:45:20.081+0000] {dag.py:4180} INFO - Setting next_dagrun for example_kubernetes_executor to None, run_after=None
[2025-03-18T23:45:20.094+0000] {processor.py:208} INFO - Processing /home/airflow/.local/lib/python3.12/site-packages/airflow/example_dags/example_kubernetes_executor.py took 0.052 seconds
[2025-03-18T23:45:51.186+0000] {processor.py:186} INFO - Started process (PID=338) to work on /home/airflow/.local/lib/python3.12/site-packages/airflow/example_dags/example_kubernetes_executor.py
[2025-03-18T23:45:51.187+0000] {processor.py:914} INFO - Processing file /home/airflow/.local/lib/python3.12/site-packages/airflow/example_dags/example_kubernetes_executor.py for tasks to queue
[2025-03-18T23:45:51.188+0000] {logging_mixin.py:190} INFO - [2025-03-18T23:45:51.188+0000] {dagbag.py:588} INFO - Filling up the DagBag from /home/airflow/.local/lib/python3.12/site-packages/airflow/example_dags/example_kubernetes_executor.py
[2025-03-18T23:45:51.197+0000] {processor.py:925} INFO - DAG(s) 'example_kubernetes_executor' retrieved from /home/airflow/.local/lib/python3.12/site-packages/airflow/example_dags/example_kubernetes_executor.py
[2025-03-18T23:45:51.214+0000] {logging_mixin.py:190} INFO - [2025-03-18T23:45:51.214+0000] {dag.py:3239} INFO - Sync 1 DAGs
[2025-03-18T23:45:51.226+0000] {logging_mixin.py:190} INFO - [2025-03-18T23:45:51.226+0000] {dag.py:4180} INFO - Setting next_dagrun for example_kubernetes_executor to None, run_after=None
[2025-03-18T23:45:51.240+0000] {processor.py:208} INFO - Processing /home/airflow/.local/lib/python3.12/site-packages/airflow/example_dags/example_kubernetes_executor.py took 0.058 seconds
[2025-03-18T23:46:22.329+0000] {processor.py:186} INFO - Started process (PID=401) to work on /home/airflow/.local/lib/python3.12/site-packages/airflow/example_dags/example_kubernetes_executor.py
[2025-03-18T23:46:22.329+0000] {processor.py:914} INFO - Processing file /home/airflow/.local/lib/python3.12/site-packages/airflow/example_dags/example_kubernetes_executor.py for tasks to queue
[2025-03-18T23:46:22.330+0000] {logging_mixin.py:190} INFO - [2025-03-18T23:46:22.330+0000] {dagbag.py:588} INFO - Filling up the DagBag from /home/airflow/.local/lib/python3.12/site-packages/airflow/example_dags/example_kubernetes_executor.py
[2025-03-18T23:46:22.339+0000] {processor.py:925} INFO - DAG(s) 'example_kubernetes_executor' retrieved from /home/airflow/.local/lib/python3.12/site-packages/airflow/example_dags/example_kubernetes_executor.py
[2025-03-18T23:46:22.355+0000] {logging_mixin.py:190} INFO - [2025-03-18T23:46:22.355+0000] {dag.py:3239} INFO - Sync 1 DAGs
[2025-03-18T23:46:22.364+0000] {logging_mixin.py:190} INFO - [2025-03-18T23:46:22.364+0000] {dag.py:4180} INFO - Setting next_dagrun for example_kubernetes_executor to None, run_after=None
[2025-03-18T23:46:22.377+0000] {processor.py:208} INFO - Processing /home/airflow/.local/lib/python3.12/site-packages/airflow/example_dags/example_kubernetes_executor.py took 0.052 seconds
[2025-03-18T23:46:53.530+0000] {processor.py:186} INFO - Started process (PID=464) to work on /home/airflow/.local/lib/python3.12/site-packages/airflow/example_dags/example_kubernetes_executor.py
[2025-03-18T23:46:53.531+0000] {processor.py:914} INFO - Processing file /home/airflow/.local/lib/python3.12/site-packages/airflow/example_dags/example_kubernetes_executor.py for tasks to queue
[2025-03-18T23:46:53.533+0000] {logging_mixin.py:190} INFO - [2025-03-18T23:46:53.533+0000] {dagbag.py:588} INFO - Filling up the DagBag from /home/airflow/.local/lib/python3.12/site-packages/airflow/example_dags/example_kubernetes_executor.py
[2025-03-18T23:46:53.542+0000] {processor.py:925} INFO - DAG(s) 'example_kubernetes_executor' retrieved from /home/airflow/.local/lib/python3.12/site-packages/airflow/example_dags/example_kubernetes_executor.py
[2025-03-18T23:46:53.560+0000] {logging_mixin.py:190} INFO - [2025-03-18T23:46:53.560+0000] {dag.py:3239} INFO - Sync 1 DAGs
[2025-03-18T23:46:53.571+0000] {logging_mixin.py:190} INFO - [2025-03-18T23:46:53.571+0000] {dag.py:4180} INFO - Setting next_dagrun for example_kubernetes_executor to None, run_after=None
[2025-03-18T23:46:53.585+0000] {processor.py:208} INFO - Processing /home/airflow/.local/lib/python3.12/site-packages/airflow/example_dags/example_kubernetes_executor.py took 0.060 seconds
[2025-03-18T23:47:24.486+0000] {processor.py:186} INFO - Started process (PID=527) to work on /home/airflow/.local/lib/python3.12/site-packages/airflow/example_dags/example_kubernetes_executor.py
[2025-03-18T23:47:24.487+0000] {processor.py:914} INFO - Processing file /home/airflow/.local/lib/python3.12/site-packages/airflow/example_dags/example_kubernetes_executor.py for tasks to queue
[2025-03-18T23:47:24.489+0000] {logging_mixin.py:190} INFO - [2025-03-18T23:47:24.488+0000] {dagbag.py:588} INFO - Filling up the DagBag from /home/airflow/.local/lib/python3.12/site-packages/airflow/example_dags/example_kubernetes_executor.py
[2025-03-18T23:47:24.497+0000] {processor.py:925} INFO - DAG(s) 'example_kubernetes_executor' retrieved from /home/airflow/.local/lib/python3.12/site-packages/airflow/example_dags/example_kubernetes_executor.py
[2025-03-18T23:47:24.514+0000] {logging_mixin.py:190} INFO - [2025-03-18T23:47:24.514+0000] {dag.py:3239} INFO - Sync 1 DAGs
[2025-03-18T23:47:24.525+0000] {logging_mixin.py:190} INFO - [2025-03-18T23:47:24.524+0000] {dag.py:4180} INFO - Setting next_dagrun for example_kubernetes_executor to None, run_after=None
[2025-03-18T23:47:24.538+0000] {processor.py:208} INFO - Processing /home/airflow/.local/lib/python3.12/site-packages/airflow/example_dags/example_kubernetes_executor.py took 0.055 seconds
[2025-03-18T23:47:54.815+0000] {processor.py:186} INFO - Started process (PID=590) to work on /home/airflow/.local/lib/python3.12/site-packages/airflow/example_dags/example_kubernetes_executor.py
[2025-03-18T23:47:54.815+0000] {processor.py:914} INFO - Processing file /home/airflow/.local/lib/python3.12/site-packages/airflow/example_dags/example_kubernetes_executor.py for tasks to queue
[2025-03-18T23:47:54.816+0000] {logging_mixin.py:190} INFO - [2025-03-18T23:47:54.816+0000] {dagbag.py:588} INFO - Filling up the DagBag from /home/airflow/.local/lib/python3.12/site-packages/airflow/example_dags/example_kubernetes_executor.py
[2025-03-18T23:47:54.825+0000] {processor.py:925} INFO - DAG(s) 'example_kubernetes_executor' retrieved from /home/airflow/.local/lib/python3.12/site-packages/airflow/example_dags/example_kubernetes_executor.py
[2025-03-18T23:47:54.842+0000] {logging_mixin.py:190} INFO - [2025-03-18T23:47:54.842+0000] {dag.py:3239} INFO - Sync 1 DAGs
[2025-03-18T23:47:54.853+0000] {logging_mixin.py:190} INFO - [2025-03-18T23:47:54.853+0000] {dag.py:4180} INFO - Setting next_dagrun for example_kubernetes_executor to None, run_after=None
[2025-03-18T23:47:54.867+0000] {processor.py:208} INFO - Processing /home/airflow/.local/lib/python3.12/site-packages/airflow/example_dags/example_kubernetes_executor.py took 0.056 seconds
[2025-03-18T23:48:25.333+0000] {processor.py:186} INFO - Started process (PID=652) to work on /home/airflow/.local/lib/python3.12/site-packages/airflow/example_dags/example_kubernetes_executor.py
[2025-03-18T23:48:25.334+0000] {processor.py:914} INFO - Processing file /home/airflow/.local/lib/python3.12/site-packages/airflow/example_dags/example_kubernetes_executor.py for tasks to queue
[2025-03-18T23:48:25.335+0000] {logging_mixin.py:190} INFO - [2025-03-18T23:48:25.335+0000] {dagbag.py:588} INFO - Filling up the DagBag from /home/airflow/.local/lib/python3.12/site-packages/airflow/example_dags/example_kubernetes_executor.py
[2025-03-18T23:48:25.345+0000] {processor.py:925} INFO - DAG(s) 'example_kubernetes_executor' retrieved from /home/airflow/.local/lib/python3.12/site-packages/airflow/example_dags/example_kubernetes_executor.py
[2025-03-18T23:48:25.366+0000] {logging_mixin.py:190} INFO - [2025-03-18T23:48:25.366+0000] {dag.py:3239} INFO - Sync 1 DAGs
[2025-03-18T23:48:25.380+0000] {logging_mixin.py:190} INFO - [2025-03-18T23:48:25.380+0000] {dag.py:4180} INFO - Setting next_dagrun for example_kubernetes_executor to None, run_after=None
[2025-03-18T23:48:25.395+0000] {processor.py:208} INFO - Processing /home/airflow/.local/lib/python3.12/site-packages/airflow/example_dags/example_kubernetes_executor.py took 0.066 seconds
[2025-03-18T23:48:55.440+0000] {processor.py:186} INFO - Started process (PID=715) to work on /home/airflow/.local/lib/python3.12/site-packages/airflow/example_dags/example_kubernetes_executor.py
[2025-03-18T23:48:55.441+0000] {processor.py:914} INFO - Processing file /home/airflow/.local/lib/python3.12/site-packages/airflow/example_dags/example_kubernetes_executor.py for tasks to queue
[2025-03-18T23:48:55.442+0000] {logging_mixin.py:190} INFO - [2025-03-18T23:48:55.442+0000] {dagbag.py:588} INFO - Filling up the DagBag from /home/airflow/.local/lib/python3.12/site-packages/airflow/example_dags/example_kubernetes_executor.py
[2025-03-18T23:48:55.452+0000] {processor.py:925} INFO - DAG(s) 'example_kubernetes_executor' retrieved from /home/airflow/.local/lib/python3.12/site-packages/airflow/example_dags/example_kubernetes_executor.py
[2025-03-18T23:48:55.475+0000] {logging_mixin.py:190} INFO - [2025-03-18T23:48:55.474+0000] {dag.py:3239} INFO - Sync 1 DAGs
[2025-03-18T23:48:55.486+0000] {logging_mixin.py:190} INFO - [2025-03-18T23:48:55.486+0000] {dag.py:4180} INFO - Setting next_dagrun for example_kubernetes_executor to None, run_after=None
[2025-03-18T23:48:55.501+0000] {processor.py:208} INFO - Processing /home/airflow/.local/lib/python3.12/site-packages/airflow/example_dags/example_kubernetes_executor.py took 0.065 seconds
[2025-03-18T23:49:26.514+0000] {processor.py:186} INFO - Started process (PID=777) to work on /home/airflow/.local/lib/python3.12/site-packages/airflow/example_dags/example_kubernetes_executor.py
[2025-03-18T23:49:26.515+0000] {processor.py:914} INFO - Processing file /home/airflow/.local/lib/python3.12/site-packages/airflow/example_dags/example_kubernetes_executor.py for tasks to queue
[2025-03-18T23:49:26.516+0000] {logging_mixin.py:190} INFO - [2025-03-18T23:49:26.516+0000] {dagbag.py:588} INFO - Filling up the DagBag from /home/airflow/.local/lib/python3.12/site-packages/airflow/example_dags/example_kubernetes_executor.py
[2025-03-18T23:49:26.525+0000] {processor.py:925} INFO - DAG(s) 'example_kubernetes_executor' retrieved from /home/airflow/.local/lib/python3.12/site-packages/airflow/example_dags/example_kubernetes_executor.py
[2025-03-18T23:49:26.541+0000] {logging_mixin.py:190} INFO - [2025-03-18T23:49:26.541+0000] {dag.py:3239} INFO - Sync 1 DAGs
[2025-03-18T23:49:26.551+0000] {logging_mixin.py:190} INFO - [2025-03-18T23:49:26.551+0000] {dag.py:4180} INFO - Setting next_dagrun for example_kubernetes_executor to None, run_after=None
[2025-03-18T23:49:26.563+0000] {processor.py:208} INFO - Processing /home/airflow/.local/lib/python3.12/site-packages/airflow/example_dags/example_kubernetes_executor.py took 0.052 seconds
[2025-03-18T23:49:57.603+0000] {processor.py:186} INFO - Started process (PID=840) to work on /home/airflow/.local/lib/python3.12/site-packages/airflow/example_dags/example_kubernetes_executor.py
[2025-03-18T23:49:57.604+0000] {processor.py:914} INFO - Processing file /home/airflow/.local/lib/python3.12/site-packages/airflow/example_dags/example_kubernetes_executor.py for tasks to queue
[2025-03-18T23:49:57.605+0000] {logging_mixin.py:190} INFO - [2025-03-18T23:49:57.605+0000] {dagbag.py:588} INFO - Filling up the DagBag from /home/airflow/.local/lib/python3.12/site-packages/airflow/example_dags/example_kubernetes_executor.py
[2025-03-18T23:49:57.614+0000] {processor.py:925} INFO - DAG(s) 'example_kubernetes_executor' retrieved from /home/airflow/.local/lib/python3.12/site-packages/airflow/example_dags/example_kubernetes_executor.py
[2025-03-18T23:49:57.630+0000] {logging_mixin.py:190} INFO - [2025-03-18T23:49:57.630+0000] {dag.py:3239} INFO - Sync 1 DAGs
[2025-03-18T23:49:57.640+0000] {logging_mixin.py:190} INFO - [2025-03-18T23:49:57.640+0000] {dag.py:4180} INFO - Setting next_dagrun for example_kubernetes_executor to None, run_after=None
[2025-03-18T23:49:57.652+0000] {processor.py:208} INFO - Processing /home/airflow/.local/lib/python3.12/site-packages/airflow/example_dags/example_kubernetes_executor.py took 0.052 seconds
