[2025-03-18T23:43:48.568+0000] {processor.py:186} INFO - Started process (PID=90) to work on /home/airflow/.local/lib/python3.12/site-packages/airflow/example_dags/tutorial_dag.py
[2025-03-18T23:43:48.568+0000] {processor.py:914} INFO - Processing file /home/airflow/.local/lib/python3.12/site-packages/airflow/example_dags/tutorial_dag.py for tasks to queue
[2025-03-18T23:43:48.569+0000] {logging_mixin.py:190} INFO - [2025-03-18T23:43:48.569+0000] {dagbag.py:588} INFO - Filling up the DagBag from /home/airflow/.local/lib/python3.12/site-packages/airflow/example_dags/tutorial_dag.py
[2025-03-18T23:43:48.575+0000] {processor.py:925} INFO - DAG(s) 'tutorial_dag' retrieved from /home/airflow/.local/lib/python3.12/site-packages/airflow/example_dags/tutorial_dag.py
[2025-03-18T23:43:48.649+0000] {logging_mixin.py:190} INFO - [2025-03-18T23:43:48.649+0000] {override.py:1912} INFO - Created Permission View: can delete on DAG:tutorial_dag
[2025-03-18T23:43:48.656+0000] {logging_mixin.py:190} INFO - [2025-03-18T23:43:48.656+0000] {override.py:1912} INFO - Created Permission View: can read on DAG:tutorial_dag
[2025-03-18T23:43:48.661+0000] {logging_mixin.py:190} INFO - [2025-03-18T23:43:48.660+0000] {override.py:1912} INFO - Created Permission View: can edit on DAG:tutorial_dag
[2025-03-18T23:43:48.666+0000] {logging_mixin.py:190} INFO - [2025-03-18T23:43:48.666+0000] {override.py:1912} INFO - Created Permission View: can delete on DAG Run:tutorial_dag
[2025-03-18T23:43:48.671+0000] {logging_mixin.py:190} INFO - [2025-03-18T23:43:48.670+0000] {override.py:1912} INFO - Created Permission View: can read on DAG Run:tutorial_dag
[2025-03-18T23:43:48.675+0000] {logging_mixin.py:190} INFO - [2025-03-18T23:43:48.675+0000] {override.py:1912} INFO - Created Permission View: can create on DAG Run:tutorial_dag
[2025-03-18T23:43:48.680+0000] {logging_mixin.py:190} INFO - [2025-03-18T23:43:48.680+0000] {override.py:1912} INFO - Created Permission View: menu access on DAG Run:tutorial_dag
[2025-03-18T23:43:48.680+0000] {logging_mixin.py:190} INFO - [2025-03-18T23:43:48.680+0000] {dag.py:3239} INFO - Sync 1 DAGs
[2025-03-18T23:43:48.690+0000] {logging_mixin.py:190} INFO - [2025-03-18T23:43:48.690+0000] {dag.py:3262} INFO - Creating ORM DAG for tutorial_dag
[2025-03-18T23:43:48.690+0000] {logging_mixin.py:190} INFO - [2025-03-18T23:43:48.690+0000] {dag.py:4180} INFO - Setting next_dagrun for tutorial_dag to None, run_after=None
[2025-03-18T23:43:48.701+0000] {processor.py:208} INFO - Processing /home/airflow/.local/lib/python3.12/site-packages/airflow/example_dags/tutorial_dag.py took 0.137 seconds
[2025-03-18T23:44:19.310+0000] {processor.py:186} INFO - Started process (PID=153) to work on /home/airflow/.local/lib/python3.12/site-packages/airflow/example_dags/tutorial_dag.py
[2025-03-18T23:44:19.310+0000] {processor.py:914} INFO - Processing file /home/airflow/.local/lib/python3.12/site-packages/airflow/example_dags/tutorial_dag.py for tasks to queue
[2025-03-18T23:44:19.312+0000] {logging_mixin.py:190} INFO - [2025-03-18T23:44:19.312+0000] {dagbag.py:588} INFO - Filling up the DagBag from /home/airflow/.local/lib/python3.12/site-packages/airflow/example_dags/tutorial_dag.py
[2025-03-18T23:44:19.317+0000] {processor.py:925} INFO - DAG(s) 'tutorial_dag' retrieved from /home/airflow/.local/lib/python3.12/site-packages/airflow/example_dags/tutorial_dag.py
[2025-03-18T23:44:19.330+0000] {logging_mixin.py:190} INFO - [2025-03-18T23:44:19.330+0000] {dag.py:3239} INFO - Sync 1 DAGs
[2025-03-18T23:44:19.341+0000] {logging_mixin.py:190} INFO - [2025-03-18T23:44:19.341+0000] {dag.py:4180} INFO - Setting next_dagrun for tutorial_dag to None, run_after=None
[2025-03-18T23:44:19.355+0000] {processor.py:208} INFO - Processing /home/airflow/.local/lib/python3.12/site-packages/airflow/example_dags/tutorial_dag.py took 0.049 seconds
[2025-03-18T23:44:49.902+0000] {processor.py:186} INFO - Started process (PID=216) to work on /home/airflow/.local/lib/python3.12/site-packages/airflow/example_dags/tutorial_dag.py
[2025-03-18T23:44:49.902+0000] {processor.py:914} INFO - Processing file /home/airflow/.local/lib/python3.12/site-packages/airflow/example_dags/tutorial_dag.py for tasks to queue
[2025-03-18T23:44:49.906+0000] {logging_mixin.py:190} INFO - [2025-03-18T23:44:49.905+0000] {dagbag.py:588} INFO - Filling up the DagBag from /home/airflow/.local/lib/python3.12/site-packages/airflow/example_dags/tutorial_dag.py
[2025-03-18T23:44:49.910+0000] {processor.py:925} INFO - DAG(s) 'tutorial_dag' retrieved from /home/airflow/.local/lib/python3.12/site-packages/airflow/example_dags/tutorial_dag.py
[2025-03-18T23:44:49.925+0000] {logging_mixin.py:190} INFO - [2025-03-18T23:44:49.925+0000] {dag.py:3239} INFO - Sync 1 DAGs
[2025-03-18T23:44:49.940+0000] {logging_mixin.py:190} INFO - [2025-03-18T23:44:49.940+0000] {dag.py:4180} INFO - Setting next_dagrun for tutorial_dag to None, run_after=None
[2025-03-18T23:44:49.954+0000] {processor.py:208} INFO - Processing /home/airflow/.local/lib/python3.12/site-packages/airflow/example_dags/tutorial_dag.py took 0.057 seconds
[2025-03-18T23:45:20.139+0000] {processor.py:186} INFO - Started process (PID=278) to work on /home/airflow/.local/lib/python3.12/site-packages/airflow/example_dags/tutorial_dag.py
[2025-03-18T23:45:20.140+0000] {processor.py:914} INFO - Processing file /home/airflow/.local/lib/python3.12/site-packages/airflow/example_dags/tutorial_dag.py for tasks to queue
[2025-03-18T23:45:20.141+0000] {logging_mixin.py:190} INFO - [2025-03-18T23:45:20.141+0000] {dagbag.py:588} INFO - Filling up the DagBag from /home/airflow/.local/lib/python3.12/site-packages/airflow/example_dags/tutorial_dag.py
[2025-03-18T23:45:20.146+0000] {processor.py:925} INFO - DAG(s) 'tutorial_dag' retrieved from /home/airflow/.local/lib/python3.12/site-packages/airflow/example_dags/tutorial_dag.py
[2025-03-18T23:45:20.158+0000] {logging_mixin.py:190} INFO - [2025-03-18T23:45:20.158+0000] {dag.py:3239} INFO - Sync 1 DAGs
[2025-03-18T23:45:20.168+0000] {logging_mixin.py:190} INFO - [2025-03-18T23:45:20.168+0000] {dag.py:4180} INFO - Setting next_dagrun for tutorial_dag to None, run_after=None
[2025-03-18T23:45:20.180+0000] {processor.py:208} INFO - Processing /home/airflow/.local/lib/python3.12/site-packages/airflow/example_dags/tutorial_dag.py took 0.044 seconds
[2025-03-18T23:45:51.399+0000] {processor.py:186} INFO - Started process (PID=341) to work on /home/airflow/.local/lib/python3.12/site-packages/airflow/example_dags/tutorial_dag.py
[2025-03-18T23:45:51.400+0000] {processor.py:914} INFO - Processing file /home/airflow/.local/lib/python3.12/site-packages/airflow/example_dags/tutorial_dag.py for tasks to queue
[2025-03-18T23:45:51.401+0000] {logging_mixin.py:190} INFO - [2025-03-18T23:45:51.401+0000] {dagbag.py:588} INFO - Filling up the DagBag from /home/airflow/.local/lib/python3.12/site-packages/airflow/example_dags/tutorial_dag.py
[2025-03-18T23:45:51.405+0000] {processor.py:925} INFO - DAG(s) 'tutorial_dag' retrieved from /home/airflow/.local/lib/python3.12/site-packages/airflow/example_dags/tutorial_dag.py
[2025-03-18T23:45:51.417+0000] {logging_mixin.py:190} INFO - [2025-03-18T23:45:51.417+0000] {dag.py:3239} INFO - Sync 1 DAGs
[2025-03-18T23:45:51.427+0000] {logging_mixin.py:190} INFO - [2025-03-18T23:45:51.427+0000] {dag.py:4180} INFO - Setting next_dagrun for tutorial_dag to None, run_after=None
[2025-03-18T23:45:51.438+0000] {processor.py:208} INFO - Processing /home/airflow/.local/lib/python3.12/site-packages/airflow/example_dags/tutorial_dag.py took 0.042 seconds
[2025-03-18T23:46:22.530+0000] {processor.py:186} INFO - Started process (PID=404) to work on /home/airflow/.local/lib/python3.12/site-packages/airflow/example_dags/tutorial_dag.py
[2025-03-18T23:46:22.531+0000] {processor.py:914} INFO - Processing file /home/airflow/.local/lib/python3.12/site-packages/airflow/example_dags/tutorial_dag.py for tasks to queue
[2025-03-18T23:46:22.532+0000] {logging_mixin.py:190} INFO - [2025-03-18T23:46:22.532+0000] {dagbag.py:588} INFO - Filling up the DagBag from /home/airflow/.local/lib/python3.12/site-packages/airflow/example_dags/tutorial_dag.py
[2025-03-18T23:46:22.537+0000] {processor.py:925} INFO - DAG(s) 'tutorial_dag' retrieved from /home/airflow/.local/lib/python3.12/site-packages/airflow/example_dags/tutorial_dag.py
[2025-03-18T23:46:22.550+0000] {logging_mixin.py:190} INFO - [2025-03-18T23:46:22.550+0000] {dag.py:3239} INFO - Sync 1 DAGs
[2025-03-18T23:46:22.560+0000] {logging_mixin.py:190} INFO - [2025-03-18T23:46:22.560+0000] {dag.py:4180} INFO - Setting next_dagrun for tutorial_dag to None, run_after=None
[2025-03-18T23:46:22.575+0000] {processor.py:208} INFO - Processing /home/airflow/.local/lib/python3.12/site-packages/airflow/example_dags/tutorial_dag.py took 0.049 seconds
[2025-03-18T23:46:53.750+0000] {processor.py:186} INFO - Started process (PID=467) to work on /home/airflow/.local/lib/python3.12/site-packages/airflow/example_dags/tutorial_dag.py
[2025-03-18T23:46:53.751+0000] {processor.py:914} INFO - Processing file /home/airflow/.local/lib/python3.12/site-packages/airflow/example_dags/tutorial_dag.py for tasks to queue
[2025-03-18T23:46:53.752+0000] {logging_mixin.py:190} INFO - [2025-03-18T23:46:53.752+0000] {dagbag.py:588} INFO - Filling up the DagBag from /home/airflow/.local/lib/python3.12/site-packages/airflow/example_dags/tutorial_dag.py
[2025-03-18T23:46:53.756+0000] {processor.py:925} INFO - DAG(s) 'tutorial_dag' retrieved from /home/airflow/.local/lib/python3.12/site-packages/airflow/example_dags/tutorial_dag.py
[2025-03-18T23:46:53.774+0000] {logging_mixin.py:190} INFO - [2025-03-18T23:46:53.774+0000] {dag.py:3239} INFO - Sync 1 DAGs
[2025-03-18T23:46:53.790+0000] {logging_mixin.py:190} INFO - [2025-03-18T23:46:53.790+0000] {dag.py:4180} INFO - Setting next_dagrun for tutorial_dag to None, run_after=None
[2025-03-18T23:46:53.811+0000] {processor.py:208} INFO - Processing /home/airflow/.local/lib/python3.12/site-packages/airflow/example_dags/tutorial_dag.py took 0.065 seconds
[2025-03-18T23:47:24.690+0000] {processor.py:186} INFO - Started process (PID=530) to work on /home/airflow/.local/lib/python3.12/site-packages/airflow/example_dags/tutorial_dag.py
[2025-03-18T23:47:24.690+0000] {processor.py:914} INFO - Processing file /home/airflow/.local/lib/python3.12/site-packages/airflow/example_dags/tutorial_dag.py for tasks to queue
[2025-03-18T23:47:24.691+0000] {logging_mixin.py:190} INFO - [2025-03-18T23:47:24.691+0000] {dagbag.py:588} INFO - Filling up the DagBag from /home/airflow/.local/lib/python3.12/site-packages/airflow/example_dags/tutorial_dag.py
[2025-03-18T23:47:24.696+0000] {processor.py:925} INFO - DAG(s) 'tutorial_dag' retrieved from /home/airflow/.local/lib/python3.12/site-packages/airflow/example_dags/tutorial_dag.py
[2025-03-18T23:47:24.709+0000] {logging_mixin.py:190} INFO - [2025-03-18T23:47:24.709+0000] {dag.py:3239} INFO - Sync 1 DAGs
[2025-03-18T23:47:24.719+0000] {logging_mixin.py:190} INFO - [2025-03-18T23:47:24.719+0000] {dag.py:4180} INFO - Setting next_dagrun for tutorial_dag to None, run_after=None
[2025-03-18T23:47:24.734+0000] {processor.py:208} INFO - Processing /home/airflow/.local/lib/python3.12/site-packages/airflow/example_dags/tutorial_dag.py took 0.048 seconds
[2025-03-18T23:47:55.022+0000] {processor.py:186} INFO - Started process (PID=593) to work on /home/airflow/.local/lib/python3.12/site-packages/airflow/example_dags/tutorial_dag.py
[2025-03-18T23:47:55.023+0000] {processor.py:914} INFO - Processing file /home/airflow/.local/lib/python3.12/site-packages/airflow/example_dags/tutorial_dag.py for tasks to queue
[2025-03-18T23:47:55.024+0000] {logging_mixin.py:190} INFO - [2025-03-18T23:47:55.024+0000] {dagbag.py:588} INFO - Filling up the DagBag from /home/airflow/.local/lib/python3.12/site-packages/airflow/example_dags/tutorial_dag.py
[2025-03-18T23:47:55.029+0000] {processor.py:925} INFO - DAG(s) 'tutorial_dag' retrieved from /home/airflow/.local/lib/python3.12/site-packages/airflow/example_dags/tutorial_dag.py
[2025-03-18T23:47:55.042+0000] {logging_mixin.py:190} INFO - [2025-03-18T23:47:55.041+0000] {dag.py:3239} INFO - Sync 1 DAGs
[2025-03-18T23:47:55.052+0000] {logging_mixin.py:190} INFO - [2025-03-18T23:47:55.052+0000] {dag.py:4180} INFO - Setting next_dagrun for tutorial_dag to None, run_after=None
[2025-03-18T23:47:55.064+0000] {processor.py:208} INFO - Processing /home/airflow/.local/lib/python3.12/site-packages/airflow/example_dags/tutorial_dag.py took 0.045 seconds
[2025-03-18T23:48:25.415+0000] {processor.py:186} INFO - Started process (PID=655) to work on /home/airflow/.local/lib/python3.12/site-packages/airflow/example_dags/tutorial_dag.py
[2025-03-18T23:48:25.415+0000] {processor.py:914} INFO - Processing file /home/airflow/.local/lib/python3.12/site-packages/airflow/example_dags/tutorial_dag.py for tasks to queue
[2025-03-18T23:48:25.417+0000] {logging_mixin.py:190} INFO - [2025-03-18T23:48:25.417+0000] {dagbag.py:588} INFO - Filling up the DagBag from /home/airflow/.local/lib/python3.12/site-packages/airflow/example_dags/tutorial_dag.py
[2025-03-18T23:48:25.422+0000] {processor.py:925} INFO - DAG(s) 'tutorial_dag' retrieved from /home/airflow/.local/lib/python3.12/site-packages/airflow/example_dags/tutorial_dag.py
[2025-03-18T23:48:25.434+0000] {logging_mixin.py:190} INFO - [2025-03-18T23:48:25.434+0000] {dag.py:3239} INFO - Sync 1 DAGs
[2025-03-18T23:48:25.444+0000] {logging_mixin.py:190} INFO - [2025-03-18T23:48:25.444+0000] {dag.py:4180} INFO - Setting next_dagrun for tutorial_dag to None, run_after=None
[2025-03-18T23:48:25.456+0000] {processor.py:208} INFO - Processing /home/airflow/.local/lib/python3.12/site-packages/airflow/example_dags/tutorial_dag.py took 0.045 seconds
[2025-03-18T23:48:55.673+0000] {processor.py:186} INFO - Started process (PID=718) to work on /home/airflow/.local/lib/python3.12/site-packages/airflow/example_dags/tutorial_dag.py
[2025-03-18T23:48:55.673+0000] {processor.py:914} INFO - Processing file /home/airflow/.local/lib/python3.12/site-packages/airflow/example_dags/tutorial_dag.py for tasks to queue
[2025-03-18T23:48:55.675+0000] {logging_mixin.py:190} INFO - [2025-03-18T23:48:55.675+0000] {dagbag.py:588} INFO - Filling up the DagBag from /home/airflow/.local/lib/python3.12/site-packages/airflow/example_dags/tutorial_dag.py
[2025-03-18T23:48:55.680+0000] {processor.py:925} INFO - DAG(s) 'tutorial_dag' retrieved from /home/airflow/.local/lib/python3.12/site-packages/airflow/example_dags/tutorial_dag.py
[2025-03-18T23:48:55.694+0000] {logging_mixin.py:190} INFO - [2025-03-18T23:48:55.694+0000] {dag.py:3239} INFO - Sync 1 DAGs
[2025-03-18T23:48:55.703+0000] {logging_mixin.py:190} INFO - [2025-03-18T23:48:55.703+0000] {dag.py:4180} INFO - Setting next_dagrun for tutorial_dag to None, run_after=None
[2025-03-18T23:48:55.717+0000] {processor.py:208} INFO - Processing /home/airflow/.local/lib/python3.12/site-packages/airflow/example_dags/tutorial_dag.py took 0.048 seconds
[2025-03-18T23:49:26.615+0000] {processor.py:186} INFO - Started process (PID=780) to work on /home/airflow/.local/lib/python3.12/site-packages/airflow/example_dags/tutorial_dag.py
[2025-03-18T23:49:26.615+0000] {processor.py:914} INFO - Processing file /home/airflow/.local/lib/python3.12/site-packages/airflow/example_dags/tutorial_dag.py for tasks to queue
[2025-03-18T23:49:26.617+0000] {logging_mixin.py:190} INFO - [2025-03-18T23:49:26.616+0000] {dagbag.py:588} INFO - Filling up the DagBag from /home/airflow/.local/lib/python3.12/site-packages/airflow/example_dags/tutorial_dag.py
[2025-03-18T23:49:26.621+0000] {processor.py:925} INFO - DAG(s) 'tutorial_dag' retrieved from /home/airflow/.local/lib/python3.12/site-packages/airflow/example_dags/tutorial_dag.py
[2025-03-18T23:49:26.634+0000] {logging_mixin.py:190} INFO - [2025-03-18T23:49:26.633+0000] {dag.py:3239} INFO - Sync 1 DAGs
[2025-03-18T23:49:26.644+0000] {logging_mixin.py:190} INFO - [2025-03-18T23:49:26.643+0000] {dag.py:4180} INFO - Setting next_dagrun for tutorial_dag to None, run_after=None
[2025-03-18T23:49:26.657+0000] {processor.py:208} INFO - Processing /home/airflow/.local/lib/python3.12/site-packages/airflow/example_dags/tutorial_dag.py took 0.045 seconds
[2025-03-18T23:49:57.706+0000] {processor.py:186} INFO - Started process (PID=843) to work on /home/airflow/.local/lib/python3.12/site-packages/airflow/example_dags/tutorial_dag.py
[2025-03-18T23:49:57.707+0000] {processor.py:914} INFO - Processing file /home/airflow/.local/lib/python3.12/site-packages/airflow/example_dags/tutorial_dag.py for tasks to queue
[2025-03-18T23:49:57.708+0000] {logging_mixin.py:190} INFO - [2025-03-18T23:49:57.708+0000] {dagbag.py:588} INFO - Filling up the DagBag from /home/airflow/.local/lib/python3.12/site-packages/airflow/example_dags/tutorial_dag.py
[2025-03-18T23:49:57.713+0000] {processor.py:925} INFO - DAG(s) 'tutorial_dag' retrieved from /home/airflow/.local/lib/python3.12/site-packages/airflow/example_dags/tutorial_dag.py
[2025-03-18T23:49:57.725+0000] {logging_mixin.py:190} INFO - [2025-03-18T23:49:57.725+0000] {dag.py:3239} INFO - Sync 1 DAGs
[2025-03-18T23:49:57.735+0000] {logging_mixin.py:190} INFO - [2025-03-18T23:49:57.735+0000] {dag.py:4180} INFO - Setting next_dagrun for tutorial_dag to None, run_after=None
[2025-03-18T23:49:57.748+0000] {processor.py:208} INFO - Processing /home/airflow/.local/lib/python3.12/site-packages/airflow/example_dags/tutorial_dag.py took 0.045 seconds
