[2025-03-18T23:43:51.132+0000] {processor.py:186} INFO - Started process (PID=114) to work on /home/airflow/.local/lib/python3.12/site-packages/airflow/example_dags/tutorial.py
[2025-03-18T23:43:51.132+0000] {processor.py:914} INFO - Processing file /home/airflow/.local/lib/python3.12/site-packages/airflow/example_dags/tutorial.py for tasks to queue
[2025-03-18T23:43:51.133+0000] {logging_mixin.py:190} INFO - [2025-03-18T23:43:51.133+0000] {dagbag.py:588} INFO - Filling up the DagBag from /home/airflow/.local/lib/python3.12/site-packages/airflow/example_dags/tutorial.py
[2025-03-18T23:43:51.139+0000] {processor.py:925} INFO - DAG(s) 'tutorial' retrieved from /home/airflow/.local/lib/python3.12/site-packages/airflow/example_dags/tutorial.py
[2025-03-18T23:43:51.210+0000] {logging_mixin.py:190} INFO - [2025-03-18T23:43:51.210+0000] {override.py:1912} INFO - Created Permission View: can delete on DAG:tutorial
[2025-03-18T23:43:51.217+0000] {logging_mixin.py:190} INFO - [2025-03-18T23:43:51.216+0000] {override.py:1912} INFO - Created Permission View: can read on DAG:tutorial
[2025-03-18T23:43:51.221+0000] {logging_mixin.py:190} INFO - [2025-03-18T23:43:51.221+0000] {override.py:1912} INFO - Created Permission View: can edit on DAG:tutorial
[2025-03-18T23:43:51.226+0000] {logging_mixin.py:190} INFO - [2025-03-18T23:43:51.226+0000] {override.py:1912} INFO - Created Permission View: can delete on DAG Run:tutorial
[2025-03-18T23:43:51.230+0000] {logging_mixin.py:190} INFO - [2025-03-18T23:43:51.230+0000] {override.py:1912} INFO - Created Permission View: can read on DAG Run:tutorial
[2025-03-18T23:43:51.234+0000] {logging_mixin.py:190} INFO - [2025-03-18T23:43:51.234+0000] {override.py:1912} INFO - Created Permission View: can create on DAG Run:tutorial
[2025-03-18T23:43:51.238+0000] {logging_mixin.py:190} INFO - [2025-03-18T23:43:51.238+0000] {override.py:1912} INFO - Created Permission View: menu access on DAG Run:tutorial
[2025-03-18T23:43:51.239+0000] {logging_mixin.py:190} INFO - [2025-03-18T23:43:51.239+0000] {dag.py:3239} INFO - Sync 1 DAGs
[2025-03-18T23:43:51.247+0000] {logging_mixin.py:190} INFO - [2025-03-18T23:43:51.247+0000] {dag.py:3262} INFO - Creating ORM DAG for tutorial
[2025-03-18T23:43:51.253+0000] {logging_mixin.py:190} INFO - [2025-03-18T23:43:51.253+0000] {dag.py:4180} INFO - Setting next_dagrun for tutorial to 2025-03-17 00:00:00+00:00, run_after=2025-03-18 00:00:00+00:00
[2025-03-18T23:43:51.263+0000] {processor.py:208} INFO - Processing /home/airflow/.local/lib/python3.12/site-packages/airflow/example_dags/tutorial.py took 0.135 seconds
[2025-03-18T23:44:21.461+0000] {processor.py:186} INFO - Started process (PID=177) to work on /home/airflow/.local/lib/python3.12/site-packages/airflow/example_dags/tutorial.py
[2025-03-18T23:44:21.461+0000] {processor.py:914} INFO - Processing file /home/airflow/.local/lib/python3.12/site-packages/airflow/example_dags/tutorial.py for tasks to queue
[2025-03-18T23:44:21.463+0000] {logging_mixin.py:190} INFO - [2025-03-18T23:44:21.462+0000] {dagbag.py:588} INFO - Filling up the DagBag from /home/airflow/.local/lib/python3.12/site-packages/airflow/example_dags/tutorial.py
[2025-03-18T23:44:21.468+0000] {processor.py:925} INFO - DAG(s) 'tutorial' retrieved from /home/airflow/.local/lib/python3.12/site-packages/airflow/example_dags/tutorial.py
[2025-03-18T23:44:21.481+0000] {logging_mixin.py:190} INFO - [2025-03-18T23:44:21.481+0000] {dag.py:3239} INFO - Sync 1 DAGs
[2025-03-18T23:44:21.497+0000] {logging_mixin.py:190} INFO - [2025-03-18T23:44:21.497+0000] {dag.py:4180} INFO - Setting next_dagrun for tutorial to 2025-03-17 00:00:00+00:00, run_after=2025-03-18 00:00:00+00:00
[2025-03-18T23:44:21.509+0000] {processor.py:208} INFO - Processing /home/airflow/.local/lib/python3.12/site-packages/airflow/example_dags/tutorial.py took 0.052 seconds
[2025-03-18T23:44:52.268+0000] {processor.py:186} INFO - Started process (PID=240) to work on /home/airflow/.local/lib/python3.12/site-packages/airflow/example_dags/tutorial.py
[2025-03-18T23:44:52.270+0000] {processor.py:914} INFO - Processing file /home/airflow/.local/lib/python3.12/site-packages/airflow/example_dags/tutorial.py for tasks to queue
[2025-03-18T23:44:52.272+0000] {logging_mixin.py:190} INFO - [2025-03-18T23:44:52.272+0000] {dagbag.py:588} INFO - Filling up the DagBag from /home/airflow/.local/lib/python3.12/site-packages/airflow/example_dags/tutorial.py
[2025-03-18T23:44:52.278+0000] {processor.py:925} INFO - DAG(s) 'tutorial' retrieved from /home/airflow/.local/lib/python3.12/site-packages/airflow/example_dags/tutorial.py
[2025-03-18T23:44:52.296+0000] {logging_mixin.py:190} INFO - [2025-03-18T23:44:52.296+0000] {dag.py:3239} INFO - Sync 1 DAGs
[2025-03-18T23:44:52.315+0000] {logging_mixin.py:190} INFO - [2025-03-18T23:44:52.315+0000] {dag.py:4180} INFO - Setting next_dagrun for tutorial to 2025-03-17 00:00:00+00:00, run_after=2025-03-18 00:00:00+00:00
[2025-03-18T23:44:52.330+0000] {processor.py:208} INFO - Processing /home/airflow/.local/lib/python3.12/site-packages/airflow/example_dags/tutorial.py took 0.066 seconds
[2025-03-18T23:45:22.564+0000] {processor.py:186} INFO - Started process (PID=303) to work on /home/airflow/.local/lib/python3.12/site-packages/airflow/example_dags/tutorial.py
[2025-03-18T23:45:22.564+0000] {processor.py:914} INFO - Processing file /home/airflow/.local/lib/python3.12/site-packages/airflow/example_dags/tutorial.py for tasks to queue
[2025-03-18T23:45:22.565+0000] {logging_mixin.py:190} INFO - [2025-03-18T23:45:22.565+0000] {dagbag.py:588} INFO - Filling up the DagBag from /home/airflow/.local/lib/python3.12/site-packages/airflow/example_dags/tutorial.py
[2025-03-18T23:45:22.570+0000] {processor.py:925} INFO - DAG(s) 'tutorial' retrieved from /home/airflow/.local/lib/python3.12/site-packages/airflow/example_dags/tutorial.py
[2025-03-18T23:45:22.583+0000] {logging_mixin.py:190} INFO - [2025-03-18T23:45:22.583+0000] {dag.py:3239} INFO - Sync 1 DAGs
[2025-03-18T23:45:22.600+0000] {logging_mixin.py:190} INFO - [2025-03-18T23:45:22.599+0000] {dag.py:4180} INFO - Setting next_dagrun for tutorial to 2025-03-17 00:00:00+00:00, run_after=2025-03-18 00:00:00+00:00
[2025-03-18T23:45:22.612+0000] {processor.py:208} INFO - Processing /home/airflow/.local/lib/python3.12/site-packages/airflow/example_dags/tutorial.py took 0.052 seconds
[2025-03-18T23:45:53.842+0000] {processor.py:186} INFO - Started process (PID=366) to work on /home/airflow/.local/lib/python3.12/site-packages/airflow/example_dags/tutorial.py
[2025-03-18T23:45:53.843+0000] {processor.py:914} INFO - Processing file /home/airflow/.local/lib/python3.12/site-packages/airflow/example_dags/tutorial.py for tasks to queue
[2025-03-18T23:45:53.844+0000] {logging_mixin.py:190} INFO - [2025-03-18T23:45:53.844+0000] {dagbag.py:588} INFO - Filling up the DagBag from /home/airflow/.local/lib/python3.12/site-packages/airflow/example_dags/tutorial.py
[2025-03-18T23:45:53.849+0000] {processor.py:925} INFO - DAG(s) 'tutorial' retrieved from /home/airflow/.local/lib/python3.12/site-packages/airflow/example_dags/tutorial.py
[2025-03-18T23:45:53.863+0000] {logging_mixin.py:190} INFO - [2025-03-18T23:45:53.863+0000] {dag.py:3239} INFO - Sync 1 DAGs
[2025-03-18T23:45:53.879+0000] {logging_mixin.py:190} INFO - [2025-03-18T23:45:53.879+0000] {dag.py:4180} INFO - Setting next_dagrun for tutorial to 2025-03-17 00:00:00+00:00, run_after=2025-03-18 00:00:00+00:00
[2025-03-18T23:45:53.893+0000] {processor.py:208} INFO - Processing /home/airflow/.local/lib/python3.12/site-packages/airflow/example_dags/tutorial.py took 0.054 seconds
[2025-03-18T23:46:24.969+0000] {processor.py:186} INFO - Started process (PID=429) to work on /home/airflow/.local/lib/python3.12/site-packages/airflow/example_dags/tutorial.py
[2025-03-18T23:46:24.969+0000] {processor.py:914} INFO - Processing file /home/airflow/.local/lib/python3.12/site-packages/airflow/example_dags/tutorial.py for tasks to queue
[2025-03-18T23:46:24.970+0000] {logging_mixin.py:190} INFO - [2025-03-18T23:46:24.970+0000] {dagbag.py:588} INFO - Filling up the DagBag from /home/airflow/.local/lib/python3.12/site-packages/airflow/example_dags/tutorial.py
[2025-03-18T23:46:24.976+0000] {processor.py:925} INFO - DAG(s) 'tutorial' retrieved from /home/airflow/.local/lib/python3.12/site-packages/airflow/example_dags/tutorial.py
[2025-03-18T23:46:24.989+0000] {logging_mixin.py:190} INFO - [2025-03-18T23:46:24.989+0000] {dag.py:3239} INFO - Sync 1 DAGs
[2025-03-18T23:46:25.004+0000] {logging_mixin.py:190} INFO - [2025-03-18T23:46:25.004+0000] {dag.py:4180} INFO - Setting next_dagrun for tutorial to 2025-03-17 00:00:00+00:00, run_after=2025-03-18 00:00:00+00:00
[2025-03-18T23:46:25.016+0000] {processor.py:208} INFO - Processing /home/airflow/.local/lib/python3.12/site-packages/airflow/example_dags/tutorial.py took 0.051 seconds
[2025-03-18T23:46:56.408+0000] {processor.py:186} INFO - Started process (PID=492) to work on /home/airflow/.local/lib/python3.12/site-packages/airflow/example_dags/tutorial.py
[2025-03-18T23:46:56.409+0000] {processor.py:914} INFO - Processing file /home/airflow/.local/lib/python3.12/site-packages/airflow/example_dags/tutorial.py for tasks to queue
[2025-03-18T23:46:56.410+0000] {logging_mixin.py:190} INFO - [2025-03-18T23:46:56.410+0000] {dagbag.py:588} INFO - Filling up the DagBag from /home/airflow/.local/lib/python3.12/site-packages/airflow/example_dags/tutorial.py
[2025-03-18T23:46:56.415+0000] {processor.py:925} INFO - DAG(s) 'tutorial' retrieved from /home/airflow/.local/lib/python3.12/site-packages/airflow/example_dags/tutorial.py
[2025-03-18T23:46:56.428+0000] {logging_mixin.py:190} INFO - [2025-03-18T23:46:56.428+0000] {dag.py:3239} INFO - Sync 1 DAGs
[2025-03-18T23:46:56.443+0000] {logging_mixin.py:190} INFO - [2025-03-18T23:46:56.443+0000] {dag.py:4180} INFO - Setting next_dagrun for tutorial to 2025-03-17 00:00:00+00:00, run_after=2025-03-18 00:00:00+00:00
[2025-03-18T23:46:56.455+0000] {processor.py:208} INFO - Processing /home/airflow/.local/lib/python3.12/site-packages/airflow/example_dags/tutorial.py took 0.050 seconds
[2025-03-18T23:47:27.083+0000] {processor.py:186} INFO - Started process (PID=555) to work on /home/airflow/.local/lib/python3.12/site-packages/airflow/example_dags/tutorial.py
[2025-03-18T23:47:27.083+0000] {processor.py:914} INFO - Processing file /home/airflow/.local/lib/python3.12/site-packages/airflow/example_dags/tutorial.py for tasks to queue
[2025-03-18T23:47:27.084+0000] {logging_mixin.py:190} INFO - [2025-03-18T23:47:27.084+0000] {dagbag.py:588} INFO - Filling up the DagBag from /home/airflow/.local/lib/python3.12/site-packages/airflow/example_dags/tutorial.py
[2025-03-18T23:47:27.090+0000] {processor.py:925} INFO - DAG(s) 'tutorial' retrieved from /home/airflow/.local/lib/python3.12/site-packages/airflow/example_dags/tutorial.py
[2025-03-18T23:47:27.103+0000] {logging_mixin.py:190} INFO - [2025-03-18T23:47:27.103+0000] {dag.py:3239} INFO - Sync 1 DAGs
[2025-03-18T23:47:27.120+0000] {logging_mixin.py:190} INFO - [2025-03-18T23:47:27.120+0000] {dag.py:4180} INFO - Setting next_dagrun for tutorial to 2025-03-17 00:00:00+00:00, run_after=2025-03-18 00:00:00+00:00
[2025-03-18T23:47:27.133+0000] {processor.py:208} INFO - Processing /home/airflow/.local/lib/python3.12/site-packages/airflow/example_dags/tutorial.py took 0.054 seconds
[2025-03-18T23:47:58.478+0000] {processor.py:186} INFO - Started process (PID=618) to work on /home/airflow/.local/lib/python3.12/site-packages/airflow/example_dags/tutorial.py
[2025-03-18T23:47:58.479+0000] {processor.py:914} INFO - Processing file /home/airflow/.local/lib/python3.12/site-packages/airflow/example_dags/tutorial.py for tasks to queue
[2025-03-18T23:47:58.480+0000] {logging_mixin.py:190} INFO - [2025-03-18T23:47:58.480+0000] {dagbag.py:588} INFO - Filling up the DagBag from /home/airflow/.local/lib/python3.12/site-packages/airflow/example_dags/tutorial.py
[2025-03-18T23:47:58.485+0000] {processor.py:925} INFO - DAG(s) 'tutorial' retrieved from /home/airflow/.local/lib/python3.12/site-packages/airflow/example_dags/tutorial.py
[2025-03-18T23:47:58.497+0000] {logging_mixin.py:190} INFO - [2025-03-18T23:47:58.497+0000] {dag.py:3239} INFO - Sync 1 DAGs
[2025-03-18T23:47:58.513+0000] {logging_mixin.py:190} INFO - [2025-03-18T23:47:58.512+0000] {dag.py:4180} INFO - Setting next_dagrun for tutorial to 2025-03-17 00:00:00+00:00, run_after=2025-03-18 00:00:00+00:00
[2025-03-18T23:47:58.524+0000] {processor.py:208} INFO - Processing /home/airflow/.local/lib/python3.12/site-packages/airflow/example_dags/tutorial.py took 0.049 seconds
[2025-03-18T23:48:29.136+0000] {processor.py:186} INFO - Started process (PID=681) to work on /home/airflow/.local/lib/python3.12/site-packages/airflow/example_dags/tutorial.py
[2025-03-18T23:48:29.136+0000] {processor.py:914} INFO - Processing file /home/airflow/.local/lib/python3.12/site-packages/airflow/example_dags/tutorial.py for tasks to queue
[2025-03-18T23:48:29.137+0000] {logging_mixin.py:190} INFO - [2025-03-18T23:48:29.137+0000] {dagbag.py:588} INFO - Filling up the DagBag from /home/airflow/.local/lib/python3.12/site-packages/airflow/example_dags/tutorial.py
[2025-03-18T23:48:29.142+0000] {processor.py:925} INFO - DAG(s) 'tutorial' retrieved from /home/airflow/.local/lib/python3.12/site-packages/airflow/example_dags/tutorial.py
[2025-03-18T23:48:29.154+0000] {logging_mixin.py:190} INFO - [2025-03-18T23:48:29.154+0000] {dag.py:3239} INFO - Sync 1 DAGs
[2025-03-18T23:48:29.170+0000] {logging_mixin.py:190} INFO - [2025-03-18T23:48:29.170+0000] {dag.py:4180} INFO - Setting next_dagrun for tutorial to 2025-03-17 00:00:00+00:00, run_after=2025-03-18 00:00:00+00:00
[2025-03-18T23:48:29.182+0000] {processor.py:208} INFO - Processing /home/airflow/.local/lib/python3.12/site-packages/airflow/example_dags/tutorial.py took 0.050 seconds
[2025-03-18T23:49:00.266+0000] {processor.py:186} INFO - Started process (PID=744) to work on /home/airflow/.local/lib/python3.12/site-packages/airflow/example_dags/tutorial.py
[2025-03-18T23:49:00.266+0000] {processor.py:914} INFO - Processing file /home/airflow/.local/lib/python3.12/site-packages/airflow/example_dags/tutorial.py for tasks to queue
[2025-03-18T23:49:00.268+0000] {logging_mixin.py:190} INFO - [2025-03-18T23:49:00.267+0000] {dagbag.py:588} INFO - Filling up the DagBag from /home/airflow/.local/lib/python3.12/site-packages/airflow/example_dags/tutorial.py
[2025-03-18T23:49:00.275+0000] {processor.py:925} INFO - DAG(s) 'tutorial' retrieved from /home/airflow/.local/lib/python3.12/site-packages/airflow/example_dags/tutorial.py
[2025-03-18T23:49:00.290+0000] {logging_mixin.py:190} INFO - [2025-03-18T23:49:00.290+0000] {dag.py:3239} INFO - Sync 1 DAGs
[2025-03-18T23:49:00.307+0000] {logging_mixin.py:190} INFO - [2025-03-18T23:49:00.307+0000] {dag.py:4180} INFO - Setting next_dagrun for tutorial to 2025-03-17 00:00:00+00:00, run_after=2025-03-18 00:00:00+00:00
[2025-03-18T23:49:00.319+0000] {processor.py:208} INFO - Processing /home/airflow/.local/lib/python3.12/site-packages/airflow/example_dags/tutorial.py took 0.058 seconds
[2025-03-18T23:49:31.433+0000] {processor.py:186} INFO - Started process (PID=807) to work on /home/airflow/.local/lib/python3.12/site-packages/airflow/example_dags/tutorial.py
[2025-03-18T23:49:31.434+0000] {processor.py:914} INFO - Processing file /home/airflow/.local/lib/python3.12/site-packages/airflow/example_dags/tutorial.py for tasks to queue
[2025-03-18T23:49:31.435+0000] {logging_mixin.py:190} INFO - [2025-03-18T23:49:31.435+0000] {dagbag.py:588} INFO - Filling up the DagBag from /home/airflow/.local/lib/python3.12/site-packages/airflow/example_dags/tutorial.py
[2025-03-18T23:49:31.440+0000] {processor.py:925} INFO - DAG(s) 'tutorial' retrieved from /home/airflow/.local/lib/python3.12/site-packages/airflow/example_dags/tutorial.py
[2025-03-18T23:49:31.452+0000] {logging_mixin.py:190} INFO - [2025-03-18T23:49:31.452+0000] {dag.py:3239} INFO - Sync 1 DAGs
[2025-03-18T23:49:31.468+0000] {logging_mixin.py:190} INFO - [2025-03-18T23:49:31.468+0000] {dag.py:4180} INFO - Setting next_dagrun for tutorial to 2025-03-17 00:00:00+00:00, run_after=2025-03-18 00:00:00+00:00
[2025-03-18T23:49:31.480+0000] {processor.py:208} INFO - Processing /home/airflow/.local/lib/python3.12/site-packages/airflow/example_dags/tutorial.py took 0.050 seconds
[2025-03-18T23:50:02.530+0000] {processor.py:186} INFO - Started process (PID=870) to work on /home/airflow/.local/lib/python3.12/site-packages/airflow/example_dags/tutorial.py
[2025-03-18T23:50:02.530+0000] {processor.py:914} INFO - Processing file /home/airflow/.local/lib/python3.12/site-packages/airflow/example_dags/tutorial.py for tasks to queue
[2025-03-18T23:50:02.532+0000] {logging_mixin.py:190} INFO - [2025-03-18T23:50:02.532+0000] {dagbag.py:588} INFO - Filling up the DagBag from /home/airflow/.local/lib/python3.12/site-packages/airflow/example_dags/tutorial.py
[2025-03-18T23:50:02.538+0000] {processor.py:925} INFO - DAG(s) 'tutorial' retrieved from /home/airflow/.local/lib/python3.12/site-packages/airflow/example_dags/tutorial.py
[2025-03-18T23:50:02.551+0000] {logging_mixin.py:190} INFO - [2025-03-18T23:50:02.551+0000] {dag.py:3239} INFO - Sync 1 DAGs
[2025-03-18T23:50:02.569+0000] {logging_mixin.py:190} INFO - [2025-03-18T23:50:02.569+0000] {dag.py:4180} INFO - Setting next_dagrun for tutorial to 2025-03-17 00:00:00+00:00, run_after=2025-03-18 00:00:00+00:00
[2025-03-18T23:50:02.582+0000] {processor.py:208} INFO - Processing /home/airflow/.local/lib/python3.12/site-packages/airflow/example_dags/tutorial.py took 0.056 seconds
