[2025-03-19T00:11:55.743+0000] {processor.py:186} INFO - Started process (PID=110) to work on /home/airflow/.local/lib/python3.12/site-packages/airflow/example_dags/example_branch_labels.py
[2025-03-19T00:11:55.743+0000] {processor.py:914} INFO - Processing file /home/airflow/.local/lib/python3.12/site-packages/airflow/example_dags/example_branch_labels.py for tasks to queue
[2025-03-19T00:11:55.744+0000] {logging_mixin.py:190} INFO - [2025-03-19T00:11:55.744+0000] {dagbag.py:588} INFO - Filling up the DagBag from /home/airflow/.local/lib/python3.12/site-packages/airflow/example_dags/example_branch_labels.py
[2025-03-19T00:11:55.752+0000] {processor.py:925} INFO - DAG(s) 'example_branch_labels' retrieved from /home/airflow/.local/lib/python3.12/site-packages/airflow/example_dags/example_branch_labels.py
[2025-03-19T00:11:55.766+0000] {logging_mixin.py:190} INFO - [2025-03-19T00:11:55.766+0000] {dag.py:3239} INFO - Sync 1 DAGs
[2025-03-19T00:11:55.782+0000] {logging_mixin.py:190} INFO - [2025-03-19T00:11:55.782+0000] {dag.py:4180} INFO - Setting next_dagrun for example_branch_labels to 2025-03-18 00:00:00+00:00, run_after=2025-03-19 00:00:00+00:00
[2025-03-19T00:11:55.794+0000] {processor.py:208} INFO - Processing /home/airflow/.local/lib/python3.12/site-packages/airflow/example_dags/example_branch_labels.py took 0.055 seconds
[2025-03-19T00:12:26.885+0000] {processor.py:186} INFO - Started process (PID=173) to work on /home/airflow/.local/lib/python3.12/site-packages/airflow/example_dags/example_branch_labels.py
[2025-03-19T00:12:26.886+0000] {processor.py:914} INFO - Processing file /home/airflow/.local/lib/python3.12/site-packages/airflow/example_dags/example_branch_labels.py for tasks to queue
[2025-03-19T00:12:26.887+0000] {logging_mixin.py:190} INFO - [2025-03-19T00:12:26.887+0000] {dagbag.py:588} INFO - Filling up the DagBag from /home/airflow/.local/lib/python3.12/site-packages/airflow/example_dags/example_branch_labels.py
[2025-03-19T00:12:26.893+0000] {processor.py:925} INFO - DAG(s) 'example_branch_labels' retrieved from /home/airflow/.local/lib/python3.12/site-packages/airflow/example_dags/example_branch_labels.py
[2025-03-19T00:12:26.906+0000] {logging_mixin.py:190} INFO - [2025-03-19T00:12:26.906+0000] {dag.py:3239} INFO - Sync 1 DAGs
[2025-03-19T00:12:26.922+0000] {logging_mixin.py:190} INFO - [2025-03-19T00:12:26.922+0000] {dag.py:4180} INFO - Setting next_dagrun for example_branch_labels to 2025-03-18 00:00:00+00:00, run_after=2025-03-19 00:00:00+00:00
[2025-03-19T00:12:26.936+0000] {processor.py:208} INFO - Processing /home/airflow/.local/lib/python3.12/site-packages/airflow/example_dags/example_branch_labels.py took 0.055 seconds
[2025-03-19T00:12:57.936+0000] {processor.py:186} INFO - Started process (PID=236) to work on /home/airflow/.local/lib/python3.12/site-packages/airflow/example_dags/example_branch_labels.py
[2025-03-19T00:12:57.937+0000] {processor.py:914} INFO - Processing file /home/airflow/.local/lib/python3.12/site-packages/airflow/example_dags/example_branch_labels.py for tasks to queue
[2025-03-19T00:12:57.938+0000] {logging_mixin.py:190} INFO - [2025-03-19T00:12:57.938+0000] {dagbag.py:588} INFO - Filling up the DagBag from /home/airflow/.local/lib/python3.12/site-packages/airflow/example_dags/example_branch_labels.py
[2025-03-19T00:12:57.944+0000] {processor.py:925} INFO - DAG(s) 'example_branch_labels' retrieved from /home/airflow/.local/lib/python3.12/site-packages/airflow/example_dags/example_branch_labels.py
[2025-03-19T00:12:57.957+0000] {logging_mixin.py:190} INFO - [2025-03-19T00:12:57.957+0000] {dag.py:3239} INFO - Sync 1 DAGs
[2025-03-19T00:12:57.973+0000] {logging_mixin.py:190} INFO - [2025-03-19T00:12:57.973+0000] {dag.py:4180} INFO - Setting next_dagrun for example_branch_labels to 2025-03-18 00:00:00+00:00, run_after=2025-03-19 00:00:00+00:00
[2025-03-19T00:12:57.986+0000] {processor.py:208} INFO - Processing /home/airflow/.local/lib/python3.12/site-packages/airflow/example_dags/example_branch_labels.py took 0.053 seconds
[2025-03-19T00:13:29.136+0000] {processor.py:186} INFO - Started process (PID=299) to work on /home/airflow/.local/lib/python3.12/site-packages/airflow/example_dags/example_branch_labels.py
[2025-03-19T00:13:29.137+0000] {processor.py:914} INFO - Processing file /home/airflow/.local/lib/python3.12/site-packages/airflow/example_dags/example_branch_labels.py for tasks to queue
[2025-03-19T00:13:29.138+0000] {logging_mixin.py:190} INFO - [2025-03-19T00:13:29.138+0000] {dagbag.py:588} INFO - Filling up the DagBag from /home/airflow/.local/lib/python3.12/site-packages/airflow/example_dags/example_branch_labels.py
[2025-03-19T00:13:29.144+0000] {processor.py:925} INFO - DAG(s) 'example_branch_labels' retrieved from /home/airflow/.local/lib/python3.12/site-packages/airflow/example_dags/example_branch_labels.py
[2025-03-19T00:13:29.157+0000] {logging_mixin.py:190} INFO - [2025-03-19T00:13:29.157+0000] {dag.py:3239} INFO - Sync 1 DAGs
[2025-03-19T00:13:29.174+0000] {logging_mixin.py:190} INFO - [2025-03-19T00:13:29.174+0000] {dag.py:4180} INFO - Setting next_dagrun for example_branch_labels to 2025-03-18 00:00:00+00:00, run_after=2025-03-19 00:00:00+00:00
[2025-03-19T00:13:29.186+0000] {processor.py:208} INFO - Processing /home/airflow/.local/lib/python3.12/site-packages/airflow/example_dags/example_branch_labels.py took 0.053 seconds
[2025-03-19T00:14:00.011+0000] {processor.py:186} INFO - Started process (PID=362) to work on /home/airflow/.local/lib/python3.12/site-packages/airflow/example_dags/example_branch_labels.py
[2025-03-19T00:14:00.012+0000] {processor.py:914} INFO - Processing file /home/airflow/.local/lib/python3.12/site-packages/airflow/example_dags/example_branch_labels.py for tasks to queue
[2025-03-19T00:14:00.014+0000] {logging_mixin.py:190} INFO - [2025-03-19T00:14:00.013+0000] {dagbag.py:588} INFO - Filling up the DagBag from /home/airflow/.local/lib/python3.12/site-packages/airflow/example_dags/example_branch_labels.py
[2025-03-19T00:14:00.020+0000] {processor.py:925} INFO - DAG(s) 'example_branch_labels' retrieved from /home/airflow/.local/lib/python3.12/site-packages/airflow/example_dags/example_branch_labels.py
[2025-03-19T00:14:00.041+0000] {logging_mixin.py:190} INFO - [2025-03-19T00:14:00.041+0000] {dag.py:3239} INFO - Sync 1 DAGs
[2025-03-19T00:14:00.063+0000] {logging_mixin.py:190} INFO - [2025-03-19T00:14:00.063+0000] {dag.py:4180} INFO - Setting next_dagrun for example_branch_labels to 2025-03-18 00:00:00+00:00, run_after=2025-03-19 00:00:00+00:00
[2025-03-19T00:14:00.077+0000] {processor.py:208} INFO - Processing /home/airflow/.local/lib/python3.12/site-packages/airflow/example_dags/example_branch_labels.py took 0.071 seconds
[2025-03-19T00:14:30.602+0000] {processor.py:186} INFO - Started process (PID=425) to work on /home/airflow/.local/lib/python3.12/site-packages/airflow/example_dags/example_branch_labels.py
[2025-03-19T00:14:30.603+0000] {processor.py:914} INFO - Processing file /home/airflow/.local/lib/python3.12/site-packages/airflow/example_dags/example_branch_labels.py for tasks to queue
[2025-03-19T00:14:30.604+0000] {logging_mixin.py:190} INFO - [2025-03-19T00:14:30.604+0000] {dagbag.py:588} INFO - Filling up the DagBag from /home/airflow/.local/lib/python3.12/site-packages/airflow/example_dags/example_branch_labels.py
[2025-03-19T00:14:30.610+0000] {processor.py:925} INFO - DAG(s) 'example_branch_labels' retrieved from /home/airflow/.local/lib/python3.12/site-packages/airflow/example_dags/example_branch_labels.py
[2025-03-19T00:14:30.624+0000] {logging_mixin.py:190} INFO - [2025-03-19T00:14:30.623+0000] {dag.py:3239} INFO - Sync 1 DAGs
[2025-03-19T00:14:30.640+0000] {logging_mixin.py:190} INFO - [2025-03-19T00:14:30.639+0000] {dag.py:4180} INFO - Setting next_dagrun for example_branch_labels to 2025-03-18 00:00:00+00:00, run_after=2025-03-19 00:00:00+00:00
[2025-03-19T00:14:30.652+0000] {processor.py:208} INFO - Processing /home/airflow/.local/lib/python3.12/site-packages/airflow/example_dags/example_branch_labels.py took 0.053 seconds
[2025-03-19T00:15:01.229+0000] {processor.py:186} INFO - Started process (PID=488) to work on /home/airflow/.local/lib/python3.12/site-packages/airflow/example_dags/example_branch_labels.py
[2025-03-19T00:15:01.230+0000] {processor.py:914} INFO - Processing file /home/airflow/.local/lib/python3.12/site-packages/airflow/example_dags/example_branch_labels.py for tasks to queue
[2025-03-19T00:15:01.231+0000] {logging_mixin.py:190} INFO - [2025-03-19T00:15:01.231+0000] {dagbag.py:588} INFO - Filling up the DagBag from /home/airflow/.local/lib/python3.12/site-packages/airflow/example_dags/example_branch_labels.py
[2025-03-19T00:15:01.238+0000] {processor.py:925} INFO - DAG(s) 'example_branch_labels' retrieved from /home/airflow/.local/lib/python3.12/site-packages/airflow/example_dags/example_branch_labels.py
[2025-03-19T00:15:01.253+0000] {logging_mixin.py:190} INFO - [2025-03-19T00:15:01.253+0000] {dag.py:3239} INFO - Sync 1 DAGs
[2025-03-19T00:15:01.274+0000] {logging_mixin.py:190} INFO - [2025-03-19T00:15:01.273+0000] {dag.py:4180} INFO - Setting next_dagrun for example_branch_labels to 2025-03-18 00:00:00+00:00, run_after=2025-03-19 00:00:00+00:00
[2025-03-19T00:15:01.286+0000] {processor.py:208} INFO - Processing /home/airflow/.local/lib/python3.12/site-packages/airflow/example_dags/example_branch_labels.py took 0.061 seconds
[2025-03-19T00:15:31.826+0000] {processor.py:186} INFO - Started process (PID=551) to work on /home/airflow/.local/lib/python3.12/site-packages/airflow/example_dags/example_branch_labels.py
[2025-03-19T00:15:31.826+0000] {processor.py:914} INFO - Processing file /home/airflow/.local/lib/python3.12/site-packages/airflow/example_dags/example_branch_labels.py for tasks to queue
[2025-03-19T00:15:31.827+0000] {logging_mixin.py:190} INFO - [2025-03-19T00:15:31.827+0000] {dagbag.py:588} INFO - Filling up the DagBag from /home/airflow/.local/lib/python3.12/site-packages/airflow/example_dags/example_branch_labels.py
[2025-03-19T00:15:31.834+0000] {processor.py:925} INFO - DAG(s) 'example_branch_labels' retrieved from /home/airflow/.local/lib/python3.12/site-packages/airflow/example_dags/example_branch_labels.py
[2025-03-19T00:15:31.847+0000] {logging_mixin.py:190} INFO - [2025-03-19T00:15:31.847+0000] {dag.py:3239} INFO - Sync 1 DAGs
[2025-03-19T00:15:31.864+0000] {logging_mixin.py:190} INFO - [2025-03-19T00:15:31.864+0000] {dag.py:4180} INFO - Setting next_dagrun for example_branch_labels to 2025-03-18 00:00:00+00:00, run_after=2025-03-19 00:00:00+00:00
[2025-03-19T00:15:31.876+0000] {processor.py:208} INFO - Processing /home/airflow/.local/lib/python3.12/site-packages/airflow/example_dags/example_branch_labels.py took 0.054 seconds
[2025-03-19T00:16:02.391+0000] {processor.py:186} INFO - Started process (PID=614) to work on /home/airflow/.local/lib/python3.12/site-packages/airflow/example_dags/example_branch_labels.py
[2025-03-19T00:16:02.392+0000] {processor.py:914} INFO - Processing file /home/airflow/.local/lib/python3.12/site-packages/airflow/example_dags/example_branch_labels.py for tasks to queue
[2025-03-19T00:16:02.393+0000] {logging_mixin.py:190} INFO - [2025-03-19T00:16:02.393+0000] {dagbag.py:588} INFO - Filling up the DagBag from /home/airflow/.local/lib/python3.12/site-packages/airflow/example_dags/example_branch_labels.py
[2025-03-19T00:16:02.400+0000] {processor.py:925} INFO - DAG(s) 'example_branch_labels' retrieved from /home/airflow/.local/lib/python3.12/site-packages/airflow/example_dags/example_branch_labels.py
[2025-03-19T00:16:02.415+0000] {logging_mixin.py:190} INFO - [2025-03-19T00:16:02.415+0000] {dag.py:3239} INFO - Sync 1 DAGs
[2025-03-19T00:16:02.434+0000] {logging_mixin.py:190} INFO - [2025-03-19T00:16:02.434+0000] {dag.py:4180} INFO - Setting next_dagrun for example_branch_labels to 2025-03-18 00:00:00+00:00, run_after=2025-03-19 00:00:00+00:00
[2025-03-19T00:16:02.448+0000] {processor.py:208} INFO - Processing /home/airflow/.local/lib/python3.12/site-packages/airflow/example_dags/example_branch_labels.py took 0.060 seconds
[2025-03-19T00:16:32.912+0000] {processor.py:186} INFO - Started process (PID=677) to work on /home/airflow/.local/lib/python3.12/site-packages/airflow/example_dags/example_branch_labels.py
[2025-03-19T00:16:32.913+0000] {processor.py:914} INFO - Processing file /home/airflow/.local/lib/python3.12/site-packages/airflow/example_dags/example_branch_labels.py for tasks to queue
[2025-03-19T00:16:32.914+0000] {logging_mixin.py:190} INFO - [2025-03-19T00:16:32.914+0000] {dagbag.py:588} INFO - Filling up the DagBag from /home/airflow/.local/lib/python3.12/site-packages/airflow/example_dags/example_branch_labels.py
[2025-03-19T00:16:32.921+0000] {processor.py:925} INFO - DAG(s) 'example_branch_labels' retrieved from /home/airflow/.local/lib/python3.12/site-packages/airflow/example_dags/example_branch_labels.py
[2025-03-19T00:16:32.935+0000] {logging_mixin.py:190} INFO - [2025-03-19T00:16:32.935+0000] {dag.py:3239} INFO - Sync 1 DAGs
[2025-03-19T00:16:32.952+0000] {logging_mixin.py:190} INFO - [2025-03-19T00:16:32.952+0000] {dag.py:4180} INFO - Setting next_dagrun for example_branch_labels to 2025-03-18 00:00:00+00:00, run_after=2025-03-19 00:00:00+00:00
[2025-03-19T00:16:32.965+0000] {processor.py:208} INFO - Processing /home/airflow/.local/lib/python3.12/site-packages/airflow/example_dags/example_branch_labels.py took 0.056 seconds
[2025-03-19T00:17:03.464+0000] {processor.py:186} INFO - Started process (PID=740) to work on /home/airflow/.local/lib/python3.12/site-packages/airflow/example_dags/example_branch_labels.py
[2025-03-19T00:17:03.465+0000] {processor.py:914} INFO - Processing file /home/airflow/.local/lib/python3.12/site-packages/airflow/example_dags/example_branch_labels.py for tasks to queue
[2025-03-19T00:17:03.466+0000] {logging_mixin.py:190} INFO - [2025-03-19T00:17:03.466+0000] {dagbag.py:588} INFO - Filling up the DagBag from /home/airflow/.local/lib/python3.12/site-packages/airflow/example_dags/example_branch_labels.py
[2025-03-19T00:17:03.472+0000] {processor.py:925} INFO - DAG(s) 'example_branch_labels' retrieved from /home/airflow/.local/lib/python3.12/site-packages/airflow/example_dags/example_branch_labels.py
[2025-03-19T00:17:03.486+0000] {logging_mixin.py:190} INFO - [2025-03-19T00:17:03.486+0000] {dag.py:3239} INFO - Sync 1 DAGs
[2025-03-19T00:17:03.503+0000] {logging_mixin.py:190} INFO - [2025-03-19T00:17:03.503+0000] {dag.py:4180} INFO - Setting next_dagrun for example_branch_labels to 2025-03-18 00:00:00+00:00, run_after=2025-03-19 00:00:00+00:00
[2025-03-19T00:17:03.516+0000] {processor.py:208} INFO - Processing /home/airflow/.local/lib/python3.12/site-packages/airflow/example_dags/example_branch_labels.py took 0.056 seconds
[2025-03-19T00:17:34.870+0000] {processor.py:186} INFO - Started process (PID=803) to work on /home/airflow/.local/lib/python3.12/site-packages/airflow/example_dags/example_branch_labels.py
[2025-03-19T00:17:34.871+0000] {processor.py:914} INFO - Processing file /home/airflow/.local/lib/python3.12/site-packages/airflow/example_dags/example_branch_labels.py for tasks to queue
[2025-03-19T00:17:34.872+0000] {logging_mixin.py:190} INFO - [2025-03-19T00:17:34.872+0000] {dagbag.py:588} INFO - Filling up the DagBag from /home/airflow/.local/lib/python3.12/site-packages/airflow/example_dags/example_branch_labels.py
[2025-03-19T00:17:34.878+0000] {processor.py:925} INFO - DAG(s) 'example_branch_labels' retrieved from /home/airflow/.local/lib/python3.12/site-packages/airflow/example_dags/example_branch_labels.py
[2025-03-19T00:17:34.891+0000] {logging_mixin.py:190} INFO - [2025-03-19T00:17:34.891+0000] {dag.py:3239} INFO - Sync 1 DAGs
[2025-03-19T00:17:34.908+0000] {logging_mixin.py:190} INFO - [2025-03-19T00:17:34.908+0000] {dag.py:4180} INFO - Setting next_dagrun for example_branch_labels to 2025-03-18 00:00:00+00:00, run_after=2025-03-19 00:00:00+00:00
[2025-03-19T00:17:34.920+0000] {processor.py:208} INFO - Processing /home/airflow/.local/lib/python3.12/site-packages/airflow/example_dags/example_branch_labels.py took 0.053 seconds
[2025-03-19T00:18:06.252+0000] {processor.py:186} INFO - Started process (PID=866) to work on /home/airflow/.local/lib/python3.12/site-packages/airflow/example_dags/example_branch_labels.py
[2025-03-19T00:18:06.252+0000] {processor.py:914} INFO - Processing file /home/airflow/.local/lib/python3.12/site-packages/airflow/example_dags/example_branch_labels.py for tasks to queue
[2025-03-19T00:18:06.254+0000] {logging_mixin.py:190} INFO - [2025-03-19T00:18:06.253+0000] {dagbag.py:588} INFO - Filling up the DagBag from /home/airflow/.local/lib/python3.12/site-packages/airflow/example_dags/example_branch_labels.py
[2025-03-19T00:18:06.260+0000] {processor.py:925} INFO - DAG(s) 'example_branch_labels' retrieved from /home/airflow/.local/lib/python3.12/site-packages/airflow/example_dags/example_branch_labels.py
[2025-03-19T00:18:06.273+0000] {logging_mixin.py:190} INFO - [2025-03-19T00:18:06.273+0000] {dag.py:3239} INFO - Sync 1 DAGs
[2025-03-19T00:18:06.290+0000] {logging_mixin.py:190} INFO - [2025-03-19T00:18:06.290+0000] {dag.py:4180} INFO - Setting next_dagrun for example_branch_labels to 2025-03-18 00:00:00+00:00, run_after=2025-03-19 00:00:00+00:00
[2025-03-19T00:18:06.302+0000] {processor.py:208} INFO - Processing /home/airflow/.local/lib/python3.12/site-packages/airflow/example_dags/example_branch_labels.py took 0.053 seconds
[2025-03-19T00:18:36.958+0000] {processor.py:186} INFO - Started process (PID=929) to work on /home/airflow/.local/lib/python3.12/site-packages/airflow/example_dags/example_branch_labels.py
[2025-03-19T00:18:36.958+0000] {processor.py:914} INFO - Processing file /home/airflow/.local/lib/python3.12/site-packages/airflow/example_dags/example_branch_labels.py for tasks to queue
[2025-03-19T00:18:36.960+0000] {logging_mixin.py:190} INFO - [2025-03-19T00:18:36.959+0000] {dagbag.py:588} INFO - Filling up the DagBag from /home/airflow/.local/lib/python3.12/site-packages/airflow/example_dags/example_branch_labels.py
[2025-03-19T00:18:36.967+0000] {processor.py:925} INFO - DAG(s) 'example_branch_labels' retrieved from /home/airflow/.local/lib/python3.12/site-packages/airflow/example_dags/example_branch_labels.py
[2025-03-19T00:18:36.983+0000] {logging_mixin.py:190} INFO - [2025-03-19T00:18:36.983+0000] {dag.py:3239} INFO - Sync 1 DAGs
[2025-03-19T00:18:37.005+0000] {logging_mixin.py:190} INFO - [2025-03-19T00:18:37.005+0000] {dag.py:4180} INFO - Setting next_dagrun for example_branch_labels to 2025-03-18 00:00:00+00:00, run_after=2025-03-19 00:00:00+00:00
[2025-03-19T00:18:37.020+0000] {processor.py:208} INFO - Processing /home/airflow/.local/lib/python3.12/site-packages/airflow/example_dags/example_branch_labels.py took 0.066 seconds
[2025-03-19T00:19:08.398+0000] {processor.py:186} INFO - Started process (PID=991) to work on /home/airflow/.local/lib/python3.12/site-packages/airflow/example_dags/example_branch_labels.py
[2025-03-19T00:19:08.399+0000] {processor.py:914} INFO - Processing file /home/airflow/.local/lib/python3.12/site-packages/airflow/example_dags/example_branch_labels.py for tasks to queue
[2025-03-19T00:19:08.400+0000] {logging_mixin.py:190} INFO - [2025-03-19T00:19:08.400+0000] {dagbag.py:588} INFO - Filling up the DagBag from /home/airflow/.local/lib/python3.12/site-packages/airflow/example_dags/example_branch_labels.py
[2025-03-19T00:19:08.406+0000] {processor.py:925} INFO - DAG(s) 'example_branch_labels' retrieved from /home/airflow/.local/lib/python3.12/site-packages/airflow/example_dags/example_branch_labels.py
[2025-03-19T00:19:08.419+0000] {logging_mixin.py:190} INFO - [2025-03-19T00:19:08.419+0000] {dag.py:3239} INFO - Sync 1 DAGs
[2025-03-19T00:19:08.435+0000] {logging_mixin.py:190} INFO - [2025-03-19T00:19:08.435+0000] {dag.py:4180} INFO - Setting next_dagrun for example_branch_labels to 2025-03-18 00:00:00+00:00, run_after=2025-03-19 00:00:00+00:00
[2025-03-19T00:19:08.447+0000] {processor.py:208} INFO - Processing /home/airflow/.local/lib/python3.12/site-packages/airflow/example_dags/example_branch_labels.py took 0.052 seconds
[2025-03-19T00:19:39.460+0000] {processor.py:186} INFO - Started process (PID=1054) to work on /home/airflow/.local/lib/python3.12/site-packages/airflow/example_dags/example_branch_labels.py
[2025-03-19T00:19:39.460+0000] {processor.py:914} INFO - Processing file /home/airflow/.local/lib/python3.12/site-packages/airflow/example_dags/example_branch_labels.py for tasks to queue
[2025-03-19T00:19:39.461+0000] {logging_mixin.py:190} INFO - [2025-03-19T00:19:39.461+0000] {dagbag.py:588} INFO - Filling up the DagBag from /home/airflow/.local/lib/python3.12/site-packages/airflow/example_dags/example_branch_labels.py
[2025-03-19T00:19:39.469+0000] {processor.py:925} INFO - DAG(s) 'example_branch_labels' retrieved from /home/airflow/.local/lib/python3.12/site-packages/airflow/example_dags/example_branch_labels.py
[2025-03-19T00:19:39.483+0000] {logging_mixin.py:190} INFO - [2025-03-19T00:19:39.483+0000] {dag.py:3239} INFO - Sync 1 DAGs
[2025-03-19T00:19:39.500+0000] {logging_mixin.py:190} INFO - [2025-03-19T00:19:39.499+0000] {dag.py:4180} INFO - Setting next_dagrun for example_branch_labels to 2025-03-18 00:00:00+00:00, run_after=2025-03-19 00:00:00+00:00
[2025-03-19T00:19:39.511+0000] {processor.py:208} INFO - Processing /home/airflow/.local/lib/python3.12/site-packages/airflow/example_dags/example_branch_labels.py took 0.056 seconds
[2025-03-19T00:20:10.237+0000] {processor.py:186} INFO - Started process (PID=1117) to work on /home/airflow/.local/lib/python3.12/site-packages/airflow/example_dags/example_branch_labels.py
[2025-03-19T00:20:10.238+0000] {processor.py:914} INFO - Processing file /home/airflow/.local/lib/python3.12/site-packages/airflow/example_dags/example_branch_labels.py for tasks to queue
[2025-03-19T00:20:10.239+0000] {logging_mixin.py:190} INFO - [2025-03-19T00:20:10.239+0000] {dagbag.py:588} INFO - Filling up the DagBag from /home/airflow/.local/lib/python3.12/site-packages/airflow/example_dags/example_branch_labels.py
[2025-03-19T00:20:10.246+0000] {processor.py:925} INFO - DAG(s) 'example_branch_labels' retrieved from /home/airflow/.local/lib/python3.12/site-packages/airflow/example_dags/example_branch_labels.py
[2025-03-19T00:20:10.261+0000] {logging_mixin.py:190} INFO - [2025-03-19T00:20:10.261+0000] {dag.py:3239} INFO - Sync 1 DAGs
[2025-03-19T00:20:10.281+0000] {logging_mixin.py:190} INFO - [2025-03-19T00:20:10.281+0000] {dag.py:4180} INFO - Setting next_dagrun for example_branch_labels to 2025-03-18 00:00:00+00:00, run_after=2025-03-19 00:00:00+00:00
[2025-03-19T00:20:10.295+0000] {processor.py:208} INFO - Processing /home/airflow/.local/lib/python3.12/site-packages/airflow/example_dags/example_branch_labels.py took 0.064 seconds
[2025-03-19T00:20:41.615+0000] {processor.py:186} INFO - Started process (PID=1180) to work on /home/airflow/.local/lib/python3.12/site-packages/airflow/example_dags/example_branch_labels.py
[2025-03-19T00:20:41.615+0000] {processor.py:914} INFO - Processing file /home/airflow/.local/lib/python3.12/site-packages/airflow/example_dags/example_branch_labels.py for tasks to queue
[2025-03-19T00:20:41.617+0000] {logging_mixin.py:190} INFO - [2025-03-19T00:20:41.616+0000] {dagbag.py:588} INFO - Filling up the DagBag from /home/airflow/.local/lib/python3.12/site-packages/airflow/example_dags/example_branch_labels.py
[2025-03-19T00:20:41.623+0000] {processor.py:925} INFO - DAG(s) 'example_branch_labels' retrieved from /home/airflow/.local/lib/python3.12/site-packages/airflow/example_dags/example_branch_labels.py
[2025-03-19T00:20:41.636+0000] {logging_mixin.py:190} INFO - [2025-03-19T00:20:41.636+0000] {dag.py:3239} INFO - Sync 1 DAGs
[2025-03-19T00:20:41.653+0000] {logging_mixin.py:190} INFO - [2025-03-19T00:20:41.653+0000] {dag.py:4180} INFO - Setting next_dagrun for example_branch_labels to 2025-03-18 00:00:00+00:00, run_after=2025-03-19 00:00:00+00:00
[2025-03-19T00:20:41.666+0000] {processor.py:208} INFO - Processing /home/airflow/.local/lib/python3.12/site-packages/airflow/example_dags/example_branch_labels.py took 0.055 seconds
[2025-03-19T00:21:12.890+0000] {processor.py:186} INFO - Started process (PID=1243) to work on /home/airflow/.local/lib/python3.12/site-packages/airflow/example_dags/example_branch_labels.py
[2025-03-19T00:21:12.890+0000] {processor.py:914} INFO - Processing file /home/airflow/.local/lib/python3.12/site-packages/airflow/example_dags/example_branch_labels.py for tasks to queue
[2025-03-19T00:21:12.892+0000] {logging_mixin.py:190} INFO - [2025-03-19T00:21:12.891+0000] {dagbag.py:588} INFO - Filling up the DagBag from /home/airflow/.local/lib/python3.12/site-packages/airflow/example_dags/example_branch_labels.py
[2025-03-19T00:21:12.898+0000] {processor.py:925} INFO - DAG(s) 'example_branch_labels' retrieved from /home/airflow/.local/lib/python3.12/site-packages/airflow/example_dags/example_branch_labels.py
[2025-03-19T00:21:12.911+0000] {logging_mixin.py:190} INFO - [2025-03-19T00:21:12.911+0000] {dag.py:3239} INFO - Sync 1 DAGs
[2025-03-19T00:21:12.928+0000] {logging_mixin.py:190} INFO - [2025-03-19T00:21:12.928+0000] {dag.py:4180} INFO - Setting next_dagrun for example_branch_labels to 2025-03-18 00:00:00+00:00, run_after=2025-03-19 00:00:00+00:00
[2025-03-19T00:21:12.939+0000] {processor.py:208} INFO - Processing /home/airflow/.local/lib/python3.12/site-packages/airflow/example_dags/example_branch_labels.py took 0.053 seconds
[2025-03-19T00:21:44.198+0000] {processor.py:186} INFO - Started process (PID=1306) to work on /home/airflow/.local/lib/python3.12/site-packages/airflow/example_dags/example_branch_labels.py
[2025-03-19T00:21:44.199+0000] {processor.py:914} INFO - Processing file /home/airflow/.local/lib/python3.12/site-packages/airflow/example_dags/example_branch_labels.py for tasks to queue
[2025-03-19T00:21:44.200+0000] {logging_mixin.py:190} INFO - [2025-03-19T00:21:44.200+0000] {dagbag.py:588} INFO - Filling up the DagBag from /home/airflow/.local/lib/python3.12/site-packages/airflow/example_dags/example_branch_labels.py
[2025-03-19T00:21:44.206+0000] {processor.py:925} INFO - DAG(s) 'example_branch_labels' retrieved from /home/airflow/.local/lib/python3.12/site-packages/airflow/example_dags/example_branch_labels.py
[2025-03-19T00:21:44.219+0000] {logging_mixin.py:190} INFO - [2025-03-19T00:21:44.219+0000] {dag.py:3239} INFO - Sync 1 DAGs
[2025-03-19T00:21:44.236+0000] {logging_mixin.py:190} INFO - [2025-03-19T00:21:44.236+0000] {dag.py:4180} INFO - Setting next_dagrun for example_branch_labels to 2025-03-18 00:00:00+00:00, run_after=2025-03-19 00:00:00+00:00
[2025-03-19T00:21:44.247+0000] {processor.py:208} INFO - Processing /home/airflow/.local/lib/python3.12/site-packages/airflow/example_dags/example_branch_labels.py took 0.053 seconds
[2025-03-19T00:22:15.360+0000] {processor.py:186} INFO - Started process (PID=1369) to work on /home/airflow/.local/lib/python3.12/site-packages/airflow/example_dags/example_branch_labels.py
[2025-03-19T00:22:15.361+0000] {processor.py:914} INFO - Processing file /home/airflow/.local/lib/python3.12/site-packages/airflow/example_dags/example_branch_labels.py for tasks to queue
[2025-03-19T00:22:15.362+0000] {logging_mixin.py:190} INFO - [2025-03-19T00:22:15.362+0000] {dagbag.py:588} INFO - Filling up the DagBag from /home/airflow/.local/lib/python3.12/site-packages/airflow/example_dags/example_branch_labels.py
[2025-03-19T00:22:15.370+0000] {processor.py:925} INFO - DAG(s) 'example_branch_labels' retrieved from /home/airflow/.local/lib/python3.12/site-packages/airflow/example_dags/example_branch_labels.py
[2025-03-19T00:22:15.385+0000] {logging_mixin.py:190} INFO - [2025-03-19T00:22:15.385+0000] {dag.py:3239} INFO - Sync 1 DAGs
[2025-03-19T00:22:15.404+0000] {logging_mixin.py:190} INFO - [2025-03-19T00:22:15.404+0000] {dag.py:4180} INFO - Setting next_dagrun for example_branch_labels to 2025-03-18 00:00:00+00:00, run_after=2025-03-19 00:00:00+00:00
[2025-03-19T00:22:15.419+0000] {processor.py:208} INFO - Processing /home/airflow/.local/lib/python3.12/site-packages/airflow/example_dags/example_branch_labels.py took 0.063 seconds
[2025-03-19T00:22:46.539+0000] {processor.py:186} INFO - Started process (PID=1431) to work on /home/airflow/.local/lib/python3.12/site-packages/airflow/example_dags/example_branch_labels.py
[2025-03-19T00:22:46.540+0000] {processor.py:914} INFO - Processing file /home/airflow/.local/lib/python3.12/site-packages/airflow/example_dags/example_branch_labels.py for tasks to queue
[2025-03-19T00:22:46.541+0000] {logging_mixin.py:190} INFO - [2025-03-19T00:22:46.541+0000] {dagbag.py:588} INFO - Filling up the DagBag from /home/airflow/.local/lib/python3.12/site-packages/airflow/example_dags/example_branch_labels.py
[2025-03-19T00:22:46.548+0000] {processor.py:925} INFO - DAG(s) 'example_branch_labels' retrieved from /home/airflow/.local/lib/python3.12/site-packages/airflow/example_dags/example_branch_labels.py
[2025-03-19T00:22:46.561+0000] {logging_mixin.py:190} INFO - [2025-03-19T00:22:46.561+0000] {dag.py:3239} INFO - Sync 1 DAGs
[2025-03-19T00:22:46.578+0000] {logging_mixin.py:190} INFO - [2025-03-19T00:22:46.578+0000] {dag.py:4180} INFO - Setting next_dagrun for example_branch_labels to 2025-03-18 00:00:00+00:00, run_after=2025-03-19 00:00:00+00:00
[2025-03-19T00:22:46.590+0000] {processor.py:208} INFO - Processing /home/airflow/.local/lib/python3.12/site-packages/airflow/example_dags/example_branch_labels.py took 0.054 seconds
[2025-03-19T00:23:17.724+0000] {processor.py:186} INFO - Started process (PID=1495) to work on /home/airflow/.local/lib/python3.12/site-packages/airflow/example_dags/example_branch_labels.py
[2025-03-19T00:23:17.724+0000] {processor.py:914} INFO - Processing file /home/airflow/.local/lib/python3.12/site-packages/airflow/example_dags/example_branch_labels.py for tasks to queue
[2025-03-19T00:23:17.725+0000] {logging_mixin.py:190} INFO - [2025-03-19T00:23:17.725+0000] {dagbag.py:588} INFO - Filling up the DagBag from /home/airflow/.local/lib/python3.12/site-packages/airflow/example_dags/example_branch_labels.py
[2025-03-19T00:23:17.731+0000] {processor.py:925} INFO - DAG(s) 'example_branch_labels' retrieved from /home/airflow/.local/lib/python3.12/site-packages/airflow/example_dags/example_branch_labels.py
[2025-03-19T00:23:17.744+0000] {logging_mixin.py:190} INFO - [2025-03-19T00:23:17.744+0000] {dag.py:3239} INFO - Sync 1 DAGs
[2025-03-19T00:23:17.761+0000] {logging_mixin.py:190} INFO - [2025-03-19T00:23:17.761+0000] {dag.py:4180} INFO - Setting next_dagrun for example_branch_labels to 2025-03-18 00:00:00+00:00, run_after=2025-03-19 00:00:00+00:00
[2025-03-19T00:23:17.772+0000] {processor.py:208} INFO - Processing /home/airflow/.local/lib/python3.12/site-packages/airflow/example_dags/example_branch_labels.py took 0.052 seconds
[2025-03-19T00:23:48.888+0000] {processor.py:186} INFO - Started process (PID=1558) to work on /home/airflow/.local/lib/python3.12/site-packages/airflow/example_dags/example_branch_labels.py
[2025-03-19T00:23:48.888+0000] {processor.py:914} INFO - Processing file /home/airflow/.local/lib/python3.12/site-packages/airflow/example_dags/example_branch_labels.py for tasks to queue
[2025-03-19T00:23:48.889+0000] {logging_mixin.py:190} INFO - [2025-03-19T00:23:48.889+0000] {dagbag.py:588} INFO - Filling up the DagBag from /home/airflow/.local/lib/python3.12/site-packages/airflow/example_dags/example_branch_labels.py
[2025-03-19T00:23:48.896+0000] {processor.py:925} INFO - DAG(s) 'example_branch_labels' retrieved from /home/airflow/.local/lib/python3.12/site-packages/airflow/example_dags/example_branch_labels.py
[2025-03-19T00:23:48.909+0000] {logging_mixin.py:190} INFO - [2025-03-19T00:23:48.909+0000] {dag.py:3239} INFO - Sync 1 DAGs
[2025-03-19T00:23:48.926+0000] {logging_mixin.py:190} INFO - [2025-03-19T00:23:48.926+0000] {dag.py:4180} INFO - Setting next_dagrun for example_branch_labels to 2025-03-18 00:00:00+00:00, run_after=2025-03-19 00:00:00+00:00
[2025-03-19T00:23:48.937+0000] {processor.py:208} INFO - Processing /home/airflow/.local/lib/python3.12/site-packages/airflow/example_dags/example_branch_labels.py took 0.053 seconds
[2025-03-19T00:24:20.074+0000] {processor.py:186} INFO - Started process (PID=1621) to work on /home/airflow/.local/lib/python3.12/site-packages/airflow/example_dags/example_branch_labels.py
[2025-03-19T00:24:20.074+0000] {processor.py:914} INFO - Processing file /home/airflow/.local/lib/python3.12/site-packages/airflow/example_dags/example_branch_labels.py for tasks to queue
[2025-03-19T00:24:20.075+0000] {logging_mixin.py:190} INFO - [2025-03-19T00:24:20.075+0000] {dagbag.py:588} INFO - Filling up the DagBag from /home/airflow/.local/lib/python3.12/site-packages/airflow/example_dags/example_branch_labels.py
[2025-03-19T00:24:20.081+0000] {processor.py:925} INFO - DAG(s) 'example_branch_labels' retrieved from /home/airflow/.local/lib/python3.12/site-packages/airflow/example_dags/example_branch_labels.py
[2025-03-19T00:24:20.095+0000] {logging_mixin.py:190} INFO - [2025-03-19T00:24:20.094+0000] {dag.py:3239} INFO - Sync 1 DAGs
[2025-03-19T00:24:20.111+0000] {logging_mixin.py:190} INFO - [2025-03-19T00:24:20.111+0000] {dag.py:4180} INFO - Setting next_dagrun for example_branch_labels to 2025-03-18 00:00:00+00:00, run_after=2025-03-19 00:00:00+00:00
[2025-03-19T00:24:20.123+0000] {processor.py:208} INFO - Processing /home/airflow/.local/lib/python3.12/site-packages/airflow/example_dags/example_branch_labels.py took 0.052 seconds
[2025-03-19T00:24:51.099+0000] {processor.py:186} INFO - Started process (PID=1684) to work on /home/airflow/.local/lib/python3.12/site-packages/airflow/example_dags/example_branch_labels.py
[2025-03-19T00:24:51.100+0000] {processor.py:914} INFO - Processing file /home/airflow/.local/lib/python3.12/site-packages/airflow/example_dags/example_branch_labels.py for tasks to queue
[2025-03-19T00:24:51.101+0000] {logging_mixin.py:190} INFO - [2025-03-19T00:24:51.101+0000] {dagbag.py:588} INFO - Filling up the DagBag from /home/airflow/.local/lib/python3.12/site-packages/airflow/example_dags/example_branch_labels.py
[2025-03-19T00:24:51.107+0000] {processor.py:925} INFO - DAG(s) 'example_branch_labels' retrieved from /home/airflow/.local/lib/python3.12/site-packages/airflow/example_dags/example_branch_labels.py
[2025-03-19T00:24:51.119+0000] {logging_mixin.py:190} INFO - [2025-03-19T00:24:51.119+0000] {dag.py:3239} INFO - Sync 1 DAGs
[2025-03-19T00:24:51.135+0000] {logging_mixin.py:190} INFO - [2025-03-19T00:24:51.135+0000] {dag.py:4180} INFO - Setting next_dagrun for example_branch_labels to 2025-03-18 00:00:00+00:00, run_after=2025-03-19 00:00:00+00:00
[2025-03-19T00:24:51.147+0000] {processor.py:208} INFO - Processing /home/airflow/.local/lib/python3.12/site-packages/airflow/example_dags/example_branch_labels.py took 0.052 seconds
[2025-03-19T00:25:22.222+0000] {processor.py:186} INFO - Started process (PID=1747) to work on /home/airflow/.local/lib/python3.12/site-packages/airflow/example_dags/example_branch_labels.py
[2025-03-19T00:25:22.222+0000] {processor.py:914} INFO - Processing file /home/airflow/.local/lib/python3.12/site-packages/airflow/example_dags/example_branch_labels.py for tasks to queue
[2025-03-19T00:25:22.223+0000] {logging_mixin.py:190} INFO - [2025-03-19T00:25:22.223+0000] {dagbag.py:588} INFO - Filling up the DagBag from /home/airflow/.local/lib/python3.12/site-packages/airflow/example_dags/example_branch_labels.py
[2025-03-19T00:25:22.230+0000] {processor.py:925} INFO - DAG(s) 'example_branch_labels' retrieved from /home/airflow/.local/lib/python3.12/site-packages/airflow/example_dags/example_branch_labels.py
[2025-03-19T00:25:22.242+0000] {logging_mixin.py:190} INFO - [2025-03-19T00:25:22.242+0000] {dag.py:3239} INFO - Sync 1 DAGs
[2025-03-19T00:25:22.259+0000] {logging_mixin.py:190} INFO - [2025-03-19T00:25:22.259+0000] {dag.py:4180} INFO - Setting next_dagrun for example_branch_labels to 2025-03-18 00:00:00+00:00, run_after=2025-03-19 00:00:00+00:00
[2025-03-19T00:25:22.270+0000] {processor.py:208} INFO - Processing /home/airflow/.local/lib/python3.12/site-packages/airflow/example_dags/example_branch_labels.py took 0.053 seconds
[2025-03-19T00:25:53.040+0000] {processor.py:186} INFO - Started process (PID=1810) to work on /home/airflow/.local/lib/python3.12/site-packages/airflow/example_dags/example_branch_labels.py
[2025-03-19T00:25:53.040+0000] {processor.py:914} INFO - Processing file /home/airflow/.local/lib/python3.12/site-packages/airflow/example_dags/example_branch_labels.py for tasks to queue
[2025-03-19T00:25:53.041+0000] {logging_mixin.py:190} INFO - [2025-03-19T00:25:53.041+0000] {dagbag.py:588} INFO - Filling up the DagBag from /home/airflow/.local/lib/python3.12/site-packages/airflow/example_dags/example_branch_labels.py
[2025-03-19T00:25:53.048+0000] {processor.py:925} INFO - DAG(s) 'example_branch_labels' retrieved from /home/airflow/.local/lib/python3.12/site-packages/airflow/example_dags/example_branch_labels.py
[2025-03-19T00:25:53.061+0000] {logging_mixin.py:190} INFO - [2025-03-19T00:25:53.061+0000] {dag.py:3239} INFO - Sync 1 DAGs
[2025-03-19T00:25:53.078+0000] {logging_mixin.py:190} INFO - [2025-03-19T00:25:53.078+0000] {dag.py:4180} INFO - Setting next_dagrun for example_branch_labels to 2025-03-18 00:00:00+00:00, run_after=2025-03-19 00:00:00+00:00
[2025-03-19T00:25:53.091+0000] {processor.py:208} INFO - Processing /home/airflow/.local/lib/python3.12/site-packages/airflow/example_dags/example_branch_labels.py took 0.055 seconds
[2025-03-19T00:26:24.058+0000] {processor.py:186} INFO - Started process (PID=1872) to work on /home/airflow/.local/lib/python3.12/site-packages/airflow/example_dags/example_branch_labels.py
[2025-03-19T00:26:24.058+0000] {processor.py:914} INFO - Processing file /home/airflow/.local/lib/python3.12/site-packages/airflow/example_dags/example_branch_labels.py for tasks to queue
[2025-03-19T00:26:24.059+0000] {logging_mixin.py:190} INFO - [2025-03-19T00:26:24.059+0000] {dagbag.py:588} INFO - Filling up the DagBag from /home/airflow/.local/lib/python3.12/site-packages/airflow/example_dags/example_branch_labels.py
[2025-03-19T00:26:24.065+0000] {processor.py:925} INFO - DAG(s) 'example_branch_labels' retrieved from /home/airflow/.local/lib/python3.12/site-packages/airflow/example_dags/example_branch_labels.py
[2025-03-19T00:26:24.078+0000] {logging_mixin.py:190} INFO - [2025-03-19T00:26:24.078+0000] {dag.py:3239} INFO - Sync 1 DAGs
[2025-03-19T00:26:24.094+0000] {logging_mixin.py:190} INFO - [2025-03-19T00:26:24.094+0000] {dag.py:4180} INFO - Setting next_dagrun for example_branch_labels to 2025-03-18 00:00:00+00:00, run_after=2025-03-19 00:00:00+00:00
[2025-03-19T00:26:24.105+0000] {processor.py:208} INFO - Processing /home/airflow/.local/lib/python3.12/site-packages/airflow/example_dags/example_branch_labels.py took 0.051 seconds
[2025-03-19T00:26:55.210+0000] {processor.py:186} INFO - Started process (PID=1941) to work on /home/airflow/.local/lib/python3.12/site-packages/airflow/example_dags/example_branch_labels.py
[2025-03-19T00:26:55.211+0000] {processor.py:914} INFO - Processing file /home/airflow/.local/lib/python3.12/site-packages/airflow/example_dags/example_branch_labels.py for tasks to queue
[2025-03-19T00:26:55.212+0000] {logging_mixin.py:190} INFO - [2025-03-19T00:26:55.212+0000] {dagbag.py:588} INFO - Filling up the DagBag from /home/airflow/.local/lib/python3.12/site-packages/airflow/example_dags/example_branch_labels.py
[2025-03-19T00:26:55.218+0000] {processor.py:925} INFO - DAG(s) 'example_branch_labels' retrieved from /home/airflow/.local/lib/python3.12/site-packages/airflow/example_dags/example_branch_labels.py
[2025-03-19T00:26:55.231+0000] {logging_mixin.py:190} INFO - [2025-03-19T00:26:55.230+0000] {dag.py:3239} INFO - Sync 1 DAGs
[2025-03-19T00:26:55.246+0000] {logging_mixin.py:190} INFO - [2025-03-19T00:26:55.246+0000] {dag.py:4180} INFO - Setting next_dagrun for example_branch_labels to 2025-03-18 00:00:00+00:00, run_after=2025-03-19 00:00:00+00:00
[2025-03-19T00:26:55.257+0000] {processor.py:208} INFO - Processing /home/airflow/.local/lib/python3.12/site-packages/airflow/example_dags/example_branch_labels.py took 0.051 seconds
[2025-03-19T00:27:26.475+0000] {processor.py:186} INFO - Started process (PID=2004) to work on /home/airflow/.local/lib/python3.12/site-packages/airflow/example_dags/example_branch_labels.py
[2025-03-19T00:27:26.475+0000] {processor.py:914} INFO - Processing file /home/airflow/.local/lib/python3.12/site-packages/airflow/example_dags/example_branch_labels.py for tasks to queue
[2025-03-19T00:27:26.476+0000] {logging_mixin.py:190} INFO - [2025-03-19T00:27:26.476+0000] {dagbag.py:588} INFO - Filling up the DagBag from /home/airflow/.local/lib/python3.12/site-packages/airflow/example_dags/example_branch_labels.py
[2025-03-19T00:27:26.482+0000] {processor.py:925} INFO - DAG(s) 'example_branch_labels' retrieved from /home/airflow/.local/lib/python3.12/site-packages/airflow/example_dags/example_branch_labels.py
[2025-03-19T00:27:26.494+0000] {logging_mixin.py:190} INFO - [2025-03-19T00:27:26.494+0000] {dag.py:3239} INFO - Sync 1 DAGs
[2025-03-19T00:27:26.510+0000] {logging_mixin.py:190} INFO - [2025-03-19T00:27:26.510+0000] {dag.py:4180} INFO - Setting next_dagrun for example_branch_labels to 2025-03-18 00:00:00+00:00, run_after=2025-03-19 00:00:00+00:00
[2025-03-19T00:27:26.522+0000] {processor.py:208} INFO - Processing /home/airflow/.local/lib/python3.12/site-packages/airflow/example_dags/example_branch_labels.py took 0.051 seconds
[2025-03-19T00:27:57.805+0000] {processor.py:186} INFO - Started process (PID=2067) to work on /home/airflow/.local/lib/python3.12/site-packages/airflow/example_dags/example_branch_labels.py
[2025-03-19T00:27:57.806+0000] {processor.py:914} INFO - Processing file /home/airflow/.local/lib/python3.12/site-packages/airflow/example_dags/example_branch_labels.py for tasks to queue
[2025-03-19T00:27:57.807+0000] {logging_mixin.py:190} INFO - [2025-03-19T00:27:57.806+0000] {dagbag.py:588} INFO - Filling up the DagBag from /home/airflow/.local/lib/python3.12/site-packages/airflow/example_dags/example_branch_labels.py
[2025-03-19T00:27:57.813+0000] {processor.py:925} INFO - DAG(s) 'example_branch_labels' retrieved from /home/airflow/.local/lib/python3.12/site-packages/airflow/example_dags/example_branch_labels.py
[2025-03-19T00:27:57.826+0000] {logging_mixin.py:190} INFO - [2025-03-19T00:27:57.826+0000] {dag.py:3239} INFO - Sync 1 DAGs
[2025-03-19T00:27:57.842+0000] {logging_mixin.py:190} INFO - [2025-03-19T00:27:57.842+0000] {dag.py:4180} INFO - Setting next_dagrun for example_branch_labels to 2025-03-18 00:00:00+00:00, run_after=2025-03-19 00:00:00+00:00
[2025-03-19T00:27:57.854+0000] {processor.py:208} INFO - Processing /home/airflow/.local/lib/python3.12/site-packages/airflow/example_dags/example_branch_labels.py took 0.052 seconds
[2025-03-19T00:28:29.070+0000] {processor.py:186} INFO - Started process (PID=2130) to work on /home/airflow/.local/lib/python3.12/site-packages/airflow/example_dags/example_branch_labels.py
[2025-03-19T00:28:29.071+0000] {processor.py:914} INFO - Processing file /home/airflow/.local/lib/python3.12/site-packages/airflow/example_dags/example_branch_labels.py for tasks to queue
[2025-03-19T00:28:29.072+0000] {logging_mixin.py:190} INFO - [2025-03-19T00:28:29.072+0000] {dagbag.py:588} INFO - Filling up the DagBag from /home/airflow/.local/lib/python3.12/site-packages/airflow/example_dags/example_branch_labels.py
[2025-03-19T00:28:29.078+0000] {processor.py:925} INFO - DAG(s) 'example_branch_labels' retrieved from /home/airflow/.local/lib/python3.12/site-packages/airflow/example_dags/example_branch_labels.py
[2025-03-19T00:28:29.091+0000] {logging_mixin.py:190} INFO - [2025-03-19T00:28:29.091+0000] {dag.py:3239} INFO - Sync 1 DAGs
[2025-03-19T00:28:29.106+0000] {logging_mixin.py:190} INFO - [2025-03-19T00:28:29.106+0000] {dag.py:4180} INFO - Setting next_dagrun for example_branch_labels to 2025-03-18 00:00:00+00:00, run_after=2025-03-19 00:00:00+00:00
[2025-03-19T00:28:29.119+0000] {processor.py:208} INFO - Processing /home/airflow/.local/lib/python3.12/site-packages/airflow/example_dags/example_branch_labels.py took 0.052 seconds
[2025-03-19T00:29:00.248+0000] {processor.py:186} INFO - Started process (PID=2192) to work on /home/airflow/.local/lib/python3.12/site-packages/airflow/example_dags/example_branch_labels.py
[2025-03-19T00:29:00.249+0000] {processor.py:914} INFO - Processing file /home/airflow/.local/lib/python3.12/site-packages/airflow/example_dags/example_branch_labels.py for tasks to queue
[2025-03-19T00:29:00.250+0000] {logging_mixin.py:190} INFO - [2025-03-19T00:29:00.250+0000] {dagbag.py:588} INFO - Filling up the DagBag from /home/airflow/.local/lib/python3.12/site-packages/airflow/example_dags/example_branch_labels.py
[2025-03-19T00:29:00.256+0000] {processor.py:925} INFO - DAG(s) 'example_branch_labels' retrieved from /home/airflow/.local/lib/python3.12/site-packages/airflow/example_dags/example_branch_labels.py
[2025-03-19T00:29:00.269+0000] {logging_mixin.py:190} INFO - [2025-03-19T00:29:00.269+0000] {dag.py:3239} INFO - Sync 1 DAGs
[2025-03-19T00:29:00.285+0000] {logging_mixin.py:190} INFO - [2025-03-19T00:29:00.285+0000] {dag.py:4180} INFO - Setting next_dagrun for example_branch_labels to 2025-03-18 00:00:00+00:00, run_after=2025-03-19 00:00:00+00:00
[2025-03-19T00:29:00.297+0000] {processor.py:208} INFO - Processing /home/airflow/.local/lib/python3.12/site-packages/airflow/example_dags/example_branch_labels.py took 0.053 seconds
[2025-03-19T00:29:31.412+0000] {processor.py:186} INFO - Started process (PID=2255) to work on /home/airflow/.local/lib/python3.12/site-packages/airflow/example_dags/example_branch_labels.py
[2025-03-19T00:29:31.412+0000] {processor.py:914} INFO - Processing file /home/airflow/.local/lib/python3.12/site-packages/airflow/example_dags/example_branch_labels.py for tasks to queue
[2025-03-19T00:29:31.414+0000] {logging_mixin.py:190} INFO - [2025-03-19T00:29:31.413+0000] {dagbag.py:588} INFO - Filling up the DagBag from /home/airflow/.local/lib/python3.12/site-packages/airflow/example_dags/example_branch_labels.py
[2025-03-19T00:29:31.420+0000] {processor.py:925} INFO - DAG(s) 'example_branch_labels' retrieved from /home/airflow/.local/lib/python3.12/site-packages/airflow/example_dags/example_branch_labels.py
[2025-03-19T00:29:31.432+0000] {logging_mixin.py:190} INFO - [2025-03-19T00:29:31.432+0000] {dag.py:3239} INFO - Sync 1 DAGs
[2025-03-19T00:29:31.447+0000] {logging_mixin.py:190} INFO - [2025-03-19T00:29:31.447+0000] {dag.py:4180} INFO - Setting next_dagrun for example_branch_labels to 2025-03-18 00:00:00+00:00, run_after=2025-03-19 00:00:00+00:00
[2025-03-19T00:29:31.459+0000] {processor.py:208} INFO - Processing /home/airflow/.local/lib/python3.12/site-packages/airflow/example_dags/example_branch_labels.py took 0.051 seconds
[2025-03-19T00:30:02.664+0000] {processor.py:186} INFO - Started process (PID=2318) to work on /home/airflow/.local/lib/python3.12/site-packages/airflow/example_dags/example_branch_labels.py
[2025-03-19T00:30:02.665+0000] {processor.py:914} INFO - Processing file /home/airflow/.local/lib/python3.12/site-packages/airflow/example_dags/example_branch_labels.py for tasks to queue
[2025-03-19T00:30:02.666+0000] {logging_mixin.py:190} INFO - [2025-03-19T00:30:02.666+0000] {dagbag.py:588} INFO - Filling up the DagBag from /home/airflow/.local/lib/python3.12/site-packages/airflow/example_dags/example_branch_labels.py
[2025-03-19T00:30:02.672+0000] {processor.py:925} INFO - DAG(s) 'example_branch_labels' retrieved from /home/airflow/.local/lib/python3.12/site-packages/airflow/example_dags/example_branch_labels.py
[2025-03-19T00:30:02.685+0000] {logging_mixin.py:190} INFO - [2025-03-19T00:30:02.685+0000] {dag.py:3239} INFO - Sync 1 DAGs
[2025-03-19T00:30:02.700+0000] {logging_mixin.py:190} INFO - [2025-03-19T00:30:02.700+0000] {dag.py:4180} INFO - Setting next_dagrun for example_branch_labels to 2025-03-18 00:00:00+00:00, run_after=2025-03-19 00:00:00+00:00
[2025-03-19T00:30:02.712+0000] {processor.py:208} INFO - Processing /home/airflow/.local/lib/python3.12/site-packages/airflow/example_dags/example_branch_labels.py took 0.051 seconds
[2025-03-19T00:30:33.892+0000] {processor.py:186} INFO - Started process (PID=2381) to work on /home/airflow/.local/lib/python3.12/site-packages/airflow/example_dags/example_branch_labels.py
[2025-03-19T00:30:33.893+0000] {processor.py:914} INFO - Processing file /home/airflow/.local/lib/python3.12/site-packages/airflow/example_dags/example_branch_labels.py for tasks to queue
[2025-03-19T00:30:33.894+0000] {logging_mixin.py:190} INFO - [2025-03-19T00:30:33.894+0000] {dagbag.py:588} INFO - Filling up the DagBag from /home/airflow/.local/lib/python3.12/site-packages/airflow/example_dags/example_branch_labels.py
[2025-03-19T00:30:33.900+0000] {processor.py:925} INFO - DAG(s) 'example_branch_labels' retrieved from /home/airflow/.local/lib/python3.12/site-packages/airflow/example_dags/example_branch_labels.py
[2025-03-19T00:30:33.913+0000] {logging_mixin.py:190} INFO - [2025-03-19T00:30:33.913+0000] {dag.py:3239} INFO - Sync 1 DAGs
[2025-03-19T00:30:33.929+0000] {logging_mixin.py:190} INFO - [2025-03-19T00:30:33.929+0000] {dag.py:4180} INFO - Setting next_dagrun for example_branch_labels to 2025-03-18 00:00:00+00:00, run_after=2025-03-19 00:00:00+00:00
[2025-03-19T00:30:33.941+0000] {processor.py:208} INFO - Processing /home/airflow/.local/lib/python3.12/site-packages/airflow/example_dags/example_branch_labels.py took 0.053 seconds
[2025-03-19T00:31:04.361+0000] {processor.py:186} INFO - Started process (PID=2444) to work on /home/airflow/.local/lib/python3.12/site-packages/airflow/example_dags/example_branch_labels.py
[2025-03-19T00:31:04.362+0000] {processor.py:914} INFO - Processing file /home/airflow/.local/lib/python3.12/site-packages/airflow/example_dags/example_branch_labels.py for tasks to queue
[2025-03-19T00:31:04.363+0000] {logging_mixin.py:190} INFO - [2025-03-19T00:31:04.363+0000] {dagbag.py:588} INFO - Filling up the DagBag from /home/airflow/.local/lib/python3.12/site-packages/airflow/example_dags/example_branch_labels.py
[2025-03-19T00:31:04.369+0000] {processor.py:925} INFO - DAG(s) 'example_branch_labels' retrieved from /home/airflow/.local/lib/python3.12/site-packages/airflow/example_dags/example_branch_labels.py
[2025-03-19T00:31:04.382+0000] {logging_mixin.py:190} INFO - [2025-03-19T00:31:04.382+0000] {dag.py:3239} INFO - Sync 1 DAGs
[2025-03-19T00:31:04.399+0000] {logging_mixin.py:190} INFO - [2025-03-19T00:31:04.398+0000] {dag.py:4180} INFO - Setting next_dagrun for example_branch_labels to 2025-03-18 00:00:00+00:00, run_after=2025-03-19 00:00:00+00:00
[2025-03-19T00:31:04.410+0000] {processor.py:208} INFO - Processing /home/airflow/.local/lib/python3.12/site-packages/airflow/example_dags/example_branch_labels.py took 0.052 seconds
[2025-03-19T00:31:35.072+0000] {processor.py:186} INFO - Started process (PID=2507) to work on /home/airflow/.local/lib/python3.12/site-packages/airflow/example_dags/example_branch_labels.py
[2025-03-19T00:31:35.072+0000] {processor.py:914} INFO - Processing file /home/airflow/.local/lib/python3.12/site-packages/airflow/example_dags/example_branch_labels.py for tasks to queue
[2025-03-19T00:31:35.073+0000] {logging_mixin.py:190} INFO - [2025-03-19T00:31:35.073+0000] {dagbag.py:588} INFO - Filling up the DagBag from /home/airflow/.local/lib/python3.12/site-packages/airflow/example_dags/example_branch_labels.py
[2025-03-19T00:31:35.079+0000] {processor.py:925} INFO - DAG(s) 'example_branch_labels' retrieved from /home/airflow/.local/lib/python3.12/site-packages/airflow/example_dags/example_branch_labels.py
[2025-03-19T00:31:35.092+0000] {logging_mixin.py:190} INFO - [2025-03-19T00:31:35.092+0000] {dag.py:3239} INFO - Sync 1 DAGs
[2025-03-19T00:31:35.108+0000] {logging_mixin.py:190} INFO - [2025-03-19T00:31:35.108+0000] {dag.py:4180} INFO - Setting next_dagrun for example_branch_labels to 2025-03-18 00:00:00+00:00, run_after=2025-03-19 00:00:00+00:00
[2025-03-19T00:31:35.120+0000] {processor.py:208} INFO - Processing /home/airflow/.local/lib/python3.12/site-packages/airflow/example_dags/example_branch_labels.py took 0.052 seconds
[2025-03-19T00:32:06.248+0000] {processor.py:186} INFO - Started process (PID=2570) to work on /home/airflow/.local/lib/python3.12/site-packages/airflow/example_dags/example_branch_labels.py
[2025-03-19T00:32:06.248+0000] {processor.py:914} INFO - Processing file /home/airflow/.local/lib/python3.12/site-packages/airflow/example_dags/example_branch_labels.py for tasks to queue
[2025-03-19T00:32:06.249+0000] {logging_mixin.py:190} INFO - [2025-03-19T00:32:06.249+0000] {dagbag.py:588} INFO - Filling up the DagBag from /home/airflow/.local/lib/python3.12/site-packages/airflow/example_dags/example_branch_labels.py
[2025-03-19T00:32:06.256+0000] {processor.py:925} INFO - DAG(s) 'example_branch_labels' retrieved from /home/airflow/.local/lib/python3.12/site-packages/airflow/example_dags/example_branch_labels.py
[2025-03-19T00:32:06.271+0000] {logging_mixin.py:190} INFO - [2025-03-19T00:32:06.271+0000] {dag.py:3239} INFO - Sync 1 DAGs
[2025-03-19T00:32:06.288+0000] {logging_mixin.py:190} INFO - [2025-03-19T00:32:06.288+0000] {dag.py:4180} INFO - Setting next_dagrun for example_branch_labels to 2025-03-18 00:00:00+00:00, run_after=2025-03-19 00:00:00+00:00
[2025-03-19T00:32:06.303+0000] {processor.py:208} INFO - Processing /home/airflow/.local/lib/python3.12/site-packages/airflow/example_dags/example_branch_labels.py took 0.059 seconds
[2025-03-19T00:32:37.260+0000] {processor.py:186} INFO - Started process (PID=2633) to work on /home/airflow/.local/lib/python3.12/site-packages/airflow/example_dags/example_branch_labels.py
[2025-03-19T00:32:37.261+0000] {processor.py:914} INFO - Processing file /home/airflow/.local/lib/python3.12/site-packages/airflow/example_dags/example_branch_labels.py for tasks to queue
[2025-03-19T00:32:37.262+0000] {logging_mixin.py:190} INFO - [2025-03-19T00:32:37.262+0000] {dagbag.py:588} INFO - Filling up the DagBag from /home/airflow/.local/lib/python3.12/site-packages/airflow/example_dags/example_branch_labels.py
[2025-03-19T00:32:37.270+0000] {processor.py:925} INFO - DAG(s) 'example_branch_labels' retrieved from /home/airflow/.local/lib/python3.12/site-packages/airflow/example_dags/example_branch_labels.py
[2025-03-19T00:32:37.283+0000] {logging_mixin.py:190} INFO - [2025-03-19T00:32:37.283+0000] {dag.py:3239} INFO - Sync 1 DAGs
[2025-03-19T00:32:37.300+0000] {logging_mixin.py:190} INFO - [2025-03-19T00:32:37.300+0000] {dag.py:4180} INFO - Setting next_dagrun for example_branch_labels to 2025-03-18 00:00:00+00:00, run_after=2025-03-19 00:00:00+00:00
[2025-03-19T00:32:37.312+0000] {processor.py:208} INFO - Processing /home/airflow/.local/lib/python3.12/site-packages/airflow/example_dags/example_branch_labels.py took 0.055 seconds
[2025-03-19T00:33:08.408+0000] {processor.py:186} INFO - Started process (PID=2696) to work on /home/airflow/.local/lib/python3.12/site-packages/airflow/example_dags/example_branch_labels.py
[2025-03-19T00:33:08.408+0000] {processor.py:914} INFO - Processing file /home/airflow/.local/lib/python3.12/site-packages/airflow/example_dags/example_branch_labels.py for tasks to queue
[2025-03-19T00:33:08.409+0000] {logging_mixin.py:190} INFO - [2025-03-19T00:33:08.409+0000] {dagbag.py:588} INFO - Filling up the DagBag from /home/airflow/.local/lib/python3.12/site-packages/airflow/example_dags/example_branch_labels.py
[2025-03-19T00:33:08.416+0000] {processor.py:925} INFO - DAG(s) 'example_branch_labels' retrieved from /home/airflow/.local/lib/python3.12/site-packages/airflow/example_dags/example_branch_labels.py
[2025-03-19T00:33:08.431+0000] {logging_mixin.py:190} INFO - [2025-03-19T00:33:08.431+0000] {dag.py:3239} INFO - Sync 1 DAGs
[2025-03-19T00:33:08.450+0000] {logging_mixin.py:190} INFO - [2025-03-19T00:33:08.449+0000] {dag.py:4180} INFO - Setting next_dagrun for example_branch_labels to 2025-03-18 00:00:00+00:00, run_after=2025-03-19 00:00:00+00:00
[2025-03-19T00:33:08.466+0000] {processor.py:208} INFO - Processing /home/airflow/.local/lib/python3.12/site-packages/airflow/example_dags/example_branch_labels.py took 0.065 seconds
[2025-03-19T00:33:38.699+0000] {processor.py:186} INFO - Started process (PID=2759) to work on /home/airflow/.local/lib/python3.12/site-packages/airflow/example_dags/example_branch_labels.py
[2025-03-19T00:33:38.700+0000] {processor.py:914} INFO - Processing file /home/airflow/.local/lib/python3.12/site-packages/airflow/example_dags/example_branch_labels.py for tasks to queue
[2025-03-19T00:33:38.701+0000] {logging_mixin.py:190} INFO - [2025-03-19T00:33:38.701+0000] {dagbag.py:588} INFO - Filling up the DagBag from /home/airflow/.local/lib/python3.12/site-packages/airflow/example_dags/example_branch_labels.py
[2025-03-19T00:33:38.707+0000] {processor.py:925} INFO - DAG(s) 'example_branch_labels' retrieved from /home/airflow/.local/lib/python3.12/site-packages/airflow/example_dags/example_branch_labels.py
[2025-03-19T00:33:38.720+0000] {logging_mixin.py:190} INFO - [2025-03-19T00:33:38.720+0000] {dag.py:3239} INFO - Sync 1 DAGs
[2025-03-19T00:33:38.736+0000] {logging_mixin.py:190} INFO - [2025-03-19T00:33:38.736+0000] {dag.py:4180} INFO - Setting next_dagrun for example_branch_labels to 2025-03-18 00:00:00+00:00, run_after=2025-03-19 00:00:00+00:00
[2025-03-19T00:33:38.748+0000] {processor.py:208} INFO - Processing /home/airflow/.local/lib/python3.12/site-packages/airflow/example_dags/example_branch_labels.py took 0.052 seconds
[2025-03-19T00:34:09.667+0000] {processor.py:186} INFO - Started process (PID=2825) to work on /home/airflow/.local/lib/python3.12/site-packages/airflow/example_dags/example_branch_labels.py
[2025-03-19T00:34:09.667+0000] {processor.py:914} INFO - Processing file /home/airflow/.local/lib/python3.12/site-packages/airflow/example_dags/example_branch_labels.py for tasks to queue
[2025-03-19T00:34:09.669+0000] {logging_mixin.py:190} INFO - [2025-03-19T00:34:09.668+0000] {dagbag.py:588} INFO - Filling up the DagBag from /home/airflow/.local/lib/python3.12/site-packages/airflow/example_dags/example_branch_labels.py
[2025-03-19T00:34:09.675+0000] {processor.py:925} INFO - DAG(s) 'example_branch_labels' retrieved from /home/airflow/.local/lib/python3.12/site-packages/airflow/example_dags/example_branch_labels.py
[2025-03-19T00:34:09.689+0000] {logging_mixin.py:190} INFO - [2025-03-19T00:34:09.689+0000] {dag.py:3239} INFO - Sync 1 DAGs
[2025-03-19T00:34:09.707+0000] {logging_mixin.py:190} INFO - [2025-03-19T00:34:09.707+0000] {dag.py:4180} INFO - Setting next_dagrun for example_branch_labels to 2025-03-18 00:00:00+00:00, run_after=2025-03-19 00:00:00+00:00
[2025-03-19T00:34:09.720+0000] {processor.py:208} INFO - Processing /home/airflow/.local/lib/python3.12/site-packages/airflow/example_dags/example_branch_labels.py took 0.058 seconds
[2025-03-19T00:34:40.476+0000] {processor.py:186} INFO - Started process (PID=2888) to work on /home/airflow/.local/lib/python3.12/site-packages/airflow/example_dags/example_branch_labels.py
[2025-03-19T00:34:40.477+0000] {processor.py:914} INFO - Processing file /home/airflow/.local/lib/python3.12/site-packages/airflow/example_dags/example_branch_labels.py for tasks to queue
[2025-03-19T00:34:40.478+0000] {logging_mixin.py:190} INFO - [2025-03-19T00:34:40.478+0000] {dagbag.py:588} INFO - Filling up the DagBag from /home/airflow/.local/lib/python3.12/site-packages/airflow/example_dags/example_branch_labels.py
[2025-03-19T00:34:40.485+0000] {processor.py:925} INFO - DAG(s) 'example_branch_labels' retrieved from /home/airflow/.local/lib/python3.12/site-packages/airflow/example_dags/example_branch_labels.py
[2025-03-19T00:34:40.499+0000] {logging_mixin.py:190} INFO - [2025-03-19T00:34:40.499+0000] {dag.py:3239} INFO - Sync 1 DAGs
[2025-03-19T00:34:40.517+0000] {logging_mixin.py:190} INFO - [2025-03-19T00:34:40.517+0000] {dag.py:4180} INFO - Setting next_dagrun for example_branch_labels to 2025-03-18 00:00:00+00:00, run_after=2025-03-19 00:00:00+00:00
[2025-03-19T00:34:40.531+0000] {processor.py:208} INFO - Processing /home/airflow/.local/lib/python3.12/site-packages/airflow/example_dags/example_branch_labels.py took 0.059 seconds
[2025-03-19T00:35:12.231+0000] {processor.py:186} INFO - Started process (PID=2951) to work on /home/airflow/.local/lib/python3.12/site-packages/airflow/example_dags/example_branch_labels.py
[2025-03-19T00:35:12.231+0000] {processor.py:914} INFO - Processing file /home/airflow/.local/lib/python3.12/site-packages/airflow/example_dags/example_branch_labels.py for tasks to queue
[2025-03-19T00:35:12.232+0000] {logging_mixin.py:190} INFO - [2025-03-19T00:35:12.232+0000] {dagbag.py:588} INFO - Filling up the DagBag from /home/airflow/.local/lib/python3.12/site-packages/airflow/example_dags/example_branch_labels.py
[2025-03-19T00:35:12.239+0000] {processor.py:925} INFO - DAG(s) 'example_branch_labels' retrieved from /home/airflow/.local/lib/python3.12/site-packages/airflow/example_dags/example_branch_labels.py
[2025-03-19T00:35:12.253+0000] {logging_mixin.py:190} INFO - [2025-03-19T00:35:12.252+0000] {dag.py:3239} INFO - Sync 1 DAGs
[2025-03-19T00:35:12.269+0000] {logging_mixin.py:190} INFO - [2025-03-19T00:35:12.269+0000] {dag.py:4180} INFO - Setting next_dagrun for example_branch_labels to 2025-03-18 00:00:00+00:00, run_after=2025-03-19 00:00:00+00:00
[2025-03-19T00:35:12.281+0000] {processor.py:208} INFO - Processing /home/airflow/.local/lib/python3.12/site-packages/airflow/example_dags/example_branch_labels.py took 0.054 seconds
[2025-03-19T00:35:42.733+0000] {processor.py:186} INFO - Started process (PID=3014) to work on /home/airflow/.local/lib/python3.12/site-packages/airflow/example_dags/example_branch_labels.py
[2025-03-19T00:35:42.733+0000] {processor.py:914} INFO - Processing file /home/airflow/.local/lib/python3.12/site-packages/airflow/example_dags/example_branch_labels.py for tasks to queue
[2025-03-19T00:35:42.735+0000] {logging_mixin.py:190} INFO - [2025-03-19T00:35:42.735+0000] {dagbag.py:588} INFO - Filling up the DagBag from /home/airflow/.local/lib/python3.12/site-packages/airflow/example_dags/example_branch_labels.py
[2025-03-19T00:35:42.742+0000] {processor.py:925} INFO - DAG(s) 'example_branch_labels' retrieved from /home/airflow/.local/lib/python3.12/site-packages/airflow/example_dags/example_branch_labels.py
[2025-03-19T00:35:42.757+0000] {logging_mixin.py:190} INFO - [2025-03-19T00:35:42.756+0000] {dag.py:3239} INFO - Sync 1 DAGs
[2025-03-19T00:35:42.774+0000] {logging_mixin.py:190} INFO - [2025-03-19T00:35:42.774+0000] {dag.py:4180} INFO - Setting next_dagrun for example_branch_labels to 2025-03-18 00:00:00+00:00, run_after=2025-03-19 00:00:00+00:00
[2025-03-19T00:35:42.789+0000] {processor.py:208} INFO - Processing /home/airflow/.local/lib/python3.12/site-packages/airflow/example_dags/example_branch_labels.py took 0.060 seconds
[2025-03-19T00:36:13.221+0000] {processor.py:186} INFO - Started process (PID=3077) to work on /home/airflow/.local/lib/python3.12/site-packages/airflow/example_dags/example_branch_labels.py
[2025-03-19T00:36:13.221+0000] {processor.py:914} INFO - Processing file /home/airflow/.local/lib/python3.12/site-packages/airflow/example_dags/example_branch_labels.py for tasks to queue
[2025-03-19T00:36:13.222+0000] {logging_mixin.py:190} INFO - [2025-03-19T00:36:13.222+0000] {dagbag.py:588} INFO - Filling up the DagBag from /home/airflow/.local/lib/python3.12/site-packages/airflow/example_dags/example_branch_labels.py
[2025-03-19T00:36:13.229+0000] {processor.py:925} INFO - DAG(s) 'example_branch_labels' retrieved from /home/airflow/.local/lib/python3.12/site-packages/airflow/example_dags/example_branch_labels.py
[2025-03-19T00:36:13.243+0000] {logging_mixin.py:190} INFO - [2025-03-19T00:36:13.242+0000] {dag.py:3239} INFO - Sync 1 DAGs
[2025-03-19T00:36:13.260+0000] {logging_mixin.py:190} INFO - [2025-03-19T00:36:13.260+0000] {dag.py:4180} INFO - Setting next_dagrun for example_branch_labels to 2025-03-18 00:00:00+00:00, run_after=2025-03-19 00:00:00+00:00
[2025-03-19T00:36:13.272+0000] {processor.py:208} INFO - Processing /home/airflow/.local/lib/python3.12/site-packages/airflow/example_dags/example_branch_labels.py took 0.055 seconds
[2025-03-19T00:36:44.168+0000] {processor.py:186} INFO - Started process (PID=3140) to work on /home/airflow/.local/lib/python3.12/site-packages/airflow/example_dags/example_branch_labels.py
[2025-03-19T00:36:44.169+0000] {processor.py:914} INFO - Processing file /home/airflow/.local/lib/python3.12/site-packages/airflow/example_dags/example_branch_labels.py for tasks to queue
[2025-03-19T00:36:44.170+0000] {logging_mixin.py:190} INFO - [2025-03-19T00:36:44.170+0000] {dagbag.py:588} INFO - Filling up the DagBag from /home/airflow/.local/lib/python3.12/site-packages/airflow/example_dags/example_branch_labels.py
[2025-03-19T00:36:44.176+0000] {processor.py:925} INFO - DAG(s) 'example_branch_labels' retrieved from /home/airflow/.local/lib/python3.12/site-packages/airflow/example_dags/example_branch_labels.py
[2025-03-19T00:36:44.191+0000] {logging_mixin.py:190} INFO - [2025-03-19T00:36:44.191+0000] {dag.py:3239} INFO - Sync 1 DAGs
[2025-03-19T00:36:44.209+0000] {logging_mixin.py:190} INFO - [2025-03-19T00:36:44.208+0000] {dag.py:4180} INFO - Setting next_dagrun for example_branch_labels to 2025-03-18 00:00:00+00:00, run_after=2025-03-19 00:00:00+00:00
[2025-03-19T00:36:44.222+0000] {processor.py:208} INFO - Processing /home/airflow/.local/lib/python3.12/site-packages/airflow/example_dags/example_branch_labels.py took 0.058 seconds
[2025-03-19T00:37:15.148+0000] {processor.py:186} INFO - Started process (PID=3204) to work on /home/airflow/.local/lib/python3.12/site-packages/airflow/example_dags/example_branch_labels.py
[2025-03-19T00:37:15.149+0000] {processor.py:914} INFO - Processing file /home/airflow/.local/lib/python3.12/site-packages/airflow/example_dags/example_branch_labels.py for tasks to queue
[2025-03-19T00:37:15.150+0000] {logging_mixin.py:190} INFO - [2025-03-19T00:37:15.150+0000] {dagbag.py:588} INFO - Filling up the DagBag from /home/airflow/.local/lib/python3.12/site-packages/airflow/example_dags/example_branch_labels.py
[2025-03-19T00:37:15.158+0000] {processor.py:925} INFO - DAG(s) 'example_branch_labels' retrieved from /home/airflow/.local/lib/python3.12/site-packages/airflow/example_dags/example_branch_labels.py
[2025-03-19T00:37:15.175+0000] {logging_mixin.py:190} INFO - [2025-03-19T00:37:15.174+0000] {dag.py:3239} INFO - Sync 1 DAGs
[2025-03-19T00:37:15.197+0000] {logging_mixin.py:190} INFO - [2025-03-19T00:37:15.197+0000] {dag.py:4180} INFO - Setting next_dagrun for example_branch_labels to 2025-03-18 00:00:00+00:00, run_after=2025-03-19 00:00:00+00:00
[2025-03-19T00:37:15.214+0000] {processor.py:208} INFO - Processing /home/airflow/.local/lib/python3.12/site-packages/airflow/example_dags/example_branch_labels.py took 0.070 seconds
[2025-03-19T00:37:45.505+0000] {processor.py:186} INFO - Started process (PID=3268) to work on /home/airflow/.local/lib/python3.12/site-packages/airflow/example_dags/example_branch_labels.py
[2025-03-19T00:37:45.505+0000] {processor.py:914} INFO - Processing file /home/airflow/.local/lib/python3.12/site-packages/airflow/example_dags/example_branch_labels.py for tasks to queue
[2025-03-19T00:37:45.506+0000] {logging_mixin.py:190} INFO - [2025-03-19T00:37:45.506+0000] {dagbag.py:588} INFO - Filling up the DagBag from /home/airflow/.local/lib/python3.12/site-packages/airflow/example_dags/example_branch_labels.py
[2025-03-19T00:37:45.514+0000] {processor.py:925} INFO - DAG(s) 'example_branch_labels' retrieved from /home/airflow/.local/lib/python3.12/site-packages/airflow/example_dags/example_branch_labels.py
[2025-03-19T00:37:45.528+0000] {logging_mixin.py:190} INFO - [2025-03-19T00:37:45.528+0000] {dag.py:3239} INFO - Sync 1 DAGs
[2025-03-19T00:37:45.547+0000] {logging_mixin.py:190} INFO - [2025-03-19T00:37:45.547+0000] {dag.py:4180} INFO - Setting next_dagrun for example_branch_labels to 2025-03-18 00:00:00+00:00, run_after=2025-03-19 00:00:00+00:00
[2025-03-19T00:37:45.562+0000] {processor.py:208} INFO - Processing /home/airflow/.local/lib/python3.12/site-packages/airflow/example_dags/example_branch_labels.py took 0.061 seconds
[2025-03-19T00:38:16.791+0000] {processor.py:186} INFO - Started process (PID=3332) to work on /home/airflow/.local/lib/python3.12/site-packages/airflow/example_dags/example_branch_labels.py
[2025-03-19T00:38:16.792+0000] {processor.py:914} INFO - Processing file /home/airflow/.local/lib/python3.12/site-packages/airflow/example_dags/example_branch_labels.py for tasks to queue
[2025-03-19T00:38:16.794+0000] {logging_mixin.py:190} INFO - [2025-03-19T00:38:16.793+0000] {dagbag.py:588} INFO - Filling up the DagBag from /home/airflow/.local/lib/python3.12/site-packages/airflow/example_dags/example_branch_labels.py
[2025-03-19T00:38:16.800+0000] {processor.py:925} INFO - DAG(s) 'example_branch_labels' retrieved from /home/airflow/.local/lib/python3.12/site-packages/airflow/example_dags/example_branch_labels.py
[2025-03-19T00:38:16.814+0000] {logging_mixin.py:190} INFO - [2025-03-19T00:38:16.814+0000] {dag.py:3239} INFO - Sync 1 DAGs
[2025-03-19T00:38:16.830+0000] {logging_mixin.py:190} INFO - [2025-03-19T00:38:16.830+0000] {dag.py:4180} INFO - Setting next_dagrun for example_branch_labels to 2025-03-18 00:00:00+00:00, run_after=2025-03-19 00:00:00+00:00
[2025-03-19T00:38:16.944+0000] {processor.py:208} INFO - Processing /home/airflow/.local/lib/python3.12/site-packages/airflow/example_dags/example_branch_labels.py took 0.156 seconds
[2025-03-19T00:38:47.597+0000] {processor.py:186} INFO - Started process (PID=3396) to work on /home/airflow/.local/lib/python3.12/site-packages/airflow/example_dags/example_branch_labels.py
[2025-03-19T00:38:47.598+0000] {processor.py:914} INFO - Processing file /home/airflow/.local/lib/python3.12/site-packages/airflow/example_dags/example_branch_labels.py for tasks to queue
[2025-03-19T00:38:47.599+0000] {logging_mixin.py:190} INFO - [2025-03-19T00:38:47.599+0000] {dagbag.py:588} INFO - Filling up the DagBag from /home/airflow/.local/lib/python3.12/site-packages/airflow/example_dags/example_branch_labels.py
[2025-03-19T00:38:47.606+0000] {processor.py:925} INFO - DAG(s) 'example_branch_labels' retrieved from /home/airflow/.local/lib/python3.12/site-packages/airflow/example_dags/example_branch_labels.py
[2025-03-19T00:38:47.620+0000] {logging_mixin.py:190} INFO - [2025-03-19T00:38:47.620+0000] {dag.py:3239} INFO - Sync 1 DAGs
[2025-03-19T00:38:47.640+0000] {logging_mixin.py:190} INFO - [2025-03-19T00:38:47.639+0000] {dag.py:4180} INFO - Setting next_dagrun for example_branch_labels to 2025-03-18 00:00:00+00:00, run_after=2025-03-19 00:00:00+00:00
[2025-03-19T00:38:47.770+0000] {processor.py:208} INFO - Processing /home/airflow/.local/lib/python3.12/site-packages/airflow/example_dags/example_branch_labels.py took 0.177 seconds
[2025-03-19T00:39:18.381+0000] {processor.py:186} INFO - Started process (PID=3460) to work on /home/airflow/.local/lib/python3.12/site-packages/airflow/example_dags/example_branch_labels.py
[2025-03-19T00:39:18.382+0000] {processor.py:914} INFO - Processing file /home/airflow/.local/lib/python3.12/site-packages/airflow/example_dags/example_branch_labels.py for tasks to queue
[2025-03-19T00:39:18.384+0000] {logging_mixin.py:190} INFO - [2025-03-19T00:39:18.383+0000] {dagbag.py:588} INFO - Filling up the DagBag from /home/airflow/.local/lib/python3.12/site-packages/airflow/example_dags/example_branch_labels.py
[2025-03-19T00:39:18.390+0000] {processor.py:925} INFO - DAG(s) 'example_branch_labels' retrieved from /home/airflow/.local/lib/python3.12/site-packages/airflow/example_dags/example_branch_labels.py
[2025-03-19T00:39:18.405+0000] {logging_mixin.py:190} INFO - [2025-03-19T00:39:18.405+0000] {dag.py:3239} INFO - Sync 1 DAGs
[2025-03-19T00:39:18.531+0000] {logging_mixin.py:190} INFO - [2025-03-19T00:39:18.531+0000] {dag.py:4180} INFO - Setting next_dagrun for example_branch_labels to 2025-03-18 00:00:00+00:00, run_after=2025-03-19 00:00:00+00:00
[2025-03-19T00:39:18.542+0000] {processor.py:208} INFO - Processing /home/airflow/.local/lib/python3.12/site-packages/airflow/example_dags/example_branch_labels.py took 0.165 seconds
[2025-03-19T00:39:49.741+0000] {processor.py:186} INFO - Started process (PID=3524) to work on /home/airflow/.local/lib/python3.12/site-packages/airflow/example_dags/example_branch_labels.py
[2025-03-19T00:39:49.742+0000] {processor.py:914} INFO - Processing file /home/airflow/.local/lib/python3.12/site-packages/airflow/example_dags/example_branch_labels.py for tasks to queue
[2025-03-19T00:39:49.744+0000] {logging_mixin.py:190} INFO - [2025-03-19T00:39:49.743+0000] {dagbag.py:588} INFO - Filling up the DagBag from /home/airflow/.local/lib/python3.12/site-packages/airflow/example_dags/example_branch_labels.py
[2025-03-19T00:39:49.750+0000] {processor.py:925} INFO - DAG(s) 'example_branch_labels' retrieved from /home/airflow/.local/lib/python3.12/site-packages/airflow/example_dags/example_branch_labels.py
[2025-03-19T00:39:49.764+0000] {logging_mixin.py:190} INFO - [2025-03-19T00:39:49.764+0000] {dag.py:3239} INFO - Sync 1 DAGs
[2025-03-19T00:39:49.898+0000] {logging_mixin.py:190} INFO - [2025-03-19T00:39:49.898+0000] {dag.py:4180} INFO - Setting next_dagrun for example_branch_labels to 2025-03-18 00:00:00+00:00, run_after=2025-03-19 00:00:00+00:00
[2025-03-19T00:39:49.912+0000] {processor.py:208} INFO - Processing /home/airflow/.local/lib/python3.12/site-packages/airflow/example_dags/example_branch_labels.py took 0.175 seconds
[2025-03-19T00:40:21.001+0000] {processor.py:186} INFO - Started process (PID=3588) to work on /home/airflow/.local/lib/python3.12/site-packages/airflow/example_dags/example_branch_labels.py
[2025-03-19T00:40:21.002+0000] {processor.py:914} INFO - Processing file /home/airflow/.local/lib/python3.12/site-packages/airflow/example_dags/example_branch_labels.py for tasks to queue
[2025-03-19T00:40:21.003+0000] {logging_mixin.py:190} INFO - [2025-03-19T00:40:21.003+0000] {dagbag.py:588} INFO - Filling up the DagBag from /home/airflow/.local/lib/python3.12/site-packages/airflow/example_dags/example_branch_labels.py
[2025-03-19T00:40:21.010+0000] {processor.py:925} INFO - DAG(s) 'example_branch_labels' retrieved from /home/airflow/.local/lib/python3.12/site-packages/airflow/example_dags/example_branch_labels.py
[2025-03-19T00:40:21.023+0000] {logging_mixin.py:190} INFO - [2025-03-19T00:40:21.023+0000] {dag.py:3239} INFO - Sync 1 DAGs
[2025-03-19T00:40:21.142+0000] {logging_mixin.py:190} INFO - [2025-03-19T00:40:21.141+0000] {dag.py:4180} INFO - Setting next_dagrun for example_branch_labels to 2025-03-18 00:00:00+00:00, run_after=2025-03-19 00:00:00+00:00
[2025-03-19T00:40:21.153+0000] {processor.py:208} INFO - Processing /home/airflow/.local/lib/python3.12/site-packages/airflow/example_dags/example_branch_labels.py took 0.155 seconds
[2025-03-19T00:41:19.230+0000] {processor.py:186} INFO - Started process (PID=111) to work on /home/airflow/.local/lib/python3.12/site-packages/airflow/example_dags/example_branch_labels.py
[2025-03-19T00:41:19.230+0000] {processor.py:914} INFO - Processing file /home/airflow/.local/lib/python3.12/site-packages/airflow/example_dags/example_branch_labels.py for tasks to queue
[2025-03-19T00:41:19.231+0000] {logging_mixin.py:190} INFO - [2025-03-19T00:41:19.231+0000] {dagbag.py:588} INFO - Filling up the DagBag from /home/airflow/.local/lib/python3.12/site-packages/airflow/example_dags/example_branch_labels.py
[2025-03-19T00:41:19.239+0000] {processor.py:925} INFO - DAG(s) 'example_branch_labels' retrieved from /home/airflow/.local/lib/python3.12/site-packages/airflow/example_dags/example_branch_labels.py
[2025-03-19T00:41:19.252+0000] {logging_mixin.py:190} INFO - [2025-03-19T00:41:19.252+0000] {dag.py:3239} INFO - Sync 1 DAGs
[2025-03-19T00:41:19.270+0000] {logging_mixin.py:190} INFO - [2025-03-19T00:41:19.270+0000] {dag.py:4180} INFO - Setting next_dagrun for example_branch_labels to 2025-03-18 00:00:00+00:00, run_after=2025-03-19 00:00:00+00:00
[2025-03-19T00:41:19.283+0000] {processor.py:208} INFO - Processing /home/airflow/.local/lib/python3.12/site-packages/airflow/example_dags/example_branch_labels.py took 0.057 seconds
[2025-03-19T00:41:49.617+0000] {processor.py:186} INFO - Started process (PID=175) to work on /home/airflow/.local/lib/python3.12/site-packages/airflow/example_dags/example_branch_labels.py
[2025-03-19T00:41:49.617+0000] {processor.py:914} INFO - Processing file /home/airflow/.local/lib/python3.12/site-packages/airflow/example_dags/example_branch_labels.py for tasks to queue
[2025-03-19T00:41:49.618+0000] {logging_mixin.py:190} INFO - [2025-03-19T00:41:49.618+0000] {dagbag.py:588} INFO - Filling up the DagBag from /home/airflow/.local/lib/python3.12/site-packages/airflow/example_dags/example_branch_labels.py
[2025-03-19T00:41:49.624+0000] {processor.py:925} INFO - DAG(s) 'example_branch_labels' retrieved from /home/airflow/.local/lib/python3.12/site-packages/airflow/example_dags/example_branch_labels.py
[2025-03-19T00:41:49.638+0000] {logging_mixin.py:190} INFO - [2025-03-19T00:41:49.638+0000] {dag.py:3239} INFO - Sync 1 DAGs
[2025-03-19T00:41:49.654+0000] {logging_mixin.py:190} INFO - [2025-03-19T00:41:49.654+0000] {dag.py:4180} INFO - Setting next_dagrun for example_branch_labels to 2025-03-18 00:00:00+00:00, run_after=2025-03-19 00:00:00+00:00
[2025-03-19T00:41:49.665+0000] {processor.py:208} INFO - Processing /home/airflow/.local/lib/python3.12/site-packages/airflow/example_dags/example_branch_labels.py took 0.052 seconds
[2025-03-19T00:42:20.962+0000] {processor.py:186} INFO - Started process (PID=239) to work on /home/airflow/.local/lib/python3.12/site-packages/airflow/example_dags/example_branch_labels.py
[2025-03-19T00:42:20.962+0000] {processor.py:914} INFO - Processing file /home/airflow/.local/lib/python3.12/site-packages/airflow/example_dags/example_branch_labels.py for tasks to queue
[2025-03-19T00:42:20.963+0000] {logging_mixin.py:190} INFO - [2025-03-19T00:42:20.963+0000] {dagbag.py:588} INFO - Filling up the DagBag from /home/airflow/.local/lib/python3.12/site-packages/airflow/example_dags/example_branch_labels.py
[2025-03-19T00:42:20.970+0000] {processor.py:925} INFO - DAG(s) 'example_branch_labels' retrieved from /home/airflow/.local/lib/python3.12/site-packages/airflow/example_dags/example_branch_labels.py
[2025-03-19T00:42:20.983+0000] {logging_mixin.py:190} INFO - [2025-03-19T00:42:20.983+0000] {dag.py:3239} INFO - Sync 1 DAGs
[2025-03-19T00:42:21.000+0000] {logging_mixin.py:190} INFO - [2025-03-19T00:42:20.999+0000] {dag.py:4180} INFO - Setting next_dagrun for example_branch_labels to 2025-03-18 00:00:00+00:00, run_after=2025-03-19 00:00:00+00:00
[2025-03-19T00:42:21.012+0000] {processor.py:208} INFO - Processing /home/airflow/.local/lib/python3.12/site-packages/airflow/example_dags/example_branch_labels.py took 0.054 seconds
[2025-03-19T00:42:52.503+0000] {processor.py:186} INFO - Started process (PID=303) to work on /home/airflow/.local/lib/python3.12/site-packages/airflow/example_dags/example_branch_labels.py
[2025-03-19T00:42:52.503+0000] {processor.py:914} INFO - Processing file /home/airflow/.local/lib/python3.12/site-packages/airflow/example_dags/example_branch_labels.py for tasks to queue
[2025-03-19T00:42:52.504+0000] {logging_mixin.py:190} INFO - [2025-03-19T00:42:52.504+0000] {dagbag.py:588} INFO - Filling up the DagBag from /home/airflow/.local/lib/python3.12/site-packages/airflow/example_dags/example_branch_labels.py
[2025-03-19T00:42:52.511+0000] {processor.py:925} INFO - DAG(s) 'example_branch_labels' retrieved from /home/airflow/.local/lib/python3.12/site-packages/airflow/example_dags/example_branch_labels.py
[2025-03-19T00:42:52.524+0000] {logging_mixin.py:190} INFO - [2025-03-19T00:42:52.523+0000] {dag.py:3239} INFO - Sync 1 DAGs
[2025-03-19T00:42:52.540+0000] {logging_mixin.py:190} INFO - [2025-03-19T00:42:52.540+0000] {dag.py:4180} INFO - Setting next_dagrun for example_branch_labels to 2025-03-18 00:00:00+00:00, run_after=2025-03-19 00:00:00+00:00
[2025-03-19T00:42:52.552+0000] {processor.py:208} INFO - Processing /home/airflow/.local/lib/python3.12/site-packages/airflow/example_dags/example_branch_labels.py took 0.053 seconds
[2025-03-19T00:43:23.016+0000] {processor.py:186} INFO - Started process (PID=367) to work on /home/airflow/.local/lib/python3.12/site-packages/airflow/example_dags/example_branch_labels.py
[2025-03-19T00:43:23.016+0000] {processor.py:914} INFO - Processing file /home/airflow/.local/lib/python3.12/site-packages/airflow/example_dags/example_branch_labels.py for tasks to queue
[2025-03-19T00:43:23.018+0000] {logging_mixin.py:190} INFO - [2025-03-19T00:43:23.017+0000] {dagbag.py:588} INFO - Filling up the DagBag from /home/airflow/.local/lib/python3.12/site-packages/airflow/example_dags/example_branch_labels.py
[2025-03-19T00:43:23.024+0000] {processor.py:925} INFO - DAG(s) 'example_branch_labels' retrieved from /home/airflow/.local/lib/python3.12/site-packages/airflow/example_dags/example_branch_labels.py
[2025-03-19T00:43:23.039+0000] {logging_mixin.py:190} INFO - [2025-03-19T00:43:23.039+0000] {dag.py:3239} INFO - Sync 1 DAGs
[2025-03-19T00:43:23.057+0000] {logging_mixin.py:190} INFO - [2025-03-19T00:43:23.057+0000] {dag.py:4180} INFO - Setting next_dagrun for example_branch_labels to 2025-03-18 00:00:00+00:00, run_after=2025-03-19 00:00:00+00:00
[2025-03-19T00:43:23.070+0000] {processor.py:208} INFO - Processing /home/airflow/.local/lib/python3.12/site-packages/airflow/example_dags/example_branch_labels.py took 0.058 seconds
[2025-03-19T00:43:53.524+0000] {processor.py:186} INFO - Started process (PID=431) to work on /home/airflow/.local/lib/python3.12/site-packages/airflow/example_dags/example_branch_labels.py
[2025-03-19T00:43:53.525+0000] {processor.py:914} INFO - Processing file /home/airflow/.local/lib/python3.12/site-packages/airflow/example_dags/example_branch_labels.py for tasks to queue
[2025-03-19T00:43:53.526+0000] {logging_mixin.py:190} INFO - [2025-03-19T00:43:53.526+0000] {dagbag.py:588} INFO - Filling up the DagBag from /home/airflow/.local/lib/python3.12/site-packages/airflow/example_dags/example_branch_labels.py
[2025-03-19T00:43:53.534+0000] {processor.py:925} INFO - DAG(s) 'example_branch_labels' retrieved from /home/airflow/.local/lib/python3.12/site-packages/airflow/example_dags/example_branch_labels.py
[2025-03-19T00:43:53.549+0000] {logging_mixin.py:190} INFO - [2025-03-19T00:43:53.549+0000] {dag.py:3239} INFO - Sync 1 DAGs
[2025-03-19T00:43:53.568+0000] {logging_mixin.py:190} INFO - [2025-03-19T00:43:53.568+0000] {dag.py:4180} INFO - Setting next_dagrun for example_branch_labels to 2025-03-18 00:00:00+00:00, run_after=2025-03-19 00:00:00+00:00
[2025-03-19T00:43:53.582+0000] {processor.py:208} INFO - Processing /home/airflow/.local/lib/python3.12/site-packages/airflow/example_dags/example_branch_labels.py took 0.062 seconds
