[2025-03-19T00:11:53.947+0000] {processor.py:186} INFO - Started process (PID=77) to work on /home/airflow/.local/lib/python3.12/site-packages/airflow/example_dags/example_sla_dag.py
[2025-03-19T00:11:53.947+0000] {processor.py:914} INFO - Processing file /home/airflow/.local/lib/python3.12/site-packages/airflow/example_dags/example_sla_dag.py for tasks to queue
[2025-03-19T00:11:53.948+0000] {logging_mixin.py:190} INFO - [2025-03-19T00:11:53.948+0000] {dagbag.py:588} INFO - Filling up the DagBag from /home/airflow/.local/lib/python3.12/site-packages/airflow/example_dags/example_sla_dag.py
[2025-03-19T00:11:53.955+0000] {processor.py:925} INFO - DAG(s) 'example_sla_dag' retrieved from /home/airflow/.local/lib/python3.12/site-packages/airflow/example_dags/example_sla_dag.py
[2025-03-19T00:11:53.968+0000] {logging_mixin.py:190} INFO - [2025-03-19T00:11:53.968+0000] {dag.py:3239} INFO - Sync 1 DAGs
[2025-03-19T00:11:53.987+0000] {logging_mixin.py:190} INFO - [2025-03-19T00:11:53.987+0000] {dag.py:4180} INFO - Setting next_dagrun for example_sla_dag to 2025-03-19 00:08:00+00:00, run_after=2025-03-19 00:10:00+00:00
[2025-03-19T00:11:54.001+0000] {processor.py:208} INFO - Processing /home/airflow/.local/lib/python3.12/site-packages/airflow/example_dags/example_sla_dag.py took 0.058 seconds
[2025-03-19T00:12:24.221+0000] {processor.py:186} INFO - Started process (PID=140) to work on /home/airflow/.local/lib/python3.12/site-packages/airflow/example_dags/example_sla_dag.py
[2025-03-19T00:12:24.222+0000] {processor.py:914} INFO - Processing file /home/airflow/.local/lib/python3.12/site-packages/airflow/example_dags/example_sla_dag.py for tasks to queue
[2025-03-19T00:12:24.223+0000] {logging_mixin.py:190} INFO - [2025-03-19T00:12:24.223+0000] {dagbag.py:588} INFO - Filling up the DagBag from /home/airflow/.local/lib/python3.12/site-packages/airflow/example_dags/example_sla_dag.py
[2025-03-19T00:12:24.230+0000] {processor.py:925} INFO - DAG(s) 'example_sla_dag' retrieved from /home/airflow/.local/lib/python3.12/site-packages/airflow/example_dags/example_sla_dag.py
[2025-03-19T00:12:24.243+0000] {logging_mixin.py:190} INFO - [2025-03-19T00:12:24.243+0000] {dag.py:3239} INFO - Sync 1 DAGs
[2025-03-19T00:12:24.264+0000] {logging_mixin.py:190} INFO - [2025-03-19T00:12:24.264+0000] {dag.py:4180} INFO - Setting next_dagrun for example_sla_dag to 2025-03-19 00:10:00+00:00, run_after=2025-03-19 00:12:00+00:00
[2025-03-19T00:12:24.280+0000] {processor.py:208} INFO - Processing /home/airflow/.local/lib/python3.12/site-packages/airflow/example_dags/example_sla_dag.py took 0.062 seconds
[2025-03-19T00:12:55.152+0000] {processor.py:186} INFO - Started process (PID=202) to work on /home/airflow/.local/lib/python3.12/site-packages/airflow/example_dags/example_sla_dag.py
[2025-03-19T00:12:55.152+0000] {processor.py:914} INFO - Processing file /home/airflow/.local/lib/python3.12/site-packages/airflow/example_dags/example_sla_dag.py for tasks to queue
[2025-03-19T00:12:55.154+0000] {logging_mixin.py:190} INFO - [2025-03-19T00:12:55.153+0000] {dagbag.py:588} INFO - Filling up the DagBag from /home/airflow/.local/lib/python3.12/site-packages/airflow/example_dags/example_sla_dag.py
[2025-03-19T00:12:55.160+0000] {processor.py:925} INFO - DAG(s) 'example_sla_dag' retrieved from /home/airflow/.local/lib/python3.12/site-packages/airflow/example_dags/example_sla_dag.py
[2025-03-19T00:12:55.173+0000] {logging_mixin.py:190} INFO - [2025-03-19T00:12:55.173+0000] {dag.py:3239} INFO - Sync 1 DAGs
[2025-03-19T00:12:55.191+0000] {logging_mixin.py:190} INFO - [2025-03-19T00:12:55.191+0000] {dag.py:4180} INFO - Setting next_dagrun for example_sla_dag to 2025-03-19 00:10:00+00:00, run_after=2025-03-19 00:12:00+00:00
[2025-03-19T00:12:55.204+0000] {processor.py:208} INFO - Processing /home/airflow/.local/lib/python3.12/site-packages/airflow/example_dags/example_sla_dag.py took 0.056 seconds
[2025-03-19T00:13:26.232+0000] {processor.py:186} INFO - Started process (PID=265) to work on /home/airflow/.local/lib/python3.12/site-packages/airflow/example_dags/example_sla_dag.py
[2025-03-19T00:13:26.233+0000] {processor.py:914} INFO - Processing file /home/airflow/.local/lib/python3.12/site-packages/airflow/example_dags/example_sla_dag.py for tasks to queue
[2025-03-19T00:13:26.234+0000] {logging_mixin.py:190} INFO - [2025-03-19T00:13:26.234+0000] {dagbag.py:588} INFO - Filling up the DagBag from /home/airflow/.local/lib/python3.12/site-packages/airflow/example_dags/example_sla_dag.py
[2025-03-19T00:13:26.241+0000] {processor.py:925} INFO - DAG(s) 'example_sla_dag' retrieved from /home/airflow/.local/lib/python3.12/site-packages/airflow/example_dags/example_sla_dag.py
[2025-03-19T00:13:26.252+0000] {logging_mixin.py:190} INFO - [2025-03-19T00:13:26.252+0000] {dag.py:3239} INFO - Sync 1 DAGs
[2025-03-19T00:13:26.274+0000] {logging_mixin.py:190} INFO - [2025-03-19T00:13:26.274+0000] {dag.py:4180} INFO - Setting next_dagrun for example_sla_dag to 2025-03-19 00:10:00+00:00, run_after=2025-03-19 00:12:00+00:00
[2025-03-19T00:13:26.288+0000] {processor.py:208} INFO - Processing /home/airflow/.local/lib/python3.12/site-packages/airflow/example_dags/example_sla_dag.py took 0.060 seconds
[2025-03-19T00:13:57.740+0000] {processor.py:186} INFO - Started process (PID=328) to work on /home/airflow/.local/lib/python3.12/site-packages/airflow/example_dags/example_sla_dag.py
[2025-03-19T00:13:57.740+0000] {processor.py:914} INFO - Processing file /home/airflow/.local/lib/python3.12/site-packages/airflow/example_dags/example_sla_dag.py for tasks to queue
[2025-03-19T00:13:57.742+0000] {logging_mixin.py:190} INFO - [2025-03-19T00:13:57.742+0000] {dagbag.py:588} INFO - Filling up the DagBag from /home/airflow/.local/lib/python3.12/site-packages/airflow/example_dags/example_sla_dag.py
[2025-03-19T00:13:57.749+0000] {processor.py:925} INFO - DAG(s) 'example_sla_dag' retrieved from /home/airflow/.local/lib/python3.12/site-packages/airflow/example_dags/example_sla_dag.py
[2025-03-19T00:13:57.763+0000] {logging_mixin.py:190} INFO - [2025-03-19T00:13:57.763+0000] {dag.py:3239} INFO - Sync 1 DAGs
[2025-03-19T00:13:57.783+0000] {logging_mixin.py:190} INFO - [2025-03-19T00:13:57.783+0000] {dag.py:4180} INFO - Setting next_dagrun for example_sla_dag to 2025-03-19 00:10:00+00:00, run_after=2025-03-19 00:12:00+00:00
[2025-03-19T00:13:57.798+0000] {processor.py:208} INFO - Processing /home/airflow/.local/lib/python3.12/site-packages/airflow/example_dags/example_sla_dag.py took 0.062 seconds
[2025-03-19T00:14:28.327+0000] {processor.py:186} INFO - Started process (PID=391) to work on /home/airflow/.local/lib/python3.12/site-packages/airflow/example_dags/example_sla_dag.py
[2025-03-19T00:14:28.327+0000] {processor.py:914} INFO - Processing file /home/airflow/.local/lib/python3.12/site-packages/airflow/example_dags/example_sla_dag.py for tasks to queue
[2025-03-19T00:14:28.328+0000] {logging_mixin.py:190} INFO - [2025-03-19T00:14:28.328+0000] {dagbag.py:588} INFO - Filling up the DagBag from /home/airflow/.local/lib/python3.12/site-packages/airflow/example_dags/example_sla_dag.py
[2025-03-19T00:14:28.335+0000] {processor.py:925} INFO - DAG(s) 'example_sla_dag' retrieved from /home/airflow/.local/lib/python3.12/site-packages/airflow/example_dags/example_sla_dag.py
[2025-03-19T00:14:28.346+0000] {logging_mixin.py:190} INFO - [2025-03-19T00:14:28.346+0000] {dag.py:3239} INFO - Sync 1 DAGs
[2025-03-19T00:14:28.363+0000] {logging_mixin.py:190} INFO - [2025-03-19T00:14:28.363+0000] {dag.py:4180} INFO - Setting next_dagrun for example_sla_dag to 2025-03-19 00:12:00+00:00, run_after=2025-03-19 00:14:00+00:00
[2025-03-19T00:14:28.377+0000] {processor.py:208} INFO - Processing /home/airflow/.local/lib/python3.12/site-packages/airflow/example_dags/example_sla_dag.py took 0.054 seconds
[2025-03-19T00:14:59.014+0000] {processor.py:186} INFO - Started process (PID=454) to work on /home/airflow/.local/lib/python3.12/site-packages/airflow/example_dags/example_sla_dag.py
[2025-03-19T00:14:59.015+0000] {processor.py:914} INFO - Processing file /home/airflow/.local/lib/python3.12/site-packages/airflow/example_dags/example_sla_dag.py for tasks to queue
[2025-03-19T00:14:59.016+0000] {logging_mixin.py:190} INFO - [2025-03-19T00:14:59.016+0000] {dagbag.py:588} INFO - Filling up the DagBag from /home/airflow/.local/lib/python3.12/site-packages/airflow/example_dags/example_sla_dag.py
[2025-03-19T00:14:59.023+0000] {processor.py:925} INFO - DAG(s) 'example_sla_dag' retrieved from /home/airflow/.local/lib/python3.12/site-packages/airflow/example_dags/example_sla_dag.py
[2025-03-19T00:14:59.037+0000] {logging_mixin.py:190} INFO - [2025-03-19T00:14:59.036+0000] {dag.py:3239} INFO - Sync 1 DAGs
[2025-03-19T00:14:59.058+0000] {logging_mixin.py:190} INFO - [2025-03-19T00:14:59.058+0000] {dag.py:4180} INFO - Setting next_dagrun for example_sla_dag to 2025-03-19 00:12:00+00:00, run_after=2025-03-19 00:14:00+00:00
[2025-03-19T00:14:59.072+0000] {processor.py:208} INFO - Processing /home/airflow/.local/lib/python3.12/site-packages/airflow/example_dags/example_sla_dag.py took 0.061 seconds
[2025-03-19T00:15:29.640+0000] {processor.py:186} INFO - Started process (PID=517) to work on /home/airflow/.local/lib/python3.12/site-packages/airflow/example_dags/example_sla_dag.py
[2025-03-19T00:15:29.640+0000] {processor.py:914} INFO - Processing file /home/airflow/.local/lib/python3.12/site-packages/airflow/example_dags/example_sla_dag.py for tasks to queue
[2025-03-19T00:15:29.641+0000] {logging_mixin.py:190} INFO - [2025-03-19T00:15:29.641+0000] {dagbag.py:588} INFO - Filling up the DagBag from /home/airflow/.local/lib/python3.12/site-packages/airflow/example_dags/example_sla_dag.py
[2025-03-19T00:15:29.648+0000] {processor.py:925} INFO - DAG(s) 'example_sla_dag' retrieved from /home/airflow/.local/lib/python3.12/site-packages/airflow/example_dags/example_sla_dag.py
[2025-03-19T00:15:29.661+0000] {logging_mixin.py:190} INFO - [2025-03-19T00:15:29.660+0000] {dag.py:3239} INFO - Sync 1 DAGs
[2025-03-19T00:15:29.678+0000] {logging_mixin.py:190} INFO - [2025-03-19T00:15:29.678+0000] {dag.py:4180} INFO - Setting next_dagrun for example_sla_dag to 2025-03-19 00:12:00+00:00, run_after=2025-03-19 00:14:00+00:00
[2025-03-19T00:15:29.691+0000] {processor.py:208} INFO - Processing /home/airflow/.local/lib/python3.12/site-packages/airflow/example_dags/example_sla_dag.py took 0.055 seconds
[2025-03-19T00:16:00.296+0000] {processor.py:186} INFO - Started process (PID=580) to work on /home/airflow/.local/lib/python3.12/site-packages/airflow/example_dags/example_sla_dag.py
[2025-03-19T00:16:00.297+0000] {processor.py:914} INFO - Processing file /home/airflow/.local/lib/python3.12/site-packages/airflow/example_dags/example_sla_dag.py for tasks to queue
[2025-03-19T00:16:00.298+0000] {logging_mixin.py:190} INFO - [2025-03-19T00:16:00.298+0000] {dagbag.py:588} INFO - Filling up the DagBag from /home/airflow/.local/lib/python3.12/site-packages/airflow/example_dags/example_sla_dag.py
[2025-03-19T00:16:00.306+0000] {processor.py:925} INFO - DAG(s) 'example_sla_dag' retrieved from /home/airflow/.local/lib/python3.12/site-packages/airflow/example_dags/example_sla_dag.py
[2025-03-19T00:16:00.320+0000] {logging_mixin.py:190} INFO - [2025-03-19T00:16:00.320+0000] {dag.py:3239} INFO - Sync 1 DAGs
[2025-03-19T00:16:00.342+0000] {logging_mixin.py:190} INFO - [2025-03-19T00:16:00.342+0000] {dag.py:4180} INFO - Setting next_dagrun for example_sla_dag to 2025-03-19 00:14:00+00:00, run_after=2025-03-19 00:16:00+00:00
[2025-03-19T00:16:00.359+0000] {processor.py:208} INFO - Processing /home/airflow/.local/lib/python3.12/site-packages/airflow/example_dags/example_sla_dag.py took 0.067 seconds
[2025-03-19T00:16:30.886+0000] {processor.py:186} INFO - Started process (PID=643) to work on /home/airflow/.local/lib/python3.12/site-packages/airflow/example_dags/example_sla_dag.py
[2025-03-19T00:16:30.886+0000] {processor.py:914} INFO - Processing file /home/airflow/.local/lib/python3.12/site-packages/airflow/example_dags/example_sla_dag.py for tasks to queue
[2025-03-19T00:16:30.888+0000] {logging_mixin.py:190} INFO - [2025-03-19T00:16:30.887+0000] {dagbag.py:588} INFO - Filling up the DagBag from /home/airflow/.local/lib/python3.12/site-packages/airflow/example_dags/example_sla_dag.py
[2025-03-19T00:16:30.896+0000] {processor.py:925} INFO - DAG(s) 'example_sla_dag' retrieved from /home/airflow/.local/lib/python3.12/site-packages/airflow/example_dags/example_sla_dag.py
[2025-03-19T00:16:30.909+0000] {logging_mixin.py:190} INFO - [2025-03-19T00:16:30.909+0000] {dag.py:3239} INFO - Sync 1 DAGs
[2025-03-19T00:16:30.930+0000] {logging_mixin.py:190} INFO - [2025-03-19T00:16:30.930+0000] {dag.py:4180} INFO - Setting next_dagrun for example_sla_dag to 2025-03-19 00:14:00+00:00, run_after=2025-03-19 00:16:00+00:00
[2025-03-19T00:16:30.944+0000] {processor.py:208} INFO - Processing /home/airflow/.local/lib/python3.12/site-packages/airflow/example_dags/example_sla_dag.py took 0.061 seconds
[2025-03-19T00:17:01.585+0000] {processor.py:186} INFO - Started process (PID=706) to work on /home/airflow/.local/lib/python3.12/site-packages/airflow/example_dags/example_sla_dag.py
[2025-03-19T00:17:01.586+0000] {processor.py:914} INFO - Processing file /home/airflow/.local/lib/python3.12/site-packages/airflow/example_dags/example_sla_dag.py for tasks to queue
[2025-03-19T00:17:01.587+0000] {logging_mixin.py:190} INFO - [2025-03-19T00:17:01.587+0000] {dagbag.py:588} INFO - Filling up the DagBag from /home/airflow/.local/lib/python3.12/site-packages/airflow/example_dags/example_sla_dag.py
[2025-03-19T00:17:01.594+0000] {processor.py:925} INFO - DAG(s) 'example_sla_dag' retrieved from /home/airflow/.local/lib/python3.12/site-packages/airflow/example_dags/example_sla_dag.py
[2025-03-19T00:17:01.607+0000] {logging_mixin.py:190} INFO - [2025-03-19T00:17:01.607+0000] {dag.py:3239} INFO - Sync 1 DAGs
[2025-03-19T00:17:01.626+0000] {logging_mixin.py:190} INFO - [2025-03-19T00:17:01.626+0000] {dag.py:4180} INFO - Setting next_dagrun for example_sla_dag to 2025-03-19 00:14:00+00:00, run_after=2025-03-19 00:16:00+00:00
[2025-03-19T00:17:01.638+0000] {processor.py:208} INFO - Processing /home/airflow/.local/lib/python3.12/site-packages/airflow/example_dags/example_sla_dag.py took 0.057 seconds
[2025-03-19T00:17:31.960+0000] {processor.py:186} INFO - Started process (PID=769) to work on /home/airflow/.local/lib/python3.12/site-packages/airflow/example_dags/example_sla_dag.py
[2025-03-19T00:17:31.960+0000] {processor.py:914} INFO - Processing file /home/airflow/.local/lib/python3.12/site-packages/airflow/example_dags/example_sla_dag.py for tasks to queue
[2025-03-19T00:17:31.961+0000] {logging_mixin.py:190} INFO - [2025-03-19T00:17:31.961+0000] {dagbag.py:588} INFO - Filling up the DagBag from /home/airflow/.local/lib/python3.12/site-packages/airflow/example_dags/example_sla_dag.py
[2025-03-19T00:17:31.968+0000] {processor.py:925} INFO - DAG(s) 'example_sla_dag' retrieved from /home/airflow/.local/lib/python3.12/site-packages/airflow/example_dags/example_sla_dag.py
[2025-03-19T00:17:31.981+0000] {logging_mixin.py:190} INFO - [2025-03-19T00:17:31.980+0000] {dag.py:3239} INFO - Sync 1 DAGs
[2025-03-19T00:17:31.999+0000] {logging_mixin.py:190} INFO - [2025-03-19T00:17:31.999+0000] {dag.py:4180} INFO - Setting next_dagrun for example_sla_dag to 2025-03-19 00:14:00+00:00, run_after=2025-03-19 00:16:00+00:00
[2025-03-19T00:17:32.012+0000] {processor.py:208} INFO - Processing /home/airflow/.local/lib/python3.12/site-packages/airflow/example_dags/example_sla_dag.py took 0.056 seconds
[2025-03-19T00:18:03.152+0000] {processor.py:186} INFO - Started process (PID=832) to work on /home/airflow/.local/lib/python3.12/site-packages/airflow/example_dags/example_sla_dag.py
[2025-03-19T00:18:03.152+0000] {processor.py:914} INFO - Processing file /home/airflow/.local/lib/python3.12/site-packages/airflow/example_dags/example_sla_dag.py for tasks to queue
[2025-03-19T00:18:03.154+0000] {logging_mixin.py:190} INFO - [2025-03-19T00:18:03.153+0000] {dagbag.py:588} INFO - Filling up the DagBag from /home/airflow/.local/lib/python3.12/site-packages/airflow/example_dags/example_sla_dag.py
[2025-03-19T00:18:03.160+0000] {processor.py:925} INFO - DAG(s) 'example_sla_dag' retrieved from /home/airflow/.local/lib/python3.12/site-packages/airflow/example_dags/example_sla_dag.py
[2025-03-19T00:18:03.172+0000] {logging_mixin.py:190} INFO - [2025-03-19T00:18:03.172+0000] {dag.py:3239} INFO - Sync 1 DAGs
[2025-03-19T00:18:03.190+0000] {logging_mixin.py:190} INFO - [2025-03-19T00:18:03.190+0000] {dag.py:4180} INFO - Setting next_dagrun for example_sla_dag to 2025-03-19 00:16:00+00:00, run_after=2025-03-19 00:18:00+00:00
[2025-03-19T00:18:03.204+0000] {processor.py:208} INFO - Processing /home/airflow/.local/lib/python3.12/site-packages/airflow/example_dags/example_sla_dag.py took 0.056 seconds
[2025-03-19T00:18:34.680+0000] {processor.py:186} INFO - Started process (PID=895) to work on /home/airflow/.local/lib/python3.12/site-packages/airflow/example_dags/example_sla_dag.py
[2025-03-19T00:18:34.681+0000] {processor.py:914} INFO - Processing file /home/airflow/.local/lib/python3.12/site-packages/airflow/example_dags/example_sla_dag.py for tasks to queue
[2025-03-19T00:18:34.682+0000] {logging_mixin.py:190} INFO - [2025-03-19T00:18:34.682+0000] {dagbag.py:588} INFO - Filling up the DagBag from /home/airflow/.local/lib/python3.12/site-packages/airflow/example_dags/example_sla_dag.py
[2025-03-19T00:18:34.691+0000] {processor.py:925} INFO - DAG(s) 'example_sla_dag' retrieved from /home/airflow/.local/lib/python3.12/site-packages/airflow/example_dags/example_sla_dag.py
[2025-03-19T00:18:34.706+0000] {logging_mixin.py:190} INFO - [2025-03-19T00:18:34.706+0000] {dag.py:3239} INFO - Sync 1 DAGs
[2025-03-19T00:18:34.734+0000] {logging_mixin.py:190} INFO - [2025-03-19T00:18:34.733+0000] {dag.py:4180} INFO - Setting next_dagrun for example_sla_dag to 2025-03-19 00:16:00+00:00, run_after=2025-03-19 00:18:00+00:00
[2025-03-19T00:18:34.753+0000] {processor.py:208} INFO - Processing /home/airflow/.local/lib/python3.12/site-packages/airflow/example_dags/example_sla_dag.py took 0.077 seconds
[2025-03-19T00:19:05.337+0000] {processor.py:186} INFO - Started process (PID=957) to work on /home/airflow/.local/lib/python3.12/site-packages/airflow/example_dags/example_sla_dag.py
[2025-03-19T00:19:05.338+0000] {processor.py:914} INFO - Processing file /home/airflow/.local/lib/python3.12/site-packages/airflow/example_dags/example_sla_dag.py for tasks to queue
[2025-03-19T00:19:05.339+0000] {logging_mixin.py:190} INFO - [2025-03-19T00:19:05.339+0000] {dagbag.py:588} INFO - Filling up the DagBag from /home/airflow/.local/lib/python3.12/site-packages/airflow/example_dags/example_sla_dag.py
[2025-03-19T00:19:05.346+0000] {processor.py:925} INFO - DAG(s) 'example_sla_dag' retrieved from /home/airflow/.local/lib/python3.12/site-packages/airflow/example_dags/example_sla_dag.py
[2025-03-19T00:19:05.360+0000] {logging_mixin.py:190} INFO - [2025-03-19T00:19:05.360+0000] {dag.py:3239} INFO - Sync 1 DAGs
[2025-03-19T00:19:05.382+0000] {logging_mixin.py:190} INFO - [2025-03-19T00:19:05.382+0000] {dag.py:4180} INFO - Setting next_dagrun for example_sla_dag to 2025-03-19 00:16:00+00:00, run_after=2025-03-19 00:18:00+00:00
[2025-03-19T00:19:05.397+0000] {processor.py:208} INFO - Processing /home/airflow/.local/lib/python3.12/site-packages/airflow/example_dags/example_sla_dag.py took 0.063 seconds
[2025-03-19T00:19:36.697+0000] {processor.py:186} INFO - Started process (PID=1020) to work on /home/airflow/.local/lib/python3.12/site-packages/airflow/example_dags/example_sla_dag.py
[2025-03-19T00:19:36.698+0000] {processor.py:914} INFO - Processing file /home/airflow/.local/lib/python3.12/site-packages/airflow/example_dags/example_sla_dag.py for tasks to queue
[2025-03-19T00:19:36.699+0000] {logging_mixin.py:190} INFO - [2025-03-19T00:19:36.699+0000] {dagbag.py:588} INFO - Filling up the DagBag from /home/airflow/.local/lib/python3.12/site-packages/airflow/example_dags/example_sla_dag.py
[2025-03-19T00:19:36.705+0000] {processor.py:925} INFO - DAG(s) 'example_sla_dag' retrieved from /home/airflow/.local/lib/python3.12/site-packages/airflow/example_dags/example_sla_dag.py
[2025-03-19T00:19:36.718+0000] {logging_mixin.py:190} INFO - [2025-03-19T00:19:36.717+0000] {dag.py:3239} INFO - Sync 1 DAGs
[2025-03-19T00:19:36.735+0000] {logging_mixin.py:190} INFO - [2025-03-19T00:19:36.735+0000] {dag.py:4180} INFO - Setting next_dagrun for example_sla_dag to 2025-03-19 00:16:00+00:00, run_after=2025-03-19 00:18:00+00:00
[2025-03-19T00:19:36.747+0000] {processor.py:208} INFO - Processing /home/airflow/.local/lib/python3.12/site-packages/airflow/example_dags/example_sla_dag.py took 0.054 seconds
[2025-03-19T00:20:07.996+0000] {processor.py:186} INFO - Started process (PID=1083) to work on /home/airflow/.local/lib/python3.12/site-packages/airflow/example_dags/example_sla_dag.py
[2025-03-19T00:20:07.997+0000] {processor.py:914} INFO - Processing file /home/airflow/.local/lib/python3.12/site-packages/airflow/example_dags/example_sla_dag.py for tasks to queue
[2025-03-19T00:20:07.998+0000] {logging_mixin.py:190} INFO - [2025-03-19T00:20:07.998+0000] {dagbag.py:588} INFO - Filling up the DagBag from /home/airflow/.local/lib/python3.12/site-packages/airflow/example_dags/example_sla_dag.py
[2025-03-19T00:20:08.008+0000] {processor.py:925} INFO - DAG(s) 'example_sla_dag' retrieved from /home/airflow/.local/lib/python3.12/site-packages/airflow/example_dags/example_sla_dag.py
[2025-03-19T00:20:08.025+0000] {logging_mixin.py:190} INFO - [2025-03-19T00:20:08.025+0000] {dag.py:3239} INFO - Sync 1 DAGs
[2025-03-19T00:20:08.050+0000] {logging_mixin.py:190} INFO - [2025-03-19T00:20:08.050+0000] {dag.py:4180} INFO - Setting next_dagrun for example_sla_dag to 2025-03-19 00:18:00+00:00, run_after=2025-03-19 00:20:00+00:00
[2025-03-19T00:20:08.065+0000] {processor.py:208} INFO - Processing /home/airflow/.local/lib/python3.12/site-packages/airflow/example_dags/example_sla_dag.py took 0.073 seconds
[2025-03-19T00:20:38.638+0000] {processor.py:186} INFO - Started process (PID=1146) to work on /home/airflow/.local/lib/python3.12/site-packages/airflow/example_dags/example_sla_dag.py
[2025-03-19T00:20:38.639+0000] {processor.py:914} INFO - Processing file /home/airflow/.local/lib/python3.12/site-packages/airflow/example_dags/example_sla_dag.py for tasks to queue
[2025-03-19T00:20:38.640+0000] {logging_mixin.py:190} INFO - [2025-03-19T00:20:38.640+0000] {dagbag.py:588} INFO - Filling up the DagBag from /home/airflow/.local/lib/python3.12/site-packages/airflow/example_dags/example_sla_dag.py
[2025-03-19T00:20:38.646+0000] {processor.py:925} INFO - DAG(s) 'example_sla_dag' retrieved from /home/airflow/.local/lib/python3.12/site-packages/airflow/example_dags/example_sla_dag.py
[2025-03-19T00:20:38.658+0000] {logging_mixin.py:190} INFO - [2025-03-19T00:20:38.657+0000] {dag.py:3239} INFO - Sync 1 DAGs
[2025-03-19T00:20:38.675+0000] {logging_mixin.py:190} INFO - [2025-03-19T00:20:38.675+0000] {dag.py:4180} INFO - Setting next_dagrun for example_sla_dag to 2025-03-19 00:18:00+00:00, run_after=2025-03-19 00:20:00+00:00
[2025-03-19T00:20:38.687+0000] {processor.py:208} INFO - Processing /home/airflow/.local/lib/python3.12/site-packages/airflow/example_dags/example_sla_dag.py took 0.053 seconds
[2025-03-19T00:21:09.856+0000] {processor.py:186} INFO - Started process (PID=1209) to work on /home/airflow/.local/lib/python3.12/site-packages/airflow/example_dags/example_sla_dag.py
[2025-03-19T00:21:09.857+0000] {processor.py:914} INFO - Processing file /home/airflow/.local/lib/python3.12/site-packages/airflow/example_dags/example_sla_dag.py for tasks to queue
[2025-03-19T00:21:09.858+0000] {logging_mixin.py:190} INFO - [2025-03-19T00:21:09.858+0000] {dagbag.py:588} INFO - Filling up the DagBag from /home/airflow/.local/lib/python3.12/site-packages/airflow/example_dags/example_sla_dag.py
[2025-03-19T00:21:09.864+0000] {processor.py:925} INFO - DAG(s) 'example_sla_dag' retrieved from /home/airflow/.local/lib/python3.12/site-packages/airflow/example_dags/example_sla_dag.py
[2025-03-19T00:21:09.876+0000] {logging_mixin.py:190} INFO - [2025-03-19T00:21:09.876+0000] {dag.py:3239} INFO - Sync 1 DAGs
[2025-03-19T00:21:09.893+0000] {logging_mixin.py:190} INFO - [2025-03-19T00:21:09.893+0000] {dag.py:4180} INFO - Setting next_dagrun for example_sla_dag to 2025-03-19 00:18:00+00:00, run_after=2025-03-19 00:20:00+00:00
[2025-03-19T00:21:09.904+0000] {processor.py:208} INFO - Processing /home/airflow/.local/lib/python3.12/site-packages/airflow/example_dags/example_sla_dag.py took 0.051 seconds
[2025-03-19T00:21:41.237+0000] {processor.py:186} INFO - Started process (PID=1272) to work on /home/airflow/.local/lib/python3.12/site-packages/airflow/example_dags/example_sla_dag.py
[2025-03-19T00:21:41.238+0000] {processor.py:914} INFO - Processing file /home/airflow/.local/lib/python3.12/site-packages/airflow/example_dags/example_sla_dag.py for tasks to queue
[2025-03-19T00:21:41.239+0000] {logging_mixin.py:190} INFO - [2025-03-19T00:21:41.239+0000] {dagbag.py:588} INFO - Filling up the DagBag from /home/airflow/.local/lib/python3.12/site-packages/airflow/example_dags/example_sla_dag.py
[2025-03-19T00:21:41.246+0000] {processor.py:925} INFO - DAG(s) 'example_sla_dag' retrieved from /home/airflow/.local/lib/python3.12/site-packages/airflow/example_dags/example_sla_dag.py
[2025-03-19T00:21:41.259+0000] {logging_mixin.py:190} INFO - [2025-03-19T00:21:41.259+0000] {dag.py:3239} INFO - Sync 1 DAGs
[2025-03-19T00:21:41.277+0000] {logging_mixin.py:190} INFO - [2025-03-19T00:21:41.277+0000] {dag.py:4180} INFO - Setting next_dagrun for example_sla_dag to 2025-03-19 00:18:00+00:00, run_after=2025-03-19 00:20:00+00:00
[2025-03-19T00:21:41.291+0000] {processor.py:208} INFO - Processing /home/airflow/.local/lib/python3.12/site-packages/airflow/example_dags/example_sla_dag.py took 0.057 seconds
[2025-03-19T00:22:12.530+0000] {processor.py:186} INFO - Started process (PID=1335) to work on /home/airflow/.local/lib/python3.12/site-packages/airflow/example_dags/example_sla_dag.py
[2025-03-19T00:22:12.531+0000] {processor.py:914} INFO - Processing file /home/airflow/.local/lib/python3.12/site-packages/airflow/example_dags/example_sla_dag.py for tasks to queue
[2025-03-19T00:22:12.532+0000] {logging_mixin.py:190} INFO - [2025-03-19T00:22:12.532+0000] {dagbag.py:588} INFO - Filling up the DagBag from /home/airflow/.local/lib/python3.12/site-packages/airflow/example_dags/example_sla_dag.py
[2025-03-19T00:22:12.538+0000] {processor.py:925} INFO - DAG(s) 'example_sla_dag' retrieved from /home/airflow/.local/lib/python3.12/site-packages/airflow/example_dags/example_sla_dag.py
[2025-03-19T00:22:12.550+0000] {logging_mixin.py:190} INFO - [2025-03-19T00:22:12.550+0000] {dag.py:3239} INFO - Sync 1 DAGs
[2025-03-19T00:22:12.567+0000] {logging_mixin.py:190} INFO - [2025-03-19T00:22:12.567+0000] {dag.py:4180} INFO - Setting next_dagrun for example_sla_dag to 2025-03-19 00:20:00+00:00, run_after=2025-03-19 00:22:00+00:00
[2025-03-19T00:22:12.579+0000] {processor.py:208} INFO - Processing /home/airflow/.local/lib/python3.12/site-packages/airflow/example_dags/example_sla_dag.py took 0.052 seconds
[2025-03-19T00:22:43.612+0000] {processor.py:186} INFO - Started process (PID=1397) to work on /home/airflow/.local/lib/python3.12/site-packages/airflow/example_dags/example_sla_dag.py
[2025-03-19T00:22:43.613+0000] {processor.py:914} INFO - Processing file /home/airflow/.local/lib/python3.12/site-packages/airflow/example_dags/example_sla_dag.py for tasks to queue
[2025-03-19T00:22:43.614+0000] {logging_mixin.py:190} INFO - [2025-03-19T00:22:43.614+0000] {dagbag.py:588} INFO - Filling up the DagBag from /home/airflow/.local/lib/python3.12/site-packages/airflow/example_dags/example_sla_dag.py
[2025-03-19T00:22:43.620+0000] {processor.py:925} INFO - DAG(s) 'example_sla_dag' retrieved from /home/airflow/.local/lib/python3.12/site-packages/airflow/example_dags/example_sla_dag.py
[2025-03-19T00:22:43.632+0000] {logging_mixin.py:190} INFO - [2025-03-19T00:22:43.632+0000] {dag.py:3239} INFO - Sync 1 DAGs
[2025-03-19T00:22:43.649+0000] {logging_mixin.py:190} INFO - [2025-03-19T00:22:43.649+0000] {dag.py:4180} INFO - Setting next_dagrun for example_sla_dag to 2025-03-19 00:20:00+00:00, run_after=2025-03-19 00:22:00+00:00
[2025-03-19T00:22:43.661+0000] {processor.py:208} INFO - Processing /home/airflow/.local/lib/python3.12/site-packages/airflow/example_dags/example_sla_dag.py took 0.053 seconds
[2025-03-19T00:23:14.789+0000] {processor.py:186} INFO - Started process (PID=1461) to work on /home/airflow/.local/lib/python3.12/site-packages/airflow/example_dags/example_sla_dag.py
[2025-03-19T00:23:14.790+0000] {processor.py:914} INFO - Processing file /home/airflow/.local/lib/python3.12/site-packages/airflow/example_dags/example_sla_dag.py for tasks to queue
[2025-03-19T00:23:14.791+0000] {logging_mixin.py:190} INFO - [2025-03-19T00:23:14.791+0000] {dagbag.py:588} INFO - Filling up the DagBag from /home/airflow/.local/lib/python3.12/site-packages/airflow/example_dags/example_sla_dag.py
[2025-03-19T00:23:14.797+0000] {processor.py:925} INFO - DAG(s) 'example_sla_dag' retrieved from /home/airflow/.local/lib/python3.12/site-packages/airflow/example_dags/example_sla_dag.py
[2025-03-19T00:23:14.809+0000] {logging_mixin.py:190} INFO - [2025-03-19T00:23:14.809+0000] {dag.py:3239} INFO - Sync 1 DAGs
[2025-03-19T00:23:14.826+0000] {logging_mixin.py:190} INFO - [2025-03-19T00:23:14.826+0000] {dag.py:4180} INFO - Setting next_dagrun for example_sla_dag to 2025-03-19 00:20:00+00:00, run_after=2025-03-19 00:22:00+00:00
[2025-03-19T00:23:14.838+0000] {processor.py:208} INFO - Processing /home/airflow/.local/lib/python3.12/site-packages/airflow/example_dags/example_sla_dag.py took 0.052 seconds
[2025-03-19T00:23:45.944+0000] {processor.py:186} INFO - Started process (PID=1524) to work on /home/airflow/.local/lib/python3.12/site-packages/airflow/example_dags/example_sla_dag.py
[2025-03-19T00:23:45.945+0000] {processor.py:914} INFO - Processing file /home/airflow/.local/lib/python3.12/site-packages/airflow/example_dags/example_sla_dag.py for tasks to queue
[2025-03-19T00:23:45.946+0000] {logging_mixin.py:190} INFO - [2025-03-19T00:23:45.946+0000] {dagbag.py:588} INFO - Filling up the DagBag from /home/airflow/.local/lib/python3.12/site-packages/airflow/example_dags/example_sla_dag.py
[2025-03-19T00:23:45.952+0000] {processor.py:925} INFO - DAG(s) 'example_sla_dag' retrieved from /home/airflow/.local/lib/python3.12/site-packages/airflow/example_dags/example_sla_dag.py
[2025-03-19T00:23:45.964+0000] {logging_mixin.py:190} INFO - [2025-03-19T00:23:45.964+0000] {dag.py:3239} INFO - Sync 1 DAGs
[2025-03-19T00:23:45.980+0000] {logging_mixin.py:190} INFO - [2025-03-19T00:23:45.980+0000] {dag.py:4180} INFO - Setting next_dagrun for example_sla_dag to 2025-03-19 00:20:00+00:00, run_after=2025-03-19 00:22:00+00:00
[2025-03-19T00:23:45.994+0000] {processor.py:208} INFO - Processing /home/airflow/.local/lib/python3.12/site-packages/airflow/example_dags/example_sla_dag.py took 0.053 seconds
[2025-03-19T00:24:17.152+0000] {processor.py:186} INFO - Started process (PID=1587) to work on /home/airflow/.local/lib/python3.12/site-packages/airflow/example_dags/example_sla_dag.py
[2025-03-19T00:24:17.152+0000] {processor.py:914} INFO - Processing file /home/airflow/.local/lib/python3.12/site-packages/airflow/example_dags/example_sla_dag.py for tasks to queue
[2025-03-19T00:24:17.154+0000] {logging_mixin.py:190} INFO - [2025-03-19T00:24:17.154+0000] {dagbag.py:588} INFO - Filling up the DagBag from /home/airflow/.local/lib/python3.12/site-packages/airflow/example_dags/example_sla_dag.py
[2025-03-19T00:24:17.160+0000] {processor.py:925} INFO - DAG(s) 'example_sla_dag' retrieved from /home/airflow/.local/lib/python3.12/site-packages/airflow/example_dags/example_sla_dag.py
[2025-03-19T00:24:17.173+0000] {logging_mixin.py:190} INFO - [2025-03-19T00:24:17.173+0000] {dag.py:3239} INFO - Sync 1 DAGs
[2025-03-19T00:24:17.192+0000] {logging_mixin.py:190} INFO - [2025-03-19T00:24:17.192+0000] {dag.py:4180} INFO - Setting next_dagrun for example_sla_dag to 2025-03-19 00:22:00+00:00, run_after=2025-03-19 00:24:00+00:00
[2025-03-19T00:24:17.206+0000] {processor.py:208} INFO - Processing /home/airflow/.local/lib/python3.12/site-packages/airflow/example_dags/example_sla_dag.py took 0.057 seconds
[2025-03-19T00:24:48.362+0000] {processor.py:186} INFO - Started process (PID=1650) to work on /home/airflow/.local/lib/python3.12/site-packages/airflow/example_dags/example_sla_dag.py
[2025-03-19T00:24:48.363+0000] {processor.py:914} INFO - Processing file /home/airflow/.local/lib/python3.12/site-packages/airflow/example_dags/example_sla_dag.py for tasks to queue
[2025-03-19T00:24:48.364+0000] {logging_mixin.py:190} INFO - [2025-03-19T00:24:48.364+0000] {dagbag.py:588} INFO - Filling up the DagBag from /home/airflow/.local/lib/python3.12/site-packages/airflow/example_dags/example_sla_dag.py
[2025-03-19T00:24:48.371+0000] {processor.py:925} INFO - DAG(s) 'example_sla_dag' retrieved from /home/airflow/.local/lib/python3.12/site-packages/airflow/example_dags/example_sla_dag.py
[2025-03-19T00:24:48.384+0000] {logging_mixin.py:190} INFO - [2025-03-19T00:24:48.384+0000] {dag.py:3239} INFO - Sync 1 DAGs
[2025-03-19T00:24:48.403+0000] {logging_mixin.py:190} INFO - [2025-03-19T00:24:48.403+0000] {dag.py:4180} INFO - Setting next_dagrun for example_sla_dag to 2025-03-19 00:22:00+00:00, run_after=2025-03-19 00:24:00+00:00
[2025-03-19T00:24:48.415+0000] {processor.py:208} INFO - Processing /home/airflow/.local/lib/python3.12/site-packages/airflow/example_dags/example_sla_dag.py took 0.056 seconds
[2025-03-19T00:25:19.445+0000] {processor.py:186} INFO - Started process (PID=1713) to work on /home/airflow/.local/lib/python3.12/site-packages/airflow/example_dags/example_sla_dag.py
[2025-03-19T00:25:19.445+0000] {processor.py:914} INFO - Processing file /home/airflow/.local/lib/python3.12/site-packages/airflow/example_dags/example_sla_dag.py for tasks to queue
[2025-03-19T00:25:19.447+0000] {logging_mixin.py:190} INFO - [2025-03-19T00:25:19.446+0000] {dagbag.py:588} INFO - Filling up the DagBag from /home/airflow/.local/lib/python3.12/site-packages/airflow/example_dags/example_sla_dag.py
[2025-03-19T00:25:19.453+0000] {processor.py:925} INFO - DAG(s) 'example_sla_dag' retrieved from /home/airflow/.local/lib/python3.12/site-packages/airflow/example_dags/example_sla_dag.py
[2025-03-19T00:25:19.466+0000] {logging_mixin.py:190} INFO - [2025-03-19T00:25:19.465+0000] {dag.py:3239} INFO - Sync 1 DAGs
[2025-03-19T00:25:19.483+0000] {logging_mixin.py:190} INFO - [2025-03-19T00:25:19.483+0000] {dag.py:4180} INFO - Setting next_dagrun for example_sla_dag to 2025-03-19 00:22:00+00:00, run_after=2025-03-19 00:24:00+00:00
[2025-03-19T00:25:19.496+0000] {processor.py:208} INFO - Processing /home/airflow/.local/lib/python3.12/site-packages/airflow/example_dags/example_sla_dag.py took 0.055 seconds
[2025-03-19T00:25:50.447+0000] {processor.py:186} INFO - Started process (PID=1776) to work on /home/airflow/.local/lib/python3.12/site-packages/airflow/example_dags/example_sla_dag.py
[2025-03-19T00:25:50.448+0000] {processor.py:914} INFO - Processing file /home/airflow/.local/lib/python3.12/site-packages/airflow/example_dags/example_sla_dag.py for tasks to queue
[2025-03-19T00:25:50.449+0000] {logging_mixin.py:190} INFO - [2025-03-19T00:25:50.449+0000] {dagbag.py:588} INFO - Filling up the DagBag from /home/airflow/.local/lib/python3.12/site-packages/airflow/example_dags/example_sla_dag.py
[2025-03-19T00:25:50.455+0000] {processor.py:925} INFO - DAG(s) 'example_sla_dag' retrieved from /home/airflow/.local/lib/python3.12/site-packages/airflow/example_dags/example_sla_dag.py
[2025-03-19T00:25:50.467+0000] {logging_mixin.py:190} INFO - [2025-03-19T00:25:50.467+0000] {dag.py:3239} INFO - Sync 1 DAGs
[2025-03-19T00:25:50.484+0000] {logging_mixin.py:190} INFO - [2025-03-19T00:25:50.484+0000] {dag.py:4180} INFO - Setting next_dagrun for example_sla_dag to 2025-03-19 00:22:00+00:00, run_after=2025-03-19 00:24:00+00:00
[2025-03-19T00:25:50.495+0000] {processor.py:208} INFO - Processing /home/airflow/.local/lib/python3.12/site-packages/airflow/example_dags/example_sla_dag.py took 0.052 seconds
[2025-03-19T00:26:21.513+0000] {processor.py:186} INFO - Started process (PID=1839) to work on /home/airflow/.local/lib/python3.12/site-packages/airflow/example_dags/example_sla_dag.py
[2025-03-19T00:26:21.514+0000] {processor.py:914} INFO - Processing file /home/airflow/.local/lib/python3.12/site-packages/airflow/example_dags/example_sla_dag.py for tasks to queue
[2025-03-19T00:26:21.515+0000] {logging_mixin.py:190} INFO - [2025-03-19T00:26:21.514+0000] {dagbag.py:588} INFO - Filling up the DagBag from /home/airflow/.local/lib/python3.12/site-packages/airflow/example_dags/example_sla_dag.py
[2025-03-19T00:26:21.521+0000] {processor.py:925} INFO - DAG(s) 'example_sla_dag' retrieved from /home/airflow/.local/lib/python3.12/site-packages/airflow/example_dags/example_sla_dag.py
[2025-03-19T00:26:21.532+0000] {logging_mixin.py:190} INFO - [2025-03-19T00:26:21.532+0000] {dag.py:3239} INFO - Sync 1 DAGs
[2025-03-19T00:26:21.549+0000] {logging_mixin.py:190} INFO - [2025-03-19T00:26:21.549+0000] {dag.py:4180} INFO - Setting next_dagrun for example_sla_dag to 2025-03-19 00:24:00+00:00, run_after=2025-03-19 00:26:00+00:00
[2025-03-19T00:26:21.561+0000] {processor.py:208} INFO - Processing /home/airflow/.local/lib/python3.12/site-packages/airflow/example_dags/example_sla_dag.py took 0.051 seconds
[2025-03-19T00:26:52.649+0000] {processor.py:186} INFO - Started process (PID=1902) to work on /home/airflow/.local/lib/python3.12/site-packages/airflow/example_dags/example_sla_dag.py
[2025-03-19T00:26:52.650+0000] {processor.py:914} INFO - Processing file /home/airflow/.local/lib/python3.12/site-packages/airflow/example_dags/example_sla_dag.py for tasks to queue
[2025-03-19T00:26:52.651+0000] {logging_mixin.py:190} INFO - [2025-03-19T00:26:52.651+0000] {dagbag.py:588} INFO - Filling up the DagBag from /home/airflow/.local/lib/python3.12/site-packages/airflow/example_dags/example_sla_dag.py
[2025-03-19T00:26:52.658+0000] {processor.py:925} INFO - DAG(s) 'example_sla_dag' retrieved from /home/airflow/.local/lib/python3.12/site-packages/airflow/example_dags/example_sla_dag.py
[2025-03-19T00:26:52.669+0000] {logging_mixin.py:190} INFO - [2025-03-19T00:26:52.669+0000] {dag.py:3239} INFO - Sync 1 DAGs
[2025-03-19T00:26:52.686+0000] {logging_mixin.py:190} INFO - [2025-03-19T00:26:52.686+0000] {dag.py:4180} INFO - Setting next_dagrun for example_sla_dag to 2025-03-19 00:24:00+00:00, run_after=2025-03-19 00:26:00+00:00
[2025-03-19T00:26:52.698+0000] {processor.py:208} INFO - Processing /home/airflow/.local/lib/python3.12/site-packages/airflow/example_dags/example_sla_dag.py took 0.052 seconds
[2025-03-19T00:27:23.899+0000] {processor.py:186} INFO - Started process (PID=1965) to work on /home/airflow/.local/lib/python3.12/site-packages/airflow/example_dags/example_sla_dag.py
[2025-03-19T00:27:23.899+0000] {processor.py:914} INFO - Processing file /home/airflow/.local/lib/python3.12/site-packages/airflow/example_dags/example_sla_dag.py for tasks to queue
[2025-03-19T00:27:23.900+0000] {logging_mixin.py:190} INFO - [2025-03-19T00:27:23.900+0000] {dagbag.py:588} INFO - Filling up the DagBag from /home/airflow/.local/lib/python3.12/site-packages/airflow/example_dags/example_sla_dag.py
[2025-03-19T00:27:23.907+0000] {processor.py:925} INFO - DAG(s) 'example_sla_dag' retrieved from /home/airflow/.local/lib/python3.12/site-packages/airflow/example_dags/example_sla_dag.py
[2025-03-19T00:27:23.918+0000] {logging_mixin.py:190} INFO - [2025-03-19T00:27:23.918+0000] {dag.py:3239} INFO - Sync 1 DAGs
[2025-03-19T00:27:23.935+0000] {logging_mixin.py:190} INFO - [2025-03-19T00:27:23.935+0000] {dag.py:4180} INFO - Setting next_dagrun for example_sla_dag to 2025-03-19 00:24:00+00:00, run_after=2025-03-19 00:26:00+00:00
[2025-03-19T00:27:23.946+0000] {processor.py:208} INFO - Processing /home/airflow/.local/lib/python3.12/site-packages/airflow/example_dags/example_sla_dag.py took 0.051 seconds
[2025-03-19T00:27:55.156+0000] {processor.py:186} INFO - Started process (PID=2034) to work on /home/airflow/.local/lib/python3.12/site-packages/airflow/example_dags/example_sla_dag.py
[2025-03-19T00:27:55.156+0000] {processor.py:914} INFO - Processing file /home/airflow/.local/lib/python3.12/site-packages/airflow/example_dags/example_sla_dag.py for tasks to queue
[2025-03-19T00:27:55.157+0000] {logging_mixin.py:190} INFO - [2025-03-19T00:27:55.157+0000] {dagbag.py:588} INFO - Filling up the DagBag from /home/airflow/.local/lib/python3.12/site-packages/airflow/example_dags/example_sla_dag.py
[2025-03-19T00:27:55.163+0000] {processor.py:925} INFO - DAG(s) 'example_sla_dag' retrieved from /home/airflow/.local/lib/python3.12/site-packages/airflow/example_dags/example_sla_dag.py
[2025-03-19T00:27:55.175+0000] {logging_mixin.py:190} INFO - [2025-03-19T00:27:55.175+0000] {dag.py:3239} INFO - Sync 1 DAGs
[2025-03-19T00:27:55.192+0000] {logging_mixin.py:190} INFO - [2025-03-19T00:27:55.192+0000] {dag.py:4180} INFO - Setting next_dagrun for example_sla_dag to 2025-03-19 00:24:00+00:00, run_after=2025-03-19 00:26:00+00:00
[2025-03-19T00:27:55.203+0000] {processor.py:208} INFO - Processing /home/airflow/.local/lib/python3.12/site-packages/airflow/example_dags/example_sla_dag.py took 0.051 seconds
[2025-03-19T00:28:26.518+0000] {processor.py:186} INFO - Started process (PID=2097) to work on /home/airflow/.local/lib/python3.12/site-packages/airflow/example_dags/example_sla_dag.py
[2025-03-19T00:28:26.519+0000] {processor.py:914} INFO - Processing file /home/airflow/.local/lib/python3.12/site-packages/airflow/example_dags/example_sla_dag.py for tasks to queue
[2025-03-19T00:28:26.520+0000] {logging_mixin.py:190} INFO - [2025-03-19T00:28:26.520+0000] {dagbag.py:588} INFO - Filling up the DagBag from /home/airflow/.local/lib/python3.12/site-packages/airflow/example_dags/example_sla_dag.py
[2025-03-19T00:28:26.526+0000] {processor.py:925} INFO - DAG(s) 'example_sla_dag' retrieved from /home/airflow/.local/lib/python3.12/site-packages/airflow/example_dags/example_sla_dag.py
[2025-03-19T00:28:26.538+0000] {logging_mixin.py:190} INFO - [2025-03-19T00:28:26.538+0000] {dag.py:3239} INFO - Sync 1 DAGs
[2025-03-19T00:28:26.555+0000] {logging_mixin.py:190} INFO - [2025-03-19T00:28:26.554+0000] {dag.py:4180} INFO - Setting next_dagrun for example_sla_dag to 2025-03-19 00:26:00+00:00, run_after=2025-03-19 00:28:00+00:00
[2025-03-19T00:28:26.566+0000] {processor.py:208} INFO - Processing /home/airflow/.local/lib/python3.12/site-packages/airflow/example_dags/example_sla_dag.py took 0.052 seconds
[2025-03-19T00:28:57.774+0000] {processor.py:186} INFO - Started process (PID=2159) to work on /home/airflow/.local/lib/python3.12/site-packages/airflow/example_dags/example_sla_dag.py
[2025-03-19T00:28:57.774+0000] {processor.py:914} INFO - Processing file /home/airflow/.local/lib/python3.12/site-packages/airflow/example_dags/example_sla_dag.py for tasks to queue
[2025-03-19T00:28:57.776+0000] {logging_mixin.py:190} INFO - [2025-03-19T00:28:57.775+0000] {dagbag.py:588} INFO - Filling up the DagBag from /home/airflow/.local/lib/python3.12/site-packages/airflow/example_dags/example_sla_dag.py
[2025-03-19T00:28:57.782+0000] {processor.py:925} INFO - DAG(s) 'example_sla_dag' retrieved from /home/airflow/.local/lib/python3.12/site-packages/airflow/example_dags/example_sla_dag.py
[2025-03-19T00:28:57.793+0000] {logging_mixin.py:190} INFO - [2025-03-19T00:28:57.793+0000] {dag.py:3239} INFO - Sync 1 DAGs
[2025-03-19T00:28:57.810+0000] {logging_mixin.py:190} INFO - [2025-03-19T00:28:57.810+0000] {dag.py:4180} INFO - Setting next_dagrun for example_sla_dag to 2025-03-19 00:26:00+00:00, run_after=2025-03-19 00:28:00+00:00
[2025-03-19T00:28:57.822+0000] {processor.py:208} INFO - Processing /home/airflow/.local/lib/python3.12/site-packages/airflow/example_dags/example_sla_dag.py took 0.051 seconds
[2025-03-19T00:29:28.869+0000] {processor.py:186} INFO - Started process (PID=2222) to work on /home/airflow/.local/lib/python3.12/site-packages/airflow/example_dags/example_sla_dag.py
[2025-03-19T00:29:28.870+0000] {processor.py:914} INFO - Processing file /home/airflow/.local/lib/python3.12/site-packages/airflow/example_dags/example_sla_dag.py for tasks to queue
[2025-03-19T00:29:28.871+0000] {logging_mixin.py:190} INFO - [2025-03-19T00:29:28.871+0000] {dagbag.py:588} INFO - Filling up the DagBag from /home/airflow/.local/lib/python3.12/site-packages/airflow/example_dags/example_sla_dag.py
[2025-03-19T00:29:28.878+0000] {processor.py:925} INFO - DAG(s) 'example_sla_dag' retrieved from /home/airflow/.local/lib/python3.12/site-packages/airflow/example_dags/example_sla_dag.py
[2025-03-19T00:29:28.890+0000] {logging_mixin.py:190} INFO - [2025-03-19T00:29:28.890+0000] {dag.py:3239} INFO - Sync 1 DAGs
[2025-03-19T00:29:28.907+0000] {logging_mixin.py:190} INFO - [2025-03-19T00:29:28.906+0000] {dag.py:4180} INFO - Setting next_dagrun for example_sla_dag to 2025-03-19 00:26:00+00:00, run_after=2025-03-19 00:28:00+00:00
[2025-03-19T00:29:28.919+0000] {processor.py:208} INFO - Processing /home/airflow/.local/lib/python3.12/site-packages/airflow/example_dags/example_sla_dag.py took 0.053 seconds
[2025-03-19T00:30:00.100+0000] {processor.py:186} INFO - Started process (PID=2285) to work on /home/airflow/.local/lib/python3.12/site-packages/airflow/example_dags/example_sla_dag.py
[2025-03-19T00:30:00.100+0000] {processor.py:914} INFO - Processing file /home/airflow/.local/lib/python3.12/site-packages/airflow/example_dags/example_sla_dag.py for tasks to queue
[2025-03-19T00:30:00.102+0000] {logging_mixin.py:190} INFO - [2025-03-19T00:30:00.101+0000] {dagbag.py:588} INFO - Filling up the DagBag from /home/airflow/.local/lib/python3.12/site-packages/airflow/example_dags/example_sla_dag.py
[2025-03-19T00:30:00.108+0000] {processor.py:925} INFO - DAG(s) 'example_sla_dag' retrieved from /home/airflow/.local/lib/python3.12/site-packages/airflow/example_dags/example_sla_dag.py
[2025-03-19T00:30:00.120+0000] {logging_mixin.py:190} INFO - [2025-03-19T00:30:00.120+0000] {dag.py:3239} INFO - Sync 1 DAGs
[2025-03-19T00:30:00.137+0000] {logging_mixin.py:190} INFO - [2025-03-19T00:30:00.137+0000] {dag.py:4180} INFO - Setting next_dagrun for example_sla_dag to 2025-03-19 00:28:00+00:00, run_after=2025-03-19 00:30:00+00:00
[2025-03-19T00:30:00.149+0000] {processor.py:208} INFO - Processing /home/airflow/.local/lib/python3.12/site-packages/airflow/example_dags/example_sla_dag.py took 0.053 seconds
[2025-03-19T00:30:31.359+0000] {processor.py:186} INFO - Started process (PID=2348) to work on /home/airflow/.local/lib/python3.12/site-packages/airflow/example_dags/example_sla_dag.py
[2025-03-19T00:30:31.359+0000] {processor.py:914} INFO - Processing file /home/airflow/.local/lib/python3.12/site-packages/airflow/example_dags/example_sla_dag.py for tasks to queue
[2025-03-19T00:30:31.360+0000] {logging_mixin.py:190} INFO - [2025-03-19T00:30:31.360+0000] {dagbag.py:588} INFO - Filling up the DagBag from /home/airflow/.local/lib/python3.12/site-packages/airflow/example_dags/example_sla_dag.py
[2025-03-19T00:30:31.366+0000] {processor.py:925} INFO - DAG(s) 'example_sla_dag' retrieved from /home/airflow/.local/lib/python3.12/site-packages/airflow/example_dags/example_sla_dag.py
[2025-03-19T00:30:31.378+0000] {logging_mixin.py:190} INFO - [2025-03-19T00:30:31.378+0000] {dag.py:3239} INFO - Sync 1 DAGs
[2025-03-19T00:30:31.394+0000] {logging_mixin.py:190} INFO - [2025-03-19T00:30:31.394+0000] {dag.py:4180} INFO - Setting next_dagrun for example_sla_dag to 2025-03-19 00:28:00+00:00, run_after=2025-03-19 00:30:00+00:00
[2025-03-19T00:30:31.406+0000] {processor.py:208} INFO - Processing /home/airflow/.local/lib/python3.12/site-packages/airflow/example_dags/example_sla_dag.py took 0.050 seconds
[2025-03-19T00:31:02.686+0000] {processor.py:186} INFO - Started process (PID=2411) to work on /home/airflow/.local/lib/python3.12/site-packages/airflow/example_dags/example_sla_dag.py
[2025-03-19T00:31:02.686+0000] {processor.py:914} INFO - Processing file /home/airflow/.local/lib/python3.12/site-packages/airflow/example_dags/example_sla_dag.py for tasks to queue
[2025-03-19T00:31:02.687+0000] {logging_mixin.py:190} INFO - [2025-03-19T00:31:02.687+0000] {dagbag.py:588} INFO - Filling up the DagBag from /home/airflow/.local/lib/python3.12/site-packages/airflow/example_dags/example_sla_dag.py
[2025-03-19T00:31:02.694+0000] {processor.py:925} INFO - DAG(s) 'example_sla_dag' retrieved from /home/airflow/.local/lib/python3.12/site-packages/airflow/example_dags/example_sla_dag.py
[2025-03-19T00:31:02.706+0000] {logging_mixin.py:190} INFO - [2025-03-19T00:31:02.706+0000] {dag.py:3239} INFO - Sync 1 DAGs
[2025-03-19T00:31:02.723+0000] {logging_mixin.py:190} INFO - [2025-03-19T00:31:02.723+0000] {dag.py:4180} INFO - Setting next_dagrun for example_sla_dag to 2025-03-19 00:28:00+00:00, run_after=2025-03-19 00:30:00+00:00
[2025-03-19T00:31:02.734+0000] {processor.py:208} INFO - Processing /home/airflow/.local/lib/python3.12/site-packages/airflow/example_dags/example_sla_dag.py took 0.052 seconds
[2025-03-19T00:31:33.403+0000] {processor.py:186} INFO - Started process (PID=2474) to work on /home/airflow/.local/lib/python3.12/site-packages/airflow/example_dags/example_sla_dag.py
[2025-03-19T00:31:33.404+0000] {processor.py:914} INFO - Processing file /home/airflow/.local/lib/python3.12/site-packages/airflow/example_dags/example_sla_dag.py for tasks to queue
[2025-03-19T00:31:33.406+0000] {logging_mixin.py:190} INFO - [2025-03-19T00:31:33.406+0000] {dagbag.py:588} INFO - Filling up the DagBag from /home/airflow/.local/lib/python3.12/site-packages/airflow/example_dags/example_sla_dag.py
[2025-03-19T00:31:33.412+0000] {processor.py:925} INFO - DAG(s) 'example_sla_dag' retrieved from /home/airflow/.local/lib/python3.12/site-packages/airflow/example_dags/example_sla_dag.py
[2025-03-19T00:31:33.426+0000] {logging_mixin.py:190} INFO - [2025-03-19T00:31:33.426+0000] {dag.py:3239} INFO - Sync 1 DAGs
[2025-03-19T00:31:33.445+0000] {logging_mixin.py:190} INFO - [2025-03-19T00:31:33.445+0000] {dag.py:4180} INFO - Setting next_dagrun for example_sla_dag to 2025-03-19 00:28:00+00:00, run_after=2025-03-19 00:30:00+00:00
[2025-03-19T00:31:33.459+0000] {processor.py:208} INFO - Processing /home/airflow/.local/lib/python3.12/site-packages/airflow/example_dags/example_sla_dag.py took 0.059 seconds
[2025-03-19T00:32:04.451+0000] {processor.py:186} INFO - Started process (PID=2537) to work on /home/airflow/.local/lib/python3.12/site-packages/airflow/example_dags/example_sla_dag.py
[2025-03-19T00:32:04.451+0000] {processor.py:914} INFO - Processing file /home/airflow/.local/lib/python3.12/site-packages/airflow/example_dags/example_sla_dag.py for tasks to queue
[2025-03-19T00:32:04.453+0000] {logging_mixin.py:190} INFO - [2025-03-19T00:32:04.452+0000] {dagbag.py:588} INFO - Filling up the DagBag from /home/airflow/.local/lib/python3.12/site-packages/airflow/example_dags/example_sla_dag.py
[2025-03-19T00:32:04.459+0000] {processor.py:925} INFO - DAG(s) 'example_sla_dag' retrieved from /home/airflow/.local/lib/python3.12/site-packages/airflow/example_dags/example_sla_dag.py
[2025-03-19T00:32:04.472+0000] {logging_mixin.py:190} INFO - [2025-03-19T00:32:04.472+0000] {dag.py:3239} INFO - Sync 1 DAGs
[2025-03-19T00:32:04.490+0000] {logging_mixin.py:190} INFO - [2025-03-19T00:32:04.490+0000] {dag.py:4180} INFO - Setting next_dagrun for example_sla_dag to 2025-03-19 00:30:00+00:00, run_after=2025-03-19 00:32:00+00:00
[2025-03-19T00:32:04.503+0000] {processor.py:208} INFO - Processing /home/airflow/.local/lib/python3.12/site-packages/airflow/example_dags/example_sla_dag.py took 0.055 seconds
[2025-03-19T00:32:35.666+0000] {processor.py:186} INFO - Started process (PID=2600) to work on /home/airflow/.local/lib/python3.12/site-packages/airflow/example_dags/example_sla_dag.py
[2025-03-19T00:32:35.667+0000] {processor.py:914} INFO - Processing file /home/airflow/.local/lib/python3.12/site-packages/airflow/example_dags/example_sla_dag.py for tasks to queue
[2025-03-19T00:32:35.668+0000] {logging_mixin.py:190} INFO - [2025-03-19T00:32:35.668+0000] {dagbag.py:588} INFO - Filling up the DagBag from /home/airflow/.local/lib/python3.12/site-packages/airflow/example_dags/example_sla_dag.py
[2025-03-19T00:32:35.675+0000] {processor.py:925} INFO - DAG(s) 'example_sla_dag' retrieved from /home/airflow/.local/lib/python3.12/site-packages/airflow/example_dags/example_sla_dag.py
[2025-03-19T00:32:35.688+0000] {logging_mixin.py:190} INFO - [2025-03-19T00:32:35.687+0000] {dag.py:3239} INFO - Sync 1 DAGs
[2025-03-19T00:32:35.706+0000] {logging_mixin.py:190} INFO - [2025-03-19T00:32:35.706+0000] {dag.py:4180} INFO - Setting next_dagrun for example_sla_dag to 2025-03-19 00:30:00+00:00, run_after=2025-03-19 00:32:00+00:00
[2025-03-19T00:32:35.718+0000] {processor.py:208} INFO - Processing /home/airflow/.local/lib/python3.12/site-packages/airflow/example_dags/example_sla_dag.py took 0.056 seconds
[2025-03-19T00:33:06.506+0000] {processor.py:186} INFO - Started process (PID=2663) to work on /home/airflow/.local/lib/python3.12/site-packages/airflow/example_dags/example_sla_dag.py
[2025-03-19T00:33:06.507+0000] {processor.py:914} INFO - Processing file /home/airflow/.local/lib/python3.12/site-packages/airflow/example_dags/example_sla_dag.py for tasks to queue
[2025-03-19T00:33:06.509+0000] {logging_mixin.py:190} INFO - [2025-03-19T00:33:06.509+0000] {dagbag.py:588} INFO - Filling up the DagBag from /home/airflow/.local/lib/python3.12/site-packages/airflow/example_dags/example_sla_dag.py
[2025-03-19T00:33:06.518+0000] {processor.py:925} INFO - DAG(s) 'example_sla_dag' retrieved from /home/airflow/.local/lib/python3.12/site-packages/airflow/example_dags/example_sla_dag.py
[2025-03-19T00:33:06.534+0000] {logging_mixin.py:190} INFO - [2025-03-19T00:33:06.534+0000] {dag.py:3239} INFO - Sync 1 DAGs
[2025-03-19T00:33:06.565+0000] {logging_mixin.py:190} INFO - [2025-03-19T00:33:06.564+0000] {dag.py:4180} INFO - Setting next_dagrun for example_sla_dag to 2025-03-19 00:30:00+00:00, run_after=2025-03-19 00:32:00+00:00
[2025-03-19T00:33:06.584+0000] {processor.py:208} INFO - Processing /home/airflow/.local/lib/python3.12/site-packages/airflow/example_dags/example_sla_dag.py took 0.083 seconds
[2025-03-19T00:33:37.143+0000] {processor.py:186} INFO - Started process (PID=2726) to work on /home/airflow/.local/lib/python3.12/site-packages/airflow/example_dags/example_sla_dag.py
[2025-03-19T00:33:37.143+0000] {processor.py:914} INFO - Processing file /home/airflow/.local/lib/python3.12/site-packages/airflow/example_dags/example_sla_dag.py for tasks to queue
[2025-03-19T00:33:37.145+0000] {logging_mixin.py:190} INFO - [2025-03-19T00:33:37.145+0000] {dagbag.py:588} INFO - Filling up the DagBag from /home/airflow/.local/lib/python3.12/site-packages/airflow/example_dags/example_sla_dag.py
[2025-03-19T00:33:37.152+0000] {processor.py:925} INFO - DAG(s) 'example_sla_dag' retrieved from /home/airflow/.local/lib/python3.12/site-packages/airflow/example_dags/example_sla_dag.py
[2025-03-19T00:33:37.165+0000] {logging_mixin.py:190} INFO - [2025-03-19T00:33:37.165+0000] {dag.py:3239} INFO - Sync 1 DAGs
[2025-03-19T00:33:37.183+0000] {logging_mixin.py:190} INFO - [2025-03-19T00:33:37.183+0000] {dag.py:4180} INFO - Setting next_dagrun for example_sla_dag to 2025-03-19 00:30:00+00:00, run_after=2025-03-19 00:32:00+00:00
[2025-03-19T00:33:37.195+0000] {processor.py:208} INFO - Processing /home/airflow/.local/lib/python3.12/site-packages/airflow/example_dags/example_sla_dag.py took 0.056 seconds
[2025-03-19T00:34:07.874+0000] {processor.py:186} INFO - Started process (PID=2789) to work on /home/airflow/.local/lib/python3.12/site-packages/airflow/example_dags/example_sla_dag.py
[2025-03-19T00:34:07.874+0000] {processor.py:914} INFO - Processing file /home/airflow/.local/lib/python3.12/site-packages/airflow/example_dags/example_sla_dag.py for tasks to queue
[2025-03-19T00:34:07.876+0000] {logging_mixin.py:190} INFO - [2025-03-19T00:34:07.875+0000] {dagbag.py:588} INFO - Filling up the DagBag from /home/airflow/.local/lib/python3.12/site-packages/airflow/example_dags/example_sla_dag.py
[2025-03-19T00:34:07.882+0000] {processor.py:925} INFO - DAG(s) 'example_sla_dag' retrieved from /home/airflow/.local/lib/python3.12/site-packages/airflow/example_dags/example_sla_dag.py
[2025-03-19T00:34:07.895+0000] {logging_mixin.py:190} INFO - [2025-03-19T00:34:07.895+0000] {dag.py:3239} INFO - Sync 1 DAGs
[2025-03-19T00:34:07.913+0000] {logging_mixin.py:190} INFO - [2025-03-19T00:34:07.913+0000] {dag.py:4180} INFO - Setting next_dagrun for example_sla_dag to 2025-03-19 00:32:00+00:00, run_after=2025-03-19 00:34:00+00:00
[2025-03-19T00:34:07.926+0000] {processor.py:208} INFO - Processing /home/airflow/.local/lib/python3.12/site-packages/airflow/example_dags/example_sla_dag.py took 0.056 seconds
[2025-03-19T00:34:38.649+0000] {processor.py:186} INFO - Started process (PID=2852) to work on /home/airflow/.local/lib/python3.12/site-packages/airflow/example_dags/example_sla_dag.py
[2025-03-19T00:34:38.650+0000] {processor.py:914} INFO - Processing file /home/airflow/.local/lib/python3.12/site-packages/airflow/example_dags/example_sla_dag.py for tasks to queue
[2025-03-19T00:34:38.651+0000] {logging_mixin.py:190} INFO - [2025-03-19T00:34:38.651+0000] {dagbag.py:588} INFO - Filling up the DagBag from /home/airflow/.local/lib/python3.12/site-packages/airflow/example_dags/example_sla_dag.py
[2025-03-19T00:34:38.658+0000] {processor.py:925} INFO - DAG(s) 'example_sla_dag' retrieved from /home/airflow/.local/lib/python3.12/site-packages/airflow/example_dags/example_sla_dag.py
[2025-03-19T00:34:38.672+0000] {logging_mixin.py:190} INFO - [2025-03-19T00:34:38.672+0000] {dag.py:3239} INFO - Sync 1 DAGs
[2025-03-19T00:34:38.695+0000] {logging_mixin.py:190} INFO - [2025-03-19T00:34:38.695+0000] {dag.py:4180} INFO - Setting next_dagrun for example_sla_dag to 2025-03-19 00:32:00+00:00, run_after=2025-03-19 00:34:00+00:00
[2025-03-19T00:34:38.708+0000] {processor.py:208} INFO - Processing /home/airflow/.local/lib/python3.12/site-packages/airflow/example_dags/example_sla_dag.py took 0.063 seconds
[2025-03-19T00:35:09.168+0000] {processor.py:186} INFO - Started process (PID=2915) to work on /home/airflow/.local/lib/python3.12/site-packages/airflow/example_dags/example_sla_dag.py
[2025-03-19T00:35:09.168+0000] {processor.py:914} INFO - Processing file /home/airflow/.local/lib/python3.12/site-packages/airflow/example_dags/example_sla_dag.py for tasks to queue
[2025-03-19T00:35:09.170+0000] {logging_mixin.py:190} INFO - [2025-03-19T00:35:09.169+0000] {dagbag.py:588} INFO - Filling up the DagBag from /home/airflow/.local/lib/python3.12/site-packages/airflow/example_dags/example_sla_dag.py
[2025-03-19T00:35:09.176+0000] {processor.py:925} INFO - DAG(s) 'example_sla_dag' retrieved from /home/airflow/.local/lib/python3.12/site-packages/airflow/example_dags/example_sla_dag.py
[2025-03-19T00:35:09.188+0000] {logging_mixin.py:190} INFO - [2025-03-19T00:35:09.187+0000] {dag.py:3239} INFO - Sync 1 DAGs
[2025-03-19T00:35:09.205+0000] {logging_mixin.py:190} INFO - [2025-03-19T00:35:09.204+0000] {dag.py:4180} INFO - Setting next_dagrun for example_sla_dag to 2025-03-19 00:32:00+00:00, run_after=2025-03-19 00:34:00+00:00
[2025-03-19T00:35:09.216+0000] {processor.py:208} INFO - Processing /home/airflow/.local/lib/python3.12/site-packages/airflow/example_dags/example_sla_dag.py took 0.051 seconds
[2025-03-19T00:35:39.680+0000] {processor.py:186} INFO - Started process (PID=2979) to work on /home/airflow/.local/lib/python3.12/site-packages/airflow/example_dags/example_sla_dag.py
[2025-03-19T00:35:39.680+0000] {processor.py:914} INFO - Processing file /home/airflow/.local/lib/python3.12/site-packages/airflow/example_dags/example_sla_dag.py for tasks to queue
[2025-03-19T00:35:39.682+0000] {logging_mixin.py:190} INFO - [2025-03-19T00:35:39.681+0000] {dagbag.py:588} INFO - Filling up the DagBag from /home/airflow/.local/lib/python3.12/site-packages/airflow/example_dags/example_sla_dag.py
[2025-03-19T00:35:39.688+0000] {processor.py:925} INFO - DAG(s) 'example_sla_dag' retrieved from /home/airflow/.local/lib/python3.12/site-packages/airflow/example_dags/example_sla_dag.py
[2025-03-19T00:35:39.701+0000] {logging_mixin.py:190} INFO - [2025-03-19T00:35:39.701+0000] {dag.py:3239} INFO - Sync 1 DAGs
[2025-03-19T00:35:39.720+0000] {logging_mixin.py:190} INFO - [2025-03-19T00:35:39.719+0000] {dag.py:4180} INFO - Setting next_dagrun for example_sla_dag to 2025-03-19 00:32:00+00:00, run_after=2025-03-19 00:34:00+00:00
[2025-03-19T00:35:39.733+0000] {processor.py:208} INFO - Processing /home/airflow/.local/lib/python3.12/site-packages/airflow/example_dags/example_sla_dag.py took 0.057 seconds
[2025-03-19T00:36:10.186+0000] {processor.py:186} INFO - Started process (PID=3042) to work on /home/airflow/.local/lib/python3.12/site-packages/airflow/example_dags/example_sla_dag.py
[2025-03-19T00:36:10.187+0000] {processor.py:914} INFO - Processing file /home/airflow/.local/lib/python3.12/site-packages/airflow/example_dags/example_sla_dag.py for tasks to queue
[2025-03-19T00:36:10.188+0000] {logging_mixin.py:190} INFO - [2025-03-19T00:36:10.188+0000] {dagbag.py:588} INFO - Filling up the DagBag from /home/airflow/.local/lib/python3.12/site-packages/airflow/example_dags/example_sla_dag.py
[2025-03-19T00:36:10.195+0000] {processor.py:925} INFO - DAG(s) 'example_sla_dag' retrieved from /home/airflow/.local/lib/python3.12/site-packages/airflow/example_dags/example_sla_dag.py
[2025-03-19T00:36:10.208+0000] {logging_mixin.py:190} INFO - [2025-03-19T00:36:10.208+0000] {dag.py:3239} INFO - Sync 1 DAGs
[2025-03-19T00:36:10.226+0000] {logging_mixin.py:190} INFO - [2025-03-19T00:36:10.226+0000] {dag.py:4180} INFO - Setting next_dagrun for example_sla_dag to 2025-03-19 00:34:00+00:00, run_after=2025-03-19 00:36:00+00:00
[2025-03-19T00:36:10.239+0000] {processor.py:208} INFO - Processing /home/airflow/.local/lib/python3.12/site-packages/airflow/example_dags/example_sla_dag.py took 0.056 seconds
[2025-03-19T00:36:41.510+0000] {processor.py:186} INFO - Started process (PID=3105) to work on /home/airflow/.local/lib/python3.12/site-packages/airflow/example_dags/example_sla_dag.py
[2025-03-19T00:36:41.511+0000] {processor.py:914} INFO - Processing file /home/airflow/.local/lib/python3.12/site-packages/airflow/example_dags/example_sla_dag.py for tasks to queue
[2025-03-19T00:36:41.512+0000] {logging_mixin.py:190} INFO - [2025-03-19T00:36:41.512+0000] {dagbag.py:588} INFO - Filling up the DagBag from /home/airflow/.local/lib/python3.12/site-packages/airflow/example_dags/example_sla_dag.py
[2025-03-19T00:36:41.520+0000] {processor.py:925} INFO - DAG(s) 'example_sla_dag' retrieved from /home/airflow/.local/lib/python3.12/site-packages/airflow/example_dags/example_sla_dag.py
[2025-03-19T00:36:41.532+0000] {logging_mixin.py:190} INFO - [2025-03-19T00:36:41.532+0000] {dag.py:3239} INFO - Sync 1 DAGs
[2025-03-19T00:36:41.551+0000] {logging_mixin.py:190} INFO - [2025-03-19T00:36:41.551+0000] {dag.py:4180} INFO - Setting next_dagrun for example_sla_dag to 2025-03-19 00:34:00+00:00, run_after=2025-03-19 00:36:00+00:00
[2025-03-19T00:36:41.563+0000] {processor.py:208} INFO - Processing /home/airflow/.local/lib/python3.12/site-packages/airflow/example_dags/example_sla_dag.py took 0.056 seconds
[2025-03-19T00:37:12.253+0000] {processor.py:186} INFO - Started process (PID=3171) to work on /home/airflow/.local/lib/python3.12/site-packages/airflow/example_dags/example_sla_dag.py
[2025-03-19T00:37:12.254+0000] {processor.py:914} INFO - Processing file /home/airflow/.local/lib/python3.12/site-packages/airflow/example_dags/example_sla_dag.py for tasks to queue
[2025-03-19T00:37:12.255+0000] {logging_mixin.py:190} INFO - [2025-03-19T00:37:12.255+0000] {dagbag.py:588} INFO - Filling up the DagBag from /home/airflow/.local/lib/python3.12/site-packages/airflow/example_dags/example_sla_dag.py
[2025-03-19T00:37:12.263+0000] {processor.py:925} INFO - DAG(s) 'example_sla_dag' retrieved from /home/airflow/.local/lib/python3.12/site-packages/airflow/example_dags/example_sla_dag.py
[2025-03-19T00:37:12.277+0000] {logging_mixin.py:190} INFO - [2025-03-19T00:37:12.277+0000] {dag.py:3239} INFO - Sync 1 DAGs
[2025-03-19T00:37:12.299+0000] {logging_mixin.py:190} INFO - [2025-03-19T00:37:12.299+0000] {dag.py:4180} INFO - Setting next_dagrun for example_sla_dag to 2025-03-19 00:34:00+00:00, run_after=2025-03-19 00:36:00+00:00
[2025-03-19T00:37:12.313+0000] {processor.py:208} INFO - Processing /home/airflow/.local/lib/python3.12/site-packages/airflow/example_dags/example_sla_dag.py took 0.064 seconds
[2025-03-19T00:37:43.131+0000] {processor.py:186} INFO - Started process (PID=3235) to work on /home/airflow/.local/lib/python3.12/site-packages/airflow/example_dags/example_sla_dag.py
[2025-03-19T00:37:43.132+0000] {processor.py:914} INFO - Processing file /home/airflow/.local/lib/python3.12/site-packages/airflow/example_dags/example_sla_dag.py for tasks to queue
[2025-03-19T00:37:43.133+0000] {logging_mixin.py:190} INFO - [2025-03-19T00:37:43.133+0000] {dagbag.py:588} INFO - Filling up the DagBag from /home/airflow/.local/lib/python3.12/site-packages/airflow/example_dags/example_sla_dag.py
[2025-03-19T00:37:43.139+0000] {processor.py:925} INFO - DAG(s) 'example_sla_dag' retrieved from /home/airflow/.local/lib/python3.12/site-packages/airflow/example_dags/example_sla_dag.py
[2025-03-19T00:37:43.152+0000] {logging_mixin.py:190} INFO - [2025-03-19T00:37:43.152+0000] {dag.py:3239} INFO - Sync 1 DAGs
[2025-03-19T00:37:43.169+0000] {logging_mixin.py:190} INFO - [2025-03-19T00:37:43.169+0000] {dag.py:4180} INFO - Setting next_dagrun for example_sla_dag to 2025-03-19 00:34:00+00:00, run_after=2025-03-19 00:36:00+00:00
[2025-03-19T00:37:43.182+0000] {processor.py:208} INFO - Processing /home/airflow/.local/lib/python3.12/site-packages/airflow/example_dags/example_sla_dag.py took 0.055 seconds
[2025-03-19T00:38:14.091+0000] {processor.py:186} INFO - Started process (PID=3299) to work on /home/airflow/.local/lib/python3.12/site-packages/airflow/example_dags/example_sla_dag.py
[2025-03-19T00:38:14.092+0000] {processor.py:914} INFO - Processing file /home/airflow/.local/lib/python3.12/site-packages/airflow/example_dags/example_sla_dag.py for tasks to queue
[2025-03-19T00:38:14.093+0000] {logging_mixin.py:190} INFO - [2025-03-19T00:38:14.093+0000] {dagbag.py:588} INFO - Filling up the DagBag from /home/airflow/.local/lib/python3.12/site-packages/airflow/example_dags/example_sla_dag.py
[2025-03-19T00:38:14.100+0000] {processor.py:925} INFO - DAG(s) 'example_sla_dag' retrieved from /home/airflow/.local/lib/python3.12/site-packages/airflow/example_dags/example_sla_dag.py
[2025-03-19T00:38:14.113+0000] {logging_mixin.py:190} INFO - [2025-03-19T00:38:14.113+0000] {dag.py:3239} INFO - Sync 1 DAGs
[2025-03-19T00:38:14.130+0000] {logging_mixin.py:190} INFO - [2025-03-19T00:38:14.130+0000] {dag.py:4180} INFO - Setting next_dagrun for example_sla_dag to 2025-03-19 00:36:00+00:00, run_after=2025-03-19 00:38:00+00:00
[2025-03-19T00:38:14.142+0000] {processor.py:208} INFO - Processing /home/airflow/.local/lib/python3.12/site-packages/airflow/example_dags/example_sla_dag.py took 0.054 seconds
[2025-03-19T00:38:45.493+0000] {processor.py:186} INFO - Started process (PID=3363) to work on /home/airflow/.local/lib/python3.12/site-packages/airflow/example_dags/example_sla_dag.py
[2025-03-19T00:38:45.494+0000] {processor.py:914} INFO - Processing file /home/airflow/.local/lib/python3.12/site-packages/airflow/example_dags/example_sla_dag.py for tasks to queue
[2025-03-19T00:38:45.495+0000] {logging_mixin.py:190} INFO - [2025-03-19T00:38:45.495+0000] {dagbag.py:588} INFO - Filling up the DagBag from /home/airflow/.local/lib/python3.12/site-packages/airflow/example_dags/example_sla_dag.py
[2025-03-19T00:38:45.502+0000] {processor.py:925} INFO - DAG(s) 'example_sla_dag' retrieved from /home/airflow/.local/lib/python3.12/site-packages/airflow/example_dags/example_sla_dag.py
[2025-03-19T00:38:45.514+0000] {logging_mixin.py:190} INFO - [2025-03-19T00:38:45.514+0000] {dag.py:3239} INFO - Sync 1 DAGs
[2025-03-19T00:38:45.532+0000] {logging_mixin.py:190} INFO - [2025-03-19T00:38:45.532+0000] {dag.py:4180} INFO - Setting next_dagrun for example_sla_dag to 2025-03-19 00:36:00+00:00, run_after=2025-03-19 00:38:00+00:00
[2025-03-19T00:38:45.544+0000] {processor.py:208} INFO - Processing /home/airflow/.local/lib/python3.12/site-packages/airflow/example_dags/example_sla_dag.py took 0.054 seconds
[2025-03-19T00:39:16.009+0000] {processor.py:186} INFO - Started process (PID=3427) to work on /home/airflow/.local/lib/python3.12/site-packages/airflow/example_dags/example_sla_dag.py
[2025-03-19T00:39:16.010+0000] {processor.py:914} INFO - Processing file /home/airflow/.local/lib/python3.12/site-packages/airflow/example_dags/example_sla_dag.py for tasks to queue
[2025-03-19T00:39:16.011+0000] {logging_mixin.py:190} INFO - [2025-03-19T00:39:16.011+0000] {dagbag.py:588} INFO - Filling up the DagBag from /home/airflow/.local/lib/python3.12/site-packages/airflow/example_dags/example_sla_dag.py
[2025-03-19T00:39:16.019+0000] {processor.py:925} INFO - DAG(s) 'example_sla_dag' retrieved from /home/airflow/.local/lib/python3.12/site-packages/airflow/example_dags/example_sla_dag.py
[2025-03-19T00:39:16.032+0000] {logging_mixin.py:190} INFO - [2025-03-19T00:39:16.032+0000] {dag.py:3239} INFO - Sync 1 DAGs
[2025-03-19T00:39:16.052+0000] {logging_mixin.py:190} INFO - [2025-03-19T00:39:16.052+0000] {dag.py:4180} INFO - Setting next_dagrun for example_sla_dag to 2025-03-19 00:36:00+00:00, run_after=2025-03-19 00:38:00+00:00
[2025-03-19T00:39:16.064+0000] {processor.py:208} INFO - Processing /home/airflow/.local/lib/python3.12/site-packages/airflow/example_dags/example_sla_dag.py took 0.059 seconds
[2025-03-19T00:39:47.347+0000] {processor.py:186} INFO - Started process (PID=3491) to work on /home/airflow/.local/lib/python3.12/site-packages/airflow/example_dags/example_sla_dag.py
[2025-03-19T00:39:47.348+0000] {processor.py:914} INFO - Processing file /home/airflow/.local/lib/python3.12/site-packages/airflow/example_dags/example_sla_dag.py for tasks to queue
[2025-03-19T00:39:47.349+0000] {logging_mixin.py:190} INFO - [2025-03-19T00:39:47.349+0000] {dagbag.py:588} INFO - Filling up the DagBag from /home/airflow/.local/lib/python3.12/site-packages/airflow/example_dags/example_sla_dag.py
[2025-03-19T00:39:47.357+0000] {processor.py:925} INFO - DAG(s) 'example_sla_dag' retrieved from /home/airflow/.local/lib/python3.12/site-packages/airflow/example_dags/example_sla_dag.py
[2025-03-19T00:39:47.370+0000] {logging_mixin.py:190} INFO - [2025-03-19T00:39:47.369+0000] {dag.py:3239} INFO - Sync 1 DAGs
[2025-03-19T00:39:47.389+0000] {logging_mixin.py:190} INFO - [2025-03-19T00:39:47.389+0000] {dag.py:4180} INFO - Setting next_dagrun for example_sla_dag to 2025-03-19 00:36:00+00:00, run_after=2025-03-19 00:38:00+00:00
[2025-03-19T00:39:47.403+0000] {processor.py:208} INFO - Processing /home/airflow/.local/lib/python3.12/site-packages/airflow/example_dags/example_sla_dag.py took 0.059 seconds
[2025-03-19T00:40:18.549+0000] {processor.py:186} INFO - Started process (PID=3555) to work on /home/airflow/.local/lib/python3.12/site-packages/airflow/example_dags/example_sla_dag.py
[2025-03-19T00:40:18.550+0000] {processor.py:914} INFO - Processing file /home/airflow/.local/lib/python3.12/site-packages/airflow/example_dags/example_sla_dag.py for tasks to queue
[2025-03-19T00:40:18.551+0000] {logging_mixin.py:190} INFO - [2025-03-19T00:40:18.551+0000] {dagbag.py:588} INFO - Filling up the DagBag from /home/airflow/.local/lib/python3.12/site-packages/airflow/example_dags/example_sla_dag.py
[2025-03-19T00:40:18.558+0000] {processor.py:925} INFO - DAG(s) 'example_sla_dag' retrieved from /home/airflow/.local/lib/python3.12/site-packages/airflow/example_dags/example_sla_dag.py
[2025-03-19T00:40:18.572+0000] {logging_mixin.py:190} INFO - [2025-03-19T00:40:18.571+0000] {dag.py:3239} INFO - Sync 1 DAGs
[2025-03-19T00:40:18.592+0000] {logging_mixin.py:190} INFO - [2025-03-19T00:40:18.592+0000] {dag.py:4180} INFO - Setting next_dagrun for example_sla_dag to 2025-03-19 00:38:00+00:00, run_after=2025-03-19 00:40:00+00:00
[2025-03-19T00:40:18.607+0000] {processor.py:208} INFO - Processing /home/airflow/.local/lib/python3.12/site-packages/airflow/example_dags/example_sla_dag.py took 0.062 seconds
[2025-03-19T00:41:17.261+0000] {processor.py:186} INFO - Started process (PID=78) to work on /home/airflow/.local/lib/python3.12/site-packages/airflow/example_dags/example_sla_dag.py
[2025-03-19T00:41:17.262+0000] {processor.py:914} INFO - Processing file /home/airflow/.local/lib/python3.12/site-packages/airflow/example_dags/example_sla_dag.py for tasks to queue
[2025-03-19T00:41:17.263+0000] {logging_mixin.py:190} INFO - [2025-03-19T00:41:17.263+0000] {dagbag.py:588} INFO - Filling up the DagBag from /home/airflow/.local/lib/python3.12/site-packages/airflow/example_dags/example_sla_dag.py
[2025-03-19T00:41:17.270+0000] {processor.py:925} INFO - DAG(s) 'example_sla_dag' retrieved from /home/airflow/.local/lib/python3.12/site-packages/airflow/example_dags/example_sla_dag.py
[2025-03-19T00:41:17.283+0000] {logging_mixin.py:190} INFO - [2025-03-19T00:41:17.283+0000] {dag.py:3239} INFO - Sync 1 DAGs
[2025-03-19T00:41:17.303+0000] {logging_mixin.py:190} INFO - [2025-03-19T00:41:17.303+0000] {dag.py:4180} INFO - Setting next_dagrun for example_sla_dag to 2025-03-19 00:38:00+00:00, run_after=2025-03-19 00:40:00+00:00
[2025-03-19T00:41:17.316+0000] {processor.py:208} INFO - Processing /home/airflow/.local/lib/python3.12/site-packages/airflow/example_dags/example_sla_dag.py took 0.059 seconds
[2025-03-19T00:41:47.846+0000] {processor.py:186} INFO - Started process (PID=142) to work on /home/airflow/.local/lib/python3.12/site-packages/airflow/example_dags/example_sla_dag.py
[2025-03-19T00:41:47.846+0000] {processor.py:914} INFO - Processing file /home/airflow/.local/lib/python3.12/site-packages/airflow/example_dags/example_sla_dag.py for tasks to queue
[2025-03-19T00:41:47.848+0000] {logging_mixin.py:190} INFO - [2025-03-19T00:41:47.847+0000] {dagbag.py:588} INFO - Filling up the DagBag from /home/airflow/.local/lib/python3.12/site-packages/airflow/example_dags/example_sla_dag.py
[2025-03-19T00:41:47.854+0000] {processor.py:925} INFO - DAG(s) 'example_sla_dag' retrieved from /home/airflow/.local/lib/python3.12/site-packages/airflow/example_dags/example_sla_dag.py
[2025-03-19T00:41:47.867+0000] {logging_mixin.py:190} INFO - [2025-03-19T00:41:47.866+0000] {dag.py:3239} INFO - Sync 1 DAGs
[2025-03-19T00:41:47.886+0000] {logging_mixin.py:190} INFO - [2025-03-19T00:41:47.886+0000] {dag.py:4180} INFO - Setting next_dagrun for example_sla_dag to 2025-03-19 00:38:00+00:00, run_after=2025-03-19 00:40:00+00:00
[2025-03-19T00:41:47.899+0000] {processor.py:208} INFO - Processing /home/airflow/.local/lib/python3.12/site-packages/airflow/example_dags/example_sla_dag.py took 0.056 seconds
[2025-03-19T00:42:19.170+0000] {processor.py:186} INFO - Started process (PID=206) to work on /home/airflow/.local/lib/python3.12/site-packages/airflow/example_dags/example_sla_dag.py
[2025-03-19T00:42:19.170+0000] {processor.py:914} INFO - Processing file /home/airflow/.local/lib/python3.12/site-packages/airflow/example_dags/example_sla_dag.py for tasks to queue
[2025-03-19T00:42:19.171+0000] {logging_mixin.py:190} INFO - [2025-03-19T00:42:19.171+0000] {dagbag.py:588} INFO - Filling up the DagBag from /home/airflow/.local/lib/python3.12/site-packages/airflow/example_dags/example_sla_dag.py
[2025-03-19T00:42:19.178+0000] {processor.py:925} INFO - DAG(s) 'example_sla_dag' retrieved from /home/airflow/.local/lib/python3.12/site-packages/airflow/example_dags/example_sla_dag.py
[2025-03-19T00:42:19.195+0000] {logging_mixin.py:190} INFO - [2025-03-19T00:42:19.195+0000] {dag.py:3239} INFO - Sync 1 DAGs
[2025-03-19T00:42:19.217+0000] {logging_mixin.py:190} INFO - [2025-03-19T00:42:19.217+0000] {dag.py:4180} INFO - Setting next_dagrun for example_sla_dag to 2025-03-19 00:40:00+00:00, run_after=2025-03-19 00:42:00+00:00
[2025-03-19T00:42:19.229+0000] {processor.py:208} INFO - Processing /home/airflow/.local/lib/python3.12/site-packages/airflow/example_dags/example_sla_dag.py took 0.063 seconds
[2025-03-19T00:42:50.538+0000] {processor.py:186} INFO - Started process (PID=270) to work on /home/airflow/.local/lib/python3.12/site-packages/airflow/example_dags/example_sla_dag.py
[2025-03-19T00:42:50.539+0000] {processor.py:914} INFO - Processing file /home/airflow/.local/lib/python3.12/site-packages/airflow/example_dags/example_sla_dag.py for tasks to queue
[2025-03-19T00:42:50.540+0000] {logging_mixin.py:190} INFO - [2025-03-19T00:42:50.540+0000] {dagbag.py:588} INFO - Filling up the DagBag from /home/airflow/.local/lib/python3.12/site-packages/airflow/example_dags/example_sla_dag.py
[2025-03-19T00:42:50.547+0000] {processor.py:925} INFO - DAG(s) 'example_sla_dag' retrieved from /home/airflow/.local/lib/python3.12/site-packages/airflow/example_dags/example_sla_dag.py
[2025-03-19T00:42:50.560+0000] {logging_mixin.py:190} INFO - [2025-03-19T00:42:50.560+0000] {dag.py:3239} INFO - Sync 1 DAGs
[2025-03-19T00:42:50.578+0000] {logging_mixin.py:190} INFO - [2025-03-19T00:42:50.578+0000] {dag.py:4180} INFO - Setting next_dagrun for example_sla_dag to 2025-03-19 00:40:00+00:00, run_after=2025-03-19 00:42:00+00:00
[2025-03-19T00:42:50.595+0000] {processor.py:208} INFO - Processing /home/airflow/.local/lib/python3.12/site-packages/airflow/example_dags/example_sla_dag.py took 0.060 seconds
[2025-03-19T00:43:21.209+0000] {processor.py:186} INFO - Started process (PID=334) to work on /home/airflow/.local/lib/python3.12/site-packages/airflow/example_dags/example_sla_dag.py
[2025-03-19T00:43:21.210+0000] {processor.py:914} INFO - Processing file /home/airflow/.local/lib/python3.12/site-packages/airflow/example_dags/example_sla_dag.py for tasks to queue
[2025-03-19T00:43:21.211+0000] {logging_mixin.py:190} INFO - [2025-03-19T00:43:21.211+0000] {dagbag.py:588} INFO - Filling up the DagBag from /home/airflow/.local/lib/python3.12/site-packages/airflow/example_dags/example_sla_dag.py
[2025-03-19T00:43:21.217+0000] {processor.py:925} INFO - DAG(s) 'example_sla_dag' retrieved from /home/airflow/.local/lib/python3.12/site-packages/airflow/example_dags/example_sla_dag.py
[2025-03-19T00:43:21.230+0000] {logging_mixin.py:190} INFO - [2025-03-19T00:43:21.230+0000] {dag.py:3239} INFO - Sync 1 DAGs
[2025-03-19T00:43:21.248+0000] {logging_mixin.py:190} INFO - [2025-03-19T00:43:21.247+0000] {dag.py:4180} INFO - Setting next_dagrun for example_sla_dag to 2025-03-19 00:40:00+00:00, run_after=2025-03-19 00:42:00+00:00
[2025-03-19T00:43:21.260+0000] {processor.py:208} INFO - Processing /home/airflow/.local/lib/python3.12/site-packages/airflow/example_dags/example_sla_dag.py took 0.054 seconds
[2025-03-19T00:43:51.505+0000] {processor.py:186} INFO - Started process (PID=397) to work on /home/airflow/.local/lib/python3.12/site-packages/airflow/example_dags/example_sla_dag.py
[2025-03-19T00:43:51.505+0000] {processor.py:914} INFO - Processing file /home/airflow/.local/lib/python3.12/site-packages/airflow/example_dags/example_sla_dag.py for tasks to queue
[2025-03-19T00:43:51.507+0000] {logging_mixin.py:190} INFO - [2025-03-19T00:43:51.506+0000] {dagbag.py:588} INFO - Filling up the DagBag from /home/airflow/.local/lib/python3.12/site-packages/airflow/example_dags/example_sla_dag.py
[2025-03-19T00:43:51.515+0000] {processor.py:925} INFO - DAG(s) 'example_sla_dag' retrieved from /home/airflow/.local/lib/python3.12/site-packages/airflow/example_dags/example_sla_dag.py
[2025-03-19T00:43:51.529+0000] {logging_mixin.py:190} INFO - [2025-03-19T00:43:51.529+0000] {dag.py:3239} INFO - Sync 1 DAGs
[2025-03-19T00:43:51.550+0000] {logging_mixin.py:190} INFO - [2025-03-19T00:43:51.550+0000] {dag.py:4180} INFO - Setting next_dagrun for example_sla_dag to 2025-03-19 00:40:00+00:00, run_after=2025-03-19 00:42:00+00:00
[2025-03-19T00:43:51.566+0000] {processor.py:208} INFO - Processing /home/airflow/.local/lib/python3.12/site-packages/airflow/example_dags/example_sla_dag.py took 0.065 seconds
