[2025-03-19T00:11:55.667+0000] {processor.py:186} INFO - Started process (PID=108) to work on /home/airflow/.local/lib/python3.12/site-packages/airflow/example_dags/example_bash_operator.py
[2025-03-19T00:11:55.667+0000] {processor.py:914} INFO - Processing file /home/airflow/.local/lib/python3.12/site-packages/airflow/example_dags/example_bash_operator.py for tasks to queue
[2025-03-19T00:11:55.668+0000] {logging_mixin.py:190} INFO - [2025-03-19T00:11:55.668+0000] {dagbag.py:588} INFO - Filling up the DagBag from /home/airflow/.local/lib/python3.12/site-packages/airflow/example_dags/example_bash_operator.py
[2025-03-19T00:11:55.678+0000] {processor.py:925} INFO - DAG(s) 'example_bash_operator' retrieved from /home/airflow/.local/lib/python3.12/site-packages/airflow/example_dags/example_bash_operator.py
[2025-03-19T00:11:55.696+0000] {logging_mixin.py:190} INFO - [2025-03-19T00:11:55.696+0000] {dag.py:3239} INFO - Sync 1 DAGs
[2025-03-19T00:11:55.713+0000] {logging_mixin.py:190} INFO - [2025-03-19T00:11:55.712+0000] {dag.py:4180} INFO - Setting next_dagrun for example_bash_operator to 2025-03-18 00:00:00+00:00, run_after=2025-03-19 00:00:00+00:00
[2025-03-19T00:11:55.725+0000] {processor.py:208} INFO - Processing /home/airflow/.local/lib/python3.12/site-packages/airflow/example_dags/example_bash_operator.py took 0.062 seconds
[2025-03-19T00:12:26.811+0000] {processor.py:186} INFO - Started process (PID=171) to work on /home/airflow/.local/lib/python3.12/site-packages/airflow/example_dags/example_bash_operator.py
[2025-03-19T00:12:26.811+0000] {processor.py:914} INFO - Processing file /home/airflow/.local/lib/python3.12/site-packages/airflow/example_dags/example_bash_operator.py for tasks to queue
[2025-03-19T00:12:26.813+0000] {logging_mixin.py:190} INFO - [2025-03-19T00:12:26.812+0000] {dagbag.py:588} INFO - Filling up the DagBag from /home/airflow/.local/lib/python3.12/site-packages/airflow/example_dags/example_bash_operator.py
[2025-03-19T00:12:26.821+0000] {processor.py:925} INFO - DAG(s) 'example_bash_operator' retrieved from /home/airflow/.local/lib/python3.12/site-packages/airflow/example_dags/example_bash_operator.py
[2025-03-19T00:12:26.839+0000] {logging_mixin.py:190} INFO - [2025-03-19T00:12:26.839+0000] {dag.py:3239} INFO - Sync 1 DAGs
[2025-03-19T00:12:26.855+0000] {logging_mixin.py:190} INFO - [2025-03-19T00:12:26.855+0000] {dag.py:4180} INFO - Setting next_dagrun for example_bash_operator to 2025-03-18 00:00:00+00:00, run_after=2025-03-19 00:00:00+00:00
[2025-03-19T00:12:26.868+0000] {processor.py:208} INFO - Processing /home/airflow/.local/lib/python3.12/site-packages/airflow/example_dags/example_bash_operator.py took 0.060 seconds
[2025-03-19T00:12:57.862+0000] {processor.py:186} INFO - Started process (PID=234) to work on /home/airflow/.local/lib/python3.12/site-packages/airflow/example_dags/example_bash_operator.py
[2025-03-19T00:12:57.863+0000] {processor.py:914} INFO - Processing file /home/airflow/.local/lib/python3.12/site-packages/airflow/example_dags/example_bash_operator.py for tasks to queue
[2025-03-19T00:12:57.864+0000] {logging_mixin.py:190} INFO - [2025-03-19T00:12:57.864+0000] {dagbag.py:588} INFO - Filling up the DagBag from /home/airflow/.local/lib/python3.12/site-packages/airflow/example_dags/example_bash_operator.py
[2025-03-19T00:12:57.872+0000] {processor.py:925} INFO - DAG(s) 'example_bash_operator' retrieved from /home/airflow/.local/lib/python3.12/site-packages/airflow/example_dags/example_bash_operator.py
[2025-03-19T00:12:57.891+0000] {logging_mixin.py:190} INFO - [2025-03-19T00:12:57.890+0000] {dag.py:3239} INFO - Sync 1 DAGs
[2025-03-19T00:12:57.907+0000] {logging_mixin.py:190} INFO - [2025-03-19T00:12:57.907+0000] {dag.py:4180} INFO - Setting next_dagrun for example_bash_operator to 2025-03-18 00:00:00+00:00, run_after=2025-03-19 00:00:00+00:00
[2025-03-19T00:12:57.919+0000] {processor.py:208} INFO - Processing /home/airflow/.local/lib/python3.12/site-packages/airflow/example_dags/example_bash_operator.py took 0.061 seconds
[2025-03-19T00:13:29.005+0000] {processor.py:186} INFO - Started process (PID=297) to work on /home/airflow/.local/lib/python3.12/site-packages/airflow/example_dags/example_bash_operator.py
[2025-03-19T00:13:29.006+0000] {processor.py:914} INFO - Processing file /home/airflow/.local/lib/python3.12/site-packages/airflow/example_dags/example_bash_operator.py for tasks to queue
[2025-03-19T00:13:29.007+0000] {logging_mixin.py:190} INFO - [2025-03-19T00:13:29.007+0000] {dagbag.py:588} INFO - Filling up the DagBag from /home/airflow/.local/lib/python3.12/site-packages/airflow/example_dags/example_bash_operator.py
[2025-03-19T00:13:29.016+0000] {processor.py:925} INFO - DAG(s) 'example_bash_operator' retrieved from /home/airflow/.local/lib/python3.12/site-packages/airflow/example_dags/example_bash_operator.py
[2025-03-19T00:13:29.035+0000] {logging_mixin.py:190} INFO - [2025-03-19T00:13:29.034+0000] {dag.py:3239} INFO - Sync 1 DAGs
[2025-03-19T00:13:29.051+0000] {logging_mixin.py:190} INFO - [2025-03-19T00:13:29.051+0000] {dag.py:4180} INFO - Setting next_dagrun for example_bash_operator to 2025-03-18 00:00:00+00:00, run_after=2025-03-19 00:00:00+00:00
[2025-03-19T00:13:29.063+0000] {processor.py:208} INFO - Processing /home/airflow/.local/lib/python3.12/site-packages/airflow/example_dags/example_bash_operator.py took 0.061 seconds
[2025-03-19T00:13:59.901+0000] {processor.py:186} INFO - Started process (PID=360) to work on /home/airflow/.local/lib/python3.12/site-packages/airflow/example_dags/example_bash_operator.py
[2025-03-19T00:13:59.901+0000] {processor.py:914} INFO - Processing file /home/airflow/.local/lib/python3.12/site-packages/airflow/example_dags/example_bash_operator.py for tasks to queue
[2025-03-19T00:13:59.903+0000] {logging_mixin.py:190} INFO - [2025-03-19T00:13:59.902+0000] {dagbag.py:588} INFO - Filling up the DagBag from /home/airflow/.local/lib/python3.12/site-packages/airflow/example_dags/example_bash_operator.py
[2025-03-19T00:13:59.912+0000] {processor.py:925} INFO - DAG(s) 'example_bash_operator' retrieved from /home/airflow/.local/lib/python3.12/site-packages/airflow/example_dags/example_bash_operator.py
[2025-03-19T00:13:59.940+0000] {logging_mixin.py:190} INFO - [2025-03-19T00:13:59.940+0000] {dag.py:3239} INFO - Sync 1 DAGs
[2025-03-19T00:13:59.970+0000] {logging_mixin.py:190} INFO - [2025-03-19T00:13:59.970+0000] {dag.py:4180} INFO - Setting next_dagrun for example_bash_operator to 2025-03-18 00:00:00+00:00, run_after=2025-03-19 00:00:00+00:00
[2025-03-19T00:13:59.989+0000] {processor.py:208} INFO - Processing /home/airflow/.local/lib/python3.12/site-packages/airflow/example_dags/example_bash_operator.py took 0.092 seconds
[2025-03-19T00:14:30.527+0000] {processor.py:186} INFO - Started process (PID=423) to work on /home/airflow/.local/lib/python3.12/site-packages/airflow/example_dags/example_bash_operator.py
[2025-03-19T00:14:30.528+0000] {processor.py:914} INFO - Processing file /home/airflow/.local/lib/python3.12/site-packages/airflow/example_dags/example_bash_operator.py for tasks to queue
[2025-03-19T00:14:30.529+0000] {logging_mixin.py:190} INFO - [2025-03-19T00:14:30.529+0000] {dagbag.py:588} INFO - Filling up the DagBag from /home/airflow/.local/lib/python3.12/site-packages/airflow/example_dags/example_bash_operator.py
[2025-03-19T00:14:30.538+0000] {processor.py:925} INFO - DAG(s) 'example_bash_operator' retrieved from /home/airflow/.local/lib/python3.12/site-packages/airflow/example_dags/example_bash_operator.py
[2025-03-19T00:14:30.556+0000] {logging_mixin.py:190} INFO - [2025-03-19T00:14:30.556+0000] {dag.py:3239} INFO - Sync 1 DAGs
[2025-03-19T00:14:30.573+0000] {logging_mixin.py:190} INFO - [2025-03-19T00:14:30.572+0000] {dag.py:4180} INFO - Setting next_dagrun for example_bash_operator to 2025-03-18 00:00:00+00:00, run_after=2025-03-19 00:00:00+00:00
[2025-03-19T00:14:30.585+0000] {processor.py:208} INFO - Processing /home/airflow/.local/lib/python3.12/site-packages/airflow/example_dags/example_bash_operator.py took 0.061 seconds
[2025-03-19T00:15:01.144+0000] {processor.py:186} INFO - Started process (PID=486) to work on /home/airflow/.local/lib/python3.12/site-packages/airflow/example_dags/example_bash_operator.py
[2025-03-19T00:15:01.144+0000] {processor.py:914} INFO - Processing file /home/airflow/.local/lib/python3.12/site-packages/airflow/example_dags/example_bash_operator.py for tasks to queue
[2025-03-19T00:15:01.145+0000] {logging_mixin.py:190} INFO - [2025-03-19T00:15:01.145+0000] {dagbag.py:588} INFO - Filling up the DagBag from /home/airflow/.local/lib/python3.12/site-packages/airflow/example_dags/example_bash_operator.py
[2025-03-19T00:15:01.155+0000] {processor.py:925} INFO - DAG(s) 'example_bash_operator' retrieved from /home/airflow/.local/lib/python3.12/site-packages/airflow/example_dags/example_bash_operator.py
[2025-03-19T00:15:01.175+0000] {logging_mixin.py:190} INFO - [2025-03-19T00:15:01.175+0000] {dag.py:3239} INFO - Sync 1 DAGs
[2025-03-19T00:15:01.194+0000] {logging_mixin.py:190} INFO - [2025-03-19T00:15:01.194+0000] {dag.py:4180} INFO - Setting next_dagrun for example_bash_operator to 2025-03-18 00:00:00+00:00, run_after=2025-03-19 00:00:00+00:00
[2025-03-19T00:15:01.209+0000] {processor.py:208} INFO - Processing /home/airflow/.local/lib/python3.12/site-packages/airflow/example_dags/example_bash_operator.py took 0.072 seconds
[2025-03-19T00:15:31.751+0000] {processor.py:186} INFO - Started process (PID=549) to work on /home/airflow/.local/lib/python3.12/site-packages/airflow/example_dags/example_bash_operator.py
[2025-03-19T00:15:31.752+0000] {processor.py:914} INFO - Processing file /home/airflow/.local/lib/python3.12/site-packages/airflow/example_dags/example_bash_operator.py for tasks to queue
[2025-03-19T00:15:31.753+0000] {logging_mixin.py:190} INFO - [2025-03-19T00:15:31.753+0000] {dagbag.py:588} INFO - Filling up the DagBag from /home/airflow/.local/lib/python3.12/site-packages/airflow/example_dags/example_bash_operator.py
[2025-03-19T00:15:31.761+0000] {processor.py:925} INFO - DAG(s) 'example_bash_operator' retrieved from /home/airflow/.local/lib/python3.12/site-packages/airflow/example_dags/example_bash_operator.py
[2025-03-19T00:15:31.780+0000] {logging_mixin.py:190} INFO - [2025-03-19T00:15:31.780+0000] {dag.py:3239} INFO - Sync 1 DAGs
[2025-03-19T00:15:31.796+0000] {logging_mixin.py:190} INFO - [2025-03-19T00:15:31.796+0000] {dag.py:4180} INFO - Setting next_dagrun for example_bash_operator to 2025-03-18 00:00:00+00:00, run_after=2025-03-19 00:00:00+00:00
[2025-03-19T00:15:31.808+0000] {processor.py:208} INFO - Processing /home/airflow/.local/lib/python3.12/site-packages/airflow/example_dags/example_bash_operator.py took 0.061 seconds
[2025-03-19T00:16:02.207+0000] {processor.py:186} INFO - Started process (PID=612) to work on /home/airflow/.local/lib/python3.12/site-packages/airflow/example_dags/example_bash_operator.py
[2025-03-19T00:16:02.208+0000] {processor.py:914} INFO - Processing file /home/airflow/.local/lib/python3.12/site-packages/airflow/example_dags/example_bash_operator.py for tasks to queue
[2025-03-19T00:16:02.209+0000] {logging_mixin.py:190} INFO - [2025-03-19T00:16:02.209+0000] {dagbag.py:588} INFO - Filling up the DagBag from /home/airflow/.local/lib/python3.12/site-packages/airflow/example_dags/example_bash_operator.py
[2025-03-19T00:16:02.219+0000] {processor.py:925} INFO - DAG(s) 'example_bash_operator' retrieved from /home/airflow/.local/lib/python3.12/site-packages/airflow/example_dags/example_bash_operator.py
[2025-03-19T00:16:02.240+0000] {logging_mixin.py:190} INFO - [2025-03-19T00:16:02.240+0000] {dag.py:3239} INFO - Sync 1 DAGs
[2025-03-19T00:16:02.259+0000] {logging_mixin.py:190} INFO - [2025-03-19T00:16:02.259+0000] {dag.py:4180} INFO - Setting next_dagrun for example_bash_operator to 2025-03-18 00:00:00+00:00, run_after=2025-03-19 00:00:00+00:00
[2025-03-19T00:16:02.274+0000] {processor.py:208} INFO - Processing /home/airflow/.local/lib/python3.12/site-packages/airflow/example_dags/example_bash_operator.py took 0.071 seconds
[2025-03-19T00:16:32.774+0000] {processor.py:186} INFO - Started process (PID=675) to work on /home/airflow/.local/lib/python3.12/site-packages/airflow/example_dags/example_bash_operator.py
[2025-03-19T00:16:32.774+0000] {processor.py:914} INFO - Processing file /home/airflow/.local/lib/python3.12/site-packages/airflow/example_dags/example_bash_operator.py for tasks to queue
[2025-03-19T00:16:32.775+0000] {logging_mixin.py:190} INFO - [2025-03-19T00:16:32.775+0000] {dagbag.py:588} INFO - Filling up the DagBag from /home/airflow/.local/lib/python3.12/site-packages/airflow/example_dags/example_bash_operator.py
[2025-03-19T00:16:32.784+0000] {processor.py:925} INFO - DAG(s) 'example_bash_operator' retrieved from /home/airflow/.local/lib/python3.12/site-packages/airflow/example_dags/example_bash_operator.py
[2025-03-19T00:16:32.803+0000] {logging_mixin.py:190} INFO - [2025-03-19T00:16:32.802+0000] {dag.py:3239} INFO - Sync 1 DAGs
[2025-03-19T00:16:32.820+0000] {logging_mixin.py:190} INFO - [2025-03-19T00:16:32.819+0000] {dag.py:4180} INFO - Setting next_dagrun for example_bash_operator to 2025-03-18 00:00:00+00:00, run_after=2025-03-19 00:00:00+00:00
[2025-03-19T00:16:32.832+0000] {processor.py:208} INFO - Processing /home/airflow/.local/lib/python3.12/site-packages/airflow/example_dags/example_bash_operator.py took 0.061 seconds
[2025-03-19T00:17:03.322+0000] {processor.py:186} INFO - Started process (PID=738) to work on /home/airflow/.local/lib/python3.12/site-packages/airflow/example_dags/example_bash_operator.py
[2025-03-19T00:17:03.322+0000] {processor.py:914} INFO - Processing file /home/airflow/.local/lib/python3.12/site-packages/airflow/example_dags/example_bash_operator.py for tasks to queue
[2025-03-19T00:17:03.323+0000] {logging_mixin.py:190} INFO - [2025-03-19T00:17:03.323+0000] {dagbag.py:588} INFO - Filling up the DagBag from /home/airflow/.local/lib/python3.12/site-packages/airflow/example_dags/example_bash_operator.py
[2025-03-19T00:17:03.332+0000] {processor.py:925} INFO - DAG(s) 'example_bash_operator' retrieved from /home/airflow/.local/lib/python3.12/site-packages/airflow/example_dags/example_bash_operator.py
[2025-03-19T00:17:03.351+0000] {logging_mixin.py:190} INFO - [2025-03-19T00:17:03.351+0000] {dag.py:3239} INFO - Sync 1 DAGs
[2025-03-19T00:17:03.368+0000] {logging_mixin.py:190} INFO - [2025-03-19T00:17:03.368+0000] {dag.py:4180} INFO - Setting next_dagrun for example_bash_operator to 2025-03-18 00:00:00+00:00, run_after=2025-03-19 00:00:00+00:00
[2025-03-19T00:17:03.380+0000] {processor.py:208} INFO - Processing /home/airflow/.local/lib/python3.12/site-packages/airflow/example_dags/example_bash_operator.py took 0.062 seconds
[2025-03-19T00:17:34.724+0000] {processor.py:186} INFO - Started process (PID=801) to work on /home/airflow/.local/lib/python3.12/site-packages/airflow/example_dags/example_bash_operator.py
[2025-03-19T00:17:34.724+0000] {processor.py:914} INFO - Processing file /home/airflow/.local/lib/python3.12/site-packages/airflow/example_dags/example_bash_operator.py for tasks to queue
[2025-03-19T00:17:34.726+0000] {logging_mixin.py:190} INFO - [2025-03-19T00:17:34.726+0000] {dagbag.py:588} INFO - Filling up the DagBag from /home/airflow/.local/lib/python3.12/site-packages/airflow/example_dags/example_bash_operator.py
[2025-03-19T00:17:34.735+0000] {processor.py:925} INFO - DAG(s) 'example_bash_operator' retrieved from /home/airflow/.local/lib/python3.12/site-packages/airflow/example_dags/example_bash_operator.py
[2025-03-19T00:17:34.754+0000] {logging_mixin.py:190} INFO - [2025-03-19T00:17:34.754+0000] {dag.py:3239} INFO - Sync 1 DAGs
[2025-03-19T00:17:34.770+0000] {logging_mixin.py:190} INFO - [2025-03-19T00:17:34.770+0000] {dag.py:4180} INFO - Setting next_dagrun for example_bash_operator to 2025-03-18 00:00:00+00:00, run_after=2025-03-19 00:00:00+00:00
[2025-03-19T00:17:34.783+0000] {processor.py:208} INFO - Processing /home/airflow/.local/lib/python3.12/site-packages/airflow/example_dags/example_bash_operator.py took 0.063 seconds
[2025-03-19T00:18:06.176+0000] {processor.py:186} INFO - Started process (PID=864) to work on /home/airflow/.local/lib/python3.12/site-packages/airflow/example_dags/example_bash_operator.py
[2025-03-19T00:18:06.177+0000] {processor.py:914} INFO - Processing file /home/airflow/.local/lib/python3.12/site-packages/airflow/example_dags/example_bash_operator.py for tasks to queue
[2025-03-19T00:18:06.178+0000] {logging_mixin.py:190} INFO - [2025-03-19T00:18:06.178+0000] {dagbag.py:588} INFO - Filling up the DagBag from /home/airflow/.local/lib/python3.12/site-packages/airflow/example_dags/example_bash_operator.py
[2025-03-19T00:18:06.186+0000] {processor.py:925} INFO - DAG(s) 'example_bash_operator' retrieved from /home/airflow/.local/lib/python3.12/site-packages/airflow/example_dags/example_bash_operator.py
[2025-03-19T00:18:06.204+0000] {logging_mixin.py:190} INFO - [2025-03-19T00:18:06.204+0000] {dag.py:3239} INFO - Sync 1 DAGs
[2025-03-19T00:18:06.222+0000] {logging_mixin.py:190} INFO - [2025-03-19T00:18:06.222+0000] {dag.py:4180} INFO - Setting next_dagrun for example_bash_operator to 2025-03-18 00:00:00+00:00, run_after=2025-03-19 00:00:00+00:00
[2025-03-19T00:18:06.235+0000] {processor.py:208} INFO - Processing /home/airflow/.local/lib/python3.12/site-packages/airflow/example_dags/example_bash_operator.py took 0.062 seconds
[2025-03-19T00:18:36.806+0000] {processor.py:186} INFO - Started process (PID=927) to work on /home/airflow/.local/lib/python3.12/site-packages/airflow/example_dags/example_bash_operator.py
[2025-03-19T00:18:36.807+0000] {processor.py:914} INFO - Processing file /home/airflow/.local/lib/python3.12/site-packages/airflow/example_dags/example_bash_operator.py for tasks to queue
[2025-03-19T00:18:36.808+0000] {logging_mixin.py:190} INFO - [2025-03-19T00:18:36.808+0000] {dagbag.py:588} INFO - Filling up the DagBag from /home/airflow/.local/lib/python3.12/site-packages/airflow/example_dags/example_bash_operator.py
[2025-03-19T00:18:36.817+0000] {processor.py:925} INFO - DAG(s) 'example_bash_operator' retrieved from /home/airflow/.local/lib/python3.12/site-packages/airflow/example_dags/example_bash_operator.py
[2025-03-19T00:18:36.836+0000] {logging_mixin.py:190} INFO - [2025-03-19T00:18:36.836+0000] {dag.py:3239} INFO - Sync 1 DAGs
[2025-03-19T00:18:36.854+0000] {logging_mixin.py:190} INFO - [2025-03-19T00:18:36.854+0000] {dag.py:4180} INFO - Setting next_dagrun for example_bash_operator to 2025-03-18 00:00:00+00:00, run_after=2025-03-19 00:00:00+00:00
[2025-03-19T00:18:36.866+0000] {processor.py:208} INFO - Processing /home/airflow/.local/lib/python3.12/site-packages/airflow/example_dags/example_bash_operator.py took 0.063 seconds
[2025-03-19T00:19:08.325+0000] {processor.py:186} INFO - Started process (PID=989) to work on /home/airflow/.local/lib/python3.12/site-packages/airflow/example_dags/example_bash_operator.py
[2025-03-19T00:19:08.326+0000] {processor.py:914} INFO - Processing file /home/airflow/.local/lib/python3.12/site-packages/airflow/example_dags/example_bash_operator.py for tasks to queue
[2025-03-19T00:19:08.327+0000] {logging_mixin.py:190} INFO - [2025-03-19T00:19:08.327+0000] {dagbag.py:588} INFO - Filling up the DagBag from /home/airflow/.local/lib/python3.12/site-packages/airflow/example_dags/example_bash_operator.py
[2025-03-19T00:19:08.335+0000] {processor.py:925} INFO - DAG(s) 'example_bash_operator' retrieved from /home/airflow/.local/lib/python3.12/site-packages/airflow/example_dags/example_bash_operator.py
[2025-03-19T00:19:08.354+0000] {logging_mixin.py:190} INFO - [2025-03-19T00:19:08.353+0000] {dag.py:3239} INFO - Sync 1 DAGs
[2025-03-19T00:19:08.370+0000] {logging_mixin.py:190} INFO - [2025-03-19T00:19:08.370+0000] {dag.py:4180} INFO - Setting next_dagrun for example_bash_operator to 2025-03-18 00:00:00+00:00, run_after=2025-03-19 00:00:00+00:00
[2025-03-19T00:19:08.381+0000] {processor.py:208} INFO - Processing /home/airflow/.local/lib/python3.12/site-packages/airflow/example_dags/example_bash_operator.py took 0.060 seconds
[2025-03-19T00:19:39.323+0000] {processor.py:186} INFO - Started process (PID=1052) to work on /home/airflow/.local/lib/python3.12/site-packages/airflow/example_dags/example_bash_operator.py
[2025-03-19T00:19:39.324+0000] {processor.py:914} INFO - Processing file /home/airflow/.local/lib/python3.12/site-packages/airflow/example_dags/example_bash_operator.py for tasks to queue
[2025-03-19T00:19:39.325+0000] {logging_mixin.py:190} INFO - [2025-03-19T00:19:39.325+0000] {dagbag.py:588} INFO - Filling up the DagBag from /home/airflow/.local/lib/python3.12/site-packages/airflow/example_dags/example_bash_operator.py
[2025-03-19T00:19:39.333+0000] {processor.py:925} INFO - DAG(s) 'example_bash_operator' retrieved from /home/airflow/.local/lib/python3.12/site-packages/airflow/example_dags/example_bash_operator.py
[2025-03-19T00:19:39.352+0000] {logging_mixin.py:190} INFO - [2025-03-19T00:19:39.352+0000] {dag.py:3239} INFO - Sync 1 DAGs
[2025-03-19T00:19:39.367+0000] {logging_mixin.py:190} INFO - [2025-03-19T00:19:39.367+0000] {dag.py:4180} INFO - Setting next_dagrun for example_bash_operator to 2025-03-18 00:00:00+00:00, run_after=2025-03-19 00:00:00+00:00
[2025-03-19T00:19:39.379+0000] {processor.py:208} INFO - Processing /home/airflow/.local/lib/python3.12/site-packages/airflow/example_dags/example_bash_operator.py took 0.059 seconds
[2025-03-19T00:20:10.070+0000] {processor.py:186} INFO - Started process (PID=1115) to work on /home/airflow/.local/lib/python3.12/site-packages/airflow/example_dags/example_bash_operator.py
[2025-03-19T00:20:10.070+0000] {processor.py:914} INFO - Processing file /home/airflow/.local/lib/python3.12/site-packages/airflow/example_dags/example_bash_operator.py for tasks to queue
[2025-03-19T00:20:10.072+0000] {logging_mixin.py:190} INFO - [2025-03-19T00:20:10.072+0000] {dagbag.py:588} INFO - Filling up the DagBag from /home/airflow/.local/lib/python3.12/site-packages/airflow/example_dags/example_bash_operator.py
[2025-03-19T00:20:10.081+0000] {processor.py:925} INFO - DAG(s) 'example_bash_operator' retrieved from /home/airflow/.local/lib/python3.12/site-packages/airflow/example_dags/example_bash_operator.py
[2025-03-19T00:20:10.104+0000] {logging_mixin.py:190} INFO - [2025-03-19T00:20:10.103+0000] {dag.py:3239} INFO - Sync 1 DAGs
[2025-03-19T00:20:10.123+0000] {logging_mixin.py:190} INFO - [2025-03-19T00:20:10.123+0000] {dag.py:4180} INFO - Setting next_dagrun for example_bash_operator to 2025-03-18 00:00:00+00:00, run_after=2025-03-19 00:00:00+00:00
[2025-03-19T00:20:10.138+0000] {processor.py:208} INFO - Processing /home/airflow/.local/lib/python3.12/site-packages/airflow/example_dags/example_bash_operator.py took 0.075 seconds
[2025-03-19T00:20:41.541+0000] {processor.py:186} INFO - Started process (PID=1178) to work on /home/airflow/.local/lib/python3.12/site-packages/airflow/example_dags/example_bash_operator.py
[2025-03-19T00:20:41.542+0000] {processor.py:914} INFO - Processing file /home/airflow/.local/lib/python3.12/site-packages/airflow/example_dags/example_bash_operator.py for tasks to queue
[2025-03-19T00:20:41.543+0000] {logging_mixin.py:190} INFO - [2025-03-19T00:20:41.543+0000] {dagbag.py:588} INFO - Filling up the DagBag from /home/airflow/.local/lib/python3.12/site-packages/airflow/example_dags/example_bash_operator.py
[2025-03-19T00:20:41.551+0000] {processor.py:925} INFO - DAG(s) 'example_bash_operator' retrieved from /home/airflow/.local/lib/python3.12/site-packages/airflow/example_dags/example_bash_operator.py
[2025-03-19T00:20:41.570+0000] {logging_mixin.py:190} INFO - [2025-03-19T00:20:41.570+0000] {dag.py:3239} INFO - Sync 1 DAGs
[2025-03-19T00:20:41.586+0000] {logging_mixin.py:190} INFO - [2025-03-19T00:20:41.586+0000] {dag.py:4180} INFO - Setting next_dagrun for example_bash_operator to 2025-03-18 00:00:00+00:00, run_after=2025-03-19 00:00:00+00:00
[2025-03-19T00:20:41.598+0000] {processor.py:208} INFO - Processing /home/airflow/.local/lib/python3.12/site-packages/airflow/example_dags/example_bash_operator.py took 0.060 seconds
[2025-03-19T00:21:12.816+0000] {processor.py:186} INFO - Started process (PID=1241) to work on /home/airflow/.local/lib/python3.12/site-packages/airflow/example_dags/example_bash_operator.py
[2025-03-19T00:21:12.817+0000] {processor.py:914} INFO - Processing file /home/airflow/.local/lib/python3.12/site-packages/airflow/example_dags/example_bash_operator.py for tasks to queue
[2025-03-19T00:21:12.818+0000] {logging_mixin.py:190} INFO - [2025-03-19T00:21:12.818+0000] {dagbag.py:588} INFO - Filling up the DagBag from /home/airflow/.local/lib/python3.12/site-packages/airflow/example_dags/example_bash_operator.py
[2025-03-19T00:21:12.826+0000] {processor.py:925} INFO - DAG(s) 'example_bash_operator' retrieved from /home/airflow/.local/lib/python3.12/site-packages/airflow/example_dags/example_bash_operator.py
[2025-03-19T00:21:12.844+0000] {logging_mixin.py:190} INFO - [2025-03-19T00:21:12.844+0000] {dag.py:3239} INFO - Sync 1 DAGs
[2025-03-19T00:21:12.861+0000] {logging_mixin.py:190} INFO - [2025-03-19T00:21:12.861+0000] {dag.py:4180} INFO - Setting next_dagrun for example_bash_operator to 2025-03-18 00:00:00+00:00, run_after=2025-03-19 00:00:00+00:00
[2025-03-19T00:21:12.873+0000] {processor.py:208} INFO - Processing /home/airflow/.local/lib/python3.12/site-packages/airflow/example_dags/example_bash_operator.py took 0.061 seconds
[2025-03-19T00:21:44.124+0000] {processor.py:186} INFO - Started process (PID=1304) to work on /home/airflow/.local/lib/python3.12/site-packages/airflow/example_dags/example_bash_operator.py
[2025-03-19T00:21:44.125+0000] {processor.py:914} INFO - Processing file /home/airflow/.local/lib/python3.12/site-packages/airflow/example_dags/example_bash_operator.py for tasks to queue
[2025-03-19T00:21:44.126+0000] {logging_mixin.py:190} INFO - [2025-03-19T00:21:44.126+0000] {dagbag.py:588} INFO - Filling up the DagBag from /home/airflow/.local/lib/python3.12/site-packages/airflow/example_dags/example_bash_operator.py
[2025-03-19T00:21:44.134+0000] {processor.py:925} INFO - DAG(s) 'example_bash_operator' retrieved from /home/airflow/.local/lib/python3.12/site-packages/airflow/example_dags/example_bash_operator.py
[2025-03-19T00:21:44.153+0000] {logging_mixin.py:190} INFO - [2025-03-19T00:21:44.152+0000] {dag.py:3239} INFO - Sync 1 DAGs
[2025-03-19T00:21:44.169+0000] {logging_mixin.py:190} INFO - [2025-03-19T00:21:44.169+0000] {dag.py:4180} INFO - Setting next_dagrun for example_bash_operator to 2025-03-18 00:00:00+00:00, run_after=2025-03-19 00:00:00+00:00
[2025-03-19T00:21:44.181+0000] {processor.py:208} INFO - Processing /home/airflow/.local/lib/python3.12/site-packages/airflow/example_dags/example_bash_operator.py took 0.060 seconds
[2025-03-19T00:22:15.206+0000] {processor.py:186} INFO - Started process (PID=1367) to work on /home/airflow/.local/lib/python3.12/site-packages/airflow/example_dags/example_bash_operator.py
[2025-03-19T00:22:15.207+0000] {processor.py:914} INFO - Processing file /home/airflow/.local/lib/python3.12/site-packages/airflow/example_dags/example_bash_operator.py for tasks to queue
[2025-03-19T00:22:15.208+0000] {logging_mixin.py:190} INFO - [2025-03-19T00:22:15.208+0000] {dagbag.py:588} INFO - Filling up the DagBag from /home/airflow/.local/lib/python3.12/site-packages/airflow/example_dags/example_bash_operator.py
[2025-03-19T00:22:15.216+0000] {processor.py:925} INFO - DAG(s) 'example_bash_operator' retrieved from /home/airflow/.local/lib/python3.12/site-packages/airflow/example_dags/example_bash_operator.py
[2025-03-19T00:22:15.235+0000] {logging_mixin.py:190} INFO - [2025-03-19T00:22:15.234+0000] {dag.py:3239} INFO - Sync 1 DAGs
[2025-03-19T00:22:15.252+0000] {logging_mixin.py:190} INFO - [2025-03-19T00:22:15.251+0000] {dag.py:4180} INFO - Setting next_dagrun for example_bash_operator to 2025-03-18 00:00:00+00:00, run_after=2025-03-19 00:00:00+00:00
[2025-03-19T00:22:15.264+0000] {processor.py:208} INFO - Processing /home/airflow/.local/lib/python3.12/site-packages/airflow/example_dags/example_bash_operator.py took 0.061 seconds
[2025-03-19T00:22:46.466+0000] {processor.py:186} INFO - Started process (PID=1429) to work on /home/airflow/.local/lib/python3.12/site-packages/airflow/example_dags/example_bash_operator.py
[2025-03-19T00:22:46.467+0000] {processor.py:914} INFO - Processing file /home/airflow/.local/lib/python3.12/site-packages/airflow/example_dags/example_bash_operator.py for tasks to queue
[2025-03-19T00:22:46.468+0000] {logging_mixin.py:190} INFO - [2025-03-19T00:22:46.468+0000] {dagbag.py:588} INFO - Filling up the DagBag from /home/airflow/.local/lib/python3.12/site-packages/airflow/example_dags/example_bash_operator.py
[2025-03-19T00:22:46.476+0000] {processor.py:925} INFO - DAG(s) 'example_bash_operator' retrieved from /home/airflow/.local/lib/python3.12/site-packages/airflow/example_dags/example_bash_operator.py
[2025-03-19T00:22:46.494+0000] {logging_mixin.py:190} INFO - [2025-03-19T00:22:46.494+0000] {dag.py:3239} INFO - Sync 1 DAGs
[2025-03-19T00:22:46.510+0000] {logging_mixin.py:190} INFO - [2025-03-19T00:22:46.510+0000] {dag.py:4180} INFO - Setting next_dagrun for example_bash_operator to 2025-03-18 00:00:00+00:00, run_after=2025-03-19 00:00:00+00:00
[2025-03-19T00:22:46.522+0000] {processor.py:208} INFO - Processing /home/airflow/.local/lib/python3.12/site-packages/airflow/example_dags/example_bash_operator.py took 0.059 seconds
[2025-03-19T00:23:17.650+0000] {processor.py:186} INFO - Started process (PID=1493) to work on /home/airflow/.local/lib/python3.12/site-packages/airflow/example_dags/example_bash_operator.py
[2025-03-19T00:23:17.651+0000] {processor.py:914} INFO - Processing file /home/airflow/.local/lib/python3.12/site-packages/airflow/example_dags/example_bash_operator.py for tasks to queue
[2025-03-19T00:23:17.652+0000] {logging_mixin.py:190} INFO - [2025-03-19T00:23:17.652+0000] {dagbag.py:588} INFO - Filling up the DagBag from /home/airflow/.local/lib/python3.12/site-packages/airflow/example_dags/example_bash_operator.py
[2025-03-19T00:23:17.660+0000] {processor.py:925} INFO - DAG(s) 'example_bash_operator' retrieved from /home/airflow/.local/lib/python3.12/site-packages/airflow/example_dags/example_bash_operator.py
[2025-03-19T00:23:17.678+0000] {logging_mixin.py:190} INFO - [2025-03-19T00:23:17.678+0000] {dag.py:3239} INFO - Sync 1 DAGs
[2025-03-19T00:23:17.695+0000] {logging_mixin.py:190} INFO - [2025-03-19T00:23:17.695+0000] {dag.py:4180} INFO - Setting next_dagrun for example_bash_operator to 2025-03-18 00:00:00+00:00, run_after=2025-03-19 00:00:00+00:00
[2025-03-19T00:23:17.707+0000] {processor.py:208} INFO - Processing /home/airflow/.local/lib/python3.12/site-packages/airflow/example_dags/example_bash_operator.py took 0.060 seconds
[2025-03-19T00:23:48.813+0000] {processor.py:186} INFO - Started process (PID=1556) to work on /home/airflow/.local/lib/python3.12/site-packages/airflow/example_dags/example_bash_operator.py
[2025-03-19T00:23:48.814+0000] {processor.py:914} INFO - Processing file /home/airflow/.local/lib/python3.12/site-packages/airflow/example_dags/example_bash_operator.py for tasks to queue
[2025-03-19T00:23:48.815+0000] {logging_mixin.py:190} INFO - [2025-03-19T00:23:48.815+0000] {dagbag.py:588} INFO - Filling up the DagBag from /home/airflow/.local/lib/python3.12/site-packages/airflow/example_dags/example_bash_operator.py
[2025-03-19T00:23:48.823+0000] {processor.py:925} INFO - DAG(s) 'example_bash_operator' retrieved from /home/airflow/.local/lib/python3.12/site-packages/airflow/example_dags/example_bash_operator.py
[2025-03-19T00:23:48.842+0000] {logging_mixin.py:190} INFO - [2025-03-19T00:23:48.841+0000] {dag.py:3239} INFO - Sync 1 DAGs
[2025-03-19T00:23:48.859+0000] {logging_mixin.py:190} INFO - [2025-03-19T00:23:48.859+0000] {dag.py:4180} INFO - Setting next_dagrun for example_bash_operator to 2025-03-18 00:00:00+00:00, run_after=2025-03-19 00:00:00+00:00
[2025-03-19T00:23:48.871+0000] {processor.py:208} INFO - Processing /home/airflow/.local/lib/python3.12/site-packages/airflow/example_dags/example_bash_operator.py took 0.061 seconds
[2025-03-19T00:24:20.000+0000] {processor.py:186} INFO - Started process (PID=1619) to work on /home/airflow/.local/lib/python3.12/site-packages/airflow/example_dags/example_bash_operator.py
[2025-03-19T00:24:20.001+0000] {processor.py:914} INFO - Processing file /home/airflow/.local/lib/python3.12/site-packages/airflow/example_dags/example_bash_operator.py for tasks to queue
[2025-03-19T00:24:20.002+0000] {logging_mixin.py:190} INFO - [2025-03-19T00:24:20.002+0000] {dagbag.py:588} INFO - Filling up the DagBag from /home/airflow/.local/lib/python3.12/site-packages/airflow/example_dags/example_bash_operator.py
[2025-03-19T00:24:20.011+0000] {processor.py:925} INFO - DAG(s) 'example_bash_operator' retrieved from /home/airflow/.local/lib/python3.12/site-packages/airflow/example_dags/example_bash_operator.py
[2025-03-19T00:24:20.029+0000] {logging_mixin.py:190} INFO - [2025-03-19T00:24:20.028+0000] {dag.py:3239} INFO - Sync 1 DAGs
[2025-03-19T00:24:20.045+0000] {logging_mixin.py:190} INFO - [2025-03-19T00:24:20.045+0000] {dag.py:4180} INFO - Setting next_dagrun for example_bash_operator to 2025-03-18 00:00:00+00:00, run_after=2025-03-19 00:00:00+00:00
[2025-03-19T00:24:20.057+0000] {processor.py:208} INFO - Processing /home/airflow/.local/lib/python3.12/site-packages/airflow/example_dags/example_bash_operator.py took 0.060 seconds
[2025-03-19T00:24:50.965+0000] {processor.py:186} INFO - Started process (PID=1682) to work on /home/airflow/.local/lib/python3.12/site-packages/airflow/example_dags/example_bash_operator.py
[2025-03-19T00:24:50.966+0000] {processor.py:914} INFO - Processing file /home/airflow/.local/lib/python3.12/site-packages/airflow/example_dags/example_bash_operator.py for tasks to queue
[2025-03-19T00:24:50.967+0000] {logging_mixin.py:190} INFO - [2025-03-19T00:24:50.967+0000] {dagbag.py:588} INFO - Filling up the DagBag from /home/airflow/.local/lib/python3.12/site-packages/airflow/example_dags/example_bash_operator.py
[2025-03-19T00:24:50.975+0000] {processor.py:925} INFO - DAG(s) 'example_bash_operator' retrieved from /home/airflow/.local/lib/python3.12/site-packages/airflow/example_dags/example_bash_operator.py
[2025-03-19T00:24:50.993+0000] {logging_mixin.py:190} INFO - [2025-03-19T00:24:50.993+0000] {dag.py:3239} INFO - Sync 1 DAGs
[2025-03-19T00:24:51.008+0000] {logging_mixin.py:190} INFO - [2025-03-19T00:24:51.008+0000] {dag.py:4180} INFO - Setting next_dagrun for example_bash_operator to 2025-03-18 00:00:00+00:00, run_after=2025-03-19 00:00:00+00:00
[2025-03-19T00:24:51.020+0000] {processor.py:208} INFO - Processing /home/airflow/.local/lib/python3.12/site-packages/airflow/example_dags/example_bash_operator.py took 0.058 seconds
[2025-03-19T00:25:22.086+0000] {processor.py:186} INFO - Started process (PID=1745) to work on /home/airflow/.local/lib/python3.12/site-packages/airflow/example_dags/example_bash_operator.py
[2025-03-19T00:25:22.086+0000] {processor.py:914} INFO - Processing file /home/airflow/.local/lib/python3.12/site-packages/airflow/example_dags/example_bash_operator.py for tasks to queue
[2025-03-19T00:25:22.088+0000] {logging_mixin.py:190} INFO - [2025-03-19T00:25:22.087+0000] {dagbag.py:588} INFO - Filling up the DagBag from /home/airflow/.local/lib/python3.12/site-packages/airflow/example_dags/example_bash_operator.py
[2025-03-19T00:25:22.095+0000] {processor.py:925} INFO - DAG(s) 'example_bash_operator' retrieved from /home/airflow/.local/lib/python3.12/site-packages/airflow/example_dags/example_bash_operator.py
[2025-03-19T00:25:22.113+0000] {logging_mixin.py:190} INFO - [2025-03-19T00:25:22.113+0000] {dag.py:3239} INFO - Sync 1 DAGs
[2025-03-19T00:25:22.130+0000] {logging_mixin.py:190} INFO - [2025-03-19T00:25:22.129+0000] {dag.py:4180} INFO - Setting next_dagrun for example_bash_operator to 2025-03-18 00:00:00+00:00, run_after=2025-03-19 00:00:00+00:00
[2025-03-19T00:25:22.141+0000] {processor.py:208} INFO - Processing /home/airflow/.local/lib/python3.12/site-packages/airflow/example_dags/example_bash_operator.py took 0.059 seconds
[2025-03-19T00:25:52.917+0000] {processor.py:186} INFO - Started process (PID=1807) to work on /home/airflow/.local/lib/python3.12/site-packages/airflow/example_dags/example_bash_operator.py
[2025-03-19T00:25:52.917+0000] {processor.py:914} INFO - Processing file /home/airflow/.local/lib/python3.12/site-packages/airflow/example_dags/example_bash_operator.py for tasks to queue
[2025-03-19T00:25:52.918+0000] {logging_mixin.py:190} INFO - [2025-03-19T00:25:52.918+0000] {dagbag.py:588} INFO - Filling up the DagBag from /home/airflow/.local/lib/python3.12/site-packages/airflow/example_dags/example_bash_operator.py
[2025-03-19T00:25:52.927+0000] {processor.py:925} INFO - DAG(s) 'example_bash_operator' retrieved from /home/airflow/.local/lib/python3.12/site-packages/airflow/example_dags/example_bash_operator.py
[2025-03-19T00:25:52.945+0000] {logging_mixin.py:190} INFO - [2025-03-19T00:25:52.945+0000] {dag.py:3239} INFO - Sync 1 DAGs
[2025-03-19T00:25:52.963+0000] {logging_mixin.py:190} INFO - [2025-03-19T00:25:52.963+0000] {dag.py:4180} INFO - Setting next_dagrun for example_bash_operator to 2025-03-18 00:00:00+00:00, run_after=2025-03-19 00:00:00+00:00
[2025-03-19T00:25:52.975+0000] {processor.py:208} INFO - Processing /home/airflow/.local/lib/python3.12/site-packages/airflow/example_dags/example_bash_operator.py took 0.062 seconds
[2025-03-19T00:26:23.990+0000] {processor.py:186} INFO - Started process (PID=1870) to work on /home/airflow/.local/lib/python3.12/site-packages/airflow/example_dags/example_bash_operator.py
[2025-03-19T00:26:23.990+0000] {processor.py:914} INFO - Processing file /home/airflow/.local/lib/python3.12/site-packages/airflow/example_dags/example_bash_operator.py for tasks to queue
[2025-03-19T00:26:23.991+0000] {logging_mixin.py:190} INFO - [2025-03-19T00:26:23.991+0000] {dagbag.py:588} INFO - Filling up the DagBag from /home/airflow/.local/lib/python3.12/site-packages/airflow/example_dags/example_bash_operator.py
[2025-03-19T00:26:24.000+0000] {processor.py:925} INFO - DAG(s) 'example_bash_operator' retrieved from /home/airflow/.local/lib/python3.12/site-packages/airflow/example_dags/example_bash_operator.py
[2025-03-19T00:26:24.018+0000] {logging_mixin.py:190} INFO - [2025-03-19T00:26:24.017+0000] {dag.py:3239} INFO - Sync 1 DAGs
[2025-03-19T00:26:24.034+0000] {logging_mixin.py:190} INFO - [2025-03-19T00:26:24.034+0000] {dag.py:4180} INFO - Setting next_dagrun for example_bash_operator to 2025-03-18 00:00:00+00:00, run_after=2025-03-19 00:00:00+00:00
[2025-03-19T00:26:24.046+0000] {processor.py:208} INFO - Processing /home/airflow/.local/lib/python3.12/site-packages/airflow/example_dags/example_bash_operator.py took 0.060 seconds
[2025-03-19T00:26:55.143+0000] {processor.py:186} INFO - Started process (PID=1939) to work on /home/airflow/.local/lib/python3.12/site-packages/airflow/example_dags/example_bash_operator.py
[2025-03-19T00:26:55.144+0000] {processor.py:914} INFO - Processing file /home/airflow/.local/lib/python3.12/site-packages/airflow/example_dags/example_bash_operator.py for tasks to queue
[2025-03-19T00:26:55.145+0000] {logging_mixin.py:190} INFO - [2025-03-19T00:26:55.144+0000] {dagbag.py:588} INFO - Filling up the DagBag from /home/airflow/.local/lib/python3.12/site-packages/airflow/example_dags/example_bash_operator.py
[2025-03-19T00:26:55.153+0000] {processor.py:925} INFO - DAG(s) 'example_bash_operator' retrieved from /home/airflow/.local/lib/python3.12/site-packages/airflow/example_dags/example_bash_operator.py
[2025-03-19T00:26:55.170+0000] {logging_mixin.py:190} INFO - [2025-03-19T00:26:55.170+0000] {dag.py:3239} INFO - Sync 1 DAGs
[2025-03-19T00:26:55.186+0000] {logging_mixin.py:190} INFO - [2025-03-19T00:26:55.186+0000] {dag.py:4180} INFO - Setting next_dagrun for example_bash_operator to 2025-03-18 00:00:00+00:00, run_after=2025-03-19 00:00:00+00:00
[2025-03-19T00:26:55.198+0000] {processor.py:208} INFO - Processing /home/airflow/.local/lib/python3.12/site-packages/airflow/example_dags/example_bash_operator.py took 0.058 seconds
[2025-03-19T00:27:26.407+0000] {processor.py:186} INFO - Started process (PID=2002) to work on /home/airflow/.local/lib/python3.12/site-packages/airflow/example_dags/example_bash_operator.py
[2025-03-19T00:27:26.407+0000] {processor.py:914} INFO - Processing file /home/airflow/.local/lib/python3.12/site-packages/airflow/example_dags/example_bash_operator.py for tasks to queue
[2025-03-19T00:27:26.409+0000] {logging_mixin.py:190} INFO - [2025-03-19T00:27:26.408+0000] {dagbag.py:588} INFO - Filling up the DagBag from /home/airflow/.local/lib/python3.12/site-packages/airflow/example_dags/example_bash_operator.py
[2025-03-19T00:27:26.417+0000] {processor.py:925} INFO - DAG(s) 'example_bash_operator' retrieved from /home/airflow/.local/lib/python3.12/site-packages/airflow/example_dags/example_bash_operator.py
[2025-03-19T00:27:26.435+0000] {logging_mixin.py:190} INFO - [2025-03-19T00:27:26.435+0000] {dag.py:3239} INFO - Sync 1 DAGs
[2025-03-19T00:27:26.452+0000] {logging_mixin.py:190} INFO - [2025-03-19T00:27:26.451+0000] {dag.py:4180} INFO - Setting next_dagrun for example_bash_operator to 2025-03-18 00:00:00+00:00, run_after=2025-03-19 00:00:00+00:00
[2025-03-19T00:27:26.463+0000] {processor.py:208} INFO - Processing /home/airflow/.local/lib/python3.12/site-packages/airflow/example_dags/example_bash_operator.py took 0.060 seconds
[2025-03-19T00:27:57.671+0000] {processor.py:186} INFO - Started process (PID=2065) to work on /home/airflow/.local/lib/python3.12/site-packages/airflow/example_dags/example_bash_operator.py
[2025-03-19T00:27:57.672+0000] {processor.py:914} INFO - Processing file /home/airflow/.local/lib/python3.12/site-packages/airflow/example_dags/example_bash_operator.py for tasks to queue
[2025-03-19T00:27:57.673+0000] {logging_mixin.py:190} INFO - [2025-03-19T00:27:57.673+0000] {dagbag.py:588} INFO - Filling up the DagBag from /home/airflow/.local/lib/python3.12/site-packages/airflow/example_dags/example_bash_operator.py
[2025-03-19T00:27:57.681+0000] {processor.py:925} INFO - DAG(s) 'example_bash_operator' retrieved from /home/airflow/.local/lib/python3.12/site-packages/airflow/example_dags/example_bash_operator.py
[2025-03-19T00:27:57.699+0000] {logging_mixin.py:190} INFO - [2025-03-19T00:27:57.699+0000] {dag.py:3239} INFO - Sync 1 DAGs
[2025-03-19T00:27:57.715+0000] {logging_mixin.py:190} INFO - [2025-03-19T00:27:57.715+0000] {dag.py:4180} INFO - Setting next_dagrun for example_bash_operator to 2025-03-18 00:00:00+00:00, run_after=2025-03-19 00:00:00+00:00
[2025-03-19T00:27:57.727+0000] {processor.py:208} INFO - Processing /home/airflow/.local/lib/python3.12/site-packages/airflow/example_dags/example_bash_operator.py took 0.059 seconds
[2025-03-19T00:28:29.003+0000] {processor.py:186} INFO - Started process (PID=2128) to work on /home/airflow/.local/lib/python3.12/site-packages/airflow/example_dags/example_bash_operator.py
[2025-03-19T00:28:29.004+0000] {processor.py:914} INFO - Processing file /home/airflow/.local/lib/python3.12/site-packages/airflow/example_dags/example_bash_operator.py for tasks to queue
[2025-03-19T00:28:29.005+0000] {logging_mixin.py:190} INFO - [2025-03-19T00:28:29.005+0000] {dagbag.py:588} INFO - Filling up the DagBag from /home/airflow/.local/lib/python3.12/site-packages/airflow/example_dags/example_bash_operator.py
[2025-03-19T00:28:29.013+0000] {processor.py:925} INFO - DAG(s) 'example_bash_operator' retrieved from /home/airflow/.local/lib/python3.12/site-packages/airflow/example_dags/example_bash_operator.py
[2025-03-19T00:28:29.031+0000] {logging_mixin.py:190} INFO - [2025-03-19T00:28:29.031+0000] {dag.py:3239} INFO - Sync 1 DAGs
[2025-03-19T00:28:29.047+0000] {logging_mixin.py:190} INFO - [2025-03-19T00:28:29.047+0000] {dag.py:4180} INFO - Setting next_dagrun for example_bash_operator to 2025-03-18 00:00:00+00:00, run_after=2025-03-19 00:00:00+00:00
[2025-03-19T00:28:29.059+0000] {processor.py:208} INFO - Processing /home/airflow/.local/lib/python3.12/site-packages/airflow/example_dags/example_bash_operator.py took 0.059 seconds
[2025-03-19T00:29:00.175+0000] {processor.py:186} INFO - Started process (PID=2190) to work on /home/airflow/.local/lib/python3.12/site-packages/airflow/example_dags/example_bash_operator.py
[2025-03-19T00:29:00.175+0000] {processor.py:914} INFO - Processing file /home/airflow/.local/lib/python3.12/site-packages/airflow/example_dags/example_bash_operator.py for tasks to queue
[2025-03-19T00:29:00.176+0000] {logging_mixin.py:190} INFO - [2025-03-19T00:29:00.176+0000] {dagbag.py:588} INFO - Filling up the DagBag from /home/airflow/.local/lib/python3.12/site-packages/airflow/example_dags/example_bash_operator.py
[2025-03-19T00:29:00.185+0000] {processor.py:925} INFO - DAG(s) 'example_bash_operator' retrieved from /home/airflow/.local/lib/python3.12/site-packages/airflow/example_dags/example_bash_operator.py
[2025-03-19T00:29:00.203+0000] {logging_mixin.py:190} INFO - [2025-03-19T00:29:00.203+0000] {dag.py:3239} INFO - Sync 1 DAGs
[2025-03-19T00:29:00.220+0000] {logging_mixin.py:190} INFO - [2025-03-19T00:29:00.220+0000] {dag.py:4180} INFO - Setting next_dagrun for example_bash_operator to 2025-03-18 00:00:00+00:00, run_after=2025-03-19 00:00:00+00:00
[2025-03-19T00:29:00.232+0000] {processor.py:208} INFO - Processing /home/airflow/.local/lib/python3.12/site-packages/airflow/example_dags/example_bash_operator.py took 0.061 seconds
[2025-03-19T00:29:31.343+0000] {processor.py:186} INFO - Started process (PID=2253) to work on /home/airflow/.local/lib/python3.12/site-packages/airflow/example_dags/example_bash_operator.py
[2025-03-19T00:29:31.344+0000] {processor.py:914} INFO - Processing file /home/airflow/.local/lib/python3.12/site-packages/airflow/example_dags/example_bash_operator.py for tasks to queue
[2025-03-19T00:29:31.345+0000] {logging_mixin.py:190} INFO - [2025-03-19T00:29:31.345+0000] {dagbag.py:588} INFO - Filling up the DagBag from /home/airflow/.local/lib/python3.12/site-packages/airflow/example_dags/example_bash_operator.py
[2025-03-19T00:29:31.353+0000] {processor.py:925} INFO - DAG(s) 'example_bash_operator' retrieved from /home/airflow/.local/lib/python3.12/site-packages/airflow/example_dags/example_bash_operator.py
[2025-03-19T00:29:31.371+0000] {logging_mixin.py:190} INFO - [2025-03-19T00:29:31.371+0000] {dag.py:3239} INFO - Sync 1 DAGs
[2025-03-19T00:29:31.388+0000] {logging_mixin.py:190} INFO - [2025-03-19T00:29:31.388+0000] {dag.py:4180} INFO - Setting next_dagrun for example_bash_operator to 2025-03-18 00:00:00+00:00, run_after=2025-03-19 00:00:00+00:00
[2025-03-19T00:29:31.399+0000] {processor.py:208} INFO - Processing /home/airflow/.local/lib/python3.12/site-packages/airflow/example_dags/example_bash_operator.py took 0.059 seconds
[2025-03-19T00:30:02.598+0000] {processor.py:186} INFO - Started process (PID=2316) to work on /home/airflow/.local/lib/python3.12/site-packages/airflow/example_dags/example_bash_operator.py
[2025-03-19T00:30:02.599+0000] {processor.py:914} INFO - Processing file /home/airflow/.local/lib/python3.12/site-packages/airflow/example_dags/example_bash_operator.py for tasks to queue
[2025-03-19T00:30:02.600+0000] {logging_mixin.py:190} INFO - [2025-03-19T00:30:02.600+0000] {dagbag.py:588} INFO - Filling up the DagBag from /home/airflow/.local/lib/python3.12/site-packages/airflow/example_dags/example_bash_operator.py
[2025-03-19T00:30:02.608+0000] {processor.py:925} INFO - DAG(s) 'example_bash_operator' retrieved from /home/airflow/.local/lib/python3.12/site-packages/airflow/example_dags/example_bash_operator.py
[2025-03-19T00:30:02.626+0000] {logging_mixin.py:190} INFO - [2025-03-19T00:30:02.626+0000] {dag.py:3239} INFO - Sync 1 DAGs
[2025-03-19T00:30:02.642+0000] {logging_mixin.py:190} INFO - [2025-03-19T00:30:02.642+0000] {dag.py:4180} INFO - Setting next_dagrun for example_bash_operator to 2025-03-18 00:00:00+00:00, run_after=2025-03-19 00:00:00+00:00
[2025-03-19T00:30:02.654+0000] {processor.py:208} INFO - Processing /home/airflow/.local/lib/python3.12/site-packages/airflow/example_dags/example_bash_operator.py took 0.059 seconds
[2025-03-19T00:30:33.759+0000] {processor.py:186} INFO - Started process (PID=2379) to work on /home/airflow/.local/lib/python3.12/site-packages/airflow/example_dags/example_bash_operator.py
[2025-03-19T00:30:33.760+0000] {processor.py:914} INFO - Processing file /home/airflow/.local/lib/python3.12/site-packages/airflow/example_dags/example_bash_operator.py for tasks to queue
[2025-03-19T00:30:33.761+0000] {logging_mixin.py:190} INFO - [2025-03-19T00:30:33.761+0000] {dagbag.py:588} INFO - Filling up the DagBag from /home/airflow/.local/lib/python3.12/site-packages/airflow/example_dags/example_bash_operator.py
[2025-03-19T00:30:33.769+0000] {processor.py:925} INFO - DAG(s) 'example_bash_operator' retrieved from /home/airflow/.local/lib/python3.12/site-packages/airflow/example_dags/example_bash_operator.py
[2025-03-19T00:30:33.787+0000] {logging_mixin.py:190} INFO - [2025-03-19T00:30:33.787+0000] {dag.py:3239} INFO - Sync 1 DAGs
[2025-03-19T00:30:33.803+0000] {logging_mixin.py:190} INFO - [2025-03-19T00:30:33.802+0000] {dag.py:4180} INFO - Setting next_dagrun for example_bash_operator to 2025-03-18 00:00:00+00:00, run_after=2025-03-19 00:00:00+00:00
[2025-03-19T00:30:33.815+0000] {processor.py:208} INFO - Processing /home/airflow/.local/lib/python3.12/site-packages/airflow/example_dags/example_bash_operator.py took 0.059 seconds
[2025-03-19T00:31:04.228+0000] {processor.py:186} INFO - Started process (PID=2442) to work on /home/airflow/.local/lib/python3.12/site-packages/airflow/example_dags/example_bash_operator.py
[2025-03-19T00:31:04.228+0000] {processor.py:914} INFO - Processing file /home/airflow/.local/lib/python3.12/site-packages/airflow/example_dags/example_bash_operator.py for tasks to queue
[2025-03-19T00:31:04.229+0000] {logging_mixin.py:190} INFO - [2025-03-19T00:31:04.229+0000] {dagbag.py:588} INFO - Filling up the DagBag from /home/airflow/.local/lib/python3.12/site-packages/airflow/example_dags/example_bash_operator.py
[2025-03-19T00:31:04.237+0000] {processor.py:925} INFO - DAG(s) 'example_bash_operator' retrieved from /home/airflow/.local/lib/python3.12/site-packages/airflow/example_dags/example_bash_operator.py
[2025-03-19T00:31:04.255+0000] {logging_mixin.py:190} INFO - [2025-03-19T00:31:04.255+0000] {dag.py:3239} INFO - Sync 1 DAGs
[2025-03-19T00:31:04.271+0000] {logging_mixin.py:190} INFO - [2025-03-19T00:31:04.271+0000] {dag.py:4180} INFO - Setting next_dagrun for example_bash_operator to 2025-03-18 00:00:00+00:00, run_after=2025-03-19 00:00:00+00:00
[2025-03-19T00:31:04.283+0000] {processor.py:208} INFO - Processing /home/airflow/.local/lib/python3.12/site-packages/airflow/example_dags/example_bash_operator.py took 0.059 seconds
[2025-03-19T00:31:34.905+0000] {processor.py:186} INFO - Started process (PID=2505) to work on /home/airflow/.local/lib/python3.12/site-packages/airflow/example_dags/example_bash_operator.py
[2025-03-19T00:31:34.906+0000] {processor.py:914} INFO - Processing file /home/airflow/.local/lib/python3.12/site-packages/airflow/example_dags/example_bash_operator.py for tasks to queue
[2025-03-19T00:31:34.907+0000] {logging_mixin.py:190} INFO - [2025-03-19T00:31:34.907+0000] {dagbag.py:588} INFO - Filling up the DagBag from /home/airflow/.local/lib/python3.12/site-packages/airflow/example_dags/example_bash_operator.py
[2025-03-19T00:31:34.915+0000] {processor.py:925} INFO - DAG(s) 'example_bash_operator' retrieved from /home/airflow/.local/lib/python3.12/site-packages/airflow/example_dags/example_bash_operator.py
[2025-03-19T00:31:34.943+0000] {logging_mixin.py:190} INFO - [2025-03-19T00:31:34.943+0000] {dag.py:3239} INFO - Sync 1 DAGs
[2025-03-19T00:31:34.968+0000] {logging_mixin.py:190} INFO - [2025-03-19T00:31:34.968+0000] {dag.py:4180} INFO - Setting next_dagrun for example_bash_operator to 2025-03-18 00:00:00+00:00, run_after=2025-03-19 00:00:00+00:00
[2025-03-19T00:31:34.984+0000] {processor.py:208} INFO - Processing /home/airflow/.local/lib/python3.12/site-packages/airflow/example_dags/example_bash_operator.py took 0.084 seconds
[2025-03-19T00:32:06.167+0000] {processor.py:186} INFO - Started process (PID=2568) to work on /home/airflow/.local/lib/python3.12/site-packages/airflow/example_dags/example_bash_operator.py
[2025-03-19T00:32:06.167+0000] {processor.py:914} INFO - Processing file /home/airflow/.local/lib/python3.12/site-packages/airflow/example_dags/example_bash_operator.py for tasks to queue
[2025-03-19T00:32:06.168+0000] {logging_mixin.py:190} INFO - [2025-03-19T00:32:06.168+0000] {dagbag.py:588} INFO - Filling up the DagBag from /home/airflow/.local/lib/python3.12/site-packages/airflow/example_dags/example_bash_operator.py
[2025-03-19T00:32:06.179+0000] {processor.py:925} INFO - DAG(s) 'example_bash_operator' retrieved from /home/airflow/.local/lib/python3.12/site-packages/airflow/example_dags/example_bash_operator.py
[2025-03-19T00:32:06.200+0000] {logging_mixin.py:190} INFO - [2025-03-19T00:32:06.200+0000] {dag.py:3239} INFO - Sync 1 DAGs
[2025-03-19T00:32:06.218+0000] {logging_mixin.py:190} INFO - [2025-03-19T00:32:06.218+0000] {dag.py:4180} INFO - Setting next_dagrun for example_bash_operator to 2025-03-18 00:00:00+00:00, run_after=2025-03-19 00:00:00+00:00
[2025-03-19T00:32:06.233+0000] {processor.py:208} INFO - Processing /home/airflow/.local/lib/python3.12/site-packages/airflow/example_dags/example_bash_operator.py took 0.070 seconds
[2025-03-19T00:32:37.182+0000] {processor.py:186} INFO - Started process (PID=2631) to work on /home/airflow/.local/lib/python3.12/site-packages/airflow/example_dags/example_bash_operator.py
[2025-03-19T00:32:37.182+0000] {processor.py:914} INFO - Processing file /home/airflow/.local/lib/python3.12/site-packages/airflow/example_dags/example_bash_operator.py for tasks to queue
[2025-03-19T00:32:37.184+0000] {logging_mixin.py:190} INFO - [2025-03-19T00:32:37.183+0000] {dagbag.py:588} INFO - Filling up the DagBag from /home/airflow/.local/lib/python3.12/site-packages/airflow/example_dags/example_bash_operator.py
[2025-03-19T00:32:37.192+0000] {processor.py:925} INFO - DAG(s) 'example_bash_operator' retrieved from /home/airflow/.local/lib/python3.12/site-packages/airflow/example_dags/example_bash_operator.py
[2025-03-19T00:32:37.210+0000] {logging_mixin.py:190} INFO - [2025-03-19T00:32:37.210+0000] {dag.py:3239} INFO - Sync 1 DAGs
[2025-03-19T00:32:37.227+0000] {logging_mixin.py:190} INFO - [2025-03-19T00:32:37.227+0000] {dag.py:4180} INFO - Setting next_dagrun for example_bash_operator to 2025-03-18 00:00:00+00:00, run_after=2025-03-19 00:00:00+00:00
[2025-03-19T00:32:37.241+0000] {processor.py:208} INFO - Processing /home/airflow/.local/lib/python3.12/site-packages/airflow/example_dags/example_bash_operator.py took 0.063 seconds
[2025-03-19T00:33:08.319+0000] {processor.py:186} INFO - Started process (PID=2694) to work on /home/airflow/.local/lib/python3.12/site-packages/airflow/example_dags/example_bash_operator.py
[2025-03-19T00:33:08.320+0000] {processor.py:914} INFO - Processing file /home/airflow/.local/lib/python3.12/site-packages/airflow/example_dags/example_bash_operator.py for tasks to queue
[2025-03-19T00:33:08.321+0000] {logging_mixin.py:190} INFO - [2025-03-19T00:33:08.321+0000] {dagbag.py:588} INFO - Filling up the DagBag from /home/airflow/.local/lib/python3.12/site-packages/airflow/example_dags/example_bash_operator.py
[2025-03-19T00:33:08.331+0000] {processor.py:925} INFO - DAG(s) 'example_bash_operator' retrieved from /home/airflow/.local/lib/python3.12/site-packages/airflow/example_dags/example_bash_operator.py
[2025-03-19T00:33:08.352+0000] {logging_mixin.py:190} INFO - [2025-03-19T00:33:08.352+0000] {dag.py:3239} INFO - Sync 1 DAGs
[2025-03-19T00:33:08.372+0000] {logging_mixin.py:190} INFO - [2025-03-19T00:33:08.371+0000] {dag.py:4180} INFO - Setting next_dagrun for example_bash_operator to 2025-03-18 00:00:00+00:00, run_after=2025-03-19 00:00:00+00:00
[2025-03-19T00:33:08.385+0000] {processor.py:208} INFO - Processing /home/airflow/.local/lib/python3.12/site-packages/airflow/example_dags/example_bash_operator.py took 0.070 seconds
[2025-03-19T00:33:38.625+0000] {processor.py:186} INFO - Started process (PID=2757) to work on /home/airflow/.local/lib/python3.12/site-packages/airflow/example_dags/example_bash_operator.py
[2025-03-19T00:33:38.625+0000] {processor.py:914} INFO - Processing file /home/airflow/.local/lib/python3.12/site-packages/airflow/example_dags/example_bash_operator.py for tasks to queue
[2025-03-19T00:33:38.626+0000] {logging_mixin.py:190} INFO - [2025-03-19T00:33:38.626+0000] {dagbag.py:588} INFO - Filling up the DagBag from /home/airflow/.local/lib/python3.12/site-packages/airflow/example_dags/example_bash_operator.py
[2025-03-19T00:33:38.635+0000] {processor.py:925} INFO - DAG(s) 'example_bash_operator' retrieved from /home/airflow/.local/lib/python3.12/site-packages/airflow/example_dags/example_bash_operator.py
[2025-03-19T00:33:38.653+0000] {logging_mixin.py:190} INFO - [2025-03-19T00:33:38.653+0000] {dag.py:3239} INFO - Sync 1 DAGs
[2025-03-19T00:33:38.669+0000] {logging_mixin.py:190} INFO - [2025-03-19T00:33:38.669+0000] {dag.py:4180} INFO - Setting next_dagrun for example_bash_operator to 2025-03-18 00:00:00+00:00, run_after=2025-03-19 00:00:00+00:00
[2025-03-19T00:33:38.682+0000] {processor.py:208} INFO - Processing /home/airflow/.local/lib/python3.12/site-packages/airflow/example_dags/example_bash_operator.py took 0.061 seconds
[2025-03-19T00:34:09.529+0000] {processor.py:186} INFO - Started process (PID=2823) to work on /home/airflow/.local/lib/python3.12/site-packages/airflow/example_dags/example_bash_operator.py
[2025-03-19T00:34:09.529+0000] {processor.py:914} INFO - Processing file /home/airflow/.local/lib/python3.12/site-packages/airflow/example_dags/example_bash_operator.py for tasks to queue
[2025-03-19T00:34:09.530+0000] {logging_mixin.py:190} INFO - [2025-03-19T00:34:09.530+0000] {dagbag.py:588} INFO - Filling up the DagBag from /home/airflow/.local/lib/python3.12/site-packages/airflow/example_dags/example_bash_operator.py
[2025-03-19T00:34:09.540+0000] {processor.py:925} INFO - DAG(s) 'example_bash_operator' retrieved from /home/airflow/.local/lib/python3.12/site-packages/airflow/example_dags/example_bash_operator.py
[2025-03-19T00:34:09.558+0000] {logging_mixin.py:190} INFO - [2025-03-19T00:34:09.558+0000] {dag.py:3239} INFO - Sync 1 DAGs
[2025-03-19T00:34:09.576+0000] {logging_mixin.py:190} INFO - [2025-03-19T00:34:09.575+0000] {dag.py:4180} INFO - Setting next_dagrun for example_bash_operator to 2025-03-18 00:00:00+00:00, run_after=2025-03-19 00:00:00+00:00
[2025-03-19T00:34:09.590+0000] {processor.py:208} INFO - Processing /home/airflow/.local/lib/python3.12/site-packages/airflow/example_dags/example_bash_operator.py took 0.065 seconds
[2025-03-19T00:34:40.395+0000] {processor.py:186} INFO - Started process (PID=2886) to work on /home/airflow/.local/lib/python3.12/site-packages/airflow/example_dags/example_bash_operator.py
[2025-03-19T00:34:40.395+0000] {processor.py:914} INFO - Processing file /home/airflow/.local/lib/python3.12/site-packages/airflow/example_dags/example_bash_operator.py for tasks to queue
[2025-03-19T00:34:40.396+0000] {logging_mixin.py:190} INFO - [2025-03-19T00:34:40.396+0000] {dagbag.py:588} INFO - Filling up the DagBag from /home/airflow/.local/lib/python3.12/site-packages/airflow/example_dags/example_bash_operator.py
[2025-03-19T00:34:40.406+0000] {processor.py:925} INFO - DAG(s) 'example_bash_operator' retrieved from /home/airflow/.local/lib/python3.12/site-packages/airflow/example_dags/example_bash_operator.py
[2025-03-19T00:34:40.426+0000] {logging_mixin.py:190} INFO - [2025-03-19T00:34:40.426+0000] {dag.py:3239} INFO - Sync 1 DAGs
[2025-03-19T00:34:40.444+0000] {logging_mixin.py:190} INFO - [2025-03-19T00:34:40.444+0000] {dag.py:4180} INFO - Setting next_dagrun for example_bash_operator to 2025-03-18 00:00:00+00:00, run_after=2025-03-19 00:00:00+00:00
[2025-03-19T00:34:40.456+0000] {processor.py:208} INFO - Processing /home/airflow/.local/lib/python3.12/site-packages/airflow/example_dags/example_bash_operator.py took 0.066 seconds
[2025-03-19T00:35:12.094+0000] {processor.py:186} INFO - Started process (PID=2949) to work on /home/airflow/.local/lib/python3.12/site-packages/airflow/example_dags/example_bash_operator.py
[2025-03-19T00:35:12.094+0000] {processor.py:914} INFO - Processing file /home/airflow/.local/lib/python3.12/site-packages/airflow/example_dags/example_bash_operator.py for tasks to queue
[2025-03-19T00:35:12.095+0000] {logging_mixin.py:190} INFO - [2025-03-19T00:35:12.095+0000] {dagbag.py:588} INFO - Filling up the DagBag from /home/airflow/.local/lib/python3.12/site-packages/airflow/example_dags/example_bash_operator.py
[2025-03-19T00:35:12.104+0000] {processor.py:925} INFO - DAG(s) 'example_bash_operator' retrieved from /home/airflow/.local/lib/python3.12/site-packages/airflow/example_dags/example_bash_operator.py
[2025-03-19T00:35:12.125+0000] {logging_mixin.py:190} INFO - [2025-03-19T00:35:12.125+0000] {dag.py:3239} INFO - Sync 1 DAGs
[2025-03-19T00:35:12.142+0000] {logging_mixin.py:190} INFO - [2025-03-19T00:35:12.142+0000] {dag.py:4180} INFO - Setting next_dagrun for example_bash_operator to 2025-03-18 00:00:00+00:00, run_after=2025-03-19 00:00:00+00:00
[2025-03-19T00:35:12.154+0000] {processor.py:208} INFO - Processing /home/airflow/.local/lib/python3.12/site-packages/airflow/example_dags/example_bash_operator.py took 0.064 seconds
[2025-03-19T00:35:42.658+0000] {processor.py:186} INFO - Started process (PID=3012) to work on /home/airflow/.local/lib/python3.12/site-packages/airflow/example_dags/example_bash_operator.py
[2025-03-19T00:35:42.658+0000] {processor.py:914} INFO - Processing file /home/airflow/.local/lib/python3.12/site-packages/airflow/example_dags/example_bash_operator.py for tasks to queue
[2025-03-19T00:35:42.660+0000] {logging_mixin.py:190} INFO - [2025-03-19T00:35:42.659+0000] {dagbag.py:588} INFO - Filling up the DagBag from /home/airflow/.local/lib/python3.12/site-packages/airflow/example_dags/example_bash_operator.py
[2025-03-19T00:35:42.668+0000] {processor.py:925} INFO - DAG(s) 'example_bash_operator' retrieved from /home/airflow/.local/lib/python3.12/site-packages/airflow/example_dags/example_bash_operator.py
[2025-03-19T00:35:42.686+0000] {logging_mixin.py:190} INFO - [2025-03-19T00:35:42.686+0000] {dag.py:3239} INFO - Sync 1 DAGs
[2025-03-19T00:35:42.703+0000] {logging_mixin.py:190} INFO - [2025-03-19T00:35:42.702+0000] {dag.py:4180} INFO - Setting next_dagrun for example_bash_operator to 2025-03-18 00:00:00+00:00, run_after=2025-03-19 00:00:00+00:00
[2025-03-19T00:35:42.715+0000] {processor.py:208} INFO - Processing /home/airflow/.local/lib/python3.12/site-packages/airflow/example_dags/example_bash_operator.py took 0.060 seconds
[2025-03-19T00:36:13.139+0000] {processor.py:186} INFO - Started process (PID=3075) to work on /home/airflow/.local/lib/python3.12/site-packages/airflow/example_dags/example_bash_operator.py
[2025-03-19T00:36:13.140+0000] {processor.py:914} INFO - Processing file /home/airflow/.local/lib/python3.12/site-packages/airflow/example_dags/example_bash_operator.py for tasks to queue
[2025-03-19T00:36:13.141+0000] {logging_mixin.py:190} INFO - [2025-03-19T00:36:13.141+0000] {dagbag.py:588} INFO - Filling up the DagBag from /home/airflow/.local/lib/python3.12/site-packages/airflow/example_dags/example_bash_operator.py
[2025-03-19T00:36:13.150+0000] {processor.py:925} INFO - DAG(s) 'example_bash_operator' retrieved from /home/airflow/.local/lib/python3.12/site-packages/airflow/example_dags/example_bash_operator.py
[2025-03-19T00:36:13.170+0000] {logging_mixin.py:190} INFO - [2025-03-19T00:36:13.170+0000] {dag.py:3239} INFO - Sync 1 DAGs
[2025-03-19T00:36:13.189+0000] {logging_mixin.py:190} INFO - [2025-03-19T00:36:13.189+0000] {dag.py:4180} INFO - Setting next_dagrun for example_bash_operator to 2025-03-18 00:00:00+00:00, run_after=2025-03-19 00:00:00+00:00
[2025-03-19T00:36:13.203+0000] {processor.py:208} INFO - Processing /home/airflow/.local/lib/python3.12/site-packages/airflow/example_dags/example_bash_operator.py took 0.067 seconds
[2025-03-19T00:36:44.020+0000] {processor.py:186} INFO - Started process (PID=3138) to work on /home/airflow/.local/lib/python3.12/site-packages/airflow/example_dags/example_bash_operator.py
[2025-03-19T00:36:44.020+0000] {processor.py:914} INFO - Processing file /home/airflow/.local/lib/python3.12/site-packages/airflow/example_dags/example_bash_operator.py for tasks to queue
[2025-03-19T00:36:44.022+0000] {logging_mixin.py:190} INFO - [2025-03-19T00:36:44.021+0000] {dagbag.py:588} INFO - Filling up the DagBag from /home/airflow/.local/lib/python3.12/site-packages/airflow/example_dags/example_bash_operator.py
[2025-03-19T00:36:44.030+0000] {processor.py:925} INFO - DAG(s) 'example_bash_operator' retrieved from /home/airflow/.local/lib/python3.12/site-packages/airflow/example_dags/example_bash_operator.py
[2025-03-19T00:36:44.050+0000] {logging_mixin.py:190} INFO - [2025-03-19T00:36:44.050+0000] {dag.py:3239} INFO - Sync 1 DAGs
[2025-03-19T00:36:44.067+0000] {logging_mixin.py:190} INFO - [2025-03-19T00:36:44.067+0000] {dag.py:4180} INFO - Setting next_dagrun for example_bash_operator to 2025-03-18 00:00:00+00:00, run_after=2025-03-19 00:00:00+00:00
[2025-03-19T00:36:44.080+0000] {processor.py:208} INFO - Processing /home/airflow/.local/lib/python3.12/site-packages/airflow/example_dags/example_bash_operator.py took 0.064 seconds
[2025-03-19T00:37:14.976+0000] {processor.py:186} INFO - Started process (PID=3202) to work on /home/airflow/.local/lib/python3.12/site-packages/airflow/example_dags/example_bash_operator.py
[2025-03-19T00:37:14.977+0000] {processor.py:914} INFO - Processing file /home/airflow/.local/lib/python3.12/site-packages/airflow/example_dags/example_bash_operator.py for tasks to queue
[2025-03-19T00:37:14.978+0000] {logging_mixin.py:190} INFO - [2025-03-19T00:37:14.978+0000] {dagbag.py:588} INFO - Filling up the DagBag from /home/airflow/.local/lib/python3.12/site-packages/airflow/example_dags/example_bash_operator.py
[2025-03-19T00:37:14.987+0000] {processor.py:925} INFO - DAG(s) 'example_bash_operator' retrieved from /home/airflow/.local/lib/python3.12/site-packages/airflow/example_dags/example_bash_operator.py
[2025-03-19T00:37:15.008+0000] {logging_mixin.py:190} INFO - [2025-03-19T00:37:15.008+0000] {dag.py:3239} INFO - Sync 1 DAGs
[2025-03-19T00:37:15.026+0000] {logging_mixin.py:190} INFO - [2025-03-19T00:37:15.026+0000] {dag.py:4180} INFO - Setting next_dagrun for example_bash_operator to 2025-03-18 00:00:00+00:00, run_after=2025-03-19 00:00:00+00:00
[2025-03-19T00:37:15.043+0000] {processor.py:208} INFO - Processing /home/airflow/.local/lib/python3.12/site-packages/airflow/example_dags/example_bash_operator.py took 0.071 seconds
[2025-03-19T00:37:45.364+0000] {processor.py:186} INFO - Started process (PID=3265) to work on /home/airflow/.local/lib/python3.12/site-packages/airflow/example_dags/example_bash_operator.py
[2025-03-19T00:37:45.365+0000] {processor.py:914} INFO - Processing file /home/airflow/.local/lib/python3.12/site-packages/airflow/example_dags/example_bash_operator.py for tasks to queue
[2025-03-19T00:37:45.366+0000] {logging_mixin.py:190} INFO - [2025-03-19T00:37:45.366+0000] {dagbag.py:588} INFO - Filling up the DagBag from /home/airflow/.local/lib/python3.12/site-packages/airflow/example_dags/example_bash_operator.py
[2025-03-19T00:37:45.375+0000] {processor.py:925} INFO - DAG(s) 'example_bash_operator' retrieved from /home/airflow/.local/lib/python3.12/site-packages/airflow/example_dags/example_bash_operator.py
[2025-03-19T00:37:45.395+0000] {logging_mixin.py:190} INFO - [2025-03-19T00:37:45.394+0000] {dag.py:3239} INFO - Sync 1 DAGs
[2025-03-19T00:37:45.413+0000] {logging_mixin.py:190} INFO - [2025-03-19T00:37:45.413+0000] {dag.py:4180} INFO - Setting next_dagrun for example_bash_operator to 2025-03-18 00:00:00+00:00, run_after=2025-03-19 00:00:00+00:00
[2025-03-19T00:37:45.426+0000] {processor.py:208} INFO - Processing /home/airflow/.local/lib/python3.12/site-packages/airflow/example_dags/example_bash_operator.py took 0.066 seconds
[2025-03-19T00:38:16.086+0000] {processor.py:186} INFO - Started process (PID=3329) to work on /home/airflow/.local/lib/python3.12/site-packages/airflow/example_dags/example_bash_operator.py
[2025-03-19T00:38:16.086+0000] {processor.py:914} INFO - Processing file /home/airflow/.local/lib/python3.12/site-packages/airflow/example_dags/example_bash_operator.py for tasks to queue
[2025-03-19T00:38:16.088+0000] {logging_mixin.py:190} INFO - [2025-03-19T00:38:16.088+0000] {dagbag.py:588} INFO - Filling up the DagBag from /home/airflow/.local/lib/python3.12/site-packages/airflow/example_dags/example_bash_operator.py
[2025-03-19T00:38:16.097+0000] {processor.py:925} INFO - DAG(s) 'example_bash_operator' retrieved from /home/airflow/.local/lib/python3.12/site-packages/airflow/example_dags/example_bash_operator.py
[2025-03-19T00:38:16.117+0000] {logging_mixin.py:190} INFO - [2025-03-19T00:38:16.117+0000] {dag.py:3239} INFO - Sync 1 DAGs
[2025-03-19T00:38:16.136+0000] {logging_mixin.py:190} INFO - [2025-03-19T00:38:16.136+0000] {dag.py:4180} INFO - Setting next_dagrun for example_bash_operator to 2025-03-18 00:00:00+00:00, run_after=2025-03-19 00:00:00+00:00
[2025-03-19T00:38:16.281+0000] {processor.py:208} INFO - Processing /home/airflow/.local/lib/python3.12/site-packages/airflow/example_dags/example_bash_operator.py took 0.200 seconds
[2025-03-19T00:38:47.386+0000] {processor.py:186} INFO - Started process (PID=3394) to work on /home/airflow/.local/lib/python3.12/site-packages/airflow/example_dags/example_bash_operator.py
[2025-03-19T00:38:47.387+0000] {processor.py:914} INFO - Processing file /home/airflow/.local/lib/python3.12/site-packages/airflow/example_dags/example_bash_operator.py for tasks to queue
[2025-03-19T00:38:47.389+0000] {logging_mixin.py:190} INFO - [2025-03-19T00:38:47.388+0000] {dagbag.py:588} INFO - Filling up the DagBag from /home/airflow/.local/lib/python3.12/site-packages/airflow/example_dags/example_bash_operator.py
[2025-03-19T00:38:47.398+0000] {processor.py:925} INFO - DAG(s) 'example_bash_operator' retrieved from /home/airflow/.local/lib/python3.12/site-packages/airflow/example_dags/example_bash_operator.py
[2025-03-19T00:38:47.419+0000] {logging_mixin.py:190} INFO - [2025-03-19T00:38:47.418+0000] {dag.py:3239} INFO - Sync 1 DAGs
[2025-03-19T00:38:47.552+0000] {logging_mixin.py:190} INFO - [2025-03-19T00:38:47.552+0000] {dag.py:4180} INFO - Setting next_dagrun for example_bash_operator to 2025-03-18 00:00:00+00:00, run_after=2025-03-19 00:00:00+00:00
[2025-03-19T00:38:47.565+0000] {processor.py:208} INFO - Processing /home/airflow/.local/lib/python3.12/site-packages/airflow/example_dags/example_bash_operator.py took 0.182 seconds
[2025-03-19T00:39:18.008+0000] {processor.py:186} INFO - Started process (PID=3458) to work on /home/airflow/.local/lib/python3.12/site-packages/airflow/example_dags/example_bash_operator.py
[2025-03-19T00:39:18.009+0000] {processor.py:914} INFO - Processing file /home/airflow/.local/lib/python3.12/site-packages/airflow/example_dags/example_bash_operator.py for tasks to queue
[2025-03-19T00:39:18.010+0000] {logging_mixin.py:190} INFO - [2025-03-19T00:39:18.010+0000] {dagbag.py:588} INFO - Filling up the DagBag from /home/airflow/.local/lib/python3.12/site-packages/airflow/example_dags/example_bash_operator.py
[2025-03-19T00:39:18.020+0000] {processor.py:925} INFO - DAG(s) 'example_bash_operator' retrieved from /home/airflow/.local/lib/python3.12/site-packages/airflow/example_dags/example_bash_operator.py
[2025-03-19T00:39:18.040+0000] {logging_mixin.py:190} INFO - [2025-03-19T00:39:18.039+0000] {dag.py:3239} INFO - Sync 1 DAGs
[2025-03-19T00:39:18.174+0000] {logging_mixin.py:190} INFO - [2025-03-19T00:39:18.174+0000] {dag.py:4180} INFO - Setting next_dagrun for example_bash_operator to 2025-03-18 00:00:00+00:00, run_after=2025-03-19 00:00:00+00:00
[2025-03-19T00:39:18.185+0000] {processor.py:208} INFO - Processing /home/airflow/.local/lib/python3.12/site-packages/airflow/example_dags/example_bash_operator.py took 0.180 seconds
[2025-03-19T00:39:49.427+0000] {processor.py:186} INFO - Started process (PID=3522) to work on /home/airflow/.local/lib/python3.12/site-packages/airflow/example_dags/example_bash_operator.py
[2025-03-19T00:39:49.427+0000] {processor.py:914} INFO - Processing file /home/airflow/.local/lib/python3.12/site-packages/airflow/example_dags/example_bash_operator.py for tasks to queue
[2025-03-19T00:39:49.429+0000] {logging_mixin.py:190} INFO - [2025-03-19T00:39:49.429+0000] {dagbag.py:588} INFO - Filling up the DagBag from /home/airflow/.local/lib/python3.12/site-packages/airflow/example_dags/example_bash_operator.py
[2025-03-19T00:39:49.438+0000] {processor.py:925} INFO - DAG(s) 'example_bash_operator' retrieved from /home/airflow/.local/lib/python3.12/site-packages/airflow/example_dags/example_bash_operator.py
[2025-03-19T00:39:49.458+0000] {logging_mixin.py:190} INFO - [2025-03-19T00:39:49.458+0000] {dag.py:3239} INFO - Sync 1 DAGs
[2025-03-19T00:39:49.586+0000] {logging_mixin.py:190} INFO - [2025-03-19T00:39:49.586+0000] {dag.py:4180} INFO - Setting next_dagrun for example_bash_operator to 2025-03-18 00:00:00+00:00, run_after=2025-03-19 00:00:00+00:00
[2025-03-19T00:39:49.599+0000] {processor.py:208} INFO - Processing /home/airflow/.local/lib/python3.12/site-packages/airflow/example_dags/example_bash_operator.py took 0.176 seconds
[2025-03-19T00:40:20.823+0000] {processor.py:186} INFO - Started process (PID=3586) to work on /home/airflow/.local/lib/python3.12/site-packages/airflow/example_dags/example_bash_operator.py
[2025-03-19T00:40:20.824+0000] {processor.py:914} INFO - Processing file /home/airflow/.local/lib/python3.12/site-packages/airflow/example_dags/example_bash_operator.py for tasks to queue
[2025-03-19T00:40:20.825+0000] {logging_mixin.py:190} INFO - [2025-03-19T00:40:20.825+0000] {dagbag.py:588} INFO - Filling up the DagBag from /home/airflow/.local/lib/python3.12/site-packages/airflow/example_dags/example_bash_operator.py
[2025-03-19T00:40:20.834+0000] {processor.py:925} INFO - DAG(s) 'example_bash_operator' retrieved from /home/airflow/.local/lib/python3.12/site-packages/airflow/example_dags/example_bash_operator.py
[2025-03-19T00:40:20.853+0000] {logging_mixin.py:190} INFO - [2025-03-19T00:40:20.853+0000] {dag.py:3239} INFO - Sync 1 DAGs
[2025-03-19T00:40:20.970+0000] {logging_mixin.py:190} INFO - [2025-03-19T00:40:20.970+0000] {dag.py:4180} INFO - Setting next_dagrun for example_bash_operator to 2025-03-18 00:00:00+00:00, run_after=2025-03-19 00:00:00+00:00
[2025-03-19T00:40:20.981+0000] {processor.py:208} INFO - Processing /home/airflow/.local/lib/python3.12/site-packages/airflow/example_dags/example_bash_operator.py took 0.162 seconds
[2025-03-19T00:41:19.147+0000] {processor.py:186} INFO - Started process (PID=109) to work on /home/airflow/.local/lib/python3.12/site-packages/airflow/example_dags/example_bash_operator.py
[2025-03-19T00:41:19.147+0000] {processor.py:914} INFO - Processing file /home/airflow/.local/lib/python3.12/site-packages/airflow/example_dags/example_bash_operator.py for tasks to queue
[2025-03-19T00:41:19.149+0000] {logging_mixin.py:190} INFO - [2025-03-19T00:41:19.149+0000] {dagbag.py:588} INFO - Filling up the DagBag from /home/airflow/.local/lib/python3.12/site-packages/airflow/example_dags/example_bash_operator.py
[2025-03-19T00:41:19.159+0000] {processor.py:925} INFO - DAG(s) 'example_bash_operator' retrieved from /home/airflow/.local/lib/python3.12/site-packages/airflow/example_dags/example_bash_operator.py
[2025-03-19T00:41:19.179+0000] {logging_mixin.py:190} INFO - [2025-03-19T00:41:19.179+0000] {dag.py:3239} INFO - Sync 1 DAGs
[2025-03-19T00:41:19.197+0000] {logging_mixin.py:190} INFO - [2025-03-19T00:41:19.197+0000] {dag.py:4180} INFO - Setting next_dagrun for example_bash_operator to 2025-03-18 00:00:00+00:00, run_after=2025-03-19 00:00:00+00:00
[2025-03-19T00:41:19.210+0000] {processor.py:208} INFO - Processing /home/airflow/.local/lib/python3.12/site-packages/airflow/example_dags/example_bash_operator.py took 0.067 seconds
[2025-03-19T00:41:49.484+0000] {processor.py:186} INFO - Started process (PID=173) to work on /home/airflow/.local/lib/python3.12/site-packages/airflow/example_dags/example_bash_operator.py
[2025-03-19T00:41:49.484+0000] {processor.py:914} INFO - Processing file /home/airflow/.local/lib/python3.12/site-packages/airflow/example_dags/example_bash_operator.py for tasks to queue
[2025-03-19T00:41:49.486+0000] {logging_mixin.py:190} INFO - [2025-03-19T00:41:49.485+0000] {dagbag.py:588} INFO - Filling up the DagBag from /home/airflow/.local/lib/python3.12/site-packages/airflow/example_dags/example_bash_operator.py
[2025-03-19T00:41:49.494+0000] {processor.py:925} INFO - DAG(s) 'example_bash_operator' retrieved from /home/airflow/.local/lib/python3.12/site-packages/airflow/example_dags/example_bash_operator.py
[2025-03-19T00:41:49.512+0000] {logging_mixin.py:190} INFO - [2025-03-19T00:41:49.512+0000] {dag.py:3239} INFO - Sync 1 DAGs
[2025-03-19T00:41:49.529+0000] {logging_mixin.py:190} INFO - [2025-03-19T00:41:49.529+0000] {dag.py:4180} INFO - Setting next_dagrun for example_bash_operator to 2025-03-18 00:00:00+00:00, run_after=2025-03-19 00:00:00+00:00
[2025-03-19T00:41:49.543+0000] {processor.py:208} INFO - Processing /home/airflow/.local/lib/python3.12/site-packages/airflow/example_dags/example_bash_operator.py took 0.063 seconds
[2025-03-19T00:42:20.885+0000] {processor.py:186} INFO - Started process (PID=237) to work on /home/airflow/.local/lib/python3.12/site-packages/airflow/example_dags/example_bash_operator.py
[2025-03-19T00:42:20.885+0000] {processor.py:914} INFO - Processing file /home/airflow/.local/lib/python3.12/site-packages/airflow/example_dags/example_bash_operator.py for tasks to queue
[2025-03-19T00:42:20.886+0000] {logging_mixin.py:190} INFO - [2025-03-19T00:42:20.886+0000] {dagbag.py:588} INFO - Filling up the DagBag from /home/airflow/.local/lib/python3.12/site-packages/airflow/example_dags/example_bash_operator.py
[2025-03-19T00:42:20.895+0000] {processor.py:925} INFO - DAG(s) 'example_bash_operator' retrieved from /home/airflow/.local/lib/python3.12/site-packages/airflow/example_dags/example_bash_operator.py
[2025-03-19T00:42:20.913+0000] {logging_mixin.py:190} INFO - [2025-03-19T00:42:20.913+0000] {dag.py:3239} INFO - Sync 1 DAGs
[2025-03-19T00:42:20.930+0000] {logging_mixin.py:190} INFO - [2025-03-19T00:42:20.929+0000] {dag.py:4180} INFO - Setting next_dagrun for example_bash_operator to 2025-03-18 00:00:00+00:00, run_after=2025-03-19 00:00:00+00:00
[2025-03-19T00:42:20.943+0000] {processor.py:208} INFO - Processing /home/airflow/.local/lib/python3.12/site-packages/airflow/example_dags/example_bash_operator.py took 0.062 seconds
[2025-03-19T00:42:52.425+0000] {processor.py:186} INFO - Started process (PID=301) to work on /home/airflow/.local/lib/python3.12/site-packages/airflow/example_dags/example_bash_operator.py
[2025-03-19T00:42:52.425+0000] {processor.py:914} INFO - Processing file /home/airflow/.local/lib/python3.12/site-packages/airflow/example_dags/example_bash_operator.py for tasks to queue
[2025-03-19T00:42:52.427+0000] {logging_mixin.py:190} INFO - [2025-03-19T00:42:52.426+0000] {dagbag.py:588} INFO - Filling up the DagBag from /home/airflow/.local/lib/python3.12/site-packages/airflow/example_dags/example_bash_operator.py
[2025-03-19T00:42:52.435+0000] {processor.py:925} INFO - DAG(s) 'example_bash_operator' retrieved from /home/airflow/.local/lib/python3.12/site-packages/airflow/example_dags/example_bash_operator.py
[2025-03-19T00:42:52.454+0000] {logging_mixin.py:190} INFO - [2025-03-19T00:42:52.454+0000] {dag.py:3239} INFO - Sync 1 DAGs
[2025-03-19T00:42:52.472+0000] {logging_mixin.py:190} INFO - [2025-03-19T00:42:52.471+0000] {dag.py:4180} INFO - Setting next_dagrun for example_bash_operator to 2025-03-18 00:00:00+00:00, run_after=2025-03-19 00:00:00+00:00
[2025-03-19T00:42:52.485+0000] {processor.py:208} INFO - Processing /home/airflow/.local/lib/python3.12/site-packages/airflow/example_dags/example_bash_operator.py took 0.063 seconds
[2025-03-19T00:43:22.935+0000] {processor.py:186} INFO - Started process (PID=365) to work on /home/airflow/.local/lib/python3.12/site-packages/airflow/example_dags/example_bash_operator.py
[2025-03-19T00:43:22.936+0000] {processor.py:914} INFO - Processing file /home/airflow/.local/lib/python3.12/site-packages/airflow/example_dags/example_bash_operator.py for tasks to queue
[2025-03-19T00:43:22.937+0000] {logging_mixin.py:190} INFO - [2025-03-19T00:43:22.937+0000] {dagbag.py:588} INFO - Filling up the DagBag from /home/airflow/.local/lib/python3.12/site-packages/airflow/example_dags/example_bash_operator.py
[2025-03-19T00:43:22.945+0000] {processor.py:925} INFO - DAG(s) 'example_bash_operator' retrieved from /home/airflow/.local/lib/python3.12/site-packages/airflow/example_dags/example_bash_operator.py
[2025-03-19T00:43:22.964+0000] {logging_mixin.py:190} INFO - [2025-03-19T00:43:22.964+0000] {dag.py:3239} INFO - Sync 1 DAGs
[2025-03-19T00:43:22.981+0000] {logging_mixin.py:190} INFO - [2025-03-19T00:43:22.981+0000] {dag.py:4180} INFO - Setting next_dagrun for example_bash_operator to 2025-03-18 00:00:00+00:00, run_after=2025-03-19 00:00:00+00:00
[2025-03-19T00:43:22.993+0000] {processor.py:208} INFO - Processing /home/airflow/.local/lib/python3.12/site-packages/airflow/example_dags/example_bash_operator.py took 0.062 seconds
[2025-03-19T00:43:53.439+0000] {processor.py:186} INFO - Started process (PID=429) to work on /home/airflow/.local/lib/python3.12/site-packages/airflow/example_dags/example_bash_operator.py
[2025-03-19T00:43:53.439+0000] {processor.py:914} INFO - Processing file /home/airflow/.local/lib/python3.12/site-packages/airflow/example_dags/example_bash_operator.py for tasks to queue
[2025-03-19T00:43:53.441+0000] {logging_mixin.py:190} INFO - [2025-03-19T00:43:53.441+0000] {dagbag.py:588} INFO - Filling up the DagBag from /home/airflow/.local/lib/python3.12/site-packages/airflow/example_dags/example_bash_operator.py
[2025-03-19T00:43:53.450+0000] {processor.py:925} INFO - DAG(s) 'example_bash_operator' retrieved from /home/airflow/.local/lib/python3.12/site-packages/airflow/example_dags/example_bash_operator.py
[2025-03-19T00:43:53.470+0000] {logging_mixin.py:190} INFO - [2025-03-19T00:43:53.470+0000] {dag.py:3239} INFO - Sync 1 DAGs
[2025-03-19T00:43:53.489+0000] {logging_mixin.py:190} INFO - [2025-03-19T00:43:53.489+0000] {dag.py:4180} INFO - Setting next_dagrun for example_bash_operator to 2025-03-18 00:00:00+00:00, run_after=2025-03-19 00:00:00+00:00
[2025-03-19T00:43:53.504+0000] {processor.py:208} INFO - Processing /home/airflow/.local/lib/python3.12/site-packages/airflow/example_dags/example_bash_operator.py took 0.069 seconds
