[2025-03-19T00:11:54.268+0000] {processor.py:186} INFO - Started process (PID=84) to work on /home/airflow/.local/lib/python3.12/site-packages/airflow/example_dags/example_latest_only_with_trigger.py
[2025-03-19T00:11:54.269+0000] {processor.py:914} INFO - Processing file /home/airflow/.local/lib/python3.12/site-packages/airflow/example_dags/example_latest_only_with_trigger.py for tasks to queue
[2025-03-19T00:11:54.270+0000] {logging_mixin.py:190} INFO - [2025-03-19T00:11:54.270+0000] {dagbag.py:588} INFO - Filling up the DagBag from /home/airflow/.local/lib/python3.12/site-packages/airflow/example_dags/example_latest_only_with_trigger.py
[2025-03-19T00:11:54.275+0000] {processor.py:925} INFO - DAG(s) 'latest_only_with_trigger' retrieved from /home/airflow/.local/lib/python3.12/site-packages/airflow/example_dags/example_latest_only_with_trigger.py
[2025-03-19T00:11:54.288+0000] {logging_mixin.py:190} INFO - [2025-03-19T00:11:54.288+0000] {dag.py:3239} INFO - Sync 1 DAGs
[2025-03-19T00:11:54.305+0000] {logging_mixin.py:190} INFO - [2025-03-19T00:11:54.305+0000] {dag.py:4180} INFO - Setting next_dagrun for latest_only_with_trigger to 2025-03-18 20:00:00+00:00, run_after=2025-03-19 00:00:00+00:00
[2025-03-19T00:11:54.317+0000] {processor.py:208} INFO - Processing /home/airflow/.local/lib/python3.12/site-packages/airflow/example_dags/example_latest_only_with_trigger.py took 0.052 seconds
[2025-03-19T00:12:24.575+0000] {processor.py:186} INFO - Started process (PID=147) to work on /home/airflow/.local/lib/python3.12/site-packages/airflow/example_dags/example_latest_only_with_trigger.py
[2025-03-19T00:12:24.575+0000] {processor.py:914} INFO - Processing file /home/airflow/.local/lib/python3.12/site-packages/airflow/example_dags/example_latest_only_with_trigger.py for tasks to queue
[2025-03-19T00:12:24.577+0000] {logging_mixin.py:190} INFO - [2025-03-19T00:12:24.577+0000] {dagbag.py:588} INFO - Filling up the DagBag from /home/airflow/.local/lib/python3.12/site-packages/airflow/example_dags/example_latest_only_with_trigger.py
[2025-03-19T00:12:24.582+0000] {processor.py:925} INFO - DAG(s) 'latest_only_with_trigger' retrieved from /home/airflow/.local/lib/python3.12/site-packages/airflow/example_dags/example_latest_only_with_trigger.py
[2025-03-19T00:12:24.595+0000] {logging_mixin.py:190} INFO - [2025-03-19T00:12:24.595+0000] {dag.py:3239} INFO - Sync 1 DAGs
[2025-03-19T00:12:24.613+0000] {logging_mixin.py:190} INFO - [2025-03-19T00:12:24.613+0000] {dag.py:4180} INFO - Setting next_dagrun for latest_only_with_trigger to 2025-03-18 20:00:00+00:00, run_after=2025-03-19 00:00:00+00:00
[2025-03-19T00:12:24.625+0000] {processor.py:208} INFO - Processing /home/airflow/.local/lib/python3.12/site-packages/airflow/example_dags/example_latest_only_with_trigger.py took 0.054 seconds
[2025-03-19T00:12:55.595+0000] {processor.py:186} INFO - Started process (PID=210) to work on /home/airflow/.local/lib/python3.12/site-packages/airflow/example_dags/example_latest_only_with_trigger.py
[2025-03-19T00:12:55.595+0000] {processor.py:914} INFO - Processing file /home/airflow/.local/lib/python3.12/site-packages/airflow/example_dags/example_latest_only_with_trigger.py for tasks to queue
[2025-03-19T00:12:55.597+0000] {logging_mixin.py:190} INFO - [2025-03-19T00:12:55.596+0000] {dagbag.py:588} INFO - Filling up the DagBag from /home/airflow/.local/lib/python3.12/site-packages/airflow/example_dags/example_latest_only_with_trigger.py
[2025-03-19T00:12:55.601+0000] {processor.py:925} INFO - DAG(s) 'latest_only_with_trigger' retrieved from /home/airflow/.local/lib/python3.12/site-packages/airflow/example_dags/example_latest_only_with_trigger.py
[2025-03-19T00:12:55.614+0000] {logging_mixin.py:190} INFO - [2025-03-19T00:12:55.614+0000] {dag.py:3239} INFO - Sync 1 DAGs
[2025-03-19T00:12:55.632+0000] {logging_mixin.py:190} INFO - [2025-03-19T00:12:55.632+0000] {dag.py:4180} INFO - Setting next_dagrun for latest_only_with_trigger to 2025-03-18 20:00:00+00:00, run_after=2025-03-19 00:00:00+00:00
[2025-03-19T00:12:55.648+0000] {processor.py:208} INFO - Processing /home/airflow/.local/lib/python3.12/site-packages/airflow/example_dags/example_latest_only_with_trigger.py took 0.057 seconds
[2025-03-19T00:13:26.634+0000] {processor.py:186} INFO - Started process (PID=273) to work on /home/airflow/.local/lib/python3.12/site-packages/airflow/example_dags/example_latest_only_with_trigger.py
[2025-03-19T00:13:26.634+0000] {processor.py:914} INFO - Processing file /home/airflow/.local/lib/python3.12/site-packages/airflow/example_dags/example_latest_only_with_trigger.py for tasks to queue
[2025-03-19T00:13:26.636+0000] {logging_mixin.py:190} INFO - [2025-03-19T00:13:26.636+0000] {dagbag.py:588} INFO - Filling up the DagBag from /home/airflow/.local/lib/python3.12/site-packages/airflow/example_dags/example_latest_only_with_trigger.py
[2025-03-19T00:13:26.641+0000] {processor.py:925} INFO - DAG(s) 'latest_only_with_trigger' retrieved from /home/airflow/.local/lib/python3.12/site-packages/airflow/example_dags/example_latest_only_with_trigger.py
[2025-03-19T00:13:26.655+0000] {logging_mixin.py:190} INFO - [2025-03-19T00:13:26.654+0000] {dag.py:3239} INFO - Sync 1 DAGs
[2025-03-19T00:13:26.671+0000] {logging_mixin.py:190} INFO - [2025-03-19T00:13:26.671+0000] {dag.py:4180} INFO - Setting next_dagrun for latest_only_with_trigger to 2025-03-18 20:00:00+00:00, run_after=2025-03-19 00:00:00+00:00
[2025-03-19T00:13:26.684+0000] {processor.py:208} INFO - Processing /home/airflow/.local/lib/python3.12/site-packages/airflow/example_dags/example_latest_only_with_trigger.py took 0.055 seconds
[2025-03-19T00:13:58.039+0000] {processor.py:186} INFO - Started process (PID=335) to work on /home/airflow/.local/lib/python3.12/site-packages/airflow/example_dags/example_latest_only_with_trigger.py
[2025-03-19T00:13:58.040+0000] {processor.py:914} INFO - Processing file /home/airflow/.local/lib/python3.12/site-packages/airflow/example_dags/example_latest_only_with_trigger.py for tasks to queue
[2025-03-19T00:13:58.041+0000] {logging_mixin.py:190} INFO - [2025-03-19T00:13:58.041+0000] {dagbag.py:588} INFO - Filling up the DagBag from /home/airflow/.local/lib/python3.12/site-packages/airflow/example_dags/example_latest_only_with_trigger.py
[2025-03-19T00:13:58.046+0000] {processor.py:925} INFO - DAG(s) 'latest_only_with_trigger' retrieved from /home/airflow/.local/lib/python3.12/site-packages/airflow/example_dags/example_latest_only_with_trigger.py
[2025-03-19T00:13:58.062+0000] {logging_mixin.py:190} INFO - [2025-03-19T00:13:58.061+0000] {dag.py:3239} INFO - Sync 1 DAGs
[2025-03-19T00:13:58.080+0000] {logging_mixin.py:190} INFO - [2025-03-19T00:13:58.080+0000] {dag.py:4180} INFO - Setting next_dagrun for latest_only_with_trigger to 2025-03-18 20:00:00+00:00, run_after=2025-03-19 00:00:00+00:00
[2025-03-19T00:13:58.092+0000] {processor.py:208} INFO - Processing /home/airflow/.local/lib/python3.12/site-packages/airflow/example_dags/example_latest_only_with_trigger.py took 0.057 seconds
[2025-03-19T00:14:28.559+0000] {processor.py:186} INFO - Started process (PID=398) to work on /home/airflow/.local/lib/python3.12/site-packages/airflow/example_dags/example_latest_only_with_trigger.py
[2025-03-19T00:14:28.560+0000] {processor.py:914} INFO - Processing file /home/airflow/.local/lib/python3.12/site-packages/airflow/example_dags/example_latest_only_with_trigger.py for tasks to queue
[2025-03-19T00:14:28.561+0000] {logging_mixin.py:190} INFO - [2025-03-19T00:14:28.561+0000] {dagbag.py:588} INFO - Filling up the DagBag from /home/airflow/.local/lib/python3.12/site-packages/airflow/example_dags/example_latest_only_with_trigger.py
[2025-03-19T00:14:28.566+0000] {processor.py:925} INFO - DAG(s) 'latest_only_with_trigger' retrieved from /home/airflow/.local/lib/python3.12/site-packages/airflow/example_dags/example_latest_only_with_trigger.py
[2025-03-19T00:14:28.578+0000] {logging_mixin.py:190} INFO - [2025-03-19T00:14:28.578+0000] {dag.py:3239} INFO - Sync 1 DAGs
[2025-03-19T00:14:28.595+0000] {logging_mixin.py:190} INFO - [2025-03-19T00:14:28.595+0000] {dag.py:4180} INFO - Setting next_dagrun for latest_only_with_trigger to 2025-03-18 20:00:00+00:00, run_after=2025-03-19 00:00:00+00:00
[2025-03-19T00:14:28.608+0000] {processor.py:208} INFO - Processing /home/airflow/.local/lib/python3.12/site-packages/airflow/example_dags/example_latest_only_with_trigger.py took 0.052 seconds
[2025-03-19T00:14:59.380+0000] {processor.py:186} INFO - Started process (PID=461) to work on /home/airflow/.local/lib/python3.12/site-packages/airflow/example_dags/example_latest_only_with_trigger.py
[2025-03-19T00:14:59.380+0000] {processor.py:914} INFO - Processing file /home/airflow/.local/lib/python3.12/site-packages/airflow/example_dags/example_latest_only_with_trigger.py for tasks to queue
[2025-03-19T00:14:59.381+0000] {logging_mixin.py:190} INFO - [2025-03-19T00:14:59.381+0000] {dagbag.py:588} INFO - Filling up the DagBag from /home/airflow/.local/lib/python3.12/site-packages/airflow/example_dags/example_latest_only_with_trigger.py
[2025-03-19T00:14:59.386+0000] {processor.py:925} INFO - DAG(s) 'latest_only_with_trigger' retrieved from /home/airflow/.local/lib/python3.12/site-packages/airflow/example_dags/example_latest_only_with_trigger.py
[2025-03-19T00:14:59.400+0000] {logging_mixin.py:190} INFO - [2025-03-19T00:14:59.400+0000] {dag.py:3239} INFO - Sync 1 DAGs
[2025-03-19T00:14:59.419+0000] {logging_mixin.py:190} INFO - [2025-03-19T00:14:59.419+0000] {dag.py:4180} INFO - Setting next_dagrun for latest_only_with_trigger to 2025-03-18 20:00:00+00:00, run_after=2025-03-19 00:00:00+00:00
[2025-03-19T00:14:59.434+0000] {processor.py:208} INFO - Processing /home/airflow/.local/lib/python3.12/site-packages/airflow/example_dags/example_latest_only_with_trigger.py took 0.058 seconds
[2025-03-19T00:15:29.901+0000] {processor.py:186} INFO - Started process (PID=524) to work on /home/airflow/.local/lib/python3.12/site-packages/airflow/example_dags/example_latest_only_with_trigger.py
[2025-03-19T00:15:29.901+0000] {processor.py:914} INFO - Processing file /home/airflow/.local/lib/python3.12/site-packages/airflow/example_dags/example_latest_only_with_trigger.py for tasks to queue
[2025-03-19T00:15:29.902+0000] {logging_mixin.py:190} INFO - [2025-03-19T00:15:29.902+0000] {dagbag.py:588} INFO - Filling up the DagBag from /home/airflow/.local/lib/python3.12/site-packages/airflow/example_dags/example_latest_only_with_trigger.py
[2025-03-19T00:15:29.907+0000] {processor.py:925} INFO - DAG(s) 'latest_only_with_trigger' retrieved from /home/airflow/.local/lib/python3.12/site-packages/airflow/example_dags/example_latest_only_with_trigger.py
[2025-03-19T00:15:29.922+0000] {logging_mixin.py:190} INFO - [2025-03-19T00:15:29.921+0000] {dag.py:3239} INFO - Sync 1 DAGs
[2025-03-19T00:15:29.939+0000] {logging_mixin.py:190} INFO - [2025-03-19T00:15:29.939+0000] {dag.py:4180} INFO - Setting next_dagrun for latest_only_with_trigger to 2025-03-18 20:00:00+00:00, run_after=2025-03-19 00:00:00+00:00
[2025-03-19T00:15:29.953+0000] {processor.py:208} INFO - Processing /home/airflow/.local/lib/python3.12/site-packages/airflow/example_dags/example_latest_only_with_trigger.py took 0.056 seconds
[2025-03-19T00:16:00.598+0000] {processor.py:186} INFO - Started process (PID=587) to work on /home/airflow/.local/lib/python3.12/site-packages/airflow/example_dags/example_latest_only_with_trigger.py
[2025-03-19T00:16:00.599+0000] {processor.py:914} INFO - Processing file /home/airflow/.local/lib/python3.12/site-packages/airflow/example_dags/example_latest_only_with_trigger.py for tasks to queue
[2025-03-19T00:16:00.600+0000] {logging_mixin.py:190} INFO - [2025-03-19T00:16:00.600+0000] {dagbag.py:588} INFO - Filling up the DagBag from /home/airflow/.local/lib/python3.12/site-packages/airflow/example_dags/example_latest_only_with_trigger.py
[2025-03-19T00:16:00.605+0000] {processor.py:925} INFO - DAG(s) 'latest_only_with_trigger' retrieved from /home/airflow/.local/lib/python3.12/site-packages/airflow/example_dags/example_latest_only_with_trigger.py
[2025-03-19T00:16:00.620+0000] {logging_mixin.py:190} INFO - [2025-03-19T00:16:00.620+0000] {dag.py:3239} INFO - Sync 1 DAGs
[2025-03-19T00:16:00.643+0000] {logging_mixin.py:190} INFO - [2025-03-19T00:16:00.643+0000] {dag.py:4180} INFO - Setting next_dagrun for latest_only_with_trigger to 2025-03-18 20:00:00+00:00, run_after=2025-03-19 00:00:00+00:00
[2025-03-19T00:16:00.661+0000] {processor.py:208} INFO - Processing /home/airflow/.local/lib/python3.12/site-packages/airflow/example_dags/example_latest_only_with_trigger.py took 0.066 seconds
[2025-03-19T00:16:31.252+0000] {processor.py:186} INFO - Started process (PID=650) to work on /home/airflow/.local/lib/python3.12/site-packages/airflow/example_dags/example_latest_only_with_trigger.py
[2025-03-19T00:16:31.253+0000] {processor.py:914} INFO - Processing file /home/airflow/.local/lib/python3.12/site-packages/airflow/example_dags/example_latest_only_with_trigger.py for tasks to queue
[2025-03-19T00:16:31.254+0000] {logging_mixin.py:190} INFO - [2025-03-19T00:16:31.254+0000] {dagbag.py:588} INFO - Filling up the DagBag from /home/airflow/.local/lib/python3.12/site-packages/airflow/example_dags/example_latest_only_with_trigger.py
[2025-03-19T00:16:31.261+0000] {processor.py:925} INFO - DAG(s) 'latest_only_with_trigger' retrieved from /home/airflow/.local/lib/python3.12/site-packages/airflow/example_dags/example_latest_only_with_trigger.py
[2025-03-19T00:16:31.274+0000] {logging_mixin.py:190} INFO - [2025-03-19T00:16:31.273+0000] {dag.py:3239} INFO - Sync 1 DAGs
[2025-03-19T00:16:31.297+0000] {logging_mixin.py:190} INFO - [2025-03-19T00:16:31.297+0000] {dag.py:4180} INFO - Setting next_dagrun for latest_only_with_trigger to 2025-03-18 20:00:00+00:00, run_after=2025-03-19 00:00:00+00:00
[2025-03-19T00:16:31.313+0000] {processor.py:208} INFO - Processing /home/airflow/.local/lib/python3.12/site-packages/airflow/example_dags/example_latest_only_with_trigger.py took 0.064 seconds
[2025-03-19T00:17:01.910+0000] {processor.py:186} INFO - Started process (PID=713) to work on /home/airflow/.local/lib/python3.12/site-packages/airflow/example_dags/example_latest_only_with_trigger.py
[2025-03-19T00:17:01.910+0000] {processor.py:914} INFO - Processing file /home/airflow/.local/lib/python3.12/site-packages/airflow/example_dags/example_latest_only_with_trigger.py for tasks to queue
[2025-03-19T00:17:01.911+0000] {logging_mixin.py:190} INFO - [2025-03-19T00:17:01.911+0000] {dagbag.py:588} INFO - Filling up the DagBag from /home/airflow/.local/lib/python3.12/site-packages/airflow/example_dags/example_latest_only_with_trigger.py
[2025-03-19T00:17:01.916+0000] {processor.py:925} INFO - DAG(s) 'latest_only_with_trigger' retrieved from /home/airflow/.local/lib/python3.12/site-packages/airflow/example_dags/example_latest_only_with_trigger.py
[2025-03-19T00:17:01.930+0000] {logging_mixin.py:190} INFO - [2025-03-19T00:17:01.929+0000] {dag.py:3239} INFO - Sync 1 DAGs
[2025-03-19T00:17:01.946+0000] {logging_mixin.py:190} INFO - [2025-03-19T00:17:01.946+0000] {dag.py:4180} INFO - Setting next_dagrun for latest_only_with_trigger to 2025-03-18 20:00:00+00:00, run_after=2025-03-19 00:00:00+00:00
[2025-03-19T00:17:01.959+0000] {processor.py:208} INFO - Processing /home/airflow/.local/lib/python3.12/site-packages/airflow/example_dags/example_latest_only_with_trigger.py took 0.052 seconds
[2025-03-19T00:17:32.343+0000] {processor.py:186} INFO - Started process (PID=776) to work on /home/airflow/.local/lib/python3.12/site-packages/airflow/example_dags/example_latest_only_with_trigger.py
[2025-03-19T00:17:32.344+0000] {processor.py:914} INFO - Processing file /home/airflow/.local/lib/python3.12/site-packages/airflow/example_dags/example_latest_only_with_trigger.py for tasks to queue
[2025-03-19T00:17:32.345+0000] {logging_mixin.py:190} INFO - [2025-03-19T00:17:32.345+0000] {dagbag.py:588} INFO - Filling up the DagBag from /home/airflow/.local/lib/python3.12/site-packages/airflow/example_dags/example_latest_only_with_trigger.py
[2025-03-19T00:17:32.350+0000] {processor.py:925} INFO - DAG(s) 'latest_only_with_trigger' retrieved from /home/airflow/.local/lib/python3.12/site-packages/airflow/example_dags/example_latest_only_with_trigger.py
[2025-03-19T00:17:32.363+0000] {logging_mixin.py:190} INFO - [2025-03-19T00:17:32.362+0000] {dag.py:3239} INFO - Sync 1 DAGs
[2025-03-19T00:17:32.379+0000] {logging_mixin.py:190} INFO - [2025-03-19T00:17:32.378+0000] {dag.py:4180} INFO - Setting next_dagrun for latest_only_with_trigger to 2025-03-18 20:00:00+00:00, run_after=2025-03-19 00:00:00+00:00
[2025-03-19T00:17:32.390+0000] {processor.py:208} INFO - Processing /home/airflow/.local/lib/python3.12/site-packages/airflow/example_dags/example_latest_only_with_trigger.py took 0.050 seconds
[2025-03-19T00:18:03.413+0000] {processor.py:186} INFO - Started process (PID=839) to work on /home/airflow/.local/lib/python3.12/site-packages/airflow/example_dags/example_latest_only_with_trigger.py
[2025-03-19T00:18:03.414+0000] {processor.py:914} INFO - Processing file /home/airflow/.local/lib/python3.12/site-packages/airflow/example_dags/example_latest_only_with_trigger.py for tasks to queue
[2025-03-19T00:18:03.415+0000] {logging_mixin.py:190} INFO - [2025-03-19T00:18:03.415+0000] {dagbag.py:588} INFO - Filling up the DagBag from /home/airflow/.local/lib/python3.12/site-packages/airflow/example_dags/example_latest_only_with_trigger.py
[2025-03-19T00:18:03.420+0000] {processor.py:925} INFO - DAG(s) 'latest_only_with_trigger' retrieved from /home/airflow/.local/lib/python3.12/site-packages/airflow/example_dags/example_latest_only_with_trigger.py
[2025-03-19T00:18:03.432+0000] {logging_mixin.py:190} INFO - [2025-03-19T00:18:03.432+0000] {dag.py:3239} INFO - Sync 1 DAGs
[2025-03-19T00:18:03.448+0000] {logging_mixin.py:190} INFO - [2025-03-19T00:18:03.448+0000] {dag.py:4180} INFO - Setting next_dagrun for latest_only_with_trigger to 2025-03-18 20:00:00+00:00, run_after=2025-03-19 00:00:00+00:00
[2025-03-19T00:18:03.460+0000] {processor.py:208} INFO - Processing /home/airflow/.local/lib/python3.12/site-packages/airflow/example_dags/example_latest_only_with_trigger.py took 0.051 seconds
[2025-03-19T00:18:35.064+0000] {processor.py:186} INFO - Started process (PID=902) to work on /home/airflow/.local/lib/python3.12/site-packages/airflow/example_dags/example_latest_only_with_trigger.py
[2025-03-19T00:18:35.064+0000] {processor.py:914} INFO - Processing file /home/airflow/.local/lib/python3.12/site-packages/airflow/example_dags/example_latest_only_with_trigger.py for tasks to queue
[2025-03-19T00:18:35.065+0000] {logging_mixin.py:190} INFO - [2025-03-19T00:18:35.065+0000] {dagbag.py:588} INFO - Filling up the DagBag from /home/airflow/.local/lib/python3.12/site-packages/airflow/example_dags/example_latest_only_with_trigger.py
[2025-03-19T00:18:35.071+0000] {processor.py:925} INFO - DAG(s) 'latest_only_with_trigger' retrieved from /home/airflow/.local/lib/python3.12/site-packages/airflow/example_dags/example_latest_only_with_trigger.py
[2025-03-19T00:18:35.087+0000] {logging_mixin.py:190} INFO - [2025-03-19T00:18:35.086+0000] {dag.py:3239} INFO - Sync 1 DAGs
[2025-03-19T00:18:35.104+0000] {logging_mixin.py:190} INFO - [2025-03-19T00:18:35.104+0000] {dag.py:4180} INFO - Setting next_dagrun for latest_only_with_trigger to 2025-03-18 20:00:00+00:00, run_after=2025-03-19 00:00:00+00:00
[2025-03-19T00:18:35.118+0000] {processor.py:208} INFO - Processing /home/airflow/.local/lib/python3.12/site-packages/airflow/example_dags/example_latest_only_with_trigger.py took 0.058 seconds
[2025-03-19T00:19:05.613+0000] {processor.py:186} INFO - Started process (PID=964) to work on /home/airflow/.local/lib/python3.12/site-packages/airflow/example_dags/example_latest_only_with_trigger.py
[2025-03-19T00:19:05.614+0000] {processor.py:914} INFO - Processing file /home/airflow/.local/lib/python3.12/site-packages/airflow/example_dags/example_latest_only_with_trigger.py for tasks to queue
[2025-03-19T00:19:05.615+0000] {logging_mixin.py:190} INFO - [2025-03-19T00:19:05.615+0000] {dagbag.py:588} INFO - Filling up the DagBag from /home/airflow/.local/lib/python3.12/site-packages/airflow/example_dags/example_latest_only_with_trigger.py
[2025-03-19T00:19:05.620+0000] {processor.py:925} INFO - DAG(s) 'latest_only_with_trigger' retrieved from /home/airflow/.local/lib/python3.12/site-packages/airflow/example_dags/example_latest_only_with_trigger.py
[2025-03-19T00:19:05.634+0000] {logging_mixin.py:190} INFO - [2025-03-19T00:19:05.634+0000] {dag.py:3239} INFO - Sync 1 DAGs
[2025-03-19T00:19:05.651+0000] {logging_mixin.py:190} INFO - [2025-03-19T00:19:05.650+0000] {dag.py:4180} INFO - Setting next_dagrun for latest_only_with_trigger to 2025-03-18 20:00:00+00:00, run_after=2025-03-19 00:00:00+00:00
[2025-03-19T00:19:05.662+0000] {processor.py:208} INFO - Processing /home/airflow/.local/lib/python3.12/site-packages/airflow/example_dags/example_latest_only_with_trigger.py took 0.053 seconds
[2025-03-19T00:19:36.936+0000] {processor.py:186} INFO - Started process (PID=1027) to work on /home/airflow/.local/lib/python3.12/site-packages/airflow/example_dags/example_latest_only_with_trigger.py
[2025-03-19T00:19:36.936+0000] {processor.py:914} INFO - Processing file /home/airflow/.local/lib/python3.12/site-packages/airflow/example_dags/example_latest_only_with_trigger.py for tasks to queue
[2025-03-19T00:19:36.938+0000] {logging_mixin.py:190} INFO - [2025-03-19T00:19:36.937+0000] {dagbag.py:588} INFO - Filling up the DagBag from /home/airflow/.local/lib/python3.12/site-packages/airflow/example_dags/example_latest_only_with_trigger.py
[2025-03-19T00:19:36.942+0000] {processor.py:925} INFO - DAG(s) 'latest_only_with_trigger' retrieved from /home/airflow/.local/lib/python3.12/site-packages/airflow/example_dags/example_latest_only_with_trigger.py
[2025-03-19T00:19:36.955+0000] {logging_mixin.py:190} INFO - [2025-03-19T00:19:36.955+0000] {dag.py:3239} INFO - Sync 1 DAGs
[2025-03-19T00:19:36.971+0000] {logging_mixin.py:190} INFO - [2025-03-19T00:19:36.970+0000] {dag.py:4180} INFO - Setting next_dagrun for latest_only_with_trigger to 2025-03-18 20:00:00+00:00, run_after=2025-03-19 00:00:00+00:00
[2025-03-19T00:19:36.982+0000] {processor.py:208} INFO - Processing /home/airflow/.local/lib/python3.12/site-packages/airflow/example_dags/example_latest_only_with_trigger.py took 0.050 seconds
[2025-03-19T00:20:08.363+0000] {processor.py:186} INFO - Started process (PID=1090) to work on /home/airflow/.local/lib/python3.12/site-packages/airflow/example_dags/example_latest_only_with_trigger.py
[2025-03-19T00:20:08.364+0000] {processor.py:914} INFO - Processing file /home/airflow/.local/lib/python3.12/site-packages/airflow/example_dags/example_latest_only_with_trigger.py for tasks to queue
[2025-03-19T00:20:08.365+0000] {logging_mixin.py:190} INFO - [2025-03-19T00:20:08.365+0000] {dagbag.py:588} INFO - Filling up the DagBag from /home/airflow/.local/lib/python3.12/site-packages/airflow/example_dags/example_latest_only_with_trigger.py
[2025-03-19T00:20:08.373+0000] {processor.py:925} INFO - DAG(s) 'latest_only_with_trigger' retrieved from /home/airflow/.local/lib/python3.12/site-packages/airflow/example_dags/example_latest_only_with_trigger.py
[2025-03-19T00:20:08.388+0000] {logging_mixin.py:190} INFO - [2025-03-19T00:20:08.388+0000] {dag.py:3239} INFO - Sync 1 DAGs
[2025-03-19T00:20:08.407+0000] {logging_mixin.py:190} INFO - [2025-03-19T00:20:08.407+0000] {dag.py:4180} INFO - Setting next_dagrun for latest_only_with_trigger to 2025-03-18 20:00:00+00:00, run_after=2025-03-19 00:00:00+00:00
[2025-03-19T00:20:08.419+0000] {processor.py:208} INFO - Processing /home/airflow/.local/lib/python3.12/site-packages/airflow/example_dags/example_latest_only_with_trigger.py took 0.060 seconds
[2025-03-19T00:20:38.869+0000] {processor.py:186} INFO - Started process (PID=1153) to work on /home/airflow/.local/lib/python3.12/site-packages/airflow/example_dags/example_latest_only_with_trigger.py
[2025-03-19T00:20:38.870+0000] {processor.py:914} INFO - Processing file /home/airflow/.local/lib/python3.12/site-packages/airflow/example_dags/example_latest_only_with_trigger.py for tasks to queue
[2025-03-19T00:20:38.871+0000] {logging_mixin.py:190} INFO - [2025-03-19T00:20:38.871+0000] {dagbag.py:588} INFO - Filling up the DagBag from /home/airflow/.local/lib/python3.12/site-packages/airflow/example_dags/example_latest_only_with_trigger.py
[2025-03-19T00:20:38.876+0000] {processor.py:925} INFO - DAG(s) 'latest_only_with_trigger' retrieved from /home/airflow/.local/lib/python3.12/site-packages/airflow/example_dags/example_latest_only_with_trigger.py
[2025-03-19T00:20:38.889+0000] {logging_mixin.py:190} INFO - [2025-03-19T00:20:38.889+0000] {dag.py:3239} INFO - Sync 1 DAGs
[2025-03-19T00:20:38.905+0000] {logging_mixin.py:190} INFO - [2025-03-19T00:20:38.904+0000] {dag.py:4180} INFO - Setting next_dagrun for latest_only_with_trigger to 2025-03-18 20:00:00+00:00, run_after=2025-03-19 00:00:00+00:00
[2025-03-19T00:20:38.916+0000] {processor.py:208} INFO - Processing /home/airflow/.local/lib/python3.12/site-packages/airflow/example_dags/example_latest_only_with_trigger.py took 0.050 seconds
[2025-03-19T00:21:10.154+0000] {processor.py:186} INFO - Started process (PID=1216) to work on /home/airflow/.local/lib/python3.12/site-packages/airflow/example_dags/example_latest_only_with_trigger.py
[2025-03-19T00:21:10.155+0000] {processor.py:914} INFO - Processing file /home/airflow/.local/lib/python3.12/site-packages/airflow/example_dags/example_latest_only_with_trigger.py for tasks to queue
[2025-03-19T00:21:10.156+0000] {logging_mixin.py:190} INFO - [2025-03-19T00:21:10.156+0000] {dagbag.py:588} INFO - Filling up the DagBag from /home/airflow/.local/lib/python3.12/site-packages/airflow/example_dags/example_latest_only_with_trigger.py
[2025-03-19T00:21:10.160+0000] {processor.py:925} INFO - DAG(s) 'latest_only_with_trigger' retrieved from /home/airflow/.local/lib/python3.12/site-packages/airflow/example_dags/example_latest_only_with_trigger.py
[2025-03-19T00:21:10.172+0000] {logging_mixin.py:190} INFO - [2025-03-19T00:21:10.172+0000] {dag.py:3239} INFO - Sync 1 DAGs
[2025-03-19T00:21:10.187+0000] {logging_mixin.py:190} INFO - [2025-03-19T00:21:10.186+0000] {dag.py:4180} INFO - Setting next_dagrun for latest_only_with_trigger to 2025-03-18 20:00:00+00:00, run_after=2025-03-19 00:00:00+00:00
[2025-03-19T00:21:10.198+0000] {processor.py:208} INFO - Processing /home/airflow/.local/lib/python3.12/site-packages/airflow/example_dags/example_latest_only_with_trigger.py took 0.047 seconds
[2025-03-19T00:21:41.472+0000] {processor.py:186} INFO - Started process (PID=1279) to work on /home/airflow/.local/lib/python3.12/site-packages/airflow/example_dags/example_latest_only_with_trigger.py
[2025-03-19T00:21:41.472+0000] {processor.py:914} INFO - Processing file /home/airflow/.local/lib/python3.12/site-packages/airflow/example_dags/example_latest_only_with_trigger.py for tasks to queue
[2025-03-19T00:21:41.473+0000] {logging_mixin.py:190} INFO - [2025-03-19T00:21:41.473+0000] {dagbag.py:588} INFO - Filling up the DagBag from /home/airflow/.local/lib/python3.12/site-packages/airflow/example_dags/example_latest_only_with_trigger.py
[2025-03-19T00:21:41.478+0000] {processor.py:925} INFO - DAG(s) 'latest_only_with_trigger' retrieved from /home/airflow/.local/lib/python3.12/site-packages/airflow/example_dags/example_latest_only_with_trigger.py
[2025-03-19T00:21:41.491+0000] {logging_mixin.py:190} INFO - [2025-03-19T00:21:41.491+0000] {dag.py:3239} INFO - Sync 1 DAGs
[2025-03-19T00:21:41.507+0000] {logging_mixin.py:190} INFO - [2025-03-19T00:21:41.507+0000] {dag.py:4180} INFO - Setting next_dagrun for latest_only_with_trigger to 2025-03-18 20:00:00+00:00, run_after=2025-03-19 00:00:00+00:00
[2025-03-19T00:21:41.519+0000] {processor.py:208} INFO - Processing /home/airflow/.local/lib/python3.12/site-packages/airflow/example_dags/example_latest_only_with_trigger.py took 0.051 seconds
[2025-03-19T00:22:12.760+0000] {processor.py:186} INFO - Started process (PID=1342) to work on /home/airflow/.local/lib/python3.12/site-packages/airflow/example_dags/example_latest_only_with_trigger.py
[2025-03-19T00:22:12.760+0000] {processor.py:914} INFO - Processing file /home/airflow/.local/lib/python3.12/site-packages/airflow/example_dags/example_latest_only_with_trigger.py for tasks to queue
[2025-03-19T00:22:12.761+0000] {logging_mixin.py:190} INFO - [2025-03-19T00:22:12.761+0000] {dagbag.py:588} INFO - Filling up the DagBag from /home/airflow/.local/lib/python3.12/site-packages/airflow/example_dags/example_latest_only_with_trigger.py
[2025-03-19T00:22:12.766+0000] {processor.py:925} INFO - DAG(s) 'latest_only_with_trigger' retrieved from /home/airflow/.local/lib/python3.12/site-packages/airflow/example_dags/example_latest_only_with_trigger.py
[2025-03-19T00:22:12.779+0000] {logging_mixin.py:190} INFO - [2025-03-19T00:22:12.779+0000] {dag.py:3239} INFO - Sync 1 DAGs
[2025-03-19T00:22:12.795+0000] {logging_mixin.py:190} INFO - [2025-03-19T00:22:12.795+0000] {dag.py:4180} INFO - Setting next_dagrun for latest_only_with_trigger to 2025-03-18 20:00:00+00:00, run_after=2025-03-19 00:00:00+00:00
[2025-03-19T00:22:12.807+0000] {processor.py:208} INFO - Processing /home/airflow/.local/lib/python3.12/site-packages/airflow/example_dags/example_latest_only_with_trigger.py took 0.051 seconds
[2025-03-19T00:22:43.842+0000] {processor.py:186} INFO - Started process (PID=1404) to work on /home/airflow/.local/lib/python3.12/site-packages/airflow/example_dags/example_latest_only_with_trigger.py
[2025-03-19T00:22:43.842+0000] {processor.py:914} INFO - Processing file /home/airflow/.local/lib/python3.12/site-packages/airflow/example_dags/example_latest_only_with_trigger.py for tasks to queue
[2025-03-19T00:22:43.844+0000] {logging_mixin.py:190} INFO - [2025-03-19T00:22:43.843+0000] {dagbag.py:588} INFO - Filling up the DagBag from /home/airflow/.local/lib/python3.12/site-packages/airflow/example_dags/example_latest_only_with_trigger.py
[2025-03-19T00:22:43.848+0000] {processor.py:925} INFO - DAG(s) 'latest_only_with_trigger' retrieved from /home/airflow/.local/lib/python3.12/site-packages/airflow/example_dags/example_latest_only_with_trigger.py
[2025-03-19T00:22:43.861+0000] {logging_mixin.py:190} INFO - [2025-03-19T00:22:43.861+0000] {dag.py:3239} INFO - Sync 1 DAGs
[2025-03-19T00:22:43.877+0000] {logging_mixin.py:190} INFO - [2025-03-19T00:22:43.877+0000] {dag.py:4180} INFO - Setting next_dagrun for latest_only_with_trigger to 2025-03-18 20:00:00+00:00, run_after=2025-03-19 00:00:00+00:00
[2025-03-19T00:22:43.889+0000] {processor.py:208} INFO - Processing /home/airflow/.local/lib/python3.12/site-packages/airflow/example_dags/example_latest_only_with_trigger.py took 0.050 seconds
[2025-03-19T00:23:15.017+0000] {processor.py:186} INFO - Started process (PID=1468) to work on /home/airflow/.local/lib/python3.12/site-packages/airflow/example_dags/example_latest_only_with_trigger.py
[2025-03-19T00:23:15.018+0000] {processor.py:914} INFO - Processing file /home/airflow/.local/lib/python3.12/site-packages/airflow/example_dags/example_latest_only_with_trigger.py for tasks to queue
[2025-03-19T00:23:15.019+0000] {logging_mixin.py:190} INFO - [2025-03-19T00:23:15.019+0000] {dagbag.py:588} INFO - Filling up the DagBag from /home/airflow/.local/lib/python3.12/site-packages/airflow/example_dags/example_latest_only_with_trigger.py
[2025-03-19T00:23:15.024+0000] {processor.py:925} INFO - DAG(s) 'latest_only_with_trigger' retrieved from /home/airflow/.local/lib/python3.12/site-packages/airflow/example_dags/example_latest_only_with_trigger.py
[2025-03-19T00:23:15.037+0000] {logging_mixin.py:190} INFO - [2025-03-19T00:23:15.036+0000] {dag.py:3239} INFO - Sync 1 DAGs
[2025-03-19T00:23:15.052+0000] {logging_mixin.py:190} INFO - [2025-03-19T00:23:15.052+0000] {dag.py:4180} INFO - Setting next_dagrun for latest_only_with_trigger to 2025-03-18 20:00:00+00:00, run_after=2025-03-19 00:00:00+00:00
[2025-03-19T00:23:15.064+0000] {processor.py:208} INFO - Processing /home/airflow/.local/lib/python3.12/site-packages/airflow/example_dags/example_latest_only_with_trigger.py took 0.050 seconds
[2025-03-19T00:23:46.172+0000] {processor.py:186} INFO - Started process (PID=1531) to work on /home/airflow/.local/lib/python3.12/site-packages/airflow/example_dags/example_latest_only_with_trigger.py
[2025-03-19T00:23:46.172+0000] {processor.py:914} INFO - Processing file /home/airflow/.local/lib/python3.12/site-packages/airflow/example_dags/example_latest_only_with_trigger.py for tasks to queue
[2025-03-19T00:23:46.174+0000] {logging_mixin.py:190} INFO - [2025-03-19T00:23:46.173+0000] {dagbag.py:588} INFO - Filling up the DagBag from /home/airflow/.local/lib/python3.12/site-packages/airflow/example_dags/example_latest_only_with_trigger.py
[2025-03-19T00:23:46.178+0000] {processor.py:925} INFO - DAG(s) 'latest_only_with_trigger' retrieved from /home/airflow/.local/lib/python3.12/site-packages/airflow/example_dags/example_latest_only_with_trigger.py
[2025-03-19T00:23:46.191+0000] {logging_mixin.py:190} INFO - [2025-03-19T00:23:46.191+0000] {dag.py:3239} INFO - Sync 1 DAGs
[2025-03-19T00:23:46.207+0000] {logging_mixin.py:190} INFO - [2025-03-19T00:23:46.206+0000] {dag.py:4180} INFO - Setting next_dagrun for latest_only_with_trigger to 2025-03-18 20:00:00+00:00, run_after=2025-03-19 00:00:00+00:00
[2025-03-19T00:23:46.220+0000] {processor.py:208} INFO - Processing /home/airflow/.local/lib/python3.12/site-packages/airflow/example_dags/example_latest_only_with_trigger.py took 0.052 seconds
[2025-03-19T00:24:17.380+0000] {processor.py:186} INFO - Started process (PID=1594) to work on /home/airflow/.local/lib/python3.12/site-packages/airflow/example_dags/example_latest_only_with_trigger.py
[2025-03-19T00:24:17.381+0000] {processor.py:914} INFO - Processing file /home/airflow/.local/lib/python3.12/site-packages/airflow/example_dags/example_latest_only_with_trigger.py for tasks to queue
[2025-03-19T00:24:17.382+0000] {logging_mixin.py:190} INFO - [2025-03-19T00:24:17.382+0000] {dagbag.py:588} INFO - Filling up the DagBag from /home/airflow/.local/lib/python3.12/site-packages/airflow/example_dags/example_latest_only_with_trigger.py
[2025-03-19T00:24:17.386+0000] {processor.py:925} INFO - DAG(s) 'latest_only_with_trigger' retrieved from /home/airflow/.local/lib/python3.12/site-packages/airflow/example_dags/example_latest_only_with_trigger.py
[2025-03-19T00:24:17.399+0000] {logging_mixin.py:190} INFO - [2025-03-19T00:24:17.399+0000] {dag.py:3239} INFO - Sync 1 DAGs
[2025-03-19T00:24:17.415+0000] {logging_mixin.py:190} INFO - [2025-03-19T00:24:17.415+0000] {dag.py:4180} INFO - Setting next_dagrun for latest_only_with_trigger to 2025-03-18 20:00:00+00:00, run_after=2025-03-19 00:00:00+00:00
[2025-03-19T00:24:17.427+0000] {processor.py:208} INFO - Processing /home/airflow/.local/lib/python3.12/site-packages/airflow/example_dags/example_latest_only_with_trigger.py took 0.051 seconds
[2025-03-19T00:24:48.607+0000] {processor.py:186} INFO - Started process (PID=1657) to work on /home/airflow/.local/lib/python3.12/site-packages/airflow/example_dags/example_latest_only_with_trigger.py
[2025-03-19T00:24:48.608+0000] {processor.py:914} INFO - Processing file /home/airflow/.local/lib/python3.12/site-packages/airflow/example_dags/example_latest_only_with_trigger.py for tasks to queue
[2025-03-19T00:24:48.609+0000] {logging_mixin.py:190} INFO - [2025-03-19T00:24:48.609+0000] {dagbag.py:588} INFO - Filling up the DagBag from /home/airflow/.local/lib/python3.12/site-packages/airflow/example_dags/example_latest_only_with_trigger.py
[2025-03-19T00:24:48.614+0000] {processor.py:925} INFO - DAG(s) 'latest_only_with_trigger' retrieved from /home/airflow/.local/lib/python3.12/site-packages/airflow/example_dags/example_latest_only_with_trigger.py
[2025-03-19T00:24:48.627+0000] {logging_mixin.py:190} INFO - [2025-03-19T00:24:48.627+0000] {dag.py:3239} INFO - Sync 1 DAGs
[2025-03-19T00:24:48.643+0000] {logging_mixin.py:190} INFO - [2025-03-19T00:24:48.643+0000] {dag.py:4180} INFO - Setting next_dagrun for latest_only_with_trigger to 2025-03-18 20:00:00+00:00, run_after=2025-03-19 00:00:00+00:00
[2025-03-19T00:24:48.655+0000] {processor.py:208} INFO - Processing /home/airflow/.local/lib/python3.12/site-packages/airflow/example_dags/example_latest_only_with_trigger.py took 0.051 seconds
[2025-03-19T00:25:19.679+0000] {processor.py:186} INFO - Started process (PID=1720) to work on /home/airflow/.local/lib/python3.12/site-packages/airflow/example_dags/example_latest_only_with_trigger.py
[2025-03-19T00:25:19.680+0000] {processor.py:914} INFO - Processing file /home/airflow/.local/lib/python3.12/site-packages/airflow/example_dags/example_latest_only_with_trigger.py for tasks to queue
[2025-03-19T00:25:19.681+0000] {logging_mixin.py:190} INFO - [2025-03-19T00:25:19.681+0000] {dagbag.py:588} INFO - Filling up the DagBag from /home/airflow/.local/lib/python3.12/site-packages/airflow/example_dags/example_latest_only_with_trigger.py
[2025-03-19T00:25:19.686+0000] {processor.py:925} INFO - DAG(s) 'latest_only_with_trigger' retrieved from /home/airflow/.local/lib/python3.12/site-packages/airflow/example_dags/example_latest_only_with_trigger.py
[2025-03-19T00:25:19.698+0000] {logging_mixin.py:190} INFO - [2025-03-19T00:25:19.698+0000] {dag.py:3239} INFO - Sync 1 DAGs
[2025-03-19T00:25:19.715+0000] {logging_mixin.py:190} INFO - [2025-03-19T00:25:19.715+0000] {dag.py:4180} INFO - Setting next_dagrun for latest_only_with_trigger to 2025-03-18 20:00:00+00:00, run_after=2025-03-19 00:00:00+00:00
[2025-03-19T00:25:19.727+0000] {processor.py:208} INFO - Processing /home/airflow/.local/lib/python3.12/site-packages/airflow/example_dags/example_latest_only_with_trigger.py took 0.052 seconds
[2025-03-19T00:25:50.680+0000] {processor.py:186} INFO - Started process (PID=1783) to work on /home/airflow/.local/lib/python3.12/site-packages/airflow/example_dags/example_latest_only_with_trigger.py
[2025-03-19T00:25:50.680+0000] {processor.py:914} INFO - Processing file /home/airflow/.local/lib/python3.12/site-packages/airflow/example_dags/example_latest_only_with_trigger.py for tasks to queue
[2025-03-19T00:25:50.681+0000] {logging_mixin.py:190} INFO - [2025-03-19T00:25:50.681+0000] {dagbag.py:588} INFO - Filling up the DagBag from /home/airflow/.local/lib/python3.12/site-packages/airflow/example_dags/example_latest_only_with_trigger.py
[2025-03-19T00:25:50.686+0000] {processor.py:925} INFO - DAG(s) 'latest_only_with_trigger' retrieved from /home/airflow/.local/lib/python3.12/site-packages/airflow/example_dags/example_latest_only_with_trigger.py
[2025-03-19T00:25:50.700+0000] {logging_mixin.py:190} INFO - [2025-03-19T00:25:50.700+0000] {dag.py:3239} INFO - Sync 1 DAGs
[2025-03-19T00:25:50.716+0000] {logging_mixin.py:190} INFO - [2025-03-19T00:25:50.716+0000] {dag.py:4180} INFO - Setting next_dagrun for latest_only_with_trigger to 2025-03-18 20:00:00+00:00, run_after=2025-03-19 00:00:00+00:00
[2025-03-19T00:25:50.728+0000] {processor.py:208} INFO - Processing /home/airflow/.local/lib/python3.12/site-packages/airflow/example_dags/example_latest_only_with_trigger.py took 0.052 seconds
[2025-03-19T00:26:21.740+0000] {processor.py:186} INFO - Started process (PID=1846) to work on /home/airflow/.local/lib/python3.12/site-packages/airflow/example_dags/example_latest_only_with_trigger.py
[2025-03-19T00:26:21.741+0000] {processor.py:914} INFO - Processing file /home/airflow/.local/lib/python3.12/site-packages/airflow/example_dags/example_latest_only_with_trigger.py for tasks to queue
[2025-03-19T00:26:21.742+0000] {logging_mixin.py:190} INFO - [2025-03-19T00:26:21.742+0000] {dagbag.py:588} INFO - Filling up the DagBag from /home/airflow/.local/lib/python3.12/site-packages/airflow/example_dags/example_latest_only_with_trigger.py
[2025-03-19T00:26:21.746+0000] {processor.py:925} INFO - DAG(s) 'latest_only_with_trigger' retrieved from /home/airflow/.local/lib/python3.12/site-packages/airflow/example_dags/example_latest_only_with_trigger.py
[2025-03-19T00:26:21.759+0000] {logging_mixin.py:190} INFO - [2025-03-19T00:26:21.759+0000] {dag.py:3239} INFO - Sync 1 DAGs
[2025-03-19T00:26:21.774+0000] {logging_mixin.py:190} INFO - [2025-03-19T00:26:21.774+0000] {dag.py:4180} INFO - Setting next_dagrun for latest_only_with_trigger to 2025-03-18 20:00:00+00:00, run_after=2025-03-19 00:00:00+00:00
[2025-03-19T00:26:21.786+0000] {processor.py:208} INFO - Processing /home/airflow/.local/lib/python3.12/site-packages/airflow/example_dags/example_latest_only_with_trigger.py took 0.050 seconds
[2025-03-19T00:26:52.882+0000] {processor.py:186} INFO - Started process (PID=1909) to work on /home/airflow/.local/lib/python3.12/site-packages/airflow/example_dags/example_latest_only_with_trigger.py
[2025-03-19T00:26:52.883+0000] {processor.py:914} INFO - Processing file /home/airflow/.local/lib/python3.12/site-packages/airflow/example_dags/example_latest_only_with_trigger.py for tasks to queue
[2025-03-19T00:26:52.884+0000] {logging_mixin.py:190} INFO - [2025-03-19T00:26:52.884+0000] {dagbag.py:588} INFO - Filling up the DagBag from /home/airflow/.local/lib/python3.12/site-packages/airflow/example_dags/example_latest_only_with_trigger.py
[2025-03-19T00:26:52.888+0000] {processor.py:925} INFO - DAG(s) 'latest_only_with_trigger' retrieved from /home/airflow/.local/lib/python3.12/site-packages/airflow/example_dags/example_latest_only_with_trigger.py
[2025-03-19T00:26:52.901+0000] {logging_mixin.py:190} INFO - [2025-03-19T00:26:52.901+0000] {dag.py:3239} INFO - Sync 1 DAGs
[2025-03-19T00:26:52.917+0000] {logging_mixin.py:190} INFO - [2025-03-19T00:26:52.917+0000] {dag.py:4180} INFO - Setting next_dagrun for latest_only_with_trigger to 2025-03-18 20:00:00+00:00, run_after=2025-03-19 00:00:00+00:00
[2025-03-19T00:26:52.928+0000] {processor.py:208} INFO - Processing /home/airflow/.local/lib/python3.12/site-packages/airflow/example_dags/example_latest_only_with_trigger.py took 0.050 seconds
[2025-03-19T00:27:24.135+0000] {processor.py:186} INFO - Started process (PID=1972) to work on /home/airflow/.local/lib/python3.12/site-packages/airflow/example_dags/example_latest_only_with_trigger.py
[2025-03-19T00:27:24.136+0000] {processor.py:914} INFO - Processing file /home/airflow/.local/lib/python3.12/site-packages/airflow/example_dags/example_latest_only_with_trigger.py for tasks to queue
[2025-03-19T00:27:24.137+0000] {logging_mixin.py:190} INFO - [2025-03-19T00:27:24.137+0000] {dagbag.py:588} INFO - Filling up the DagBag from /home/airflow/.local/lib/python3.12/site-packages/airflow/example_dags/example_latest_only_with_trigger.py
[2025-03-19T00:27:24.142+0000] {processor.py:925} INFO - DAG(s) 'latest_only_with_trigger' retrieved from /home/airflow/.local/lib/python3.12/site-packages/airflow/example_dags/example_latest_only_with_trigger.py
[2025-03-19T00:27:24.155+0000] {logging_mixin.py:190} INFO - [2025-03-19T00:27:24.155+0000] {dag.py:3239} INFO - Sync 1 DAGs
[2025-03-19T00:27:24.170+0000] {logging_mixin.py:190} INFO - [2025-03-19T00:27:24.170+0000] {dag.py:4180} INFO - Setting next_dagrun for latest_only_with_trigger to 2025-03-18 20:00:00+00:00, run_after=2025-03-19 00:00:00+00:00
[2025-03-19T00:27:24.182+0000] {processor.py:208} INFO - Processing /home/airflow/.local/lib/python3.12/site-packages/airflow/example_dags/example_latest_only_with_trigger.py took 0.051 seconds
[2025-03-19T00:27:55.452+0000] {processor.py:186} INFO - Started process (PID=2041) to work on /home/airflow/.local/lib/python3.12/site-packages/airflow/example_dags/example_latest_only_with_trigger.py
[2025-03-19T00:27:55.453+0000] {processor.py:914} INFO - Processing file /home/airflow/.local/lib/python3.12/site-packages/airflow/example_dags/example_latest_only_with_trigger.py for tasks to queue
[2025-03-19T00:27:55.454+0000] {logging_mixin.py:190} INFO - [2025-03-19T00:27:55.454+0000] {dagbag.py:588} INFO - Filling up the DagBag from /home/airflow/.local/lib/python3.12/site-packages/airflow/example_dags/example_latest_only_with_trigger.py
[2025-03-19T00:27:55.458+0000] {processor.py:925} INFO - DAG(s) 'latest_only_with_trigger' retrieved from /home/airflow/.local/lib/python3.12/site-packages/airflow/example_dags/example_latest_only_with_trigger.py
[2025-03-19T00:27:55.471+0000] {logging_mixin.py:190} INFO - [2025-03-19T00:27:55.471+0000] {dag.py:3239} INFO - Sync 1 DAGs
[2025-03-19T00:27:55.486+0000] {logging_mixin.py:190} INFO - [2025-03-19T00:27:55.485+0000] {dag.py:4180} INFO - Setting next_dagrun for latest_only_with_trigger to 2025-03-18 20:00:00+00:00, run_after=2025-03-19 00:00:00+00:00
[2025-03-19T00:27:55.497+0000] {processor.py:208} INFO - Processing /home/airflow/.local/lib/python3.12/site-packages/airflow/example_dags/example_latest_only_with_trigger.py took 0.048 seconds
[2025-03-19T00:28:26.750+0000] {processor.py:186} INFO - Started process (PID=2104) to work on /home/airflow/.local/lib/python3.12/site-packages/airflow/example_dags/example_latest_only_with_trigger.py
[2025-03-19T00:28:26.751+0000] {processor.py:914} INFO - Processing file /home/airflow/.local/lib/python3.12/site-packages/airflow/example_dags/example_latest_only_with_trigger.py for tasks to queue
[2025-03-19T00:28:26.752+0000] {logging_mixin.py:190} INFO - [2025-03-19T00:28:26.752+0000] {dagbag.py:588} INFO - Filling up the DagBag from /home/airflow/.local/lib/python3.12/site-packages/airflow/example_dags/example_latest_only_with_trigger.py
[2025-03-19T00:28:26.757+0000] {processor.py:925} INFO - DAG(s) 'latest_only_with_trigger' retrieved from /home/airflow/.local/lib/python3.12/site-packages/airflow/example_dags/example_latest_only_with_trigger.py
[2025-03-19T00:28:26.770+0000] {logging_mixin.py:190} INFO - [2025-03-19T00:28:26.769+0000] {dag.py:3239} INFO - Sync 1 DAGs
[2025-03-19T00:28:26.786+0000] {logging_mixin.py:190} INFO - [2025-03-19T00:28:26.785+0000] {dag.py:4180} INFO - Setting next_dagrun for latest_only_with_trigger to 2025-03-18 20:00:00+00:00, run_after=2025-03-19 00:00:00+00:00
[2025-03-19T00:28:26.798+0000] {processor.py:208} INFO - Processing /home/airflow/.local/lib/python3.12/site-packages/airflow/example_dags/example_latest_only_with_trigger.py took 0.051 seconds
[2025-03-19T00:28:58.005+0000] {processor.py:186} INFO - Started process (PID=2166) to work on /home/airflow/.local/lib/python3.12/site-packages/airflow/example_dags/example_latest_only_with_trigger.py
[2025-03-19T00:28:58.006+0000] {processor.py:914} INFO - Processing file /home/airflow/.local/lib/python3.12/site-packages/airflow/example_dags/example_latest_only_with_trigger.py for tasks to queue
[2025-03-19T00:28:58.007+0000] {logging_mixin.py:190} INFO - [2025-03-19T00:28:58.007+0000] {dagbag.py:588} INFO - Filling up the DagBag from /home/airflow/.local/lib/python3.12/site-packages/airflow/example_dags/example_latest_only_with_trigger.py
[2025-03-19T00:28:58.011+0000] {processor.py:925} INFO - DAG(s) 'latest_only_with_trigger' retrieved from /home/airflow/.local/lib/python3.12/site-packages/airflow/example_dags/example_latest_only_with_trigger.py
[2025-03-19T00:28:58.024+0000] {logging_mixin.py:190} INFO - [2025-03-19T00:28:58.024+0000] {dag.py:3239} INFO - Sync 1 DAGs
[2025-03-19T00:28:58.040+0000] {logging_mixin.py:190} INFO - [2025-03-19T00:28:58.039+0000] {dag.py:4180} INFO - Setting next_dagrun for latest_only_with_trigger to 2025-03-18 20:00:00+00:00, run_after=2025-03-19 00:00:00+00:00
[2025-03-19T00:28:58.051+0000] {processor.py:208} INFO - Processing /home/airflow/.local/lib/python3.12/site-packages/airflow/example_dags/example_latest_only_with_trigger.py took 0.049 seconds
[2025-03-19T00:29:29.097+0000] {processor.py:186} INFO - Started process (PID=2229) to work on /home/airflow/.local/lib/python3.12/site-packages/airflow/example_dags/example_latest_only_with_trigger.py
[2025-03-19T00:29:29.097+0000] {processor.py:914} INFO - Processing file /home/airflow/.local/lib/python3.12/site-packages/airflow/example_dags/example_latest_only_with_trigger.py for tasks to queue
[2025-03-19T00:29:29.098+0000] {logging_mixin.py:190} INFO - [2025-03-19T00:29:29.098+0000] {dagbag.py:588} INFO - Filling up the DagBag from /home/airflow/.local/lib/python3.12/site-packages/airflow/example_dags/example_latest_only_with_trigger.py
[2025-03-19T00:29:29.103+0000] {processor.py:925} INFO - DAG(s) 'latest_only_with_trigger' retrieved from /home/airflow/.local/lib/python3.12/site-packages/airflow/example_dags/example_latest_only_with_trigger.py
[2025-03-19T00:29:29.116+0000] {logging_mixin.py:190} INFO - [2025-03-19T00:29:29.116+0000] {dag.py:3239} INFO - Sync 1 DAGs
[2025-03-19T00:29:29.131+0000] {logging_mixin.py:190} INFO - [2025-03-19T00:29:29.131+0000] {dag.py:4180} INFO - Setting next_dagrun for latest_only_with_trigger to 2025-03-18 20:00:00+00:00, run_after=2025-03-19 00:00:00+00:00
[2025-03-19T00:29:29.143+0000] {processor.py:208} INFO - Processing /home/airflow/.local/lib/python3.12/site-packages/airflow/example_dags/example_latest_only_with_trigger.py took 0.050 seconds
[2025-03-19T00:30:00.334+0000] {processor.py:186} INFO - Started process (PID=2292) to work on /home/airflow/.local/lib/python3.12/site-packages/airflow/example_dags/example_latest_only_with_trigger.py
[2025-03-19T00:30:00.335+0000] {processor.py:914} INFO - Processing file /home/airflow/.local/lib/python3.12/site-packages/airflow/example_dags/example_latest_only_with_trigger.py for tasks to queue
[2025-03-19T00:30:00.336+0000] {logging_mixin.py:190} INFO - [2025-03-19T00:30:00.336+0000] {dagbag.py:588} INFO - Filling up the DagBag from /home/airflow/.local/lib/python3.12/site-packages/airflow/example_dags/example_latest_only_with_trigger.py
[2025-03-19T00:30:00.341+0000] {processor.py:925} INFO - DAG(s) 'latest_only_with_trigger' retrieved from /home/airflow/.local/lib/python3.12/site-packages/airflow/example_dags/example_latest_only_with_trigger.py
[2025-03-19T00:30:00.354+0000] {logging_mixin.py:190} INFO - [2025-03-19T00:30:00.354+0000] {dag.py:3239} INFO - Sync 1 DAGs
[2025-03-19T00:30:00.370+0000] {logging_mixin.py:190} INFO - [2025-03-19T00:30:00.370+0000] {dag.py:4180} INFO - Setting next_dagrun for latest_only_with_trigger to 2025-03-18 20:00:00+00:00, run_after=2025-03-19 00:00:00+00:00
[2025-03-19T00:30:00.381+0000] {processor.py:208} INFO - Processing /home/airflow/.local/lib/python3.12/site-packages/airflow/example_dags/example_latest_only_with_trigger.py took 0.051 seconds
[2025-03-19T00:30:31.592+0000] {processor.py:186} INFO - Started process (PID=2355) to work on /home/airflow/.local/lib/python3.12/site-packages/airflow/example_dags/example_latest_only_with_trigger.py
[2025-03-19T00:30:31.593+0000] {processor.py:914} INFO - Processing file /home/airflow/.local/lib/python3.12/site-packages/airflow/example_dags/example_latest_only_with_trigger.py for tasks to queue
[2025-03-19T00:30:31.594+0000] {logging_mixin.py:190} INFO - [2025-03-19T00:30:31.594+0000] {dagbag.py:588} INFO - Filling up the DagBag from /home/airflow/.local/lib/python3.12/site-packages/airflow/example_dags/example_latest_only_with_trigger.py
[2025-03-19T00:30:31.599+0000] {processor.py:925} INFO - DAG(s) 'latest_only_with_trigger' retrieved from /home/airflow/.local/lib/python3.12/site-packages/airflow/example_dags/example_latest_only_with_trigger.py
[2025-03-19T00:30:31.612+0000] {logging_mixin.py:190} INFO - [2025-03-19T00:30:31.612+0000] {dag.py:3239} INFO - Sync 1 DAGs
[2025-03-19T00:30:31.627+0000] {logging_mixin.py:190} INFO - [2025-03-19T00:30:31.627+0000] {dag.py:4180} INFO - Setting next_dagrun for latest_only_with_trigger to 2025-03-18 20:00:00+00:00, run_after=2025-03-19 00:00:00+00:00
[2025-03-19T00:30:31.639+0000] {processor.py:208} INFO - Processing /home/airflow/.local/lib/python3.12/site-packages/airflow/example_dags/example_latest_only_with_trigger.py took 0.051 seconds
[2025-03-19T00:31:02.993+0000] {processor.py:186} INFO - Started process (PID=2418) to work on /home/airflow/.local/lib/python3.12/site-packages/airflow/example_dags/example_latest_only_with_trigger.py
[2025-03-19T00:31:02.994+0000] {processor.py:914} INFO - Processing file /home/airflow/.local/lib/python3.12/site-packages/airflow/example_dags/example_latest_only_with_trigger.py for tasks to queue
[2025-03-19T00:31:02.995+0000] {logging_mixin.py:190} INFO - [2025-03-19T00:31:02.995+0000] {dagbag.py:588} INFO - Filling up the DagBag from /home/airflow/.local/lib/python3.12/site-packages/airflow/example_dags/example_latest_only_with_trigger.py
[2025-03-19T00:31:03.000+0000] {processor.py:925} INFO - DAG(s) 'latest_only_with_trigger' retrieved from /home/airflow/.local/lib/python3.12/site-packages/airflow/example_dags/example_latest_only_with_trigger.py
[2025-03-19T00:31:03.012+0000] {logging_mixin.py:190} INFO - [2025-03-19T00:31:03.012+0000] {dag.py:3239} INFO - Sync 1 DAGs
[2025-03-19T00:31:03.027+0000] {logging_mixin.py:190} INFO - [2025-03-19T00:31:03.026+0000] {dag.py:4180} INFO - Setting next_dagrun for latest_only_with_trigger to 2025-03-18 20:00:00+00:00, run_after=2025-03-19 00:00:00+00:00
[2025-03-19T00:31:03.037+0000] {processor.py:208} INFO - Processing /home/airflow/.local/lib/python3.12/site-packages/airflow/example_dags/example_latest_only_with_trigger.py took 0.048 seconds
[2025-03-19T00:31:33.645+0000] {processor.py:186} INFO - Started process (PID=2481) to work on /home/airflow/.local/lib/python3.12/site-packages/airflow/example_dags/example_latest_only_with_trigger.py
[2025-03-19T00:31:33.646+0000] {processor.py:914} INFO - Processing file /home/airflow/.local/lib/python3.12/site-packages/airflow/example_dags/example_latest_only_with_trigger.py for tasks to queue
[2025-03-19T00:31:33.647+0000] {logging_mixin.py:190} INFO - [2025-03-19T00:31:33.647+0000] {dagbag.py:588} INFO - Filling up the DagBag from /home/airflow/.local/lib/python3.12/site-packages/airflow/example_dags/example_latest_only_with_trigger.py
[2025-03-19T00:31:33.651+0000] {processor.py:925} INFO - DAG(s) 'latest_only_with_trigger' retrieved from /home/airflow/.local/lib/python3.12/site-packages/airflow/example_dags/example_latest_only_with_trigger.py
[2025-03-19T00:31:33.665+0000] {logging_mixin.py:190} INFO - [2025-03-19T00:31:33.665+0000] {dag.py:3239} INFO - Sync 1 DAGs
[2025-03-19T00:31:33.680+0000] {logging_mixin.py:190} INFO - [2025-03-19T00:31:33.680+0000] {dag.py:4180} INFO - Setting next_dagrun for latest_only_with_trigger to 2025-03-18 20:00:00+00:00, run_after=2025-03-19 00:00:00+00:00
[2025-03-19T00:31:33.692+0000] {processor.py:208} INFO - Processing /home/airflow/.local/lib/python3.12/site-packages/airflow/example_dags/example_latest_only_with_trigger.py took 0.050 seconds
[2025-03-19T00:32:04.767+0000] {processor.py:186} INFO - Started process (PID=2545) to work on /home/airflow/.local/lib/python3.12/site-packages/airflow/example_dags/example_latest_only_with_trigger.py
[2025-03-19T00:32:04.767+0000] {processor.py:914} INFO - Processing file /home/airflow/.local/lib/python3.12/site-packages/airflow/example_dags/example_latest_only_with_trigger.py for tasks to queue
[2025-03-19T00:32:04.768+0000] {logging_mixin.py:190} INFO - [2025-03-19T00:32:04.768+0000] {dagbag.py:588} INFO - Filling up the DagBag from /home/airflow/.local/lib/python3.12/site-packages/airflow/example_dags/example_latest_only_with_trigger.py
[2025-03-19T00:32:04.773+0000] {processor.py:925} INFO - DAG(s) 'latest_only_with_trigger' retrieved from /home/airflow/.local/lib/python3.12/site-packages/airflow/example_dags/example_latest_only_with_trigger.py
[2025-03-19T00:32:04.786+0000] {logging_mixin.py:190} INFO - [2025-03-19T00:32:04.786+0000] {dag.py:3239} INFO - Sync 1 DAGs
[2025-03-19T00:32:04.804+0000] {logging_mixin.py:190} INFO - [2025-03-19T00:32:04.804+0000] {dag.py:4180} INFO - Setting next_dagrun for latest_only_with_trigger to 2025-03-18 20:00:00+00:00, run_after=2025-03-19 00:00:00+00:00
[2025-03-19T00:32:04.817+0000] {processor.py:208} INFO - Processing /home/airflow/.local/lib/python3.12/site-packages/airflow/example_dags/example_latest_only_with_trigger.py took 0.054 seconds
[2025-03-19T00:32:35.961+0000] {processor.py:186} INFO - Started process (PID=2608) to work on /home/airflow/.local/lib/python3.12/site-packages/airflow/example_dags/example_latest_only_with_trigger.py
[2025-03-19T00:32:35.962+0000] {processor.py:914} INFO - Processing file /home/airflow/.local/lib/python3.12/site-packages/airflow/example_dags/example_latest_only_with_trigger.py for tasks to queue
[2025-03-19T00:32:35.963+0000] {logging_mixin.py:190} INFO - [2025-03-19T00:32:35.963+0000] {dagbag.py:588} INFO - Filling up the DagBag from /home/airflow/.local/lib/python3.12/site-packages/airflow/example_dags/example_latest_only_with_trigger.py
[2025-03-19T00:32:35.969+0000] {processor.py:925} INFO - DAG(s) 'latest_only_with_trigger' retrieved from /home/airflow/.local/lib/python3.12/site-packages/airflow/example_dags/example_latest_only_with_trigger.py
[2025-03-19T00:32:35.983+0000] {logging_mixin.py:190} INFO - [2025-03-19T00:32:35.982+0000] {dag.py:3239} INFO - Sync 1 DAGs
[2025-03-19T00:32:36.000+0000] {logging_mixin.py:190} INFO - [2025-03-19T00:32:35.999+0000] {dag.py:4180} INFO - Setting next_dagrun for latest_only_with_trigger to 2025-03-18 20:00:00+00:00, run_after=2025-03-19 00:00:00+00:00
[2025-03-19T00:32:36.012+0000] {processor.py:208} INFO - Processing /home/airflow/.local/lib/python3.12/site-packages/airflow/example_dags/example_latest_only_with_trigger.py took 0.055 seconds
[2025-03-19T00:33:06.920+0000] {processor.py:186} INFO - Started process (PID=2671) to work on /home/airflow/.local/lib/python3.12/site-packages/airflow/example_dags/example_latest_only_with_trigger.py
[2025-03-19T00:33:06.921+0000] {processor.py:914} INFO - Processing file /home/airflow/.local/lib/python3.12/site-packages/airflow/example_dags/example_latest_only_with_trigger.py for tasks to queue
[2025-03-19T00:33:06.922+0000] {logging_mixin.py:190} INFO - [2025-03-19T00:33:06.922+0000] {dagbag.py:588} INFO - Filling up the DagBag from /home/airflow/.local/lib/python3.12/site-packages/airflow/example_dags/example_latest_only_with_trigger.py
[2025-03-19T00:33:06.927+0000] {processor.py:925} INFO - DAG(s) 'latest_only_with_trigger' retrieved from /home/airflow/.local/lib/python3.12/site-packages/airflow/example_dags/example_latest_only_with_trigger.py
[2025-03-19T00:33:06.943+0000] {logging_mixin.py:190} INFO - [2025-03-19T00:33:06.943+0000] {dag.py:3239} INFO - Sync 1 DAGs
[2025-03-19T00:33:06.961+0000] {logging_mixin.py:190} INFO - [2025-03-19T00:33:06.961+0000] {dag.py:4180} INFO - Setting next_dagrun for latest_only_with_trigger to 2025-03-18 20:00:00+00:00, run_after=2025-03-19 00:00:00+00:00
[2025-03-19T00:33:06.976+0000] {processor.py:208} INFO - Processing /home/airflow/.local/lib/python3.12/site-packages/airflow/example_dags/example_latest_only_with_trigger.py took 0.060 seconds
[2025-03-19T00:33:37.385+0000] {processor.py:186} INFO - Started process (PID=2733) to work on /home/airflow/.local/lib/python3.12/site-packages/airflow/example_dags/example_latest_only_with_trigger.py
[2025-03-19T00:33:37.386+0000] {processor.py:914} INFO - Processing file /home/airflow/.local/lib/python3.12/site-packages/airflow/example_dags/example_latest_only_with_trigger.py for tasks to queue
[2025-03-19T00:33:37.387+0000] {logging_mixin.py:190} INFO - [2025-03-19T00:33:37.386+0000] {dagbag.py:588} INFO - Filling up the DagBag from /home/airflow/.local/lib/python3.12/site-packages/airflow/example_dags/example_latest_only_with_trigger.py
[2025-03-19T00:33:37.391+0000] {processor.py:925} INFO - DAG(s) 'latest_only_with_trigger' retrieved from /home/airflow/.local/lib/python3.12/site-packages/airflow/example_dags/example_latest_only_with_trigger.py
[2025-03-19T00:33:37.404+0000] {logging_mixin.py:190} INFO - [2025-03-19T00:33:37.404+0000] {dag.py:3239} INFO - Sync 1 DAGs
[2025-03-19T00:33:37.420+0000] {logging_mixin.py:190} INFO - [2025-03-19T00:33:37.420+0000] {dag.py:4180} INFO - Setting next_dagrun for latest_only_with_trigger to 2025-03-18 20:00:00+00:00, run_after=2025-03-19 00:00:00+00:00
[2025-03-19T00:33:37.432+0000] {processor.py:208} INFO - Processing /home/airflow/.local/lib/python3.12/site-packages/airflow/example_dags/example_latest_only_with_trigger.py took 0.051 seconds
[2025-03-19T00:34:08.146+0000] {processor.py:186} INFO - Started process (PID=2796) to work on /home/airflow/.local/lib/python3.12/site-packages/airflow/example_dags/example_latest_only_with_trigger.py
[2025-03-19T00:34:08.146+0000] {processor.py:914} INFO - Processing file /home/airflow/.local/lib/python3.12/site-packages/airflow/example_dags/example_latest_only_with_trigger.py for tasks to queue
[2025-03-19T00:34:08.148+0000] {logging_mixin.py:190} INFO - [2025-03-19T00:34:08.147+0000] {dagbag.py:588} INFO - Filling up the DagBag from /home/airflow/.local/lib/python3.12/site-packages/airflow/example_dags/example_latest_only_with_trigger.py
[2025-03-19T00:34:08.154+0000] {processor.py:925} INFO - DAG(s) 'latest_only_with_trigger' retrieved from /home/airflow/.local/lib/python3.12/site-packages/airflow/example_dags/example_latest_only_with_trigger.py
[2025-03-19T00:34:08.167+0000] {logging_mixin.py:190} INFO - [2025-03-19T00:34:08.167+0000] {dag.py:3239} INFO - Sync 1 DAGs
[2025-03-19T00:34:08.184+0000] {logging_mixin.py:190} INFO - [2025-03-19T00:34:08.184+0000] {dag.py:4180} INFO - Setting next_dagrun for latest_only_with_trigger to 2025-03-18 20:00:00+00:00, run_after=2025-03-19 00:00:00+00:00
[2025-03-19T00:34:08.197+0000] {processor.py:208} INFO - Processing /home/airflow/.local/lib/python3.12/site-packages/airflow/example_dags/example_latest_only_with_trigger.py took 0.055 seconds
[2025-03-19T00:34:38.968+0000] {processor.py:186} INFO - Started process (PID=2859) to work on /home/airflow/.local/lib/python3.12/site-packages/airflow/example_dags/example_latest_only_with_trigger.py
[2025-03-19T00:34:38.968+0000] {processor.py:914} INFO - Processing file /home/airflow/.local/lib/python3.12/site-packages/airflow/example_dags/example_latest_only_with_trigger.py for tasks to queue
[2025-03-19T00:34:38.970+0000] {logging_mixin.py:190} INFO - [2025-03-19T00:34:38.969+0000] {dagbag.py:588} INFO - Filling up the DagBag from /home/airflow/.local/lib/python3.12/site-packages/airflow/example_dags/example_latest_only_with_trigger.py
[2025-03-19T00:34:38.975+0000] {processor.py:925} INFO - DAG(s) 'latest_only_with_trigger' retrieved from /home/airflow/.local/lib/python3.12/site-packages/airflow/example_dags/example_latest_only_with_trigger.py
[2025-03-19T00:34:38.990+0000] {logging_mixin.py:190} INFO - [2025-03-19T00:34:38.989+0000] {dag.py:3239} INFO - Sync 1 DAGs
[2025-03-19T00:34:39.009+0000] {logging_mixin.py:190} INFO - [2025-03-19T00:34:39.009+0000] {dag.py:4180} INFO - Setting next_dagrun for latest_only_with_trigger to 2025-03-18 20:00:00+00:00, run_after=2025-03-19 00:00:00+00:00
[2025-03-19T00:34:39.022+0000] {processor.py:208} INFO - Processing /home/airflow/.local/lib/python3.12/site-packages/airflow/example_dags/example_latest_only_with_trigger.py took 0.058 seconds
[2025-03-19T00:35:09.525+0000] {processor.py:186} INFO - Started process (PID=2923) to work on /home/airflow/.local/lib/python3.12/site-packages/airflow/example_dags/example_latest_only_with_trigger.py
[2025-03-19T00:35:09.526+0000] {processor.py:914} INFO - Processing file /home/airflow/.local/lib/python3.12/site-packages/airflow/example_dags/example_latest_only_with_trigger.py for tasks to queue
[2025-03-19T00:35:09.527+0000] {logging_mixin.py:190} INFO - [2025-03-19T00:35:09.527+0000] {dagbag.py:588} INFO - Filling up the DagBag from /home/airflow/.local/lib/python3.12/site-packages/airflow/example_dags/example_latest_only_with_trigger.py
[2025-03-19T00:35:09.532+0000] {processor.py:925} INFO - DAG(s) 'latest_only_with_trigger' retrieved from /home/airflow/.local/lib/python3.12/site-packages/airflow/example_dags/example_latest_only_with_trigger.py
[2025-03-19T00:35:09.545+0000] {logging_mixin.py:190} INFO - [2025-03-19T00:35:09.545+0000] {dag.py:3239} INFO - Sync 1 DAGs
[2025-03-19T00:35:09.562+0000] {logging_mixin.py:190} INFO - [2025-03-19T00:35:09.562+0000] {dag.py:4180} INFO - Setting next_dagrun for latest_only_with_trigger to 2025-03-18 20:00:00+00:00, run_after=2025-03-19 00:00:00+00:00
[2025-03-19T00:35:09.574+0000] {processor.py:208} INFO - Processing /home/airflow/.local/lib/python3.12/site-packages/airflow/example_dags/example_latest_only_with_trigger.py took 0.052 seconds
[2025-03-19T00:35:40.091+0000] {processor.py:186} INFO - Started process (PID=2986) to work on /home/airflow/.local/lib/python3.12/site-packages/airflow/example_dags/example_latest_only_with_trigger.py
[2025-03-19T00:35:40.092+0000] {processor.py:914} INFO - Processing file /home/airflow/.local/lib/python3.12/site-packages/airflow/example_dags/example_latest_only_with_trigger.py for tasks to queue
[2025-03-19T00:35:40.093+0000] {logging_mixin.py:190} INFO - [2025-03-19T00:35:40.093+0000] {dagbag.py:588} INFO - Filling up the DagBag from /home/airflow/.local/lib/python3.12/site-packages/airflow/example_dags/example_latest_only_with_trigger.py
[2025-03-19T00:35:40.098+0000] {processor.py:925} INFO - DAG(s) 'latest_only_with_trigger' retrieved from /home/airflow/.local/lib/python3.12/site-packages/airflow/example_dags/example_latest_only_with_trigger.py
[2025-03-19T00:35:40.112+0000] {logging_mixin.py:190} INFO - [2025-03-19T00:35:40.112+0000] {dag.py:3239} INFO - Sync 1 DAGs
[2025-03-19T00:35:40.131+0000] {logging_mixin.py:190} INFO - [2025-03-19T00:35:40.131+0000] {dag.py:4180} INFO - Setting next_dagrun for latest_only_with_trigger to 2025-03-18 20:00:00+00:00, run_after=2025-03-19 00:00:00+00:00
[2025-03-19T00:35:40.147+0000] {processor.py:208} INFO - Processing /home/airflow/.local/lib/python3.12/site-packages/airflow/example_dags/example_latest_only_with_trigger.py took 0.060 seconds
[2025-03-19T00:36:10.607+0000] {processor.py:186} INFO - Started process (PID=3049) to work on /home/airflow/.local/lib/python3.12/site-packages/airflow/example_dags/example_latest_only_with_trigger.py
[2025-03-19T00:36:10.608+0000] {processor.py:914} INFO - Processing file /home/airflow/.local/lib/python3.12/site-packages/airflow/example_dags/example_latest_only_with_trigger.py for tasks to queue
[2025-03-19T00:36:10.609+0000] {logging_mixin.py:190} INFO - [2025-03-19T00:36:10.609+0000] {dagbag.py:588} INFO - Filling up the DagBag from /home/airflow/.local/lib/python3.12/site-packages/airflow/example_dags/example_latest_only_with_trigger.py
[2025-03-19T00:36:10.615+0000] {processor.py:925} INFO - DAG(s) 'latest_only_with_trigger' retrieved from /home/airflow/.local/lib/python3.12/site-packages/airflow/example_dags/example_latest_only_with_trigger.py
[2025-03-19T00:36:10.628+0000] {logging_mixin.py:190} INFO - [2025-03-19T00:36:10.628+0000] {dag.py:3239} INFO - Sync 1 DAGs
[2025-03-19T00:36:10.644+0000] {logging_mixin.py:190} INFO - [2025-03-19T00:36:10.644+0000] {dag.py:4180} INFO - Setting next_dagrun for latest_only_with_trigger to 2025-03-18 20:00:00+00:00, run_after=2025-03-19 00:00:00+00:00
[2025-03-19T00:36:10.656+0000] {processor.py:208} INFO - Processing /home/airflow/.local/lib/python3.12/site-packages/airflow/example_dags/example_latest_only_with_trigger.py took 0.053 seconds
[2025-03-19T00:36:41.754+0000] {processor.py:186} INFO - Started process (PID=3112) to work on /home/airflow/.local/lib/python3.12/site-packages/airflow/example_dags/example_latest_only_with_trigger.py
[2025-03-19T00:36:41.755+0000] {processor.py:914} INFO - Processing file /home/airflow/.local/lib/python3.12/site-packages/airflow/example_dags/example_latest_only_with_trigger.py for tasks to queue
[2025-03-19T00:36:41.756+0000] {logging_mixin.py:190} INFO - [2025-03-19T00:36:41.756+0000] {dagbag.py:588} INFO - Filling up the DagBag from /home/airflow/.local/lib/python3.12/site-packages/airflow/example_dags/example_latest_only_with_trigger.py
[2025-03-19T00:36:41.761+0000] {processor.py:925} INFO - DAG(s) 'latest_only_with_trigger' retrieved from /home/airflow/.local/lib/python3.12/site-packages/airflow/example_dags/example_latest_only_with_trigger.py
[2025-03-19T00:36:41.775+0000] {logging_mixin.py:190} INFO - [2025-03-19T00:36:41.775+0000] {dag.py:3239} INFO - Sync 1 DAGs
[2025-03-19T00:36:41.793+0000] {logging_mixin.py:190} INFO - [2025-03-19T00:36:41.793+0000] {dag.py:4180} INFO - Setting next_dagrun for latest_only_with_trigger to 2025-03-18 20:00:00+00:00, run_after=2025-03-19 00:00:00+00:00
[2025-03-19T00:36:41.806+0000] {processor.py:208} INFO - Processing /home/airflow/.local/lib/python3.12/site-packages/airflow/example_dags/example_latest_only_with_trigger.py took 0.056 seconds
[2025-03-19T00:37:12.534+0000] {processor.py:186} INFO - Started process (PID=3178) to work on /home/airflow/.local/lib/python3.12/site-packages/airflow/example_dags/example_latest_only_with_trigger.py
[2025-03-19T00:37:12.535+0000] {processor.py:914} INFO - Processing file /home/airflow/.local/lib/python3.12/site-packages/airflow/example_dags/example_latest_only_with_trigger.py for tasks to queue
[2025-03-19T00:37:12.536+0000] {logging_mixin.py:190} INFO - [2025-03-19T00:37:12.536+0000] {dagbag.py:588} INFO - Filling up the DagBag from /home/airflow/.local/lib/python3.12/site-packages/airflow/example_dags/example_latest_only_with_trigger.py
[2025-03-19T00:37:12.542+0000] {processor.py:925} INFO - DAG(s) 'latest_only_with_trigger' retrieved from /home/airflow/.local/lib/python3.12/site-packages/airflow/example_dags/example_latest_only_with_trigger.py
[2025-03-19T00:37:12.557+0000] {logging_mixin.py:190} INFO - [2025-03-19T00:37:12.557+0000] {dag.py:3239} INFO - Sync 1 DAGs
[2025-03-19T00:37:12.577+0000] {logging_mixin.py:190} INFO - [2025-03-19T00:37:12.577+0000] {dag.py:4180} INFO - Setting next_dagrun for latest_only_with_trigger to 2025-03-18 20:00:00+00:00, run_after=2025-03-19 00:00:00+00:00
[2025-03-19T00:37:12.592+0000] {processor.py:208} INFO - Processing /home/airflow/.local/lib/python3.12/site-packages/airflow/example_dags/example_latest_only_with_trigger.py took 0.061 seconds
[2025-03-19T00:37:43.388+0000] {processor.py:186} INFO - Started process (PID=3242) to work on /home/airflow/.local/lib/python3.12/site-packages/airflow/example_dags/example_latest_only_with_trigger.py
[2025-03-19T00:37:43.388+0000] {processor.py:914} INFO - Processing file /home/airflow/.local/lib/python3.12/site-packages/airflow/example_dags/example_latest_only_with_trigger.py for tasks to queue
[2025-03-19T00:37:43.389+0000] {logging_mixin.py:190} INFO - [2025-03-19T00:37:43.389+0000] {dagbag.py:588} INFO - Filling up the DagBag from /home/airflow/.local/lib/python3.12/site-packages/airflow/example_dags/example_latest_only_with_trigger.py
[2025-03-19T00:37:43.394+0000] {processor.py:925} INFO - DAG(s) 'latest_only_with_trigger' retrieved from /home/airflow/.local/lib/python3.12/site-packages/airflow/example_dags/example_latest_only_with_trigger.py
[2025-03-19T00:37:43.408+0000] {logging_mixin.py:190} INFO - [2025-03-19T00:37:43.407+0000] {dag.py:3239} INFO - Sync 1 DAGs
[2025-03-19T00:37:43.424+0000] {logging_mixin.py:190} INFO - [2025-03-19T00:37:43.424+0000] {dag.py:4180} INFO - Setting next_dagrun for latest_only_with_trigger to 2025-03-18 20:00:00+00:00, run_after=2025-03-19 00:00:00+00:00
[2025-03-19T00:37:43.439+0000] {processor.py:208} INFO - Processing /home/airflow/.local/lib/python3.12/site-packages/airflow/example_dags/example_latest_only_with_trigger.py took 0.055 seconds
[2025-03-19T00:38:14.519+0000] {processor.py:186} INFO - Started process (PID=3306) to work on /home/airflow/.local/lib/python3.12/site-packages/airflow/example_dags/example_latest_only_with_trigger.py
[2025-03-19T00:38:14.520+0000] {processor.py:914} INFO - Processing file /home/airflow/.local/lib/python3.12/site-packages/airflow/example_dags/example_latest_only_with_trigger.py for tasks to queue
[2025-03-19T00:38:14.521+0000] {logging_mixin.py:190} INFO - [2025-03-19T00:38:14.521+0000] {dagbag.py:588} INFO - Filling up the DagBag from /home/airflow/.local/lib/python3.12/site-packages/airflow/example_dags/example_latest_only_with_trigger.py
[2025-03-19T00:38:14.526+0000] {processor.py:925} INFO - DAG(s) 'latest_only_with_trigger' retrieved from /home/airflow/.local/lib/python3.12/site-packages/airflow/example_dags/example_latest_only_with_trigger.py
[2025-03-19T00:38:14.539+0000] {logging_mixin.py:190} INFO - [2025-03-19T00:38:14.539+0000] {dag.py:3239} INFO - Sync 1 DAGs
[2025-03-19T00:38:14.555+0000] {logging_mixin.py:190} INFO - [2025-03-19T00:38:14.555+0000] {dag.py:4180} INFO - Setting next_dagrun for latest_only_with_trigger to 2025-03-18 20:00:00+00:00, run_after=2025-03-19 00:00:00+00:00
[2025-03-19T00:38:14.568+0000] {processor.py:208} INFO - Processing /home/airflow/.local/lib/python3.12/site-packages/airflow/example_dags/example_latest_only_with_trigger.py took 0.053 seconds
[2025-03-19T00:38:45.757+0000] {processor.py:186} INFO - Started process (PID=3370) to work on /home/airflow/.local/lib/python3.12/site-packages/airflow/example_dags/example_latest_only_with_trigger.py
[2025-03-19T00:38:45.757+0000] {processor.py:914} INFO - Processing file /home/airflow/.local/lib/python3.12/site-packages/airflow/example_dags/example_latest_only_with_trigger.py for tasks to queue
[2025-03-19T00:38:45.758+0000] {logging_mixin.py:190} INFO - [2025-03-19T00:38:45.758+0000] {dagbag.py:588} INFO - Filling up the DagBag from /home/airflow/.local/lib/python3.12/site-packages/airflow/example_dags/example_latest_only_with_trigger.py
[2025-03-19T00:38:45.763+0000] {processor.py:925} INFO - DAG(s) 'latest_only_with_trigger' retrieved from /home/airflow/.local/lib/python3.12/site-packages/airflow/example_dags/example_latest_only_with_trigger.py
[2025-03-19T00:38:45.776+0000] {logging_mixin.py:190} INFO - [2025-03-19T00:38:45.776+0000] {dag.py:3239} INFO - Sync 1 DAGs
[2025-03-19T00:38:45.792+0000] {logging_mixin.py:190} INFO - [2025-03-19T00:38:45.792+0000] {dag.py:4180} INFO - Setting next_dagrun for latest_only_with_trigger to 2025-03-18 20:00:00+00:00, run_after=2025-03-19 00:00:00+00:00
[2025-03-19T00:38:45.807+0000] {processor.py:208} INFO - Processing /home/airflow/.local/lib/python3.12/site-packages/airflow/example_dags/example_latest_only_with_trigger.py took 0.054 seconds
[2025-03-19T00:39:16.449+0000] {processor.py:186} INFO - Started process (PID=3434) to work on /home/airflow/.local/lib/python3.12/site-packages/airflow/example_dags/example_latest_only_with_trigger.py
[2025-03-19T00:39:16.450+0000] {processor.py:914} INFO - Processing file /home/airflow/.local/lib/python3.12/site-packages/airflow/example_dags/example_latest_only_with_trigger.py for tasks to queue
[2025-03-19T00:39:16.452+0000] {logging_mixin.py:190} INFO - [2025-03-19T00:39:16.452+0000] {dagbag.py:588} INFO - Filling up the DagBag from /home/airflow/.local/lib/python3.12/site-packages/airflow/example_dags/example_latest_only_with_trigger.py
[2025-03-19T00:39:16.457+0000] {processor.py:925} INFO - DAG(s) 'latest_only_with_trigger' retrieved from /home/airflow/.local/lib/python3.12/site-packages/airflow/example_dags/example_latest_only_with_trigger.py
[2025-03-19T00:39:16.471+0000] {logging_mixin.py:190} INFO - [2025-03-19T00:39:16.470+0000] {dag.py:3239} INFO - Sync 1 DAGs
[2025-03-19T00:39:16.487+0000] {logging_mixin.py:190} INFO - [2025-03-19T00:39:16.487+0000] {dag.py:4180} INFO - Setting next_dagrun for latest_only_with_trigger to 2025-03-18 20:00:00+00:00, run_after=2025-03-19 00:00:00+00:00
[2025-03-19T00:39:16.499+0000] {processor.py:208} INFO - Processing /home/airflow/.local/lib/python3.12/site-packages/airflow/example_dags/example_latest_only_with_trigger.py took 0.053 seconds
[2025-03-19T00:39:47.584+0000] {processor.py:186} INFO - Started process (PID=3498) to work on /home/airflow/.local/lib/python3.12/site-packages/airflow/example_dags/example_latest_only_with_trigger.py
[2025-03-19T00:39:47.584+0000] {processor.py:914} INFO - Processing file /home/airflow/.local/lib/python3.12/site-packages/airflow/example_dags/example_latest_only_with_trigger.py for tasks to queue
[2025-03-19T00:39:47.586+0000] {logging_mixin.py:190} INFO - [2025-03-19T00:39:47.585+0000] {dagbag.py:588} INFO - Filling up the DagBag from /home/airflow/.local/lib/python3.12/site-packages/airflow/example_dags/example_latest_only_with_trigger.py
[2025-03-19T00:39:47.591+0000] {processor.py:925} INFO - DAG(s) 'latest_only_with_trigger' retrieved from /home/airflow/.local/lib/python3.12/site-packages/airflow/example_dags/example_latest_only_with_trigger.py
[2025-03-19T00:39:47.605+0000] {logging_mixin.py:190} INFO - [2025-03-19T00:39:47.605+0000] {dag.py:3239} INFO - Sync 1 DAGs
[2025-03-19T00:39:47.621+0000] {logging_mixin.py:190} INFO - [2025-03-19T00:39:47.621+0000] {dag.py:4180} INFO - Setting next_dagrun for latest_only_with_trigger to 2025-03-18 20:00:00+00:00, run_after=2025-03-19 00:00:00+00:00
[2025-03-19T00:39:47.634+0000] {processor.py:208} INFO - Processing /home/airflow/.local/lib/python3.12/site-packages/airflow/example_dags/example_latest_only_with_trigger.py took 0.054 seconds
[2025-03-19T00:40:18.790+0000] {processor.py:186} INFO - Started process (PID=3562) to work on /home/airflow/.local/lib/python3.12/site-packages/airflow/example_dags/example_latest_only_with_trigger.py
[2025-03-19T00:40:18.791+0000] {processor.py:914} INFO - Processing file /home/airflow/.local/lib/python3.12/site-packages/airflow/example_dags/example_latest_only_with_trigger.py for tasks to queue
[2025-03-19T00:40:18.792+0000] {logging_mixin.py:190} INFO - [2025-03-19T00:40:18.792+0000] {dagbag.py:588} INFO - Filling up the DagBag from /home/airflow/.local/lib/python3.12/site-packages/airflow/example_dags/example_latest_only_with_trigger.py
[2025-03-19T00:40:18.797+0000] {processor.py:925} INFO - DAG(s) 'latest_only_with_trigger' retrieved from /home/airflow/.local/lib/python3.12/site-packages/airflow/example_dags/example_latest_only_with_trigger.py
[2025-03-19T00:40:18.811+0000] {logging_mixin.py:190} INFO - [2025-03-19T00:40:18.810+0000] {dag.py:3239} INFO - Sync 1 DAGs
[2025-03-19T00:40:18.827+0000] {logging_mixin.py:190} INFO - [2025-03-19T00:40:18.827+0000] {dag.py:4180} INFO - Setting next_dagrun for latest_only_with_trigger to 2025-03-18 20:00:00+00:00, run_after=2025-03-19 00:00:00+00:00
[2025-03-19T00:40:18.839+0000] {processor.py:208} INFO - Processing /home/airflow/.local/lib/python3.12/site-packages/airflow/example_dags/example_latest_only_with_trigger.py took 0.052 seconds
[2025-03-19T00:41:17.544+0000] {processor.py:186} INFO - Started process (PID=85) to work on /home/airflow/.local/lib/python3.12/site-packages/airflow/example_dags/example_latest_only_with_trigger.py
[2025-03-19T00:41:17.545+0000] {processor.py:914} INFO - Processing file /home/airflow/.local/lib/python3.12/site-packages/airflow/example_dags/example_latest_only_with_trigger.py for tasks to queue
[2025-03-19T00:41:17.546+0000] {logging_mixin.py:190} INFO - [2025-03-19T00:41:17.546+0000] {dagbag.py:588} INFO - Filling up the DagBag from /home/airflow/.local/lib/python3.12/site-packages/airflow/example_dags/example_latest_only_with_trigger.py
[2025-03-19T00:41:17.552+0000] {processor.py:925} INFO - DAG(s) 'latest_only_with_trigger' retrieved from /home/airflow/.local/lib/python3.12/site-packages/airflow/example_dags/example_latest_only_with_trigger.py
[2025-03-19T00:41:17.565+0000] {logging_mixin.py:190} INFO - [2025-03-19T00:41:17.565+0000] {dag.py:3239} INFO - Sync 1 DAGs
[2025-03-19T00:41:17.584+0000] {logging_mixin.py:190} INFO - [2025-03-19T00:41:17.584+0000] {dag.py:4180} INFO - Setting next_dagrun for latest_only_with_trigger to 2025-03-18 20:00:00+00:00, run_after=2025-03-19 00:00:00+00:00
[2025-03-19T00:41:17.597+0000] {processor.py:208} INFO - Processing /home/airflow/.local/lib/python3.12/site-packages/airflow/example_dags/example_latest_only_with_trigger.py took 0.057 seconds
[2025-03-19T00:41:48.162+0000] {processor.py:186} INFO - Started process (PID=149) to work on /home/airflow/.local/lib/python3.12/site-packages/airflow/example_dags/example_latest_only_with_trigger.py
[2025-03-19T00:41:48.162+0000] {processor.py:914} INFO - Processing file /home/airflow/.local/lib/python3.12/site-packages/airflow/example_dags/example_latest_only_with_trigger.py for tasks to queue
[2025-03-19T00:41:48.164+0000] {logging_mixin.py:190} INFO - [2025-03-19T00:41:48.164+0000] {dagbag.py:588} INFO - Filling up the DagBag from /home/airflow/.local/lib/python3.12/site-packages/airflow/example_dags/example_latest_only_with_trigger.py
[2025-03-19T00:41:48.171+0000] {processor.py:925} INFO - DAG(s) 'latest_only_with_trigger' retrieved from /home/airflow/.local/lib/python3.12/site-packages/airflow/example_dags/example_latest_only_with_trigger.py
[2025-03-19T00:41:48.185+0000] {logging_mixin.py:190} INFO - [2025-03-19T00:41:48.185+0000] {dag.py:3239} INFO - Sync 1 DAGs
[2025-03-19T00:41:48.203+0000] {logging_mixin.py:190} INFO - [2025-03-19T00:41:48.203+0000] {dag.py:4180} INFO - Setting next_dagrun for latest_only_with_trigger to 2025-03-18 20:00:00+00:00, run_after=2025-03-19 00:00:00+00:00
[2025-03-19T00:41:48.222+0000] {processor.py:208} INFO - Processing /home/airflow/.local/lib/python3.12/site-packages/airflow/example_dags/example_latest_only_with_trigger.py took 0.064 seconds
[2025-03-19T00:42:19.483+0000] {processor.py:186} INFO - Started process (PID=213) to work on /home/airflow/.local/lib/python3.12/site-packages/airflow/example_dags/example_latest_only_with_trigger.py
[2025-03-19T00:42:19.483+0000] {processor.py:914} INFO - Processing file /home/airflow/.local/lib/python3.12/site-packages/airflow/example_dags/example_latest_only_with_trigger.py for tasks to queue
[2025-03-19T00:42:19.484+0000] {logging_mixin.py:190} INFO - [2025-03-19T00:42:19.484+0000] {dagbag.py:588} INFO - Filling up the DagBag from /home/airflow/.local/lib/python3.12/site-packages/airflow/example_dags/example_latest_only_with_trigger.py
[2025-03-19T00:42:19.489+0000] {processor.py:925} INFO - DAG(s) 'latest_only_with_trigger' retrieved from /home/airflow/.local/lib/python3.12/site-packages/airflow/example_dags/example_latest_only_with_trigger.py
[2025-03-19T00:42:19.502+0000] {logging_mixin.py:190} INFO - [2025-03-19T00:42:19.502+0000] {dag.py:3239} INFO - Sync 1 DAGs
[2025-03-19T00:42:19.518+0000] {logging_mixin.py:190} INFO - [2025-03-19T00:42:19.518+0000] {dag.py:4180} INFO - Setting next_dagrun for latest_only_with_trigger to 2025-03-18 20:00:00+00:00, run_after=2025-03-19 00:00:00+00:00
[2025-03-19T00:42:19.530+0000] {processor.py:208} INFO - Processing /home/airflow/.local/lib/python3.12/site-packages/airflow/example_dags/example_latest_only_with_trigger.py took 0.051 seconds
[2025-03-19T00:42:50.915+0000] {processor.py:186} INFO - Started process (PID=277) to work on /home/airflow/.local/lib/python3.12/site-packages/airflow/example_dags/example_latest_only_with_trigger.py
[2025-03-19T00:42:50.916+0000] {processor.py:914} INFO - Processing file /home/airflow/.local/lib/python3.12/site-packages/airflow/example_dags/example_latest_only_with_trigger.py for tasks to queue
[2025-03-19T00:42:50.917+0000] {logging_mixin.py:190} INFO - [2025-03-19T00:42:50.917+0000] {dagbag.py:588} INFO - Filling up the DagBag from /home/airflow/.local/lib/python3.12/site-packages/airflow/example_dags/example_latest_only_with_trigger.py
[2025-03-19T00:42:50.922+0000] {processor.py:925} INFO - DAG(s) 'latest_only_with_trigger' retrieved from /home/airflow/.local/lib/python3.12/site-packages/airflow/example_dags/example_latest_only_with_trigger.py
[2025-03-19T00:42:50.934+0000] {logging_mixin.py:190} INFO - [2025-03-19T00:42:50.934+0000] {dag.py:3239} INFO - Sync 1 DAGs
[2025-03-19T00:42:50.949+0000] {logging_mixin.py:190} INFO - [2025-03-19T00:42:50.949+0000] {dag.py:4180} INFO - Setting next_dagrun for latest_only_with_trigger to 2025-03-18 20:00:00+00:00, run_after=2025-03-19 00:00:00+00:00
[2025-03-19T00:42:50.961+0000] {processor.py:208} INFO - Processing /home/airflow/.local/lib/python3.12/site-packages/airflow/example_dags/example_latest_only_with_trigger.py took 0.049 seconds
[2025-03-19T00:43:21.598+0000] {processor.py:186} INFO - Started process (PID=341) to work on /home/airflow/.local/lib/python3.12/site-packages/airflow/example_dags/example_latest_only_with_trigger.py
[2025-03-19T00:43:21.598+0000] {processor.py:914} INFO - Processing file /home/airflow/.local/lib/python3.12/site-packages/airflow/example_dags/example_latest_only_with_trigger.py for tasks to queue
[2025-03-19T00:43:21.599+0000] {logging_mixin.py:190} INFO - [2025-03-19T00:43:21.599+0000] {dagbag.py:588} INFO - Filling up the DagBag from /home/airflow/.local/lib/python3.12/site-packages/airflow/example_dags/example_latest_only_with_trigger.py
[2025-03-19T00:43:21.604+0000] {processor.py:925} INFO - DAG(s) 'latest_only_with_trigger' retrieved from /home/airflow/.local/lib/python3.12/site-packages/airflow/example_dags/example_latest_only_with_trigger.py
[2025-03-19T00:43:21.617+0000] {logging_mixin.py:190} INFO - [2025-03-19T00:43:21.617+0000] {dag.py:3239} INFO - Sync 1 DAGs
[2025-03-19T00:43:21.635+0000] {logging_mixin.py:190} INFO - [2025-03-19T00:43:21.635+0000] {dag.py:4180} INFO - Setting next_dagrun for latest_only_with_trigger to 2025-03-18 20:00:00+00:00, run_after=2025-03-19 00:00:00+00:00
[2025-03-19T00:43:21.649+0000] {processor.py:208} INFO - Processing /home/airflow/.local/lib/python3.12/site-packages/airflow/example_dags/example_latest_only_with_trigger.py took 0.055 seconds
[2025-03-19T00:43:52.050+0000] {processor.py:186} INFO - Started process (PID=405) to work on /home/airflow/.local/lib/python3.12/site-packages/airflow/example_dags/example_latest_only_with_trigger.py
[2025-03-19T00:43:52.050+0000] {processor.py:914} INFO - Processing file /home/airflow/.local/lib/python3.12/site-packages/airflow/example_dags/example_latest_only_with_trigger.py for tasks to queue
[2025-03-19T00:43:52.052+0000] {logging_mixin.py:190} INFO - [2025-03-19T00:43:52.051+0000] {dagbag.py:588} INFO - Filling up the DagBag from /home/airflow/.local/lib/python3.12/site-packages/airflow/example_dags/example_latest_only_with_trigger.py
[2025-03-19T00:43:52.056+0000] {processor.py:925} INFO - DAG(s) 'latest_only_with_trigger' retrieved from /home/airflow/.local/lib/python3.12/site-packages/airflow/example_dags/example_latest_only_with_trigger.py
[2025-03-19T00:43:52.071+0000] {logging_mixin.py:190} INFO - [2025-03-19T00:43:52.071+0000] {dag.py:3239} INFO - Sync 1 DAGs
[2025-03-19T00:43:52.089+0000] {logging_mixin.py:190} INFO - [2025-03-19T00:43:52.088+0000] {dag.py:4180} INFO - Setting next_dagrun for latest_only_with_trigger to 2025-03-18 20:00:00+00:00, run_after=2025-03-19 00:00:00+00:00
[2025-03-19T00:43:52.101+0000] {processor.py:208} INFO - Processing /home/airflow/.local/lib/python3.12/site-packages/airflow/example_dags/example_latest_only_with_trigger.py took 0.055 seconds
