[2025-03-19T00:11:54.211+0000] {processor.py:186} INFO - Started process (PID=83) to work on /home/airflow/.local/lib/python3.12/site-packages/airflow/example_dags/example_display_name.py
[2025-03-19T00:11:54.211+0000] {processor.py:914} INFO - Processing file /home/airflow/.local/lib/python3.12/site-packages/airflow/example_dags/example_display_name.py for tasks to queue
[2025-03-19T00:11:54.212+0000] {logging_mixin.py:190} INFO - [2025-03-19T00:11:54.212+0000] {dagbag.py:588} INFO - Filling up the DagBag from /home/airflow/.local/lib/python3.12/site-packages/airflow/example_dags/example_display_name.py
[2025-03-19T00:11:54.217+0000] {processor.py:925} INFO - DAG(s) 'example_display_name' retrieved from /home/airflow/.local/lib/python3.12/site-packages/airflow/example_dags/example_display_name.py
[2025-03-19T00:11:54.229+0000] {logging_mixin.py:190} INFO - [2025-03-19T00:11:54.228+0000] {dag.py:3239} INFO - Sync 1 DAGs
[2025-03-19T00:11:54.238+0000] {logging_mixin.py:190} INFO - [2025-03-19T00:11:54.238+0000] {dag.py:4180} INFO - Setting next_dagrun for example_display_name to None, run_after=None
[2025-03-19T00:11:54.251+0000] {processor.py:208} INFO - Processing /home/airflow/.local/lib/python3.12/site-packages/airflow/example_dags/example_display_name.py took 0.044 seconds
[2025-03-19T00:12:24.550+0000] {processor.py:186} INFO - Started process (PID=146) to work on /home/airflow/.local/lib/python3.12/site-packages/airflow/example_dags/example_display_name.py
[2025-03-19T00:12:24.551+0000] {processor.py:914} INFO - Processing file /home/airflow/.local/lib/python3.12/site-packages/airflow/example_dags/example_display_name.py for tasks to queue
[2025-03-19T00:12:24.552+0000] {logging_mixin.py:190} INFO - [2025-03-19T00:12:24.552+0000] {dagbag.py:588} INFO - Filling up the DagBag from /home/airflow/.local/lib/python3.12/site-packages/airflow/example_dags/example_display_name.py
[2025-03-19T00:12:24.557+0000] {processor.py:925} INFO - DAG(s) 'example_display_name' retrieved from /home/airflow/.local/lib/python3.12/site-packages/airflow/example_dags/example_display_name.py
[2025-03-19T00:12:24.570+0000] {logging_mixin.py:190} INFO - [2025-03-19T00:12:24.569+0000] {dag.py:3239} INFO - Sync 1 DAGs
[2025-03-19T00:12:24.580+0000] {logging_mixin.py:190} INFO - [2025-03-19T00:12:24.580+0000] {dag.py:4180} INFO - Setting next_dagrun for example_display_name to None, run_after=None
[2025-03-19T00:12:24.594+0000] {processor.py:208} INFO - Processing /home/airflow/.local/lib/python3.12/site-packages/airflow/example_dags/example_display_name.py took 0.047 seconds
[2025-03-19T00:12:55.536+0000] {processor.py:186} INFO - Started process (PID=209) to work on /home/airflow/.local/lib/python3.12/site-packages/airflow/example_dags/example_display_name.py
[2025-03-19T00:12:55.537+0000] {processor.py:914} INFO - Processing file /home/airflow/.local/lib/python3.12/site-packages/airflow/example_dags/example_display_name.py for tasks to queue
[2025-03-19T00:12:55.538+0000] {logging_mixin.py:190} INFO - [2025-03-19T00:12:55.538+0000] {dagbag.py:588} INFO - Filling up the DagBag from /home/airflow/.local/lib/python3.12/site-packages/airflow/example_dags/example_display_name.py
[2025-03-19T00:12:55.543+0000] {processor.py:925} INFO - DAG(s) 'example_display_name' retrieved from /home/airflow/.local/lib/python3.12/site-packages/airflow/example_dags/example_display_name.py
[2025-03-19T00:12:55.556+0000] {logging_mixin.py:190} INFO - [2025-03-19T00:12:55.556+0000] {dag.py:3239} INFO - Sync 1 DAGs
[2025-03-19T00:12:55.566+0000] {logging_mixin.py:190} INFO - [2025-03-19T00:12:55.566+0000] {dag.py:4180} INFO - Setting next_dagrun for example_display_name to None, run_after=None
[2025-03-19T00:12:55.579+0000] {processor.py:208} INFO - Processing /home/airflow/.local/lib/python3.12/site-packages/airflow/example_dags/example_display_name.py took 0.046 seconds
[2025-03-19T00:13:26.574+0000] {processor.py:186} INFO - Started process (PID=272) to work on /home/airflow/.local/lib/python3.12/site-packages/airflow/example_dags/example_display_name.py
[2025-03-19T00:13:26.575+0000] {processor.py:914} INFO - Processing file /home/airflow/.local/lib/python3.12/site-packages/airflow/example_dags/example_display_name.py for tasks to queue
[2025-03-19T00:13:26.576+0000] {logging_mixin.py:190} INFO - [2025-03-19T00:13:26.576+0000] {dagbag.py:588} INFO - Filling up the DagBag from /home/airflow/.local/lib/python3.12/site-packages/airflow/example_dags/example_display_name.py
[2025-03-19T00:13:26.580+0000] {processor.py:925} INFO - DAG(s) 'example_display_name' retrieved from /home/airflow/.local/lib/python3.12/site-packages/airflow/example_dags/example_display_name.py
[2025-03-19T00:13:26.593+0000] {logging_mixin.py:190} INFO - [2025-03-19T00:13:26.593+0000] {dag.py:3239} INFO - Sync 1 DAGs
[2025-03-19T00:13:26.604+0000] {logging_mixin.py:190} INFO - [2025-03-19T00:13:26.603+0000] {dag.py:4180} INFO - Setting next_dagrun for example_display_name to None, run_after=None
[2025-03-19T00:13:26.617+0000] {processor.py:208} INFO - Processing /home/airflow/.local/lib/python3.12/site-packages/airflow/example_dags/example_display_name.py took 0.046 seconds
[2025-03-19T00:13:58.021+0000] {processor.py:186} INFO - Started process (PID=334) to work on /home/airflow/.local/lib/python3.12/site-packages/airflow/example_dags/example_display_name.py
[2025-03-19T00:13:58.022+0000] {processor.py:914} INFO - Processing file /home/airflow/.local/lib/python3.12/site-packages/airflow/example_dags/example_display_name.py for tasks to queue
[2025-03-19T00:13:58.023+0000] {logging_mixin.py:190} INFO - [2025-03-19T00:13:58.023+0000] {dagbag.py:588} INFO - Filling up the DagBag from /home/airflow/.local/lib/python3.12/site-packages/airflow/example_dags/example_display_name.py
[2025-03-19T00:13:58.029+0000] {processor.py:925} INFO - DAG(s) 'example_display_name' retrieved from /home/airflow/.local/lib/python3.12/site-packages/airflow/example_dags/example_display_name.py
[2025-03-19T00:13:58.042+0000] {logging_mixin.py:190} INFO - [2025-03-19T00:13:58.042+0000] {dag.py:3239} INFO - Sync 1 DAGs
[2025-03-19T00:13:58.053+0000] {logging_mixin.py:190} INFO - [2025-03-19T00:13:58.053+0000] {dag.py:4180} INFO - Setting next_dagrun for example_display_name to None, run_after=None
[2025-03-19T00:13:58.070+0000] {processor.py:208} INFO - Processing /home/airflow/.local/lib/python3.12/site-packages/airflow/example_dags/example_display_name.py took 0.052 seconds
[2025-03-19T00:14:28.530+0000] {processor.py:186} INFO - Started process (PID=397) to work on /home/airflow/.local/lib/python3.12/site-packages/airflow/example_dags/example_display_name.py
[2025-03-19T00:14:28.530+0000] {processor.py:914} INFO - Processing file /home/airflow/.local/lib/python3.12/site-packages/airflow/example_dags/example_display_name.py for tasks to queue
[2025-03-19T00:14:28.531+0000] {logging_mixin.py:190} INFO - [2025-03-19T00:14:28.531+0000] {dagbag.py:588} INFO - Filling up the DagBag from /home/airflow/.local/lib/python3.12/site-packages/airflow/example_dags/example_display_name.py
[2025-03-19T00:14:28.536+0000] {processor.py:925} INFO - DAG(s) 'example_display_name' retrieved from /home/airflow/.local/lib/python3.12/site-packages/airflow/example_dags/example_display_name.py
[2025-03-19T00:14:28.548+0000] {logging_mixin.py:190} INFO - [2025-03-19T00:14:28.547+0000] {dag.py:3239} INFO - Sync 1 DAGs
[2025-03-19T00:14:28.557+0000] {logging_mixin.py:190} INFO - [2025-03-19T00:14:28.557+0000] {dag.py:4180} INFO - Setting next_dagrun for example_display_name to None, run_after=None
[2025-03-19T00:14:28.570+0000] {processor.py:208} INFO - Processing /home/airflow/.local/lib/python3.12/site-packages/airflow/example_dags/example_display_name.py took 0.044 seconds
[2025-03-19T00:14:59.316+0000] {processor.py:186} INFO - Started process (PID=460) to work on /home/airflow/.local/lib/python3.12/site-packages/airflow/example_dags/example_display_name.py
[2025-03-19T00:14:59.317+0000] {processor.py:914} INFO - Processing file /home/airflow/.local/lib/python3.12/site-packages/airflow/example_dags/example_display_name.py for tasks to queue
[2025-03-19T00:14:59.318+0000] {logging_mixin.py:190} INFO - [2025-03-19T00:14:59.318+0000] {dagbag.py:588} INFO - Filling up the DagBag from /home/airflow/.local/lib/python3.12/site-packages/airflow/example_dags/example_display_name.py
[2025-03-19T00:14:59.323+0000] {processor.py:925} INFO - DAG(s) 'example_display_name' retrieved from /home/airflow/.local/lib/python3.12/site-packages/airflow/example_dags/example_display_name.py
[2025-03-19T00:14:59.337+0000] {logging_mixin.py:190} INFO - [2025-03-19T00:14:59.336+0000] {dag.py:3239} INFO - Sync 1 DAGs
[2025-03-19T00:14:59.349+0000] {logging_mixin.py:190} INFO - [2025-03-19T00:14:59.349+0000] {dag.py:4180} INFO - Setting next_dagrun for example_display_name to None, run_after=None
[2025-03-19T00:14:59.364+0000] {processor.py:208} INFO - Processing /home/airflow/.local/lib/python3.12/site-packages/airflow/example_dags/example_display_name.py took 0.051 seconds
[2025-03-19T00:15:29.892+0000] {processor.py:186} INFO - Started process (PID=523) to work on /home/airflow/.local/lib/python3.12/site-packages/airflow/example_dags/example_display_name.py
[2025-03-19T00:15:29.892+0000] {processor.py:914} INFO - Processing file /home/airflow/.local/lib/python3.12/site-packages/airflow/example_dags/example_display_name.py for tasks to queue
[2025-03-19T00:15:29.893+0000] {logging_mixin.py:190} INFO - [2025-03-19T00:15:29.893+0000] {dagbag.py:588} INFO - Filling up the DagBag from /home/airflow/.local/lib/python3.12/site-packages/airflow/example_dags/example_display_name.py
[2025-03-19T00:15:29.898+0000] {processor.py:925} INFO - DAG(s) 'example_display_name' retrieved from /home/airflow/.local/lib/python3.12/site-packages/airflow/example_dags/example_display_name.py
[2025-03-19T00:15:29.911+0000] {logging_mixin.py:190} INFO - [2025-03-19T00:15:29.911+0000] {dag.py:3239} INFO - Sync 1 DAGs
[2025-03-19T00:15:29.922+0000] {logging_mixin.py:190} INFO - [2025-03-19T00:15:29.921+0000] {dag.py:4180} INFO - Setting next_dagrun for example_display_name to None, run_after=None
[2025-03-19T00:15:29.935+0000] {processor.py:208} INFO - Processing /home/airflow/.local/lib/python3.12/site-packages/airflow/example_dags/example_display_name.py took 0.047 seconds
[2025-03-19T00:16:00.550+0000] {processor.py:186} INFO - Started process (PID=586) to work on /home/airflow/.local/lib/python3.12/site-packages/airflow/example_dags/example_display_name.py
[2025-03-19T00:16:00.551+0000] {processor.py:914} INFO - Processing file /home/airflow/.local/lib/python3.12/site-packages/airflow/example_dags/example_display_name.py for tasks to queue
[2025-03-19T00:16:00.553+0000] {logging_mixin.py:190} INFO - [2025-03-19T00:16:00.552+0000] {dagbag.py:588} INFO - Filling up the DagBag from /home/airflow/.local/lib/python3.12/site-packages/airflow/example_dags/example_display_name.py
[2025-03-19T00:16:00.559+0000] {processor.py:925} INFO - DAG(s) 'example_display_name' retrieved from /home/airflow/.local/lib/python3.12/site-packages/airflow/example_dags/example_display_name.py
[2025-03-19T00:16:00.575+0000] {logging_mixin.py:190} INFO - [2025-03-19T00:16:00.575+0000] {dag.py:3239} INFO - Sync 1 DAGs
[2025-03-19T00:16:00.590+0000] {logging_mixin.py:190} INFO - [2025-03-19T00:16:00.590+0000] {dag.py:4180} INFO - Setting next_dagrun for example_display_name to None, run_after=None
[2025-03-19T00:16:00.609+0000] {processor.py:208} INFO - Processing /home/airflow/.local/lib/python3.12/site-packages/airflow/example_dags/example_display_name.py took 0.065 seconds
[2025-03-19T00:16:31.186+0000] {processor.py:186} INFO - Started process (PID=649) to work on /home/airflow/.local/lib/python3.12/site-packages/airflow/example_dags/example_display_name.py
[2025-03-19T00:16:31.187+0000] {processor.py:914} INFO - Processing file /home/airflow/.local/lib/python3.12/site-packages/airflow/example_dags/example_display_name.py for tasks to queue
[2025-03-19T00:16:31.188+0000] {logging_mixin.py:190} INFO - [2025-03-19T00:16:31.188+0000] {dagbag.py:588} INFO - Filling up the DagBag from /home/airflow/.local/lib/python3.12/site-packages/airflow/example_dags/example_display_name.py
[2025-03-19T00:16:31.194+0000] {processor.py:925} INFO - DAG(s) 'example_display_name' retrieved from /home/airflow/.local/lib/python3.12/site-packages/airflow/example_dags/example_display_name.py
[2025-03-19T00:16:31.208+0000] {logging_mixin.py:190} INFO - [2025-03-19T00:16:31.208+0000] {dag.py:3239} INFO - Sync 1 DAGs
[2025-03-19T00:16:31.220+0000] {logging_mixin.py:190} INFO - [2025-03-19T00:16:31.220+0000] {dag.py:4180} INFO - Setting next_dagrun for example_display_name to None, run_after=None
[2025-03-19T00:16:31.236+0000] {processor.py:208} INFO - Processing /home/airflow/.local/lib/python3.12/site-packages/airflow/example_dags/example_display_name.py took 0.053 seconds
[2025-03-19T00:17:01.852+0000] {processor.py:186} INFO - Started process (PID=712) to work on /home/airflow/.local/lib/python3.12/site-packages/airflow/example_dags/example_display_name.py
[2025-03-19T00:17:01.852+0000] {processor.py:914} INFO - Processing file /home/airflow/.local/lib/python3.12/site-packages/airflow/example_dags/example_display_name.py for tasks to queue
[2025-03-19T00:17:01.853+0000] {logging_mixin.py:190} INFO - [2025-03-19T00:17:01.853+0000] {dagbag.py:588} INFO - Filling up the DagBag from /home/airflow/.local/lib/python3.12/site-packages/airflow/example_dags/example_display_name.py
[2025-03-19T00:17:01.858+0000] {processor.py:925} INFO - DAG(s) 'example_display_name' retrieved from /home/airflow/.local/lib/python3.12/site-packages/airflow/example_dags/example_display_name.py
[2025-03-19T00:17:01.871+0000] {logging_mixin.py:190} INFO - [2025-03-19T00:17:01.871+0000] {dag.py:3239} INFO - Sync 1 DAGs
[2025-03-19T00:17:01.881+0000] {logging_mixin.py:190} INFO - [2025-03-19T00:17:01.881+0000] {dag.py:4180} INFO - Setting next_dagrun for example_display_name to None, run_after=None
[2025-03-19T00:17:01.895+0000] {processor.py:208} INFO - Processing /home/airflow/.local/lib/python3.12/site-packages/airflow/example_dags/example_display_name.py took 0.047 seconds
[2025-03-19T00:17:32.297+0000] {processor.py:186} INFO - Started process (PID=775) to work on /home/airflow/.local/lib/python3.12/site-packages/airflow/example_dags/example_display_name.py
[2025-03-19T00:17:32.298+0000] {processor.py:914} INFO - Processing file /home/airflow/.local/lib/python3.12/site-packages/airflow/example_dags/example_display_name.py for tasks to queue
[2025-03-19T00:17:32.299+0000] {logging_mixin.py:190} INFO - [2025-03-19T00:17:32.299+0000] {dagbag.py:588} INFO - Filling up the DagBag from /home/airflow/.local/lib/python3.12/site-packages/airflow/example_dags/example_display_name.py
[2025-03-19T00:17:32.304+0000] {processor.py:925} INFO - DAG(s) 'example_display_name' retrieved from /home/airflow/.local/lib/python3.12/site-packages/airflow/example_dags/example_display_name.py
[2025-03-19T00:17:32.317+0000] {logging_mixin.py:190} INFO - [2025-03-19T00:17:32.316+0000] {dag.py:3239} INFO - Sync 1 DAGs
[2025-03-19T00:17:32.327+0000] {logging_mixin.py:190} INFO - [2025-03-19T00:17:32.327+0000] {dag.py:4180} INFO - Setting next_dagrun for example_display_name to None, run_after=None
[2025-03-19T00:17:32.340+0000] {processor.py:208} INFO - Processing /home/airflow/.local/lib/python3.12/site-packages/airflow/example_dags/example_display_name.py took 0.046 seconds
[2025-03-19T00:18:03.371+0000] {processor.py:186} INFO - Started process (PID=838) to work on /home/airflow/.local/lib/python3.12/site-packages/airflow/example_dags/example_display_name.py
[2025-03-19T00:18:03.372+0000] {processor.py:914} INFO - Processing file /home/airflow/.local/lib/python3.12/site-packages/airflow/example_dags/example_display_name.py for tasks to queue
[2025-03-19T00:18:03.373+0000] {logging_mixin.py:190} INFO - [2025-03-19T00:18:03.373+0000] {dagbag.py:588} INFO - Filling up the DagBag from /home/airflow/.local/lib/python3.12/site-packages/airflow/example_dags/example_display_name.py
[2025-03-19T00:18:03.378+0000] {processor.py:925} INFO - DAG(s) 'example_display_name' retrieved from /home/airflow/.local/lib/python3.12/site-packages/airflow/example_dags/example_display_name.py
[2025-03-19T00:18:03.390+0000] {logging_mixin.py:190} INFO - [2025-03-19T00:18:03.390+0000] {dag.py:3239} INFO - Sync 1 DAGs
[2025-03-19T00:18:03.401+0000] {logging_mixin.py:190} INFO - [2025-03-19T00:18:03.401+0000] {dag.py:4180} INFO - Setting next_dagrun for example_display_name to None, run_after=None
[2025-03-19T00:18:03.413+0000] {processor.py:208} INFO - Processing /home/airflow/.local/lib/python3.12/site-packages/airflow/example_dags/example_display_name.py took 0.046 seconds
[2025-03-19T00:18:35.004+0000] {processor.py:186} INFO - Started process (PID=901) to work on /home/airflow/.local/lib/python3.12/site-packages/airflow/example_dags/example_display_name.py
[2025-03-19T00:18:35.004+0000] {processor.py:914} INFO - Processing file /home/airflow/.local/lib/python3.12/site-packages/airflow/example_dags/example_display_name.py for tasks to queue
[2025-03-19T00:18:35.005+0000] {logging_mixin.py:190} INFO - [2025-03-19T00:18:35.005+0000] {dagbag.py:588} INFO - Filling up the DagBag from /home/airflow/.local/lib/python3.12/site-packages/airflow/example_dags/example_display_name.py
[2025-03-19T00:18:35.010+0000] {processor.py:925} INFO - DAG(s) 'example_display_name' retrieved from /home/airflow/.local/lib/python3.12/site-packages/airflow/example_dags/example_display_name.py
[2025-03-19T00:18:35.025+0000] {logging_mixin.py:190} INFO - [2025-03-19T00:18:35.025+0000] {dag.py:3239} INFO - Sync 1 DAGs
[2025-03-19T00:18:35.035+0000] {logging_mixin.py:190} INFO - [2025-03-19T00:18:35.035+0000] {dag.py:4180} INFO - Setting next_dagrun for example_display_name to None, run_after=None
[2025-03-19T00:18:35.049+0000] {processor.py:208} INFO - Processing /home/airflow/.local/lib/python3.12/site-packages/airflow/example_dags/example_display_name.py took 0.051 seconds
[2025-03-19T00:19:05.581+0000] {processor.py:186} INFO - Started process (PID=963) to work on /home/airflow/.local/lib/python3.12/site-packages/airflow/example_dags/example_display_name.py
[2025-03-19T00:19:05.582+0000] {processor.py:914} INFO - Processing file /home/airflow/.local/lib/python3.12/site-packages/airflow/example_dags/example_display_name.py for tasks to queue
[2025-03-19T00:19:05.583+0000] {logging_mixin.py:190} INFO - [2025-03-19T00:19:05.583+0000] {dagbag.py:588} INFO - Filling up the DagBag from /home/airflow/.local/lib/python3.12/site-packages/airflow/example_dags/example_display_name.py
[2025-03-19T00:19:05.588+0000] {processor.py:925} INFO - DAG(s) 'example_display_name' retrieved from /home/airflow/.local/lib/python3.12/site-packages/airflow/example_dags/example_display_name.py
[2025-03-19T00:19:05.601+0000] {logging_mixin.py:190} INFO - [2025-03-19T00:19:05.601+0000] {dag.py:3239} INFO - Sync 1 DAGs
[2025-03-19T00:19:05.612+0000] {logging_mixin.py:190} INFO - [2025-03-19T00:19:05.612+0000] {dag.py:4180} INFO - Setting next_dagrun for example_display_name to None, run_after=None
[2025-03-19T00:19:05.626+0000] {processor.py:208} INFO - Processing /home/airflow/.local/lib/python3.12/site-packages/airflow/example_dags/example_display_name.py took 0.048 seconds
[2025-03-19T00:19:36.904+0000] {processor.py:186} INFO - Started process (PID=1026) to work on /home/airflow/.local/lib/python3.12/site-packages/airflow/example_dags/example_display_name.py
[2025-03-19T00:19:36.905+0000] {processor.py:914} INFO - Processing file /home/airflow/.local/lib/python3.12/site-packages/airflow/example_dags/example_display_name.py for tasks to queue
[2025-03-19T00:19:36.906+0000] {logging_mixin.py:190} INFO - [2025-03-19T00:19:36.906+0000] {dagbag.py:588} INFO - Filling up the DagBag from /home/airflow/.local/lib/python3.12/site-packages/airflow/example_dags/example_display_name.py
[2025-03-19T00:19:36.911+0000] {processor.py:925} INFO - DAG(s) 'example_display_name' retrieved from /home/airflow/.local/lib/python3.12/site-packages/airflow/example_dags/example_display_name.py
[2025-03-19T00:19:36.924+0000] {logging_mixin.py:190} INFO - [2025-03-19T00:19:36.924+0000] {dag.py:3239} INFO - Sync 1 DAGs
[2025-03-19T00:19:36.935+0000] {logging_mixin.py:190} INFO - [2025-03-19T00:19:36.935+0000] {dag.py:4180} INFO - Setting next_dagrun for example_display_name to None, run_after=None
[2025-03-19T00:19:36.947+0000] {processor.py:208} INFO - Processing /home/airflow/.local/lib/python3.12/site-packages/airflow/example_dags/example_display_name.py took 0.046 seconds
[2025-03-19T00:20:08.298+0000] {processor.py:186} INFO - Started process (PID=1089) to work on /home/airflow/.local/lib/python3.12/site-packages/airflow/example_dags/example_display_name.py
[2025-03-19T00:20:08.298+0000] {processor.py:914} INFO - Processing file /home/airflow/.local/lib/python3.12/site-packages/airflow/example_dags/example_display_name.py for tasks to queue
[2025-03-19T00:20:08.300+0000] {logging_mixin.py:190} INFO - [2025-03-19T00:20:08.299+0000] {dagbag.py:588} INFO - Filling up the DagBag from /home/airflow/.local/lib/python3.12/site-packages/airflow/example_dags/example_display_name.py
[2025-03-19T00:20:08.306+0000] {processor.py:925} INFO - DAG(s) 'example_display_name' retrieved from /home/airflow/.local/lib/python3.12/site-packages/airflow/example_dags/example_display_name.py
[2025-03-19T00:20:08.318+0000] {logging_mixin.py:190} INFO - [2025-03-19T00:20:08.318+0000] {dag.py:3239} INFO - Sync 1 DAGs
[2025-03-19T00:20:08.329+0000] {logging_mixin.py:190} INFO - [2025-03-19T00:20:08.329+0000] {dag.py:4180} INFO - Setting next_dagrun for example_display_name to None, run_after=None
[2025-03-19T00:20:08.344+0000] {processor.py:208} INFO - Processing /home/airflow/.local/lib/python3.12/site-packages/airflow/example_dags/example_display_name.py took 0.050 seconds
[2025-03-19T00:20:38.837+0000] {processor.py:186} INFO - Started process (PID=1152) to work on /home/airflow/.local/lib/python3.12/site-packages/airflow/example_dags/example_display_name.py
[2025-03-19T00:20:38.837+0000] {processor.py:914} INFO - Processing file /home/airflow/.local/lib/python3.12/site-packages/airflow/example_dags/example_display_name.py for tasks to queue
[2025-03-19T00:20:38.838+0000] {logging_mixin.py:190} INFO - [2025-03-19T00:20:38.838+0000] {dagbag.py:588} INFO - Filling up the DagBag from /home/airflow/.local/lib/python3.12/site-packages/airflow/example_dags/example_display_name.py
[2025-03-19T00:20:38.843+0000] {processor.py:925} INFO - DAG(s) 'example_display_name' retrieved from /home/airflow/.local/lib/python3.12/site-packages/airflow/example_dags/example_display_name.py
[2025-03-19T00:20:38.855+0000] {logging_mixin.py:190} INFO - [2025-03-19T00:20:38.855+0000] {dag.py:3239} INFO - Sync 1 DAGs
[2025-03-19T00:20:38.864+0000] {logging_mixin.py:190} INFO - [2025-03-19T00:20:38.864+0000] {dag.py:4180} INFO - Setting next_dagrun for example_display_name to None, run_after=None
[2025-03-19T00:20:38.877+0000] {processor.py:208} INFO - Processing /home/airflow/.local/lib/python3.12/site-packages/airflow/example_dags/example_display_name.py took 0.043 seconds
[2025-03-19T00:21:10.101+0000] {processor.py:186} INFO - Started process (PID=1215) to work on /home/airflow/.local/lib/python3.12/site-packages/airflow/example_dags/example_display_name.py
[2025-03-19T00:21:10.101+0000] {processor.py:914} INFO - Processing file /home/airflow/.local/lib/python3.12/site-packages/airflow/example_dags/example_display_name.py for tasks to queue
[2025-03-19T00:21:10.103+0000] {logging_mixin.py:190} INFO - [2025-03-19T00:21:10.102+0000] {dagbag.py:588} INFO - Filling up the DagBag from /home/airflow/.local/lib/python3.12/site-packages/airflow/example_dags/example_display_name.py
[2025-03-19T00:21:10.107+0000] {processor.py:925} INFO - DAG(s) 'example_display_name' retrieved from /home/airflow/.local/lib/python3.12/site-packages/airflow/example_dags/example_display_name.py
[2025-03-19T00:21:10.119+0000] {logging_mixin.py:190} INFO - [2025-03-19T00:21:10.119+0000] {dag.py:3239} INFO - Sync 1 DAGs
[2025-03-19T00:21:10.128+0000] {logging_mixin.py:190} INFO - [2025-03-19T00:21:10.128+0000] {dag.py:4180} INFO - Setting next_dagrun for example_display_name to None, run_after=None
[2025-03-19T00:21:10.139+0000] {processor.py:208} INFO - Processing /home/airflow/.local/lib/python3.12/site-packages/airflow/example_dags/example_display_name.py took 0.042 seconds
[2025-03-19T00:21:41.446+0000] {processor.py:186} INFO - Started process (PID=1278) to work on /home/airflow/.local/lib/python3.12/site-packages/airflow/example_dags/example_display_name.py
[2025-03-19T00:21:41.446+0000] {processor.py:914} INFO - Processing file /home/airflow/.local/lib/python3.12/site-packages/airflow/example_dags/example_display_name.py for tasks to queue
[2025-03-19T00:21:41.448+0000] {logging_mixin.py:190} INFO - [2025-03-19T00:21:41.447+0000] {dagbag.py:588} INFO - Filling up the DagBag from /home/airflow/.local/lib/python3.12/site-packages/airflow/example_dags/example_display_name.py
[2025-03-19T00:21:41.452+0000] {processor.py:925} INFO - DAG(s) 'example_display_name' retrieved from /home/airflow/.local/lib/python3.12/site-packages/airflow/example_dags/example_display_name.py
[2025-03-19T00:21:41.464+0000] {logging_mixin.py:190} INFO - [2025-03-19T00:21:41.464+0000] {dag.py:3239} INFO - Sync 1 DAGs
[2025-03-19T00:21:41.473+0000] {logging_mixin.py:190} INFO - [2025-03-19T00:21:41.473+0000] {dag.py:4180} INFO - Setting next_dagrun for example_display_name to None, run_after=None
[2025-03-19T00:21:41.486+0000] {processor.py:208} INFO - Processing /home/airflow/.local/lib/python3.12/site-packages/airflow/example_dags/example_display_name.py took 0.043 seconds
[2025-03-19T00:22:12.732+0000] {processor.py:186} INFO - Started process (PID=1341) to work on /home/airflow/.local/lib/python3.12/site-packages/airflow/example_dags/example_display_name.py
[2025-03-19T00:22:12.732+0000] {processor.py:914} INFO - Processing file /home/airflow/.local/lib/python3.12/site-packages/airflow/example_dags/example_display_name.py for tasks to queue
[2025-03-19T00:22:12.733+0000] {logging_mixin.py:190} INFO - [2025-03-19T00:22:12.733+0000] {dagbag.py:588} INFO - Filling up the DagBag from /home/airflow/.local/lib/python3.12/site-packages/airflow/example_dags/example_display_name.py
[2025-03-19T00:22:12.738+0000] {processor.py:925} INFO - DAG(s) 'example_display_name' retrieved from /home/airflow/.local/lib/python3.12/site-packages/airflow/example_dags/example_display_name.py
[2025-03-19T00:22:12.750+0000] {logging_mixin.py:190} INFO - [2025-03-19T00:22:12.750+0000] {dag.py:3239} INFO - Sync 1 DAGs
[2025-03-19T00:22:12.760+0000] {logging_mixin.py:190} INFO - [2025-03-19T00:22:12.760+0000] {dag.py:4180} INFO - Setting next_dagrun for example_display_name to None, run_after=None
[2025-03-19T00:22:12.772+0000] {processor.py:208} INFO - Processing /home/airflow/.local/lib/python3.12/site-packages/airflow/example_dags/example_display_name.py took 0.044 seconds
[2025-03-19T00:22:43.809+0000] {processor.py:186} INFO - Started process (PID=1403) to work on /home/airflow/.local/lib/python3.12/site-packages/airflow/example_dags/example_display_name.py
[2025-03-19T00:22:43.809+0000] {processor.py:914} INFO - Processing file /home/airflow/.local/lib/python3.12/site-packages/airflow/example_dags/example_display_name.py for tasks to queue
[2025-03-19T00:22:43.810+0000] {logging_mixin.py:190} INFO - [2025-03-19T00:22:43.810+0000] {dagbag.py:588} INFO - Filling up the DagBag from /home/airflow/.local/lib/python3.12/site-packages/airflow/example_dags/example_display_name.py
[2025-03-19T00:22:43.815+0000] {processor.py:925} INFO - DAG(s) 'example_display_name' retrieved from /home/airflow/.local/lib/python3.12/site-packages/airflow/example_dags/example_display_name.py
[2025-03-19T00:22:43.827+0000] {logging_mixin.py:190} INFO - [2025-03-19T00:22:43.827+0000] {dag.py:3239} INFO - Sync 1 DAGs
[2025-03-19T00:22:43.837+0000] {logging_mixin.py:190} INFO - [2025-03-19T00:22:43.836+0000] {dag.py:4180} INFO - Setting next_dagrun for example_display_name to None, run_after=None
[2025-03-19T00:22:43.849+0000] {processor.py:208} INFO - Processing /home/airflow/.local/lib/python3.12/site-packages/airflow/example_dags/example_display_name.py took 0.044 seconds
[2025-03-19T00:23:14.987+0000] {processor.py:186} INFO - Started process (PID=1467) to work on /home/airflow/.local/lib/python3.12/site-packages/airflow/example_dags/example_display_name.py
[2025-03-19T00:23:14.988+0000] {processor.py:914} INFO - Processing file /home/airflow/.local/lib/python3.12/site-packages/airflow/example_dags/example_display_name.py for tasks to queue
[2025-03-19T00:23:14.989+0000] {logging_mixin.py:190} INFO - [2025-03-19T00:23:14.989+0000] {dagbag.py:588} INFO - Filling up the DagBag from /home/airflow/.local/lib/python3.12/site-packages/airflow/example_dags/example_display_name.py
[2025-03-19T00:23:14.994+0000] {processor.py:925} INFO - DAG(s) 'example_display_name' retrieved from /home/airflow/.local/lib/python3.12/site-packages/airflow/example_dags/example_display_name.py
[2025-03-19T00:23:15.006+0000] {logging_mixin.py:190} INFO - [2025-03-19T00:23:15.005+0000] {dag.py:3239} INFO - Sync 1 DAGs
[2025-03-19T00:23:15.015+0000] {logging_mixin.py:190} INFO - [2025-03-19T00:23:15.015+0000] {dag.py:4180} INFO - Setting next_dagrun for example_display_name to None, run_after=None
[2025-03-19T00:23:15.027+0000] {processor.py:208} INFO - Processing /home/airflow/.local/lib/python3.12/site-packages/airflow/example_dags/example_display_name.py took 0.044 seconds
[2025-03-19T00:23:46.145+0000] {processor.py:186} INFO - Started process (PID=1530) to work on /home/airflow/.local/lib/python3.12/site-packages/airflow/example_dags/example_display_name.py
[2025-03-19T00:23:46.145+0000] {processor.py:914} INFO - Processing file /home/airflow/.local/lib/python3.12/site-packages/airflow/example_dags/example_display_name.py for tasks to queue
[2025-03-19T00:23:46.146+0000] {logging_mixin.py:190} INFO - [2025-03-19T00:23:46.146+0000] {dagbag.py:588} INFO - Filling up the DagBag from /home/airflow/.local/lib/python3.12/site-packages/airflow/example_dags/example_display_name.py
[2025-03-19T00:23:46.151+0000] {processor.py:925} INFO - DAG(s) 'example_display_name' retrieved from /home/airflow/.local/lib/python3.12/site-packages/airflow/example_dags/example_display_name.py
[2025-03-19T00:23:46.163+0000] {logging_mixin.py:190} INFO - [2025-03-19T00:23:46.163+0000] {dag.py:3239} INFO - Sync 1 DAGs
[2025-03-19T00:23:46.172+0000] {logging_mixin.py:190} INFO - [2025-03-19T00:23:46.172+0000] {dag.py:4180} INFO - Setting next_dagrun for example_display_name to None, run_after=None
[2025-03-19T00:23:46.185+0000] {processor.py:208} INFO - Processing /home/airflow/.local/lib/python3.12/site-packages/airflow/example_dags/example_display_name.py took 0.044 seconds
[2025-03-19T00:24:17.356+0000] {processor.py:186} INFO - Started process (PID=1593) to work on /home/airflow/.local/lib/python3.12/site-packages/airflow/example_dags/example_display_name.py
[2025-03-19T00:24:17.357+0000] {processor.py:914} INFO - Processing file /home/airflow/.local/lib/python3.12/site-packages/airflow/example_dags/example_display_name.py for tasks to queue
[2025-03-19T00:24:17.358+0000] {logging_mixin.py:190} INFO - [2025-03-19T00:24:17.358+0000] {dagbag.py:588} INFO - Filling up the DagBag from /home/airflow/.local/lib/python3.12/site-packages/airflow/example_dags/example_display_name.py
[2025-03-19T00:24:17.363+0000] {processor.py:925} INFO - DAG(s) 'example_display_name' retrieved from /home/airflow/.local/lib/python3.12/site-packages/airflow/example_dags/example_display_name.py
[2025-03-19T00:24:17.375+0000] {logging_mixin.py:190} INFO - [2025-03-19T00:24:17.374+0000] {dag.py:3239} INFO - Sync 1 DAGs
[2025-03-19T00:24:17.384+0000] {logging_mixin.py:190} INFO - [2025-03-19T00:24:17.384+0000] {dag.py:4180} INFO - Setting next_dagrun for example_display_name to None, run_after=None
[2025-03-19T00:24:17.396+0000] {processor.py:208} INFO - Processing /home/airflow/.local/lib/python3.12/site-packages/airflow/example_dags/example_display_name.py took 0.043 seconds
[2025-03-19T00:24:48.572+0000] {processor.py:186} INFO - Started process (PID=1656) to work on /home/airflow/.local/lib/python3.12/site-packages/airflow/example_dags/example_display_name.py
[2025-03-19T00:24:48.572+0000] {processor.py:914} INFO - Processing file /home/airflow/.local/lib/python3.12/site-packages/airflow/example_dags/example_display_name.py for tasks to queue
[2025-03-19T00:24:48.573+0000] {logging_mixin.py:190} INFO - [2025-03-19T00:24:48.573+0000] {dagbag.py:588} INFO - Filling up the DagBag from /home/airflow/.local/lib/python3.12/site-packages/airflow/example_dags/example_display_name.py
[2025-03-19T00:24:48.578+0000] {processor.py:925} INFO - DAG(s) 'example_display_name' retrieved from /home/airflow/.local/lib/python3.12/site-packages/airflow/example_dags/example_display_name.py
[2025-03-19T00:24:48.590+0000] {logging_mixin.py:190} INFO - [2025-03-19T00:24:48.590+0000] {dag.py:3239} INFO - Sync 1 DAGs
[2025-03-19T00:24:48.600+0000] {logging_mixin.py:190} INFO - [2025-03-19T00:24:48.600+0000] {dag.py:4180} INFO - Setting next_dagrun for example_display_name to None, run_after=None
[2025-03-19T00:24:48.613+0000] {processor.py:208} INFO - Processing /home/airflow/.local/lib/python3.12/site-packages/airflow/example_dags/example_display_name.py took 0.046 seconds
[2025-03-19T00:25:19.651+0000] {processor.py:186} INFO - Started process (PID=1719) to work on /home/airflow/.local/lib/python3.12/site-packages/airflow/example_dags/example_display_name.py
[2025-03-19T00:25:19.652+0000] {processor.py:914} INFO - Processing file /home/airflow/.local/lib/python3.12/site-packages/airflow/example_dags/example_display_name.py for tasks to queue
[2025-03-19T00:25:19.653+0000] {logging_mixin.py:190} INFO - [2025-03-19T00:25:19.653+0000] {dagbag.py:588} INFO - Filling up the DagBag from /home/airflow/.local/lib/python3.12/site-packages/airflow/example_dags/example_display_name.py
[2025-03-19T00:25:19.658+0000] {processor.py:925} INFO - DAG(s) 'example_display_name' retrieved from /home/airflow/.local/lib/python3.12/site-packages/airflow/example_dags/example_display_name.py
[2025-03-19T00:25:19.670+0000] {logging_mixin.py:190} INFO - [2025-03-19T00:25:19.670+0000] {dag.py:3239} INFO - Sync 1 DAGs
[2025-03-19T00:25:19.680+0000] {logging_mixin.py:190} INFO - [2025-03-19T00:25:19.680+0000] {dag.py:4180} INFO - Setting next_dagrun for example_display_name to None, run_after=None
[2025-03-19T00:25:19.693+0000] {processor.py:208} INFO - Processing /home/airflow/.local/lib/python3.12/site-packages/airflow/example_dags/example_display_name.py took 0.045 seconds
[2025-03-19T00:25:50.649+0000] {processor.py:186} INFO - Started process (PID=1782) to work on /home/airflow/.local/lib/python3.12/site-packages/airflow/example_dags/example_display_name.py
[2025-03-19T00:25:50.650+0000] {processor.py:914} INFO - Processing file /home/airflow/.local/lib/python3.12/site-packages/airflow/example_dags/example_display_name.py for tasks to queue
[2025-03-19T00:25:50.651+0000] {logging_mixin.py:190} INFO - [2025-03-19T00:25:50.651+0000] {dagbag.py:588} INFO - Filling up the DagBag from /home/airflow/.local/lib/python3.12/site-packages/airflow/example_dags/example_display_name.py
[2025-03-19T00:25:50.656+0000] {processor.py:925} INFO - DAG(s) 'example_display_name' retrieved from /home/airflow/.local/lib/python3.12/site-packages/airflow/example_dags/example_display_name.py
[2025-03-19T00:25:50.668+0000] {logging_mixin.py:190} INFO - [2025-03-19T00:25:50.668+0000] {dag.py:3239} INFO - Sync 1 DAGs
[2025-03-19T00:25:50.678+0000] {logging_mixin.py:190} INFO - [2025-03-19T00:25:50.677+0000] {dag.py:4180} INFO - Setting next_dagrun for example_display_name to None, run_after=None
[2025-03-19T00:25:50.690+0000] {processor.py:208} INFO - Processing /home/airflow/.local/lib/python3.12/site-packages/airflow/example_dags/example_display_name.py took 0.044 seconds
[2025-03-19T00:26:21.711+0000] {processor.py:186} INFO - Started process (PID=1845) to work on /home/airflow/.local/lib/python3.12/site-packages/airflow/example_dags/example_display_name.py
[2025-03-19T00:26:21.712+0000] {processor.py:914} INFO - Processing file /home/airflow/.local/lib/python3.12/site-packages/airflow/example_dags/example_display_name.py for tasks to queue
[2025-03-19T00:26:21.713+0000] {logging_mixin.py:190} INFO - [2025-03-19T00:26:21.713+0000] {dagbag.py:588} INFO - Filling up the DagBag from /home/airflow/.local/lib/python3.12/site-packages/airflow/example_dags/example_display_name.py
[2025-03-19T00:26:21.717+0000] {processor.py:925} INFO - DAG(s) 'example_display_name' retrieved from /home/airflow/.local/lib/python3.12/site-packages/airflow/example_dags/example_display_name.py
[2025-03-19T00:26:21.729+0000] {logging_mixin.py:190} INFO - [2025-03-19T00:26:21.729+0000] {dag.py:3239} INFO - Sync 1 DAGs
[2025-03-19T00:26:21.739+0000] {logging_mixin.py:190} INFO - [2025-03-19T00:26:21.739+0000] {dag.py:4180} INFO - Setting next_dagrun for example_display_name to None, run_after=None
[2025-03-19T00:26:21.751+0000] {processor.py:208} INFO - Processing /home/airflow/.local/lib/python3.12/site-packages/airflow/example_dags/example_display_name.py took 0.044 seconds
[2025-03-19T00:26:52.849+0000] {processor.py:186} INFO - Started process (PID=1908) to work on /home/airflow/.local/lib/python3.12/site-packages/airflow/example_dags/example_display_name.py
[2025-03-19T00:26:52.850+0000] {processor.py:914} INFO - Processing file /home/airflow/.local/lib/python3.12/site-packages/airflow/example_dags/example_display_name.py for tasks to queue
[2025-03-19T00:26:52.851+0000] {logging_mixin.py:190} INFO - [2025-03-19T00:26:52.851+0000] {dagbag.py:588} INFO - Filling up the DagBag from /home/airflow/.local/lib/python3.12/site-packages/airflow/example_dags/example_display_name.py
[2025-03-19T00:26:52.856+0000] {processor.py:925} INFO - DAG(s) 'example_display_name' retrieved from /home/airflow/.local/lib/python3.12/site-packages/airflow/example_dags/example_display_name.py
[2025-03-19T00:26:52.868+0000] {logging_mixin.py:190} INFO - [2025-03-19T00:26:52.868+0000] {dag.py:3239} INFO - Sync 1 DAGs
[2025-03-19T00:26:52.878+0000] {logging_mixin.py:190} INFO - [2025-03-19T00:26:52.877+0000] {dag.py:4180} INFO - Setting next_dagrun for example_display_name to None, run_after=None
[2025-03-19T00:26:52.890+0000] {processor.py:208} INFO - Processing /home/airflow/.local/lib/python3.12/site-packages/airflow/example_dags/example_display_name.py took 0.044 seconds
[2025-03-19T00:27:24.096+0000] {processor.py:186} INFO - Started process (PID=1971) to work on /home/airflow/.local/lib/python3.12/site-packages/airflow/example_dags/example_display_name.py
[2025-03-19T00:27:24.097+0000] {processor.py:914} INFO - Processing file /home/airflow/.local/lib/python3.12/site-packages/airflow/example_dags/example_display_name.py for tasks to queue
[2025-03-19T00:27:24.098+0000] {logging_mixin.py:190} INFO - [2025-03-19T00:27:24.098+0000] {dagbag.py:588} INFO - Filling up the DagBag from /home/airflow/.local/lib/python3.12/site-packages/airflow/example_dags/example_display_name.py
[2025-03-19T00:27:24.103+0000] {processor.py:925} INFO - DAG(s) 'example_display_name' retrieved from /home/airflow/.local/lib/python3.12/site-packages/airflow/example_dags/example_display_name.py
[2025-03-19T00:27:24.115+0000] {logging_mixin.py:190} INFO - [2025-03-19T00:27:24.114+0000] {dag.py:3239} INFO - Sync 1 DAGs
[2025-03-19T00:27:24.124+0000] {logging_mixin.py:190} INFO - [2025-03-19T00:27:24.124+0000] {dag.py:4180} INFO - Setting next_dagrun for example_display_name to None, run_after=None
[2025-03-19T00:27:24.136+0000] {processor.py:208} INFO - Processing /home/airflow/.local/lib/python3.12/site-packages/airflow/example_dags/example_display_name.py took 0.043 seconds
[2025-03-19T00:27:55.399+0000] {processor.py:186} INFO - Started process (PID=2040) to work on /home/airflow/.local/lib/python3.12/site-packages/airflow/example_dags/example_display_name.py
[2025-03-19T00:27:55.400+0000] {processor.py:914} INFO - Processing file /home/airflow/.local/lib/python3.12/site-packages/airflow/example_dags/example_display_name.py for tasks to queue
[2025-03-19T00:27:55.401+0000] {logging_mixin.py:190} INFO - [2025-03-19T00:27:55.401+0000] {dagbag.py:588} INFO - Filling up the DagBag from /home/airflow/.local/lib/python3.12/site-packages/airflow/example_dags/example_display_name.py
[2025-03-19T00:27:55.405+0000] {processor.py:925} INFO - DAG(s) 'example_display_name' retrieved from /home/airflow/.local/lib/python3.12/site-packages/airflow/example_dags/example_display_name.py
[2025-03-19T00:27:55.417+0000] {logging_mixin.py:190} INFO - [2025-03-19T00:27:55.417+0000] {dag.py:3239} INFO - Sync 1 DAGs
[2025-03-19T00:27:55.426+0000] {logging_mixin.py:190} INFO - [2025-03-19T00:27:55.426+0000] {dag.py:4180} INFO - Setting next_dagrun for example_display_name to None, run_after=None
[2025-03-19T00:27:55.437+0000] {processor.py:208} INFO - Processing /home/airflow/.local/lib/python3.12/site-packages/airflow/example_dags/example_display_name.py took 0.042 seconds
[2025-03-19T00:28:26.717+0000] {processor.py:186} INFO - Started process (PID=2103) to work on /home/airflow/.local/lib/python3.12/site-packages/airflow/example_dags/example_display_name.py
[2025-03-19T00:28:26.718+0000] {processor.py:914} INFO - Processing file /home/airflow/.local/lib/python3.12/site-packages/airflow/example_dags/example_display_name.py for tasks to queue
[2025-03-19T00:28:26.719+0000] {logging_mixin.py:190} INFO - [2025-03-19T00:28:26.719+0000] {dagbag.py:588} INFO - Filling up the DagBag from /home/airflow/.local/lib/python3.12/site-packages/airflow/example_dags/example_display_name.py
[2025-03-19T00:28:26.723+0000] {processor.py:925} INFO - DAG(s) 'example_display_name' retrieved from /home/airflow/.local/lib/python3.12/site-packages/airflow/example_dags/example_display_name.py
[2025-03-19T00:28:26.735+0000] {logging_mixin.py:190} INFO - [2025-03-19T00:28:26.735+0000] {dag.py:3239} INFO - Sync 1 DAGs
[2025-03-19T00:28:26.745+0000] {logging_mixin.py:190} INFO - [2025-03-19T00:28:26.745+0000] {dag.py:4180} INFO - Setting next_dagrun for example_display_name to None, run_after=None
[2025-03-19T00:28:26.757+0000] {processor.py:208} INFO - Processing /home/airflow/.local/lib/python3.12/site-packages/airflow/example_dags/example_display_name.py took 0.044 seconds
[2025-03-19T00:28:57.973+0000] {processor.py:186} INFO - Started process (PID=2165) to work on /home/airflow/.local/lib/python3.12/site-packages/airflow/example_dags/example_display_name.py
[2025-03-19T00:28:57.973+0000] {processor.py:914} INFO - Processing file /home/airflow/.local/lib/python3.12/site-packages/airflow/example_dags/example_display_name.py for tasks to queue
[2025-03-19T00:28:57.974+0000] {logging_mixin.py:190} INFO - [2025-03-19T00:28:57.974+0000] {dagbag.py:588} INFO - Filling up the DagBag from /home/airflow/.local/lib/python3.12/site-packages/airflow/example_dags/example_display_name.py
[2025-03-19T00:28:57.979+0000] {processor.py:925} INFO - DAG(s) 'example_display_name' retrieved from /home/airflow/.local/lib/python3.12/site-packages/airflow/example_dags/example_display_name.py
[2025-03-19T00:28:57.993+0000] {logging_mixin.py:190} INFO - [2025-03-19T00:28:57.992+0000] {dag.py:3239} INFO - Sync 1 DAGs
[2025-03-19T00:28:58.002+0000] {logging_mixin.py:190} INFO - [2025-03-19T00:28:58.002+0000] {dag.py:4180} INFO - Setting next_dagrun for example_display_name to None, run_after=None
[2025-03-19T00:28:58.014+0000] {processor.py:208} INFO - Processing /home/airflow/.local/lib/python3.12/site-packages/airflow/example_dags/example_display_name.py took 0.045 seconds
[2025-03-19T00:29:29.066+0000] {processor.py:186} INFO - Started process (PID=2228) to work on /home/airflow/.local/lib/python3.12/site-packages/airflow/example_dags/example_display_name.py
[2025-03-19T00:29:29.067+0000] {processor.py:914} INFO - Processing file /home/airflow/.local/lib/python3.12/site-packages/airflow/example_dags/example_display_name.py for tasks to queue
[2025-03-19T00:29:29.068+0000] {logging_mixin.py:190} INFO - [2025-03-19T00:29:29.068+0000] {dagbag.py:588} INFO - Filling up the DagBag from /home/airflow/.local/lib/python3.12/site-packages/airflow/example_dags/example_display_name.py
[2025-03-19T00:29:29.073+0000] {processor.py:925} INFO - DAG(s) 'example_display_name' retrieved from /home/airflow/.local/lib/python3.12/site-packages/airflow/example_dags/example_display_name.py
[2025-03-19T00:29:29.084+0000] {logging_mixin.py:190} INFO - [2025-03-19T00:29:29.084+0000] {dag.py:3239} INFO - Sync 1 DAGs
[2025-03-19T00:29:29.094+0000] {logging_mixin.py:190} INFO - [2025-03-19T00:29:29.094+0000] {dag.py:4180} INFO - Setting next_dagrun for example_display_name to None, run_after=None
[2025-03-19T00:29:29.107+0000] {processor.py:208} INFO - Processing /home/airflow/.local/lib/python3.12/site-packages/airflow/example_dags/example_display_name.py took 0.044 seconds
[2025-03-19T00:30:00.299+0000] {processor.py:186} INFO - Started process (PID=2291) to work on /home/airflow/.local/lib/python3.12/site-packages/airflow/example_dags/example_display_name.py
[2025-03-19T00:30:00.299+0000] {processor.py:914} INFO - Processing file /home/airflow/.local/lib/python3.12/site-packages/airflow/example_dags/example_display_name.py for tasks to queue
[2025-03-19T00:30:00.301+0000] {logging_mixin.py:190} INFO - [2025-03-19T00:30:00.300+0000] {dagbag.py:588} INFO - Filling up the DagBag from /home/airflow/.local/lib/python3.12/site-packages/airflow/example_dags/example_display_name.py
[2025-03-19T00:30:00.305+0000] {processor.py:925} INFO - DAG(s) 'example_display_name' retrieved from /home/airflow/.local/lib/python3.12/site-packages/airflow/example_dags/example_display_name.py
[2025-03-19T00:30:00.317+0000] {logging_mixin.py:190} INFO - [2025-03-19T00:30:00.317+0000] {dag.py:3239} INFO - Sync 1 DAGs
[2025-03-19T00:30:00.327+0000] {logging_mixin.py:190} INFO - [2025-03-19T00:30:00.327+0000] {dag.py:4180} INFO - Setting next_dagrun for example_display_name to None, run_after=None
[2025-03-19T00:30:00.338+0000] {processor.py:208} INFO - Processing /home/airflow/.local/lib/python3.12/site-packages/airflow/example_dags/example_display_name.py took 0.043 seconds
[2025-03-19T00:30:31.555+0000] {processor.py:186} INFO - Started process (PID=2354) to work on /home/airflow/.local/lib/python3.12/site-packages/airflow/example_dags/example_display_name.py
[2025-03-19T00:30:31.556+0000] {processor.py:914} INFO - Processing file /home/airflow/.local/lib/python3.12/site-packages/airflow/example_dags/example_display_name.py for tasks to queue
[2025-03-19T00:30:31.557+0000] {logging_mixin.py:190} INFO - [2025-03-19T00:30:31.557+0000] {dagbag.py:588} INFO - Filling up the DagBag from /home/airflow/.local/lib/python3.12/site-packages/airflow/example_dags/example_display_name.py
[2025-03-19T00:30:31.562+0000] {processor.py:925} INFO - DAG(s) 'example_display_name' retrieved from /home/airflow/.local/lib/python3.12/site-packages/airflow/example_dags/example_display_name.py
[2025-03-19T00:30:31.574+0000] {logging_mixin.py:190} INFO - [2025-03-19T00:30:31.574+0000] {dag.py:3239} INFO - Sync 1 DAGs
[2025-03-19T00:30:31.583+0000] {logging_mixin.py:190} INFO - [2025-03-19T00:30:31.583+0000] {dag.py:4180} INFO - Setting next_dagrun for example_display_name to None, run_after=None
[2025-03-19T00:30:31.597+0000] {processor.py:208} INFO - Processing /home/airflow/.local/lib/python3.12/site-packages/airflow/example_dags/example_display_name.py took 0.046 seconds
[2025-03-19T00:31:02.941+0000] {processor.py:186} INFO - Started process (PID=2417) to work on /home/airflow/.local/lib/python3.12/site-packages/airflow/example_dags/example_display_name.py
[2025-03-19T00:31:02.942+0000] {processor.py:914} INFO - Processing file /home/airflow/.local/lib/python3.12/site-packages/airflow/example_dags/example_display_name.py for tasks to queue
[2025-03-19T00:31:02.943+0000] {logging_mixin.py:190} INFO - [2025-03-19T00:31:02.943+0000] {dagbag.py:588} INFO - Filling up the DagBag from /home/airflow/.local/lib/python3.12/site-packages/airflow/example_dags/example_display_name.py
[2025-03-19T00:31:02.947+0000] {processor.py:925} INFO - DAG(s) 'example_display_name' retrieved from /home/airflow/.local/lib/python3.12/site-packages/airflow/example_dags/example_display_name.py
[2025-03-19T00:31:02.959+0000] {logging_mixin.py:190} INFO - [2025-03-19T00:31:02.959+0000] {dag.py:3239} INFO - Sync 1 DAGs
[2025-03-19T00:31:02.968+0000] {logging_mixin.py:190} INFO - [2025-03-19T00:31:02.968+0000] {dag.py:4180} INFO - Setting next_dagrun for example_display_name to None, run_after=None
[2025-03-19T00:31:02.979+0000] {processor.py:208} INFO - Processing /home/airflow/.local/lib/python3.12/site-packages/airflow/example_dags/example_display_name.py took 0.042 seconds
[2025-03-19T00:31:33.611+0000] {processor.py:186} INFO - Started process (PID=2480) to work on /home/airflow/.local/lib/python3.12/site-packages/airflow/example_dags/example_display_name.py
[2025-03-19T00:31:33.611+0000] {processor.py:914} INFO - Processing file /home/airflow/.local/lib/python3.12/site-packages/airflow/example_dags/example_display_name.py for tasks to queue
[2025-03-19T00:31:33.613+0000] {logging_mixin.py:190} INFO - [2025-03-19T00:31:33.612+0000] {dagbag.py:588} INFO - Filling up the DagBag from /home/airflow/.local/lib/python3.12/site-packages/airflow/example_dags/example_display_name.py
[2025-03-19T00:31:33.617+0000] {processor.py:925} INFO - DAG(s) 'example_display_name' retrieved from /home/airflow/.local/lib/python3.12/site-packages/airflow/example_dags/example_display_name.py
[2025-03-19T00:31:33.630+0000] {logging_mixin.py:190} INFO - [2025-03-19T00:31:33.629+0000] {dag.py:3239} INFO - Sync 1 DAGs
[2025-03-19T00:31:33.639+0000] {logging_mixin.py:190} INFO - [2025-03-19T00:31:33.639+0000] {dag.py:4180} INFO - Setting next_dagrun for example_display_name to None, run_after=None
[2025-03-19T00:31:33.651+0000] {processor.py:208} INFO - Processing /home/airflow/.local/lib/python3.12/site-packages/airflow/example_dags/example_display_name.py took 0.044 seconds
[2025-03-19T00:32:04.706+0000] {processor.py:186} INFO - Started process (PID=2544) to work on /home/airflow/.local/lib/python3.12/site-packages/airflow/example_dags/example_display_name.py
[2025-03-19T00:32:04.707+0000] {processor.py:914} INFO - Processing file /home/airflow/.local/lib/python3.12/site-packages/airflow/example_dags/example_display_name.py for tasks to queue
[2025-03-19T00:32:04.708+0000] {logging_mixin.py:190} INFO - [2025-03-19T00:32:04.707+0000] {dagbag.py:588} INFO - Filling up the DagBag from /home/airflow/.local/lib/python3.12/site-packages/airflow/example_dags/example_display_name.py
[2025-03-19T00:32:04.713+0000] {processor.py:925} INFO - DAG(s) 'example_display_name' retrieved from /home/airflow/.local/lib/python3.12/site-packages/airflow/example_dags/example_display_name.py
[2025-03-19T00:32:04.726+0000] {logging_mixin.py:190} INFO - [2025-03-19T00:32:04.726+0000] {dag.py:3239} INFO - Sync 1 DAGs
[2025-03-19T00:32:04.737+0000] {logging_mixin.py:190} INFO - [2025-03-19T00:32:04.736+0000] {dag.py:4180} INFO - Setting next_dagrun for example_display_name to None, run_after=None
[2025-03-19T00:32:04.749+0000] {processor.py:208} INFO - Processing /home/airflow/.local/lib/python3.12/site-packages/airflow/example_dags/example_display_name.py took 0.046 seconds
[2025-03-19T00:32:35.894+0000] {processor.py:186} INFO - Started process (PID=2606) to work on /home/airflow/.local/lib/python3.12/site-packages/airflow/example_dags/example_display_name.py
[2025-03-19T00:32:35.895+0000] {processor.py:914} INFO - Processing file /home/airflow/.local/lib/python3.12/site-packages/airflow/example_dags/example_display_name.py for tasks to queue
[2025-03-19T00:32:35.896+0000] {logging_mixin.py:190} INFO - [2025-03-19T00:32:35.896+0000] {dagbag.py:588} INFO - Filling up the DagBag from /home/airflow/.local/lib/python3.12/site-packages/airflow/example_dags/example_display_name.py
[2025-03-19T00:32:35.902+0000] {processor.py:925} INFO - DAG(s) 'example_display_name' retrieved from /home/airflow/.local/lib/python3.12/site-packages/airflow/example_dags/example_display_name.py
[2025-03-19T00:32:35.916+0000] {logging_mixin.py:190} INFO - [2025-03-19T00:32:35.916+0000] {dag.py:3239} INFO - Sync 1 DAGs
[2025-03-19T00:32:35.929+0000] {logging_mixin.py:190} INFO - [2025-03-19T00:32:35.929+0000] {dag.py:4180} INFO - Setting next_dagrun for example_display_name to None, run_after=None
[2025-03-19T00:32:35.943+0000] {processor.py:208} INFO - Processing /home/airflow/.local/lib/python3.12/site-packages/airflow/example_dags/example_display_name.py took 0.052 seconds
[2025-03-19T00:33:06.849+0000] {processor.py:186} INFO - Started process (PID=2670) to work on /home/airflow/.local/lib/python3.12/site-packages/airflow/example_dags/example_display_name.py
[2025-03-19T00:33:06.850+0000] {processor.py:914} INFO - Processing file /home/airflow/.local/lib/python3.12/site-packages/airflow/example_dags/example_display_name.py for tasks to queue
[2025-03-19T00:33:06.851+0000] {logging_mixin.py:190} INFO - [2025-03-19T00:33:06.851+0000] {dagbag.py:588} INFO - Filling up the DagBag from /home/airflow/.local/lib/python3.12/site-packages/airflow/example_dags/example_display_name.py
[2025-03-19T00:33:06.858+0000] {processor.py:925} INFO - DAG(s) 'example_display_name' retrieved from /home/airflow/.local/lib/python3.12/site-packages/airflow/example_dags/example_display_name.py
[2025-03-19T00:33:06.872+0000] {logging_mixin.py:190} INFO - [2025-03-19T00:33:06.872+0000] {dag.py:3239} INFO - Sync 1 DAGs
[2025-03-19T00:33:06.885+0000] {logging_mixin.py:190} INFO - [2025-03-19T00:33:06.884+0000] {dag.py:4180} INFO - Setting next_dagrun for example_display_name to None, run_after=None
[2025-03-19T00:33:06.900+0000] {processor.py:208} INFO - Processing /home/airflow/.local/lib/python3.12/site-packages/airflow/example_dags/example_display_name.py took 0.055 seconds
[2025-03-19T00:33:37.350+0000] {processor.py:186} INFO - Started process (PID=2732) to work on /home/airflow/.local/lib/python3.12/site-packages/airflow/example_dags/example_display_name.py
[2025-03-19T00:33:37.350+0000] {processor.py:914} INFO - Processing file /home/airflow/.local/lib/python3.12/site-packages/airflow/example_dags/example_display_name.py for tasks to queue
[2025-03-19T00:33:37.352+0000] {logging_mixin.py:190} INFO - [2025-03-19T00:33:37.351+0000] {dagbag.py:588} INFO - Filling up the DagBag from /home/airflow/.local/lib/python3.12/site-packages/airflow/example_dags/example_display_name.py
[2025-03-19T00:33:37.356+0000] {processor.py:925} INFO - DAG(s) 'example_display_name' retrieved from /home/airflow/.local/lib/python3.12/site-packages/airflow/example_dags/example_display_name.py
[2025-03-19T00:33:37.369+0000] {logging_mixin.py:190} INFO - [2025-03-19T00:33:37.369+0000] {dag.py:3239} INFO - Sync 1 DAGs
[2025-03-19T00:33:37.379+0000] {logging_mixin.py:190} INFO - [2025-03-19T00:33:37.379+0000] {dag.py:4180} INFO - Setting next_dagrun for example_display_name to None, run_after=None
[2025-03-19T00:33:37.391+0000] {processor.py:208} INFO - Processing /home/airflow/.local/lib/python3.12/site-packages/airflow/example_dags/example_display_name.py took 0.045 seconds
[2025-03-19T00:34:08.119+0000] {processor.py:186} INFO - Started process (PID=2795) to work on /home/airflow/.local/lib/python3.12/site-packages/airflow/example_dags/example_display_name.py
[2025-03-19T00:34:08.120+0000] {processor.py:914} INFO - Processing file /home/airflow/.local/lib/python3.12/site-packages/airflow/example_dags/example_display_name.py for tasks to queue
[2025-03-19T00:34:08.121+0000] {logging_mixin.py:190} INFO - [2025-03-19T00:34:08.121+0000] {dagbag.py:588} INFO - Filling up the DagBag from /home/airflow/.local/lib/python3.12/site-packages/airflow/example_dags/example_display_name.py
[2025-03-19T00:34:08.126+0000] {processor.py:925} INFO - DAG(s) 'example_display_name' retrieved from /home/airflow/.local/lib/python3.12/site-packages/airflow/example_dags/example_display_name.py
[2025-03-19T00:34:08.140+0000] {logging_mixin.py:190} INFO - [2025-03-19T00:34:08.140+0000] {dag.py:3239} INFO - Sync 1 DAGs
[2025-03-19T00:34:08.151+0000] {logging_mixin.py:190} INFO - [2025-03-19T00:34:08.150+0000] {dag.py:4180} INFO - Setting next_dagrun for example_display_name to None, run_after=None
[2025-03-19T00:34:08.164+0000] {processor.py:208} INFO - Processing /home/airflow/.local/lib/python3.12/site-packages/airflow/example_dags/example_display_name.py took 0.049 seconds
[2025-03-19T00:34:38.902+0000] {processor.py:186} INFO - Started process (PID=2858) to work on /home/airflow/.local/lib/python3.12/site-packages/airflow/example_dags/example_display_name.py
[2025-03-19T00:34:38.903+0000] {processor.py:914} INFO - Processing file /home/airflow/.local/lib/python3.12/site-packages/airflow/example_dags/example_display_name.py for tasks to queue
[2025-03-19T00:34:38.904+0000] {logging_mixin.py:190} INFO - [2025-03-19T00:34:38.904+0000] {dagbag.py:588} INFO - Filling up the DagBag from /home/airflow/.local/lib/python3.12/site-packages/airflow/example_dags/example_display_name.py
[2025-03-19T00:34:38.911+0000] {processor.py:925} INFO - DAG(s) 'example_display_name' retrieved from /home/airflow/.local/lib/python3.12/site-packages/airflow/example_dags/example_display_name.py
[2025-03-19T00:34:38.924+0000] {logging_mixin.py:190} INFO - [2025-03-19T00:34:38.924+0000] {dag.py:3239} INFO - Sync 1 DAGs
[2025-03-19T00:34:38.935+0000] {logging_mixin.py:190} INFO - [2025-03-19T00:34:38.935+0000] {dag.py:4180} INFO - Setting next_dagrun for example_display_name to None, run_after=None
[2025-03-19T00:34:38.949+0000] {processor.py:208} INFO - Processing /home/airflow/.local/lib/python3.12/site-packages/airflow/example_dags/example_display_name.py took 0.051 seconds
[2025-03-19T00:35:09.491+0000] {processor.py:186} INFO - Started process (PID=2922) to work on /home/airflow/.local/lib/python3.12/site-packages/airflow/example_dags/example_display_name.py
[2025-03-19T00:35:09.491+0000] {processor.py:914} INFO - Processing file /home/airflow/.local/lib/python3.12/site-packages/airflow/example_dags/example_display_name.py for tasks to queue
[2025-03-19T00:35:09.493+0000] {logging_mixin.py:190} INFO - [2025-03-19T00:35:09.492+0000] {dagbag.py:588} INFO - Filling up the DagBag from /home/airflow/.local/lib/python3.12/site-packages/airflow/example_dags/example_display_name.py
[2025-03-19T00:35:09.498+0000] {processor.py:925} INFO - DAG(s) 'example_display_name' retrieved from /home/airflow/.local/lib/python3.12/site-packages/airflow/example_dags/example_display_name.py
[2025-03-19T00:35:09.509+0000] {logging_mixin.py:190} INFO - [2025-03-19T00:35:09.509+0000] {dag.py:3239} INFO - Sync 1 DAGs
[2025-03-19T00:35:09.520+0000] {logging_mixin.py:190} INFO - [2025-03-19T00:35:09.519+0000] {dag.py:4180} INFO - Setting next_dagrun for example_display_name to None, run_after=None
[2025-03-19T00:35:09.532+0000] {processor.py:208} INFO - Processing /home/airflow/.local/lib/python3.12/site-packages/airflow/example_dags/example_display_name.py took 0.045 seconds
[2025-03-19T00:35:40.076+0000] {processor.py:186} INFO - Started process (PID=2985) to work on /home/airflow/.local/lib/python3.12/site-packages/airflow/example_dags/example_display_name.py
[2025-03-19T00:35:40.077+0000] {processor.py:914} INFO - Processing file /home/airflow/.local/lib/python3.12/site-packages/airflow/example_dags/example_display_name.py for tasks to queue
[2025-03-19T00:35:40.078+0000] {logging_mixin.py:190} INFO - [2025-03-19T00:35:40.078+0000] {dagbag.py:588} INFO - Filling up the DagBag from /home/airflow/.local/lib/python3.12/site-packages/airflow/example_dags/example_display_name.py
[2025-03-19T00:35:40.083+0000] {processor.py:925} INFO - DAG(s) 'example_display_name' retrieved from /home/airflow/.local/lib/python3.12/site-packages/airflow/example_dags/example_display_name.py
[2025-03-19T00:35:40.096+0000] {logging_mixin.py:190} INFO - [2025-03-19T00:35:40.096+0000] {dag.py:3239} INFO - Sync 1 DAGs
[2025-03-19T00:35:40.106+0000] {logging_mixin.py:190} INFO - [2025-03-19T00:35:40.106+0000] {dag.py:4180} INFO - Setting next_dagrun for example_display_name to None, run_after=None
[2025-03-19T00:35:40.118+0000] {processor.py:208} INFO - Processing /home/airflow/.local/lib/python3.12/site-packages/airflow/example_dags/example_display_name.py took 0.046 seconds
[2025-03-19T00:36:10.571+0000] {processor.py:186} INFO - Started process (PID=3048) to work on /home/airflow/.local/lib/python3.12/site-packages/airflow/example_dags/example_display_name.py
[2025-03-19T00:36:10.571+0000] {processor.py:914} INFO - Processing file /home/airflow/.local/lib/python3.12/site-packages/airflow/example_dags/example_display_name.py for tasks to queue
[2025-03-19T00:36:10.573+0000] {logging_mixin.py:190} INFO - [2025-03-19T00:36:10.572+0000] {dagbag.py:588} INFO - Filling up the DagBag from /home/airflow/.local/lib/python3.12/site-packages/airflow/example_dags/example_display_name.py
[2025-03-19T00:36:10.577+0000] {processor.py:925} INFO - DAG(s) 'example_display_name' retrieved from /home/airflow/.local/lib/python3.12/site-packages/airflow/example_dags/example_display_name.py
[2025-03-19T00:36:10.592+0000] {logging_mixin.py:190} INFO - [2025-03-19T00:36:10.592+0000] {dag.py:3239} INFO - Sync 1 DAGs
[2025-03-19T00:36:10.608+0000] {logging_mixin.py:190} INFO - [2025-03-19T00:36:10.607+0000] {dag.py:4180} INFO - Setting next_dagrun for example_display_name to None, run_after=None
[2025-03-19T00:36:10.621+0000] {processor.py:208} INFO - Processing /home/airflow/.local/lib/python3.12/site-packages/airflow/example_dags/example_display_name.py took 0.054 seconds
[2025-03-19T00:36:41.729+0000] {processor.py:186} INFO - Started process (PID=3111) to work on /home/airflow/.local/lib/python3.12/site-packages/airflow/example_dags/example_display_name.py
[2025-03-19T00:36:41.729+0000] {processor.py:914} INFO - Processing file /home/airflow/.local/lib/python3.12/site-packages/airflow/example_dags/example_display_name.py for tasks to queue
[2025-03-19T00:36:41.730+0000] {logging_mixin.py:190} INFO - [2025-03-19T00:36:41.730+0000] {dagbag.py:588} INFO - Filling up the DagBag from /home/airflow/.local/lib/python3.12/site-packages/airflow/example_dags/example_display_name.py
[2025-03-19T00:36:41.737+0000] {processor.py:925} INFO - DAG(s) 'example_display_name' retrieved from /home/airflow/.local/lib/python3.12/site-packages/airflow/example_dags/example_display_name.py
[2025-03-19T00:36:41.749+0000] {logging_mixin.py:190} INFO - [2025-03-19T00:36:41.749+0000] {dag.py:3239} INFO - Sync 1 DAGs
[2025-03-19T00:36:41.760+0000] {logging_mixin.py:190} INFO - [2025-03-19T00:36:41.759+0000] {dag.py:4180} INFO - Setting next_dagrun for example_display_name to None, run_after=None
[2025-03-19T00:36:41.773+0000] {processor.py:208} INFO - Processing /home/airflow/.local/lib/python3.12/site-packages/airflow/example_dags/example_display_name.py took 0.048 seconds
[2025-03-19T00:37:12.509+0000] {processor.py:186} INFO - Started process (PID=3177) to work on /home/airflow/.local/lib/python3.12/site-packages/airflow/example_dags/example_display_name.py
[2025-03-19T00:37:12.510+0000] {processor.py:914} INFO - Processing file /home/airflow/.local/lib/python3.12/site-packages/airflow/example_dags/example_display_name.py for tasks to queue
[2025-03-19T00:37:12.512+0000] {logging_mixin.py:190} INFO - [2025-03-19T00:37:12.511+0000] {dagbag.py:588} INFO - Filling up the DagBag from /home/airflow/.local/lib/python3.12/site-packages/airflow/example_dags/example_display_name.py
[2025-03-19T00:37:12.516+0000] {processor.py:925} INFO - DAG(s) 'example_display_name' retrieved from /home/airflow/.local/lib/python3.12/site-packages/airflow/example_dags/example_display_name.py
[2025-03-19T00:37:12.530+0000] {logging_mixin.py:190} INFO - [2025-03-19T00:37:12.530+0000] {dag.py:3239} INFO - Sync 1 DAGs
[2025-03-19T00:37:12.541+0000] {logging_mixin.py:190} INFO - [2025-03-19T00:37:12.541+0000] {dag.py:4180} INFO - Setting next_dagrun for example_display_name to None, run_after=None
[2025-03-19T00:37:12.555+0000] {processor.py:208} INFO - Processing /home/airflow/.local/lib/python3.12/site-packages/airflow/example_dags/example_display_name.py took 0.051 seconds
[2025-03-19T00:37:43.362+0000] {processor.py:186} INFO - Started process (PID=3241) to work on /home/airflow/.local/lib/python3.12/site-packages/airflow/example_dags/example_display_name.py
[2025-03-19T00:37:43.362+0000] {processor.py:914} INFO - Processing file /home/airflow/.local/lib/python3.12/site-packages/airflow/example_dags/example_display_name.py for tasks to queue
[2025-03-19T00:37:43.363+0000] {logging_mixin.py:190} INFO - [2025-03-19T00:37:43.363+0000] {dagbag.py:588} INFO - Filling up the DagBag from /home/airflow/.local/lib/python3.12/site-packages/airflow/example_dags/example_display_name.py
[2025-03-19T00:37:43.368+0000] {processor.py:925} INFO - DAG(s) 'example_display_name' retrieved from /home/airflow/.local/lib/python3.12/site-packages/airflow/example_dags/example_display_name.py
[2025-03-19T00:37:43.380+0000] {logging_mixin.py:190} INFO - [2025-03-19T00:37:43.380+0000] {dag.py:3239} INFO - Sync 1 DAGs
[2025-03-19T00:37:43.390+0000] {logging_mixin.py:190} INFO - [2025-03-19T00:37:43.390+0000] {dag.py:4180} INFO - Setting next_dagrun for example_display_name to None, run_after=None
[2025-03-19T00:37:43.403+0000] {processor.py:208} INFO - Processing /home/airflow/.local/lib/python3.12/site-packages/airflow/example_dags/example_display_name.py took 0.045 seconds
[2025-03-19T00:38:14.488+0000] {processor.py:186} INFO - Started process (PID=3305) to work on /home/airflow/.local/lib/python3.12/site-packages/airflow/example_dags/example_display_name.py
[2025-03-19T00:38:14.489+0000] {processor.py:914} INFO - Processing file /home/airflow/.local/lib/python3.12/site-packages/airflow/example_dags/example_display_name.py for tasks to queue
[2025-03-19T00:38:14.490+0000] {logging_mixin.py:190} INFO - [2025-03-19T00:38:14.490+0000] {dagbag.py:588} INFO - Filling up the DagBag from /home/airflow/.local/lib/python3.12/site-packages/airflow/example_dags/example_display_name.py
[2025-03-19T00:38:14.495+0000] {processor.py:925} INFO - DAG(s) 'example_display_name' retrieved from /home/airflow/.local/lib/python3.12/site-packages/airflow/example_dags/example_display_name.py
[2025-03-19T00:38:14.508+0000] {logging_mixin.py:190} INFO - [2025-03-19T00:38:14.508+0000] {dag.py:3239} INFO - Sync 1 DAGs
[2025-03-19T00:38:14.518+0000] {logging_mixin.py:190} INFO - [2025-03-19T00:38:14.518+0000] {dag.py:4180} INFO - Setting next_dagrun for example_display_name to None, run_after=None
[2025-03-19T00:38:14.530+0000] {processor.py:208} INFO - Processing /home/airflow/.local/lib/python3.12/site-packages/airflow/example_dags/example_display_name.py took 0.045 seconds
[2025-03-19T00:38:45.702+0000] {processor.py:186} INFO - Started process (PID=3369) to work on /home/airflow/.local/lib/python3.12/site-packages/airflow/example_dags/example_display_name.py
[2025-03-19T00:38:45.703+0000] {processor.py:914} INFO - Processing file /home/airflow/.local/lib/python3.12/site-packages/airflow/example_dags/example_display_name.py for tasks to queue
[2025-03-19T00:38:45.704+0000] {logging_mixin.py:190} INFO - [2025-03-19T00:38:45.704+0000] {dagbag.py:588} INFO - Filling up the DagBag from /home/airflow/.local/lib/python3.12/site-packages/airflow/example_dags/example_display_name.py
[2025-03-19T00:38:45.709+0000] {processor.py:925} INFO - DAG(s) 'example_display_name' retrieved from /home/airflow/.local/lib/python3.12/site-packages/airflow/example_dags/example_display_name.py
[2025-03-19T00:38:45.720+0000] {logging_mixin.py:190} INFO - [2025-03-19T00:38:45.720+0000] {dag.py:3239} INFO - Sync 1 DAGs
[2025-03-19T00:38:45.730+0000] {logging_mixin.py:190} INFO - [2025-03-19T00:38:45.730+0000] {dag.py:4180} INFO - Setting next_dagrun for example_display_name to None, run_after=None
[2025-03-19T00:38:45.741+0000] {processor.py:208} INFO - Processing /home/airflow/.local/lib/python3.12/site-packages/airflow/example_dags/example_display_name.py took 0.042 seconds
[2025-03-19T00:39:16.425+0000] {processor.py:186} INFO - Started process (PID=3433) to work on /home/airflow/.local/lib/python3.12/site-packages/airflow/example_dags/example_display_name.py
[2025-03-19T00:39:16.425+0000] {processor.py:914} INFO - Processing file /home/airflow/.local/lib/python3.12/site-packages/airflow/example_dags/example_display_name.py for tasks to queue
[2025-03-19T00:39:16.426+0000] {logging_mixin.py:190} INFO - [2025-03-19T00:39:16.426+0000] {dagbag.py:588} INFO - Filling up the DagBag from /home/airflow/.local/lib/python3.12/site-packages/airflow/example_dags/example_display_name.py
[2025-03-19T00:39:16.431+0000] {processor.py:925} INFO - DAG(s) 'example_display_name' retrieved from /home/airflow/.local/lib/python3.12/site-packages/airflow/example_dags/example_display_name.py
[2025-03-19T00:39:16.444+0000] {logging_mixin.py:190} INFO - [2025-03-19T00:39:16.444+0000] {dag.py:3239} INFO - Sync 1 DAGs
[2025-03-19T00:39:16.455+0000] {logging_mixin.py:190} INFO - [2025-03-19T00:39:16.455+0000] {dag.py:4180} INFO - Setting next_dagrun for example_display_name to None, run_after=None
[2025-03-19T00:39:16.469+0000] {processor.py:208} INFO - Processing /home/airflow/.local/lib/python3.12/site-packages/airflow/example_dags/example_display_name.py took 0.048 seconds
[2025-03-19T00:39:47.569+0000] {processor.py:186} INFO - Started process (PID=3497) to work on /home/airflow/.local/lib/python3.12/site-packages/airflow/example_dags/example_display_name.py
[2025-03-19T00:39:47.570+0000] {processor.py:914} INFO - Processing file /home/airflow/.local/lib/python3.12/site-packages/airflow/example_dags/example_display_name.py for tasks to queue
[2025-03-19T00:39:47.571+0000] {logging_mixin.py:190} INFO - [2025-03-19T00:39:47.571+0000] {dagbag.py:588} INFO - Filling up the DagBag from /home/airflow/.local/lib/python3.12/site-packages/airflow/example_dags/example_display_name.py
[2025-03-19T00:39:47.577+0000] {processor.py:925} INFO - DAG(s) 'example_display_name' retrieved from /home/airflow/.local/lib/python3.12/site-packages/airflow/example_dags/example_display_name.py
[2025-03-19T00:39:47.589+0000] {logging_mixin.py:190} INFO - [2025-03-19T00:39:47.589+0000] {dag.py:3239} INFO - Sync 1 DAGs
[2025-03-19T00:39:47.601+0000] {logging_mixin.py:190} INFO - [2025-03-19T00:39:47.600+0000] {dag.py:4180} INFO - Setting next_dagrun for example_display_name to None, run_after=None
[2025-03-19T00:39:47.614+0000] {processor.py:208} INFO - Processing /home/airflow/.local/lib/python3.12/site-packages/airflow/example_dags/example_display_name.py took 0.049 seconds
[2025-03-19T00:40:18.765+0000] {processor.py:186} INFO - Started process (PID=3561) to work on /home/airflow/.local/lib/python3.12/site-packages/airflow/example_dags/example_display_name.py
[2025-03-19T00:40:18.765+0000] {processor.py:914} INFO - Processing file /home/airflow/.local/lib/python3.12/site-packages/airflow/example_dags/example_display_name.py for tasks to queue
[2025-03-19T00:40:18.767+0000] {logging_mixin.py:190} INFO - [2025-03-19T00:40:18.767+0000] {dagbag.py:588} INFO - Filling up the DagBag from /home/airflow/.local/lib/python3.12/site-packages/airflow/example_dags/example_display_name.py
[2025-03-19T00:40:18.771+0000] {processor.py:925} INFO - DAG(s) 'example_display_name' retrieved from /home/airflow/.local/lib/python3.12/site-packages/airflow/example_dags/example_display_name.py
[2025-03-19T00:40:18.784+0000] {logging_mixin.py:190} INFO - [2025-03-19T00:40:18.783+0000] {dag.py:3239} INFO - Sync 1 DAGs
[2025-03-19T00:40:18.793+0000] {logging_mixin.py:190} INFO - [2025-03-19T00:40:18.793+0000] {dag.py:4180} INFO - Setting next_dagrun for example_display_name to None, run_after=None
[2025-03-19T00:40:18.806+0000] {processor.py:208} INFO - Processing /home/airflow/.local/lib/python3.12/site-packages/airflow/example_dags/example_display_name.py took 0.044 seconds
[2025-03-19T00:41:17.522+0000] {processor.py:186} INFO - Started process (PID=84) to work on /home/airflow/.local/lib/python3.12/site-packages/airflow/example_dags/example_display_name.py
[2025-03-19T00:41:17.522+0000] {processor.py:914} INFO - Processing file /home/airflow/.local/lib/python3.12/site-packages/airflow/example_dags/example_display_name.py for tasks to queue
[2025-03-19T00:41:17.524+0000] {logging_mixin.py:190} INFO - [2025-03-19T00:41:17.524+0000] {dagbag.py:588} INFO - Filling up the DagBag from /home/airflow/.local/lib/python3.12/site-packages/airflow/example_dags/example_display_name.py
[2025-03-19T00:41:17.529+0000] {processor.py:925} INFO - DAG(s) 'example_display_name' retrieved from /home/airflow/.local/lib/python3.12/site-packages/airflow/example_dags/example_display_name.py
[2025-03-19T00:41:17.544+0000] {logging_mixin.py:190} INFO - [2025-03-19T00:41:17.544+0000] {dag.py:3239} INFO - Sync 1 DAGs
[2025-03-19T00:41:17.558+0000] {logging_mixin.py:190} INFO - [2025-03-19T00:41:17.558+0000] {dag.py:4180} INFO - Setting next_dagrun for example_display_name to None, run_after=None
[2025-03-19T00:41:17.573+0000] {processor.py:208} INFO - Processing /home/airflow/.local/lib/python3.12/site-packages/airflow/example_dags/example_display_name.py took 0.055 seconds
[2025-03-19T00:41:48.111+0000] {processor.py:186} INFO - Started process (PID=148) to work on /home/airflow/.local/lib/python3.12/site-packages/airflow/example_dags/example_display_name.py
[2025-03-19T00:41:48.112+0000] {processor.py:914} INFO - Processing file /home/airflow/.local/lib/python3.12/site-packages/airflow/example_dags/example_display_name.py for tasks to queue
[2025-03-19T00:41:48.113+0000] {logging_mixin.py:190} INFO - [2025-03-19T00:41:48.113+0000] {dagbag.py:588} INFO - Filling up the DagBag from /home/airflow/.local/lib/python3.12/site-packages/airflow/example_dags/example_display_name.py
[2025-03-19T00:41:48.118+0000] {processor.py:925} INFO - DAG(s) 'example_display_name' retrieved from /home/airflow/.local/lib/python3.12/site-packages/airflow/example_dags/example_display_name.py
[2025-03-19T00:41:48.130+0000] {logging_mixin.py:190} INFO - [2025-03-19T00:41:48.130+0000] {dag.py:3239} INFO - Sync 1 DAGs
[2025-03-19T00:41:48.140+0000] {logging_mixin.py:190} INFO - [2025-03-19T00:41:48.140+0000] {dag.py:4180} INFO - Setting next_dagrun for example_display_name to None, run_after=None
[2025-03-19T00:41:48.152+0000] {processor.py:208} INFO - Processing /home/airflow/.local/lib/python3.12/site-packages/airflow/example_dags/example_display_name.py took 0.045 seconds
[2025-03-19T00:42:19.452+0000] {processor.py:186} INFO - Started process (PID=212) to work on /home/airflow/.local/lib/python3.12/site-packages/airflow/example_dags/example_display_name.py
[2025-03-19T00:42:19.453+0000] {processor.py:914} INFO - Processing file /home/airflow/.local/lib/python3.12/site-packages/airflow/example_dags/example_display_name.py for tasks to queue
[2025-03-19T00:42:19.454+0000] {logging_mixin.py:190} INFO - [2025-03-19T00:42:19.454+0000] {dagbag.py:588} INFO - Filling up the DagBag from /home/airflow/.local/lib/python3.12/site-packages/airflow/example_dags/example_display_name.py
[2025-03-19T00:42:19.459+0000] {processor.py:925} INFO - DAG(s) 'example_display_name' retrieved from /home/airflow/.local/lib/python3.12/site-packages/airflow/example_dags/example_display_name.py
[2025-03-19T00:42:19.471+0000] {logging_mixin.py:190} INFO - [2025-03-19T00:42:19.471+0000] {dag.py:3239} INFO - Sync 1 DAGs
[2025-03-19T00:42:19.481+0000] {logging_mixin.py:190} INFO - [2025-03-19T00:42:19.481+0000] {dag.py:4180} INFO - Setting next_dagrun for example_display_name to None, run_after=None
[2025-03-19T00:42:19.493+0000] {processor.py:208} INFO - Processing /home/airflow/.local/lib/python3.12/site-packages/airflow/example_dags/example_display_name.py took 0.044 seconds
[2025-03-19T00:42:50.861+0000] {processor.py:186} INFO - Started process (PID=276) to work on /home/airflow/.local/lib/python3.12/site-packages/airflow/example_dags/example_display_name.py
[2025-03-19T00:42:50.862+0000] {processor.py:914} INFO - Processing file /home/airflow/.local/lib/python3.12/site-packages/airflow/example_dags/example_display_name.py for tasks to queue
[2025-03-19T00:42:50.863+0000] {logging_mixin.py:190} INFO - [2025-03-19T00:42:50.863+0000] {dagbag.py:588} INFO - Filling up the DagBag from /home/airflow/.local/lib/python3.12/site-packages/airflow/example_dags/example_display_name.py
[2025-03-19T00:42:50.867+0000] {processor.py:925} INFO - DAG(s) 'example_display_name' retrieved from /home/airflow/.local/lib/python3.12/site-packages/airflow/example_dags/example_display_name.py
[2025-03-19T00:42:50.879+0000] {logging_mixin.py:190} INFO - [2025-03-19T00:42:50.879+0000] {dag.py:3239} INFO - Sync 1 DAGs
[2025-03-19T00:42:50.888+0000] {logging_mixin.py:190} INFO - [2025-03-19T00:42:50.888+0000] {dag.py:4180} INFO - Setting next_dagrun for example_display_name to None, run_after=None
[2025-03-19T00:42:50.899+0000] {processor.py:208} INFO - Processing /home/airflow/.local/lib/python3.12/site-packages/airflow/example_dags/example_display_name.py took 0.042 seconds
[2025-03-19T00:43:21.588+0000] {processor.py:186} INFO - Started process (PID=340) to work on /home/airflow/.local/lib/python3.12/site-packages/airflow/example_dags/example_display_name.py
[2025-03-19T00:43:21.588+0000] {processor.py:914} INFO - Processing file /home/airflow/.local/lib/python3.12/site-packages/airflow/example_dags/example_display_name.py for tasks to queue
[2025-03-19T00:43:21.590+0000] {logging_mixin.py:190} INFO - [2025-03-19T00:43:21.589+0000] {dagbag.py:588} INFO - Filling up the DagBag from /home/airflow/.local/lib/python3.12/site-packages/airflow/example_dags/example_display_name.py
[2025-03-19T00:43:21.594+0000] {processor.py:925} INFO - DAG(s) 'example_display_name' retrieved from /home/airflow/.local/lib/python3.12/site-packages/airflow/example_dags/example_display_name.py
[2025-03-19T00:43:21.607+0000] {logging_mixin.py:190} INFO - [2025-03-19T00:43:21.606+0000] {dag.py:3239} INFO - Sync 1 DAGs
[2025-03-19T00:43:21.616+0000] {logging_mixin.py:190} INFO - [2025-03-19T00:43:21.616+0000] {dag.py:4180} INFO - Setting next_dagrun for example_display_name to None, run_after=None
[2025-03-19T00:43:21.630+0000] {processor.py:208} INFO - Processing /home/airflow/.local/lib/python3.12/site-packages/airflow/example_dags/example_display_name.py took 0.045 seconds
[2025-03-19T00:43:51.986+0000] {processor.py:186} INFO - Started process (PID=404) to work on /home/airflow/.local/lib/python3.12/site-packages/airflow/example_dags/example_display_name.py
[2025-03-19T00:43:51.987+0000] {processor.py:914} INFO - Processing file /home/airflow/.local/lib/python3.12/site-packages/airflow/example_dags/example_display_name.py for tasks to queue
[2025-03-19T00:43:51.988+0000] {logging_mixin.py:190} INFO - [2025-03-19T00:43:51.988+0000] {dagbag.py:588} INFO - Filling up the DagBag from /home/airflow/.local/lib/python3.12/site-packages/airflow/example_dags/example_display_name.py
[2025-03-19T00:43:51.993+0000] {processor.py:925} INFO - DAG(s) 'example_display_name' retrieved from /home/airflow/.local/lib/python3.12/site-packages/airflow/example_dags/example_display_name.py
[2025-03-19T00:43:52.006+0000] {logging_mixin.py:190} INFO - [2025-03-19T00:43:52.006+0000] {dag.py:3239} INFO - Sync 1 DAGs
[2025-03-19T00:43:52.017+0000] {logging_mixin.py:190} INFO - [2025-03-19T00:43:52.017+0000] {dag.py:4180} INFO - Setting next_dagrun for example_display_name to None, run_after=None
[2025-03-19T00:43:52.031+0000] {processor.py:208} INFO - Processing /home/airflow/.local/lib/python3.12/site-packages/airflow/example_dags/example_display_name.py took 0.048 seconds
