[2025-03-19T00:11:55.870+0000] {processor.py:186} INFO - Started process (PID=113) to work on /home/airflow/.local/lib/python3.12/site-packages/airflow/example_dags/example_skip_dag.py
[2025-03-19T00:11:55.871+0000] {processor.py:914} INFO - Processing file /home/airflow/.local/lib/python3.12/site-packages/airflow/example_dags/example_skip_dag.py for tasks to queue
[2025-03-19T00:11:55.872+0000] {logging_mixin.py:190} INFO - [2025-03-19T00:11:55.872+0000] {dagbag.py:588} INFO - Filling up the DagBag from /home/airflow/.local/lib/python3.12/site-packages/airflow/example_dags/example_skip_dag.py
[2025-03-19T00:11:55.878+0000] {processor.py:925} INFO - DAG(s) 'example_skip_dag' retrieved from /home/airflow/.local/lib/python3.12/site-packages/airflow/example_dags/example_skip_dag.py
[2025-03-19T00:11:55.892+0000] {logging_mixin.py:190} INFO - [2025-03-19T00:11:55.892+0000] {dag.py:3239} INFO - Sync 1 DAGs
[2025-03-19T00:11:55.907+0000] {logging_mixin.py:190} INFO - [2025-03-19T00:11:55.907+0000] {dag.py:4180} INFO - Setting next_dagrun for example_skip_dag to 2025-03-18 00:00:00+00:00, run_after=2025-03-19 00:00:00+00:00
[2025-03-19T00:11:55.921+0000] {processor.py:208} INFO - Processing /home/airflow/.local/lib/python3.12/site-packages/airflow/example_dags/example_skip_dag.py took 0.054 seconds
[2025-03-19T00:12:26.999+0000] {processor.py:186} INFO - Started process (PID=176) to work on /home/airflow/.local/lib/python3.12/site-packages/airflow/example_dags/example_skip_dag.py
[2025-03-19T00:12:26.999+0000] {processor.py:914} INFO - Processing file /home/airflow/.local/lib/python3.12/site-packages/airflow/example_dags/example_skip_dag.py for tasks to queue
[2025-03-19T00:12:27.001+0000] {logging_mixin.py:190} INFO - [2025-03-19T00:12:27.000+0000] {dagbag.py:588} INFO - Filling up the DagBag from /home/airflow/.local/lib/python3.12/site-packages/airflow/example_dags/example_skip_dag.py
[2025-03-19T00:12:27.006+0000] {processor.py:925} INFO - DAG(s) 'example_skip_dag' retrieved from /home/airflow/.local/lib/python3.12/site-packages/airflow/example_dags/example_skip_dag.py
[2025-03-19T00:12:27.019+0000] {logging_mixin.py:190} INFO - [2025-03-19T00:12:27.019+0000] {dag.py:3239} INFO - Sync 1 DAGs
[2025-03-19T00:12:27.035+0000] {logging_mixin.py:190} INFO - [2025-03-19T00:12:27.035+0000] {dag.py:4180} INFO - Setting next_dagrun for example_skip_dag to 2025-03-18 00:00:00+00:00, run_after=2025-03-19 00:00:00+00:00
[2025-03-19T00:12:27.047+0000] {processor.py:208} INFO - Processing /home/airflow/.local/lib/python3.12/site-packages/airflow/example_dags/example_skip_dag.py took 0.052 seconds
[2025-03-19T00:12:58.052+0000] {processor.py:186} INFO - Started process (PID=239) to work on /home/airflow/.local/lib/python3.12/site-packages/airflow/example_dags/example_skip_dag.py
[2025-03-19T00:12:58.052+0000] {processor.py:914} INFO - Processing file /home/airflow/.local/lib/python3.12/site-packages/airflow/example_dags/example_skip_dag.py for tasks to queue
[2025-03-19T00:12:58.054+0000] {logging_mixin.py:190} INFO - [2025-03-19T00:12:58.053+0000] {dagbag.py:588} INFO - Filling up the DagBag from /home/airflow/.local/lib/python3.12/site-packages/airflow/example_dags/example_skip_dag.py
[2025-03-19T00:12:58.059+0000] {processor.py:925} INFO - DAG(s) 'example_skip_dag' retrieved from /home/airflow/.local/lib/python3.12/site-packages/airflow/example_dags/example_skip_dag.py
[2025-03-19T00:12:58.072+0000] {logging_mixin.py:190} INFO - [2025-03-19T00:12:58.072+0000] {dag.py:3239} INFO - Sync 1 DAGs
[2025-03-19T00:12:58.088+0000] {logging_mixin.py:190} INFO - [2025-03-19T00:12:58.088+0000] {dag.py:4180} INFO - Setting next_dagrun for example_skip_dag to 2025-03-18 00:00:00+00:00, run_after=2025-03-19 00:00:00+00:00
[2025-03-19T00:12:58.100+0000] {processor.py:208} INFO - Processing /home/airflow/.local/lib/python3.12/site-packages/airflow/example_dags/example_skip_dag.py took 0.052 seconds
[2025-03-19T00:13:29.265+0000] {processor.py:186} INFO - Started process (PID=302) to work on /home/airflow/.local/lib/python3.12/site-packages/airflow/example_dags/example_skip_dag.py
[2025-03-19T00:13:29.265+0000] {processor.py:914} INFO - Processing file /home/airflow/.local/lib/python3.12/site-packages/airflow/example_dags/example_skip_dag.py for tasks to queue
[2025-03-19T00:13:29.266+0000] {logging_mixin.py:190} INFO - [2025-03-19T00:13:29.266+0000] {dagbag.py:588} INFO - Filling up the DagBag from /home/airflow/.local/lib/python3.12/site-packages/airflow/example_dags/example_skip_dag.py
[2025-03-19T00:13:29.271+0000] {processor.py:925} INFO - DAG(s) 'example_skip_dag' retrieved from /home/airflow/.local/lib/python3.12/site-packages/airflow/example_dags/example_skip_dag.py
[2025-03-19T00:13:29.285+0000] {logging_mixin.py:190} INFO - [2025-03-19T00:13:29.285+0000] {dag.py:3239} INFO - Sync 1 DAGs
[2025-03-19T00:13:29.302+0000] {logging_mixin.py:190} INFO - [2025-03-19T00:13:29.302+0000] {dag.py:4180} INFO - Setting next_dagrun for example_skip_dag to 2025-03-18 00:00:00+00:00, run_after=2025-03-19 00:00:00+00:00
[2025-03-19T00:13:29.315+0000] {processor.py:208} INFO - Processing /home/airflow/.local/lib/python3.12/site-packages/airflow/example_dags/example_skip_dag.py took 0.054 seconds
[2025-03-19T00:14:00.138+0000] {processor.py:186} INFO - Started process (PID=365) to work on /home/airflow/.local/lib/python3.12/site-packages/airflow/example_dags/example_skip_dag.py
[2025-03-19T00:14:00.139+0000] {processor.py:914} INFO - Processing file /home/airflow/.local/lib/python3.12/site-packages/airflow/example_dags/example_skip_dag.py for tasks to queue
[2025-03-19T00:14:00.140+0000] {logging_mixin.py:190} INFO - [2025-03-19T00:14:00.140+0000] {dagbag.py:588} INFO - Filling up the DagBag from /home/airflow/.local/lib/python3.12/site-packages/airflow/example_dags/example_skip_dag.py
[2025-03-19T00:14:00.147+0000] {processor.py:925} INFO - DAG(s) 'example_skip_dag' retrieved from /home/airflow/.local/lib/python3.12/site-packages/airflow/example_dags/example_skip_dag.py
[2025-03-19T00:14:00.162+0000] {logging_mixin.py:190} INFO - [2025-03-19T00:14:00.162+0000] {dag.py:3239} INFO - Sync 1 DAGs
[2025-03-19T00:14:00.180+0000] {logging_mixin.py:190} INFO - [2025-03-19T00:14:00.180+0000] {dag.py:4180} INFO - Setting next_dagrun for example_skip_dag to 2025-03-18 00:00:00+00:00, run_after=2025-03-19 00:00:00+00:00
[2025-03-19T00:14:00.195+0000] {processor.py:208} INFO - Processing /home/airflow/.local/lib/python3.12/site-packages/airflow/example_dags/example_skip_dag.py took 0.060 seconds
[2025-03-19T00:14:30.717+0000] {processor.py:186} INFO - Started process (PID=428) to work on /home/airflow/.local/lib/python3.12/site-packages/airflow/example_dags/example_skip_dag.py
[2025-03-19T00:14:30.717+0000] {processor.py:914} INFO - Processing file /home/airflow/.local/lib/python3.12/site-packages/airflow/example_dags/example_skip_dag.py for tasks to queue
[2025-03-19T00:14:30.718+0000] {logging_mixin.py:190} INFO - [2025-03-19T00:14:30.718+0000] {dagbag.py:588} INFO - Filling up the DagBag from /home/airflow/.local/lib/python3.12/site-packages/airflow/example_dags/example_skip_dag.py
[2025-03-19T00:14:30.723+0000] {processor.py:925} INFO - DAG(s) 'example_skip_dag' retrieved from /home/airflow/.local/lib/python3.12/site-packages/airflow/example_dags/example_skip_dag.py
[2025-03-19T00:14:30.737+0000] {logging_mixin.py:190} INFO - [2025-03-19T00:14:30.737+0000] {dag.py:3239} INFO - Sync 1 DAGs
[2025-03-19T00:14:30.753+0000] {logging_mixin.py:190} INFO - [2025-03-19T00:14:30.753+0000] {dag.py:4180} INFO - Setting next_dagrun for example_skip_dag to 2025-03-18 00:00:00+00:00, run_after=2025-03-19 00:00:00+00:00
[2025-03-19T00:14:30.765+0000] {processor.py:208} INFO - Processing /home/airflow/.local/lib/python3.12/site-packages/airflow/example_dags/example_skip_dag.py took 0.052 seconds
[2025-03-19T00:15:01.345+0000] {processor.py:186} INFO - Started process (PID=491) to work on /home/airflow/.local/lib/python3.12/site-packages/airflow/example_dags/example_skip_dag.py
[2025-03-19T00:15:01.345+0000] {processor.py:914} INFO - Processing file /home/airflow/.local/lib/python3.12/site-packages/airflow/example_dags/example_skip_dag.py for tasks to queue
[2025-03-19T00:15:01.347+0000] {logging_mixin.py:190} INFO - [2025-03-19T00:15:01.347+0000] {dagbag.py:588} INFO - Filling up the DagBag from /home/airflow/.local/lib/python3.12/site-packages/airflow/example_dags/example_skip_dag.py
[2025-03-19T00:15:01.356+0000] {processor.py:925} INFO - DAG(s) 'example_skip_dag' retrieved from /home/airflow/.local/lib/python3.12/site-packages/airflow/example_dags/example_skip_dag.py
[2025-03-19T00:15:01.376+0000] {logging_mixin.py:190} INFO - [2025-03-19T00:15:01.376+0000] {dag.py:3239} INFO - Sync 1 DAGs
[2025-03-19T00:15:01.400+0000] {logging_mixin.py:190} INFO - [2025-03-19T00:15:01.400+0000] {dag.py:4180} INFO - Setting next_dagrun for example_skip_dag to 2025-03-18 00:00:00+00:00, run_after=2025-03-19 00:00:00+00:00
[2025-03-19T00:15:01.416+0000] {processor.py:208} INFO - Processing /home/airflow/.local/lib/python3.12/site-packages/airflow/example_dags/example_skip_dag.py took 0.078 seconds
[2025-03-19T00:15:31.945+0000] {processor.py:186} INFO - Started process (PID=554) to work on /home/airflow/.local/lib/python3.12/site-packages/airflow/example_dags/example_skip_dag.py
[2025-03-19T00:15:31.946+0000] {processor.py:914} INFO - Processing file /home/airflow/.local/lib/python3.12/site-packages/airflow/example_dags/example_skip_dag.py for tasks to queue
[2025-03-19T00:15:31.947+0000] {logging_mixin.py:190} INFO - [2025-03-19T00:15:31.947+0000] {dagbag.py:588} INFO - Filling up the DagBag from /home/airflow/.local/lib/python3.12/site-packages/airflow/example_dags/example_skip_dag.py
[2025-03-19T00:15:31.952+0000] {processor.py:925} INFO - DAG(s) 'example_skip_dag' retrieved from /home/airflow/.local/lib/python3.12/site-packages/airflow/example_dags/example_skip_dag.py
[2025-03-19T00:15:31.967+0000] {logging_mixin.py:190} INFO - [2025-03-19T00:15:31.967+0000] {dag.py:3239} INFO - Sync 1 DAGs
[2025-03-19T00:15:31.984+0000] {logging_mixin.py:190} INFO - [2025-03-19T00:15:31.984+0000] {dag.py:4180} INFO - Setting next_dagrun for example_skip_dag to 2025-03-18 00:00:00+00:00, run_after=2025-03-19 00:00:00+00:00
[2025-03-19T00:15:31.998+0000] {processor.py:208} INFO - Processing /home/airflow/.local/lib/python3.12/site-packages/airflow/example_dags/example_skip_dag.py took 0.056 seconds
[2025-03-19T00:16:02.539+0000] {processor.py:186} INFO - Started process (PID=617) to work on /home/airflow/.local/lib/python3.12/site-packages/airflow/example_dags/example_skip_dag.py
[2025-03-19T00:16:02.540+0000] {processor.py:914} INFO - Processing file /home/airflow/.local/lib/python3.12/site-packages/airflow/example_dags/example_skip_dag.py for tasks to queue
[2025-03-19T00:16:02.541+0000] {logging_mixin.py:190} INFO - [2025-03-19T00:16:02.541+0000] {dagbag.py:588} INFO - Filling up the DagBag from /home/airflow/.local/lib/python3.12/site-packages/airflow/example_dags/example_skip_dag.py
[2025-03-19T00:16:02.546+0000] {processor.py:925} INFO - DAG(s) 'example_skip_dag' retrieved from /home/airflow/.local/lib/python3.12/site-packages/airflow/example_dags/example_skip_dag.py
[2025-03-19T00:16:02.562+0000] {logging_mixin.py:190} INFO - [2025-03-19T00:16:02.562+0000] {dag.py:3239} INFO - Sync 1 DAGs
[2025-03-19T00:16:02.580+0000] {logging_mixin.py:190} INFO - [2025-03-19T00:16:02.579+0000] {dag.py:4180} INFO - Setting next_dagrun for example_skip_dag to 2025-03-18 00:00:00+00:00, run_after=2025-03-19 00:00:00+00:00
[2025-03-19T00:16:02.595+0000] {processor.py:208} INFO - Processing /home/airflow/.local/lib/python3.12/site-packages/airflow/example_dags/example_skip_dag.py took 0.061 seconds
[2025-03-19T00:16:33.109+0000] {processor.py:186} INFO - Started process (PID=680) to work on /home/airflow/.local/lib/python3.12/site-packages/airflow/example_dags/example_skip_dag.py
[2025-03-19T00:16:33.110+0000] {processor.py:914} INFO - Processing file /home/airflow/.local/lib/python3.12/site-packages/airflow/example_dags/example_skip_dag.py for tasks to queue
[2025-03-19T00:16:33.111+0000] {logging_mixin.py:190} INFO - [2025-03-19T00:16:33.111+0000] {dagbag.py:588} INFO - Filling up the DagBag from /home/airflow/.local/lib/python3.12/site-packages/airflow/example_dags/example_skip_dag.py
[2025-03-19T00:16:33.116+0000] {processor.py:925} INFO - DAG(s) 'example_skip_dag' retrieved from /home/airflow/.local/lib/python3.12/site-packages/airflow/example_dags/example_skip_dag.py
[2025-03-19T00:16:33.130+0000] {logging_mixin.py:190} INFO - [2025-03-19T00:16:33.130+0000] {dag.py:3239} INFO - Sync 1 DAGs
[2025-03-19T00:16:33.146+0000] {logging_mixin.py:190} INFO - [2025-03-19T00:16:33.146+0000] {dag.py:4180} INFO - Setting next_dagrun for example_skip_dag to 2025-03-18 00:00:00+00:00, run_after=2025-03-19 00:00:00+00:00
[2025-03-19T00:16:33.158+0000] {processor.py:208} INFO - Processing /home/airflow/.local/lib/python3.12/site-packages/airflow/example_dags/example_skip_dag.py took 0.052 seconds
[2025-03-19T00:17:03.664+0000] {processor.py:186} INFO - Started process (PID=743) to work on /home/airflow/.local/lib/python3.12/site-packages/airflow/example_dags/example_skip_dag.py
[2025-03-19T00:17:03.665+0000] {processor.py:914} INFO - Processing file /home/airflow/.local/lib/python3.12/site-packages/airflow/example_dags/example_skip_dag.py for tasks to queue
[2025-03-19T00:17:03.666+0000] {logging_mixin.py:190} INFO - [2025-03-19T00:17:03.666+0000] {dagbag.py:588} INFO - Filling up the DagBag from /home/airflow/.local/lib/python3.12/site-packages/airflow/example_dags/example_skip_dag.py
[2025-03-19T00:17:03.672+0000] {processor.py:925} INFO - DAG(s) 'example_skip_dag' retrieved from /home/airflow/.local/lib/python3.12/site-packages/airflow/example_dags/example_skip_dag.py
[2025-03-19T00:17:03.686+0000] {logging_mixin.py:190} INFO - [2025-03-19T00:17:03.686+0000] {dag.py:3239} INFO - Sync 1 DAGs
[2025-03-19T00:17:03.702+0000] {logging_mixin.py:190} INFO - [2025-03-19T00:17:03.702+0000] {dag.py:4180} INFO - Setting next_dagrun for example_skip_dag to 2025-03-18 00:00:00+00:00, run_after=2025-03-19 00:00:00+00:00
[2025-03-19T00:17:03.714+0000] {processor.py:208} INFO - Processing /home/airflow/.local/lib/python3.12/site-packages/airflow/example_dags/example_skip_dag.py took 0.055 seconds
[2025-03-19T00:17:34.983+0000] {processor.py:186} INFO - Started process (PID=806) to work on /home/airflow/.local/lib/python3.12/site-packages/airflow/example_dags/example_skip_dag.py
[2025-03-19T00:17:34.984+0000] {processor.py:914} INFO - Processing file /home/airflow/.local/lib/python3.12/site-packages/airflow/example_dags/example_skip_dag.py for tasks to queue
[2025-03-19T00:17:34.985+0000] {logging_mixin.py:190} INFO - [2025-03-19T00:17:34.985+0000] {dagbag.py:588} INFO - Filling up the DagBag from /home/airflow/.local/lib/python3.12/site-packages/airflow/example_dags/example_skip_dag.py
[2025-03-19T00:17:34.990+0000] {processor.py:925} INFO - DAG(s) 'example_skip_dag' retrieved from /home/airflow/.local/lib/python3.12/site-packages/airflow/example_dags/example_skip_dag.py
[2025-03-19T00:17:35.004+0000] {logging_mixin.py:190} INFO - [2025-03-19T00:17:35.003+0000] {dag.py:3239} INFO - Sync 1 DAGs
[2025-03-19T00:17:35.019+0000] {logging_mixin.py:190} INFO - [2025-03-19T00:17:35.019+0000] {dag.py:4180} INFO - Setting next_dagrun for example_skip_dag to 2025-03-18 00:00:00+00:00, run_after=2025-03-19 00:00:00+00:00
[2025-03-19T00:17:35.031+0000] {processor.py:208} INFO - Processing /home/airflow/.local/lib/python3.12/site-packages/airflow/example_dags/example_skip_dag.py took 0.052 seconds
[2025-03-19T00:18:06.337+0000] {processor.py:186} INFO - Started process (PID=869) to work on /home/airflow/.local/lib/python3.12/site-packages/airflow/example_dags/example_skip_dag.py
[2025-03-19T00:18:06.337+0000] {processor.py:914} INFO - Processing file /home/airflow/.local/lib/python3.12/site-packages/airflow/example_dags/example_skip_dag.py for tasks to queue
[2025-03-19T00:18:06.338+0000] {logging_mixin.py:190} INFO - [2025-03-19T00:18:06.338+0000] {dagbag.py:588} INFO - Filling up the DagBag from /home/airflow/.local/lib/python3.12/site-packages/airflow/example_dags/example_skip_dag.py
[2025-03-19T00:18:06.343+0000] {processor.py:925} INFO - DAG(s) 'example_skip_dag' retrieved from /home/airflow/.local/lib/python3.12/site-packages/airflow/example_dags/example_skip_dag.py
[2025-03-19T00:18:06.357+0000] {logging_mixin.py:190} INFO - [2025-03-19T00:18:06.357+0000] {dag.py:3239} INFO - Sync 1 DAGs
[2025-03-19T00:18:06.373+0000] {logging_mixin.py:190} INFO - [2025-03-19T00:18:06.373+0000] {dag.py:4180} INFO - Setting next_dagrun for example_skip_dag to 2025-03-18 00:00:00+00:00, run_after=2025-03-19 00:00:00+00:00
[2025-03-19T00:18:06.385+0000] {processor.py:208} INFO - Processing /home/airflow/.local/lib/python3.12/site-packages/airflow/example_dags/example_skip_dag.py took 0.052 seconds
[2025-03-19T00:18:37.062+0000] {processor.py:186} INFO - Started process (PID=932) to work on /home/airflow/.local/lib/python3.12/site-packages/airflow/example_dags/example_skip_dag.py
[2025-03-19T00:18:37.063+0000] {processor.py:914} INFO - Processing file /home/airflow/.local/lib/python3.12/site-packages/airflow/example_dags/example_skip_dag.py for tasks to queue
[2025-03-19T00:18:37.064+0000] {logging_mixin.py:190} INFO - [2025-03-19T00:18:37.064+0000] {dagbag.py:588} INFO - Filling up the DagBag from /home/airflow/.local/lib/python3.12/site-packages/airflow/example_dags/example_skip_dag.py
[2025-03-19T00:18:37.071+0000] {processor.py:925} INFO - DAG(s) 'example_skip_dag' retrieved from /home/airflow/.local/lib/python3.12/site-packages/airflow/example_dags/example_skip_dag.py
[2025-03-19T00:18:37.087+0000] {logging_mixin.py:190} INFO - [2025-03-19T00:18:37.087+0000] {dag.py:3239} INFO - Sync 1 DAGs
[2025-03-19T00:18:37.104+0000] {logging_mixin.py:190} INFO - [2025-03-19T00:18:37.104+0000] {dag.py:4180} INFO - Setting next_dagrun for example_skip_dag to 2025-03-18 00:00:00+00:00, run_after=2025-03-19 00:00:00+00:00
[2025-03-19T00:18:37.118+0000] {processor.py:208} INFO - Processing /home/airflow/.local/lib/python3.12/site-packages/airflow/example_dags/example_skip_dag.py took 0.059 seconds
[2025-03-19T00:19:08.483+0000] {processor.py:186} INFO - Started process (PID=994) to work on /home/airflow/.local/lib/python3.12/site-packages/airflow/example_dags/example_skip_dag.py
[2025-03-19T00:19:08.484+0000] {processor.py:914} INFO - Processing file /home/airflow/.local/lib/python3.12/site-packages/airflow/example_dags/example_skip_dag.py for tasks to queue
[2025-03-19T00:19:08.485+0000] {logging_mixin.py:190} INFO - [2025-03-19T00:19:08.485+0000] {dagbag.py:588} INFO - Filling up the DagBag from /home/airflow/.local/lib/python3.12/site-packages/airflow/example_dags/example_skip_dag.py
[2025-03-19T00:19:08.490+0000] {processor.py:925} INFO - DAG(s) 'example_skip_dag' retrieved from /home/airflow/.local/lib/python3.12/site-packages/airflow/example_dags/example_skip_dag.py
[2025-03-19T00:19:08.503+0000] {logging_mixin.py:190} INFO - [2025-03-19T00:19:08.503+0000] {dag.py:3239} INFO - Sync 1 DAGs
[2025-03-19T00:19:08.518+0000] {logging_mixin.py:190} INFO - [2025-03-19T00:19:08.518+0000] {dag.py:4180} INFO - Setting next_dagrun for example_skip_dag to 2025-03-18 00:00:00+00:00, run_after=2025-03-19 00:00:00+00:00
[2025-03-19T00:19:08.530+0000] {processor.py:208} INFO - Processing /home/airflow/.local/lib/python3.12/site-packages/airflow/example_dags/example_skip_dag.py took 0.051 seconds
[2025-03-19T00:19:39.602+0000] {processor.py:186} INFO - Started process (PID=1057) to work on /home/airflow/.local/lib/python3.12/site-packages/airflow/example_dags/example_skip_dag.py
[2025-03-19T00:19:39.603+0000] {processor.py:914} INFO - Processing file /home/airflow/.local/lib/python3.12/site-packages/airflow/example_dags/example_skip_dag.py for tasks to queue
[2025-03-19T00:19:39.604+0000] {logging_mixin.py:190} INFO - [2025-03-19T00:19:39.604+0000] {dagbag.py:588} INFO - Filling up the DagBag from /home/airflow/.local/lib/python3.12/site-packages/airflow/example_dags/example_skip_dag.py
[2025-03-19T00:19:39.610+0000] {processor.py:925} INFO - DAG(s) 'example_skip_dag' retrieved from /home/airflow/.local/lib/python3.12/site-packages/airflow/example_dags/example_skip_dag.py
[2025-03-19T00:19:39.630+0000] {logging_mixin.py:190} INFO - [2025-03-19T00:19:39.630+0000] {dag.py:3239} INFO - Sync 1 DAGs
[2025-03-19T00:19:39.651+0000] {logging_mixin.py:190} INFO - [2025-03-19T00:19:39.651+0000] {dag.py:4180} INFO - Setting next_dagrun for example_skip_dag to 2025-03-18 00:00:00+00:00, run_after=2025-03-19 00:00:00+00:00
[2025-03-19T00:19:39.666+0000] {processor.py:208} INFO - Processing /home/airflow/.local/lib/python3.12/site-packages/airflow/example_dags/example_skip_dag.py took 0.068 seconds
[2025-03-19T00:20:10.316+0000] {processor.py:186} INFO - Started process (PID=1119) to work on /home/airflow/.local/lib/python3.12/site-packages/airflow/example_dags/example_skip_dag.py
[2025-03-19T00:20:10.317+0000] {processor.py:914} INFO - Processing file /home/airflow/.local/lib/python3.12/site-packages/airflow/example_dags/example_skip_dag.py for tasks to queue
[2025-03-19T00:20:10.319+0000] {logging_mixin.py:190} INFO - [2025-03-19T00:20:10.318+0000] {dagbag.py:588} INFO - Filling up the DagBag from /home/airflow/.local/lib/python3.12/site-packages/airflow/example_dags/example_skip_dag.py
[2025-03-19T00:20:10.324+0000] {processor.py:925} INFO - DAG(s) 'example_skip_dag' retrieved from /home/airflow/.local/lib/python3.12/site-packages/airflow/example_dags/example_skip_dag.py
[2025-03-19T00:20:10.340+0000] {logging_mixin.py:190} INFO - [2025-03-19T00:20:10.340+0000] {dag.py:3239} INFO - Sync 1 DAGs
[2025-03-19T00:20:10.359+0000] {logging_mixin.py:190} INFO - [2025-03-19T00:20:10.359+0000] {dag.py:4180} INFO - Setting next_dagrun for example_skip_dag to 2025-03-18 00:00:00+00:00, run_after=2025-03-19 00:00:00+00:00
[2025-03-19T00:20:10.375+0000] {processor.py:208} INFO - Processing /home/airflow/.local/lib/python3.12/site-packages/airflow/example_dags/example_skip_dag.py took 0.062 seconds
[2025-03-19T00:20:41.704+0000] {processor.py:186} INFO - Started process (PID=1183) to work on /home/airflow/.local/lib/python3.12/site-packages/airflow/example_dags/example_skip_dag.py
[2025-03-19T00:20:41.705+0000] {processor.py:914} INFO - Processing file /home/airflow/.local/lib/python3.12/site-packages/airflow/example_dags/example_skip_dag.py for tasks to queue
[2025-03-19T00:20:41.706+0000] {logging_mixin.py:190} INFO - [2025-03-19T00:20:41.706+0000] {dagbag.py:588} INFO - Filling up the DagBag from /home/airflow/.local/lib/python3.12/site-packages/airflow/example_dags/example_skip_dag.py
[2025-03-19T00:20:41.711+0000] {processor.py:925} INFO - DAG(s) 'example_skip_dag' retrieved from /home/airflow/.local/lib/python3.12/site-packages/airflow/example_dags/example_skip_dag.py
[2025-03-19T00:20:41.725+0000] {logging_mixin.py:190} INFO - [2025-03-19T00:20:41.724+0000] {dag.py:3239} INFO - Sync 1 DAGs
[2025-03-19T00:20:41.740+0000] {logging_mixin.py:190} INFO - [2025-03-19T00:20:41.740+0000] {dag.py:4180} INFO - Setting next_dagrun for example_skip_dag to 2025-03-18 00:00:00+00:00, run_after=2025-03-19 00:00:00+00:00
[2025-03-19T00:20:41.753+0000] {processor.py:208} INFO - Processing /home/airflow/.local/lib/python3.12/site-packages/airflow/example_dags/example_skip_dag.py took 0.052 seconds
[2025-03-19T00:21:12.978+0000] {processor.py:186} INFO - Started process (PID=1246) to work on /home/airflow/.local/lib/python3.12/site-packages/airflow/example_dags/example_skip_dag.py
[2025-03-19T00:21:12.979+0000] {processor.py:914} INFO - Processing file /home/airflow/.local/lib/python3.12/site-packages/airflow/example_dags/example_skip_dag.py for tasks to queue
[2025-03-19T00:21:12.980+0000] {logging_mixin.py:190} INFO - [2025-03-19T00:21:12.980+0000] {dagbag.py:588} INFO - Filling up the DagBag from /home/airflow/.local/lib/python3.12/site-packages/airflow/example_dags/example_skip_dag.py
[2025-03-19T00:21:12.985+0000] {processor.py:925} INFO - DAG(s) 'example_skip_dag' retrieved from /home/airflow/.local/lib/python3.12/site-packages/airflow/example_dags/example_skip_dag.py
[2025-03-19T00:21:12.999+0000] {logging_mixin.py:190} INFO - [2025-03-19T00:21:12.998+0000] {dag.py:3239} INFO - Sync 1 DAGs
[2025-03-19T00:21:13.015+0000] {logging_mixin.py:190} INFO - [2025-03-19T00:21:13.014+0000] {dag.py:4180} INFO - Setting next_dagrun for example_skip_dag to 2025-03-18 00:00:00+00:00, run_after=2025-03-19 00:00:00+00:00
[2025-03-19T00:21:13.027+0000] {processor.py:208} INFO - Processing /home/airflow/.local/lib/python3.12/site-packages/airflow/example_dags/example_skip_dag.py took 0.052 seconds
[2025-03-19T00:21:44.287+0000] {processor.py:186} INFO - Started process (PID=1309) to work on /home/airflow/.local/lib/python3.12/site-packages/airflow/example_dags/example_skip_dag.py
[2025-03-19T00:21:44.287+0000] {processor.py:914} INFO - Processing file /home/airflow/.local/lib/python3.12/site-packages/airflow/example_dags/example_skip_dag.py for tasks to queue
[2025-03-19T00:21:44.289+0000] {logging_mixin.py:190} INFO - [2025-03-19T00:21:44.288+0000] {dagbag.py:588} INFO - Filling up the DagBag from /home/airflow/.local/lib/python3.12/site-packages/airflow/example_dags/example_skip_dag.py
[2025-03-19T00:21:44.294+0000] {processor.py:925} INFO - DAG(s) 'example_skip_dag' retrieved from /home/airflow/.local/lib/python3.12/site-packages/airflow/example_dags/example_skip_dag.py
[2025-03-19T00:21:44.307+0000] {logging_mixin.py:190} INFO - [2025-03-19T00:21:44.307+0000] {dag.py:3239} INFO - Sync 1 DAGs
[2025-03-19T00:21:44.323+0000] {logging_mixin.py:190} INFO - [2025-03-19T00:21:44.323+0000] {dag.py:4180} INFO - Setting next_dagrun for example_skip_dag to 2025-03-18 00:00:00+00:00, run_after=2025-03-19 00:00:00+00:00
[2025-03-19T00:21:44.335+0000] {processor.py:208} INFO - Processing /home/airflow/.local/lib/python3.12/site-packages/airflow/example_dags/example_skip_dag.py took 0.052 seconds
[2025-03-19T00:22:15.484+0000] {processor.py:186} INFO - Started process (PID=1372) to work on /home/airflow/.local/lib/python3.12/site-packages/airflow/example_dags/example_skip_dag.py
[2025-03-19T00:22:15.485+0000] {processor.py:914} INFO - Processing file /home/airflow/.local/lib/python3.12/site-packages/airflow/example_dags/example_skip_dag.py for tasks to queue
[2025-03-19T00:22:15.486+0000] {logging_mixin.py:190} INFO - [2025-03-19T00:22:15.486+0000] {dagbag.py:588} INFO - Filling up the DagBag from /home/airflow/.local/lib/python3.12/site-packages/airflow/example_dags/example_skip_dag.py
[2025-03-19T00:22:15.491+0000] {processor.py:925} INFO - DAG(s) 'example_skip_dag' retrieved from /home/airflow/.local/lib/python3.12/site-packages/airflow/example_dags/example_skip_dag.py
[2025-03-19T00:22:15.505+0000] {logging_mixin.py:190} INFO - [2025-03-19T00:22:15.505+0000] {dag.py:3239} INFO - Sync 1 DAGs
[2025-03-19T00:22:15.521+0000] {logging_mixin.py:190} INFO - [2025-03-19T00:22:15.521+0000] {dag.py:4180} INFO - Setting next_dagrun for example_skip_dag to 2025-03-18 00:00:00+00:00, run_after=2025-03-19 00:00:00+00:00
[2025-03-19T00:22:15.533+0000] {processor.py:208} INFO - Processing /home/airflow/.local/lib/python3.12/site-packages/airflow/example_dags/example_skip_dag.py took 0.053 seconds
[2025-03-19T00:22:46.627+0000] {processor.py:186} INFO - Started process (PID=1434) to work on /home/airflow/.local/lib/python3.12/site-packages/airflow/example_dags/example_skip_dag.py
[2025-03-19T00:22:46.628+0000] {processor.py:914} INFO - Processing file /home/airflow/.local/lib/python3.12/site-packages/airflow/example_dags/example_skip_dag.py for tasks to queue
[2025-03-19T00:22:46.629+0000] {logging_mixin.py:190} INFO - [2025-03-19T00:22:46.629+0000] {dagbag.py:588} INFO - Filling up the DagBag from /home/airflow/.local/lib/python3.12/site-packages/airflow/example_dags/example_skip_dag.py
[2025-03-19T00:22:46.634+0000] {processor.py:925} INFO - DAG(s) 'example_skip_dag' retrieved from /home/airflow/.local/lib/python3.12/site-packages/airflow/example_dags/example_skip_dag.py
[2025-03-19T00:22:46.647+0000] {logging_mixin.py:190} INFO - [2025-03-19T00:22:46.647+0000] {dag.py:3239} INFO - Sync 1 DAGs
[2025-03-19T00:22:46.663+0000] {logging_mixin.py:190} INFO - [2025-03-19T00:22:46.663+0000] {dag.py:4180} INFO - Setting next_dagrun for example_skip_dag to 2025-03-18 00:00:00+00:00, run_after=2025-03-19 00:00:00+00:00
[2025-03-19T00:22:46.675+0000] {processor.py:208} INFO - Processing /home/airflow/.local/lib/python3.12/site-packages/airflow/example_dags/example_skip_dag.py took 0.051 seconds
[2025-03-19T00:23:17.807+0000] {processor.py:186} INFO - Started process (PID=1498) to work on /home/airflow/.local/lib/python3.12/site-packages/airflow/example_dags/example_skip_dag.py
[2025-03-19T00:23:17.807+0000] {processor.py:914} INFO - Processing file /home/airflow/.local/lib/python3.12/site-packages/airflow/example_dags/example_skip_dag.py for tasks to queue
[2025-03-19T00:23:17.808+0000] {logging_mixin.py:190} INFO - [2025-03-19T00:23:17.808+0000] {dagbag.py:588} INFO - Filling up the DagBag from /home/airflow/.local/lib/python3.12/site-packages/airflow/example_dags/example_skip_dag.py
[2025-03-19T00:23:17.813+0000] {processor.py:925} INFO - DAG(s) 'example_skip_dag' retrieved from /home/airflow/.local/lib/python3.12/site-packages/airflow/example_dags/example_skip_dag.py
[2025-03-19T00:23:17.826+0000] {logging_mixin.py:190} INFO - [2025-03-19T00:23:17.826+0000] {dag.py:3239} INFO - Sync 1 DAGs
[2025-03-19T00:23:17.842+0000] {logging_mixin.py:190} INFO - [2025-03-19T00:23:17.841+0000] {dag.py:4180} INFO - Setting next_dagrun for example_skip_dag to 2025-03-18 00:00:00+00:00, run_after=2025-03-19 00:00:00+00:00
[2025-03-19T00:23:17.854+0000] {processor.py:208} INFO - Processing /home/airflow/.local/lib/python3.12/site-packages/airflow/example_dags/example_skip_dag.py took 0.050 seconds
[2025-03-19T00:23:48.971+0000] {processor.py:186} INFO - Started process (PID=1561) to work on /home/airflow/.local/lib/python3.12/site-packages/airflow/example_dags/example_skip_dag.py
[2025-03-19T00:23:48.971+0000] {processor.py:914} INFO - Processing file /home/airflow/.local/lib/python3.12/site-packages/airflow/example_dags/example_skip_dag.py for tasks to queue
[2025-03-19T00:23:48.972+0000] {logging_mixin.py:190} INFO - [2025-03-19T00:23:48.972+0000] {dagbag.py:588} INFO - Filling up the DagBag from /home/airflow/.local/lib/python3.12/site-packages/airflow/example_dags/example_skip_dag.py
[2025-03-19T00:23:48.977+0000] {processor.py:925} INFO - DAG(s) 'example_skip_dag' retrieved from /home/airflow/.local/lib/python3.12/site-packages/airflow/example_dags/example_skip_dag.py
[2025-03-19T00:23:48.992+0000] {logging_mixin.py:190} INFO - [2025-03-19T00:23:48.992+0000] {dag.py:3239} INFO - Sync 1 DAGs
[2025-03-19T00:23:49.007+0000] {logging_mixin.py:190} INFO - [2025-03-19T00:23:49.007+0000] {dag.py:4180} INFO - Setting next_dagrun for example_skip_dag to 2025-03-18 00:00:00+00:00, run_after=2025-03-19 00:00:00+00:00
[2025-03-19T00:23:49.019+0000] {processor.py:208} INFO - Processing /home/airflow/.local/lib/python3.12/site-packages/airflow/example_dags/example_skip_dag.py took 0.052 seconds
[2025-03-19T00:24:20.163+0000] {processor.py:186} INFO - Started process (PID=1624) to work on /home/airflow/.local/lib/python3.12/site-packages/airflow/example_dags/example_skip_dag.py
[2025-03-19T00:24:20.164+0000] {processor.py:914} INFO - Processing file /home/airflow/.local/lib/python3.12/site-packages/airflow/example_dags/example_skip_dag.py for tasks to queue
[2025-03-19T00:24:20.165+0000] {logging_mixin.py:190} INFO - [2025-03-19T00:24:20.165+0000] {dagbag.py:588} INFO - Filling up the DagBag from /home/airflow/.local/lib/python3.12/site-packages/airflow/example_dags/example_skip_dag.py
[2025-03-19T00:24:20.170+0000] {processor.py:925} INFO - DAG(s) 'example_skip_dag' retrieved from /home/airflow/.local/lib/python3.12/site-packages/airflow/example_dags/example_skip_dag.py
[2025-03-19T00:24:20.183+0000] {logging_mixin.py:190} INFO - [2025-03-19T00:24:20.183+0000] {dag.py:3239} INFO - Sync 1 DAGs
[2025-03-19T00:24:20.201+0000] {logging_mixin.py:190} INFO - [2025-03-19T00:24:20.201+0000] {dag.py:4180} INFO - Setting next_dagrun for example_skip_dag to 2025-03-18 00:00:00+00:00, run_after=2025-03-19 00:00:00+00:00
[2025-03-19T00:24:20.214+0000] {processor.py:208} INFO - Processing /home/airflow/.local/lib/python3.12/site-packages/airflow/example_dags/example_skip_dag.py took 0.054 seconds
[2025-03-19T00:24:51.283+0000] {processor.py:186} INFO - Started process (PID=1687) to work on /home/airflow/.local/lib/python3.12/site-packages/airflow/example_dags/example_skip_dag.py
[2025-03-19T00:24:51.283+0000] {processor.py:914} INFO - Processing file /home/airflow/.local/lib/python3.12/site-packages/airflow/example_dags/example_skip_dag.py for tasks to queue
[2025-03-19T00:24:51.284+0000] {logging_mixin.py:190} INFO - [2025-03-19T00:24:51.284+0000] {dagbag.py:588} INFO - Filling up the DagBag from /home/airflow/.local/lib/python3.12/site-packages/airflow/example_dags/example_skip_dag.py
[2025-03-19T00:24:51.289+0000] {processor.py:925} INFO - DAG(s) 'example_skip_dag' retrieved from /home/airflow/.local/lib/python3.12/site-packages/airflow/example_dags/example_skip_dag.py
[2025-03-19T00:24:51.303+0000] {logging_mixin.py:190} INFO - [2025-03-19T00:24:51.303+0000] {dag.py:3239} INFO - Sync 1 DAGs
[2025-03-19T00:24:51.319+0000] {logging_mixin.py:190} INFO - [2025-03-19T00:24:51.319+0000] {dag.py:4180} INFO - Setting next_dagrun for example_skip_dag to 2025-03-18 00:00:00+00:00, run_after=2025-03-19 00:00:00+00:00
[2025-03-19T00:24:51.331+0000] {processor.py:208} INFO - Processing /home/airflow/.local/lib/python3.12/site-packages/airflow/example_dags/example_skip_dag.py took 0.051 seconds
[2025-03-19T00:25:22.328+0000] {processor.py:186} INFO - Started process (PID=1750) to work on /home/airflow/.local/lib/python3.12/site-packages/airflow/example_dags/example_skip_dag.py
[2025-03-19T00:25:22.328+0000] {processor.py:914} INFO - Processing file /home/airflow/.local/lib/python3.12/site-packages/airflow/example_dags/example_skip_dag.py for tasks to queue
[2025-03-19T00:25:22.329+0000] {logging_mixin.py:190} INFO - [2025-03-19T00:25:22.329+0000] {dagbag.py:588} INFO - Filling up the DagBag from /home/airflow/.local/lib/python3.12/site-packages/airflow/example_dags/example_skip_dag.py
[2025-03-19T00:25:22.335+0000] {processor.py:925} INFO - DAG(s) 'example_skip_dag' retrieved from /home/airflow/.local/lib/python3.12/site-packages/airflow/example_dags/example_skip_dag.py
[2025-03-19T00:25:22.348+0000] {logging_mixin.py:190} INFO - [2025-03-19T00:25:22.348+0000] {dag.py:3239} INFO - Sync 1 DAGs
[2025-03-19T00:25:22.365+0000] {logging_mixin.py:190} INFO - [2025-03-19T00:25:22.365+0000] {dag.py:4180} INFO - Setting next_dagrun for example_skip_dag to 2025-03-18 00:00:00+00:00, run_after=2025-03-19 00:00:00+00:00
[2025-03-19T00:25:22.377+0000] {processor.py:208} INFO - Processing /home/airflow/.local/lib/python3.12/site-packages/airflow/example_dags/example_skip_dag.py took 0.053 seconds
[2025-03-19T00:25:53.253+0000] {processor.py:186} INFO - Started process (PID=1813) to work on /home/airflow/.local/lib/python3.12/site-packages/airflow/example_dags/example_skip_dag.py
[2025-03-19T00:25:53.254+0000] {processor.py:914} INFO - Processing file /home/airflow/.local/lib/python3.12/site-packages/airflow/example_dags/example_skip_dag.py for tasks to queue
[2025-03-19T00:25:53.255+0000] {logging_mixin.py:190} INFO - [2025-03-19T00:25:53.255+0000] {dagbag.py:588} INFO - Filling up the DagBag from /home/airflow/.local/lib/python3.12/site-packages/airflow/example_dags/example_skip_dag.py
[2025-03-19T00:25:53.260+0000] {processor.py:925} INFO - DAG(s) 'example_skip_dag' retrieved from /home/airflow/.local/lib/python3.12/site-packages/airflow/example_dags/example_skip_dag.py
[2025-03-19T00:25:53.274+0000] {logging_mixin.py:190} INFO - [2025-03-19T00:25:53.274+0000] {dag.py:3239} INFO - Sync 1 DAGs
[2025-03-19T00:25:53.292+0000] {logging_mixin.py:190} INFO - [2025-03-19T00:25:53.292+0000] {dag.py:4180} INFO - Setting next_dagrun for example_skip_dag to 2025-03-18 00:00:00+00:00, run_after=2025-03-19 00:00:00+00:00
[2025-03-19T00:25:53.305+0000] {processor.py:208} INFO - Processing /home/airflow/.local/lib/python3.12/site-packages/airflow/example_dags/example_skip_dag.py took 0.055 seconds
[2025-03-19T00:26:24.183+0000] {processor.py:186} INFO - Started process (PID=1875) to work on /home/airflow/.local/lib/python3.12/site-packages/airflow/example_dags/example_skip_dag.py
[2025-03-19T00:26:24.184+0000] {processor.py:914} INFO - Processing file /home/airflow/.local/lib/python3.12/site-packages/airflow/example_dags/example_skip_dag.py for tasks to queue
[2025-03-19T00:26:24.185+0000] {logging_mixin.py:190} INFO - [2025-03-19T00:26:24.185+0000] {dagbag.py:588} INFO - Filling up the DagBag from /home/airflow/.local/lib/python3.12/site-packages/airflow/example_dags/example_skip_dag.py
[2025-03-19T00:26:24.191+0000] {processor.py:925} INFO - DAG(s) 'example_skip_dag' retrieved from /home/airflow/.local/lib/python3.12/site-packages/airflow/example_dags/example_skip_dag.py
[2025-03-19T00:26:24.205+0000] {logging_mixin.py:190} INFO - [2025-03-19T00:26:24.205+0000] {dag.py:3239} INFO - Sync 1 DAGs
[2025-03-19T00:26:24.221+0000] {logging_mixin.py:190} INFO - [2025-03-19T00:26:24.221+0000] {dag.py:4180} INFO - Setting next_dagrun for example_skip_dag to 2025-03-18 00:00:00+00:00, run_after=2025-03-19 00:00:00+00:00
[2025-03-19T00:26:24.232+0000] {processor.py:208} INFO - Processing /home/airflow/.local/lib/python3.12/site-packages/airflow/example_dags/example_skip_dag.py took 0.053 seconds
[2025-03-19T00:26:55.333+0000] {processor.py:186} INFO - Started process (PID=1944) to work on /home/airflow/.local/lib/python3.12/site-packages/airflow/example_dags/example_skip_dag.py
[2025-03-19T00:26:55.333+0000] {processor.py:914} INFO - Processing file /home/airflow/.local/lib/python3.12/site-packages/airflow/example_dags/example_skip_dag.py for tasks to queue
[2025-03-19T00:26:55.334+0000] {logging_mixin.py:190} INFO - [2025-03-19T00:26:55.334+0000] {dagbag.py:588} INFO - Filling up the DagBag from /home/airflow/.local/lib/python3.12/site-packages/airflow/example_dags/example_skip_dag.py
[2025-03-19T00:26:55.339+0000] {processor.py:925} INFO - DAG(s) 'example_skip_dag' retrieved from /home/airflow/.local/lib/python3.12/site-packages/airflow/example_dags/example_skip_dag.py
[2025-03-19T00:26:55.353+0000] {logging_mixin.py:190} INFO - [2025-03-19T00:26:55.353+0000] {dag.py:3239} INFO - Sync 1 DAGs
[2025-03-19T00:26:55.369+0000] {logging_mixin.py:190} INFO - [2025-03-19T00:26:55.369+0000] {dag.py:4180} INFO - Setting next_dagrun for example_skip_dag to 2025-03-18 00:00:00+00:00, run_after=2025-03-19 00:00:00+00:00
[2025-03-19T00:26:55.381+0000] {processor.py:208} INFO - Processing /home/airflow/.local/lib/python3.12/site-packages/airflow/example_dags/example_skip_dag.py took 0.052 seconds
[2025-03-19T00:27:26.596+0000] {processor.py:186} INFO - Started process (PID=2007) to work on /home/airflow/.local/lib/python3.12/site-packages/airflow/example_dags/example_skip_dag.py
[2025-03-19T00:27:26.597+0000] {processor.py:914} INFO - Processing file /home/airflow/.local/lib/python3.12/site-packages/airflow/example_dags/example_skip_dag.py for tasks to queue
[2025-03-19T00:27:26.598+0000] {logging_mixin.py:190} INFO - [2025-03-19T00:27:26.598+0000] {dagbag.py:588} INFO - Filling up the DagBag from /home/airflow/.local/lib/python3.12/site-packages/airflow/example_dags/example_skip_dag.py
[2025-03-19T00:27:26.603+0000] {processor.py:925} INFO - DAG(s) 'example_skip_dag' retrieved from /home/airflow/.local/lib/python3.12/site-packages/airflow/example_dags/example_skip_dag.py
[2025-03-19T00:27:26.616+0000] {logging_mixin.py:190} INFO - [2025-03-19T00:27:26.616+0000] {dag.py:3239} INFO - Sync 1 DAGs
[2025-03-19T00:27:26.632+0000] {logging_mixin.py:190} INFO - [2025-03-19T00:27:26.632+0000] {dag.py:4180} INFO - Setting next_dagrun for example_skip_dag to 2025-03-18 00:00:00+00:00, run_after=2025-03-19 00:00:00+00:00
[2025-03-19T00:27:26.644+0000] {processor.py:208} INFO - Processing /home/airflow/.local/lib/python3.12/site-packages/airflow/example_dags/example_skip_dag.py took 0.051 seconds
[2025-03-19T00:27:57.932+0000] {processor.py:186} INFO - Started process (PID=2070) to work on /home/airflow/.local/lib/python3.12/site-packages/airflow/example_dags/example_skip_dag.py
[2025-03-19T00:27:57.933+0000] {processor.py:914} INFO - Processing file /home/airflow/.local/lib/python3.12/site-packages/airflow/example_dags/example_skip_dag.py for tasks to queue
[2025-03-19T00:27:57.934+0000] {logging_mixin.py:190} INFO - [2025-03-19T00:27:57.934+0000] {dagbag.py:588} INFO - Filling up the DagBag from /home/airflow/.local/lib/python3.12/site-packages/airflow/example_dags/example_skip_dag.py
[2025-03-19T00:27:57.938+0000] {processor.py:925} INFO - DAG(s) 'example_skip_dag' retrieved from /home/airflow/.local/lib/python3.12/site-packages/airflow/example_dags/example_skip_dag.py
[2025-03-19T00:27:57.952+0000] {logging_mixin.py:190} INFO - [2025-03-19T00:27:57.952+0000] {dag.py:3239} INFO - Sync 1 DAGs
[2025-03-19T00:27:57.968+0000] {logging_mixin.py:190} INFO - [2025-03-19T00:27:57.967+0000] {dag.py:4180} INFO - Setting next_dagrun for example_skip_dag to 2025-03-18 00:00:00+00:00, run_after=2025-03-19 00:00:00+00:00
[2025-03-19T00:27:57.979+0000] {processor.py:208} INFO - Processing /home/airflow/.local/lib/python3.12/site-packages/airflow/example_dags/example_skip_dag.py took 0.051 seconds
[2025-03-19T00:28:29.195+0000] {processor.py:186} INFO - Started process (PID=2133) to work on /home/airflow/.local/lib/python3.12/site-packages/airflow/example_dags/example_skip_dag.py
[2025-03-19T00:28:29.196+0000] {processor.py:914} INFO - Processing file /home/airflow/.local/lib/python3.12/site-packages/airflow/example_dags/example_skip_dag.py for tasks to queue
[2025-03-19T00:28:29.197+0000] {logging_mixin.py:190} INFO - [2025-03-19T00:28:29.197+0000] {dagbag.py:588} INFO - Filling up the DagBag from /home/airflow/.local/lib/python3.12/site-packages/airflow/example_dags/example_skip_dag.py
[2025-03-19T00:28:29.204+0000] {processor.py:925} INFO - DAG(s) 'example_skip_dag' retrieved from /home/airflow/.local/lib/python3.12/site-packages/airflow/example_dags/example_skip_dag.py
[2025-03-19T00:28:29.218+0000] {logging_mixin.py:190} INFO - [2025-03-19T00:28:29.218+0000] {dag.py:3239} INFO - Sync 1 DAGs
[2025-03-19T00:28:29.237+0000] {logging_mixin.py:190} INFO - [2025-03-19T00:28:29.237+0000] {dag.py:4180} INFO - Setting next_dagrun for example_skip_dag to 2025-03-18 00:00:00+00:00, run_after=2025-03-19 00:00:00+00:00
[2025-03-19T00:28:29.251+0000] {processor.py:208} INFO - Processing /home/airflow/.local/lib/python3.12/site-packages/airflow/example_dags/example_skip_dag.py took 0.060 seconds
[2025-03-19T00:29:00.331+0000] {processor.py:186} INFO - Started process (PID=2195) to work on /home/airflow/.local/lib/python3.12/site-packages/airflow/example_dags/example_skip_dag.py
[2025-03-19T00:29:00.331+0000] {processor.py:914} INFO - Processing file /home/airflow/.local/lib/python3.12/site-packages/airflow/example_dags/example_skip_dag.py for tasks to queue
[2025-03-19T00:29:00.332+0000] {logging_mixin.py:190} INFO - [2025-03-19T00:29:00.332+0000] {dagbag.py:588} INFO - Filling up the DagBag from /home/airflow/.local/lib/python3.12/site-packages/airflow/example_dags/example_skip_dag.py
[2025-03-19T00:29:00.337+0000] {processor.py:925} INFO - DAG(s) 'example_skip_dag' retrieved from /home/airflow/.local/lib/python3.12/site-packages/airflow/example_dags/example_skip_dag.py
[2025-03-19T00:29:00.351+0000] {logging_mixin.py:190} INFO - [2025-03-19T00:29:00.351+0000] {dag.py:3239} INFO - Sync 1 DAGs
[2025-03-19T00:29:00.366+0000] {logging_mixin.py:190} INFO - [2025-03-19T00:29:00.366+0000] {dag.py:4180} INFO - Setting next_dagrun for example_skip_dag to 2025-03-18 00:00:00+00:00, run_after=2025-03-19 00:00:00+00:00
[2025-03-19T00:29:00.378+0000] {processor.py:208} INFO - Processing /home/airflow/.local/lib/python3.12/site-packages/airflow/example_dags/example_skip_dag.py took 0.051 seconds
[2025-03-19T00:29:31.533+0000] {processor.py:186} INFO - Started process (PID=2258) to work on /home/airflow/.local/lib/python3.12/site-packages/airflow/example_dags/example_skip_dag.py
[2025-03-19T00:29:31.534+0000] {processor.py:914} INFO - Processing file /home/airflow/.local/lib/python3.12/site-packages/airflow/example_dags/example_skip_dag.py for tasks to queue
[2025-03-19T00:29:31.535+0000] {logging_mixin.py:190} INFO - [2025-03-19T00:29:31.535+0000] {dagbag.py:588} INFO - Filling up the DagBag from /home/airflow/.local/lib/python3.12/site-packages/airflow/example_dags/example_skip_dag.py
[2025-03-19T00:29:31.540+0000] {processor.py:925} INFO - DAG(s) 'example_skip_dag' retrieved from /home/airflow/.local/lib/python3.12/site-packages/airflow/example_dags/example_skip_dag.py
[2025-03-19T00:29:31.554+0000] {logging_mixin.py:190} INFO - [2025-03-19T00:29:31.554+0000] {dag.py:3239} INFO - Sync 1 DAGs
[2025-03-19T00:29:31.571+0000] {logging_mixin.py:190} INFO - [2025-03-19T00:29:31.571+0000] {dag.py:4180} INFO - Setting next_dagrun for example_skip_dag to 2025-03-18 00:00:00+00:00, run_after=2025-03-19 00:00:00+00:00
[2025-03-19T00:29:31.582+0000] {processor.py:208} INFO - Processing /home/airflow/.local/lib/python3.12/site-packages/airflow/example_dags/example_skip_dag.py took 0.052 seconds
[2025-03-19T00:30:02.786+0000] {processor.py:186} INFO - Started process (PID=2321) to work on /home/airflow/.local/lib/python3.12/site-packages/airflow/example_dags/example_skip_dag.py
[2025-03-19T00:30:02.786+0000] {processor.py:914} INFO - Processing file /home/airflow/.local/lib/python3.12/site-packages/airflow/example_dags/example_skip_dag.py for tasks to queue
[2025-03-19T00:30:02.788+0000] {logging_mixin.py:190} INFO - [2025-03-19T00:30:02.787+0000] {dagbag.py:588} INFO - Filling up the DagBag from /home/airflow/.local/lib/python3.12/site-packages/airflow/example_dags/example_skip_dag.py
[2025-03-19T00:30:02.793+0000] {processor.py:925} INFO - DAG(s) 'example_skip_dag' retrieved from /home/airflow/.local/lib/python3.12/site-packages/airflow/example_dags/example_skip_dag.py
[2025-03-19T00:30:02.807+0000] {logging_mixin.py:190} INFO - [2025-03-19T00:30:02.807+0000] {dag.py:3239} INFO - Sync 1 DAGs
[2025-03-19T00:30:02.822+0000] {logging_mixin.py:190} INFO - [2025-03-19T00:30:02.822+0000] {dag.py:4180} INFO - Setting next_dagrun for example_skip_dag to 2025-03-18 00:00:00+00:00, run_after=2025-03-19 00:00:00+00:00
[2025-03-19T00:30:02.834+0000] {processor.py:208} INFO - Processing /home/airflow/.local/lib/python3.12/site-packages/airflow/example_dags/example_skip_dag.py took 0.053 seconds
[2025-03-19T00:30:34.020+0000] {processor.py:186} INFO - Started process (PID=2384) to work on /home/airflow/.local/lib/python3.12/site-packages/airflow/example_dags/example_skip_dag.py
[2025-03-19T00:30:34.021+0000] {processor.py:914} INFO - Processing file /home/airflow/.local/lib/python3.12/site-packages/airflow/example_dags/example_skip_dag.py for tasks to queue
[2025-03-19T00:30:34.022+0000] {logging_mixin.py:190} INFO - [2025-03-19T00:30:34.022+0000] {dagbag.py:588} INFO - Filling up the DagBag from /home/airflow/.local/lib/python3.12/site-packages/airflow/example_dags/example_skip_dag.py
[2025-03-19T00:30:34.027+0000] {processor.py:925} INFO - DAG(s) 'example_skip_dag' retrieved from /home/airflow/.local/lib/python3.12/site-packages/airflow/example_dags/example_skip_dag.py
[2025-03-19T00:30:34.041+0000] {logging_mixin.py:190} INFO - [2025-03-19T00:30:34.041+0000] {dag.py:3239} INFO - Sync 1 DAGs
[2025-03-19T00:30:34.056+0000] {logging_mixin.py:190} INFO - [2025-03-19T00:30:34.056+0000] {dag.py:4180} INFO - Setting next_dagrun for example_skip_dag to 2025-03-18 00:00:00+00:00, run_after=2025-03-19 00:00:00+00:00
[2025-03-19T00:30:34.070+0000] {processor.py:208} INFO - Processing /home/airflow/.local/lib/python3.12/site-packages/airflow/example_dags/example_skip_dag.py took 0.053 seconds
[2025-03-19T00:31:04.488+0000] {processor.py:186} INFO - Started process (PID=2447) to work on /home/airflow/.local/lib/python3.12/site-packages/airflow/example_dags/example_skip_dag.py
[2025-03-19T00:31:04.488+0000] {processor.py:914} INFO - Processing file /home/airflow/.local/lib/python3.12/site-packages/airflow/example_dags/example_skip_dag.py for tasks to queue
[2025-03-19T00:31:04.489+0000] {logging_mixin.py:190} INFO - [2025-03-19T00:31:04.489+0000] {dagbag.py:588} INFO - Filling up the DagBag from /home/airflow/.local/lib/python3.12/site-packages/airflow/example_dags/example_skip_dag.py
[2025-03-19T00:31:04.494+0000] {processor.py:925} INFO - DAG(s) 'example_skip_dag' retrieved from /home/airflow/.local/lib/python3.12/site-packages/airflow/example_dags/example_skip_dag.py
[2025-03-19T00:31:04.508+0000] {logging_mixin.py:190} INFO - [2025-03-19T00:31:04.508+0000] {dag.py:3239} INFO - Sync 1 DAGs
[2025-03-19T00:31:04.523+0000] {logging_mixin.py:190} INFO - [2025-03-19T00:31:04.523+0000] {dag.py:4180} INFO - Setting next_dagrun for example_skip_dag to 2025-03-18 00:00:00+00:00, run_after=2025-03-19 00:00:00+00:00
[2025-03-19T00:31:04.535+0000] {processor.py:208} INFO - Processing /home/airflow/.local/lib/python3.12/site-packages/airflow/example_dags/example_skip_dag.py took 0.050 seconds
[2025-03-19T00:31:35.201+0000] {processor.py:186} INFO - Started process (PID=2510) to work on /home/airflow/.local/lib/python3.12/site-packages/airflow/example_dags/example_skip_dag.py
[2025-03-19T00:31:35.202+0000] {processor.py:914} INFO - Processing file /home/airflow/.local/lib/python3.12/site-packages/airflow/example_dags/example_skip_dag.py for tasks to queue
[2025-03-19T00:31:35.203+0000] {logging_mixin.py:190} INFO - [2025-03-19T00:31:35.203+0000] {dagbag.py:588} INFO - Filling up the DagBag from /home/airflow/.local/lib/python3.12/site-packages/airflow/example_dags/example_skip_dag.py
[2025-03-19T00:31:35.209+0000] {processor.py:925} INFO - DAG(s) 'example_skip_dag' retrieved from /home/airflow/.local/lib/python3.12/site-packages/airflow/example_dags/example_skip_dag.py
[2025-03-19T00:31:35.224+0000] {logging_mixin.py:190} INFO - [2025-03-19T00:31:35.224+0000] {dag.py:3239} INFO - Sync 1 DAGs
[2025-03-19T00:31:35.241+0000] {logging_mixin.py:190} INFO - [2025-03-19T00:31:35.241+0000] {dag.py:4180} INFO - Setting next_dagrun for example_skip_dag to 2025-03-18 00:00:00+00:00, run_after=2025-03-19 00:00:00+00:00
[2025-03-19T00:31:35.253+0000] {processor.py:208} INFO - Processing /home/airflow/.local/lib/python3.12/site-packages/airflow/example_dags/example_skip_dag.py took 0.056 seconds
[2025-03-19T00:32:06.392+0000] {processor.py:186} INFO - Started process (PID=2573) to work on /home/airflow/.local/lib/python3.12/site-packages/airflow/example_dags/example_skip_dag.py
[2025-03-19T00:32:06.394+0000] {processor.py:914} INFO - Processing file /home/airflow/.local/lib/python3.12/site-packages/airflow/example_dags/example_skip_dag.py for tasks to queue
[2025-03-19T00:32:06.395+0000] {logging_mixin.py:190} INFO - [2025-03-19T00:32:06.395+0000] {dagbag.py:588} INFO - Filling up the DagBag from /home/airflow/.local/lib/python3.12/site-packages/airflow/example_dags/example_skip_dag.py
[2025-03-19T00:32:06.400+0000] {processor.py:925} INFO - DAG(s) 'example_skip_dag' retrieved from /home/airflow/.local/lib/python3.12/site-packages/airflow/example_dags/example_skip_dag.py
[2025-03-19T00:32:06.416+0000] {logging_mixin.py:190} INFO - [2025-03-19T00:32:06.416+0000] {dag.py:3239} INFO - Sync 1 DAGs
[2025-03-19T00:32:06.435+0000] {logging_mixin.py:190} INFO - [2025-03-19T00:32:06.434+0000] {dag.py:4180} INFO - Setting next_dagrun for example_skip_dag to 2025-03-18 00:00:00+00:00, run_after=2025-03-19 00:00:00+00:00
[2025-03-19T00:32:06.451+0000] {processor.py:208} INFO - Processing /home/airflow/.local/lib/python3.12/site-packages/airflow/example_dags/example_skip_dag.py took 0.064 seconds
[2025-03-19T00:32:37.390+0000] {processor.py:186} INFO - Started process (PID=2636) to work on /home/airflow/.local/lib/python3.12/site-packages/airflow/example_dags/example_skip_dag.py
[2025-03-19T00:32:37.391+0000] {processor.py:914} INFO - Processing file /home/airflow/.local/lib/python3.12/site-packages/airflow/example_dags/example_skip_dag.py for tasks to queue
[2025-03-19T00:32:37.392+0000] {logging_mixin.py:190} INFO - [2025-03-19T00:32:37.392+0000] {dagbag.py:588} INFO - Filling up the DagBag from /home/airflow/.local/lib/python3.12/site-packages/airflow/example_dags/example_skip_dag.py
[2025-03-19T00:32:37.398+0000] {processor.py:925} INFO - DAG(s) 'example_skip_dag' retrieved from /home/airflow/.local/lib/python3.12/site-packages/airflow/example_dags/example_skip_dag.py
[2025-03-19T00:32:37.414+0000] {logging_mixin.py:190} INFO - [2025-03-19T00:32:37.414+0000] {dag.py:3239} INFO - Sync 1 DAGs
[2025-03-19T00:32:37.433+0000] {logging_mixin.py:190} INFO - [2025-03-19T00:32:37.433+0000] {dag.py:4180} INFO - Setting next_dagrun for example_skip_dag to 2025-03-18 00:00:00+00:00, run_after=2025-03-19 00:00:00+00:00
[2025-03-19T00:32:37.446+0000] {processor.py:208} INFO - Processing /home/airflow/.local/lib/python3.12/site-packages/airflow/example_dags/example_skip_dag.py took 0.059 seconds
[2025-03-19T00:33:08.558+0000] {processor.py:186} INFO - Started process (PID=2699) to work on /home/airflow/.local/lib/python3.12/site-packages/airflow/example_dags/example_skip_dag.py
[2025-03-19T00:33:08.558+0000] {processor.py:914} INFO - Processing file /home/airflow/.local/lib/python3.12/site-packages/airflow/example_dags/example_skip_dag.py for tasks to queue
[2025-03-19T00:33:08.560+0000] {logging_mixin.py:190} INFO - [2025-03-19T00:33:08.559+0000] {dagbag.py:588} INFO - Filling up the DagBag from /home/airflow/.local/lib/python3.12/site-packages/airflow/example_dags/example_skip_dag.py
[2025-03-19T00:33:08.565+0000] {processor.py:925} INFO - DAG(s) 'example_skip_dag' retrieved from /home/airflow/.local/lib/python3.12/site-packages/airflow/example_dags/example_skip_dag.py
[2025-03-19T00:33:08.580+0000] {logging_mixin.py:190} INFO - [2025-03-19T00:33:08.580+0000] {dag.py:3239} INFO - Sync 1 DAGs
[2025-03-19T00:33:08.597+0000] {logging_mixin.py:190} INFO - [2025-03-19T00:33:08.597+0000] {dag.py:4180} INFO - Setting next_dagrun for example_skip_dag to 2025-03-18 00:00:00+00:00, run_after=2025-03-19 00:00:00+00:00
[2025-03-19T00:33:08.611+0000] {processor.py:208} INFO - Processing /home/airflow/.local/lib/python3.12/site-packages/airflow/example_dags/example_skip_dag.py took 0.059 seconds
[2025-03-19T00:33:38.817+0000] {processor.py:186} INFO - Started process (PID=2762) to work on /home/airflow/.local/lib/python3.12/site-packages/airflow/example_dags/example_skip_dag.py
[2025-03-19T00:33:38.818+0000] {processor.py:914} INFO - Processing file /home/airflow/.local/lib/python3.12/site-packages/airflow/example_dags/example_skip_dag.py for tasks to queue
[2025-03-19T00:33:38.819+0000] {logging_mixin.py:190} INFO - [2025-03-19T00:33:38.819+0000] {dagbag.py:588} INFO - Filling up the DagBag from /home/airflow/.local/lib/python3.12/site-packages/airflow/example_dags/example_skip_dag.py
[2025-03-19T00:33:38.824+0000] {processor.py:925} INFO - DAG(s) 'example_skip_dag' retrieved from /home/airflow/.local/lib/python3.12/site-packages/airflow/example_dags/example_skip_dag.py
[2025-03-19T00:33:38.838+0000] {logging_mixin.py:190} INFO - [2025-03-19T00:33:38.837+0000] {dag.py:3239} INFO - Sync 1 DAGs
[2025-03-19T00:33:38.854+0000] {logging_mixin.py:190} INFO - [2025-03-19T00:33:38.853+0000] {dag.py:4180} INFO - Setting next_dagrun for example_skip_dag to 2025-03-18 00:00:00+00:00, run_after=2025-03-19 00:00:00+00:00
[2025-03-19T00:33:38.865+0000] {processor.py:208} INFO - Processing /home/airflow/.local/lib/python3.12/site-packages/airflow/example_dags/example_skip_dag.py took 0.051 seconds
[2025-03-19T00:34:09.803+0000] {processor.py:186} INFO - Started process (PID=2828) to work on /home/airflow/.local/lib/python3.12/site-packages/airflow/example_dags/example_skip_dag.py
[2025-03-19T00:34:09.804+0000] {processor.py:914} INFO - Processing file /home/airflow/.local/lib/python3.12/site-packages/airflow/example_dags/example_skip_dag.py for tasks to queue
[2025-03-19T00:34:09.805+0000] {logging_mixin.py:190} INFO - [2025-03-19T00:34:09.805+0000] {dagbag.py:588} INFO - Filling up the DagBag from /home/airflow/.local/lib/python3.12/site-packages/airflow/example_dags/example_skip_dag.py
[2025-03-19T00:34:09.810+0000] {processor.py:925} INFO - DAG(s) 'example_skip_dag' retrieved from /home/airflow/.local/lib/python3.12/site-packages/airflow/example_dags/example_skip_dag.py
[2025-03-19T00:34:09.825+0000] {logging_mixin.py:190} INFO - [2025-03-19T00:34:09.824+0000] {dag.py:3239} INFO - Sync 1 DAGs
[2025-03-19T00:34:09.841+0000] {logging_mixin.py:190} INFO - [2025-03-19T00:34:09.841+0000] {dag.py:4180} INFO - Setting next_dagrun for example_skip_dag to 2025-03-18 00:00:00+00:00, run_after=2025-03-19 00:00:00+00:00
[2025-03-19T00:34:09.854+0000] {processor.py:208} INFO - Processing /home/airflow/.local/lib/python3.12/site-packages/airflow/example_dags/example_skip_dag.py took 0.055 seconds
[2025-03-19T00:34:40.591+0000] {processor.py:186} INFO - Started process (PID=2891) to work on /home/airflow/.local/lib/python3.12/site-packages/airflow/example_dags/example_skip_dag.py
[2025-03-19T00:34:40.592+0000] {processor.py:914} INFO - Processing file /home/airflow/.local/lib/python3.12/site-packages/airflow/example_dags/example_skip_dag.py for tasks to queue
[2025-03-19T00:34:40.593+0000] {logging_mixin.py:190} INFO - [2025-03-19T00:34:40.593+0000] {dagbag.py:588} INFO - Filling up the DagBag from /home/airflow/.local/lib/python3.12/site-packages/airflow/example_dags/example_skip_dag.py
[2025-03-19T00:34:40.598+0000] {processor.py:925} INFO - DAG(s) 'example_skip_dag' retrieved from /home/airflow/.local/lib/python3.12/site-packages/airflow/example_dags/example_skip_dag.py
[2025-03-19T00:34:40.612+0000] {logging_mixin.py:190} INFO - [2025-03-19T00:34:40.612+0000] {dag.py:3239} INFO - Sync 1 DAGs
[2025-03-19T00:34:40.629+0000] {logging_mixin.py:190} INFO - [2025-03-19T00:34:40.628+0000] {dag.py:4180} INFO - Setting next_dagrun for example_skip_dag to 2025-03-18 00:00:00+00:00, run_after=2025-03-19 00:00:00+00:00
[2025-03-19T00:34:40.641+0000] {processor.py:208} INFO - Processing /home/airflow/.local/lib/python3.12/site-packages/airflow/example_dags/example_skip_dag.py took 0.054 seconds
[2025-03-19T00:35:12.363+0000] {processor.py:186} INFO - Started process (PID=2954) to work on /home/airflow/.local/lib/python3.12/site-packages/airflow/example_dags/example_skip_dag.py
[2025-03-19T00:35:12.364+0000] {processor.py:914} INFO - Processing file /home/airflow/.local/lib/python3.12/site-packages/airflow/example_dags/example_skip_dag.py for tasks to queue
[2025-03-19T00:35:12.365+0000] {logging_mixin.py:190} INFO - [2025-03-19T00:35:12.365+0000] {dagbag.py:588} INFO - Filling up the DagBag from /home/airflow/.local/lib/python3.12/site-packages/airflow/example_dags/example_skip_dag.py
[2025-03-19T00:35:12.370+0000] {processor.py:925} INFO - DAG(s) 'example_skip_dag' retrieved from /home/airflow/.local/lib/python3.12/site-packages/airflow/example_dags/example_skip_dag.py
[2025-03-19T00:35:12.384+0000] {logging_mixin.py:190} INFO - [2025-03-19T00:35:12.384+0000] {dag.py:3239} INFO - Sync 1 DAGs
[2025-03-19T00:35:12.401+0000] {logging_mixin.py:190} INFO - [2025-03-19T00:35:12.401+0000] {dag.py:4180} INFO - Setting next_dagrun for example_skip_dag to 2025-03-18 00:00:00+00:00, run_after=2025-03-19 00:00:00+00:00
[2025-03-19T00:35:12.414+0000] {processor.py:208} INFO - Processing /home/airflow/.local/lib/python3.12/site-packages/airflow/example_dags/example_skip_dag.py took 0.054 seconds
[2025-03-19T00:35:42.855+0000] {processor.py:186} INFO - Started process (PID=3017) to work on /home/airflow/.local/lib/python3.12/site-packages/airflow/example_dags/example_skip_dag.py
[2025-03-19T00:35:42.856+0000] {processor.py:914} INFO - Processing file /home/airflow/.local/lib/python3.12/site-packages/airflow/example_dags/example_skip_dag.py for tasks to queue
[2025-03-19T00:35:42.857+0000] {logging_mixin.py:190} INFO - [2025-03-19T00:35:42.857+0000] {dagbag.py:588} INFO - Filling up the DagBag from /home/airflow/.local/lib/python3.12/site-packages/airflow/example_dags/example_skip_dag.py
[2025-03-19T00:35:42.862+0000] {processor.py:925} INFO - DAG(s) 'example_skip_dag' retrieved from /home/airflow/.local/lib/python3.12/site-packages/airflow/example_dags/example_skip_dag.py
[2025-03-19T00:35:42.876+0000] {logging_mixin.py:190} INFO - [2025-03-19T00:35:42.876+0000] {dag.py:3239} INFO - Sync 1 DAGs
[2025-03-19T00:35:42.897+0000] {logging_mixin.py:190} INFO - [2025-03-19T00:35:42.897+0000] {dag.py:4180} INFO - Setting next_dagrun for example_skip_dag to 2025-03-18 00:00:00+00:00, run_after=2025-03-19 00:00:00+00:00
[2025-03-19T00:35:42.910+0000] {processor.py:208} INFO - Processing /home/airflow/.local/lib/python3.12/site-packages/airflow/example_dags/example_skip_dag.py took 0.060 seconds
[2025-03-19T00:36:13.317+0000] {processor.py:186} INFO - Started process (PID=3080) to work on /home/airflow/.local/lib/python3.12/site-packages/airflow/example_dags/example_skip_dag.py
[2025-03-19T00:36:13.318+0000] {processor.py:914} INFO - Processing file /home/airflow/.local/lib/python3.12/site-packages/airflow/example_dags/example_skip_dag.py for tasks to queue
[2025-03-19T00:36:13.319+0000] {logging_mixin.py:190} INFO - [2025-03-19T00:36:13.319+0000] {dagbag.py:588} INFO - Filling up the DagBag from /home/airflow/.local/lib/python3.12/site-packages/airflow/example_dags/example_skip_dag.py
[2025-03-19T00:36:13.328+0000] {processor.py:925} INFO - DAG(s) 'example_skip_dag' retrieved from /home/airflow/.local/lib/python3.12/site-packages/airflow/example_dags/example_skip_dag.py
[2025-03-19T00:36:13.346+0000] {logging_mixin.py:190} INFO - [2025-03-19T00:36:13.346+0000] {dag.py:3239} INFO - Sync 1 DAGs
[2025-03-19T00:36:13.367+0000] {logging_mixin.py:190} INFO - [2025-03-19T00:36:13.367+0000] {dag.py:4180} INFO - Setting next_dagrun for example_skip_dag to 2025-03-18 00:00:00+00:00, run_after=2025-03-19 00:00:00+00:00
[2025-03-19T00:36:13.381+0000] {processor.py:208} INFO - Processing /home/airflow/.local/lib/python3.12/site-packages/airflow/example_dags/example_skip_dag.py took 0.067 seconds
[2025-03-19T00:36:44.307+0000] {processor.py:186} INFO - Started process (PID=3143) to work on /home/airflow/.local/lib/python3.12/site-packages/airflow/example_dags/example_skip_dag.py
[2025-03-19T00:36:44.307+0000] {processor.py:914} INFO - Processing file /home/airflow/.local/lib/python3.12/site-packages/airflow/example_dags/example_skip_dag.py for tasks to queue
[2025-03-19T00:36:44.309+0000] {logging_mixin.py:190} INFO - [2025-03-19T00:36:44.309+0000] {dagbag.py:588} INFO - Filling up the DagBag from /home/airflow/.local/lib/python3.12/site-packages/airflow/example_dags/example_skip_dag.py
[2025-03-19T00:36:44.314+0000] {processor.py:925} INFO - DAG(s) 'example_skip_dag' retrieved from /home/airflow/.local/lib/python3.12/site-packages/airflow/example_dags/example_skip_dag.py
[2025-03-19T00:36:44.328+0000] {logging_mixin.py:190} INFO - [2025-03-19T00:36:44.328+0000] {dag.py:3239} INFO - Sync 1 DAGs
[2025-03-19T00:36:44.343+0000] {logging_mixin.py:190} INFO - [2025-03-19T00:36:44.343+0000] {dag.py:4180} INFO - Setting next_dagrun for example_skip_dag to 2025-03-18 00:00:00+00:00, run_after=2025-03-19 00:00:00+00:00
[2025-03-19T00:36:44.355+0000] {processor.py:208} INFO - Processing /home/airflow/.local/lib/python3.12/site-packages/airflow/example_dags/example_skip_dag.py took 0.052 seconds
[2025-03-19T00:37:15.310+0000] {processor.py:186} INFO - Started process (PID=3207) to work on /home/airflow/.local/lib/python3.12/site-packages/airflow/example_dags/example_skip_dag.py
[2025-03-19T00:37:15.310+0000] {processor.py:914} INFO - Processing file /home/airflow/.local/lib/python3.12/site-packages/airflow/example_dags/example_skip_dag.py for tasks to queue
[2025-03-19T00:37:15.312+0000] {logging_mixin.py:190} INFO - [2025-03-19T00:37:15.312+0000] {dagbag.py:588} INFO - Filling up the DagBag from /home/airflow/.local/lib/python3.12/site-packages/airflow/example_dags/example_skip_dag.py
[2025-03-19T00:37:15.320+0000] {processor.py:925} INFO - DAG(s) 'example_skip_dag' retrieved from /home/airflow/.local/lib/python3.12/site-packages/airflow/example_dags/example_skip_dag.py
[2025-03-19T00:37:15.342+0000] {logging_mixin.py:190} INFO - [2025-03-19T00:37:15.341+0000] {dag.py:3239} INFO - Sync 1 DAGs
[2025-03-19T00:37:15.368+0000] {logging_mixin.py:190} INFO - [2025-03-19T00:37:15.367+0000] {dag.py:4180} INFO - Setting next_dagrun for example_skip_dag to 2025-03-18 00:00:00+00:00, run_after=2025-03-19 00:00:00+00:00
[2025-03-19T00:37:15.385+0000] {processor.py:208} INFO - Processing /home/airflow/.local/lib/python3.12/site-packages/airflow/example_dags/example_skip_dag.py took 0.083 seconds
[2025-03-19T00:37:45.723+0000] {processor.py:186} INFO - Started process (PID=3271) to work on /home/airflow/.local/lib/python3.12/site-packages/airflow/example_dags/example_skip_dag.py
[2025-03-19T00:37:45.723+0000] {processor.py:914} INFO - Processing file /home/airflow/.local/lib/python3.12/site-packages/airflow/example_dags/example_skip_dag.py for tasks to queue
[2025-03-19T00:37:45.724+0000] {logging_mixin.py:190} INFO - [2025-03-19T00:37:45.724+0000] {dagbag.py:588} INFO - Filling up the DagBag from /home/airflow/.local/lib/python3.12/site-packages/airflow/example_dags/example_skip_dag.py
[2025-03-19T00:37:45.730+0000] {processor.py:925} INFO - DAG(s) 'example_skip_dag' retrieved from /home/airflow/.local/lib/python3.12/site-packages/airflow/example_dags/example_skip_dag.py
[2025-03-19T00:37:45.745+0000] {logging_mixin.py:190} INFO - [2025-03-19T00:37:45.745+0000] {dag.py:3239} INFO - Sync 1 DAGs
[2025-03-19T00:37:45.764+0000] {logging_mixin.py:190} INFO - [2025-03-19T00:37:45.763+0000] {dag.py:4180} INFO - Setting next_dagrun for example_skip_dag to 2025-03-18 00:00:00+00:00, run_after=2025-03-19 00:00:00+00:00
[2025-03-19T00:37:45.776+0000] {processor.py:208} INFO - Processing /home/airflow/.local/lib/python3.12/site-packages/airflow/example_dags/example_skip_dag.py took 0.057 seconds
[2025-03-19T00:38:16.964+0000] {processor.py:186} INFO - Started process (PID=3335) to work on /home/airflow/.local/lib/python3.12/site-packages/airflow/example_dags/example_skip_dag.py
[2025-03-19T00:38:16.966+0000] {processor.py:914} INFO - Processing file /home/airflow/.local/lib/python3.12/site-packages/airflow/example_dags/example_skip_dag.py for tasks to queue
[2025-03-19T00:38:16.967+0000] {logging_mixin.py:190} INFO - [2025-03-19T00:38:16.967+0000] {dagbag.py:588} INFO - Filling up the DagBag from /home/airflow/.local/lib/python3.12/site-packages/airflow/example_dags/example_skip_dag.py
[2025-03-19T00:38:16.972+0000] {processor.py:925} INFO - DAG(s) 'example_skip_dag' retrieved from /home/airflow/.local/lib/python3.12/site-packages/airflow/example_dags/example_skip_dag.py
[2025-03-19T00:38:16.986+0000] {logging_mixin.py:190} INFO - [2025-03-19T00:38:16.986+0000] {dag.py:3239} INFO - Sync 1 DAGs
[2025-03-19T00:38:17.005+0000] {logging_mixin.py:190} INFO - [2025-03-19T00:38:17.005+0000] {dag.py:4180} INFO - Setting next_dagrun for example_skip_dag to 2025-03-18 00:00:00+00:00, run_after=2025-03-19 00:00:00+00:00
[2025-03-19T00:38:17.129+0000] {processor.py:208} INFO - Processing /home/airflow/.local/lib/python3.12/site-packages/airflow/example_dags/example_skip_dag.py took 0.169 seconds
[2025-03-19T00:38:47.971+0000] {processor.py:186} INFO - Started process (PID=3399) to work on /home/airflow/.local/lib/python3.12/site-packages/airflow/example_dags/example_skip_dag.py
[2025-03-19T00:38:47.972+0000] {processor.py:914} INFO - Processing file /home/airflow/.local/lib/python3.12/site-packages/airflow/example_dags/example_skip_dag.py for tasks to queue
[2025-03-19T00:38:47.973+0000] {logging_mixin.py:190} INFO - [2025-03-19T00:38:47.973+0000] {dagbag.py:588} INFO - Filling up the DagBag from /home/airflow/.local/lib/python3.12/site-packages/airflow/example_dags/example_skip_dag.py
[2025-03-19T00:38:47.980+0000] {processor.py:925} INFO - DAG(s) 'example_skip_dag' retrieved from /home/airflow/.local/lib/python3.12/site-packages/airflow/example_dags/example_skip_dag.py
[2025-03-19T00:38:47.996+0000] {logging_mixin.py:190} INFO - [2025-03-19T00:38:47.996+0000] {dag.py:3239} INFO - Sync 1 DAGs
[2025-03-19T00:38:48.129+0000] {logging_mixin.py:190} INFO - [2025-03-19T00:38:48.129+0000] {dag.py:4180} INFO - Setting next_dagrun for example_skip_dag to 2025-03-18 00:00:00+00:00, run_after=2025-03-19 00:00:00+00:00
[2025-03-19T00:38:48.144+0000] {processor.py:208} INFO - Processing /home/airflow/.local/lib/python3.12/site-packages/airflow/example_dags/example_skip_dag.py took 0.178 seconds
[2025-03-19T00:39:18.730+0000] {processor.py:186} INFO - Started process (PID=3463) to work on /home/airflow/.local/lib/python3.12/site-packages/airflow/example_dags/example_skip_dag.py
[2025-03-19T00:39:18.731+0000] {processor.py:914} INFO - Processing file /home/airflow/.local/lib/python3.12/site-packages/airflow/example_dags/example_skip_dag.py for tasks to queue
[2025-03-19T00:39:18.732+0000] {logging_mixin.py:190} INFO - [2025-03-19T00:39:18.732+0000] {dagbag.py:588} INFO - Filling up the DagBag from /home/airflow/.local/lib/python3.12/site-packages/airflow/example_dags/example_skip_dag.py
[2025-03-19T00:39:18.737+0000] {processor.py:925} INFO - DAG(s) 'example_skip_dag' retrieved from /home/airflow/.local/lib/python3.12/site-packages/airflow/example_dags/example_skip_dag.py
[2025-03-19T00:39:18.751+0000] {logging_mixin.py:190} INFO - [2025-03-19T00:39:18.751+0000] {dag.py:3239} INFO - Sync 1 DAGs
[2025-03-19T00:39:18.868+0000] {logging_mixin.py:190} INFO - [2025-03-19T00:39:18.868+0000] {dag.py:4180} INFO - Setting next_dagrun for example_skip_dag to 2025-03-18 00:00:00+00:00, run_after=2025-03-19 00:00:00+00:00
[2025-03-19T00:39:18.880+0000] {processor.py:208} INFO - Processing /home/airflow/.local/lib/python3.12/site-packages/airflow/example_dags/example_skip_dag.py took 0.153 seconds
[2025-03-19T00:39:49.994+0000] {processor.py:186} INFO - Started process (PID=3527) to work on /home/airflow/.local/lib/python3.12/site-packages/airflow/example_dags/example_skip_dag.py
[2025-03-19T00:39:49.994+0000] {processor.py:914} INFO - Processing file /home/airflow/.local/lib/python3.12/site-packages/airflow/example_dags/example_skip_dag.py for tasks to queue
[2025-03-19T00:39:49.996+0000] {logging_mixin.py:190} INFO - [2025-03-19T00:39:49.995+0000] {dagbag.py:588} INFO - Filling up the DagBag from /home/airflow/.local/lib/python3.12/site-packages/airflow/example_dags/example_skip_dag.py
[2025-03-19T00:39:50.001+0000] {processor.py:925} INFO - DAG(s) 'example_skip_dag' retrieved from /home/airflow/.local/lib/python3.12/site-packages/airflow/example_dags/example_skip_dag.py
[2025-03-19T00:39:50.017+0000] {logging_mixin.py:190} INFO - [2025-03-19T00:39:50.017+0000] {dag.py:3239} INFO - Sync 1 DAGs
[2025-03-19T00:39:50.148+0000] {logging_mixin.py:190} INFO - [2025-03-19T00:39:50.147+0000] {dag.py:4180} INFO - Setting next_dagrun for example_skip_dag to 2025-03-18 00:00:00+00:00, run_after=2025-03-19 00:00:00+00:00
[2025-03-19T00:39:50.161+0000] {processor.py:208} INFO - Processing /home/airflow/.local/lib/python3.12/site-packages/airflow/example_dags/example_skip_dag.py took 0.171 seconds
[2025-03-19T00:40:21.326+0000] {processor.py:186} INFO - Started process (PID=3591) to work on /home/airflow/.local/lib/python3.12/site-packages/airflow/example_dags/example_skip_dag.py
[2025-03-19T00:40:21.326+0000] {processor.py:914} INFO - Processing file /home/airflow/.local/lib/python3.12/site-packages/airflow/example_dags/example_skip_dag.py for tasks to queue
[2025-03-19T00:40:21.327+0000] {logging_mixin.py:190} INFO - [2025-03-19T00:40:21.327+0000] {dagbag.py:588} INFO - Filling up the DagBag from /home/airflow/.local/lib/python3.12/site-packages/airflow/example_dags/example_skip_dag.py
[2025-03-19T00:40:21.332+0000] {processor.py:925} INFO - DAG(s) 'example_skip_dag' retrieved from /home/airflow/.local/lib/python3.12/site-packages/airflow/example_dags/example_skip_dag.py
[2025-03-19T00:40:21.346+0000] {logging_mixin.py:190} INFO - [2025-03-19T00:40:21.345+0000] {dag.py:3239} INFO - Sync 1 DAGs
[2025-03-19T00:40:21.462+0000] {logging_mixin.py:190} INFO - [2025-03-19T00:40:21.462+0000] {dag.py:4180} INFO - Setting next_dagrun for example_skip_dag to 2025-03-18 00:00:00+00:00, run_after=2025-03-19 00:00:00+00:00
[2025-03-19T00:40:21.474+0000] {processor.py:208} INFO - Processing /home/airflow/.local/lib/python3.12/site-packages/airflow/example_dags/example_skip_dag.py took 0.152 seconds
[2025-03-19T00:41:19.367+0000] {processor.py:186} INFO - Started process (PID=114) to work on /home/airflow/.local/lib/python3.12/site-packages/airflow/example_dags/example_skip_dag.py
[2025-03-19T00:41:19.368+0000] {processor.py:914} INFO - Processing file /home/airflow/.local/lib/python3.12/site-packages/airflow/example_dags/example_skip_dag.py for tasks to queue
[2025-03-19T00:41:19.369+0000] {logging_mixin.py:190} INFO - [2025-03-19T00:41:19.369+0000] {dagbag.py:588} INFO - Filling up the DagBag from /home/airflow/.local/lib/python3.12/site-packages/airflow/example_dags/example_skip_dag.py
[2025-03-19T00:41:19.375+0000] {processor.py:925} INFO - DAG(s) 'example_skip_dag' retrieved from /home/airflow/.local/lib/python3.12/site-packages/airflow/example_dags/example_skip_dag.py
[2025-03-19T00:41:19.390+0000] {logging_mixin.py:190} INFO - [2025-03-19T00:41:19.390+0000] {dag.py:3239} INFO - Sync 1 DAGs
[2025-03-19T00:41:19.408+0000] {logging_mixin.py:190} INFO - [2025-03-19T00:41:19.408+0000] {dag.py:4180} INFO - Setting next_dagrun for example_skip_dag to 2025-03-18 00:00:00+00:00, run_after=2025-03-19 00:00:00+00:00
[2025-03-19T00:41:19.422+0000] {processor.py:208} INFO - Processing /home/airflow/.local/lib/python3.12/site-packages/airflow/example_dags/example_skip_dag.py took 0.058 seconds
[2025-03-19T00:41:49.746+0000] {processor.py:186} INFO - Started process (PID=178) to work on /home/airflow/.local/lib/python3.12/site-packages/airflow/example_dags/example_skip_dag.py
[2025-03-19T00:41:49.746+0000] {processor.py:914} INFO - Processing file /home/airflow/.local/lib/python3.12/site-packages/airflow/example_dags/example_skip_dag.py for tasks to queue
[2025-03-19T00:41:49.747+0000] {logging_mixin.py:190} INFO - [2025-03-19T00:41:49.747+0000] {dagbag.py:588} INFO - Filling up the DagBag from /home/airflow/.local/lib/python3.12/site-packages/airflow/example_dags/example_skip_dag.py
[2025-03-19T00:41:49.752+0000] {processor.py:925} INFO - DAG(s) 'example_skip_dag' retrieved from /home/airflow/.local/lib/python3.12/site-packages/airflow/example_dags/example_skip_dag.py
[2025-03-19T00:41:49.766+0000] {logging_mixin.py:190} INFO - [2025-03-19T00:41:49.766+0000] {dag.py:3239} INFO - Sync 1 DAGs
[2025-03-19T00:41:49.782+0000] {logging_mixin.py:190} INFO - [2025-03-19T00:41:49.782+0000] {dag.py:4180} INFO - Setting next_dagrun for example_skip_dag to 2025-03-18 00:00:00+00:00, run_after=2025-03-19 00:00:00+00:00
[2025-03-19T00:41:49.795+0000] {processor.py:208} INFO - Processing /home/airflow/.local/lib/python3.12/site-packages/airflow/example_dags/example_skip_dag.py took 0.052 seconds
[2025-03-19T00:42:21.038+0000] {processor.py:186} INFO - Started process (PID=242) to work on /home/airflow/.local/lib/python3.12/site-packages/airflow/example_dags/example_skip_dag.py
[2025-03-19T00:42:21.038+0000] {processor.py:914} INFO - Processing file /home/airflow/.local/lib/python3.12/site-packages/airflow/example_dags/example_skip_dag.py for tasks to queue
[2025-03-19T00:42:21.039+0000] {logging_mixin.py:190} INFO - [2025-03-19T00:42:21.039+0000] {dagbag.py:588} INFO - Filling up the DagBag from /home/airflow/.local/lib/python3.12/site-packages/airflow/example_dags/example_skip_dag.py
[2025-03-19T00:42:21.044+0000] {processor.py:925} INFO - DAG(s) 'example_skip_dag' retrieved from /home/airflow/.local/lib/python3.12/site-packages/airflow/example_dags/example_skip_dag.py
[2025-03-19T00:42:21.058+0000] {logging_mixin.py:190} INFO - [2025-03-19T00:42:21.058+0000] {dag.py:3239} INFO - Sync 1 DAGs
[2025-03-19T00:42:21.074+0000] {logging_mixin.py:190} INFO - [2025-03-19T00:42:21.074+0000] {dag.py:4180} INFO - Setting next_dagrun for example_skip_dag to 2025-03-18 00:00:00+00:00, run_after=2025-03-19 00:00:00+00:00
[2025-03-19T00:42:21.086+0000] {processor.py:208} INFO - Processing /home/airflow/.local/lib/python3.12/site-packages/airflow/example_dags/example_skip_dag.py took 0.052 seconds
[2025-03-19T00:42:52.617+0000] {processor.py:186} INFO - Started process (PID=306) to work on /home/airflow/.local/lib/python3.12/site-packages/airflow/example_dags/example_skip_dag.py
[2025-03-19T00:42:52.617+0000] {processor.py:914} INFO - Processing file /home/airflow/.local/lib/python3.12/site-packages/airflow/example_dags/example_skip_dag.py for tasks to queue
[2025-03-19T00:42:52.618+0000] {logging_mixin.py:190} INFO - [2025-03-19T00:42:52.618+0000] {dagbag.py:588} INFO - Filling up the DagBag from /home/airflow/.local/lib/python3.12/site-packages/airflow/example_dags/example_skip_dag.py
[2025-03-19T00:42:52.624+0000] {processor.py:925} INFO - DAG(s) 'example_skip_dag' retrieved from /home/airflow/.local/lib/python3.12/site-packages/airflow/example_dags/example_skip_dag.py
[2025-03-19T00:42:52.639+0000] {logging_mixin.py:190} INFO - [2025-03-19T00:42:52.638+0000] {dag.py:3239} INFO - Sync 1 DAGs
[2025-03-19T00:42:52.655+0000] {logging_mixin.py:190} INFO - [2025-03-19T00:42:52.655+0000] {dag.py:4180} INFO - Setting next_dagrun for example_skip_dag to 2025-03-18 00:00:00+00:00, run_after=2025-03-19 00:00:00+00:00
[2025-03-19T00:42:52.668+0000] {processor.py:208} INFO - Processing /home/airflow/.local/lib/python3.12/site-packages/airflow/example_dags/example_skip_dag.py took 0.055 seconds
[2025-03-19T00:43:23.150+0000] {processor.py:186} INFO - Started process (PID=370) to work on /home/airflow/.local/lib/python3.12/site-packages/airflow/example_dags/example_skip_dag.py
[2025-03-19T00:43:23.150+0000] {processor.py:914} INFO - Processing file /home/airflow/.local/lib/python3.12/site-packages/airflow/example_dags/example_skip_dag.py for tasks to queue
[2025-03-19T00:43:23.151+0000] {logging_mixin.py:190} INFO - [2025-03-19T00:43:23.151+0000] {dagbag.py:588} INFO - Filling up the DagBag from /home/airflow/.local/lib/python3.12/site-packages/airflow/example_dags/example_skip_dag.py
[2025-03-19T00:43:23.157+0000] {processor.py:925} INFO - DAG(s) 'example_skip_dag' retrieved from /home/airflow/.local/lib/python3.12/site-packages/airflow/example_dags/example_skip_dag.py
[2025-03-19T00:43:23.171+0000] {logging_mixin.py:190} INFO - [2025-03-19T00:43:23.171+0000] {dag.py:3239} INFO - Sync 1 DAGs
[2025-03-19T00:43:23.187+0000] {logging_mixin.py:190} INFO - [2025-03-19T00:43:23.187+0000] {dag.py:4180} INFO - Setting next_dagrun for example_skip_dag to 2025-03-18 00:00:00+00:00, run_after=2025-03-19 00:00:00+00:00
[2025-03-19T00:43:23.200+0000] {processor.py:208} INFO - Processing /home/airflow/.local/lib/python3.12/site-packages/airflow/example_dags/example_skip_dag.py took 0.054 seconds
[2025-03-19T00:43:53.639+0000] {processor.py:186} INFO - Started process (PID=434) to work on /home/airflow/.local/lib/python3.12/site-packages/airflow/example_dags/example_skip_dag.py
[2025-03-19T00:43:53.639+0000] {processor.py:914} INFO - Processing file /home/airflow/.local/lib/python3.12/site-packages/airflow/example_dags/example_skip_dag.py for tasks to queue
[2025-03-19T00:43:53.641+0000] {logging_mixin.py:190} INFO - [2025-03-19T00:43:53.641+0000] {dagbag.py:588} INFO - Filling up the DagBag from /home/airflow/.local/lib/python3.12/site-packages/airflow/example_dags/example_skip_dag.py
[2025-03-19T00:43:53.647+0000] {processor.py:925} INFO - DAG(s) 'example_skip_dag' retrieved from /home/airflow/.local/lib/python3.12/site-packages/airflow/example_dags/example_skip_dag.py
[2025-03-19T00:43:53.663+0000] {logging_mixin.py:190} INFO - [2025-03-19T00:43:53.663+0000] {dag.py:3239} INFO - Sync 1 DAGs
[2025-03-19T00:43:53.680+0000] {logging_mixin.py:190} INFO - [2025-03-19T00:43:53.680+0000] {dag.py:4180} INFO - Setting next_dagrun for example_skip_dag to 2025-03-18 00:00:00+00:00, run_after=2025-03-19 00:00:00+00:00
[2025-03-19T00:43:53.693+0000] {processor.py:208} INFO - Processing /home/airflow/.local/lib/python3.12/site-packages/airflow/example_dags/example_skip_dag.py took 0.058 seconds
