[2025-03-19T00:11:55.226+0000] {processor.py:186} INFO - Started process (PID=97) to work on /home/airflow/.local/lib/python3.12/site-packages/airflow/example_dags/example_dynamic_task_mapping.py
[2025-03-19T00:11:55.227+0000] {processor.py:914} INFO - Processing file /home/airflow/.local/lib/python3.12/site-packages/airflow/example_dags/example_dynamic_task_mapping.py for tasks to queue
[2025-03-19T00:11:55.228+0000] {logging_mixin.py:190} INFO - [2025-03-19T00:11:55.228+0000] {dagbag.py:588} INFO - Filling up the DagBag from /home/airflow/.local/lib/python3.12/site-packages/airflow/example_dags/example_dynamic_task_mapping.py
[2025-03-19T00:11:55.233+0000] {processor.py:925} INFO - DAG(s) 'example_dynamic_task_mapping' retrieved from /home/airflow/.local/lib/python3.12/site-packages/airflow/example_dags/example_dynamic_task_mapping.py
[2025-03-19T00:11:55.246+0000] {logging_mixin.py:190} INFO - [2025-03-19T00:11:55.246+0000] {dag.py:3239} INFO - Sync 1 DAGs
[2025-03-19T00:11:55.256+0000] {logging_mixin.py:190} INFO - [2025-03-19T00:11:55.255+0000] {dag.py:4180} INFO - Setting next_dagrun for example_dynamic_task_mapping to None, run_after=None
[2025-03-19T00:11:55.267+0000] {processor.py:208} INFO - Processing /home/airflow/.local/lib/python3.12/site-packages/airflow/example_dags/example_dynamic_task_mapping.py took 0.044 seconds
[2025-03-19T00:12:26.453+0000] {processor.py:186} INFO - Started process (PID=160) to work on /home/airflow/.local/lib/python3.12/site-packages/airflow/example_dags/example_dynamic_task_mapping.py
[2025-03-19T00:12:26.453+0000] {processor.py:914} INFO - Processing file /home/airflow/.local/lib/python3.12/site-packages/airflow/example_dags/example_dynamic_task_mapping.py for tasks to queue
[2025-03-19T00:12:26.454+0000] {logging_mixin.py:190} INFO - [2025-03-19T00:12:26.454+0000] {dagbag.py:588} INFO - Filling up the DagBag from /home/airflow/.local/lib/python3.12/site-packages/airflow/example_dags/example_dynamic_task_mapping.py
[2025-03-19T00:12:26.459+0000] {processor.py:925} INFO - DAG(s) 'example_dynamic_task_mapping' retrieved from /home/airflow/.local/lib/python3.12/site-packages/airflow/example_dags/example_dynamic_task_mapping.py
[2025-03-19T00:12:26.473+0000] {logging_mixin.py:190} INFO - [2025-03-19T00:12:26.473+0000] {dag.py:3239} INFO - Sync 1 DAGs
[2025-03-19T00:12:26.483+0000] {logging_mixin.py:190} INFO - [2025-03-19T00:12:26.483+0000] {dag.py:4180} INFO - Setting next_dagrun for example_dynamic_task_mapping to None, run_after=None
[2025-03-19T00:12:26.494+0000] {processor.py:208} INFO - Processing /home/airflow/.local/lib/python3.12/site-packages/airflow/example_dags/example_dynamic_task_mapping.py took 0.045 seconds
[2025-03-19T00:12:57.511+0000] {processor.py:186} INFO - Started process (PID=223) to work on /home/airflow/.local/lib/python3.12/site-packages/airflow/example_dags/example_dynamic_task_mapping.py
[2025-03-19T00:12:57.511+0000] {processor.py:914} INFO - Processing file /home/airflow/.local/lib/python3.12/site-packages/airflow/example_dags/example_dynamic_task_mapping.py for tasks to queue
[2025-03-19T00:12:57.513+0000] {logging_mixin.py:190} INFO - [2025-03-19T00:12:57.512+0000] {dagbag.py:588} INFO - Filling up the DagBag from /home/airflow/.local/lib/python3.12/site-packages/airflow/example_dags/example_dynamic_task_mapping.py
[2025-03-19T00:12:57.518+0000] {processor.py:925} INFO - DAG(s) 'example_dynamic_task_mapping' retrieved from /home/airflow/.local/lib/python3.12/site-packages/airflow/example_dags/example_dynamic_task_mapping.py
[2025-03-19T00:12:57.531+0000] {logging_mixin.py:190} INFO - [2025-03-19T00:12:57.531+0000] {dag.py:3239} INFO - Sync 1 DAGs
[2025-03-19T00:12:57.542+0000] {logging_mixin.py:190} INFO - [2025-03-19T00:12:57.541+0000] {dag.py:4180} INFO - Setting next_dagrun for example_dynamic_task_mapping to None, run_after=None
[2025-03-19T00:12:57.554+0000] {processor.py:208} INFO - Processing /home/airflow/.local/lib/python3.12/site-packages/airflow/example_dags/example_dynamic_task_mapping.py took 0.048 seconds
[2025-03-19T00:13:28.654+0000] {processor.py:186} INFO - Started process (PID=286) to work on /home/airflow/.local/lib/python3.12/site-packages/airflow/example_dags/example_dynamic_task_mapping.py
[2025-03-19T00:13:28.655+0000] {processor.py:914} INFO - Processing file /home/airflow/.local/lib/python3.12/site-packages/airflow/example_dags/example_dynamic_task_mapping.py for tasks to queue
[2025-03-19T00:13:28.656+0000] {logging_mixin.py:190} INFO - [2025-03-19T00:13:28.656+0000] {dagbag.py:588} INFO - Filling up the DagBag from /home/airflow/.local/lib/python3.12/site-packages/airflow/example_dags/example_dynamic_task_mapping.py
[2025-03-19T00:13:28.661+0000] {processor.py:925} INFO - DAG(s) 'example_dynamic_task_mapping' retrieved from /home/airflow/.local/lib/python3.12/site-packages/airflow/example_dags/example_dynamic_task_mapping.py
[2025-03-19T00:13:28.674+0000] {logging_mixin.py:190} INFO - [2025-03-19T00:13:28.674+0000] {dag.py:3239} INFO - Sync 1 DAGs
[2025-03-19T00:13:28.684+0000] {logging_mixin.py:190} INFO - [2025-03-19T00:13:28.684+0000] {dag.py:4180} INFO - Setting next_dagrun for example_dynamic_task_mapping to None, run_after=None
[2025-03-19T00:13:28.696+0000] {processor.py:208} INFO - Processing /home/airflow/.local/lib/python3.12/site-packages/airflow/example_dags/example_dynamic_task_mapping.py took 0.046 seconds
[2025-03-19T00:13:59.469+0000] {processor.py:186} INFO - Started process (PID=349) to work on /home/airflow/.local/lib/python3.12/site-packages/airflow/example_dags/example_dynamic_task_mapping.py
[2025-03-19T00:13:59.470+0000] {processor.py:914} INFO - Processing file /home/airflow/.local/lib/python3.12/site-packages/airflow/example_dags/example_dynamic_task_mapping.py for tasks to queue
[2025-03-19T00:13:59.471+0000] {logging_mixin.py:190} INFO - [2025-03-19T00:13:59.471+0000] {dagbag.py:588} INFO - Filling up the DagBag from /home/airflow/.local/lib/python3.12/site-packages/airflow/example_dags/example_dynamic_task_mapping.py
[2025-03-19T00:13:59.477+0000] {processor.py:925} INFO - DAG(s) 'example_dynamic_task_mapping' retrieved from /home/airflow/.local/lib/python3.12/site-packages/airflow/example_dags/example_dynamic_task_mapping.py
[2025-03-19T00:13:59.490+0000] {logging_mixin.py:190} INFO - [2025-03-19T00:13:59.490+0000] {dag.py:3239} INFO - Sync 1 DAGs
[2025-03-19T00:13:59.502+0000] {logging_mixin.py:190} INFO - [2025-03-19T00:13:59.502+0000] {dag.py:4180} INFO - Setting next_dagrun for example_dynamic_task_mapping to None, run_after=None
[2025-03-19T00:13:59.516+0000] {processor.py:208} INFO - Processing /home/airflow/.local/lib/python3.12/site-packages/airflow/example_dags/example_dynamic_task_mapping.py took 0.050 seconds
[2025-03-19T00:14:30.060+0000] {processor.py:186} INFO - Started process (PID=412) to work on /home/airflow/.local/lib/python3.12/site-packages/airflow/example_dags/example_dynamic_task_mapping.py
[2025-03-19T00:14:30.060+0000] {processor.py:914} INFO - Processing file /home/airflow/.local/lib/python3.12/site-packages/airflow/example_dags/example_dynamic_task_mapping.py for tasks to queue
[2025-03-19T00:14:30.061+0000] {logging_mixin.py:190} INFO - [2025-03-19T00:14:30.061+0000] {dagbag.py:588} INFO - Filling up the DagBag from /home/airflow/.local/lib/python3.12/site-packages/airflow/example_dags/example_dynamic_task_mapping.py
[2025-03-19T00:14:30.067+0000] {processor.py:925} INFO - DAG(s) 'example_dynamic_task_mapping' retrieved from /home/airflow/.local/lib/python3.12/site-packages/airflow/example_dags/example_dynamic_task_mapping.py
[2025-03-19T00:14:30.079+0000] {logging_mixin.py:190} INFO - [2025-03-19T00:14:30.079+0000] {dag.py:3239} INFO - Sync 1 DAGs
[2025-03-19T00:14:30.090+0000] {logging_mixin.py:190} INFO - [2025-03-19T00:14:30.089+0000] {dag.py:4180} INFO - Setting next_dagrun for example_dynamic_task_mapping to None, run_after=None
[2025-03-19T00:14:30.102+0000] {processor.py:208} INFO - Processing /home/airflow/.local/lib/python3.12/site-packages/airflow/example_dags/example_dynamic_task_mapping.py took 0.046 seconds
[2025-03-19T00:15:00.436+0000] {processor.py:186} INFO - Started process (PID=474) to work on /home/airflow/.local/lib/python3.12/site-packages/airflow/example_dags/example_dynamic_task_mapping.py
[2025-03-19T00:15:00.437+0000] {processor.py:914} INFO - Processing file /home/airflow/.local/lib/python3.12/site-packages/airflow/example_dags/example_dynamic_task_mapping.py for tasks to queue
[2025-03-19T00:15:00.439+0000] {logging_mixin.py:190} INFO - [2025-03-19T00:15:00.438+0000] {dagbag.py:588} INFO - Filling up the DagBag from /home/airflow/.local/lib/python3.12/site-packages/airflow/example_dags/example_dynamic_task_mapping.py
[2025-03-19T00:15:00.446+0000] {processor.py:925} INFO - DAG(s) 'example_dynamic_task_mapping' retrieved from /home/airflow/.local/lib/python3.12/site-packages/airflow/example_dags/example_dynamic_task_mapping.py
[2025-03-19T00:15:00.461+0000] {logging_mixin.py:190} INFO - [2025-03-19T00:15:00.461+0000] {dag.py:3239} INFO - Sync 1 DAGs
[2025-03-19T00:15:00.472+0000] {logging_mixin.py:190} INFO - [2025-03-19T00:15:00.471+0000] {dag.py:4180} INFO - Setting next_dagrun for example_dynamic_task_mapping to None, run_after=None
[2025-03-19T00:15:00.485+0000] {processor.py:208} INFO - Processing /home/airflow/.local/lib/python3.12/site-packages/airflow/example_dags/example_dynamic_task_mapping.py took 0.053 seconds
[2025-03-19T00:15:30.975+0000] {processor.py:186} INFO - Started process (PID=537) to work on /home/airflow/.local/lib/python3.12/site-packages/airflow/example_dags/example_dynamic_task_mapping.py
[2025-03-19T00:15:30.975+0000] {processor.py:914} INFO - Processing file /home/airflow/.local/lib/python3.12/site-packages/airflow/example_dags/example_dynamic_task_mapping.py for tasks to queue
[2025-03-19T00:15:30.977+0000] {logging_mixin.py:190} INFO - [2025-03-19T00:15:30.977+0000] {dagbag.py:588} INFO - Filling up the DagBag from /home/airflow/.local/lib/python3.12/site-packages/airflow/example_dags/example_dynamic_task_mapping.py
[2025-03-19T00:15:30.983+0000] {processor.py:925} INFO - DAG(s) 'example_dynamic_task_mapping' retrieved from /home/airflow/.local/lib/python3.12/site-packages/airflow/example_dags/example_dynamic_task_mapping.py
[2025-03-19T00:15:30.999+0000] {logging_mixin.py:190} INFO - [2025-03-19T00:15:30.998+0000] {dag.py:3239} INFO - Sync 1 DAGs
[2025-03-19T00:15:31.009+0000] {logging_mixin.py:190} INFO - [2025-03-19T00:15:31.009+0000] {dag.py:4180} INFO - Setting next_dagrun for example_dynamic_task_mapping to None, run_after=None
[2025-03-19T00:15:31.024+0000] {processor.py:208} INFO - Processing /home/airflow/.local/lib/python3.12/site-packages/airflow/example_dags/example_dynamic_task_mapping.py took 0.054 seconds
[2025-03-19T00:16:01.241+0000] {processor.py:186} INFO - Started process (PID=599) to work on /home/airflow/.local/lib/python3.12/site-packages/airflow/example_dags/example_dynamic_task_mapping.py
[2025-03-19T00:16:01.241+0000] {processor.py:914} INFO - Processing file /home/airflow/.local/lib/python3.12/site-packages/airflow/example_dags/example_dynamic_task_mapping.py for tasks to queue
[2025-03-19T00:16:01.242+0000] {logging_mixin.py:190} INFO - [2025-03-19T00:16:01.242+0000] {dagbag.py:588} INFO - Filling up the DagBag from /home/airflow/.local/lib/python3.12/site-packages/airflow/example_dags/example_dynamic_task_mapping.py
[2025-03-19T00:16:01.248+0000] {processor.py:925} INFO - DAG(s) 'example_dynamic_task_mapping' retrieved from /home/airflow/.local/lib/python3.12/site-packages/airflow/example_dags/example_dynamic_task_mapping.py
[2025-03-19T00:16:01.263+0000] {logging_mixin.py:190} INFO - [2025-03-19T00:16:01.263+0000] {dag.py:3239} INFO - Sync 1 DAGs
[2025-03-19T00:16:01.274+0000] {logging_mixin.py:190} INFO - [2025-03-19T00:16:01.274+0000] {dag.py:4180} INFO - Setting next_dagrun for example_dynamic_task_mapping to None, run_after=None
[2025-03-19T00:16:01.289+0000] {processor.py:208} INFO - Processing /home/airflow/.local/lib/python3.12/site-packages/airflow/example_dags/example_dynamic_task_mapping.py took 0.053 seconds
[2025-03-19T00:16:31.810+0000] {processor.py:186} INFO - Started process (PID=662) to work on /home/airflow/.local/lib/python3.12/site-packages/airflow/example_dags/example_dynamic_task_mapping.py
[2025-03-19T00:16:31.810+0000] {processor.py:914} INFO - Processing file /home/airflow/.local/lib/python3.12/site-packages/airflow/example_dags/example_dynamic_task_mapping.py for tasks to queue
[2025-03-19T00:16:31.812+0000] {logging_mixin.py:190} INFO - [2025-03-19T00:16:31.812+0000] {dagbag.py:588} INFO - Filling up the DagBag from /home/airflow/.local/lib/python3.12/site-packages/airflow/example_dags/example_dynamic_task_mapping.py
[2025-03-19T00:16:31.817+0000] {processor.py:925} INFO - DAG(s) 'example_dynamic_task_mapping' retrieved from /home/airflow/.local/lib/python3.12/site-packages/airflow/example_dags/example_dynamic_task_mapping.py
[2025-03-19T00:16:31.832+0000] {logging_mixin.py:190} INFO - [2025-03-19T00:16:31.832+0000] {dag.py:3239} INFO - Sync 1 DAGs
[2025-03-19T00:16:31.843+0000] {logging_mixin.py:190} INFO - [2025-03-19T00:16:31.843+0000] {dag.py:4180} INFO - Setting next_dagrun for example_dynamic_task_mapping to None, run_after=None
[2025-03-19T00:16:31.861+0000] {processor.py:208} INFO - Processing /home/airflow/.local/lib/python3.12/site-packages/airflow/example_dags/example_dynamic_task_mapping.py took 0.056 seconds
[2025-03-19T00:17:02.323+0000] {processor.py:186} INFO - Started process (PID=724) to work on /home/airflow/.local/lib/python3.12/site-packages/airflow/example_dags/example_dynamic_task_mapping.py
[2025-03-19T00:17:02.323+0000] {processor.py:914} INFO - Processing file /home/airflow/.local/lib/python3.12/site-packages/airflow/example_dags/example_dynamic_task_mapping.py for tasks to queue
[2025-03-19T00:17:02.324+0000] {logging_mixin.py:190} INFO - [2025-03-19T00:17:02.324+0000] {dagbag.py:588} INFO - Filling up the DagBag from /home/airflow/.local/lib/python3.12/site-packages/airflow/example_dags/example_dynamic_task_mapping.py
[2025-03-19T00:17:02.329+0000] {processor.py:925} INFO - DAG(s) 'example_dynamic_task_mapping' retrieved from /home/airflow/.local/lib/python3.12/site-packages/airflow/example_dags/example_dynamic_task_mapping.py
[2025-03-19T00:17:02.342+0000] {logging_mixin.py:190} INFO - [2025-03-19T00:17:02.342+0000] {dag.py:3239} INFO - Sync 1 DAGs
[2025-03-19T00:17:02.353+0000] {logging_mixin.py:190} INFO - [2025-03-19T00:17:02.352+0000] {dag.py:4180} INFO - Setting next_dagrun for example_dynamic_task_mapping to None, run_after=None
[2025-03-19T00:17:02.366+0000] {processor.py:208} INFO - Processing /home/airflow/.local/lib/python3.12/site-packages/airflow/example_dags/example_dynamic_task_mapping.py took 0.047 seconds
[2025-03-19T00:17:32.725+0000] {processor.py:186} INFO - Started process (PID=787) to work on /home/airflow/.local/lib/python3.12/site-packages/airflow/example_dags/example_dynamic_task_mapping.py
[2025-03-19T00:17:32.726+0000] {processor.py:914} INFO - Processing file /home/airflow/.local/lib/python3.12/site-packages/airflow/example_dags/example_dynamic_task_mapping.py for tasks to queue
[2025-03-19T00:17:32.727+0000] {logging_mixin.py:190} INFO - [2025-03-19T00:17:32.727+0000] {dagbag.py:588} INFO - Filling up the DagBag from /home/airflow/.local/lib/python3.12/site-packages/airflow/example_dags/example_dynamic_task_mapping.py
[2025-03-19T00:17:32.732+0000] {processor.py:925} INFO - DAG(s) 'example_dynamic_task_mapping' retrieved from /home/airflow/.local/lib/python3.12/site-packages/airflow/example_dags/example_dynamic_task_mapping.py
[2025-03-19T00:17:32.745+0000] {logging_mixin.py:190} INFO - [2025-03-19T00:17:32.745+0000] {dag.py:3239} INFO - Sync 1 DAGs
[2025-03-19T00:17:32.754+0000] {logging_mixin.py:190} INFO - [2025-03-19T00:17:32.754+0000] {dag.py:4180} INFO - Setting next_dagrun for example_dynamic_task_mapping to None, run_after=None
[2025-03-19T00:17:32.766+0000] {processor.py:208} INFO - Processing /home/airflow/.local/lib/python3.12/site-packages/airflow/example_dags/example_dynamic_task_mapping.py took 0.044 seconds
[2025-03-19T00:18:03.809+0000] {processor.py:186} INFO - Started process (PID=850) to work on /home/airflow/.local/lib/python3.12/site-packages/airflow/example_dags/example_dynamic_task_mapping.py
[2025-03-19T00:18:03.809+0000] {processor.py:914} INFO - Processing file /home/airflow/.local/lib/python3.12/site-packages/airflow/example_dags/example_dynamic_task_mapping.py for tasks to queue
[2025-03-19T00:18:03.811+0000] {logging_mixin.py:190} INFO - [2025-03-19T00:18:03.811+0000] {dagbag.py:588} INFO - Filling up the DagBag from /home/airflow/.local/lib/python3.12/site-packages/airflow/example_dags/example_dynamic_task_mapping.py
[2025-03-19T00:18:03.816+0000] {processor.py:925} INFO - DAG(s) 'example_dynamic_task_mapping' retrieved from /home/airflow/.local/lib/python3.12/site-packages/airflow/example_dags/example_dynamic_task_mapping.py
[2025-03-19T00:18:03.829+0000] {logging_mixin.py:190} INFO - [2025-03-19T00:18:03.829+0000] {dag.py:3239} INFO - Sync 1 DAGs
[2025-03-19T00:18:03.839+0000] {logging_mixin.py:190} INFO - [2025-03-19T00:18:03.838+0000] {dag.py:4180} INFO - Setting next_dagrun for example_dynamic_task_mapping to None, run_after=None
[2025-03-19T00:18:03.850+0000] {processor.py:208} INFO - Processing /home/airflow/.local/lib/python3.12/site-packages/airflow/example_dags/example_dynamic_task_mapping.py took 0.045 seconds
[2025-03-19T00:18:35.591+0000] {processor.py:186} INFO - Started process (PID=913) to work on /home/airflow/.local/lib/python3.12/site-packages/airflow/example_dags/example_dynamic_task_mapping.py
[2025-03-19T00:18:35.591+0000] {processor.py:914} INFO - Processing file /home/airflow/.local/lib/python3.12/site-packages/airflow/example_dags/example_dynamic_task_mapping.py for tasks to queue
[2025-03-19T00:18:35.593+0000] {logging_mixin.py:190} INFO - [2025-03-19T00:18:35.593+0000] {dagbag.py:588} INFO - Filling up the DagBag from /home/airflow/.local/lib/python3.12/site-packages/airflow/example_dags/example_dynamic_task_mapping.py
[2025-03-19T00:18:35.599+0000] {processor.py:925} INFO - DAG(s) 'example_dynamic_task_mapping' retrieved from /home/airflow/.local/lib/python3.12/site-packages/airflow/example_dags/example_dynamic_task_mapping.py
[2025-03-19T00:18:35.613+0000] {logging_mixin.py:190} INFO - [2025-03-19T00:18:35.613+0000] {dag.py:3239} INFO - Sync 1 DAGs
[2025-03-19T00:18:35.628+0000] {logging_mixin.py:190} INFO - [2025-03-19T00:18:35.627+0000] {dag.py:4180} INFO - Setting next_dagrun for example_dynamic_task_mapping to None, run_after=None
[2025-03-19T00:18:35.642+0000] {processor.py:208} INFO - Processing /home/airflow/.local/lib/python3.12/site-packages/airflow/example_dags/example_dynamic_task_mapping.py took 0.055 seconds
[2025-03-19T00:19:05.993+0000] {processor.py:186} INFO - Started process (PID=975) to work on /home/airflow/.local/lib/python3.12/site-packages/airflow/example_dags/example_dynamic_task_mapping.py
[2025-03-19T00:19:05.994+0000] {processor.py:914} INFO - Processing file /home/airflow/.local/lib/python3.12/site-packages/airflow/example_dags/example_dynamic_task_mapping.py for tasks to queue
[2025-03-19T00:19:05.995+0000] {logging_mixin.py:190} INFO - [2025-03-19T00:19:05.995+0000] {dagbag.py:588} INFO - Filling up the DagBag from /home/airflow/.local/lib/python3.12/site-packages/airflow/example_dags/example_dynamic_task_mapping.py
[2025-03-19T00:19:06.000+0000] {processor.py:925} INFO - DAG(s) 'example_dynamic_task_mapping' retrieved from /home/airflow/.local/lib/python3.12/site-packages/airflow/example_dags/example_dynamic_task_mapping.py
[2025-03-19T00:19:06.015+0000] {logging_mixin.py:190} INFO - [2025-03-19T00:19:06.015+0000] {dag.py:3239} INFO - Sync 1 DAGs
[2025-03-19T00:19:06.028+0000] {logging_mixin.py:190} INFO - [2025-03-19T00:19:06.028+0000] {dag.py:4180} INFO - Setting next_dagrun for example_dynamic_task_mapping to None, run_after=None
[2025-03-19T00:19:06.041+0000] {processor.py:208} INFO - Processing /home/airflow/.local/lib/python3.12/site-packages/airflow/example_dags/example_dynamic_task_mapping.py took 0.052 seconds
[2025-03-19T00:19:37.297+0000] {processor.py:186} INFO - Started process (PID=1038) to work on /home/airflow/.local/lib/python3.12/site-packages/airflow/example_dags/example_dynamic_task_mapping.py
[2025-03-19T00:19:37.298+0000] {processor.py:914} INFO - Processing file /home/airflow/.local/lib/python3.12/site-packages/airflow/example_dags/example_dynamic_task_mapping.py for tasks to queue
[2025-03-19T00:19:37.299+0000] {logging_mixin.py:190} INFO - [2025-03-19T00:19:37.299+0000] {dagbag.py:588} INFO - Filling up the DagBag from /home/airflow/.local/lib/python3.12/site-packages/airflow/example_dags/example_dynamic_task_mapping.py
[2025-03-19T00:19:37.304+0000] {processor.py:925} INFO - DAG(s) 'example_dynamic_task_mapping' retrieved from /home/airflow/.local/lib/python3.12/site-packages/airflow/example_dags/example_dynamic_task_mapping.py
[2025-03-19T00:19:37.317+0000] {logging_mixin.py:190} INFO - [2025-03-19T00:19:37.317+0000] {dag.py:3239} INFO - Sync 1 DAGs
[2025-03-19T00:19:37.327+0000] {logging_mixin.py:190} INFO - [2025-03-19T00:19:37.327+0000] {dag.py:4180} INFO - Setting next_dagrun for example_dynamic_task_mapping to None, run_after=None
[2025-03-19T00:19:37.339+0000] {processor.py:208} INFO - Processing /home/airflow/.local/lib/python3.12/site-packages/airflow/example_dags/example_dynamic_task_mapping.py took 0.045 seconds
[2025-03-19T00:20:08.828+0000] {processor.py:186} INFO - Started process (PID=1101) to work on /home/airflow/.local/lib/python3.12/site-packages/airflow/example_dags/example_dynamic_task_mapping.py
[2025-03-19T00:20:08.828+0000] {processor.py:914} INFO - Processing file /home/airflow/.local/lib/python3.12/site-packages/airflow/example_dags/example_dynamic_task_mapping.py for tasks to queue
[2025-03-19T00:20:08.829+0000] {logging_mixin.py:190} INFO - [2025-03-19T00:20:08.829+0000] {dagbag.py:588} INFO - Filling up the DagBag from /home/airflow/.local/lib/python3.12/site-packages/airflow/example_dags/example_dynamic_task_mapping.py
[2025-03-19T00:20:08.837+0000] {processor.py:925} INFO - DAG(s) 'example_dynamic_task_mapping' retrieved from /home/airflow/.local/lib/python3.12/site-packages/airflow/example_dags/example_dynamic_task_mapping.py
[2025-03-19T00:20:08.850+0000] {logging_mixin.py:190} INFO - [2025-03-19T00:20:08.850+0000] {dag.py:3239} INFO - Sync 1 DAGs
[2025-03-19T00:20:08.862+0000] {logging_mixin.py:190} INFO - [2025-03-19T00:20:08.862+0000] {dag.py:4180} INFO - Setting next_dagrun for example_dynamic_task_mapping to None, run_after=None
[2025-03-19T00:20:08.877+0000] {processor.py:208} INFO - Processing /home/airflow/.local/lib/python3.12/site-packages/airflow/example_dags/example_dynamic_task_mapping.py took 0.054 seconds
[2025-03-19T00:20:39.261+0000] {processor.py:186} INFO - Started process (PID=1164) to work on /home/airflow/.local/lib/python3.12/site-packages/airflow/example_dags/example_dynamic_task_mapping.py
[2025-03-19T00:20:39.261+0000] {processor.py:914} INFO - Processing file /home/airflow/.local/lib/python3.12/site-packages/airflow/example_dags/example_dynamic_task_mapping.py for tasks to queue
[2025-03-19T00:20:39.263+0000] {logging_mixin.py:190} INFO - [2025-03-19T00:20:39.263+0000] {dagbag.py:588} INFO - Filling up the DagBag from /home/airflow/.local/lib/python3.12/site-packages/airflow/example_dags/example_dynamic_task_mapping.py
[2025-03-19T00:20:39.268+0000] {processor.py:925} INFO - DAG(s) 'example_dynamic_task_mapping' retrieved from /home/airflow/.local/lib/python3.12/site-packages/airflow/example_dags/example_dynamic_task_mapping.py
[2025-03-19T00:20:39.279+0000] {logging_mixin.py:190} INFO - [2025-03-19T00:20:39.279+0000] {dag.py:3239} INFO - Sync 1 DAGs
[2025-03-19T00:20:39.289+0000] {logging_mixin.py:190} INFO - [2025-03-19T00:20:39.289+0000] {dag.py:4180} INFO - Setting next_dagrun for example_dynamic_task_mapping to None, run_after=None
[2025-03-19T00:20:39.302+0000] {processor.py:208} INFO - Processing /home/airflow/.local/lib/python3.12/site-packages/airflow/example_dags/example_dynamic_task_mapping.py took 0.044 seconds
[2025-03-19T00:21:10.549+0000] {processor.py:186} INFO - Started process (PID=1227) to work on /home/airflow/.local/lib/python3.12/site-packages/airflow/example_dags/example_dynamic_task_mapping.py
[2025-03-19T00:21:10.550+0000] {processor.py:914} INFO - Processing file /home/airflow/.local/lib/python3.12/site-packages/airflow/example_dags/example_dynamic_task_mapping.py for tasks to queue
[2025-03-19T00:21:10.551+0000] {logging_mixin.py:190} INFO - [2025-03-19T00:21:10.551+0000] {dagbag.py:588} INFO - Filling up the DagBag from /home/airflow/.local/lib/python3.12/site-packages/airflow/example_dags/example_dynamic_task_mapping.py
[2025-03-19T00:21:10.556+0000] {processor.py:925} INFO - DAG(s) 'example_dynamic_task_mapping' retrieved from /home/airflow/.local/lib/python3.12/site-packages/airflow/example_dags/example_dynamic_task_mapping.py
[2025-03-19T00:21:10.568+0000] {logging_mixin.py:190} INFO - [2025-03-19T00:21:10.568+0000] {dag.py:3239} INFO - Sync 1 DAGs
[2025-03-19T00:21:10.578+0000] {logging_mixin.py:190} INFO - [2025-03-19T00:21:10.577+0000] {dag.py:4180} INFO - Setting next_dagrun for example_dynamic_task_mapping to None, run_after=None
[2025-03-19T00:21:10.590+0000] {processor.py:208} INFO - Processing /home/airflow/.local/lib/python3.12/site-packages/airflow/example_dags/example_dynamic_task_mapping.py took 0.044 seconds
[2025-03-19T00:21:41.837+0000] {processor.py:186} INFO - Started process (PID=1290) to work on /home/airflow/.local/lib/python3.12/site-packages/airflow/example_dags/example_dynamic_task_mapping.py
[2025-03-19T00:21:41.838+0000] {processor.py:914} INFO - Processing file /home/airflow/.local/lib/python3.12/site-packages/airflow/example_dags/example_dynamic_task_mapping.py for tasks to queue
[2025-03-19T00:21:41.839+0000] {logging_mixin.py:190} INFO - [2025-03-19T00:21:41.839+0000] {dagbag.py:588} INFO - Filling up the DagBag from /home/airflow/.local/lib/python3.12/site-packages/airflow/example_dags/example_dynamic_task_mapping.py
[2025-03-19T00:21:41.845+0000] {processor.py:925} INFO - DAG(s) 'example_dynamic_task_mapping' retrieved from /home/airflow/.local/lib/python3.12/site-packages/airflow/example_dags/example_dynamic_task_mapping.py
[2025-03-19T00:21:41.860+0000] {logging_mixin.py:190} INFO - [2025-03-19T00:21:41.860+0000] {dag.py:3239} INFO - Sync 1 DAGs
[2025-03-19T00:21:41.870+0000] {logging_mixin.py:190} INFO - [2025-03-19T00:21:41.869+0000] {dag.py:4180} INFO - Setting next_dagrun for example_dynamic_task_mapping to None, run_after=None
[2025-03-19T00:21:41.881+0000] {processor.py:208} INFO - Processing /home/airflow/.local/lib/python3.12/site-packages/airflow/example_dags/example_dynamic_task_mapping.py took 0.047 seconds
[2025-03-19T00:22:13.139+0000] {processor.py:186} INFO - Started process (PID=1353) to work on /home/airflow/.local/lib/python3.12/site-packages/airflow/example_dags/example_dynamic_task_mapping.py
[2025-03-19T00:22:13.140+0000] {processor.py:914} INFO - Processing file /home/airflow/.local/lib/python3.12/site-packages/airflow/example_dags/example_dynamic_task_mapping.py for tasks to queue
[2025-03-19T00:22:13.141+0000] {logging_mixin.py:190} INFO - [2025-03-19T00:22:13.141+0000] {dagbag.py:588} INFO - Filling up the DagBag from /home/airflow/.local/lib/python3.12/site-packages/airflow/example_dags/example_dynamic_task_mapping.py
[2025-03-19T00:22:13.147+0000] {processor.py:925} INFO - DAG(s) 'example_dynamic_task_mapping' retrieved from /home/airflow/.local/lib/python3.12/site-packages/airflow/example_dags/example_dynamic_task_mapping.py
[2025-03-19T00:22:13.161+0000] {logging_mixin.py:190} INFO - [2025-03-19T00:22:13.161+0000] {dag.py:3239} INFO - Sync 1 DAGs
[2025-03-19T00:22:13.173+0000] {logging_mixin.py:190} INFO - [2025-03-19T00:22:13.173+0000] {dag.py:4180} INFO - Setting next_dagrun for example_dynamic_task_mapping to None, run_after=None
[2025-03-19T00:22:13.189+0000] {processor.py:208} INFO - Processing /home/airflow/.local/lib/python3.12/site-packages/airflow/example_dags/example_dynamic_task_mapping.py took 0.053 seconds
[2025-03-19T00:22:44.194+0000] {processor.py:186} INFO - Started process (PID=1415) to work on /home/airflow/.local/lib/python3.12/site-packages/airflow/example_dags/example_dynamic_task_mapping.py
[2025-03-19T00:22:44.194+0000] {processor.py:914} INFO - Processing file /home/airflow/.local/lib/python3.12/site-packages/airflow/example_dags/example_dynamic_task_mapping.py for tasks to queue
[2025-03-19T00:22:44.195+0000] {logging_mixin.py:190} INFO - [2025-03-19T00:22:44.195+0000] {dagbag.py:588} INFO - Filling up the DagBag from /home/airflow/.local/lib/python3.12/site-packages/airflow/example_dags/example_dynamic_task_mapping.py
[2025-03-19T00:22:44.200+0000] {processor.py:925} INFO - DAG(s) 'example_dynamic_task_mapping' retrieved from /home/airflow/.local/lib/python3.12/site-packages/airflow/example_dags/example_dynamic_task_mapping.py
[2025-03-19T00:22:44.213+0000] {logging_mixin.py:190} INFO - [2025-03-19T00:22:44.212+0000] {dag.py:3239} INFO - Sync 1 DAGs
[2025-03-19T00:22:44.222+0000] {logging_mixin.py:190} INFO - [2025-03-19T00:22:44.222+0000] {dag.py:4180} INFO - Setting next_dagrun for example_dynamic_task_mapping to None, run_after=None
[2025-03-19T00:22:44.233+0000] {processor.py:208} INFO - Processing /home/airflow/.local/lib/python3.12/site-packages/airflow/example_dags/example_dynamic_task_mapping.py took 0.043 seconds
[2025-03-19T00:23:15.367+0000] {processor.py:186} INFO - Started process (PID=1479) to work on /home/airflow/.local/lib/python3.12/site-packages/airflow/example_dags/example_dynamic_task_mapping.py
[2025-03-19T00:23:15.367+0000] {processor.py:914} INFO - Processing file /home/airflow/.local/lib/python3.12/site-packages/airflow/example_dags/example_dynamic_task_mapping.py for tasks to queue
[2025-03-19T00:23:15.369+0000] {logging_mixin.py:190} INFO - [2025-03-19T00:23:15.368+0000] {dagbag.py:588} INFO - Filling up the DagBag from /home/airflow/.local/lib/python3.12/site-packages/airflow/example_dags/example_dynamic_task_mapping.py
[2025-03-19T00:23:15.374+0000] {processor.py:925} INFO - DAG(s) 'example_dynamic_task_mapping' retrieved from /home/airflow/.local/lib/python3.12/site-packages/airflow/example_dags/example_dynamic_task_mapping.py
[2025-03-19T00:23:15.386+0000] {logging_mixin.py:190} INFO - [2025-03-19T00:23:15.386+0000] {dag.py:3239} INFO - Sync 1 DAGs
[2025-03-19T00:23:15.396+0000] {logging_mixin.py:190} INFO - [2025-03-19T00:23:15.396+0000] {dag.py:4180} INFO - Setting next_dagrun for example_dynamic_task_mapping to None, run_after=None
[2025-03-19T00:23:15.408+0000] {processor.py:208} INFO - Processing /home/airflow/.local/lib/python3.12/site-packages/airflow/example_dags/example_dynamic_task_mapping.py took 0.044 seconds
[2025-03-19T00:23:46.532+0000] {processor.py:186} INFO - Started process (PID=1542) to work on /home/airflow/.local/lib/python3.12/site-packages/airflow/example_dags/example_dynamic_task_mapping.py
[2025-03-19T00:23:46.533+0000] {processor.py:914} INFO - Processing file /home/airflow/.local/lib/python3.12/site-packages/airflow/example_dags/example_dynamic_task_mapping.py for tasks to queue
[2025-03-19T00:23:46.534+0000] {logging_mixin.py:190} INFO - [2025-03-19T00:23:46.534+0000] {dagbag.py:588} INFO - Filling up the DagBag from /home/airflow/.local/lib/python3.12/site-packages/airflow/example_dags/example_dynamic_task_mapping.py
[2025-03-19T00:23:46.539+0000] {processor.py:925} INFO - DAG(s) 'example_dynamic_task_mapping' retrieved from /home/airflow/.local/lib/python3.12/site-packages/airflow/example_dags/example_dynamic_task_mapping.py
[2025-03-19T00:23:46.552+0000] {logging_mixin.py:190} INFO - [2025-03-19T00:23:46.552+0000] {dag.py:3239} INFO - Sync 1 DAGs
[2025-03-19T00:23:46.562+0000] {logging_mixin.py:190} INFO - [2025-03-19T00:23:46.562+0000] {dag.py:4180} INFO - Setting next_dagrun for example_dynamic_task_mapping to None, run_after=None
[2025-03-19T00:23:46.575+0000] {processor.py:208} INFO - Processing /home/airflow/.local/lib/python3.12/site-packages/airflow/example_dags/example_dynamic_task_mapping.py took 0.046 seconds
[2025-03-19T00:24:17.738+0000] {processor.py:186} INFO - Started process (PID=1605) to work on /home/airflow/.local/lib/python3.12/site-packages/airflow/example_dags/example_dynamic_task_mapping.py
[2025-03-19T00:24:17.738+0000] {processor.py:914} INFO - Processing file /home/airflow/.local/lib/python3.12/site-packages/airflow/example_dags/example_dynamic_task_mapping.py for tasks to queue
[2025-03-19T00:24:17.740+0000] {logging_mixin.py:190} INFO - [2025-03-19T00:24:17.739+0000] {dagbag.py:588} INFO - Filling up the DagBag from /home/airflow/.local/lib/python3.12/site-packages/airflow/example_dags/example_dynamic_task_mapping.py
[2025-03-19T00:24:17.745+0000] {processor.py:925} INFO - DAG(s) 'example_dynamic_task_mapping' retrieved from /home/airflow/.local/lib/python3.12/site-packages/airflow/example_dags/example_dynamic_task_mapping.py
[2025-03-19T00:24:17.757+0000] {logging_mixin.py:190} INFO - [2025-03-19T00:24:17.757+0000] {dag.py:3239} INFO - Sync 1 DAGs
[2025-03-19T00:24:17.766+0000] {logging_mixin.py:190} INFO - [2025-03-19T00:24:17.766+0000] {dag.py:4180} INFO - Setting next_dagrun for example_dynamic_task_mapping to None, run_after=None
[2025-03-19T00:24:17.778+0000] {processor.py:208} INFO - Processing /home/airflow/.local/lib/python3.12/site-packages/airflow/example_dags/example_dynamic_task_mapping.py took 0.043 seconds
[2025-03-19T00:24:48.966+0000] {processor.py:186} INFO - Started process (PID=1668) to work on /home/airflow/.local/lib/python3.12/site-packages/airflow/example_dags/example_dynamic_task_mapping.py
[2025-03-19T00:24:48.967+0000] {processor.py:914} INFO - Processing file /home/airflow/.local/lib/python3.12/site-packages/airflow/example_dags/example_dynamic_task_mapping.py for tasks to queue
[2025-03-19T00:24:48.968+0000] {logging_mixin.py:190} INFO - [2025-03-19T00:24:48.968+0000] {dagbag.py:588} INFO - Filling up the DagBag from /home/airflow/.local/lib/python3.12/site-packages/airflow/example_dags/example_dynamic_task_mapping.py
[2025-03-19T00:24:48.973+0000] {processor.py:925} INFO - DAG(s) 'example_dynamic_task_mapping' retrieved from /home/airflow/.local/lib/python3.12/site-packages/airflow/example_dags/example_dynamic_task_mapping.py
[2025-03-19T00:24:48.986+0000] {logging_mixin.py:190} INFO - [2025-03-19T00:24:48.986+0000] {dag.py:3239} INFO - Sync 1 DAGs
[2025-03-19T00:24:48.997+0000] {logging_mixin.py:190} INFO - [2025-03-19T00:24:48.996+0000] {dag.py:4180} INFO - Setting next_dagrun for example_dynamic_task_mapping to None, run_after=None
[2025-03-19T00:24:49.009+0000] {processor.py:208} INFO - Processing /home/airflow/.local/lib/python3.12/site-packages/airflow/example_dags/example_dynamic_task_mapping.py took 0.046 seconds
[2025-03-19T00:25:20.044+0000] {processor.py:186} INFO - Started process (PID=1731) to work on /home/airflow/.local/lib/python3.12/site-packages/airflow/example_dags/example_dynamic_task_mapping.py
[2025-03-19T00:25:20.045+0000] {processor.py:914} INFO - Processing file /home/airflow/.local/lib/python3.12/site-packages/airflow/example_dags/example_dynamic_task_mapping.py for tasks to queue
[2025-03-19T00:25:20.046+0000] {logging_mixin.py:190} INFO - [2025-03-19T00:25:20.046+0000] {dagbag.py:588} INFO - Filling up the DagBag from /home/airflow/.local/lib/python3.12/site-packages/airflow/example_dags/example_dynamic_task_mapping.py
[2025-03-19T00:25:20.051+0000] {processor.py:925} INFO - DAG(s) 'example_dynamic_task_mapping' retrieved from /home/airflow/.local/lib/python3.12/site-packages/airflow/example_dags/example_dynamic_task_mapping.py
[2025-03-19T00:25:20.064+0000] {logging_mixin.py:190} INFO - [2025-03-19T00:25:20.064+0000] {dag.py:3239} INFO - Sync 1 DAGs
[2025-03-19T00:25:20.074+0000] {logging_mixin.py:190} INFO - [2025-03-19T00:25:20.073+0000] {dag.py:4180} INFO - Setting next_dagrun for example_dynamic_task_mapping to None, run_after=None
[2025-03-19T00:25:20.086+0000] {processor.py:208} INFO - Processing /home/airflow/.local/lib/python3.12/site-packages/airflow/example_dags/example_dynamic_task_mapping.py took 0.045 seconds
[2025-03-19T00:25:51.035+0000] {processor.py:186} INFO - Started process (PID=1794) to work on /home/airflow/.local/lib/python3.12/site-packages/airflow/example_dags/example_dynamic_task_mapping.py
[2025-03-19T00:25:51.036+0000] {processor.py:914} INFO - Processing file /home/airflow/.local/lib/python3.12/site-packages/airflow/example_dags/example_dynamic_task_mapping.py for tasks to queue
[2025-03-19T00:25:51.037+0000] {logging_mixin.py:190} INFO - [2025-03-19T00:25:51.037+0000] {dagbag.py:588} INFO - Filling up the DagBag from /home/airflow/.local/lib/python3.12/site-packages/airflow/example_dags/example_dynamic_task_mapping.py
[2025-03-19T00:25:51.042+0000] {processor.py:925} INFO - DAG(s) 'example_dynamic_task_mapping' retrieved from /home/airflow/.local/lib/python3.12/site-packages/airflow/example_dags/example_dynamic_task_mapping.py
[2025-03-19T00:25:51.054+0000] {logging_mixin.py:190} INFO - [2025-03-19T00:25:51.054+0000] {dag.py:3239} INFO - Sync 1 DAGs
[2025-03-19T00:25:51.064+0000] {logging_mixin.py:190} INFO - [2025-03-19T00:25:51.064+0000] {dag.py:4180} INFO - Setting next_dagrun for example_dynamic_task_mapping to None, run_after=None
[2025-03-19T00:25:51.075+0000] {processor.py:208} INFO - Processing /home/airflow/.local/lib/python3.12/site-packages/airflow/example_dags/example_dynamic_task_mapping.py took 0.044 seconds
[2025-03-19T00:26:22.094+0000] {processor.py:186} INFO - Started process (PID=1857) to work on /home/airflow/.local/lib/python3.12/site-packages/airflow/example_dags/example_dynamic_task_mapping.py
[2025-03-19T00:26:22.094+0000] {processor.py:914} INFO - Processing file /home/airflow/.local/lib/python3.12/site-packages/airflow/example_dags/example_dynamic_task_mapping.py for tasks to queue
[2025-03-19T00:26:22.096+0000] {logging_mixin.py:190} INFO - [2025-03-19T00:26:22.095+0000] {dagbag.py:588} INFO - Filling up the DagBag from /home/airflow/.local/lib/python3.12/site-packages/airflow/example_dags/example_dynamic_task_mapping.py
[2025-03-19T00:26:22.101+0000] {processor.py:925} INFO - DAG(s) 'example_dynamic_task_mapping' retrieved from /home/airflow/.local/lib/python3.12/site-packages/airflow/example_dags/example_dynamic_task_mapping.py
[2025-03-19T00:26:22.112+0000] {logging_mixin.py:190} INFO - [2025-03-19T00:26:22.112+0000] {dag.py:3239} INFO - Sync 1 DAGs
[2025-03-19T00:26:22.122+0000] {logging_mixin.py:190} INFO - [2025-03-19T00:26:22.122+0000] {dag.py:4180} INFO - Setting next_dagrun for example_dynamic_task_mapping to None, run_after=None
[2025-03-19T00:26:22.133+0000] {processor.py:208} INFO - Processing /home/airflow/.local/lib/python3.12/site-packages/airflow/example_dags/example_dynamic_task_mapping.py took 0.043 seconds
[2025-03-19T00:26:53.237+0000] {processor.py:186} INFO - Started process (PID=1920) to work on /home/airflow/.local/lib/python3.12/site-packages/airflow/example_dags/example_dynamic_task_mapping.py
[2025-03-19T00:26:53.238+0000] {processor.py:914} INFO - Processing file /home/airflow/.local/lib/python3.12/site-packages/airflow/example_dags/example_dynamic_task_mapping.py for tasks to queue
[2025-03-19T00:26:53.239+0000] {logging_mixin.py:190} INFO - [2025-03-19T00:26:53.239+0000] {dagbag.py:588} INFO - Filling up the DagBag from /home/airflow/.local/lib/python3.12/site-packages/airflow/example_dags/example_dynamic_task_mapping.py
[2025-03-19T00:26:53.244+0000] {processor.py:925} INFO - DAG(s) 'example_dynamic_task_mapping' retrieved from /home/airflow/.local/lib/python3.12/site-packages/airflow/example_dags/example_dynamic_task_mapping.py
[2025-03-19T00:26:53.256+0000] {logging_mixin.py:190} INFO - [2025-03-19T00:26:53.256+0000] {dag.py:3239} INFO - Sync 1 DAGs
[2025-03-19T00:26:53.266+0000] {logging_mixin.py:190} INFO - [2025-03-19T00:26:53.266+0000] {dag.py:4180} INFO - Setting next_dagrun for example_dynamic_task_mapping to None, run_after=None
[2025-03-19T00:26:53.278+0000] {processor.py:208} INFO - Processing /home/airflow/.local/lib/python3.12/site-packages/airflow/example_dags/example_dynamic_task_mapping.py took 0.044 seconds
[2025-03-19T00:27:24.521+0000] {processor.py:186} INFO - Started process (PID=1983) to work on /home/airflow/.local/lib/python3.12/site-packages/airflow/example_dags/example_dynamic_task_mapping.py
[2025-03-19T00:27:24.522+0000] {processor.py:914} INFO - Processing file /home/airflow/.local/lib/python3.12/site-packages/airflow/example_dags/example_dynamic_task_mapping.py for tasks to queue
[2025-03-19T00:27:24.523+0000] {logging_mixin.py:190} INFO - [2025-03-19T00:27:24.523+0000] {dagbag.py:588} INFO - Filling up the DagBag from /home/airflow/.local/lib/python3.12/site-packages/airflow/example_dags/example_dynamic_task_mapping.py
[2025-03-19T00:27:24.528+0000] {processor.py:925} INFO - DAG(s) 'example_dynamic_task_mapping' retrieved from /home/airflow/.local/lib/python3.12/site-packages/airflow/example_dags/example_dynamic_task_mapping.py
[2025-03-19T00:27:24.540+0000] {logging_mixin.py:190} INFO - [2025-03-19T00:27:24.540+0000] {dag.py:3239} INFO - Sync 1 DAGs
[2025-03-19T00:27:24.550+0000] {logging_mixin.py:190} INFO - [2025-03-19T00:27:24.550+0000] {dag.py:4180} INFO - Setting next_dagrun for example_dynamic_task_mapping to None, run_after=None
[2025-03-19T00:27:24.561+0000] {processor.py:208} INFO - Processing /home/airflow/.local/lib/python3.12/site-packages/airflow/example_dags/example_dynamic_task_mapping.py took 0.043 seconds
[2025-03-19T00:27:55.849+0000] {processor.py:186} INFO - Started process (PID=2052) to work on /home/airflow/.local/lib/python3.12/site-packages/airflow/example_dags/example_dynamic_task_mapping.py
[2025-03-19T00:27:55.850+0000] {processor.py:914} INFO - Processing file /home/airflow/.local/lib/python3.12/site-packages/airflow/example_dags/example_dynamic_task_mapping.py for tasks to queue
[2025-03-19T00:27:55.851+0000] {logging_mixin.py:190} INFO - [2025-03-19T00:27:55.851+0000] {dagbag.py:588} INFO - Filling up the DagBag from /home/airflow/.local/lib/python3.12/site-packages/airflow/example_dags/example_dynamic_task_mapping.py
[2025-03-19T00:27:55.856+0000] {processor.py:925} INFO - DAG(s) 'example_dynamic_task_mapping' retrieved from /home/airflow/.local/lib/python3.12/site-packages/airflow/example_dags/example_dynamic_task_mapping.py
[2025-03-19T00:27:55.868+0000] {logging_mixin.py:190} INFO - [2025-03-19T00:27:55.868+0000] {dag.py:3239} INFO - Sync 1 DAGs
[2025-03-19T00:27:55.877+0000] {logging_mixin.py:190} INFO - [2025-03-19T00:27:55.877+0000] {dag.py:4180} INFO - Setting next_dagrun for example_dynamic_task_mapping to None, run_after=None
[2025-03-19T00:27:55.889+0000] {processor.py:208} INFO - Processing /home/airflow/.local/lib/python3.12/site-packages/airflow/example_dags/example_dynamic_task_mapping.py took 0.043 seconds
[2025-03-19T00:28:27.104+0000] {processor.py:186} INFO - Started process (PID=2115) to work on /home/airflow/.local/lib/python3.12/site-packages/airflow/example_dags/example_dynamic_task_mapping.py
[2025-03-19T00:28:27.105+0000] {processor.py:914} INFO - Processing file /home/airflow/.local/lib/python3.12/site-packages/airflow/example_dags/example_dynamic_task_mapping.py for tasks to queue
[2025-03-19T00:28:27.106+0000] {logging_mixin.py:190} INFO - [2025-03-19T00:28:27.106+0000] {dagbag.py:588} INFO - Filling up the DagBag from /home/airflow/.local/lib/python3.12/site-packages/airflow/example_dags/example_dynamic_task_mapping.py
[2025-03-19T00:28:27.111+0000] {processor.py:925} INFO - DAG(s) 'example_dynamic_task_mapping' retrieved from /home/airflow/.local/lib/python3.12/site-packages/airflow/example_dags/example_dynamic_task_mapping.py
[2025-03-19T00:28:27.124+0000] {logging_mixin.py:190} INFO - [2025-03-19T00:28:27.123+0000] {dag.py:3239} INFO - Sync 1 DAGs
[2025-03-19T00:28:27.133+0000] {logging_mixin.py:190} INFO - [2025-03-19T00:28:27.133+0000] {dag.py:4180} INFO - Setting next_dagrun for example_dynamic_task_mapping to None, run_after=None
[2025-03-19T00:28:27.145+0000] {processor.py:208} INFO - Processing /home/airflow/.local/lib/python3.12/site-packages/airflow/example_dags/example_dynamic_task_mapping.py took 0.044 seconds
[2025-03-19T00:28:58.353+0000] {processor.py:186} INFO - Started process (PID=2177) to work on /home/airflow/.local/lib/python3.12/site-packages/airflow/example_dags/example_dynamic_task_mapping.py
[2025-03-19T00:28:58.354+0000] {processor.py:914} INFO - Processing file /home/airflow/.local/lib/python3.12/site-packages/airflow/example_dags/example_dynamic_task_mapping.py for tasks to queue
[2025-03-19T00:28:58.355+0000] {logging_mixin.py:190} INFO - [2025-03-19T00:28:58.355+0000] {dagbag.py:588} INFO - Filling up the DagBag from /home/airflow/.local/lib/python3.12/site-packages/airflow/example_dags/example_dynamic_task_mapping.py
[2025-03-19T00:28:58.360+0000] {processor.py:925} INFO - DAG(s) 'example_dynamic_task_mapping' retrieved from /home/airflow/.local/lib/python3.12/site-packages/airflow/example_dags/example_dynamic_task_mapping.py
[2025-03-19T00:28:58.372+0000] {logging_mixin.py:190} INFO - [2025-03-19T00:28:58.372+0000] {dag.py:3239} INFO - Sync 1 DAGs
[2025-03-19T00:28:58.381+0000] {logging_mixin.py:190} INFO - [2025-03-19T00:28:58.381+0000] {dag.py:4180} INFO - Setting next_dagrun for example_dynamic_task_mapping to None, run_after=None
[2025-03-19T00:28:58.393+0000] {processor.py:208} INFO - Processing /home/airflow/.local/lib/python3.12/site-packages/airflow/example_dags/example_dynamic_task_mapping.py took 0.043 seconds
[2025-03-19T00:29:29.445+0000] {processor.py:186} INFO - Started process (PID=2240) to work on /home/airflow/.local/lib/python3.12/site-packages/airflow/example_dags/example_dynamic_task_mapping.py
[2025-03-19T00:29:29.445+0000] {processor.py:914} INFO - Processing file /home/airflow/.local/lib/python3.12/site-packages/airflow/example_dags/example_dynamic_task_mapping.py for tasks to queue
[2025-03-19T00:29:29.446+0000] {logging_mixin.py:190} INFO - [2025-03-19T00:29:29.446+0000] {dagbag.py:588} INFO - Filling up the DagBag from /home/airflow/.local/lib/python3.12/site-packages/airflow/example_dags/example_dynamic_task_mapping.py
[2025-03-19T00:29:29.451+0000] {processor.py:925} INFO - DAG(s) 'example_dynamic_task_mapping' retrieved from /home/airflow/.local/lib/python3.12/site-packages/airflow/example_dags/example_dynamic_task_mapping.py
[2025-03-19T00:29:29.464+0000] {logging_mixin.py:190} INFO - [2025-03-19T00:29:29.463+0000] {dag.py:3239} INFO - Sync 1 DAGs
[2025-03-19T00:29:29.473+0000] {logging_mixin.py:190} INFO - [2025-03-19T00:29:29.473+0000] {dag.py:4180} INFO - Setting next_dagrun for example_dynamic_task_mapping to None, run_after=None
[2025-03-19T00:29:29.485+0000] {processor.py:208} INFO - Processing /home/airflow/.local/lib/python3.12/site-packages/airflow/example_dags/example_dynamic_task_mapping.py took 0.044 seconds
[2025-03-19T00:30:00.714+0000] {processor.py:186} INFO - Started process (PID=2303) to work on /home/airflow/.local/lib/python3.12/site-packages/airflow/example_dags/example_dynamic_task_mapping.py
[2025-03-19T00:30:00.715+0000] {processor.py:914} INFO - Processing file /home/airflow/.local/lib/python3.12/site-packages/airflow/example_dags/example_dynamic_task_mapping.py for tasks to queue
[2025-03-19T00:30:00.716+0000] {logging_mixin.py:190} INFO - [2025-03-19T00:30:00.716+0000] {dagbag.py:588} INFO - Filling up the DagBag from /home/airflow/.local/lib/python3.12/site-packages/airflow/example_dags/example_dynamic_task_mapping.py
[2025-03-19T00:30:00.721+0000] {processor.py:925} INFO - DAG(s) 'example_dynamic_task_mapping' retrieved from /home/airflow/.local/lib/python3.12/site-packages/airflow/example_dags/example_dynamic_task_mapping.py
[2025-03-19T00:30:00.733+0000] {logging_mixin.py:190} INFO - [2025-03-19T00:30:00.733+0000] {dag.py:3239} INFO - Sync 1 DAGs
[2025-03-19T00:30:00.742+0000] {logging_mixin.py:190} INFO - [2025-03-19T00:30:00.742+0000] {dag.py:4180} INFO - Setting next_dagrun for example_dynamic_task_mapping to None, run_after=None
[2025-03-19T00:30:00.754+0000] {processor.py:208} INFO - Processing /home/airflow/.local/lib/python3.12/site-packages/airflow/example_dags/example_dynamic_task_mapping.py took 0.043 seconds
[2025-03-19T00:30:31.947+0000] {processor.py:186} INFO - Started process (PID=2366) to work on /home/airflow/.local/lib/python3.12/site-packages/airflow/example_dags/example_dynamic_task_mapping.py
[2025-03-19T00:30:31.948+0000] {processor.py:914} INFO - Processing file /home/airflow/.local/lib/python3.12/site-packages/airflow/example_dags/example_dynamic_task_mapping.py for tasks to queue
[2025-03-19T00:30:31.949+0000] {logging_mixin.py:190} INFO - [2025-03-19T00:30:31.949+0000] {dagbag.py:588} INFO - Filling up the DagBag from /home/airflow/.local/lib/python3.12/site-packages/airflow/example_dags/example_dynamic_task_mapping.py
[2025-03-19T00:30:31.954+0000] {processor.py:925} INFO - DAG(s) 'example_dynamic_task_mapping' retrieved from /home/airflow/.local/lib/python3.12/site-packages/airflow/example_dags/example_dynamic_task_mapping.py
[2025-03-19T00:30:31.966+0000] {logging_mixin.py:190} INFO - [2025-03-19T00:30:31.966+0000] {dag.py:3239} INFO - Sync 1 DAGs
[2025-03-19T00:30:31.975+0000] {logging_mixin.py:190} INFO - [2025-03-19T00:30:31.975+0000] {dag.py:4180} INFO - Setting next_dagrun for example_dynamic_task_mapping to None, run_after=None
[2025-03-19T00:30:31.987+0000] {processor.py:208} INFO - Processing /home/airflow/.local/lib/python3.12/site-packages/airflow/example_dags/example_dynamic_task_mapping.py took 0.043 seconds
[2025-03-19T00:31:03.386+0000] {processor.py:186} INFO - Started process (PID=2429) to work on /home/airflow/.local/lib/python3.12/site-packages/airflow/example_dags/example_dynamic_task_mapping.py
[2025-03-19T00:31:03.387+0000] {processor.py:914} INFO - Processing file /home/airflow/.local/lib/python3.12/site-packages/airflow/example_dags/example_dynamic_task_mapping.py for tasks to queue
[2025-03-19T00:31:03.388+0000] {logging_mixin.py:190} INFO - [2025-03-19T00:31:03.388+0000] {dagbag.py:588} INFO - Filling up the DagBag from /home/airflow/.local/lib/python3.12/site-packages/airflow/example_dags/example_dynamic_task_mapping.py
[2025-03-19T00:31:03.393+0000] {processor.py:925} INFO - DAG(s) 'example_dynamic_task_mapping' retrieved from /home/airflow/.local/lib/python3.12/site-packages/airflow/example_dags/example_dynamic_task_mapping.py
[2025-03-19T00:31:03.406+0000] {logging_mixin.py:190} INFO - [2025-03-19T00:31:03.406+0000] {dag.py:3239} INFO - Sync 1 DAGs
[2025-03-19T00:31:03.416+0000] {logging_mixin.py:190} INFO - [2025-03-19T00:31:03.416+0000] {dag.py:4180} INFO - Setting next_dagrun for example_dynamic_task_mapping to None, run_after=None
[2025-03-19T00:31:03.429+0000] {processor.py:208} INFO - Processing /home/airflow/.local/lib/python3.12/site-packages/airflow/example_dags/example_dynamic_task_mapping.py took 0.046 seconds
[2025-03-19T00:31:34.083+0000] {processor.py:186} INFO - Started process (PID=2492) to work on /home/airflow/.local/lib/python3.12/site-packages/airflow/example_dags/example_dynamic_task_mapping.py
[2025-03-19T00:31:34.084+0000] {processor.py:914} INFO - Processing file /home/airflow/.local/lib/python3.12/site-packages/airflow/example_dags/example_dynamic_task_mapping.py for tasks to queue
[2025-03-19T00:31:34.085+0000] {logging_mixin.py:190} INFO - [2025-03-19T00:31:34.085+0000] {dagbag.py:588} INFO - Filling up the DagBag from /home/airflow/.local/lib/python3.12/site-packages/airflow/example_dags/example_dynamic_task_mapping.py
[2025-03-19T00:31:34.092+0000] {processor.py:925} INFO - DAG(s) 'example_dynamic_task_mapping' retrieved from /home/airflow/.local/lib/python3.12/site-packages/airflow/example_dags/example_dynamic_task_mapping.py
[2025-03-19T00:31:34.105+0000] {logging_mixin.py:190} INFO - [2025-03-19T00:31:34.104+0000] {dag.py:3239} INFO - Sync 1 DAGs
[2025-03-19T00:31:34.115+0000] {logging_mixin.py:190} INFO - [2025-03-19T00:31:34.115+0000] {dag.py:4180} INFO - Setting next_dagrun for example_dynamic_task_mapping to None, run_after=None
[2025-03-19T00:31:34.128+0000] {processor.py:208} INFO - Processing /home/airflow/.local/lib/python3.12/site-packages/airflow/example_dags/example_dynamic_task_mapping.py took 0.049 seconds
[2025-03-19T00:32:05.679+0000] {processor.py:186} INFO - Started process (PID=2557) to work on /home/airflow/.local/lib/python3.12/site-packages/airflow/example_dags/example_dynamic_task_mapping.py
[2025-03-19T00:32:05.680+0000] {processor.py:914} INFO - Processing file /home/airflow/.local/lib/python3.12/site-packages/airflow/example_dags/example_dynamic_task_mapping.py for tasks to queue
[2025-03-19T00:32:05.681+0000] {logging_mixin.py:190} INFO - [2025-03-19T00:32:05.681+0000] {dagbag.py:588} INFO - Filling up the DagBag from /home/airflow/.local/lib/python3.12/site-packages/airflow/example_dags/example_dynamic_task_mapping.py
[2025-03-19T00:32:05.686+0000] {processor.py:925} INFO - DAG(s) 'example_dynamic_task_mapping' retrieved from /home/airflow/.local/lib/python3.12/site-packages/airflow/example_dags/example_dynamic_task_mapping.py
[2025-03-19T00:32:05.701+0000] {logging_mixin.py:190} INFO - [2025-03-19T00:32:05.701+0000] {dag.py:3239} INFO - Sync 1 DAGs
[2025-03-19T00:32:05.713+0000] {logging_mixin.py:190} INFO - [2025-03-19T00:32:05.713+0000] {dag.py:4180} INFO - Setting next_dagrun for example_dynamic_task_mapping to None, run_after=None
[2025-03-19T00:32:05.730+0000] {processor.py:208} INFO - Processing /home/airflow/.local/lib/python3.12/site-packages/airflow/example_dags/example_dynamic_task_mapping.py took 0.056 seconds
[2025-03-19T00:32:36.814+0000] {processor.py:186} INFO - Started process (PID=2620) to work on /home/airflow/.local/lib/python3.12/site-packages/airflow/example_dags/example_dynamic_task_mapping.py
[2025-03-19T00:32:36.815+0000] {processor.py:914} INFO - Processing file /home/airflow/.local/lib/python3.12/site-packages/airflow/example_dags/example_dynamic_task_mapping.py for tasks to queue
[2025-03-19T00:32:36.816+0000] {logging_mixin.py:190} INFO - [2025-03-19T00:32:36.816+0000] {dagbag.py:588} INFO - Filling up the DagBag from /home/airflow/.local/lib/python3.12/site-packages/airflow/example_dags/example_dynamic_task_mapping.py
[2025-03-19T00:32:36.822+0000] {processor.py:925} INFO - DAG(s) 'example_dynamic_task_mapping' retrieved from /home/airflow/.local/lib/python3.12/site-packages/airflow/example_dags/example_dynamic_task_mapping.py
[2025-03-19T00:32:36.836+0000] {logging_mixin.py:190} INFO - [2025-03-19T00:32:36.835+0000] {dag.py:3239} INFO - Sync 1 DAGs
[2025-03-19T00:32:36.845+0000] {logging_mixin.py:190} INFO - [2025-03-19T00:32:36.845+0000] {dag.py:4180} INFO - Setting next_dagrun for example_dynamic_task_mapping to None, run_after=None
[2025-03-19T00:32:36.859+0000] {processor.py:208} INFO - Processing /home/airflow/.local/lib/python3.12/site-packages/airflow/example_dags/example_dynamic_task_mapping.py took 0.048 seconds
[2025-03-19T00:33:07.886+0000] {processor.py:186} INFO - Started process (PID=2683) to work on /home/airflow/.local/lib/python3.12/site-packages/airflow/example_dags/example_dynamic_task_mapping.py
[2025-03-19T00:33:07.886+0000] {processor.py:914} INFO - Processing file /home/airflow/.local/lib/python3.12/site-packages/airflow/example_dags/example_dynamic_task_mapping.py for tasks to queue
[2025-03-19T00:33:07.888+0000] {logging_mixin.py:190} INFO - [2025-03-19T00:33:07.888+0000] {dagbag.py:588} INFO - Filling up the DagBag from /home/airflow/.local/lib/python3.12/site-packages/airflow/example_dags/example_dynamic_task_mapping.py
[2025-03-19T00:33:07.894+0000] {processor.py:925} INFO - DAG(s) 'example_dynamic_task_mapping' retrieved from /home/airflow/.local/lib/python3.12/site-packages/airflow/example_dags/example_dynamic_task_mapping.py
[2025-03-19T00:33:07.911+0000] {logging_mixin.py:190} INFO - [2025-03-19T00:33:07.910+0000] {dag.py:3239} INFO - Sync 1 DAGs
[2025-03-19T00:33:07.925+0000] {logging_mixin.py:190} INFO - [2025-03-19T00:33:07.925+0000] {dag.py:4180} INFO - Setting next_dagrun for example_dynamic_task_mapping to None, run_after=None
[2025-03-19T00:33:07.943+0000] {processor.py:208} INFO - Processing /home/airflow/.local/lib/python3.12/site-packages/airflow/example_dags/example_dynamic_task_mapping.py took 0.061 seconds
[2025-03-19T00:33:38.228+0000] {processor.py:186} INFO - Started process (PID=2746) to work on /home/airflow/.local/lib/python3.12/site-packages/airflow/example_dags/example_dynamic_task_mapping.py
[2025-03-19T00:33:38.228+0000] {processor.py:914} INFO - Processing file /home/airflow/.local/lib/python3.12/site-packages/airflow/example_dags/example_dynamic_task_mapping.py for tasks to queue
[2025-03-19T00:33:38.230+0000] {logging_mixin.py:190} INFO - [2025-03-19T00:33:38.229+0000] {dagbag.py:588} INFO - Filling up the DagBag from /home/airflow/.local/lib/python3.12/site-packages/airflow/example_dags/example_dynamic_task_mapping.py
[2025-03-19T00:33:38.236+0000] {processor.py:925} INFO - DAG(s) 'example_dynamic_task_mapping' retrieved from /home/airflow/.local/lib/python3.12/site-packages/airflow/example_dags/example_dynamic_task_mapping.py
[2025-03-19T00:33:38.249+0000] {logging_mixin.py:190} INFO - [2025-03-19T00:33:38.249+0000] {dag.py:3239} INFO - Sync 1 DAGs
[2025-03-19T00:33:38.259+0000] {logging_mixin.py:190} INFO - [2025-03-19T00:33:38.259+0000] {dag.py:4180} INFO - Setting next_dagrun for example_dynamic_task_mapping to None, run_after=None
[2025-03-19T00:33:38.274+0000] {processor.py:208} INFO - Processing /home/airflow/.local/lib/python3.12/site-packages/airflow/example_dags/example_dynamic_task_mapping.py took 0.051 seconds
[2025-03-19T00:34:09.026+0000] {processor.py:186} INFO - Started process (PID=2809) to work on /home/airflow/.local/lib/python3.12/site-packages/airflow/example_dags/example_dynamic_task_mapping.py
[2025-03-19T00:34:09.027+0000] {processor.py:914} INFO - Processing file /home/airflow/.local/lib/python3.12/site-packages/airflow/example_dags/example_dynamic_task_mapping.py for tasks to queue
[2025-03-19T00:34:09.028+0000] {logging_mixin.py:190} INFO - [2025-03-19T00:34:09.028+0000] {dagbag.py:588} INFO - Filling up the DagBag from /home/airflow/.local/lib/python3.12/site-packages/airflow/example_dags/example_dynamic_task_mapping.py
[2025-03-19T00:34:09.034+0000] {processor.py:925} INFO - DAG(s) 'example_dynamic_task_mapping' retrieved from /home/airflow/.local/lib/python3.12/site-packages/airflow/example_dags/example_dynamic_task_mapping.py
[2025-03-19T00:34:09.045+0000] {logging_mixin.py:190} INFO - [2025-03-19T00:34:09.045+0000] {dag.py:3239} INFO - Sync 1 DAGs
[2025-03-19T00:34:09.056+0000] {logging_mixin.py:190} INFO - [2025-03-19T00:34:09.056+0000] {dag.py:4180} INFO - Setting next_dagrun for example_dynamic_task_mapping to None, run_after=None
[2025-03-19T00:34:09.068+0000] {processor.py:208} INFO - Processing /home/airflow/.local/lib/python3.12/site-packages/airflow/example_dags/example_dynamic_task_mapping.py took 0.045 seconds
[2025-03-19T00:34:39.954+0000] {processor.py:186} INFO - Started process (PID=2873) to work on /home/airflow/.local/lib/python3.12/site-packages/airflow/example_dags/example_dynamic_task_mapping.py
[2025-03-19T00:34:39.954+0000] {processor.py:914} INFO - Processing file /home/airflow/.local/lib/python3.12/site-packages/airflow/example_dags/example_dynamic_task_mapping.py for tasks to queue
[2025-03-19T00:34:39.955+0000] {logging_mixin.py:190} INFO - [2025-03-19T00:34:39.955+0000] {dagbag.py:588} INFO - Filling up the DagBag from /home/airflow/.local/lib/python3.12/site-packages/airflow/example_dags/example_dynamic_task_mapping.py
[2025-03-19T00:34:39.961+0000] {processor.py:925} INFO - DAG(s) 'example_dynamic_task_mapping' retrieved from /home/airflow/.local/lib/python3.12/site-packages/airflow/example_dags/example_dynamic_task_mapping.py
[2025-03-19T00:34:39.975+0000] {logging_mixin.py:190} INFO - [2025-03-19T00:34:39.974+0000] {dag.py:3239} INFO - Sync 1 DAGs
[2025-03-19T00:34:39.985+0000] {logging_mixin.py:190} INFO - [2025-03-19T00:34:39.984+0000] {dag.py:4180} INFO - Setting next_dagrun for example_dynamic_task_mapping to None, run_after=None
[2025-03-19T00:34:39.997+0000] {processor.py:208} INFO - Processing /home/airflow/.local/lib/python3.12/site-packages/airflow/example_dags/example_dynamic_task_mapping.py took 0.047 seconds
[2025-03-19T00:35:11.646+0000] {processor.py:186} INFO - Started process (PID=2938) to work on /home/airflow/.local/lib/python3.12/site-packages/airflow/example_dags/example_dynamic_task_mapping.py
[2025-03-19T00:35:11.646+0000] {processor.py:914} INFO - Processing file /home/airflow/.local/lib/python3.12/site-packages/airflow/example_dags/example_dynamic_task_mapping.py for tasks to queue
[2025-03-19T00:35:11.647+0000] {logging_mixin.py:190} INFO - [2025-03-19T00:35:11.647+0000] {dagbag.py:588} INFO - Filling up the DagBag from /home/airflow/.local/lib/python3.12/site-packages/airflow/example_dags/example_dynamic_task_mapping.py
[2025-03-19T00:35:11.652+0000] {processor.py:925} INFO - DAG(s) 'example_dynamic_task_mapping' retrieved from /home/airflow/.local/lib/python3.12/site-packages/airflow/example_dags/example_dynamic_task_mapping.py
[2025-03-19T00:35:11.665+0000] {logging_mixin.py:190} INFO - [2025-03-19T00:35:11.665+0000] {dag.py:3239} INFO - Sync 1 DAGs
[2025-03-19T00:35:11.675+0000] {logging_mixin.py:190} INFO - [2025-03-19T00:35:11.675+0000] {dag.py:4180} INFO - Setting next_dagrun for example_dynamic_task_mapping to None, run_after=None
[2025-03-19T00:35:11.687+0000] {processor.py:208} INFO - Processing /home/airflow/.local/lib/python3.12/site-packages/airflow/example_dags/example_dynamic_task_mapping.py took 0.045 seconds
[2025-03-19T00:35:42.226+0000] {processor.py:186} INFO - Started process (PID=3001) to work on /home/airflow/.local/lib/python3.12/site-packages/airflow/example_dags/example_dynamic_task_mapping.py
[2025-03-19T00:35:42.227+0000] {processor.py:914} INFO - Processing file /home/airflow/.local/lib/python3.12/site-packages/airflow/example_dags/example_dynamic_task_mapping.py for tasks to queue
[2025-03-19T00:35:42.228+0000] {logging_mixin.py:190} INFO - [2025-03-19T00:35:42.228+0000] {dagbag.py:588} INFO - Filling up the DagBag from /home/airflow/.local/lib/python3.12/site-packages/airflow/example_dags/example_dynamic_task_mapping.py
[2025-03-19T00:35:42.233+0000] {processor.py:925} INFO - DAG(s) 'example_dynamic_task_mapping' retrieved from /home/airflow/.local/lib/python3.12/site-packages/airflow/example_dags/example_dynamic_task_mapping.py
[2025-03-19T00:35:42.246+0000] {logging_mixin.py:190} INFO - [2025-03-19T00:35:42.245+0000] {dag.py:3239} INFO - Sync 1 DAGs
[2025-03-19T00:35:42.256+0000] {logging_mixin.py:190} INFO - [2025-03-19T00:35:42.255+0000] {dag.py:4180} INFO - Setting next_dagrun for example_dynamic_task_mapping to None, run_after=None
[2025-03-19T00:35:42.267+0000] {processor.py:208} INFO - Processing /home/airflow/.local/lib/python3.12/site-packages/airflow/example_dags/example_dynamic_task_mapping.py took 0.045 seconds
[2025-03-19T00:36:12.496+0000] {processor.py:186} INFO - Started process (PID=3063) to work on /home/airflow/.local/lib/python3.12/site-packages/airflow/example_dags/example_dynamic_task_mapping.py
[2025-03-19T00:36:12.497+0000] {processor.py:914} INFO - Processing file /home/airflow/.local/lib/python3.12/site-packages/airflow/example_dags/example_dynamic_task_mapping.py for tasks to queue
[2025-03-19T00:36:12.498+0000] {logging_mixin.py:190} INFO - [2025-03-19T00:36:12.498+0000] {dagbag.py:588} INFO - Filling up the DagBag from /home/airflow/.local/lib/python3.12/site-packages/airflow/example_dags/example_dynamic_task_mapping.py
[2025-03-19T00:36:12.503+0000] {processor.py:925} INFO - DAG(s) 'example_dynamic_task_mapping' retrieved from /home/airflow/.local/lib/python3.12/site-packages/airflow/example_dags/example_dynamic_task_mapping.py
[2025-03-19T00:36:12.517+0000] {logging_mixin.py:190} INFO - [2025-03-19T00:36:12.517+0000] {dag.py:3239} INFO - Sync 1 DAGs
[2025-03-19T00:36:12.528+0000] {logging_mixin.py:190} INFO - [2025-03-19T00:36:12.528+0000] {dag.py:4180} INFO - Setting next_dagrun for example_dynamic_task_mapping to None, run_after=None
[2025-03-19T00:36:12.541+0000] {processor.py:208} INFO - Processing /home/airflow/.local/lib/python3.12/site-packages/airflow/example_dags/example_dynamic_task_mapping.py took 0.050 seconds
[2025-03-19T00:36:43.401+0000] {processor.py:186} INFO - Started process (PID=3126) to work on /home/airflow/.local/lib/python3.12/site-packages/airflow/example_dags/example_dynamic_task_mapping.py
[2025-03-19T00:36:43.402+0000] {processor.py:914} INFO - Processing file /home/airflow/.local/lib/python3.12/site-packages/airflow/example_dags/example_dynamic_task_mapping.py for tasks to queue
[2025-03-19T00:36:43.403+0000] {logging_mixin.py:190} INFO - [2025-03-19T00:36:43.403+0000] {dagbag.py:588} INFO - Filling up the DagBag from /home/airflow/.local/lib/python3.12/site-packages/airflow/example_dags/example_dynamic_task_mapping.py
[2025-03-19T00:36:43.408+0000] {processor.py:925} INFO - DAG(s) 'example_dynamic_task_mapping' retrieved from /home/airflow/.local/lib/python3.12/site-packages/airflow/example_dags/example_dynamic_task_mapping.py
[2025-03-19T00:36:43.422+0000] {logging_mixin.py:190} INFO - [2025-03-19T00:36:43.422+0000] {dag.py:3239} INFO - Sync 1 DAGs
[2025-03-19T00:36:43.432+0000] {logging_mixin.py:190} INFO - [2025-03-19T00:36:43.432+0000] {dag.py:4180} INFO - Setting next_dagrun for example_dynamic_task_mapping to None, run_after=None
[2025-03-19T00:36:43.445+0000] {processor.py:208} INFO - Processing /home/airflow/.local/lib/python3.12/site-packages/airflow/example_dags/example_dynamic_task_mapping.py took 0.048 seconds
[2025-03-19T00:37:14.212+0000] {processor.py:186} INFO - Started process (PID=3190) to work on /home/airflow/.local/lib/python3.12/site-packages/airflow/example_dags/example_dynamic_task_mapping.py
[2025-03-19T00:37:14.212+0000] {processor.py:914} INFO - Processing file /home/airflow/.local/lib/python3.12/site-packages/airflow/example_dags/example_dynamic_task_mapping.py for tasks to queue
[2025-03-19T00:37:14.214+0000] {logging_mixin.py:190} INFO - [2025-03-19T00:37:14.214+0000] {dagbag.py:588} INFO - Filling up the DagBag from /home/airflow/.local/lib/python3.12/site-packages/airflow/example_dags/example_dynamic_task_mapping.py
[2025-03-19T00:37:14.219+0000] {processor.py:925} INFO - DAG(s) 'example_dynamic_task_mapping' retrieved from /home/airflow/.local/lib/python3.12/site-packages/airflow/example_dags/example_dynamic_task_mapping.py
[2025-03-19T00:37:14.234+0000] {logging_mixin.py:190} INFO - [2025-03-19T00:37:14.234+0000] {dag.py:3239} INFO - Sync 1 DAGs
[2025-03-19T00:37:14.246+0000] {logging_mixin.py:190} INFO - [2025-03-19T00:37:14.245+0000] {dag.py:4180} INFO - Setting next_dagrun for example_dynamic_task_mapping to None, run_after=None
[2025-03-19T00:37:14.261+0000] {processor.py:208} INFO - Processing /home/airflow/.local/lib/python3.12/site-packages/airflow/example_dags/example_dynamic_task_mapping.py took 0.053 seconds
[2025-03-19T00:37:44.906+0000] {processor.py:186} INFO - Started process (PID=3254) to work on /home/airflow/.local/lib/python3.12/site-packages/airflow/example_dags/example_dynamic_task_mapping.py
[2025-03-19T00:37:44.907+0000] {processor.py:914} INFO - Processing file /home/airflow/.local/lib/python3.12/site-packages/airflow/example_dags/example_dynamic_task_mapping.py for tasks to queue
[2025-03-19T00:37:44.908+0000] {logging_mixin.py:190} INFO - [2025-03-19T00:37:44.908+0000] {dagbag.py:588} INFO - Filling up the DagBag from /home/airflow/.local/lib/python3.12/site-packages/airflow/example_dags/example_dynamic_task_mapping.py
[2025-03-19T00:37:44.913+0000] {processor.py:925} INFO - DAG(s) 'example_dynamic_task_mapping' retrieved from /home/airflow/.local/lib/python3.12/site-packages/airflow/example_dags/example_dynamic_task_mapping.py
[2025-03-19T00:37:44.926+0000] {logging_mixin.py:190} INFO - [2025-03-19T00:37:44.926+0000] {dag.py:3239} INFO - Sync 1 DAGs
[2025-03-19T00:37:44.937+0000] {logging_mixin.py:190} INFO - [2025-03-19T00:37:44.937+0000] {dag.py:4180} INFO - Setting next_dagrun for example_dynamic_task_mapping to None, run_after=None
[2025-03-19T00:37:44.950+0000] {processor.py:208} INFO - Processing /home/airflow/.local/lib/python3.12/site-packages/airflow/example_dags/example_dynamic_task_mapping.py took 0.048 seconds
[2025-03-19T00:38:14.977+0000] {processor.py:186} INFO - Started process (PID=3317) to work on /home/airflow/.local/lib/python3.12/site-packages/airflow/example_dags/example_dynamic_task_mapping.py
[2025-03-19T00:38:14.978+0000] {processor.py:914} INFO - Processing file /home/airflow/.local/lib/python3.12/site-packages/airflow/example_dags/example_dynamic_task_mapping.py for tasks to queue
[2025-03-19T00:38:14.979+0000] {logging_mixin.py:190} INFO - [2025-03-19T00:38:14.979+0000] {dagbag.py:588} INFO - Filling up the DagBag from /home/airflow/.local/lib/python3.12/site-packages/airflow/example_dags/example_dynamic_task_mapping.py
[2025-03-19T00:38:14.984+0000] {processor.py:925} INFO - DAG(s) 'example_dynamic_task_mapping' retrieved from /home/airflow/.local/lib/python3.12/site-packages/airflow/example_dags/example_dynamic_task_mapping.py
[2025-03-19T00:38:14.996+0000] {logging_mixin.py:190} INFO - [2025-03-19T00:38:14.996+0000] {dag.py:3239} INFO - Sync 1 DAGs
[2025-03-19T00:38:15.009+0000] {logging_mixin.py:190} INFO - [2025-03-19T00:38:15.008+0000] {dag.py:4180} INFO - Setting next_dagrun for example_dynamic_task_mapping to None, run_after=None
[2025-03-19T00:38:15.021+0000] {processor.py:208} INFO - Processing /home/airflow/.local/lib/python3.12/site-packages/airflow/example_dags/example_dynamic_task_mapping.py took 0.047 seconds
[2025-03-19T00:38:46.649+0000] {processor.py:186} INFO - Started process (PID=3382) to work on /home/airflow/.local/lib/python3.12/site-packages/airflow/example_dags/example_dynamic_task_mapping.py
[2025-03-19T00:38:46.649+0000] {processor.py:914} INFO - Processing file /home/airflow/.local/lib/python3.12/site-packages/airflow/example_dags/example_dynamic_task_mapping.py for tasks to queue
[2025-03-19T00:38:46.651+0000] {logging_mixin.py:190} INFO - [2025-03-19T00:38:46.650+0000] {dagbag.py:588} INFO - Filling up the DagBag from /home/airflow/.local/lib/python3.12/site-packages/airflow/example_dags/example_dynamic_task_mapping.py
[2025-03-19T00:38:46.656+0000] {processor.py:925} INFO - DAG(s) 'example_dynamic_task_mapping' retrieved from /home/airflow/.local/lib/python3.12/site-packages/airflow/example_dags/example_dynamic_task_mapping.py
[2025-03-19T00:38:46.669+0000] {logging_mixin.py:190} INFO - [2025-03-19T00:38:46.669+0000] {dag.py:3239} INFO - Sync 1 DAGs
[2025-03-19T00:38:46.679+0000] {logging_mixin.py:190} INFO - [2025-03-19T00:38:46.679+0000] {dag.py:4180} INFO - Setting next_dagrun for example_dynamic_task_mapping to None, run_after=None
[2025-03-19T00:38:46.692+0000] {processor.py:208} INFO - Processing /home/airflow/.local/lib/python3.12/site-packages/airflow/example_dags/example_dynamic_task_mapping.py took 0.047 seconds
[2025-03-19T00:39:17.027+0000] {processor.py:186} INFO - Started process (PID=3446) to work on /home/airflow/.local/lib/python3.12/site-packages/airflow/example_dags/example_dynamic_task_mapping.py
[2025-03-19T00:39:17.027+0000] {processor.py:914} INFO - Processing file /home/airflow/.local/lib/python3.12/site-packages/airflow/example_dags/example_dynamic_task_mapping.py for tasks to queue
[2025-03-19T00:39:17.028+0000] {logging_mixin.py:190} INFO - [2025-03-19T00:39:17.028+0000] {dagbag.py:588} INFO - Filling up the DagBag from /home/airflow/.local/lib/python3.12/site-packages/airflow/example_dags/example_dynamic_task_mapping.py
[2025-03-19T00:39:17.036+0000] {processor.py:925} INFO - DAG(s) 'example_dynamic_task_mapping' retrieved from /home/airflow/.local/lib/python3.12/site-packages/airflow/example_dags/example_dynamic_task_mapping.py
[2025-03-19T00:39:17.049+0000] {logging_mixin.py:190} INFO - [2025-03-19T00:39:17.048+0000] {dag.py:3239} INFO - Sync 1 DAGs
[2025-03-19T00:39:17.059+0000] {logging_mixin.py:190} INFO - [2025-03-19T00:39:17.059+0000] {dag.py:4180} INFO - Setting next_dagrun for example_dynamic_task_mapping to None, run_after=None
[2025-03-19T00:39:17.073+0000] {processor.py:208} INFO - Processing /home/airflow/.local/lib/python3.12/site-packages/airflow/example_dags/example_dynamic_task_mapping.py took 0.050 seconds
[2025-03-19T00:39:48.371+0000] {processor.py:186} INFO - Started process (PID=3510) to work on /home/airflow/.local/lib/python3.12/site-packages/airflow/example_dags/example_dynamic_task_mapping.py
[2025-03-19T00:39:48.371+0000] {processor.py:914} INFO - Processing file /home/airflow/.local/lib/python3.12/site-packages/airflow/example_dags/example_dynamic_task_mapping.py for tasks to queue
[2025-03-19T00:39:48.373+0000] {logging_mixin.py:190} INFO - [2025-03-19T00:39:48.373+0000] {dagbag.py:588} INFO - Filling up the DagBag from /home/airflow/.local/lib/python3.12/site-packages/airflow/example_dags/example_dynamic_task_mapping.py
[2025-03-19T00:39:48.379+0000] {processor.py:925} INFO - DAG(s) 'example_dynamic_task_mapping' retrieved from /home/airflow/.local/lib/python3.12/site-packages/airflow/example_dags/example_dynamic_task_mapping.py
[2025-03-19T00:39:48.392+0000] {logging_mixin.py:190} INFO - [2025-03-19T00:39:48.391+0000] {dag.py:3239} INFO - Sync 1 DAGs
[2025-03-19T00:39:48.402+0000] {logging_mixin.py:190} INFO - [2025-03-19T00:39:48.402+0000] {dag.py:4180} INFO - Setting next_dagrun for example_dynamic_task_mapping to None, run_after=None
[2025-03-19T00:39:48.415+0000] {processor.py:208} INFO - Processing /home/airflow/.local/lib/python3.12/site-packages/airflow/example_dags/example_dynamic_task_mapping.py took 0.049 seconds
[2025-03-19T00:40:19.629+0000] {processor.py:186} INFO - Started process (PID=3574) to work on /home/airflow/.local/lib/python3.12/site-packages/airflow/example_dags/example_dynamic_task_mapping.py
[2025-03-19T00:40:19.630+0000] {processor.py:914} INFO - Processing file /home/airflow/.local/lib/python3.12/site-packages/airflow/example_dags/example_dynamic_task_mapping.py for tasks to queue
[2025-03-19T00:40:19.631+0000] {logging_mixin.py:190} INFO - [2025-03-19T00:40:19.631+0000] {dagbag.py:588} INFO - Filling up the DagBag from /home/airflow/.local/lib/python3.12/site-packages/airflow/example_dags/example_dynamic_task_mapping.py
[2025-03-19T00:40:19.636+0000] {processor.py:925} INFO - DAG(s) 'example_dynamic_task_mapping' retrieved from /home/airflow/.local/lib/python3.12/site-packages/airflow/example_dags/example_dynamic_task_mapping.py
[2025-03-19T00:40:19.650+0000] {logging_mixin.py:190} INFO - [2025-03-19T00:40:19.649+0000] {dag.py:3239} INFO - Sync 1 DAGs
[2025-03-19T00:40:19.660+0000] {logging_mixin.py:190} INFO - [2025-03-19T00:40:19.660+0000] {dag.py:4180} INFO - Setting next_dagrun for example_dynamic_task_mapping to None, run_after=None
[2025-03-19T00:40:19.777+0000] {processor.py:208} INFO - Processing /home/airflow/.local/lib/python3.12/site-packages/airflow/example_dags/example_dynamic_task_mapping.py took 0.151 seconds
[2025-03-19T00:41:18.584+0000] {processor.py:186} INFO - Started process (PID=98) to work on /home/airflow/.local/lib/python3.12/site-packages/airflow/example_dags/example_dynamic_task_mapping.py
[2025-03-19T00:41:18.584+0000] {processor.py:914} INFO - Processing file /home/airflow/.local/lib/python3.12/site-packages/airflow/example_dags/example_dynamic_task_mapping.py for tasks to queue
[2025-03-19T00:41:18.586+0000] {logging_mixin.py:190} INFO - [2025-03-19T00:41:18.585+0000] {dagbag.py:588} INFO - Filling up the DagBag from /home/airflow/.local/lib/python3.12/site-packages/airflow/example_dags/example_dynamic_task_mapping.py
[2025-03-19T00:41:18.592+0000] {processor.py:925} INFO - DAG(s) 'example_dynamic_task_mapping' retrieved from /home/airflow/.local/lib/python3.12/site-packages/airflow/example_dags/example_dynamic_task_mapping.py
[2025-03-19T00:41:18.605+0000] {logging_mixin.py:190} INFO - [2025-03-19T00:41:18.605+0000] {dag.py:3239} INFO - Sync 1 DAGs
[2025-03-19T00:41:18.616+0000] {logging_mixin.py:190} INFO - [2025-03-19T00:41:18.616+0000] {dag.py:4180} INFO - Setting next_dagrun for example_dynamic_task_mapping to None, run_after=None
[2025-03-19T00:41:18.629+0000] {processor.py:208} INFO - Processing /home/airflow/.local/lib/python3.12/site-packages/airflow/example_dags/example_dynamic_task_mapping.py took 0.050 seconds
[2025-03-19T00:41:49.102+0000] {processor.py:186} INFO - Started process (PID=162) to work on /home/airflow/.local/lib/python3.12/site-packages/airflow/example_dags/example_dynamic_task_mapping.py
[2025-03-19T00:41:49.102+0000] {processor.py:914} INFO - Processing file /home/airflow/.local/lib/python3.12/site-packages/airflow/example_dags/example_dynamic_task_mapping.py for tasks to queue
[2025-03-19T00:41:49.103+0000] {logging_mixin.py:190} INFO - [2025-03-19T00:41:49.103+0000] {dagbag.py:588} INFO - Filling up the DagBag from /home/airflow/.local/lib/python3.12/site-packages/airflow/example_dags/example_dynamic_task_mapping.py
[2025-03-19T00:41:49.108+0000] {processor.py:925} INFO - DAG(s) 'example_dynamic_task_mapping' retrieved from /home/airflow/.local/lib/python3.12/site-packages/airflow/example_dags/example_dynamic_task_mapping.py
[2025-03-19T00:41:49.120+0000] {logging_mixin.py:190} INFO - [2025-03-19T00:41:49.120+0000] {dag.py:3239} INFO - Sync 1 DAGs
[2025-03-19T00:41:49.130+0000] {logging_mixin.py:190} INFO - [2025-03-19T00:41:49.130+0000] {dag.py:4180} INFO - Setting next_dagrun for example_dynamic_task_mapping to None, run_after=None
[2025-03-19T00:41:49.144+0000] {processor.py:208} INFO - Processing /home/airflow/.local/lib/python3.12/site-packages/airflow/example_dags/example_dynamic_task_mapping.py took 0.046 seconds
[2025-03-19T00:42:20.427+0000] {processor.py:186} INFO - Started process (PID=226) to work on /home/airflow/.local/lib/python3.12/site-packages/airflow/example_dags/example_dynamic_task_mapping.py
[2025-03-19T00:42:20.428+0000] {processor.py:914} INFO - Processing file /home/airflow/.local/lib/python3.12/site-packages/airflow/example_dags/example_dynamic_task_mapping.py for tasks to queue
[2025-03-19T00:42:20.429+0000] {logging_mixin.py:190} INFO - [2025-03-19T00:42:20.429+0000] {dagbag.py:588} INFO - Filling up the DagBag from /home/airflow/.local/lib/python3.12/site-packages/airflow/example_dags/example_dynamic_task_mapping.py
[2025-03-19T00:42:20.435+0000] {processor.py:925} INFO - DAG(s) 'example_dynamic_task_mapping' retrieved from /home/airflow/.local/lib/python3.12/site-packages/airflow/example_dags/example_dynamic_task_mapping.py
[2025-03-19T00:42:20.447+0000] {logging_mixin.py:190} INFO - [2025-03-19T00:42:20.447+0000] {dag.py:3239} INFO - Sync 1 DAGs
[2025-03-19T00:42:20.457+0000] {logging_mixin.py:190} INFO - [2025-03-19T00:42:20.457+0000] {dag.py:4180} INFO - Setting next_dagrun for example_dynamic_task_mapping to None, run_after=None
[2025-03-19T00:42:20.470+0000] {processor.py:208} INFO - Processing /home/airflow/.local/lib/python3.12/site-packages/airflow/example_dags/example_dynamic_task_mapping.py took 0.046 seconds
[2025-03-19T00:42:51.980+0000] {processor.py:186} INFO - Started process (PID=290) to work on /home/airflow/.local/lib/python3.12/site-packages/airflow/example_dags/example_dynamic_task_mapping.py
[2025-03-19T00:42:51.980+0000] {processor.py:914} INFO - Processing file /home/airflow/.local/lib/python3.12/site-packages/airflow/example_dags/example_dynamic_task_mapping.py for tasks to queue
[2025-03-19T00:42:51.981+0000] {logging_mixin.py:190} INFO - [2025-03-19T00:42:51.981+0000] {dagbag.py:588} INFO - Filling up the DagBag from /home/airflow/.local/lib/python3.12/site-packages/airflow/example_dags/example_dynamic_task_mapping.py
[2025-03-19T00:42:51.986+0000] {processor.py:925} INFO - DAG(s) 'example_dynamic_task_mapping' retrieved from /home/airflow/.local/lib/python3.12/site-packages/airflow/example_dags/example_dynamic_task_mapping.py
[2025-03-19T00:42:51.999+0000] {logging_mixin.py:190} INFO - [2025-03-19T00:42:51.998+0000] {dag.py:3239} INFO - Sync 1 DAGs
[2025-03-19T00:42:52.008+0000] {logging_mixin.py:190} INFO - [2025-03-19T00:42:52.008+0000] {dag.py:4180} INFO - Setting next_dagrun for example_dynamic_task_mapping to None, run_after=None
[2025-03-19T00:42:52.020+0000] {processor.py:208} INFO - Processing /home/airflow/.local/lib/python3.12/site-packages/airflow/example_dags/example_dynamic_task_mapping.py took 0.044 seconds
[2025-03-19T00:43:22.253+0000] {processor.py:186} INFO - Started process (PID=354) to work on /home/airflow/.local/lib/python3.12/site-packages/airflow/example_dags/example_dynamic_task_mapping.py
[2025-03-19T00:43:22.253+0000] {processor.py:914} INFO - Processing file /home/airflow/.local/lib/python3.12/site-packages/airflow/example_dags/example_dynamic_task_mapping.py for tasks to queue
[2025-03-19T00:43:22.254+0000] {logging_mixin.py:190} INFO - [2025-03-19T00:43:22.254+0000] {dagbag.py:588} INFO - Filling up the DagBag from /home/airflow/.local/lib/python3.12/site-packages/airflow/example_dags/example_dynamic_task_mapping.py
[2025-03-19T00:43:22.260+0000] {processor.py:925} INFO - DAG(s) 'example_dynamic_task_mapping' retrieved from /home/airflow/.local/lib/python3.12/site-packages/airflow/example_dags/example_dynamic_task_mapping.py
[2025-03-19T00:43:22.272+0000] {logging_mixin.py:190} INFO - [2025-03-19T00:43:22.272+0000] {dag.py:3239} INFO - Sync 1 DAGs
[2025-03-19T00:43:22.282+0000] {logging_mixin.py:190} INFO - [2025-03-19T00:43:22.282+0000] {dag.py:4180} INFO - Setting next_dagrun for example_dynamic_task_mapping to None, run_after=None
[2025-03-19T00:43:22.294+0000] {processor.py:208} INFO - Processing /home/airflow/.local/lib/python3.12/site-packages/airflow/example_dags/example_dynamic_task_mapping.py took 0.045 seconds
[2025-03-19T00:43:52.856+0000] {processor.py:186} INFO - Started process (PID=418) to work on /home/airflow/.local/lib/python3.12/site-packages/airflow/example_dags/example_dynamic_task_mapping.py
[2025-03-19T00:43:52.857+0000] {processor.py:914} INFO - Processing file /home/airflow/.local/lib/python3.12/site-packages/airflow/example_dags/example_dynamic_task_mapping.py for tasks to queue
[2025-03-19T00:43:52.858+0000] {logging_mixin.py:190} INFO - [2025-03-19T00:43:52.858+0000] {dagbag.py:588} INFO - Filling up the DagBag from /home/airflow/.local/lib/python3.12/site-packages/airflow/example_dags/example_dynamic_task_mapping.py
[2025-03-19T00:43:52.863+0000] {processor.py:925} INFO - DAG(s) 'example_dynamic_task_mapping' retrieved from /home/airflow/.local/lib/python3.12/site-packages/airflow/example_dags/example_dynamic_task_mapping.py
[2025-03-19T00:43:52.876+0000] {logging_mixin.py:190} INFO - [2025-03-19T00:43:52.875+0000] {dag.py:3239} INFO - Sync 1 DAGs
[2025-03-19T00:43:52.885+0000] {logging_mixin.py:190} INFO - [2025-03-19T00:43:52.885+0000] {dag.py:4180} INFO - Setting next_dagrun for example_dynamic_task_mapping to None, run_after=None
[2025-03-19T00:43:52.898+0000] {processor.py:208} INFO - Processing /home/airflow/.local/lib/python3.12/site-packages/airflow/example_dags/example_dynamic_task_mapping.py took 0.045 seconds
