[2025-03-19T00:11:53.911+0000] {processor.py:186} INFO - Started process (PID=76) to work on /home/airflow/.local/lib/python3.12/site-packages/airflow/example_dags/example_workday_timetable.py
[2025-03-19T00:11:53.912+0000] {processor.py:914} INFO - Processing file /home/airflow/.local/lib/python3.12/site-packages/airflow/example_dags/example_workday_timetable.py for tasks to queue
[2025-03-19T00:11:53.913+0000] {logging_mixin.py:190} INFO - [2025-03-19T00:11:53.913+0000] {dagbag.py:588} INFO - Filling up the DagBag from /home/airflow/.local/lib/python3.12/site-packages/airflow/example_dags/example_workday_timetable.py
[2025-03-19T00:11:53.917+0000] {processor.py:925} INFO - DAG(s) 'example_workday_timetable' retrieved from /home/airflow/.local/lib/python3.12/site-packages/airflow/example_dags/example_workday_timetable.py
[2025-03-19T00:11:53.930+0000] {logging_mixin.py:190} INFO - [2025-03-19T00:11:53.929+0000] {dag.py:3239} INFO - Sync 1 DAGs
[2025-03-19T00:11:53.981+0000] {logging_mixin.py:190} INFO - [2025-03-19T00:11:53.981+0000] {dag.py:4180} INFO - Setting next_dagrun for example_workday_timetable to 2021-01-04 00:00:00+00:00, run_after=2021-01-05 00:00:00+00:00
[2025-03-19T00:11:53.994+0000] {processor.py:208} INFO - Processing /home/airflow/.local/lib/python3.12/site-packages/airflow/example_dags/example_workday_timetable.py took 0.087 seconds
[2025-03-19T00:12:24.123+0000] {processor.py:186} INFO - Started process (PID=139) to work on /home/airflow/.local/lib/python3.12/site-packages/airflow/example_dags/example_workday_timetable.py
[2025-03-19T00:12:24.124+0000] {processor.py:914} INFO - Processing file /home/airflow/.local/lib/python3.12/site-packages/airflow/example_dags/example_workday_timetable.py for tasks to queue
[2025-03-19T00:12:24.125+0000] {logging_mixin.py:190} INFO - [2025-03-19T00:12:24.125+0000] {dagbag.py:588} INFO - Filling up the DagBag from /home/airflow/.local/lib/python3.12/site-packages/airflow/example_dags/example_workday_timetable.py
[2025-03-19T00:12:24.129+0000] {processor.py:925} INFO - DAG(s) 'example_workday_timetable' retrieved from /home/airflow/.local/lib/python3.12/site-packages/airflow/example_dags/example_workday_timetable.py
[2025-03-19T00:12:24.141+0000] {logging_mixin.py:190} INFO - [2025-03-19T00:12:24.141+0000] {dag.py:3239} INFO - Sync 1 DAGs
[2025-03-19T00:12:24.191+0000] {logging_mixin.py:190} INFO - [2025-03-19T00:12:24.191+0000] {dag.py:4180} INFO - Setting next_dagrun for example_workday_timetable to 2021-01-04 00:00:00+00:00, run_after=2021-01-05 00:00:00+00:00
[2025-03-19T00:12:24.204+0000] {processor.py:208} INFO - Processing /home/airflow/.local/lib/python3.12/site-packages/airflow/example_dags/example_workday_timetable.py took 0.085 seconds
[2025-03-19T00:12:55.109+0000] {processor.py:186} INFO - Started process (PID=201) to work on /home/airflow/.local/lib/python3.12/site-packages/airflow/example_dags/example_workday_timetable.py
[2025-03-19T00:12:55.110+0000] {processor.py:914} INFO - Processing file /home/airflow/.local/lib/python3.12/site-packages/airflow/example_dags/example_workday_timetable.py for tasks to queue
[2025-03-19T00:12:55.111+0000] {logging_mixin.py:190} INFO - [2025-03-19T00:12:55.111+0000] {dagbag.py:588} INFO - Filling up the DagBag from /home/airflow/.local/lib/python3.12/site-packages/airflow/example_dags/example_workday_timetable.py
[2025-03-19T00:12:55.115+0000] {processor.py:925} INFO - DAG(s) 'example_workday_timetable' retrieved from /home/airflow/.local/lib/python3.12/site-packages/airflow/example_dags/example_workday_timetable.py
[2025-03-19T00:12:55.126+0000] {logging_mixin.py:190} INFO - [2025-03-19T00:12:55.126+0000] {dag.py:3239} INFO - Sync 1 DAGs
[2025-03-19T00:12:55.175+0000] {logging_mixin.py:190} INFO - [2025-03-19T00:12:55.175+0000] {dag.py:4180} INFO - Setting next_dagrun for example_workday_timetable to 2021-01-04 00:00:00+00:00, run_after=2021-01-05 00:00:00+00:00
[2025-03-19T00:12:55.188+0000] {processor.py:208} INFO - Processing /home/airflow/.local/lib/python3.12/site-packages/airflow/example_dags/example_workday_timetable.py took 0.082 seconds
[2025-03-19T00:13:26.188+0000] {processor.py:186} INFO - Started process (PID=264) to work on /home/airflow/.local/lib/python3.12/site-packages/airflow/example_dags/example_workday_timetable.py
[2025-03-19T00:13:26.188+0000] {processor.py:914} INFO - Processing file /home/airflow/.local/lib/python3.12/site-packages/airflow/example_dags/example_workday_timetable.py for tasks to queue
[2025-03-19T00:13:26.189+0000] {logging_mixin.py:190} INFO - [2025-03-19T00:13:26.189+0000] {dagbag.py:588} INFO - Filling up the DagBag from /home/airflow/.local/lib/python3.12/site-packages/airflow/example_dags/example_workday_timetable.py
[2025-03-19T00:13:26.193+0000] {processor.py:925} INFO - DAG(s) 'example_workday_timetable' retrieved from /home/airflow/.local/lib/python3.12/site-packages/airflow/example_dags/example_workday_timetable.py
[2025-03-19T00:13:26.206+0000] {logging_mixin.py:190} INFO - [2025-03-19T00:13:26.206+0000] {dag.py:3239} INFO - Sync 1 DAGs
[2025-03-19T00:13:26.255+0000] {logging_mixin.py:190} INFO - [2025-03-19T00:13:26.255+0000] {dag.py:4180} INFO - Setting next_dagrun for example_workday_timetable to 2021-01-04 00:00:00+00:00, run_after=2021-01-05 00:00:00+00:00
[2025-03-19T00:13:26.269+0000] {processor.py:208} INFO - Processing /home/airflow/.local/lib/python3.12/site-packages/airflow/example_dags/example_workday_timetable.py took 0.086 seconds
[2025-03-19T00:13:57.719+0000] {processor.py:186} INFO - Started process (PID=327) to work on /home/airflow/.local/lib/python3.12/site-packages/airflow/example_dags/example_workday_timetable.py
[2025-03-19T00:13:57.719+0000] {processor.py:914} INFO - Processing file /home/airflow/.local/lib/python3.12/site-packages/airflow/example_dags/example_workday_timetable.py for tasks to queue
[2025-03-19T00:13:57.721+0000] {logging_mixin.py:190} INFO - [2025-03-19T00:13:57.721+0000] {dagbag.py:588} INFO - Filling up the DagBag from /home/airflow/.local/lib/python3.12/site-packages/airflow/example_dags/example_workday_timetable.py
[2025-03-19T00:13:57.725+0000] {processor.py:925} INFO - DAG(s) 'example_workday_timetable' retrieved from /home/airflow/.local/lib/python3.12/site-packages/airflow/example_dags/example_workday_timetable.py
[2025-03-19T00:13:57.739+0000] {logging_mixin.py:190} INFO - [2025-03-19T00:13:57.739+0000] {dag.py:3239} INFO - Sync 1 DAGs
[2025-03-19T00:13:57.800+0000] {logging_mixin.py:190} INFO - [2025-03-19T00:13:57.800+0000] {dag.py:4180} INFO - Setting next_dagrun for example_workday_timetable to 2021-01-04 00:00:00+00:00, run_after=2021-01-05 00:00:00+00:00
[2025-03-19T00:13:57.815+0000] {processor.py:208} INFO - Processing /home/airflow/.local/lib/python3.12/site-packages/airflow/example_dags/example_workday_timetable.py took 0.100 seconds
[2025-03-19T00:14:28.281+0000] {processor.py:186} INFO - Started process (PID=390) to work on /home/airflow/.local/lib/python3.12/site-packages/airflow/example_dags/example_workday_timetable.py
[2025-03-19T00:14:28.282+0000] {processor.py:914} INFO - Processing file /home/airflow/.local/lib/python3.12/site-packages/airflow/example_dags/example_workday_timetable.py for tasks to queue
[2025-03-19T00:14:28.284+0000] {logging_mixin.py:190} INFO - [2025-03-19T00:14:28.283+0000] {dagbag.py:588} INFO - Filling up the DagBag from /home/airflow/.local/lib/python3.12/site-packages/airflow/example_dags/example_workday_timetable.py
[2025-03-19T00:14:28.287+0000] {processor.py:925} INFO - DAG(s) 'example_workday_timetable' retrieved from /home/airflow/.local/lib/python3.12/site-packages/airflow/example_dags/example_workday_timetable.py
[2025-03-19T00:14:28.299+0000] {logging_mixin.py:190} INFO - [2025-03-19T00:14:28.299+0000] {dag.py:3239} INFO - Sync 1 DAGs
[2025-03-19T00:14:28.345+0000] {logging_mixin.py:190} INFO - [2025-03-19T00:14:28.345+0000] {dag.py:4180} INFO - Setting next_dagrun for example_workday_timetable to 2021-01-04 00:00:00+00:00, run_after=2021-01-05 00:00:00+00:00
[2025-03-19T00:14:28.358+0000] {processor.py:208} INFO - Processing /home/airflow/.local/lib/python3.12/site-packages/airflow/example_dags/example_workday_timetable.py took 0.080 seconds
[2025-03-19T00:14:58.990+0000] {processor.py:186} INFO - Started process (PID=453) to work on /home/airflow/.local/lib/python3.12/site-packages/airflow/example_dags/example_workday_timetable.py
[2025-03-19T00:14:58.991+0000] {processor.py:914} INFO - Processing file /home/airflow/.local/lib/python3.12/site-packages/airflow/example_dags/example_workday_timetable.py for tasks to queue
[2025-03-19T00:14:58.993+0000] {logging_mixin.py:190} INFO - [2025-03-19T00:14:58.993+0000] {dagbag.py:588} INFO - Filling up the DagBag from /home/airflow/.local/lib/python3.12/site-packages/airflow/example_dags/example_workday_timetable.py
[2025-03-19T00:14:58.997+0000] {processor.py:925} INFO - DAG(s) 'example_workday_timetable' retrieved from /home/airflow/.local/lib/python3.12/site-packages/airflow/example_dags/example_workday_timetable.py
[2025-03-19T00:14:59.011+0000] {logging_mixin.py:190} INFO - [2025-03-19T00:14:59.011+0000] {dag.py:3239} INFO - Sync 1 DAGs
[2025-03-19T00:14:59.063+0000] {logging_mixin.py:190} INFO - [2025-03-19T00:14:59.063+0000] {dag.py:4180} INFO - Setting next_dagrun for example_workday_timetable to 2021-01-04 00:00:00+00:00, run_after=2021-01-05 00:00:00+00:00
[2025-03-19T00:14:59.078+0000] {processor.py:208} INFO - Processing /home/airflow/.local/lib/python3.12/site-packages/airflow/example_dags/example_workday_timetable.py took 0.092 seconds
[2025-03-19T00:15:29.550+0000] {processor.py:186} INFO - Started process (PID=516) to work on /home/airflow/.local/lib/python3.12/site-packages/airflow/example_dags/example_workday_timetable.py
[2025-03-19T00:15:29.551+0000] {processor.py:914} INFO - Processing file /home/airflow/.local/lib/python3.12/site-packages/airflow/example_dags/example_workday_timetable.py for tasks to queue
[2025-03-19T00:15:29.552+0000] {logging_mixin.py:190} INFO - [2025-03-19T00:15:29.552+0000] {dagbag.py:588} INFO - Filling up the DagBag from /home/airflow/.local/lib/python3.12/site-packages/airflow/example_dags/example_workday_timetable.py
[2025-03-19T00:15:29.555+0000] {processor.py:925} INFO - DAG(s) 'example_workday_timetable' retrieved from /home/airflow/.local/lib/python3.12/site-packages/airflow/example_dags/example_workday_timetable.py
[2025-03-19T00:15:29.567+0000] {logging_mixin.py:190} INFO - [2025-03-19T00:15:29.567+0000] {dag.py:3239} INFO - Sync 1 DAGs
[2025-03-19T00:15:29.611+0000] {logging_mixin.py:190} INFO - [2025-03-19T00:15:29.611+0000] {dag.py:4180} INFO - Setting next_dagrun for example_workday_timetable to 2021-01-04 00:00:00+00:00, run_after=2021-01-05 00:00:00+00:00
[2025-03-19T00:15:29.623+0000] {processor.py:208} INFO - Processing /home/airflow/.local/lib/python3.12/site-packages/airflow/example_dags/example_workday_timetable.py took 0.076 seconds
[2025-03-19T00:16:00.194+0000] {processor.py:186} INFO - Started process (PID=579) to work on /home/airflow/.local/lib/python3.12/site-packages/airflow/example_dags/example_workday_timetable.py
[2025-03-19T00:16:00.195+0000] {processor.py:914} INFO - Processing file /home/airflow/.local/lib/python3.12/site-packages/airflow/example_dags/example_workday_timetable.py for tasks to queue
[2025-03-19T00:16:00.196+0000] {logging_mixin.py:190} INFO - [2025-03-19T00:16:00.196+0000] {dagbag.py:588} INFO - Filling up the DagBag from /home/airflow/.local/lib/python3.12/site-packages/airflow/example_dags/example_workday_timetable.py
[2025-03-19T00:16:00.200+0000] {processor.py:925} INFO - DAG(s) 'example_workday_timetable' retrieved from /home/airflow/.local/lib/python3.12/site-packages/airflow/example_dags/example_workday_timetable.py
[2025-03-19T00:16:00.213+0000] {logging_mixin.py:190} INFO - [2025-03-19T00:16:00.213+0000] {dag.py:3239} INFO - Sync 1 DAGs
[2025-03-19T00:16:00.263+0000] {logging_mixin.py:190} INFO - [2025-03-19T00:16:00.263+0000] {dag.py:4180} INFO - Setting next_dagrun for example_workday_timetable to 2021-01-04 00:00:00+00:00, run_after=2021-01-05 00:00:00+00:00
[2025-03-19T00:16:00.277+0000] {processor.py:208} INFO - Processing /home/airflow/.local/lib/python3.12/site-packages/airflow/example_dags/example_workday_timetable.py took 0.086 seconds
[2025-03-19T00:16:30.861+0000] {processor.py:186} INFO - Started process (PID=642) to work on /home/airflow/.local/lib/python3.12/site-packages/airflow/example_dags/example_workday_timetable.py
[2025-03-19T00:16:30.862+0000] {processor.py:914} INFO - Processing file /home/airflow/.local/lib/python3.12/site-packages/airflow/example_dags/example_workday_timetable.py for tasks to queue
[2025-03-19T00:16:30.863+0000] {logging_mixin.py:190} INFO - [2025-03-19T00:16:30.863+0000] {dagbag.py:588} INFO - Filling up the DagBag from /home/airflow/.local/lib/python3.12/site-packages/airflow/example_dags/example_workday_timetable.py
[2025-03-19T00:16:30.867+0000] {processor.py:925} INFO - DAG(s) 'example_workday_timetable' retrieved from /home/airflow/.local/lib/python3.12/site-packages/airflow/example_dags/example_workday_timetable.py
[2025-03-19T00:16:30.881+0000] {logging_mixin.py:190} INFO - [2025-03-19T00:16:30.881+0000] {dag.py:3239} INFO - Sync 1 DAGs
[2025-03-19T00:16:30.933+0000] {logging_mixin.py:190} INFO - [2025-03-19T00:16:30.933+0000] {dag.py:4180} INFO - Setting next_dagrun for example_workday_timetable to 2021-01-04 00:00:00+00:00, run_after=2021-01-05 00:00:00+00:00
[2025-03-19T00:16:30.947+0000] {processor.py:208} INFO - Processing /home/airflow/.local/lib/python3.12/site-packages/airflow/example_dags/example_workday_timetable.py took 0.092 seconds
[2025-03-19T00:17:01.557+0000] {processor.py:186} INFO - Started process (PID=705) to work on /home/airflow/.local/lib/python3.12/site-packages/airflow/example_dags/example_workday_timetable.py
[2025-03-19T00:17:01.558+0000] {processor.py:914} INFO - Processing file /home/airflow/.local/lib/python3.12/site-packages/airflow/example_dags/example_workday_timetable.py for tasks to queue
[2025-03-19T00:17:01.559+0000] {logging_mixin.py:190} INFO - [2025-03-19T00:17:01.559+0000] {dagbag.py:588} INFO - Filling up the DagBag from /home/airflow/.local/lib/python3.12/site-packages/airflow/example_dags/example_workday_timetable.py
[2025-03-19T00:17:01.562+0000] {processor.py:925} INFO - DAG(s) 'example_workday_timetable' retrieved from /home/airflow/.local/lib/python3.12/site-packages/airflow/example_dags/example_workday_timetable.py
[2025-03-19T00:17:01.575+0000] {logging_mixin.py:190} INFO - [2025-03-19T00:17:01.575+0000] {dag.py:3239} INFO - Sync 1 DAGs
[2025-03-19T00:17:01.625+0000] {logging_mixin.py:190} INFO - [2025-03-19T00:17:01.625+0000] {dag.py:4180} INFO - Setting next_dagrun for example_workday_timetable to 2021-01-04 00:00:00+00:00, run_after=2021-01-05 00:00:00+00:00
[2025-03-19T00:17:01.636+0000] {processor.py:208} INFO - Processing /home/airflow/.local/lib/python3.12/site-packages/airflow/example_dags/example_workday_timetable.py took 0.083 seconds
[2025-03-19T00:17:31.866+0000] {processor.py:186} INFO - Started process (PID=768) to work on /home/airflow/.local/lib/python3.12/site-packages/airflow/example_dags/example_workday_timetable.py
[2025-03-19T00:17:31.867+0000] {processor.py:914} INFO - Processing file /home/airflow/.local/lib/python3.12/site-packages/airflow/example_dags/example_workday_timetable.py for tasks to queue
[2025-03-19T00:17:31.868+0000] {logging_mixin.py:190} INFO - [2025-03-19T00:17:31.868+0000] {dagbag.py:588} INFO - Filling up the DagBag from /home/airflow/.local/lib/python3.12/site-packages/airflow/example_dags/example_workday_timetable.py
[2025-03-19T00:17:31.872+0000] {processor.py:925} INFO - DAG(s) 'example_workday_timetable' retrieved from /home/airflow/.local/lib/python3.12/site-packages/airflow/example_dags/example_workday_timetable.py
[2025-03-19T00:17:31.884+0000] {logging_mixin.py:190} INFO - [2025-03-19T00:17:31.884+0000] {dag.py:3239} INFO - Sync 1 DAGs
[2025-03-19T00:17:31.931+0000] {logging_mixin.py:190} INFO - [2025-03-19T00:17:31.931+0000] {dag.py:4180} INFO - Setting next_dagrun for example_workday_timetable to 2021-01-04 00:00:00+00:00, run_after=2021-01-05 00:00:00+00:00
[2025-03-19T00:17:31.943+0000] {processor.py:208} INFO - Processing /home/airflow/.local/lib/python3.12/site-packages/airflow/example_dags/example_workday_timetable.py took 0.081 seconds
[2025-03-19T00:18:03.112+0000] {processor.py:186} INFO - Started process (PID=831) to work on /home/airflow/.local/lib/python3.12/site-packages/airflow/example_dags/example_workday_timetable.py
[2025-03-19T00:18:03.113+0000] {processor.py:914} INFO - Processing file /home/airflow/.local/lib/python3.12/site-packages/airflow/example_dags/example_workday_timetable.py for tasks to queue
[2025-03-19T00:18:03.114+0000] {logging_mixin.py:190} INFO - [2025-03-19T00:18:03.114+0000] {dagbag.py:588} INFO - Filling up the DagBag from /home/airflow/.local/lib/python3.12/site-packages/airflow/example_dags/example_workday_timetable.py
[2025-03-19T00:18:03.118+0000] {processor.py:925} INFO - DAG(s) 'example_workday_timetable' retrieved from /home/airflow/.local/lib/python3.12/site-packages/airflow/example_dags/example_workday_timetable.py
[2025-03-19T00:18:03.130+0000] {logging_mixin.py:190} INFO - [2025-03-19T00:18:03.130+0000] {dag.py:3239} INFO - Sync 1 DAGs
[2025-03-19T00:18:03.178+0000] {logging_mixin.py:190} INFO - [2025-03-19T00:18:03.177+0000] {dag.py:4180} INFO - Setting next_dagrun for example_workday_timetable to 2021-01-04 00:00:00+00:00, run_after=2021-01-05 00:00:00+00:00
[2025-03-19T00:18:03.190+0000] {processor.py:208} INFO - Processing /home/airflow/.local/lib/python3.12/site-packages/airflow/example_dags/example_workday_timetable.py took 0.082 seconds
[2025-03-19T00:18:34.675+0000] {processor.py:186} INFO - Started process (PID=894) to work on /home/airflow/.local/lib/python3.12/site-packages/airflow/example_dags/example_workday_timetable.py
[2025-03-19T00:18:34.676+0000] {processor.py:914} INFO - Processing file /home/airflow/.local/lib/python3.12/site-packages/airflow/example_dags/example_workday_timetable.py for tasks to queue
[2025-03-19T00:18:34.677+0000] {logging_mixin.py:190} INFO - [2025-03-19T00:18:34.677+0000] {dagbag.py:588} INFO - Filling up the DagBag from /home/airflow/.local/lib/python3.12/site-packages/airflow/example_dags/example_workday_timetable.py
[2025-03-19T00:18:34.681+0000] {processor.py:925} INFO - DAG(s) 'example_workday_timetable' retrieved from /home/airflow/.local/lib/python3.12/site-packages/airflow/example_dags/example_workday_timetable.py
[2025-03-19T00:18:34.695+0000] {logging_mixin.py:190} INFO - [2025-03-19T00:18:34.695+0000] {dag.py:3239} INFO - Sync 1 DAGs
[2025-03-19T00:18:34.746+0000] {logging_mixin.py:190} INFO - [2025-03-19T00:18:34.746+0000] {dag.py:4180} INFO - Setting next_dagrun for example_workday_timetable to 2021-01-04 00:00:00+00:00, run_after=2021-01-05 00:00:00+00:00
[2025-03-19T00:18:34.762+0000] {processor.py:208} INFO - Processing /home/airflow/.local/lib/python3.12/site-packages/airflow/example_dags/example_workday_timetable.py took 0.090 seconds
[2025-03-19T00:19:05.333+0000] {processor.py:186} INFO - Started process (PID=956) to work on /home/airflow/.local/lib/python3.12/site-packages/airflow/example_dags/example_workday_timetable.py
[2025-03-19T00:19:05.334+0000] {processor.py:914} INFO - Processing file /home/airflow/.local/lib/python3.12/site-packages/airflow/example_dags/example_workday_timetable.py for tasks to queue
[2025-03-19T00:19:05.335+0000] {logging_mixin.py:190} INFO - [2025-03-19T00:19:05.335+0000] {dagbag.py:588} INFO - Filling up the DagBag from /home/airflow/.local/lib/python3.12/site-packages/airflow/example_dags/example_workday_timetable.py
[2025-03-19T00:19:05.338+0000] {processor.py:925} INFO - DAG(s) 'example_workday_timetable' retrieved from /home/airflow/.local/lib/python3.12/site-packages/airflow/example_dags/example_workday_timetable.py
[2025-03-19T00:19:05.351+0000] {logging_mixin.py:190} INFO - [2025-03-19T00:19:05.351+0000] {dag.py:3239} INFO - Sync 1 DAGs
[2025-03-19T00:19:05.402+0000] {logging_mixin.py:190} INFO - [2025-03-19T00:19:05.402+0000] {dag.py:4180} INFO - Setting next_dagrun for example_workday_timetable to 2021-01-04 00:00:00+00:00, run_after=2021-01-05 00:00:00+00:00
[2025-03-19T00:19:05.416+0000] {processor.py:208} INFO - Processing /home/airflow/.local/lib/python3.12/site-packages/airflow/example_dags/example_workday_timetable.py took 0.087 seconds
[2025-03-19T00:19:36.655+0000] {processor.py:186} INFO - Started process (PID=1019) to work on /home/airflow/.local/lib/python3.12/site-packages/airflow/example_dags/example_workday_timetable.py
[2025-03-19T00:19:36.656+0000] {processor.py:914} INFO - Processing file /home/airflow/.local/lib/python3.12/site-packages/airflow/example_dags/example_workday_timetable.py for tasks to queue
[2025-03-19T00:19:36.657+0000] {logging_mixin.py:190} INFO - [2025-03-19T00:19:36.657+0000] {dagbag.py:588} INFO - Filling up the DagBag from /home/airflow/.local/lib/python3.12/site-packages/airflow/example_dags/example_workday_timetable.py
[2025-03-19T00:19:36.660+0000] {processor.py:925} INFO - DAG(s) 'example_workday_timetable' retrieved from /home/airflow/.local/lib/python3.12/site-packages/airflow/example_dags/example_workday_timetable.py
[2025-03-19T00:19:36.672+0000] {logging_mixin.py:190} INFO - [2025-03-19T00:19:36.672+0000] {dag.py:3239} INFO - Sync 1 DAGs
[2025-03-19T00:19:36.717+0000] {logging_mixin.py:190} INFO - [2025-03-19T00:19:36.717+0000] {dag.py:4180} INFO - Setting next_dagrun for example_workday_timetable to 2021-01-04 00:00:00+00:00, run_after=2021-01-05 00:00:00+00:00
[2025-03-19T00:19:36.730+0000] {processor.py:208} INFO - Processing /home/airflow/.local/lib/python3.12/site-packages/airflow/example_dags/example_workday_timetable.py took 0.078 seconds
[2025-03-19T00:20:07.965+0000] {processor.py:186} INFO - Started process (PID=1082) to work on /home/airflow/.local/lib/python3.12/site-packages/airflow/example_dags/example_workday_timetable.py
[2025-03-19T00:20:07.966+0000] {processor.py:914} INFO - Processing file /home/airflow/.local/lib/python3.12/site-packages/airflow/example_dags/example_workday_timetable.py for tasks to queue
[2025-03-19T00:20:07.967+0000] {logging_mixin.py:190} INFO - [2025-03-19T00:20:07.967+0000] {dagbag.py:588} INFO - Filling up the DagBag from /home/airflow/.local/lib/python3.12/site-packages/airflow/example_dags/example_workday_timetable.py
[2025-03-19T00:20:07.973+0000] {processor.py:925} INFO - DAG(s) 'example_workday_timetable' retrieved from /home/airflow/.local/lib/python3.12/site-packages/airflow/example_dags/example_workday_timetable.py
[2025-03-19T00:20:07.988+0000] {logging_mixin.py:190} INFO - [2025-03-19T00:20:07.987+0000] {dag.py:3239} INFO - Sync 1 DAGs
[2025-03-19T00:20:08.043+0000] {logging_mixin.py:190} INFO - [2025-03-19T00:20:08.042+0000] {dag.py:4180} INFO - Setting next_dagrun for example_workday_timetable to 2021-01-04 00:00:00+00:00, run_after=2021-01-05 00:00:00+00:00
[2025-03-19T00:20:08.058+0000] {processor.py:208} INFO - Processing /home/airflow/.local/lib/python3.12/site-packages/airflow/example_dags/example_workday_timetable.py took 0.096 seconds
[2025-03-19T00:20:38.599+0000] {processor.py:186} INFO - Started process (PID=1145) to work on /home/airflow/.local/lib/python3.12/site-packages/airflow/example_dags/example_workday_timetable.py
[2025-03-19T00:20:38.599+0000] {processor.py:914} INFO - Processing file /home/airflow/.local/lib/python3.12/site-packages/airflow/example_dags/example_workday_timetable.py for tasks to queue
[2025-03-19T00:20:38.600+0000] {logging_mixin.py:190} INFO - [2025-03-19T00:20:38.600+0000] {dagbag.py:588} INFO - Filling up the DagBag from /home/airflow/.local/lib/python3.12/site-packages/airflow/example_dags/example_workday_timetable.py
[2025-03-19T00:20:38.604+0000] {processor.py:925} INFO - DAG(s) 'example_workday_timetable' retrieved from /home/airflow/.local/lib/python3.12/site-packages/airflow/example_dags/example_workday_timetable.py
[2025-03-19T00:20:38.616+0000] {logging_mixin.py:190} INFO - [2025-03-19T00:20:38.616+0000] {dag.py:3239} INFO - Sync 1 DAGs
[2025-03-19T00:20:38.660+0000] {logging_mixin.py:190} INFO - [2025-03-19T00:20:38.660+0000] {dag.py:4180} INFO - Setting next_dagrun for example_workday_timetable to 2021-01-04 00:00:00+00:00, run_after=2021-01-05 00:00:00+00:00
[2025-03-19T00:20:38.673+0000] {processor.py:208} INFO - Processing /home/airflow/.local/lib/python3.12/site-packages/airflow/example_dags/example_workday_timetable.py took 0.077 seconds
[2025-03-19T00:21:09.826+0000] {processor.py:186} INFO - Started process (PID=1208) to work on /home/airflow/.local/lib/python3.12/site-packages/airflow/example_dags/example_workday_timetable.py
[2025-03-19T00:21:09.827+0000] {processor.py:914} INFO - Processing file /home/airflow/.local/lib/python3.12/site-packages/airflow/example_dags/example_workday_timetable.py for tasks to queue
[2025-03-19T00:21:09.828+0000] {logging_mixin.py:190} INFO - [2025-03-19T00:21:09.828+0000] {dagbag.py:588} INFO - Filling up the DagBag from /home/airflow/.local/lib/python3.12/site-packages/airflow/example_dags/example_workday_timetable.py
[2025-03-19T00:21:09.831+0000] {processor.py:925} INFO - DAG(s) 'example_workday_timetable' retrieved from /home/airflow/.local/lib/python3.12/site-packages/airflow/example_dags/example_workday_timetable.py
[2025-03-19T00:21:09.843+0000] {logging_mixin.py:190} INFO - [2025-03-19T00:21:09.843+0000] {dag.py:3239} INFO - Sync 1 DAGs
[2025-03-19T00:21:09.888+0000] {logging_mixin.py:190} INFO - [2025-03-19T00:21:09.888+0000] {dag.py:4180} INFO - Setting next_dagrun for example_workday_timetable to 2021-01-04 00:00:00+00:00, run_after=2021-01-05 00:00:00+00:00
[2025-03-19T00:21:09.899+0000] {processor.py:208} INFO - Processing /home/airflow/.local/lib/python3.12/site-packages/airflow/example_dags/example_workday_timetable.py took 0.076 seconds
[2025-03-19T00:21:41.184+0000] {processor.py:186} INFO - Started process (PID=1271) to work on /home/airflow/.local/lib/python3.12/site-packages/airflow/example_dags/example_workday_timetable.py
[2025-03-19T00:21:41.184+0000] {processor.py:914} INFO - Processing file /home/airflow/.local/lib/python3.12/site-packages/airflow/example_dags/example_workday_timetable.py for tasks to queue
[2025-03-19T00:21:41.186+0000] {logging_mixin.py:190} INFO - [2025-03-19T00:21:41.186+0000] {dagbag.py:588} INFO - Filling up the DagBag from /home/airflow/.local/lib/python3.12/site-packages/airflow/example_dags/example_workday_timetable.py
[2025-03-19T00:21:41.192+0000] {processor.py:925} INFO - DAG(s) 'example_workday_timetable' retrieved from /home/airflow/.local/lib/python3.12/site-packages/airflow/example_dags/example_workday_timetable.py
[2025-03-19T00:21:41.205+0000] {logging_mixin.py:190} INFO - [2025-03-19T00:21:41.205+0000] {dag.py:3239} INFO - Sync 1 DAGs
[2025-03-19T00:21:41.253+0000] {logging_mixin.py:190} INFO - [2025-03-19T00:21:41.253+0000] {dag.py:4180} INFO - Setting next_dagrun for example_workday_timetable to 2021-01-04 00:00:00+00:00, run_after=2021-01-05 00:00:00+00:00
[2025-03-19T00:21:41.266+0000] {processor.py:208} INFO - Processing /home/airflow/.local/lib/python3.12/site-packages/airflow/example_dags/example_workday_timetable.py took 0.086 seconds
[2025-03-19T00:22:12.489+0000] {processor.py:186} INFO - Started process (PID=1334) to work on /home/airflow/.local/lib/python3.12/site-packages/airflow/example_dags/example_workday_timetable.py
[2025-03-19T00:22:12.490+0000] {processor.py:914} INFO - Processing file /home/airflow/.local/lib/python3.12/site-packages/airflow/example_dags/example_workday_timetable.py for tasks to queue
[2025-03-19T00:22:12.491+0000] {logging_mixin.py:190} INFO - [2025-03-19T00:22:12.491+0000] {dagbag.py:588} INFO - Filling up the DagBag from /home/airflow/.local/lib/python3.12/site-packages/airflow/example_dags/example_workday_timetable.py
[2025-03-19T00:22:12.494+0000] {processor.py:925} INFO - DAG(s) 'example_workday_timetable' retrieved from /home/airflow/.local/lib/python3.12/site-packages/airflow/example_dags/example_workday_timetable.py
[2025-03-19T00:22:12.506+0000] {logging_mixin.py:190} INFO - [2025-03-19T00:22:12.506+0000] {dag.py:3239} INFO - Sync 1 DAGs
[2025-03-19T00:22:12.549+0000] {logging_mixin.py:190} INFO - [2025-03-19T00:22:12.549+0000] {dag.py:4180} INFO - Setting next_dagrun for example_workday_timetable to 2021-01-04 00:00:00+00:00, run_after=2021-01-05 00:00:00+00:00
[2025-03-19T00:22:12.562+0000] {processor.py:208} INFO - Processing /home/airflow/.local/lib/python3.12/site-packages/airflow/example_dags/example_workday_timetable.py took 0.076 seconds
[2025-03-19T00:22:43.572+0000] {processor.py:186} INFO - Started process (PID=1396) to work on /home/airflow/.local/lib/python3.12/site-packages/airflow/example_dags/example_workday_timetable.py
[2025-03-19T00:22:43.573+0000] {processor.py:914} INFO - Processing file /home/airflow/.local/lib/python3.12/site-packages/airflow/example_dags/example_workday_timetable.py for tasks to queue
[2025-03-19T00:22:43.574+0000] {logging_mixin.py:190} INFO - [2025-03-19T00:22:43.574+0000] {dagbag.py:588} INFO - Filling up the DagBag from /home/airflow/.local/lib/python3.12/site-packages/airflow/example_dags/example_workday_timetable.py
[2025-03-19T00:22:43.578+0000] {processor.py:925} INFO - DAG(s) 'example_workday_timetable' retrieved from /home/airflow/.local/lib/python3.12/site-packages/airflow/example_dags/example_workday_timetable.py
[2025-03-19T00:22:43.589+0000] {logging_mixin.py:190} INFO - [2025-03-19T00:22:43.589+0000] {dag.py:3239} INFO - Sync 1 DAGs
[2025-03-19T00:22:43.634+0000] {logging_mixin.py:190} INFO - [2025-03-19T00:22:43.633+0000] {dag.py:4180} INFO - Setting next_dagrun for example_workday_timetable to 2021-01-04 00:00:00+00:00, run_after=2021-01-05 00:00:00+00:00
[2025-03-19T00:22:43.645+0000] {processor.py:208} INFO - Processing /home/airflow/.local/lib/python3.12/site-packages/airflow/example_dags/example_workday_timetable.py took 0.076 seconds
[2025-03-19T00:23:14.748+0000] {processor.py:186} INFO - Started process (PID=1460) to work on /home/airflow/.local/lib/python3.12/site-packages/airflow/example_dags/example_workday_timetable.py
[2025-03-19T00:23:14.748+0000] {processor.py:914} INFO - Processing file /home/airflow/.local/lib/python3.12/site-packages/airflow/example_dags/example_workday_timetable.py for tasks to queue
[2025-03-19T00:23:14.749+0000] {logging_mixin.py:190} INFO - [2025-03-19T00:23:14.749+0000] {dagbag.py:588} INFO - Filling up the DagBag from /home/airflow/.local/lib/python3.12/site-packages/airflow/example_dags/example_workday_timetable.py
[2025-03-19T00:23:14.753+0000] {processor.py:925} INFO - DAG(s) 'example_workday_timetable' retrieved from /home/airflow/.local/lib/python3.12/site-packages/airflow/example_dags/example_workday_timetable.py
[2025-03-19T00:23:14.765+0000] {logging_mixin.py:190} INFO - [2025-03-19T00:23:14.765+0000] {dag.py:3239} INFO - Sync 1 DAGs
[2025-03-19T00:23:14.809+0000] {logging_mixin.py:190} INFO - [2025-03-19T00:23:14.809+0000] {dag.py:4180} INFO - Setting next_dagrun for example_workday_timetable to 2021-01-04 00:00:00+00:00, run_after=2021-01-05 00:00:00+00:00
[2025-03-19T00:23:14.821+0000] {processor.py:208} INFO - Processing /home/airflow/.local/lib/python3.12/site-packages/airflow/example_dags/example_workday_timetable.py took 0.077 seconds
[2025-03-19T00:23:45.904+0000] {processor.py:186} INFO - Started process (PID=1523) to work on /home/airflow/.local/lib/python3.12/site-packages/airflow/example_dags/example_workday_timetable.py
[2025-03-19T00:23:45.905+0000] {processor.py:914} INFO - Processing file /home/airflow/.local/lib/python3.12/site-packages/airflow/example_dags/example_workday_timetable.py for tasks to queue
[2025-03-19T00:23:45.906+0000] {logging_mixin.py:190} INFO - [2025-03-19T00:23:45.906+0000] {dagbag.py:588} INFO - Filling up the DagBag from /home/airflow/.local/lib/python3.12/site-packages/airflow/example_dags/example_workday_timetable.py
[2025-03-19T00:23:45.909+0000] {processor.py:925} INFO - DAG(s) 'example_workday_timetable' retrieved from /home/airflow/.local/lib/python3.12/site-packages/airflow/example_dags/example_workday_timetable.py
[2025-03-19T00:23:45.921+0000] {logging_mixin.py:190} INFO - [2025-03-19T00:23:45.921+0000] {dag.py:3239} INFO - Sync 1 DAGs
[2025-03-19T00:23:45.964+0000] {logging_mixin.py:190} INFO - [2025-03-19T00:23:45.964+0000] {dag.py:4180} INFO - Setting next_dagrun for example_workday_timetable to 2021-01-04 00:00:00+00:00, run_after=2021-01-05 00:00:00+00:00
[2025-03-19T00:23:45.976+0000] {processor.py:208} INFO - Processing /home/airflow/.local/lib/python3.12/site-packages/airflow/example_dags/example_workday_timetable.py took 0.075 seconds
[2025-03-19T00:24:17.105+0000] {processor.py:186} INFO - Started process (PID=1586) to work on /home/airflow/.local/lib/python3.12/site-packages/airflow/example_dags/example_workday_timetable.py
[2025-03-19T00:24:17.105+0000] {processor.py:914} INFO - Processing file /home/airflow/.local/lib/python3.12/site-packages/airflow/example_dags/example_workday_timetable.py for tasks to queue
[2025-03-19T00:24:17.106+0000] {logging_mixin.py:190} INFO - [2025-03-19T00:24:17.106+0000] {dagbag.py:588} INFO - Filling up the DagBag from /home/airflow/.local/lib/python3.12/site-packages/airflow/example_dags/example_workday_timetable.py
[2025-03-19T00:24:17.110+0000] {processor.py:925} INFO - DAG(s) 'example_workday_timetable' retrieved from /home/airflow/.local/lib/python3.12/site-packages/airflow/example_dags/example_workday_timetable.py
[2025-03-19T00:24:17.122+0000] {logging_mixin.py:190} INFO - [2025-03-19T00:24:17.122+0000] {dag.py:3239} INFO - Sync 1 DAGs
[2025-03-19T00:24:17.169+0000] {logging_mixin.py:190} INFO - [2025-03-19T00:24:17.169+0000] {dag.py:4180} INFO - Setting next_dagrun for example_workday_timetable to 2021-01-04 00:00:00+00:00, run_after=2021-01-05 00:00:00+00:00
[2025-03-19T00:24:17.181+0000] {processor.py:208} INFO - Processing /home/airflow/.local/lib/python3.12/site-packages/airflow/example_dags/example_workday_timetable.py took 0.081 seconds
[2025-03-19T00:24:48.328+0000] {processor.py:186} INFO - Started process (PID=1649) to work on /home/airflow/.local/lib/python3.12/site-packages/airflow/example_dags/example_workday_timetable.py
[2025-03-19T00:24:48.328+0000] {processor.py:914} INFO - Processing file /home/airflow/.local/lib/python3.12/site-packages/airflow/example_dags/example_workday_timetable.py for tasks to queue
[2025-03-19T00:24:48.330+0000] {logging_mixin.py:190} INFO - [2025-03-19T00:24:48.329+0000] {dagbag.py:588} INFO - Filling up the DagBag from /home/airflow/.local/lib/python3.12/site-packages/airflow/example_dags/example_workday_timetable.py
[2025-03-19T00:24:48.333+0000] {processor.py:925} INFO - DAG(s) 'example_workday_timetable' retrieved from /home/airflow/.local/lib/python3.12/site-packages/airflow/example_dags/example_workday_timetable.py
[2025-03-19T00:24:48.345+0000] {logging_mixin.py:190} INFO - [2025-03-19T00:24:48.345+0000] {dag.py:3239} INFO - Sync 1 DAGs
[2025-03-19T00:24:48.393+0000] {logging_mixin.py:190} INFO - [2025-03-19T00:24:48.393+0000] {dag.py:4180} INFO - Setting next_dagrun for example_workday_timetable to 2021-01-04 00:00:00+00:00, run_after=2021-01-05 00:00:00+00:00
[2025-03-19T00:24:48.405+0000] {processor.py:208} INFO - Processing /home/airflow/.local/lib/python3.12/site-packages/airflow/example_dags/example_workday_timetable.py took 0.081 seconds
[2025-03-19T00:25:19.401+0000] {processor.py:186} INFO - Started process (PID=1712) to work on /home/airflow/.local/lib/python3.12/site-packages/airflow/example_dags/example_workday_timetable.py
[2025-03-19T00:25:19.402+0000] {processor.py:914} INFO - Processing file /home/airflow/.local/lib/python3.12/site-packages/airflow/example_dags/example_workday_timetable.py for tasks to queue
[2025-03-19T00:25:19.403+0000] {logging_mixin.py:190} INFO - [2025-03-19T00:25:19.403+0000] {dagbag.py:588} INFO - Filling up the DagBag from /home/airflow/.local/lib/python3.12/site-packages/airflow/example_dags/example_workday_timetable.py
[2025-03-19T00:25:19.406+0000] {processor.py:925} INFO - DAG(s) 'example_workday_timetable' retrieved from /home/airflow/.local/lib/python3.12/site-packages/airflow/example_dags/example_workday_timetable.py
[2025-03-19T00:25:19.418+0000] {logging_mixin.py:190} INFO - [2025-03-19T00:25:19.418+0000] {dag.py:3239} INFO - Sync 1 DAGs
[2025-03-19T00:25:19.463+0000] {logging_mixin.py:190} INFO - [2025-03-19T00:25:19.463+0000] {dag.py:4180} INFO - Setting next_dagrun for example_workday_timetable to 2021-01-04 00:00:00+00:00, run_after=2021-01-05 00:00:00+00:00
[2025-03-19T00:25:19.475+0000] {processor.py:208} INFO - Processing /home/airflow/.local/lib/python3.12/site-packages/airflow/example_dags/example_workday_timetable.py took 0.077 seconds
[2025-03-19T00:25:50.411+0000] {processor.py:186} INFO - Started process (PID=1775) to work on /home/airflow/.local/lib/python3.12/site-packages/airflow/example_dags/example_workday_timetable.py
[2025-03-19T00:25:50.412+0000] {processor.py:914} INFO - Processing file /home/airflow/.local/lib/python3.12/site-packages/airflow/example_dags/example_workday_timetable.py for tasks to queue
[2025-03-19T00:25:50.413+0000] {logging_mixin.py:190} INFO - [2025-03-19T00:25:50.413+0000] {dagbag.py:588} INFO - Filling up the DagBag from /home/airflow/.local/lib/python3.12/site-packages/airflow/example_dags/example_workday_timetable.py
[2025-03-19T00:25:50.416+0000] {processor.py:925} INFO - DAG(s) 'example_workday_timetable' retrieved from /home/airflow/.local/lib/python3.12/site-packages/airflow/example_dags/example_workday_timetable.py
[2025-03-19T00:25:50.428+0000] {logging_mixin.py:190} INFO - [2025-03-19T00:25:50.428+0000] {dag.py:3239} INFO - Sync 1 DAGs
[2025-03-19T00:25:50.472+0000] {logging_mixin.py:190} INFO - [2025-03-19T00:25:50.471+0000] {dag.py:4180} INFO - Setting next_dagrun for example_workday_timetable to 2021-01-04 00:00:00+00:00, run_after=2021-01-05 00:00:00+00:00
[2025-03-19T00:25:50.483+0000] {processor.py:208} INFO - Processing /home/airflow/.local/lib/python3.12/site-packages/airflow/example_dags/example_workday_timetable.py took 0.076 seconds
[2025-03-19T00:26:21.472+0000] {processor.py:186} INFO - Started process (PID=1838) to work on /home/airflow/.local/lib/python3.12/site-packages/airflow/example_dags/example_workday_timetable.py
[2025-03-19T00:26:21.473+0000] {processor.py:914} INFO - Processing file /home/airflow/.local/lib/python3.12/site-packages/airflow/example_dags/example_workday_timetable.py for tasks to queue
[2025-03-19T00:26:21.474+0000] {logging_mixin.py:190} INFO - [2025-03-19T00:26:21.474+0000] {dagbag.py:588} INFO - Filling up the DagBag from /home/airflow/.local/lib/python3.12/site-packages/airflow/example_dags/example_workday_timetable.py
[2025-03-19T00:26:21.477+0000] {processor.py:925} INFO - DAG(s) 'example_workday_timetable' retrieved from /home/airflow/.local/lib/python3.12/site-packages/airflow/example_dags/example_workday_timetable.py
[2025-03-19T00:26:21.489+0000] {logging_mixin.py:190} INFO - [2025-03-19T00:26:21.489+0000] {dag.py:3239} INFO - Sync 1 DAGs
[2025-03-19T00:26:21.533+0000] {logging_mixin.py:190} INFO - [2025-03-19T00:26:21.533+0000] {dag.py:4180} INFO - Setting next_dagrun for example_workday_timetable to 2021-01-04 00:00:00+00:00, run_after=2021-01-05 00:00:00+00:00
[2025-03-19T00:26:21.545+0000] {processor.py:208} INFO - Processing /home/airflow/.local/lib/python3.12/site-packages/airflow/example_dags/example_workday_timetable.py took 0.076 seconds
[2025-03-19T00:26:52.615+0000] {processor.py:186} INFO - Started process (PID=1901) to work on /home/airflow/.local/lib/python3.12/site-packages/airflow/example_dags/example_workday_timetable.py
[2025-03-19T00:26:52.616+0000] {processor.py:914} INFO - Processing file /home/airflow/.local/lib/python3.12/site-packages/airflow/example_dags/example_workday_timetable.py for tasks to queue
[2025-03-19T00:26:52.617+0000] {logging_mixin.py:190} INFO - [2025-03-19T00:26:52.617+0000] {dagbag.py:588} INFO - Filling up the DagBag from /home/airflow/.local/lib/python3.12/site-packages/airflow/example_dags/example_workday_timetable.py
[2025-03-19T00:26:52.620+0000] {processor.py:925} INFO - DAG(s) 'example_workday_timetable' retrieved from /home/airflow/.local/lib/python3.12/site-packages/airflow/example_dags/example_workday_timetable.py
[2025-03-19T00:26:52.632+0000] {logging_mixin.py:190} INFO - [2025-03-19T00:26:52.632+0000] {dag.py:3239} INFO - Sync 1 DAGs
[2025-03-19T00:26:52.676+0000] {logging_mixin.py:190} INFO - [2025-03-19T00:26:52.676+0000] {dag.py:4180} INFO - Setting next_dagrun for example_workday_timetable to 2021-01-04 00:00:00+00:00, run_after=2021-01-05 00:00:00+00:00
[2025-03-19T00:26:52.688+0000] {processor.py:208} INFO - Processing /home/airflow/.local/lib/python3.12/site-packages/airflow/example_dags/example_workday_timetable.py took 0.076 seconds
[2025-03-19T00:27:23.865+0000] {processor.py:186} INFO - Started process (PID=1964) to work on /home/airflow/.local/lib/python3.12/site-packages/airflow/example_dags/example_workday_timetable.py
[2025-03-19T00:27:23.865+0000] {processor.py:914} INFO - Processing file /home/airflow/.local/lib/python3.12/site-packages/airflow/example_dags/example_workday_timetable.py for tasks to queue
[2025-03-19T00:27:23.866+0000] {logging_mixin.py:190} INFO - [2025-03-19T00:27:23.866+0000] {dagbag.py:588} INFO - Filling up the DagBag from /home/airflow/.local/lib/python3.12/site-packages/airflow/example_dags/example_workday_timetable.py
[2025-03-19T00:27:23.870+0000] {processor.py:925} INFO - DAG(s) 'example_workday_timetable' retrieved from /home/airflow/.local/lib/python3.12/site-packages/airflow/example_dags/example_workday_timetable.py
[2025-03-19T00:27:23.881+0000] {logging_mixin.py:190} INFO - [2025-03-19T00:27:23.881+0000] {dag.py:3239} INFO - Sync 1 DAGs
[2025-03-19T00:27:23.926+0000] {logging_mixin.py:190} INFO - [2025-03-19T00:27:23.926+0000] {dag.py:4180} INFO - Setting next_dagrun for example_workday_timetable to 2021-01-04 00:00:00+00:00, run_after=2021-01-05 00:00:00+00:00
[2025-03-19T00:27:23.938+0000] {processor.py:208} INFO - Processing /home/airflow/.local/lib/python3.12/site-packages/airflow/example_dags/example_workday_timetable.py took 0.077 seconds
[2025-03-19T00:27:55.125+0000] {processor.py:186} INFO - Started process (PID=2033) to work on /home/airflow/.local/lib/python3.12/site-packages/airflow/example_dags/example_workday_timetable.py
[2025-03-19T00:27:55.126+0000] {processor.py:914} INFO - Processing file /home/airflow/.local/lib/python3.12/site-packages/airflow/example_dags/example_workday_timetable.py for tasks to queue
[2025-03-19T00:27:55.127+0000] {logging_mixin.py:190} INFO - [2025-03-19T00:27:55.127+0000] {dagbag.py:588} INFO - Filling up the DagBag from /home/airflow/.local/lib/python3.12/site-packages/airflow/example_dags/example_workday_timetable.py
[2025-03-19T00:27:55.130+0000] {processor.py:925} INFO - DAG(s) 'example_workday_timetable' retrieved from /home/airflow/.local/lib/python3.12/site-packages/airflow/example_dags/example_workday_timetable.py
[2025-03-19T00:27:55.142+0000] {logging_mixin.py:190} INFO - [2025-03-19T00:27:55.142+0000] {dag.py:3239} INFO - Sync 1 DAGs
[2025-03-19T00:27:55.186+0000] {logging_mixin.py:190} INFO - [2025-03-19T00:27:55.185+0000] {dag.py:4180} INFO - Setting next_dagrun for example_workday_timetable to 2021-01-04 00:00:00+00:00, run_after=2021-01-05 00:00:00+00:00
[2025-03-19T00:27:55.198+0000] {processor.py:208} INFO - Processing /home/airflow/.local/lib/python3.12/site-packages/airflow/example_dags/example_workday_timetable.py took 0.077 seconds
[2025-03-19T00:28:26.481+0000] {processor.py:186} INFO - Started process (PID=2096) to work on /home/airflow/.local/lib/python3.12/site-packages/airflow/example_dags/example_workday_timetable.py
[2025-03-19T00:28:26.482+0000] {processor.py:914} INFO - Processing file /home/airflow/.local/lib/python3.12/site-packages/airflow/example_dags/example_workday_timetable.py for tasks to queue
[2025-03-19T00:28:26.483+0000] {logging_mixin.py:190} INFO - [2025-03-19T00:28:26.483+0000] {dagbag.py:588} INFO - Filling up the DagBag from /home/airflow/.local/lib/python3.12/site-packages/airflow/example_dags/example_workday_timetable.py
[2025-03-19T00:28:26.486+0000] {processor.py:925} INFO - DAG(s) 'example_workday_timetable' retrieved from /home/airflow/.local/lib/python3.12/site-packages/airflow/example_dags/example_workday_timetable.py
[2025-03-19T00:28:26.498+0000] {logging_mixin.py:190} INFO - [2025-03-19T00:28:26.498+0000] {dag.py:3239} INFO - Sync 1 DAGs
[2025-03-19T00:28:26.542+0000] {logging_mixin.py:190} INFO - [2025-03-19T00:28:26.541+0000] {dag.py:4180} INFO - Setting next_dagrun for example_workday_timetable to 2021-01-04 00:00:00+00:00, run_after=2021-01-05 00:00:00+00:00
[2025-03-19T00:28:26.553+0000] {processor.py:208} INFO - Processing /home/airflow/.local/lib/python3.12/site-packages/airflow/example_dags/example_workday_timetable.py took 0.076 seconds
[2025-03-19T00:28:57.733+0000] {processor.py:186} INFO - Started process (PID=2158) to work on /home/airflow/.local/lib/python3.12/site-packages/airflow/example_dags/example_workday_timetable.py
[2025-03-19T00:28:57.733+0000] {processor.py:914} INFO - Processing file /home/airflow/.local/lib/python3.12/site-packages/airflow/example_dags/example_workday_timetable.py for tasks to queue
[2025-03-19T00:28:57.735+0000] {logging_mixin.py:190} INFO - [2025-03-19T00:28:57.734+0000] {dagbag.py:588} INFO - Filling up the DagBag from /home/airflow/.local/lib/python3.12/site-packages/airflow/example_dags/example_workday_timetable.py
[2025-03-19T00:28:57.738+0000] {processor.py:925} INFO - DAG(s) 'example_workday_timetable' retrieved from /home/airflow/.local/lib/python3.12/site-packages/airflow/example_dags/example_workday_timetable.py
[2025-03-19T00:28:57.750+0000] {logging_mixin.py:190} INFO - [2025-03-19T00:28:57.750+0000] {dag.py:3239} INFO - Sync 1 DAGs
[2025-03-19T00:28:57.793+0000] {logging_mixin.py:190} INFO - [2025-03-19T00:28:57.793+0000] {dag.py:4180} INFO - Setting next_dagrun for example_workday_timetable to 2021-01-04 00:00:00+00:00, run_after=2021-01-05 00:00:00+00:00
[2025-03-19T00:28:57.805+0000] {processor.py:208} INFO - Processing /home/airflow/.local/lib/python3.12/site-packages/airflow/example_dags/example_workday_timetable.py took 0.076 seconds
[2025-03-19T00:29:28.831+0000] {processor.py:186} INFO - Started process (PID=2221) to work on /home/airflow/.local/lib/python3.12/site-packages/airflow/example_dags/example_workday_timetable.py
[2025-03-19T00:29:28.831+0000] {processor.py:914} INFO - Processing file /home/airflow/.local/lib/python3.12/site-packages/airflow/example_dags/example_workday_timetable.py for tasks to queue
[2025-03-19T00:29:28.833+0000] {logging_mixin.py:190} INFO - [2025-03-19T00:29:28.832+0000] {dagbag.py:588} INFO - Filling up the DagBag from /home/airflow/.local/lib/python3.12/site-packages/airflow/example_dags/example_workday_timetable.py
[2025-03-19T00:29:28.836+0000] {processor.py:925} INFO - DAG(s) 'example_workday_timetable' retrieved from /home/airflow/.local/lib/python3.12/site-packages/airflow/example_dags/example_workday_timetable.py
[2025-03-19T00:29:28.848+0000] {logging_mixin.py:190} INFO - [2025-03-19T00:29:28.848+0000] {dag.py:3239} INFO - Sync 1 DAGs
[2025-03-19T00:29:28.892+0000] {logging_mixin.py:190} INFO - [2025-03-19T00:29:28.892+0000] {dag.py:4180} INFO - Setting next_dagrun for example_workday_timetable to 2021-01-04 00:00:00+00:00, run_after=2021-01-05 00:00:00+00:00
[2025-03-19T00:29:28.904+0000] {processor.py:208} INFO - Processing /home/airflow/.local/lib/python3.12/site-packages/airflow/example_dags/example_workday_timetable.py took 0.077 seconds
[2025-03-19T00:30:00.066+0000] {processor.py:186} INFO - Started process (PID=2284) to work on /home/airflow/.local/lib/python3.12/site-packages/airflow/example_dags/example_workday_timetable.py
[2025-03-19T00:30:00.067+0000] {processor.py:914} INFO - Processing file /home/airflow/.local/lib/python3.12/site-packages/airflow/example_dags/example_workday_timetable.py for tasks to queue
[2025-03-19T00:30:00.068+0000] {logging_mixin.py:190} INFO - [2025-03-19T00:30:00.068+0000] {dagbag.py:588} INFO - Filling up the DagBag from /home/airflow/.local/lib/python3.12/site-packages/airflow/example_dags/example_workday_timetable.py
[2025-03-19T00:30:00.071+0000] {processor.py:925} INFO - DAG(s) 'example_workday_timetable' retrieved from /home/airflow/.local/lib/python3.12/site-packages/airflow/example_dags/example_workday_timetable.py
[2025-03-19T00:30:00.083+0000] {logging_mixin.py:190} INFO - [2025-03-19T00:30:00.083+0000] {dag.py:3239} INFO - Sync 1 DAGs
[2025-03-19T00:30:00.127+0000] {logging_mixin.py:190} INFO - [2025-03-19T00:30:00.127+0000] {dag.py:4180} INFO - Setting next_dagrun for example_workday_timetable to 2021-01-04 00:00:00+00:00, run_after=2021-01-05 00:00:00+00:00
[2025-03-19T00:30:00.138+0000] {processor.py:208} INFO - Processing /home/airflow/.local/lib/python3.12/site-packages/airflow/example_dags/example_workday_timetable.py took 0.076 seconds
[2025-03-19T00:30:31.322+0000] {processor.py:186} INFO - Started process (PID=2347) to work on /home/airflow/.local/lib/python3.12/site-packages/airflow/example_dags/example_workday_timetable.py
[2025-03-19T00:30:31.322+0000] {processor.py:914} INFO - Processing file /home/airflow/.local/lib/python3.12/site-packages/airflow/example_dags/example_workday_timetable.py for tasks to queue
[2025-03-19T00:30:31.324+0000] {logging_mixin.py:190} INFO - [2025-03-19T00:30:31.323+0000] {dagbag.py:588} INFO - Filling up the DagBag from /home/airflow/.local/lib/python3.12/site-packages/airflow/example_dags/example_workday_timetable.py
[2025-03-19T00:30:31.327+0000] {processor.py:925} INFO - DAG(s) 'example_workday_timetable' retrieved from /home/airflow/.local/lib/python3.12/site-packages/airflow/example_dags/example_workday_timetable.py
[2025-03-19T00:30:31.339+0000] {logging_mixin.py:190} INFO - [2025-03-19T00:30:31.339+0000] {dag.py:3239} INFO - Sync 1 DAGs
[2025-03-19T00:30:31.383+0000] {logging_mixin.py:190} INFO - [2025-03-19T00:30:31.382+0000] {dag.py:4180} INFO - Setting next_dagrun for example_workday_timetable to 2021-01-04 00:00:00+00:00, run_after=2021-01-05 00:00:00+00:00
[2025-03-19T00:30:31.394+0000] {processor.py:208} INFO - Processing /home/airflow/.local/lib/python3.12/site-packages/airflow/example_dags/example_workday_timetable.py took 0.076 seconds
[2025-03-19T00:31:02.662+0000] {processor.py:186} INFO - Started process (PID=2410) to work on /home/airflow/.local/lib/python3.12/site-packages/airflow/example_dags/example_workday_timetable.py
[2025-03-19T00:31:02.662+0000] {processor.py:914} INFO - Processing file /home/airflow/.local/lib/python3.12/site-packages/airflow/example_dags/example_workday_timetable.py for tasks to queue
[2025-03-19T00:31:02.663+0000] {logging_mixin.py:190} INFO - [2025-03-19T00:31:02.663+0000] {dagbag.py:588} INFO - Filling up the DagBag from /home/airflow/.local/lib/python3.12/site-packages/airflow/example_dags/example_workday_timetable.py
[2025-03-19T00:31:02.667+0000] {processor.py:925} INFO - DAG(s) 'example_workday_timetable' retrieved from /home/airflow/.local/lib/python3.12/site-packages/airflow/example_dags/example_workday_timetable.py
[2025-03-19T00:31:02.679+0000] {logging_mixin.py:190} INFO - [2025-03-19T00:31:02.679+0000] {dag.py:3239} INFO - Sync 1 DAGs
[2025-03-19T00:31:02.725+0000] {logging_mixin.py:190} INFO - [2025-03-19T00:31:02.725+0000] {dag.py:4180} INFO - Setting next_dagrun for example_workday_timetable to 2021-01-04 00:00:00+00:00, run_after=2021-01-05 00:00:00+00:00
[2025-03-19T00:31:02.737+0000] {processor.py:208} INFO - Processing /home/airflow/.local/lib/python3.12/site-packages/airflow/example_dags/example_workday_timetable.py took 0.079 seconds
[2025-03-19T00:31:33.365+0000] {processor.py:186} INFO - Started process (PID=2473) to work on /home/airflow/.local/lib/python3.12/site-packages/airflow/example_dags/example_workday_timetable.py
[2025-03-19T00:31:33.365+0000] {processor.py:914} INFO - Processing file /home/airflow/.local/lib/python3.12/site-packages/airflow/example_dags/example_workday_timetable.py for tasks to queue
[2025-03-19T00:31:33.367+0000] {logging_mixin.py:190} INFO - [2025-03-19T00:31:33.366+0000] {dagbag.py:588} INFO - Filling up the DagBag from /home/airflow/.local/lib/python3.12/site-packages/airflow/example_dags/example_workday_timetable.py
[2025-03-19T00:31:33.371+0000] {processor.py:925} INFO - DAG(s) 'example_workday_timetable' retrieved from /home/airflow/.local/lib/python3.12/site-packages/airflow/example_dags/example_workday_timetable.py
[2025-03-19T00:31:33.383+0000] {logging_mixin.py:190} INFO - [2025-03-19T00:31:33.383+0000] {dag.py:3239} INFO - Sync 1 DAGs
[2025-03-19T00:31:33.433+0000] {logging_mixin.py:190} INFO - [2025-03-19T00:31:33.433+0000] {dag.py:4180} INFO - Setting next_dagrun for example_workday_timetable to 2021-01-04 00:00:00+00:00, run_after=2021-01-05 00:00:00+00:00
[2025-03-19T00:31:33.447+0000] {processor.py:208} INFO - Processing /home/airflow/.local/lib/python3.12/site-packages/airflow/example_dags/example_workday_timetable.py took 0.086 seconds
[2025-03-19T00:32:04.416+0000] {processor.py:186} INFO - Started process (PID=2536) to work on /home/airflow/.local/lib/python3.12/site-packages/airflow/example_dags/example_workday_timetable.py
[2025-03-19T00:32:04.416+0000] {processor.py:914} INFO - Processing file /home/airflow/.local/lib/python3.12/site-packages/airflow/example_dags/example_workday_timetable.py for tasks to queue
[2025-03-19T00:32:04.417+0000] {logging_mixin.py:190} INFO - [2025-03-19T00:32:04.417+0000] {dagbag.py:588} INFO - Filling up the DagBag from /home/airflow/.local/lib/python3.12/site-packages/airflow/example_dags/example_workday_timetable.py
[2025-03-19T00:32:04.421+0000] {processor.py:925} INFO - DAG(s) 'example_workday_timetable' retrieved from /home/airflow/.local/lib/python3.12/site-packages/airflow/example_dags/example_workday_timetable.py
[2025-03-19T00:32:04.434+0000] {logging_mixin.py:190} INFO - [2025-03-19T00:32:04.434+0000] {dag.py:3239} INFO - Sync 1 DAGs
[2025-03-19T00:32:04.480+0000] {logging_mixin.py:190} INFO - [2025-03-19T00:32:04.480+0000] {dag.py:4180} INFO - Setting next_dagrun for example_workday_timetable to 2021-01-04 00:00:00+00:00, run_after=2021-01-05 00:00:00+00:00
[2025-03-19T00:32:04.493+0000] {processor.py:208} INFO - Processing /home/airflow/.local/lib/python3.12/site-packages/airflow/example_dags/example_workday_timetable.py took 0.081 seconds
[2025-03-19T00:32:35.648+0000] {processor.py:186} INFO - Started process (PID=2599) to work on /home/airflow/.local/lib/python3.12/site-packages/airflow/example_dags/example_workday_timetable.py
[2025-03-19T00:32:35.649+0000] {processor.py:914} INFO - Processing file /home/airflow/.local/lib/python3.12/site-packages/airflow/example_dags/example_workday_timetable.py for tasks to queue
[2025-03-19T00:32:35.651+0000] {logging_mixin.py:190} INFO - [2025-03-19T00:32:35.650+0000] {dagbag.py:588} INFO - Filling up the DagBag from /home/airflow/.local/lib/python3.12/site-packages/airflow/example_dags/example_workday_timetable.py
[2025-03-19T00:32:35.654+0000] {processor.py:925} INFO - DAG(s) 'example_workday_timetable' retrieved from /home/airflow/.local/lib/python3.12/site-packages/airflow/example_dags/example_workday_timetable.py
[2025-03-19T00:32:35.668+0000] {logging_mixin.py:190} INFO - [2025-03-19T00:32:35.667+0000] {dag.py:3239} INFO - Sync 1 DAGs
[2025-03-19T00:32:35.713+0000] {logging_mixin.py:190} INFO - [2025-03-19T00:32:35.713+0000] {dag.py:4180} INFO - Setting next_dagrun for example_workday_timetable to 2021-01-04 00:00:00+00:00, run_after=2021-01-05 00:00:00+00:00
[2025-03-19T00:32:35.726+0000] {processor.py:208} INFO - Processing /home/airflow/.local/lib/python3.12/site-packages/airflow/example_dags/example_workday_timetable.py took 0.081 seconds
[2025-03-19T00:33:06.455+0000] {processor.py:186} INFO - Started process (PID=2662) to work on /home/airflow/.local/lib/python3.12/site-packages/airflow/example_dags/example_workday_timetable.py
[2025-03-19T00:33:06.456+0000] {processor.py:914} INFO - Processing file /home/airflow/.local/lib/python3.12/site-packages/airflow/example_dags/example_workday_timetable.py for tasks to queue
[2025-03-19T00:33:06.457+0000] {logging_mixin.py:190} INFO - [2025-03-19T00:33:06.457+0000] {dagbag.py:588} INFO - Filling up the DagBag from /home/airflow/.local/lib/python3.12/site-packages/airflow/example_dags/example_workday_timetable.py
[2025-03-19T00:33:06.461+0000] {processor.py:925} INFO - DAG(s) 'example_workday_timetable' retrieved from /home/airflow/.local/lib/python3.12/site-packages/airflow/example_dags/example_workday_timetable.py
[2025-03-19T00:33:06.474+0000] {logging_mixin.py:190} INFO - [2025-03-19T00:33:06.474+0000] {dag.py:3239} INFO - Sync 1 DAGs
[2025-03-19T00:33:06.524+0000] {logging_mixin.py:190} INFO - [2025-03-19T00:33:06.524+0000] {dag.py:4180} INFO - Setting next_dagrun for example_workday_timetable to 2021-01-04 00:00:00+00:00, run_after=2021-01-05 00:00:00+00:00
[2025-03-19T00:33:06.537+0000] {processor.py:208} INFO - Processing /home/airflow/.local/lib/python3.12/site-packages/airflow/example_dags/example_workday_timetable.py took 0.086 seconds
[2025-03-19T00:33:37.092+0000] {processor.py:186} INFO - Started process (PID=2725) to work on /home/airflow/.local/lib/python3.12/site-packages/airflow/example_dags/example_workday_timetable.py
[2025-03-19T00:33:37.093+0000] {processor.py:914} INFO - Processing file /home/airflow/.local/lib/python3.12/site-packages/airflow/example_dags/example_workday_timetable.py for tasks to queue
[2025-03-19T00:33:37.094+0000] {logging_mixin.py:190} INFO - [2025-03-19T00:33:37.094+0000] {dagbag.py:588} INFO - Filling up the DagBag from /home/airflow/.local/lib/python3.12/site-packages/airflow/example_dags/example_workday_timetable.py
[2025-03-19T00:33:37.099+0000] {processor.py:925} INFO - DAG(s) 'example_workday_timetable' retrieved from /home/airflow/.local/lib/python3.12/site-packages/airflow/example_dags/example_workday_timetable.py
[2025-03-19T00:33:37.114+0000] {logging_mixin.py:190} INFO - [2025-03-19T00:33:37.114+0000] {dag.py:3239} INFO - Sync 1 DAGs
[2025-03-19T00:33:37.167+0000] {logging_mixin.py:190} INFO - [2025-03-19T00:33:37.167+0000] {dag.py:4180} INFO - Setting next_dagrun for example_workday_timetable to 2021-01-04 00:00:00+00:00, run_after=2021-01-05 00:00:00+00:00
[2025-03-19T00:33:37.179+0000] {processor.py:208} INFO - Processing /home/airflow/.local/lib/python3.12/site-packages/airflow/example_dags/example_workday_timetable.py took 0.090 seconds
[2025-03-19T00:34:07.869+0000] {processor.py:186} INFO - Started process (PID=2788) to work on /home/airflow/.local/lib/python3.12/site-packages/airflow/example_dags/example_workday_timetable.py
[2025-03-19T00:34:07.870+0000] {processor.py:914} INFO - Processing file /home/airflow/.local/lib/python3.12/site-packages/airflow/example_dags/example_workday_timetable.py for tasks to queue
[2025-03-19T00:34:07.871+0000] {logging_mixin.py:190} INFO - [2025-03-19T00:34:07.871+0000] {dagbag.py:588} INFO - Filling up the DagBag from /home/airflow/.local/lib/python3.12/site-packages/airflow/example_dags/example_workday_timetable.py
[2025-03-19T00:34:07.874+0000] {processor.py:925} INFO - DAG(s) 'example_workday_timetable' retrieved from /home/airflow/.local/lib/python3.12/site-packages/airflow/example_dags/example_workday_timetable.py
[2025-03-19T00:34:07.888+0000] {logging_mixin.py:190} INFO - [2025-03-19T00:34:07.887+0000] {dag.py:3239} INFO - Sync 1 DAGs
[2025-03-19T00:34:07.938+0000] {logging_mixin.py:190} INFO - [2025-03-19T00:34:07.937+0000] {dag.py:4180} INFO - Setting next_dagrun for example_workday_timetable to 2021-01-04 00:00:00+00:00, run_after=2021-01-05 00:00:00+00:00
[2025-03-19T00:34:07.951+0000] {processor.py:208} INFO - Processing /home/airflow/.local/lib/python3.12/site-packages/airflow/example_dags/example_workday_timetable.py took 0.087 seconds
[2025-03-19T00:34:38.545+0000] {processor.py:186} INFO - Started process (PID=2851) to work on /home/airflow/.local/lib/python3.12/site-packages/airflow/example_dags/example_workday_timetable.py
[2025-03-19T00:34:38.545+0000] {processor.py:914} INFO - Processing file /home/airflow/.local/lib/python3.12/site-packages/airflow/example_dags/example_workday_timetable.py for tasks to queue
[2025-03-19T00:34:38.547+0000] {logging_mixin.py:190} INFO - [2025-03-19T00:34:38.546+0000] {dagbag.py:588} INFO - Filling up the DagBag from /home/airflow/.local/lib/python3.12/site-packages/airflow/example_dags/example_workday_timetable.py
[2025-03-19T00:34:38.550+0000] {processor.py:925} INFO - DAG(s) 'example_workday_timetable' retrieved from /home/airflow/.local/lib/python3.12/site-packages/airflow/example_dags/example_workday_timetable.py
[2025-03-19T00:34:38.564+0000] {logging_mixin.py:190} INFO - [2025-03-19T00:34:38.564+0000] {dag.py:3239} INFO - Sync 1 DAGs
[2025-03-19T00:34:38.615+0000] {logging_mixin.py:190} INFO - [2025-03-19T00:34:38.615+0000] {dag.py:4180} INFO - Setting next_dagrun for example_workday_timetable to 2021-01-04 00:00:00+00:00, run_after=2021-01-05 00:00:00+00:00
[2025-03-19T00:34:38.630+0000] {processor.py:208} INFO - Processing /home/airflow/.local/lib/python3.12/site-packages/airflow/example_dags/example_workday_timetable.py took 0.091 seconds
[2025-03-19T00:35:09.075+0000] {processor.py:186} INFO - Started process (PID=2914) to work on /home/airflow/.local/lib/python3.12/site-packages/airflow/example_dags/example_workday_timetable.py
[2025-03-19T00:35:09.075+0000] {processor.py:914} INFO - Processing file /home/airflow/.local/lib/python3.12/site-packages/airflow/example_dags/example_workday_timetable.py for tasks to queue
[2025-03-19T00:35:09.077+0000] {logging_mixin.py:190} INFO - [2025-03-19T00:35:09.077+0000] {dagbag.py:588} INFO - Filling up the DagBag from /home/airflow/.local/lib/python3.12/site-packages/airflow/example_dags/example_workday_timetable.py
[2025-03-19T00:35:09.082+0000] {processor.py:925} INFO - DAG(s) 'example_workday_timetable' retrieved from /home/airflow/.local/lib/python3.12/site-packages/airflow/example_dags/example_workday_timetable.py
[2025-03-19T00:35:09.094+0000] {logging_mixin.py:190} INFO - [2025-03-19T00:35:09.094+0000] {dag.py:3239} INFO - Sync 1 DAGs
[2025-03-19T00:35:09.139+0000] {logging_mixin.py:190} INFO - [2025-03-19T00:35:09.139+0000] {dag.py:4180} INFO - Setting next_dagrun for example_workday_timetable to 2021-01-04 00:00:00+00:00, run_after=2021-01-05 00:00:00+00:00
[2025-03-19T00:35:09.151+0000] {processor.py:208} INFO - Processing /home/airflow/.local/lib/python3.12/site-packages/airflow/example_dags/example_workday_timetable.py took 0.080 seconds
[2025-03-19T00:35:39.580+0000] {processor.py:186} INFO - Started process (PID=2978) to work on /home/airflow/.local/lib/python3.12/site-packages/airflow/example_dags/example_workday_timetable.py
[2025-03-19T00:35:39.580+0000] {processor.py:914} INFO - Processing file /home/airflow/.local/lib/python3.12/site-packages/airflow/example_dags/example_workday_timetable.py for tasks to queue
[2025-03-19T00:35:39.581+0000] {logging_mixin.py:190} INFO - [2025-03-19T00:35:39.581+0000] {dagbag.py:588} INFO - Filling up the DagBag from /home/airflow/.local/lib/python3.12/site-packages/airflow/example_dags/example_workday_timetable.py
[2025-03-19T00:35:39.585+0000] {processor.py:925} INFO - DAG(s) 'example_workday_timetable' retrieved from /home/airflow/.local/lib/python3.12/site-packages/airflow/example_dags/example_workday_timetable.py
[2025-03-19T00:35:39.597+0000] {logging_mixin.py:190} INFO - [2025-03-19T00:35:39.597+0000] {dag.py:3239} INFO - Sync 1 DAGs
[2025-03-19T00:35:39.648+0000] {logging_mixin.py:190} INFO - [2025-03-19T00:35:39.648+0000] {dag.py:4180} INFO - Setting next_dagrun for example_workday_timetable to 2021-01-04 00:00:00+00:00, run_after=2021-01-05 00:00:00+00:00
[2025-03-19T00:35:39.662+0000] {processor.py:208} INFO - Processing /home/airflow/.local/lib/python3.12/site-packages/airflow/example_dags/example_workday_timetable.py took 0.086 seconds
[2025-03-19T00:36:10.090+0000] {processor.py:186} INFO - Started process (PID=3041) to work on /home/airflow/.local/lib/python3.12/site-packages/airflow/example_dags/example_workday_timetable.py
[2025-03-19T00:36:10.091+0000] {processor.py:914} INFO - Processing file /home/airflow/.local/lib/python3.12/site-packages/airflow/example_dags/example_workday_timetable.py for tasks to queue
[2025-03-19T00:36:10.092+0000] {logging_mixin.py:190} INFO - [2025-03-19T00:36:10.092+0000] {dagbag.py:588} INFO - Filling up the DagBag from /home/airflow/.local/lib/python3.12/site-packages/airflow/example_dags/example_workday_timetable.py
[2025-03-19T00:36:10.096+0000] {processor.py:925} INFO - DAG(s) 'example_workday_timetable' retrieved from /home/airflow/.local/lib/python3.12/site-packages/airflow/example_dags/example_workday_timetable.py
[2025-03-19T00:36:10.109+0000] {logging_mixin.py:190} INFO - [2025-03-19T00:36:10.109+0000] {dag.py:3239} INFO - Sync 1 DAGs
[2025-03-19T00:36:10.156+0000] {logging_mixin.py:190} INFO - [2025-03-19T00:36:10.156+0000] {dag.py:4180} INFO - Setting next_dagrun for example_workday_timetable to 2021-01-04 00:00:00+00:00, run_after=2021-01-05 00:00:00+00:00
[2025-03-19T00:36:10.168+0000] {processor.py:208} INFO - Processing /home/airflow/.local/lib/python3.12/site-packages/airflow/example_dags/example_workday_timetable.py took 0.082 seconds
[2025-03-19T00:36:41.457+0000] {processor.py:186} INFO - Started process (PID=3104) to work on /home/airflow/.local/lib/python3.12/site-packages/airflow/example_dags/example_workday_timetable.py
[2025-03-19T00:36:41.458+0000] {processor.py:914} INFO - Processing file /home/airflow/.local/lib/python3.12/site-packages/airflow/example_dags/example_workday_timetable.py for tasks to queue
[2025-03-19T00:36:41.459+0000] {logging_mixin.py:190} INFO - [2025-03-19T00:36:41.459+0000] {dagbag.py:588} INFO - Filling up the DagBag from /home/airflow/.local/lib/python3.12/site-packages/airflow/example_dags/example_workday_timetable.py
[2025-03-19T00:36:41.462+0000] {processor.py:925} INFO - DAG(s) 'example_workday_timetable' retrieved from /home/airflow/.local/lib/python3.12/site-packages/airflow/example_dags/example_workday_timetable.py
[2025-03-19T00:36:41.476+0000] {logging_mixin.py:190} INFO - [2025-03-19T00:36:41.476+0000] {dag.py:3239} INFO - Sync 1 DAGs
[2025-03-19T00:36:41.525+0000] {logging_mixin.py:190} INFO - [2025-03-19T00:36:41.525+0000] {dag.py:4180} INFO - Setting next_dagrun for example_workday_timetable to 2021-01-04 00:00:00+00:00, run_after=2021-01-05 00:00:00+00:00
[2025-03-19T00:36:41.539+0000] {processor.py:208} INFO - Processing /home/airflow/.local/lib/python3.12/site-packages/airflow/example_dags/example_workday_timetable.py took 0.086 seconds
[2025-03-19T00:37:12.057+0000] {processor.py:186} INFO - Started process (PID=3168) to work on /home/airflow/.local/lib/python3.12/site-packages/airflow/example_dags/example_workday_timetable.py
[2025-03-19T00:37:12.058+0000] {processor.py:914} INFO - Processing file /home/airflow/.local/lib/python3.12/site-packages/airflow/example_dags/example_workday_timetable.py for tasks to queue
[2025-03-19T00:37:12.061+0000] {logging_mixin.py:190} INFO - [2025-03-19T00:37:12.060+0000] {dagbag.py:588} INFO - Filling up the DagBag from /home/airflow/.local/lib/python3.12/site-packages/airflow/example_dags/example_workday_timetable.py
[2025-03-19T00:37:12.064+0000] {processor.py:925} INFO - DAG(s) 'example_workday_timetable' retrieved from /home/airflow/.local/lib/python3.12/site-packages/airflow/example_dags/example_workday_timetable.py
[2025-03-19T00:37:12.080+0000] {logging_mixin.py:190} INFO - [2025-03-19T00:37:12.080+0000] {dag.py:3239} INFO - Sync 1 DAGs
[2025-03-19T00:37:12.146+0000] {logging_mixin.py:190} INFO - [2025-03-19T00:37:12.145+0000] {dag.py:4180} INFO - Setting next_dagrun for example_workday_timetable to 2021-01-04 00:00:00+00:00, run_after=2021-01-05 00:00:00+00:00
[2025-03-19T00:37:12.160+0000] {processor.py:208} INFO - Processing /home/airflow/.local/lib/python3.12/site-packages/airflow/example_dags/example_workday_timetable.py took 0.107 seconds
[2025-03-19T00:37:43.126+0000] {processor.py:186} INFO - Started process (PID=3234) to work on /home/airflow/.local/lib/python3.12/site-packages/airflow/example_dags/example_workday_timetable.py
[2025-03-19T00:37:43.127+0000] {processor.py:914} INFO - Processing file /home/airflow/.local/lib/python3.12/site-packages/airflow/example_dags/example_workday_timetable.py for tasks to queue
[2025-03-19T00:37:43.128+0000] {logging_mixin.py:190} INFO - [2025-03-19T00:37:43.128+0000] {dagbag.py:588} INFO - Filling up the DagBag from /home/airflow/.local/lib/python3.12/site-packages/airflow/example_dags/example_workday_timetable.py
[2025-03-19T00:37:43.132+0000] {processor.py:925} INFO - DAG(s) 'example_workday_timetable' retrieved from /home/airflow/.local/lib/python3.12/site-packages/airflow/example_dags/example_workday_timetable.py
[2025-03-19T00:37:43.144+0000] {logging_mixin.py:190} INFO - [2025-03-19T00:37:43.144+0000] {dag.py:3239} INFO - Sync 1 DAGs
[2025-03-19T00:37:43.190+0000] {logging_mixin.py:190} INFO - [2025-03-19T00:37:43.190+0000] {dag.py:4180} INFO - Setting next_dagrun for example_workday_timetable to 2021-01-04 00:00:00+00:00, run_after=2021-01-05 00:00:00+00:00
[2025-03-19T00:37:43.203+0000] {processor.py:208} INFO - Processing /home/airflow/.local/lib/python3.12/site-packages/airflow/example_dags/example_workday_timetable.py took 0.080 seconds
[2025-03-19T00:38:13.995+0000] {processor.py:186} INFO - Started process (PID=3298) to work on /home/airflow/.local/lib/python3.12/site-packages/airflow/example_dags/example_workday_timetable.py
[2025-03-19T00:38:13.996+0000] {processor.py:914} INFO - Processing file /home/airflow/.local/lib/python3.12/site-packages/airflow/example_dags/example_workday_timetable.py for tasks to queue
[2025-03-19T00:38:13.997+0000] {logging_mixin.py:190} INFO - [2025-03-19T00:38:13.997+0000] {dagbag.py:588} INFO - Filling up the DagBag from /home/airflow/.local/lib/python3.12/site-packages/airflow/example_dags/example_workday_timetable.py
[2025-03-19T00:38:14.001+0000] {processor.py:925} INFO - DAG(s) 'example_workday_timetable' retrieved from /home/airflow/.local/lib/python3.12/site-packages/airflow/example_dags/example_workday_timetable.py
[2025-03-19T00:38:14.014+0000] {logging_mixin.py:190} INFO - [2025-03-19T00:38:14.014+0000] {dag.py:3239} INFO - Sync 1 DAGs
[2025-03-19T00:38:14.059+0000] {logging_mixin.py:190} INFO - [2025-03-19T00:38:14.059+0000] {dag.py:4180} INFO - Setting next_dagrun for example_workday_timetable to 2021-01-04 00:00:00+00:00, run_after=2021-01-05 00:00:00+00:00
[2025-03-19T00:38:14.073+0000] {processor.py:208} INFO - Processing /home/airflow/.local/lib/python3.12/site-packages/airflow/example_dags/example_workday_timetable.py took 0.081 seconds
[2025-03-19T00:38:45.424+0000] {processor.py:186} INFO - Started process (PID=3362) to work on /home/airflow/.local/lib/python3.12/site-packages/airflow/example_dags/example_workday_timetable.py
[2025-03-19T00:38:45.425+0000] {processor.py:914} INFO - Processing file /home/airflow/.local/lib/python3.12/site-packages/airflow/example_dags/example_workday_timetable.py for tasks to queue
[2025-03-19T00:38:45.426+0000] {logging_mixin.py:190} INFO - [2025-03-19T00:38:45.426+0000] {dagbag.py:588} INFO - Filling up the DagBag from /home/airflow/.local/lib/python3.12/site-packages/airflow/example_dags/example_workday_timetable.py
[2025-03-19T00:38:45.430+0000] {processor.py:925} INFO - DAG(s) 'example_workday_timetable' retrieved from /home/airflow/.local/lib/python3.12/site-packages/airflow/example_dags/example_workday_timetable.py
[2025-03-19T00:38:45.443+0000] {logging_mixin.py:190} INFO - [2025-03-19T00:38:45.442+0000] {dag.py:3239} INFO - Sync 1 DAGs
[2025-03-19T00:38:45.486+0000] {logging_mixin.py:190} INFO - [2025-03-19T00:38:45.486+0000] {dag.py:4180} INFO - Setting next_dagrun for example_workday_timetable to 2021-01-04 00:00:00+00:00, run_after=2021-01-05 00:00:00+00:00
[2025-03-19T00:38:45.498+0000] {processor.py:208} INFO - Processing /home/airflow/.local/lib/python3.12/site-packages/airflow/example_dags/example_workday_timetable.py took 0.077 seconds
[2025-03-19T00:39:15.911+0000] {processor.py:186} INFO - Started process (PID=3426) to work on /home/airflow/.local/lib/python3.12/site-packages/airflow/example_dags/example_workday_timetable.py
[2025-03-19T00:39:15.911+0000] {processor.py:914} INFO - Processing file /home/airflow/.local/lib/python3.12/site-packages/airflow/example_dags/example_workday_timetable.py for tasks to queue
[2025-03-19T00:39:15.912+0000] {logging_mixin.py:190} INFO - [2025-03-19T00:39:15.912+0000] {dagbag.py:588} INFO - Filling up the DagBag from /home/airflow/.local/lib/python3.12/site-packages/airflow/example_dags/example_workday_timetable.py
[2025-03-19T00:39:15.917+0000] {processor.py:925} INFO - DAG(s) 'example_workday_timetable' retrieved from /home/airflow/.local/lib/python3.12/site-packages/airflow/example_dags/example_workday_timetable.py
[2025-03-19T00:39:15.929+0000] {logging_mixin.py:190} INFO - [2025-03-19T00:39:15.929+0000] {dag.py:3239} INFO - Sync 1 DAGs
[2025-03-19T00:39:15.977+0000] {logging_mixin.py:190} INFO - [2025-03-19T00:39:15.977+0000] {dag.py:4180} INFO - Setting next_dagrun for example_workday_timetable to 2021-01-04 00:00:00+00:00, run_after=2021-01-05 00:00:00+00:00
[2025-03-19T00:39:15.990+0000] {processor.py:208} INFO - Processing /home/airflow/.local/lib/python3.12/site-packages/airflow/example_dags/example_workday_timetable.py took 0.083 seconds
[2025-03-19T00:39:47.285+0000] {processor.py:186} INFO - Started process (PID=3490) to work on /home/airflow/.local/lib/python3.12/site-packages/airflow/example_dags/example_workday_timetable.py
[2025-03-19T00:39:47.286+0000] {processor.py:914} INFO - Processing file /home/airflow/.local/lib/python3.12/site-packages/airflow/example_dags/example_workday_timetable.py for tasks to queue
[2025-03-19T00:39:47.287+0000] {logging_mixin.py:190} INFO - [2025-03-19T00:39:47.287+0000] {dagbag.py:588} INFO - Filling up the DagBag from /home/airflow/.local/lib/python3.12/site-packages/airflow/example_dags/example_workday_timetable.py
[2025-03-19T00:39:47.292+0000] {processor.py:925} INFO - DAG(s) 'example_workday_timetable' retrieved from /home/airflow/.local/lib/python3.12/site-packages/airflow/example_dags/example_workday_timetable.py
[2025-03-19T00:39:47.304+0000] {logging_mixin.py:190} INFO - [2025-03-19T00:39:47.304+0000] {dag.py:3239} INFO - Sync 1 DAGs
[2025-03-19T00:39:47.352+0000] {logging_mixin.py:190} INFO - [2025-03-19T00:39:47.352+0000] {dag.py:4180} INFO - Setting next_dagrun for example_workday_timetable to 2021-01-04 00:00:00+00:00, run_after=2021-01-05 00:00:00+00:00
[2025-03-19T00:39:47.366+0000] {processor.py:208} INFO - Processing /home/airflow/.local/lib/python3.12/site-packages/airflow/example_dags/example_workday_timetable.py took 0.085 seconds
[2025-03-19T00:40:18.494+0000] {processor.py:186} INFO - Started process (PID=3554) to work on /home/airflow/.local/lib/python3.12/site-packages/airflow/example_dags/example_workday_timetable.py
[2025-03-19T00:40:18.495+0000] {processor.py:914} INFO - Processing file /home/airflow/.local/lib/python3.12/site-packages/airflow/example_dags/example_workday_timetable.py for tasks to queue
[2025-03-19T00:40:18.496+0000] {logging_mixin.py:190} INFO - [2025-03-19T00:40:18.496+0000] {dagbag.py:588} INFO - Filling up the DagBag from /home/airflow/.local/lib/python3.12/site-packages/airflow/example_dags/example_workday_timetable.py
[2025-03-19T00:40:18.500+0000] {processor.py:925} INFO - DAG(s) 'example_workday_timetable' retrieved from /home/airflow/.local/lib/python3.12/site-packages/airflow/example_dags/example_workday_timetable.py
[2025-03-19T00:40:18.515+0000] {logging_mixin.py:190} INFO - [2025-03-19T00:40:18.515+0000] {dag.py:3239} INFO - Sync 1 DAGs
[2025-03-19T00:40:18.567+0000] {logging_mixin.py:190} INFO - [2025-03-19T00:40:18.567+0000] {dag.py:4180} INFO - Setting next_dagrun for example_workday_timetable to 2021-01-04 00:00:00+00:00, run_after=2021-01-05 00:00:00+00:00
[2025-03-19T00:40:18.581+0000] {processor.py:208} INFO - Processing /home/airflow/.local/lib/python3.12/site-packages/airflow/example_dags/example_workday_timetable.py took 0.090 seconds
[2025-03-19T00:41:17.202+0000] {processor.py:186} INFO - Started process (PID=77) to work on /home/airflow/.local/lib/python3.12/site-packages/airflow/example_dags/example_workday_timetable.py
[2025-03-19T00:41:17.203+0000] {processor.py:914} INFO - Processing file /home/airflow/.local/lib/python3.12/site-packages/airflow/example_dags/example_workday_timetable.py for tasks to queue
[2025-03-19T00:41:17.204+0000] {logging_mixin.py:190} INFO - [2025-03-19T00:41:17.204+0000] {dagbag.py:588} INFO - Filling up the DagBag from /home/airflow/.local/lib/python3.12/site-packages/airflow/example_dags/example_workday_timetable.py
[2025-03-19T00:41:17.209+0000] {processor.py:925} INFO - DAG(s) 'example_workday_timetable' retrieved from /home/airflow/.local/lib/python3.12/site-packages/airflow/example_dags/example_workday_timetable.py
[2025-03-19T00:41:17.222+0000] {logging_mixin.py:190} INFO - [2025-03-19T00:41:17.222+0000] {dag.py:3239} INFO - Sync 1 DAGs
[2025-03-19T00:41:17.277+0000] {logging_mixin.py:190} INFO - [2025-03-19T00:41:17.277+0000] {dag.py:4180} INFO - Setting next_dagrun for example_workday_timetable to 2021-01-04 00:00:00+00:00, run_after=2021-01-05 00:00:00+00:00
[2025-03-19T00:41:17.290+0000] {processor.py:208} INFO - Processing /home/airflow/.local/lib/python3.12/site-packages/airflow/example_dags/example_workday_timetable.py took 0.092 seconds
[2025-03-19T00:41:47.748+0000] {processor.py:186} INFO - Started process (PID=141) to work on /home/airflow/.local/lib/python3.12/site-packages/airflow/example_dags/example_workday_timetable.py
[2025-03-19T00:41:47.749+0000] {processor.py:914} INFO - Processing file /home/airflow/.local/lib/python3.12/site-packages/airflow/example_dags/example_workday_timetable.py for tasks to queue
[2025-03-19T00:41:47.750+0000] {logging_mixin.py:190} INFO - [2025-03-19T00:41:47.750+0000] {dagbag.py:588} INFO - Filling up the DagBag from /home/airflow/.local/lib/python3.12/site-packages/airflow/example_dags/example_workday_timetable.py
[2025-03-19T00:41:47.753+0000] {processor.py:925} INFO - DAG(s) 'example_workday_timetable' retrieved from /home/airflow/.local/lib/python3.12/site-packages/airflow/example_dags/example_workday_timetable.py
[2025-03-19T00:41:47.766+0000] {logging_mixin.py:190} INFO - [2025-03-19T00:41:47.766+0000] {dag.py:3239} INFO - Sync 1 DAGs
[2025-03-19T00:41:47.814+0000] {logging_mixin.py:190} INFO - [2025-03-19T00:41:47.814+0000] {dag.py:4180} INFO - Setting next_dagrun for example_workday_timetable to 2021-01-04 00:00:00+00:00, run_after=2021-01-05 00:00:00+00:00
[2025-03-19T00:41:47.828+0000] {processor.py:208} INFO - Processing /home/airflow/.local/lib/python3.12/site-packages/airflow/example_dags/example_workday_timetable.py took 0.083 seconds
[2025-03-19T00:42:19.069+0000] {processor.py:186} INFO - Started process (PID=205) to work on /home/airflow/.local/lib/python3.12/site-packages/airflow/example_dags/example_workday_timetable.py
[2025-03-19T00:42:19.069+0000] {processor.py:914} INFO - Processing file /home/airflow/.local/lib/python3.12/site-packages/airflow/example_dags/example_workday_timetable.py for tasks to queue
[2025-03-19T00:42:19.071+0000] {logging_mixin.py:190} INFO - [2025-03-19T00:42:19.070+0000] {dagbag.py:588} INFO - Filling up the DagBag from /home/airflow/.local/lib/python3.12/site-packages/airflow/example_dags/example_workday_timetable.py
[2025-03-19T00:42:19.074+0000] {processor.py:925} INFO - DAG(s) 'example_workday_timetable' retrieved from /home/airflow/.local/lib/python3.12/site-packages/airflow/example_dags/example_workday_timetable.py
[2025-03-19T00:42:19.087+0000] {logging_mixin.py:190} INFO - [2025-03-19T00:42:19.086+0000] {dag.py:3239} INFO - Sync 1 DAGs
[2025-03-19T00:42:19.134+0000] {logging_mixin.py:190} INFO - [2025-03-19T00:42:19.134+0000] {dag.py:4180} INFO - Setting next_dagrun for example_workday_timetable to 2021-01-04 00:00:00+00:00, run_after=2021-01-05 00:00:00+00:00
[2025-03-19T00:42:19.148+0000] {processor.py:208} INFO - Processing /home/airflow/.local/lib/python3.12/site-packages/airflow/example_dags/example_workday_timetable.py took 0.083 seconds
[2025-03-19T00:42:50.445+0000] {processor.py:186} INFO - Started process (PID=269) to work on /home/airflow/.local/lib/python3.12/site-packages/airflow/example_dags/example_workday_timetable.py
[2025-03-19T00:42:50.446+0000] {processor.py:914} INFO - Processing file /home/airflow/.local/lib/python3.12/site-packages/airflow/example_dags/example_workday_timetable.py for tasks to queue
[2025-03-19T00:42:50.447+0000] {logging_mixin.py:190} INFO - [2025-03-19T00:42:50.447+0000] {dagbag.py:588} INFO - Filling up the DagBag from /home/airflow/.local/lib/python3.12/site-packages/airflow/example_dags/example_workday_timetable.py
[2025-03-19T00:42:50.450+0000] {processor.py:925} INFO - DAG(s) 'example_workday_timetable' retrieved from /home/airflow/.local/lib/python3.12/site-packages/airflow/example_dags/example_workday_timetable.py
[2025-03-19T00:42:50.462+0000] {logging_mixin.py:190} INFO - [2025-03-19T00:42:50.462+0000] {dag.py:3239} INFO - Sync 1 DAGs
[2025-03-19T00:42:50.508+0000] {logging_mixin.py:190} INFO - [2025-03-19T00:42:50.507+0000] {dag.py:4180} INFO - Setting next_dagrun for example_workday_timetable to 2021-01-04 00:00:00+00:00, run_after=2021-01-05 00:00:00+00:00
[2025-03-19T00:42:50.520+0000] {processor.py:208} INFO - Processing /home/airflow/.local/lib/python3.12/site-packages/airflow/example_dags/example_workday_timetable.py took 0.079 seconds
[2025-03-19T00:43:21.113+0000] {processor.py:186} INFO - Started process (PID=333) to work on /home/airflow/.local/lib/python3.12/site-packages/airflow/example_dags/example_workday_timetable.py
[2025-03-19T00:43:21.114+0000] {processor.py:914} INFO - Processing file /home/airflow/.local/lib/python3.12/site-packages/airflow/example_dags/example_workday_timetable.py for tasks to queue
[2025-03-19T00:43:21.115+0000] {logging_mixin.py:190} INFO - [2025-03-19T00:43:21.115+0000] {dagbag.py:588} INFO - Filling up the DagBag from /home/airflow/.local/lib/python3.12/site-packages/airflow/example_dags/example_workday_timetable.py
[2025-03-19T00:43:21.119+0000] {processor.py:925} INFO - DAG(s) 'example_workday_timetable' retrieved from /home/airflow/.local/lib/python3.12/site-packages/airflow/example_dags/example_workday_timetable.py
[2025-03-19T00:43:21.132+0000] {logging_mixin.py:190} INFO - [2025-03-19T00:43:21.132+0000] {dag.py:3239} INFO - Sync 1 DAGs
[2025-03-19T00:43:21.180+0000] {logging_mixin.py:190} INFO - [2025-03-19T00:43:21.179+0000] {dag.py:4180} INFO - Setting next_dagrun for example_workday_timetable to 2021-01-04 00:00:00+00:00, run_after=2021-01-05 00:00:00+00:00
[2025-03-19T00:43:21.192+0000] {processor.py:208} INFO - Processing /home/airflow/.local/lib/python3.12/site-packages/airflow/example_dags/example_workday_timetable.py took 0.082 seconds
[2025-03-19T00:43:51.388+0000] {processor.py:186} INFO - Started process (PID=396) to work on /home/airflow/.local/lib/python3.12/site-packages/airflow/example_dags/example_workday_timetable.py
[2025-03-19T00:43:51.389+0000] {processor.py:914} INFO - Processing file /home/airflow/.local/lib/python3.12/site-packages/airflow/example_dags/example_workday_timetable.py for tasks to queue
[2025-03-19T00:43:51.390+0000] {logging_mixin.py:190} INFO - [2025-03-19T00:43:51.390+0000] {dagbag.py:588} INFO - Filling up the DagBag from /home/airflow/.local/lib/python3.12/site-packages/airflow/example_dags/example_workday_timetable.py
[2025-03-19T00:43:51.394+0000] {processor.py:925} INFO - DAG(s) 'example_workday_timetable' retrieved from /home/airflow/.local/lib/python3.12/site-packages/airflow/example_dags/example_workday_timetable.py
[2025-03-19T00:43:51.413+0000] {logging_mixin.py:190} INFO - [2025-03-19T00:43:51.413+0000] {dag.py:3239} INFO - Sync 1 DAGs
[2025-03-19T00:43:51.470+0000] {logging_mixin.py:190} INFO - [2025-03-19T00:43:51.470+0000] {dag.py:4180} INFO - Setting next_dagrun for example_workday_timetable to 2021-01-04 00:00:00+00:00, run_after=2021-01-05 00:00:00+00:00
[2025-03-19T00:43:51.485+0000] {processor.py:208} INFO - Processing /home/airflow/.local/lib/python3.12/site-packages/airflow/example_dags/example_workday_timetable.py took 0.100 seconds
