[2025-03-19T00:11:54.484+0000] {processor.py:186} INFO - Started process (PID=89) to work on /home/airflow/.local/lib/python3.12/site-packages/airflow/example_dags/example_complex.py
[2025-03-19T00:11:54.485+0000] {processor.py:914} INFO - Processing file /home/airflow/.local/lib/python3.12/site-packages/airflow/example_dags/example_complex.py for tasks to queue
[2025-03-19T00:11:54.486+0000] {logging_mixin.py:190} INFO - [2025-03-19T00:11:54.486+0000] {dagbag.py:588} INFO - Filling up the DagBag from /home/airflow/.local/lib/python3.12/site-packages/airflow/example_dags/example_complex.py
[2025-03-19T00:11:54.495+0000] {processor.py:925} INFO - DAG(s) 'example_complex' retrieved from /home/airflow/.local/lib/python3.12/site-packages/airflow/example_dags/example_complex.py
[2025-03-19T00:11:54.517+0000] {logging_mixin.py:190} INFO - [2025-03-19T00:11:54.517+0000] {dag.py:3239} INFO - Sync 1 DAGs
[2025-03-19T00:11:54.528+0000] {logging_mixin.py:190} INFO - [2025-03-19T00:11:54.528+0000] {dag.py:4180} INFO - Setting next_dagrun for example_complex to None, run_after=None
[2025-03-19T00:11:54.541+0000] {processor.py:208} INFO - Processing /home/airflow/.local/lib/python3.12/site-packages/airflow/example_dags/example_complex.py took 0.060 seconds
[2025-03-19T00:12:24.715+0000] {processor.py:186} INFO - Started process (PID=151) to work on /home/airflow/.local/lib/python3.12/site-packages/airflow/example_dags/example_complex.py
[2025-03-19T00:12:24.716+0000] {processor.py:914} INFO - Processing file /home/airflow/.local/lib/python3.12/site-packages/airflow/example_dags/example_complex.py for tasks to queue
[2025-03-19T00:12:24.717+0000] {logging_mixin.py:190} INFO - [2025-03-19T00:12:24.717+0000] {dagbag.py:588} INFO - Filling up the DagBag from /home/airflow/.local/lib/python3.12/site-packages/airflow/example_dags/example_complex.py
[2025-03-19T00:12:24.725+0000] {processor.py:925} INFO - DAG(s) 'example_complex' retrieved from /home/airflow/.local/lib/python3.12/site-packages/airflow/example_dags/example_complex.py
[2025-03-19T00:12:24.748+0000] {logging_mixin.py:190} INFO - [2025-03-19T00:12:24.748+0000] {dag.py:3239} INFO - Sync 1 DAGs
[2025-03-19T00:12:24.758+0000] {logging_mixin.py:190} INFO - [2025-03-19T00:12:24.758+0000] {dag.py:4180} INFO - Setting next_dagrun for example_complex to None, run_after=None
[2025-03-19T00:12:24.771+0000] {processor.py:208} INFO - Processing /home/airflow/.local/lib/python3.12/site-packages/airflow/example_dags/example_complex.py took 0.059 seconds
[2025-03-19T00:12:55.766+0000] {processor.py:186} INFO - Started process (PID=214) to work on /home/airflow/.local/lib/python3.12/site-packages/airflow/example_dags/example_complex.py
[2025-03-19T00:12:55.767+0000] {processor.py:914} INFO - Processing file /home/airflow/.local/lib/python3.12/site-packages/airflow/example_dags/example_complex.py for tasks to queue
[2025-03-19T00:12:55.768+0000] {logging_mixin.py:190} INFO - [2025-03-19T00:12:55.768+0000] {dagbag.py:588} INFO - Filling up the DagBag from /home/airflow/.local/lib/python3.12/site-packages/airflow/example_dags/example_complex.py
[2025-03-19T00:12:55.776+0000] {processor.py:925} INFO - DAG(s) 'example_complex' retrieved from /home/airflow/.local/lib/python3.12/site-packages/airflow/example_dags/example_complex.py
[2025-03-19T00:12:55.798+0000] {logging_mixin.py:190} INFO - [2025-03-19T00:12:55.797+0000] {dag.py:3239} INFO - Sync 1 DAGs
[2025-03-19T00:12:55.808+0000] {logging_mixin.py:190} INFO - [2025-03-19T00:12:55.808+0000] {dag.py:4180} INFO - Setting next_dagrun for example_complex to None, run_after=None
[2025-03-19T00:12:55.820+0000] {processor.py:208} INFO - Processing /home/airflow/.local/lib/python3.12/site-packages/airflow/example_dags/example_complex.py took 0.058 seconds
[2025-03-19T00:13:26.851+0000] {processor.py:186} INFO - Started process (PID=277) to work on /home/airflow/.local/lib/python3.12/site-packages/airflow/example_dags/example_complex.py
[2025-03-19T00:13:26.852+0000] {processor.py:914} INFO - Processing file /home/airflow/.local/lib/python3.12/site-packages/airflow/example_dags/example_complex.py for tasks to queue
[2025-03-19T00:13:26.853+0000] {logging_mixin.py:190} INFO - [2025-03-19T00:13:26.853+0000] {dagbag.py:588} INFO - Filling up the DagBag from /home/airflow/.local/lib/python3.12/site-packages/airflow/example_dags/example_complex.py
[2025-03-19T00:13:26.862+0000] {processor.py:925} INFO - DAG(s) 'example_complex' retrieved from /home/airflow/.local/lib/python3.12/site-packages/airflow/example_dags/example_complex.py
[2025-03-19T00:13:26.884+0000] {logging_mixin.py:190} INFO - [2025-03-19T00:13:26.884+0000] {dag.py:3239} INFO - Sync 1 DAGs
[2025-03-19T00:13:26.894+0000] {logging_mixin.py:190} INFO - [2025-03-19T00:13:26.894+0000] {dag.py:4180} INFO - Setting next_dagrun for example_complex to None, run_after=None
[2025-03-19T00:13:26.907+0000] {processor.py:208} INFO - Processing /home/airflow/.local/lib/python3.12/site-packages/airflow/example_dags/example_complex.py took 0.060 seconds
[2025-03-19T00:13:58.352+0000] {processor.py:186} INFO - Started process (PID=340) to work on /home/airflow/.local/lib/python3.12/site-packages/airflow/example_dags/example_complex.py
[2025-03-19T00:13:58.353+0000] {processor.py:914} INFO - Processing file /home/airflow/.local/lib/python3.12/site-packages/airflow/example_dags/example_complex.py for tasks to queue
[2025-03-19T00:13:58.354+0000] {logging_mixin.py:190} INFO - [2025-03-19T00:13:58.354+0000] {dagbag.py:588} INFO - Filling up the DagBag from /home/airflow/.local/lib/python3.12/site-packages/airflow/example_dags/example_complex.py
[2025-03-19T00:13:58.363+0000] {processor.py:925} INFO - DAG(s) 'example_complex' retrieved from /home/airflow/.local/lib/python3.12/site-packages/airflow/example_dags/example_complex.py
[2025-03-19T00:13:58.388+0000] {logging_mixin.py:190} INFO - [2025-03-19T00:13:58.388+0000] {dag.py:3239} INFO - Sync 1 DAGs
[2025-03-19T00:13:58.401+0000] {logging_mixin.py:190} INFO - [2025-03-19T00:13:58.401+0000] {dag.py:4180} INFO - Setting next_dagrun for example_complex to None, run_after=None
[2025-03-19T00:13:58.417+0000] {processor.py:208} INFO - Processing /home/airflow/.local/lib/python3.12/site-packages/airflow/example_dags/example_complex.py took 0.068 seconds
[2025-03-19T00:14:28.695+0000] {processor.py:186} INFO - Started process (PID=402) to work on /home/airflow/.local/lib/python3.12/site-packages/airflow/example_dags/example_complex.py
[2025-03-19T00:14:28.696+0000] {processor.py:914} INFO - Processing file /home/airflow/.local/lib/python3.12/site-packages/airflow/example_dags/example_complex.py for tasks to queue
[2025-03-19T00:14:28.697+0000] {logging_mixin.py:190} INFO - [2025-03-19T00:14:28.697+0000] {dagbag.py:588} INFO - Filling up the DagBag from /home/airflow/.local/lib/python3.12/site-packages/airflow/example_dags/example_complex.py
[2025-03-19T00:14:28.706+0000] {processor.py:925} INFO - DAG(s) 'example_complex' retrieved from /home/airflow/.local/lib/python3.12/site-packages/airflow/example_dags/example_complex.py
[2025-03-19T00:14:28.729+0000] {logging_mixin.py:190} INFO - [2025-03-19T00:14:28.729+0000] {dag.py:3239} INFO - Sync 1 DAGs
[2025-03-19T00:14:28.739+0000] {logging_mixin.py:190} INFO - [2025-03-19T00:14:28.739+0000] {dag.py:4180} INFO - Setting next_dagrun for example_complex to None, run_after=None
[2025-03-19T00:14:28.751+0000] {processor.py:208} INFO - Processing /home/airflow/.local/lib/python3.12/site-packages/airflow/example_dags/example_complex.py took 0.059 seconds
[2025-03-19T00:14:59.602+0000] {processor.py:186} INFO - Started process (PID=466) to work on /home/airflow/.local/lib/python3.12/site-packages/airflow/example_dags/example_complex.py
[2025-03-19T00:14:59.603+0000] {processor.py:914} INFO - Processing file /home/airflow/.local/lib/python3.12/site-packages/airflow/example_dags/example_complex.py for tasks to queue
[2025-03-19T00:14:59.604+0000] {logging_mixin.py:190} INFO - [2025-03-19T00:14:59.604+0000] {dagbag.py:588} INFO - Filling up the DagBag from /home/airflow/.local/lib/python3.12/site-packages/airflow/example_dags/example_complex.py
[2025-03-19T00:14:59.614+0000] {processor.py:925} INFO - DAG(s) 'example_complex' retrieved from /home/airflow/.local/lib/python3.12/site-packages/airflow/example_dags/example_complex.py
[2025-03-19T00:14:59.641+0000] {logging_mixin.py:190} INFO - [2025-03-19T00:14:59.640+0000] {dag.py:3239} INFO - Sync 1 DAGs
[2025-03-19T00:14:59.651+0000] {logging_mixin.py:190} INFO - [2025-03-19T00:14:59.651+0000] {dag.py:4180} INFO - Setting next_dagrun for example_complex to None, run_after=None
[2025-03-19T00:14:59.666+0000] {processor.py:208} INFO - Processing /home/airflow/.local/lib/python3.12/site-packages/airflow/example_dags/example_complex.py took 0.068 seconds
[2025-03-19T00:15:30.042+0000] {processor.py:186} INFO - Started process (PID=528) to work on /home/airflow/.local/lib/python3.12/site-packages/airflow/example_dags/example_complex.py
[2025-03-19T00:15:30.043+0000] {processor.py:914} INFO - Processing file /home/airflow/.local/lib/python3.12/site-packages/airflow/example_dags/example_complex.py for tasks to queue
[2025-03-19T00:15:30.044+0000] {logging_mixin.py:190} INFO - [2025-03-19T00:15:30.044+0000] {dagbag.py:588} INFO - Filling up the DagBag from /home/airflow/.local/lib/python3.12/site-packages/airflow/example_dags/example_complex.py
[2025-03-19T00:15:30.052+0000] {processor.py:925} INFO - DAG(s) 'example_complex' retrieved from /home/airflow/.local/lib/python3.12/site-packages/airflow/example_dags/example_complex.py
[2025-03-19T00:15:30.075+0000] {logging_mixin.py:190} INFO - [2025-03-19T00:15:30.075+0000] {dag.py:3239} INFO - Sync 1 DAGs
[2025-03-19T00:15:30.085+0000] {logging_mixin.py:190} INFO - [2025-03-19T00:15:30.085+0000] {dag.py:4180} INFO - Setting next_dagrun for example_complex to None, run_after=None
[2025-03-19T00:15:30.097+0000] {processor.py:208} INFO - Processing /home/airflow/.local/lib/python3.12/site-packages/airflow/example_dags/example_complex.py took 0.058 seconds
[2025-03-19T00:16:00.763+0000] {processor.py:186} INFO - Started process (PID=591) to work on /home/airflow/.local/lib/python3.12/site-packages/airflow/example_dags/example_complex.py
[2025-03-19T00:16:00.764+0000] {processor.py:914} INFO - Processing file /home/airflow/.local/lib/python3.12/site-packages/airflow/example_dags/example_complex.py for tasks to queue
[2025-03-19T00:16:00.765+0000] {logging_mixin.py:190} INFO - [2025-03-19T00:16:00.765+0000] {dagbag.py:588} INFO - Filling up the DagBag from /home/airflow/.local/lib/python3.12/site-packages/airflow/example_dags/example_complex.py
[2025-03-19T00:16:00.775+0000] {processor.py:925} INFO - DAG(s) 'example_complex' retrieved from /home/airflow/.local/lib/python3.12/site-packages/airflow/example_dags/example_complex.py
[2025-03-19T00:16:00.802+0000] {logging_mixin.py:190} INFO - [2025-03-19T00:16:00.802+0000] {dag.py:3239} INFO - Sync 1 DAGs
[2025-03-19T00:16:00.813+0000] {logging_mixin.py:190} INFO - [2025-03-19T00:16:00.813+0000] {dag.py:4180} INFO - Setting next_dagrun for example_complex to None, run_after=None
[2025-03-19T00:16:00.829+0000] {processor.py:208} INFO - Processing /home/airflow/.local/lib/python3.12/site-packages/airflow/example_dags/example_complex.py took 0.069 seconds
[2025-03-19T00:16:31.478+0000] {processor.py:186} INFO - Started process (PID=654) to work on /home/airflow/.local/lib/python3.12/site-packages/airflow/example_dags/example_complex.py
[2025-03-19T00:16:31.479+0000] {processor.py:914} INFO - Processing file /home/airflow/.local/lib/python3.12/site-packages/airflow/example_dags/example_complex.py for tasks to queue
[2025-03-19T00:16:31.480+0000] {logging_mixin.py:190} INFO - [2025-03-19T00:16:31.480+0000] {dagbag.py:588} INFO - Filling up the DagBag from /home/airflow/.local/lib/python3.12/site-packages/airflow/example_dags/example_complex.py
[2025-03-19T00:16:31.488+0000] {processor.py:925} INFO - DAG(s) 'example_complex' retrieved from /home/airflow/.local/lib/python3.12/site-packages/airflow/example_dags/example_complex.py
[2025-03-19T00:16:31.513+0000] {logging_mixin.py:190} INFO - [2025-03-19T00:16:31.513+0000] {dag.py:3239} INFO - Sync 1 DAGs
[2025-03-19T00:16:31.524+0000] {logging_mixin.py:190} INFO - [2025-03-19T00:16:31.524+0000] {dag.py:4180} INFO - Setting next_dagrun for example_complex to None, run_after=None
[2025-03-19T00:16:31.539+0000] {processor.py:208} INFO - Processing /home/airflow/.local/lib/python3.12/site-packages/airflow/example_dags/example_complex.py took 0.067 seconds
[2025-03-19T00:17:02.060+0000] {processor.py:186} INFO - Started process (PID=717) to work on /home/airflow/.local/lib/python3.12/site-packages/airflow/example_dags/example_complex.py
[2025-03-19T00:17:02.061+0000] {processor.py:914} INFO - Processing file /home/airflow/.local/lib/python3.12/site-packages/airflow/example_dags/example_complex.py for tasks to queue
[2025-03-19T00:17:02.062+0000] {logging_mixin.py:190} INFO - [2025-03-19T00:17:02.062+0000] {dagbag.py:588} INFO - Filling up the DagBag from /home/airflow/.local/lib/python3.12/site-packages/airflow/example_dags/example_complex.py
[2025-03-19T00:17:02.071+0000] {processor.py:925} INFO - DAG(s) 'example_complex' retrieved from /home/airflow/.local/lib/python3.12/site-packages/airflow/example_dags/example_complex.py
[2025-03-19T00:17:02.093+0000] {logging_mixin.py:190} INFO - [2025-03-19T00:17:02.093+0000] {dag.py:3239} INFO - Sync 1 DAGs
[2025-03-19T00:17:02.103+0000] {logging_mixin.py:190} INFO - [2025-03-19T00:17:02.103+0000] {dag.py:4180} INFO - Setting next_dagrun for example_complex to None, run_after=None
[2025-03-19T00:17:02.116+0000] {processor.py:208} INFO - Processing /home/airflow/.local/lib/python3.12/site-packages/airflow/example_dags/example_complex.py took 0.059 seconds
[2025-03-19T00:17:32.474+0000] {processor.py:186} INFO - Started process (PID=780) to work on /home/airflow/.local/lib/python3.12/site-packages/airflow/example_dags/example_complex.py
[2025-03-19T00:17:32.475+0000] {processor.py:914} INFO - Processing file /home/airflow/.local/lib/python3.12/site-packages/airflow/example_dags/example_complex.py for tasks to queue
[2025-03-19T00:17:32.476+0000] {logging_mixin.py:190} INFO - [2025-03-19T00:17:32.476+0000] {dagbag.py:588} INFO - Filling up the DagBag from /home/airflow/.local/lib/python3.12/site-packages/airflow/example_dags/example_complex.py
[2025-03-19T00:17:32.484+0000] {processor.py:925} INFO - DAG(s) 'example_complex' retrieved from /home/airflow/.local/lib/python3.12/site-packages/airflow/example_dags/example_complex.py
[2025-03-19T00:17:32.506+0000] {logging_mixin.py:190} INFO - [2025-03-19T00:17:32.506+0000] {dag.py:3239} INFO - Sync 1 DAGs
[2025-03-19T00:17:32.516+0000] {logging_mixin.py:190} INFO - [2025-03-19T00:17:32.515+0000] {dag.py:4180} INFO - Setting next_dagrun for example_complex to None, run_after=None
[2025-03-19T00:17:32.527+0000] {processor.py:208} INFO - Processing /home/airflow/.local/lib/python3.12/site-packages/airflow/example_dags/example_complex.py took 0.057 seconds
[2025-03-19T00:18:03.545+0000] {processor.py:186} INFO - Started process (PID=843) to work on /home/airflow/.local/lib/python3.12/site-packages/airflow/example_dags/example_complex.py
[2025-03-19T00:18:03.546+0000] {processor.py:914} INFO - Processing file /home/airflow/.local/lib/python3.12/site-packages/airflow/example_dags/example_complex.py for tasks to queue
[2025-03-19T00:18:03.547+0000] {logging_mixin.py:190} INFO - [2025-03-19T00:18:03.547+0000] {dagbag.py:588} INFO - Filling up the DagBag from /home/airflow/.local/lib/python3.12/site-packages/airflow/example_dags/example_complex.py
[2025-03-19T00:18:03.556+0000] {processor.py:925} INFO - DAG(s) 'example_complex' retrieved from /home/airflow/.local/lib/python3.12/site-packages/airflow/example_dags/example_complex.py
[2025-03-19T00:18:03.577+0000] {logging_mixin.py:190} INFO - [2025-03-19T00:18:03.577+0000] {dag.py:3239} INFO - Sync 1 DAGs
[2025-03-19T00:18:03.587+0000] {logging_mixin.py:190} INFO - [2025-03-19T00:18:03.587+0000] {dag.py:4180} INFO - Setting next_dagrun for example_complex to None, run_after=None
[2025-03-19T00:18:03.600+0000] {processor.py:208} INFO - Processing /home/airflow/.local/lib/python3.12/site-packages/airflow/example_dags/example_complex.py took 0.059 seconds
[2025-03-19T00:18:35.304+0000] {processor.py:186} INFO - Started process (PID=906) to work on /home/airflow/.local/lib/python3.12/site-packages/airflow/example_dags/example_complex.py
[2025-03-19T00:18:35.304+0000] {processor.py:914} INFO - Processing file /home/airflow/.local/lib/python3.12/site-packages/airflow/example_dags/example_complex.py for tasks to queue
[2025-03-19T00:18:35.306+0000] {logging_mixin.py:190} INFO - [2025-03-19T00:18:35.305+0000] {dagbag.py:588} INFO - Filling up the DagBag from /home/airflow/.local/lib/python3.12/site-packages/airflow/example_dags/example_complex.py
[2025-03-19T00:18:35.315+0000] {processor.py:925} INFO - DAG(s) 'example_complex' retrieved from /home/airflow/.local/lib/python3.12/site-packages/airflow/example_dags/example_complex.py
[2025-03-19T00:18:35.340+0000] {logging_mixin.py:190} INFO - [2025-03-19T00:18:35.340+0000] {dag.py:3239} INFO - Sync 1 DAGs
[2025-03-19T00:18:35.355+0000] {logging_mixin.py:190} INFO - [2025-03-19T00:18:35.354+0000] {dag.py:4180} INFO - Setting next_dagrun for example_complex to None, run_after=None
[2025-03-19T00:18:35.372+0000] {processor.py:208} INFO - Processing /home/airflow/.local/lib/python3.12/site-packages/airflow/example_dags/example_complex.py took 0.074 seconds
[2025-03-19T00:19:05.749+0000] {processor.py:186} INFO - Started process (PID=968) to work on /home/airflow/.local/lib/python3.12/site-packages/airflow/example_dags/example_complex.py
[2025-03-19T00:19:05.750+0000] {processor.py:914} INFO - Processing file /home/airflow/.local/lib/python3.12/site-packages/airflow/example_dags/example_complex.py for tasks to queue
[2025-03-19T00:19:05.751+0000] {logging_mixin.py:190} INFO - [2025-03-19T00:19:05.751+0000] {dagbag.py:588} INFO - Filling up the DagBag from /home/airflow/.local/lib/python3.12/site-packages/airflow/example_dags/example_complex.py
[2025-03-19T00:19:05.760+0000] {processor.py:925} INFO - DAG(s) 'example_complex' retrieved from /home/airflow/.local/lib/python3.12/site-packages/airflow/example_dags/example_complex.py
[2025-03-19T00:19:05.782+0000] {logging_mixin.py:190} INFO - [2025-03-19T00:19:05.782+0000] {dag.py:3239} INFO - Sync 1 DAGs
[2025-03-19T00:19:05.793+0000] {logging_mixin.py:190} INFO - [2025-03-19T00:19:05.792+0000] {dag.py:4180} INFO - Setting next_dagrun for example_complex to None, run_after=None
[2025-03-19T00:19:05.806+0000] {processor.py:208} INFO - Processing /home/airflow/.local/lib/python3.12/site-packages/airflow/example_dags/example_complex.py took 0.060 seconds
[2025-03-19T00:19:37.066+0000] {processor.py:186} INFO - Started process (PID=1031) to work on /home/airflow/.local/lib/python3.12/site-packages/airflow/example_dags/example_complex.py
[2025-03-19T00:19:37.066+0000] {processor.py:914} INFO - Processing file /home/airflow/.local/lib/python3.12/site-packages/airflow/example_dags/example_complex.py for tasks to queue
[2025-03-19T00:19:37.067+0000] {logging_mixin.py:190} INFO - [2025-03-19T00:19:37.067+0000] {dagbag.py:588} INFO - Filling up the DagBag from /home/airflow/.local/lib/python3.12/site-packages/airflow/example_dags/example_complex.py
[2025-03-19T00:19:37.075+0000] {processor.py:925} INFO - DAG(s) 'example_complex' retrieved from /home/airflow/.local/lib/python3.12/site-packages/airflow/example_dags/example_complex.py
[2025-03-19T00:19:37.097+0000] {logging_mixin.py:190} INFO - [2025-03-19T00:19:37.097+0000] {dag.py:3239} INFO - Sync 1 DAGs
[2025-03-19T00:19:37.108+0000] {logging_mixin.py:190} INFO - [2025-03-19T00:19:37.107+0000] {dag.py:4180} INFO - Setting next_dagrun for example_complex to None, run_after=None
[2025-03-19T00:19:37.120+0000] {processor.py:208} INFO - Processing /home/airflow/.local/lib/python3.12/site-packages/airflow/example_dags/example_complex.py took 0.058 seconds
[2025-03-19T00:20:08.523+0000] {processor.py:186} INFO - Started process (PID=1094) to work on /home/airflow/.local/lib/python3.12/site-packages/airflow/example_dags/example_complex.py
[2025-03-19T00:20:08.524+0000] {processor.py:914} INFO - Processing file /home/airflow/.local/lib/python3.12/site-packages/airflow/example_dags/example_complex.py for tasks to queue
[2025-03-19T00:20:08.525+0000] {logging_mixin.py:190} INFO - [2025-03-19T00:20:08.525+0000] {dagbag.py:588} INFO - Filling up the DagBag from /home/airflow/.local/lib/python3.12/site-packages/airflow/example_dags/example_complex.py
[2025-03-19T00:20:08.533+0000] {processor.py:925} INFO - DAG(s) 'example_complex' retrieved from /home/airflow/.local/lib/python3.12/site-packages/airflow/example_dags/example_complex.py
[2025-03-19T00:20:08.558+0000] {logging_mixin.py:190} INFO - [2025-03-19T00:20:08.558+0000] {dag.py:3239} INFO - Sync 1 DAGs
[2025-03-19T00:20:08.570+0000] {logging_mixin.py:190} INFO - [2025-03-19T00:20:08.569+0000] {dag.py:4180} INFO - Setting next_dagrun for example_complex to None, run_after=None
[2025-03-19T00:20:08.583+0000] {processor.py:208} INFO - Processing /home/airflow/.local/lib/python3.12/site-packages/airflow/example_dags/example_complex.py took 0.065 seconds
[2025-03-19T00:20:38.999+0000] {processor.py:186} INFO - Started process (PID=1157) to work on /home/airflow/.local/lib/python3.12/site-packages/airflow/example_dags/example_complex.py
[2025-03-19T00:20:39.000+0000] {processor.py:914} INFO - Processing file /home/airflow/.local/lib/python3.12/site-packages/airflow/example_dags/example_complex.py for tasks to queue
[2025-03-19T00:20:39.001+0000] {logging_mixin.py:190} INFO - [2025-03-19T00:20:39.001+0000] {dagbag.py:588} INFO - Filling up the DagBag from /home/airflow/.local/lib/python3.12/site-packages/airflow/example_dags/example_complex.py
[2025-03-19T00:20:39.010+0000] {processor.py:925} INFO - DAG(s) 'example_complex' retrieved from /home/airflow/.local/lib/python3.12/site-packages/airflow/example_dags/example_complex.py
[2025-03-19T00:20:39.032+0000] {logging_mixin.py:190} INFO - [2025-03-19T00:20:39.032+0000] {dag.py:3239} INFO - Sync 1 DAGs
[2025-03-19T00:20:39.042+0000] {logging_mixin.py:190} INFO - [2025-03-19T00:20:39.042+0000] {dag.py:4180} INFO - Setting next_dagrun for example_complex to None, run_after=None
[2025-03-19T00:20:39.055+0000] {processor.py:208} INFO - Processing /home/airflow/.local/lib/python3.12/site-packages/airflow/example_dags/example_complex.py took 0.059 seconds
[2025-03-19T00:21:10.333+0000] {processor.py:186} INFO - Started process (PID=1220) to work on /home/airflow/.local/lib/python3.12/site-packages/airflow/example_dags/example_complex.py
[2025-03-19T00:21:10.333+0000] {processor.py:914} INFO - Processing file /home/airflow/.local/lib/python3.12/site-packages/airflow/example_dags/example_complex.py for tasks to queue
[2025-03-19T00:21:10.334+0000] {logging_mixin.py:190} INFO - [2025-03-19T00:21:10.334+0000] {dagbag.py:588} INFO - Filling up the DagBag from /home/airflow/.local/lib/python3.12/site-packages/airflow/example_dags/example_complex.py
[2025-03-19T00:21:10.343+0000] {processor.py:925} INFO - DAG(s) 'example_complex' retrieved from /home/airflow/.local/lib/python3.12/site-packages/airflow/example_dags/example_complex.py
[2025-03-19T00:21:10.366+0000] {logging_mixin.py:190} INFO - [2025-03-19T00:21:10.366+0000] {dag.py:3239} INFO - Sync 1 DAGs
[2025-03-19T00:21:10.376+0000] {logging_mixin.py:190} INFO - [2025-03-19T00:21:10.375+0000] {dag.py:4180} INFO - Setting next_dagrun for example_complex to None, run_after=None
[2025-03-19T00:21:10.388+0000] {processor.py:208} INFO - Processing /home/airflow/.local/lib/python3.12/site-packages/airflow/example_dags/example_complex.py took 0.059 seconds
[2025-03-19T00:21:41.603+0000] {processor.py:186} INFO - Started process (PID=1283) to work on /home/airflow/.local/lib/python3.12/site-packages/airflow/example_dags/example_complex.py
[2025-03-19T00:21:41.603+0000] {processor.py:914} INFO - Processing file /home/airflow/.local/lib/python3.12/site-packages/airflow/example_dags/example_complex.py for tasks to queue
[2025-03-19T00:21:41.604+0000] {logging_mixin.py:190} INFO - [2025-03-19T00:21:41.604+0000] {dagbag.py:588} INFO - Filling up the DagBag from /home/airflow/.local/lib/python3.12/site-packages/airflow/example_dags/example_complex.py
[2025-03-19T00:21:41.612+0000] {processor.py:925} INFO - DAG(s) 'example_complex' retrieved from /home/airflow/.local/lib/python3.12/site-packages/airflow/example_dags/example_complex.py
[2025-03-19T00:21:41.634+0000] {logging_mixin.py:190} INFO - [2025-03-19T00:21:41.634+0000] {dag.py:3239} INFO - Sync 1 DAGs
[2025-03-19T00:21:41.644+0000] {logging_mixin.py:190} INFO - [2025-03-19T00:21:41.643+0000] {dag.py:4180} INFO - Setting next_dagrun for example_complex to None, run_after=None
[2025-03-19T00:21:41.655+0000] {processor.py:208} INFO - Processing /home/airflow/.local/lib/python3.12/site-packages/airflow/example_dags/example_complex.py took 0.056 seconds
[2025-03-19T00:22:12.892+0000] {processor.py:186} INFO - Started process (PID=1346) to work on /home/airflow/.local/lib/python3.12/site-packages/airflow/example_dags/example_complex.py
[2025-03-19T00:22:12.892+0000] {processor.py:914} INFO - Processing file /home/airflow/.local/lib/python3.12/site-packages/airflow/example_dags/example_complex.py for tasks to queue
[2025-03-19T00:22:12.893+0000] {logging_mixin.py:190} INFO - [2025-03-19T00:22:12.893+0000] {dagbag.py:588} INFO - Filling up the DagBag from /home/airflow/.local/lib/python3.12/site-packages/airflow/example_dags/example_complex.py
[2025-03-19T00:22:12.902+0000] {processor.py:925} INFO - DAG(s) 'example_complex' retrieved from /home/airflow/.local/lib/python3.12/site-packages/airflow/example_dags/example_complex.py
[2025-03-19T00:22:12.924+0000] {logging_mixin.py:190} INFO - [2025-03-19T00:22:12.924+0000] {dag.py:3239} INFO - Sync 1 DAGs
[2025-03-19T00:22:12.933+0000] {logging_mixin.py:190} INFO - [2025-03-19T00:22:12.933+0000] {dag.py:4180} INFO - Setting next_dagrun for example_complex to None, run_after=None
[2025-03-19T00:22:12.946+0000] {processor.py:208} INFO - Processing /home/airflow/.local/lib/python3.12/site-packages/airflow/example_dags/example_complex.py took 0.057 seconds
[2025-03-19T00:22:43.972+0000] {processor.py:186} INFO - Started process (PID=1408) to work on /home/airflow/.local/lib/python3.12/site-packages/airflow/example_dags/example_complex.py
[2025-03-19T00:22:43.973+0000] {processor.py:914} INFO - Processing file /home/airflow/.local/lib/python3.12/site-packages/airflow/example_dags/example_complex.py for tasks to queue
[2025-03-19T00:22:43.974+0000] {logging_mixin.py:190} INFO - [2025-03-19T00:22:43.974+0000] {dagbag.py:588} INFO - Filling up the DagBag from /home/airflow/.local/lib/python3.12/site-packages/airflow/example_dags/example_complex.py
[2025-03-19T00:22:43.982+0000] {processor.py:925} INFO - DAG(s) 'example_complex' retrieved from /home/airflow/.local/lib/python3.12/site-packages/airflow/example_dags/example_complex.py
[2025-03-19T00:22:44.004+0000] {logging_mixin.py:190} INFO - [2025-03-19T00:22:44.004+0000] {dag.py:3239} INFO - Sync 1 DAGs
[2025-03-19T00:22:44.014+0000] {logging_mixin.py:190} INFO - [2025-03-19T00:22:44.014+0000] {dag.py:4180} INFO - Setting next_dagrun for example_complex to None, run_after=None
[2025-03-19T00:22:44.027+0000] {processor.py:208} INFO - Processing /home/airflow/.local/lib/python3.12/site-packages/airflow/example_dags/example_complex.py took 0.058 seconds
[2025-03-19T00:23:15.148+0000] {processor.py:186} INFO - Started process (PID=1472) to work on /home/airflow/.local/lib/python3.12/site-packages/airflow/example_dags/example_complex.py
[2025-03-19T00:23:15.149+0000] {processor.py:914} INFO - Processing file /home/airflow/.local/lib/python3.12/site-packages/airflow/example_dags/example_complex.py for tasks to queue
[2025-03-19T00:23:15.150+0000] {logging_mixin.py:190} INFO - [2025-03-19T00:23:15.150+0000] {dagbag.py:588} INFO - Filling up the DagBag from /home/airflow/.local/lib/python3.12/site-packages/airflow/example_dags/example_complex.py
[2025-03-19T00:23:15.159+0000] {processor.py:925} INFO - DAG(s) 'example_complex' retrieved from /home/airflow/.local/lib/python3.12/site-packages/airflow/example_dags/example_complex.py
[2025-03-19T00:23:15.180+0000] {logging_mixin.py:190} INFO - [2025-03-19T00:23:15.180+0000] {dag.py:3239} INFO - Sync 1 DAGs
[2025-03-19T00:23:15.189+0000] {logging_mixin.py:190} INFO - [2025-03-19T00:23:15.189+0000] {dag.py:4180} INFO - Setting next_dagrun for example_complex to None, run_after=None
[2025-03-19T00:23:15.201+0000] {processor.py:208} INFO - Processing /home/airflow/.local/lib/python3.12/site-packages/airflow/example_dags/example_complex.py took 0.056 seconds
[2025-03-19T00:23:46.305+0000] {processor.py:186} INFO - Started process (PID=1535) to work on /home/airflow/.local/lib/python3.12/site-packages/airflow/example_dags/example_complex.py
[2025-03-19T00:23:46.305+0000] {processor.py:914} INFO - Processing file /home/airflow/.local/lib/python3.12/site-packages/airflow/example_dags/example_complex.py for tasks to queue
[2025-03-19T00:23:46.306+0000] {logging_mixin.py:190} INFO - [2025-03-19T00:23:46.306+0000] {dagbag.py:588} INFO - Filling up the DagBag from /home/airflow/.local/lib/python3.12/site-packages/airflow/example_dags/example_complex.py
[2025-03-19T00:23:46.314+0000] {processor.py:925} INFO - DAG(s) 'example_complex' retrieved from /home/airflow/.local/lib/python3.12/site-packages/airflow/example_dags/example_complex.py
[2025-03-19T00:23:46.336+0000] {logging_mixin.py:190} INFO - [2025-03-19T00:23:46.336+0000] {dag.py:3239} INFO - Sync 1 DAGs
[2025-03-19T00:23:46.345+0000] {logging_mixin.py:190} INFO - [2025-03-19T00:23:46.345+0000] {dag.py:4180} INFO - Setting next_dagrun for example_complex to None, run_after=None
[2025-03-19T00:23:46.361+0000] {processor.py:208} INFO - Processing /home/airflow/.local/lib/python3.12/site-packages/airflow/example_dags/example_complex.py took 0.060 seconds
[2025-03-19T00:24:17.512+0000] {processor.py:186} INFO - Started process (PID=1598) to work on /home/airflow/.local/lib/python3.12/site-packages/airflow/example_dags/example_complex.py
[2025-03-19T00:24:17.513+0000] {processor.py:914} INFO - Processing file /home/airflow/.local/lib/python3.12/site-packages/airflow/example_dags/example_complex.py for tasks to queue
[2025-03-19T00:24:17.514+0000] {logging_mixin.py:190} INFO - [2025-03-19T00:24:17.514+0000] {dagbag.py:588} INFO - Filling up the DagBag from /home/airflow/.local/lib/python3.12/site-packages/airflow/example_dags/example_complex.py
[2025-03-19T00:24:17.522+0000] {processor.py:925} INFO - DAG(s) 'example_complex' retrieved from /home/airflow/.local/lib/python3.12/site-packages/airflow/example_dags/example_complex.py
[2025-03-19T00:24:17.544+0000] {logging_mixin.py:190} INFO - [2025-03-19T00:24:17.544+0000] {dag.py:3239} INFO - Sync 1 DAGs
[2025-03-19T00:24:17.553+0000] {logging_mixin.py:190} INFO - [2025-03-19T00:24:17.553+0000] {dag.py:4180} INFO - Setting next_dagrun for example_complex to None, run_after=None
[2025-03-19T00:24:17.565+0000] {processor.py:208} INFO - Processing /home/airflow/.local/lib/python3.12/site-packages/airflow/example_dags/example_complex.py took 0.056 seconds
[2025-03-19T00:24:48.743+0000] {processor.py:186} INFO - Started process (PID=1661) to work on /home/airflow/.local/lib/python3.12/site-packages/airflow/example_dags/example_complex.py
[2025-03-19T00:24:48.743+0000] {processor.py:914} INFO - Processing file /home/airflow/.local/lib/python3.12/site-packages/airflow/example_dags/example_complex.py for tasks to queue
[2025-03-19T00:24:48.744+0000] {logging_mixin.py:190} INFO - [2025-03-19T00:24:48.744+0000] {dagbag.py:588} INFO - Filling up the DagBag from /home/airflow/.local/lib/python3.12/site-packages/airflow/example_dags/example_complex.py
[2025-03-19T00:24:48.753+0000] {processor.py:925} INFO - DAG(s) 'example_complex' retrieved from /home/airflow/.local/lib/python3.12/site-packages/airflow/example_dags/example_complex.py
[2025-03-19T00:24:48.775+0000] {logging_mixin.py:190} INFO - [2025-03-19T00:24:48.775+0000] {dag.py:3239} INFO - Sync 1 DAGs
[2025-03-19T00:24:48.785+0000] {logging_mixin.py:190} INFO - [2025-03-19T00:24:48.784+0000] {dag.py:4180} INFO - Setting next_dagrun for example_complex to None, run_after=None
[2025-03-19T00:24:48.797+0000] {processor.py:208} INFO - Processing /home/airflow/.local/lib/python3.12/site-packages/airflow/example_dags/example_complex.py took 0.058 seconds
[2025-03-19T00:25:19.816+0000] {processor.py:186} INFO - Started process (PID=1724) to work on /home/airflow/.local/lib/python3.12/site-packages/airflow/example_dags/example_complex.py
[2025-03-19T00:25:19.817+0000] {processor.py:914} INFO - Processing file /home/airflow/.local/lib/python3.12/site-packages/airflow/example_dags/example_complex.py for tasks to queue
[2025-03-19T00:25:19.818+0000] {logging_mixin.py:190} INFO - [2025-03-19T00:25:19.818+0000] {dagbag.py:588} INFO - Filling up the DagBag from /home/airflow/.local/lib/python3.12/site-packages/airflow/example_dags/example_complex.py
[2025-03-19T00:25:19.826+0000] {processor.py:925} INFO - DAG(s) 'example_complex' retrieved from /home/airflow/.local/lib/python3.12/site-packages/airflow/example_dags/example_complex.py
[2025-03-19T00:25:19.849+0000] {logging_mixin.py:190} INFO - [2025-03-19T00:25:19.848+0000] {dag.py:3239} INFO - Sync 1 DAGs
[2025-03-19T00:25:19.859+0000] {logging_mixin.py:190} INFO - [2025-03-19T00:25:19.859+0000] {dag.py:4180} INFO - Setting next_dagrun for example_complex to None, run_after=None
[2025-03-19T00:25:19.871+0000] {processor.py:208} INFO - Processing /home/airflow/.local/lib/python3.12/site-packages/airflow/example_dags/example_complex.py took 0.059 seconds
[2025-03-19T00:25:50.812+0000] {processor.py:186} INFO - Started process (PID=1787) to work on /home/airflow/.local/lib/python3.12/site-packages/airflow/example_dags/example_complex.py
[2025-03-19T00:25:50.813+0000] {processor.py:914} INFO - Processing file /home/airflow/.local/lib/python3.12/site-packages/airflow/example_dags/example_complex.py for tasks to queue
[2025-03-19T00:25:50.814+0000] {logging_mixin.py:190} INFO - [2025-03-19T00:25:50.814+0000] {dagbag.py:588} INFO - Filling up the DagBag from /home/airflow/.local/lib/python3.12/site-packages/airflow/example_dags/example_complex.py
[2025-03-19T00:25:50.822+0000] {processor.py:925} INFO - DAG(s) 'example_complex' retrieved from /home/airflow/.local/lib/python3.12/site-packages/airflow/example_dags/example_complex.py
[2025-03-19T00:25:50.844+0000] {logging_mixin.py:190} INFO - [2025-03-19T00:25:50.843+0000] {dag.py:3239} INFO - Sync 1 DAGs
[2025-03-19T00:25:50.853+0000] {logging_mixin.py:190} INFO - [2025-03-19T00:25:50.853+0000] {dag.py:4180} INFO - Setting next_dagrun for example_complex to None, run_after=None
[2025-03-19T00:25:50.865+0000] {processor.py:208} INFO - Processing /home/airflow/.local/lib/python3.12/site-packages/airflow/example_dags/example_complex.py took 0.056 seconds
[2025-03-19T00:26:21.869+0000] {processor.py:186} INFO - Started process (PID=1850) to work on /home/airflow/.local/lib/python3.12/site-packages/airflow/example_dags/example_complex.py
[2025-03-19T00:26:21.870+0000] {processor.py:914} INFO - Processing file /home/airflow/.local/lib/python3.12/site-packages/airflow/example_dags/example_complex.py for tasks to queue
[2025-03-19T00:26:21.871+0000] {logging_mixin.py:190} INFO - [2025-03-19T00:26:21.871+0000] {dagbag.py:588} INFO - Filling up the DagBag from /home/airflow/.local/lib/python3.12/site-packages/airflow/example_dags/example_complex.py
[2025-03-19T00:26:21.879+0000] {processor.py:925} INFO - DAG(s) 'example_complex' retrieved from /home/airflow/.local/lib/python3.12/site-packages/airflow/example_dags/example_complex.py
[2025-03-19T00:26:21.901+0000] {logging_mixin.py:190} INFO - [2025-03-19T00:26:21.901+0000] {dag.py:3239} INFO - Sync 1 DAGs
[2025-03-19T00:26:21.910+0000] {logging_mixin.py:190} INFO - [2025-03-19T00:26:21.910+0000] {dag.py:4180} INFO - Setting next_dagrun for example_complex to None, run_after=None
[2025-03-19T00:26:21.922+0000] {processor.py:208} INFO - Processing /home/airflow/.local/lib/python3.12/site-packages/airflow/example_dags/example_complex.py took 0.057 seconds
[2025-03-19T00:26:53.013+0000] {processor.py:186} INFO - Started process (PID=1913) to work on /home/airflow/.local/lib/python3.12/site-packages/airflow/example_dags/example_complex.py
[2025-03-19T00:26:53.013+0000] {processor.py:914} INFO - Processing file /home/airflow/.local/lib/python3.12/site-packages/airflow/example_dags/example_complex.py for tasks to queue
[2025-03-19T00:26:53.014+0000] {logging_mixin.py:190} INFO - [2025-03-19T00:26:53.014+0000] {dagbag.py:588} INFO - Filling up the DagBag from /home/airflow/.local/lib/python3.12/site-packages/airflow/example_dags/example_complex.py
[2025-03-19T00:26:53.023+0000] {processor.py:925} INFO - DAG(s) 'example_complex' retrieved from /home/airflow/.local/lib/python3.12/site-packages/airflow/example_dags/example_complex.py
[2025-03-19T00:26:53.044+0000] {logging_mixin.py:190} INFO - [2025-03-19T00:26:53.044+0000] {dag.py:3239} INFO - Sync 1 DAGs
[2025-03-19T00:26:53.053+0000] {logging_mixin.py:190} INFO - [2025-03-19T00:26:53.053+0000] {dag.py:4180} INFO - Setting next_dagrun for example_complex to None, run_after=None
[2025-03-19T00:26:53.065+0000] {processor.py:208} INFO - Processing /home/airflow/.local/lib/python3.12/site-packages/airflow/example_dags/example_complex.py took 0.056 seconds
[2025-03-19T00:27:24.267+0000] {processor.py:186} INFO - Started process (PID=1976) to work on /home/airflow/.local/lib/python3.12/site-packages/airflow/example_dags/example_complex.py
[2025-03-19T00:27:24.267+0000] {processor.py:914} INFO - Processing file /home/airflow/.local/lib/python3.12/site-packages/airflow/example_dags/example_complex.py for tasks to queue
[2025-03-19T00:27:24.269+0000] {logging_mixin.py:190} INFO - [2025-03-19T00:27:24.268+0000] {dagbag.py:588} INFO - Filling up the DagBag from /home/airflow/.local/lib/python3.12/site-packages/airflow/example_dags/example_complex.py
[2025-03-19T00:27:24.277+0000] {processor.py:925} INFO - DAG(s) 'example_complex' retrieved from /home/airflow/.local/lib/python3.12/site-packages/airflow/example_dags/example_complex.py
[2025-03-19T00:27:24.299+0000] {logging_mixin.py:190} INFO - [2025-03-19T00:27:24.299+0000] {dag.py:3239} INFO - Sync 1 DAGs
[2025-03-19T00:27:24.308+0000] {logging_mixin.py:190} INFO - [2025-03-19T00:27:24.308+0000] {dag.py:4180} INFO - Setting next_dagrun for example_complex to None, run_after=None
[2025-03-19T00:27:24.319+0000] {processor.py:208} INFO - Processing /home/airflow/.local/lib/python3.12/site-packages/airflow/example_dags/example_complex.py took 0.057 seconds
[2025-03-19T00:27:55.638+0000] {processor.py:186} INFO - Started process (PID=2045) to work on /home/airflow/.local/lib/python3.12/site-packages/airflow/example_dags/example_complex.py
[2025-03-19T00:27:55.638+0000] {processor.py:914} INFO - Processing file /home/airflow/.local/lib/python3.12/site-packages/airflow/example_dags/example_complex.py for tasks to queue
[2025-03-19T00:27:55.639+0000] {logging_mixin.py:190} INFO - [2025-03-19T00:27:55.639+0000] {dagbag.py:588} INFO - Filling up the DagBag from /home/airflow/.local/lib/python3.12/site-packages/airflow/example_dags/example_complex.py
[2025-03-19T00:27:55.648+0000] {processor.py:925} INFO - DAG(s) 'example_complex' retrieved from /home/airflow/.local/lib/python3.12/site-packages/airflow/example_dags/example_complex.py
[2025-03-19T00:27:55.669+0000] {logging_mixin.py:190} INFO - [2025-03-19T00:27:55.669+0000] {dag.py:3239} INFO - Sync 1 DAGs
[2025-03-19T00:27:55.679+0000] {logging_mixin.py:190} INFO - [2025-03-19T00:27:55.678+0000] {dag.py:4180} INFO - Setting next_dagrun for example_complex to None, run_after=None
[2025-03-19T00:27:55.690+0000] {processor.py:208} INFO - Processing /home/airflow/.local/lib/python3.12/site-packages/airflow/example_dags/example_complex.py took 0.056 seconds
[2025-03-19T00:28:26.883+0000] {processor.py:186} INFO - Started process (PID=2108) to work on /home/airflow/.local/lib/python3.12/site-packages/airflow/example_dags/example_complex.py
[2025-03-19T00:28:26.884+0000] {processor.py:914} INFO - Processing file /home/airflow/.local/lib/python3.12/site-packages/airflow/example_dags/example_complex.py for tasks to queue
[2025-03-19T00:28:26.885+0000] {logging_mixin.py:190} INFO - [2025-03-19T00:28:26.885+0000] {dagbag.py:588} INFO - Filling up the DagBag from /home/airflow/.local/lib/python3.12/site-packages/airflow/example_dags/example_complex.py
[2025-03-19T00:28:26.893+0000] {processor.py:925} INFO - DAG(s) 'example_complex' retrieved from /home/airflow/.local/lib/python3.12/site-packages/airflow/example_dags/example_complex.py
[2025-03-19T00:28:26.915+0000] {logging_mixin.py:190} INFO - [2025-03-19T00:28:26.915+0000] {dag.py:3239} INFO - Sync 1 DAGs
[2025-03-19T00:28:26.925+0000] {logging_mixin.py:190} INFO - [2025-03-19T00:28:26.924+0000] {dag.py:4180} INFO - Setting next_dagrun for example_complex to None, run_after=None
[2025-03-19T00:28:26.936+0000] {processor.py:208} INFO - Processing /home/airflow/.local/lib/python3.12/site-packages/airflow/example_dags/example_complex.py took 0.057 seconds
[2025-03-19T00:28:58.134+0000] {processor.py:186} INFO - Started process (PID=2170) to work on /home/airflow/.local/lib/python3.12/site-packages/airflow/example_dags/example_complex.py
[2025-03-19T00:28:58.135+0000] {processor.py:914} INFO - Processing file /home/airflow/.local/lib/python3.12/site-packages/airflow/example_dags/example_complex.py for tasks to queue
[2025-03-19T00:28:58.136+0000] {logging_mixin.py:190} INFO - [2025-03-19T00:28:58.136+0000] {dagbag.py:588} INFO - Filling up the DagBag from /home/airflow/.local/lib/python3.12/site-packages/airflow/example_dags/example_complex.py
[2025-03-19T00:28:58.144+0000] {processor.py:925} INFO - DAG(s) 'example_complex' retrieved from /home/airflow/.local/lib/python3.12/site-packages/airflow/example_dags/example_complex.py
[2025-03-19T00:28:58.166+0000] {logging_mixin.py:190} INFO - [2025-03-19T00:28:58.166+0000] {dag.py:3239} INFO - Sync 1 DAGs
[2025-03-19T00:28:58.175+0000] {logging_mixin.py:190} INFO - [2025-03-19T00:28:58.175+0000] {dag.py:4180} INFO - Setting next_dagrun for example_complex to None, run_after=None
[2025-03-19T00:28:58.188+0000] {processor.py:208} INFO - Processing /home/airflow/.local/lib/python3.12/site-packages/airflow/example_dags/example_complex.py took 0.058 seconds
[2025-03-19T00:29:29.227+0000] {processor.py:186} INFO - Started process (PID=2233) to work on /home/airflow/.local/lib/python3.12/site-packages/airflow/example_dags/example_complex.py
[2025-03-19T00:29:29.227+0000] {processor.py:914} INFO - Processing file /home/airflow/.local/lib/python3.12/site-packages/airflow/example_dags/example_complex.py for tasks to queue
[2025-03-19T00:29:29.228+0000] {logging_mixin.py:190} INFO - [2025-03-19T00:29:29.228+0000] {dagbag.py:588} INFO - Filling up the DagBag from /home/airflow/.local/lib/python3.12/site-packages/airflow/example_dags/example_complex.py
[2025-03-19T00:29:29.236+0000] {processor.py:925} INFO - DAG(s) 'example_complex' retrieved from /home/airflow/.local/lib/python3.12/site-packages/airflow/example_dags/example_complex.py
[2025-03-19T00:29:29.258+0000] {logging_mixin.py:190} INFO - [2025-03-19T00:29:29.258+0000] {dag.py:3239} INFO - Sync 1 DAGs
[2025-03-19T00:29:29.267+0000] {logging_mixin.py:190} INFO - [2025-03-19T00:29:29.267+0000] {dag.py:4180} INFO - Setting next_dagrun for example_complex to None, run_after=None
[2025-03-19T00:29:29.279+0000] {processor.py:208} INFO - Processing /home/airflow/.local/lib/python3.12/site-packages/airflow/example_dags/example_complex.py took 0.056 seconds
[2025-03-19T00:30:00.465+0000] {processor.py:186} INFO - Started process (PID=2296) to work on /home/airflow/.local/lib/python3.12/site-packages/airflow/example_dags/example_complex.py
[2025-03-19T00:30:00.466+0000] {processor.py:914} INFO - Processing file /home/airflow/.local/lib/python3.12/site-packages/airflow/example_dags/example_complex.py for tasks to queue
[2025-03-19T00:30:00.467+0000] {logging_mixin.py:190} INFO - [2025-03-19T00:30:00.467+0000] {dagbag.py:588} INFO - Filling up the DagBag from /home/airflow/.local/lib/python3.12/site-packages/airflow/example_dags/example_complex.py
[2025-03-19T00:30:00.475+0000] {processor.py:925} INFO - DAG(s) 'example_complex' retrieved from /home/airflow/.local/lib/python3.12/site-packages/airflow/example_dags/example_complex.py
[2025-03-19T00:30:00.497+0000] {logging_mixin.py:190} INFO - [2025-03-19T00:30:00.497+0000] {dag.py:3239} INFO - Sync 1 DAGs
[2025-03-19T00:30:00.506+0000] {logging_mixin.py:190} INFO - [2025-03-19T00:30:00.506+0000] {dag.py:4180} INFO - Setting next_dagrun for example_complex to None, run_after=None
[2025-03-19T00:30:00.518+0000] {processor.py:208} INFO - Processing /home/airflow/.local/lib/python3.12/site-packages/airflow/example_dags/example_complex.py took 0.056 seconds
[2025-03-19T00:30:31.723+0000] {processor.py:186} INFO - Started process (PID=2359) to work on /home/airflow/.local/lib/python3.12/site-packages/airflow/example_dags/example_complex.py
[2025-03-19T00:30:31.724+0000] {processor.py:914} INFO - Processing file /home/airflow/.local/lib/python3.12/site-packages/airflow/example_dags/example_complex.py for tasks to queue
[2025-03-19T00:30:31.725+0000] {logging_mixin.py:190} INFO - [2025-03-19T00:30:31.725+0000] {dagbag.py:588} INFO - Filling up the DagBag from /home/airflow/.local/lib/python3.12/site-packages/airflow/example_dags/example_complex.py
[2025-03-19T00:30:31.733+0000] {processor.py:925} INFO - DAG(s) 'example_complex' retrieved from /home/airflow/.local/lib/python3.12/site-packages/airflow/example_dags/example_complex.py
[2025-03-19T00:30:31.755+0000] {logging_mixin.py:190} INFO - [2025-03-19T00:30:31.755+0000] {dag.py:3239} INFO - Sync 1 DAGs
[2025-03-19T00:30:31.765+0000] {logging_mixin.py:190} INFO - [2025-03-19T00:30:31.765+0000] {dag.py:4180} INFO - Setting next_dagrun for example_complex to None, run_after=None
[2025-03-19T00:30:31.777+0000] {processor.py:208} INFO - Processing /home/airflow/.local/lib/python3.12/site-packages/airflow/example_dags/example_complex.py took 0.057 seconds
[2025-03-19T00:31:03.176+0000] {processor.py:186} INFO - Started process (PID=2422) to work on /home/airflow/.local/lib/python3.12/site-packages/airflow/example_dags/example_complex.py
[2025-03-19T00:31:03.176+0000] {processor.py:914} INFO - Processing file /home/airflow/.local/lib/python3.12/site-packages/airflow/example_dags/example_complex.py for tasks to queue
[2025-03-19T00:31:03.177+0000] {logging_mixin.py:190} INFO - [2025-03-19T00:31:03.177+0000] {dagbag.py:588} INFO - Filling up the DagBag from /home/airflow/.local/lib/python3.12/site-packages/airflow/example_dags/example_complex.py
[2025-03-19T00:31:03.186+0000] {processor.py:925} INFO - DAG(s) 'example_complex' retrieved from /home/airflow/.local/lib/python3.12/site-packages/airflow/example_dags/example_complex.py
[2025-03-19T00:31:03.208+0000] {logging_mixin.py:190} INFO - [2025-03-19T00:31:03.207+0000] {dag.py:3239} INFO - Sync 1 DAGs
[2025-03-19T00:31:03.217+0000] {logging_mixin.py:190} INFO - [2025-03-19T00:31:03.217+0000] {dag.py:4180} INFO - Setting next_dagrun for example_complex to None, run_after=None
[2025-03-19T00:31:03.229+0000] {processor.py:208} INFO - Processing /home/airflow/.local/lib/python3.12/site-packages/airflow/example_dags/example_complex.py took 0.057 seconds
[2025-03-19T00:31:33.784+0000] {processor.py:186} INFO - Started process (PID=2485) to work on /home/airflow/.local/lib/python3.12/site-packages/airflow/example_dags/example_complex.py
[2025-03-19T00:31:33.784+0000] {processor.py:914} INFO - Processing file /home/airflow/.local/lib/python3.12/site-packages/airflow/example_dags/example_complex.py for tasks to queue
[2025-03-19T00:31:33.786+0000] {logging_mixin.py:190} INFO - [2025-03-19T00:31:33.785+0000] {dagbag.py:588} INFO - Filling up the DagBag from /home/airflow/.local/lib/python3.12/site-packages/airflow/example_dags/example_complex.py
[2025-03-19T00:31:33.794+0000] {processor.py:925} INFO - DAG(s) 'example_complex' retrieved from /home/airflow/.local/lib/python3.12/site-packages/airflow/example_dags/example_complex.py
[2025-03-19T00:31:33.824+0000] {logging_mixin.py:190} INFO - [2025-03-19T00:31:33.823+0000] {dag.py:3239} INFO - Sync 1 DAGs
[2025-03-19T00:31:33.838+0000] {logging_mixin.py:190} INFO - [2025-03-19T00:31:33.838+0000] {dag.py:4180} INFO - Setting next_dagrun for example_complex to None, run_after=None
[2025-03-19T00:31:33.852+0000] {processor.py:208} INFO - Processing /home/airflow/.local/lib/python3.12/site-packages/airflow/example_dags/example_complex.py took 0.072 seconds
[2025-03-19T00:32:05.364+0000] {processor.py:186} INFO - Started process (PID=2550) to work on /home/airflow/.local/lib/python3.12/site-packages/airflow/example_dags/example_complex.py
[2025-03-19T00:32:05.364+0000] {processor.py:914} INFO - Processing file /home/airflow/.local/lib/python3.12/site-packages/airflow/example_dags/example_complex.py for tasks to queue
[2025-03-19T00:32:05.366+0000] {logging_mixin.py:190} INFO - [2025-03-19T00:32:05.366+0000] {dagbag.py:588} INFO - Filling up the DagBag from /home/airflow/.local/lib/python3.12/site-packages/airflow/example_dags/example_complex.py
[2025-03-19T00:32:05.374+0000] {processor.py:925} INFO - DAG(s) 'example_complex' retrieved from /home/airflow/.local/lib/python3.12/site-packages/airflow/example_dags/example_complex.py
[2025-03-19T00:32:05.400+0000] {logging_mixin.py:190} INFO - [2025-03-19T00:32:05.399+0000] {dag.py:3239} INFO - Sync 1 DAGs
[2025-03-19T00:32:05.412+0000] {logging_mixin.py:190} INFO - [2025-03-19T00:32:05.412+0000] {dag.py:4180} INFO - Setting next_dagrun for example_complex to None, run_after=None
[2025-03-19T00:32:05.427+0000] {processor.py:208} INFO - Processing /home/airflow/.local/lib/python3.12/site-packages/airflow/example_dags/example_complex.py took 0.069 seconds
[2025-03-19T00:32:36.577+0000] {processor.py:186} INFO - Started process (PID=2613) to work on /home/airflow/.local/lib/python3.12/site-packages/airflow/example_dags/example_complex.py
[2025-03-19T00:32:36.577+0000] {processor.py:914} INFO - Processing file /home/airflow/.local/lib/python3.12/site-packages/airflow/example_dags/example_complex.py for tasks to queue
[2025-03-19T00:32:36.578+0000] {logging_mixin.py:190} INFO - [2025-03-19T00:32:36.578+0000] {dagbag.py:588} INFO - Filling up the DagBag from /home/airflow/.local/lib/python3.12/site-packages/airflow/example_dags/example_complex.py
[2025-03-19T00:32:36.587+0000] {processor.py:925} INFO - DAG(s) 'example_complex' retrieved from /home/airflow/.local/lib/python3.12/site-packages/airflow/example_dags/example_complex.py
[2025-03-19T00:32:36.610+0000] {logging_mixin.py:190} INFO - [2025-03-19T00:32:36.610+0000] {dag.py:3239} INFO - Sync 1 DAGs
[2025-03-19T00:32:36.620+0000] {logging_mixin.py:190} INFO - [2025-03-19T00:32:36.620+0000] {dag.py:4180} INFO - Setting next_dagrun for example_complex to None, run_after=None
[2025-03-19T00:32:36.632+0000] {processor.py:208} INFO - Processing /home/airflow/.local/lib/python3.12/site-packages/airflow/example_dags/example_complex.py took 0.059 seconds
[2025-03-19T00:33:07.422+0000] {processor.py:186} INFO - Started process (PID=2676) to work on /home/airflow/.local/lib/python3.12/site-packages/airflow/example_dags/example_complex.py
[2025-03-19T00:33:07.423+0000] {processor.py:914} INFO - Processing file /home/airflow/.local/lib/python3.12/site-packages/airflow/example_dags/example_complex.py for tasks to queue
[2025-03-19T00:33:07.425+0000] {logging_mixin.py:190} INFO - [2025-03-19T00:33:07.425+0000] {dagbag.py:588} INFO - Filling up the DagBag from /home/airflow/.local/lib/python3.12/site-packages/airflow/example_dags/example_complex.py
[2025-03-19T00:33:07.433+0000] {processor.py:925} INFO - DAG(s) 'example_complex' retrieved from /home/airflow/.local/lib/python3.12/site-packages/airflow/example_dags/example_complex.py
[2025-03-19T00:33:07.460+0000] {logging_mixin.py:190} INFO - [2025-03-19T00:33:07.460+0000] {dag.py:3239} INFO - Sync 1 DAGs
[2025-03-19T00:33:07.473+0000] {logging_mixin.py:190} INFO - [2025-03-19T00:33:07.473+0000] {dag.py:4180} INFO - Setting next_dagrun for example_complex to None, run_after=None
[2025-03-19T00:33:07.487+0000] {processor.py:208} INFO - Processing /home/airflow/.local/lib/python3.12/site-packages/airflow/example_dags/example_complex.py took 0.069 seconds
[2025-03-19T00:33:37.606+0000] {processor.py:186} INFO - Started process (PID=2738) to work on /home/airflow/.local/lib/python3.12/site-packages/airflow/example_dags/example_complex.py
[2025-03-19T00:33:37.606+0000] {processor.py:914} INFO - Processing file /home/airflow/.local/lib/python3.12/site-packages/airflow/example_dags/example_complex.py for tasks to queue
[2025-03-19T00:33:37.607+0000] {logging_mixin.py:190} INFO - [2025-03-19T00:33:37.607+0000] {dagbag.py:588} INFO - Filling up the DagBag from /home/airflow/.local/lib/python3.12/site-packages/airflow/example_dags/example_complex.py
[2025-03-19T00:33:37.616+0000] {processor.py:925} INFO - DAG(s) 'example_complex' retrieved from /home/airflow/.local/lib/python3.12/site-packages/airflow/example_dags/example_complex.py
[2025-03-19T00:33:37.638+0000] {logging_mixin.py:190} INFO - [2025-03-19T00:33:37.638+0000] {dag.py:3239} INFO - Sync 1 DAGs
[2025-03-19T00:33:37.648+0000] {logging_mixin.py:190} INFO - [2025-03-19T00:33:37.648+0000] {dag.py:4180} INFO - Setting next_dagrun for example_complex to None, run_after=None
[2025-03-19T00:33:37.660+0000] {processor.py:208} INFO - Processing /home/airflow/.local/lib/python3.12/site-packages/airflow/example_dags/example_complex.py took 0.058 seconds
[2025-03-19T00:34:08.292+0000] {processor.py:186} INFO - Started process (PID=2800) to work on /home/airflow/.local/lib/python3.12/site-packages/airflow/example_dags/example_complex.py
[2025-03-19T00:34:08.293+0000] {processor.py:914} INFO - Processing file /home/airflow/.local/lib/python3.12/site-packages/airflow/example_dags/example_complex.py for tasks to queue
[2025-03-19T00:34:08.294+0000] {logging_mixin.py:190} INFO - [2025-03-19T00:34:08.294+0000] {dagbag.py:588} INFO - Filling up the DagBag from /home/airflow/.local/lib/python3.12/site-packages/airflow/example_dags/example_complex.py
[2025-03-19T00:34:08.304+0000] {processor.py:925} INFO - DAG(s) 'example_complex' retrieved from /home/airflow/.local/lib/python3.12/site-packages/airflow/example_dags/example_complex.py
[2025-03-19T00:34:08.327+0000] {logging_mixin.py:190} INFO - [2025-03-19T00:34:08.327+0000] {dag.py:3239} INFO - Sync 1 DAGs
[2025-03-19T00:34:08.339+0000] {logging_mixin.py:190} INFO - [2025-03-19T00:34:08.338+0000] {dag.py:4180} INFO - Setting next_dagrun for example_complex to None, run_after=None
[2025-03-19T00:34:08.354+0000] {processor.py:208} INFO - Processing /home/airflow/.local/lib/python3.12/site-packages/airflow/example_dags/example_complex.py took 0.066 seconds
[2025-03-19T00:34:39.121+0000] {processor.py:186} INFO - Started process (PID=2863) to work on /home/airflow/.local/lib/python3.12/site-packages/airflow/example_dags/example_complex.py
[2025-03-19T00:34:39.122+0000] {processor.py:914} INFO - Processing file /home/airflow/.local/lib/python3.12/site-packages/airflow/example_dags/example_complex.py for tasks to queue
[2025-03-19T00:34:39.124+0000] {logging_mixin.py:190} INFO - [2025-03-19T00:34:39.124+0000] {dagbag.py:588} INFO - Filling up the DagBag from /home/airflow/.local/lib/python3.12/site-packages/airflow/example_dags/example_complex.py
[2025-03-19T00:34:39.134+0000] {processor.py:925} INFO - DAG(s) 'example_complex' retrieved from /home/airflow/.local/lib/python3.12/site-packages/airflow/example_dags/example_complex.py
[2025-03-19T00:34:39.161+0000] {logging_mixin.py:190} INFO - [2025-03-19T00:34:39.160+0000] {dag.py:3239} INFO - Sync 1 DAGs
[2025-03-19T00:34:39.172+0000] {logging_mixin.py:190} INFO - [2025-03-19T00:34:39.172+0000] {dag.py:4180} INFO - Setting next_dagrun for example_complex to None, run_after=None
[2025-03-19T00:34:39.187+0000] {processor.py:208} INFO - Processing /home/airflow/.local/lib/python3.12/site-packages/airflow/example_dags/example_complex.py took 0.070 seconds
[2025-03-19T00:35:09.659+0000] {processor.py:186} INFO - Started process (PID=2927) to work on /home/airflow/.local/lib/python3.12/site-packages/airflow/example_dags/example_complex.py
[2025-03-19T00:35:09.660+0000] {processor.py:914} INFO - Processing file /home/airflow/.local/lib/python3.12/site-packages/airflow/example_dags/example_complex.py for tasks to queue
[2025-03-19T00:35:09.661+0000] {logging_mixin.py:190} INFO - [2025-03-19T00:35:09.661+0000] {dagbag.py:588} INFO - Filling up the DagBag from /home/airflow/.local/lib/python3.12/site-packages/airflow/example_dags/example_complex.py
[2025-03-19T00:35:09.670+0000] {processor.py:925} INFO - DAG(s) 'example_complex' retrieved from /home/airflow/.local/lib/python3.12/site-packages/airflow/example_dags/example_complex.py
[2025-03-19T00:35:09.692+0000] {logging_mixin.py:190} INFO - [2025-03-19T00:35:09.692+0000] {dag.py:3239} INFO - Sync 1 DAGs
[2025-03-19T00:35:09.702+0000] {logging_mixin.py:190} INFO - [2025-03-19T00:35:09.702+0000] {dag.py:4180} INFO - Setting next_dagrun for example_complex to None, run_after=None
[2025-03-19T00:35:09.714+0000] {processor.py:208} INFO - Processing /home/airflow/.local/lib/python3.12/site-packages/airflow/example_dags/example_complex.py took 0.059 seconds
[2025-03-19T00:35:40.235+0000] {processor.py:186} INFO - Started process (PID=2990) to work on /home/airflow/.local/lib/python3.12/site-packages/airflow/example_dags/example_complex.py
[2025-03-19T00:35:40.235+0000] {processor.py:914} INFO - Processing file /home/airflow/.local/lib/python3.12/site-packages/airflow/example_dags/example_complex.py for tasks to queue
[2025-03-19T00:35:40.237+0000] {logging_mixin.py:190} INFO - [2025-03-19T00:35:40.237+0000] {dagbag.py:588} INFO - Filling up the DagBag from /home/airflow/.local/lib/python3.12/site-packages/airflow/example_dags/example_complex.py
[2025-03-19T00:35:40.246+0000] {processor.py:925} INFO - DAG(s) 'example_complex' retrieved from /home/airflow/.local/lib/python3.12/site-packages/airflow/example_dags/example_complex.py
[2025-03-19T00:35:40.270+0000] {logging_mixin.py:190} INFO - [2025-03-19T00:35:40.269+0000] {dag.py:3239} INFO - Sync 1 DAGs
[2025-03-19T00:35:40.280+0000] {logging_mixin.py:190} INFO - [2025-03-19T00:35:40.280+0000] {dag.py:4180} INFO - Setting next_dagrun for example_complex to None, run_after=None
[2025-03-19T00:35:40.294+0000] {processor.py:208} INFO - Processing /home/airflow/.local/lib/python3.12/site-packages/airflow/example_dags/example_complex.py took 0.063 seconds
[2025-03-19T00:36:10.741+0000] {processor.py:186} INFO - Started process (PID=3053) to work on /home/airflow/.local/lib/python3.12/site-packages/airflow/example_dags/example_complex.py
[2025-03-19T00:36:10.741+0000] {processor.py:914} INFO - Processing file /home/airflow/.local/lib/python3.12/site-packages/airflow/example_dags/example_complex.py for tasks to queue
[2025-03-19T00:36:10.742+0000] {logging_mixin.py:190} INFO - [2025-03-19T00:36:10.742+0000] {dagbag.py:588} INFO - Filling up the DagBag from /home/airflow/.local/lib/python3.12/site-packages/airflow/example_dags/example_complex.py
[2025-03-19T00:36:10.751+0000] {processor.py:925} INFO - DAG(s) 'example_complex' retrieved from /home/airflow/.local/lib/python3.12/site-packages/airflow/example_dags/example_complex.py
[2025-03-19T00:36:10.773+0000] {logging_mixin.py:190} INFO - [2025-03-19T00:36:10.773+0000] {dag.py:3239} INFO - Sync 1 DAGs
[2025-03-19T00:36:10.784+0000] {logging_mixin.py:190} INFO - [2025-03-19T00:36:10.784+0000] {dag.py:4180} INFO - Setting next_dagrun for example_complex to None, run_after=None
[2025-03-19T00:36:10.798+0000] {processor.py:208} INFO - Processing /home/airflow/.local/lib/python3.12/site-packages/airflow/example_dags/example_complex.py took 0.060 seconds
[2025-03-19T00:36:41.899+0000] {processor.py:186} INFO - Started process (PID=3116) to work on /home/airflow/.local/lib/python3.12/site-packages/airflow/example_dags/example_complex.py
[2025-03-19T00:36:41.899+0000] {processor.py:914} INFO - Processing file /home/airflow/.local/lib/python3.12/site-packages/airflow/example_dags/example_complex.py for tasks to queue
[2025-03-19T00:36:41.901+0000] {logging_mixin.py:190} INFO - [2025-03-19T00:36:41.900+0000] {dagbag.py:588} INFO - Filling up the DagBag from /home/airflow/.local/lib/python3.12/site-packages/airflow/example_dags/example_complex.py
[2025-03-19T00:36:41.910+0000] {processor.py:925} INFO - DAG(s) 'example_complex' retrieved from /home/airflow/.local/lib/python3.12/site-packages/airflow/example_dags/example_complex.py
[2025-03-19T00:36:41.933+0000] {logging_mixin.py:190} INFO - [2025-03-19T00:36:41.933+0000] {dag.py:3239} INFO - Sync 1 DAGs
[2025-03-19T00:36:41.944+0000] {logging_mixin.py:190} INFO - [2025-03-19T00:36:41.944+0000] {dag.py:4180} INFO - Setting next_dagrun for example_complex to None, run_after=None
[2025-03-19T00:36:41.957+0000] {processor.py:208} INFO - Processing /home/airflow/.local/lib/python3.12/site-packages/airflow/example_dags/example_complex.py took 0.062 seconds
[2025-03-19T00:37:12.698+0000] {processor.py:186} INFO - Started process (PID=3182) to work on /home/airflow/.local/lib/python3.12/site-packages/airflow/example_dags/example_complex.py
[2025-03-19T00:37:12.699+0000] {processor.py:914} INFO - Processing file /home/airflow/.local/lib/python3.12/site-packages/airflow/example_dags/example_complex.py for tasks to queue
[2025-03-19T00:37:12.700+0000] {logging_mixin.py:190} INFO - [2025-03-19T00:37:12.700+0000] {dagbag.py:588} INFO - Filling up the DagBag from /home/airflow/.local/lib/python3.12/site-packages/airflow/example_dags/example_complex.py
[2025-03-19T00:37:12.711+0000] {processor.py:925} INFO - DAG(s) 'example_complex' retrieved from /home/airflow/.local/lib/python3.12/site-packages/airflow/example_dags/example_complex.py
[2025-03-19T00:37:12.737+0000] {logging_mixin.py:190} INFO - [2025-03-19T00:37:12.737+0000] {dag.py:3239} INFO - Sync 1 DAGs
[2025-03-19T00:37:12.749+0000] {logging_mixin.py:190} INFO - [2025-03-19T00:37:12.749+0000] {dag.py:4180} INFO - Setting next_dagrun for example_complex to None, run_after=None
[2025-03-19T00:37:12.764+0000] {processor.py:208} INFO - Processing /home/airflow/.local/lib/python3.12/site-packages/airflow/example_dags/example_complex.py took 0.070 seconds
[2025-03-19T00:37:43.534+0000] {processor.py:186} INFO - Started process (PID=3246) to work on /home/airflow/.local/lib/python3.12/site-packages/airflow/example_dags/example_complex.py
[2025-03-19T00:37:43.534+0000] {processor.py:914} INFO - Processing file /home/airflow/.local/lib/python3.12/site-packages/airflow/example_dags/example_complex.py for tasks to queue
[2025-03-19T00:37:43.536+0000] {logging_mixin.py:190} INFO - [2025-03-19T00:37:43.535+0000] {dagbag.py:588} INFO - Filling up the DagBag from /home/airflow/.local/lib/python3.12/site-packages/airflow/example_dags/example_complex.py
[2025-03-19T00:37:43.544+0000] {processor.py:925} INFO - DAG(s) 'example_complex' retrieved from /home/airflow/.local/lib/python3.12/site-packages/airflow/example_dags/example_complex.py
[2025-03-19T00:37:43.580+0000] {logging_mixin.py:190} INFO - [2025-03-19T00:37:43.579+0000] {dag.py:3239} INFO - Sync 1 DAGs
[2025-03-19T00:37:43.595+0000] {logging_mixin.py:190} INFO - [2025-03-19T00:37:43.595+0000] {dag.py:4180} INFO - Setting next_dagrun for example_complex to None, run_after=None
[2025-03-19T00:37:43.610+0000] {processor.py:208} INFO - Processing /home/airflow/.local/lib/python3.12/site-packages/airflow/example_dags/example_complex.py took 0.080 seconds
[2025-03-19T00:38:14.654+0000] {processor.py:186} INFO - Started process (PID=3310) to work on /home/airflow/.local/lib/python3.12/site-packages/airflow/example_dags/example_complex.py
[2025-03-19T00:38:14.654+0000] {processor.py:914} INFO - Processing file /home/airflow/.local/lib/python3.12/site-packages/airflow/example_dags/example_complex.py for tasks to queue
[2025-03-19T00:38:14.656+0000] {logging_mixin.py:190} INFO - [2025-03-19T00:38:14.655+0000] {dagbag.py:588} INFO - Filling up the DagBag from /home/airflow/.local/lib/python3.12/site-packages/airflow/example_dags/example_complex.py
[2025-03-19T00:38:14.664+0000] {processor.py:925} INFO - DAG(s) 'example_complex' retrieved from /home/airflow/.local/lib/python3.12/site-packages/airflow/example_dags/example_complex.py
[2025-03-19T00:38:14.686+0000] {logging_mixin.py:190} INFO - [2025-03-19T00:38:14.686+0000] {dag.py:3239} INFO - Sync 1 DAGs
[2025-03-19T00:38:14.696+0000] {logging_mixin.py:190} INFO - [2025-03-19T00:38:14.696+0000] {dag.py:4180} INFO - Setting next_dagrun for example_complex to None, run_after=None
[2025-03-19T00:38:14.709+0000] {processor.py:208} INFO - Processing /home/airflow/.local/lib/python3.12/site-packages/airflow/example_dags/example_complex.py took 0.059 seconds
[2025-03-19T00:38:45.894+0000] {processor.py:186} INFO - Started process (PID=3374) to work on /home/airflow/.local/lib/python3.12/site-packages/airflow/example_dags/example_complex.py
[2025-03-19T00:38:45.894+0000] {processor.py:914} INFO - Processing file /home/airflow/.local/lib/python3.12/site-packages/airflow/example_dags/example_complex.py for tasks to queue
[2025-03-19T00:38:45.895+0000] {logging_mixin.py:190} INFO - [2025-03-19T00:38:45.895+0000] {dagbag.py:588} INFO - Filling up the DagBag from /home/airflow/.local/lib/python3.12/site-packages/airflow/example_dags/example_complex.py
[2025-03-19T00:38:45.909+0000] {processor.py:925} INFO - DAG(s) 'example_complex' retrieved from /home/airflow/.local/lib/python3.12/site-packages/airflow/example_dags/example_complex.py
[2025-03-19T00:38:45.932+0000] {logging_mixin.py:190} INFO - [2025-03-19T00:38:45.932+0000] {dag.py:3239} INFO - Sync 1 DAGs
[2025-03-19T00:38:45.941+0000] {logging_mixin.py:190} INFO - [2025-03-19T00:38:45.941+0000] {dag.py:4180} INFO - Setting next_dagrun for example_complex to None, run_after=None
[2025-03-19T00:38:45.955+0000] {processor.py:208} INFO - Processing /home/airflow/.local/lib/python3.12/site-packages/airflow/example_dags/example_complex.py took 0.064 seconds
[2025-03-19T00:39:16.592+0000] {processor.py:186} INFO - Started process (PID=3438) to work on /home/airflow/.local/lib/python3.12/site-packages/airflow/example_dags/example_complex.py
[2025-03-19T00:39:16.593+0000] {processor.py:914} INFO - Processing file /home/airflow/.local/lib/python3.12/site-packages/airflow/example_dags/example_complex.py for tasks to queue
[2025-03-19T00:39:16.594+0000] {logging_mixin.py:190} INFO - [2025-03-19T00:39:16.594+0000] {dagbag.py:588} INFO - Filling up the DagBag from /home/airflow/.local/lib/python3.12/site-packages/airflow/example_dags/example_complex.py
[2025-03-19T00:39:16.602+0000] {processor.py:925} INFO - DAG(s) 'example_complex' retrieved from /home/airflow/.local/lib/python3.12/site-packages/airflow/example_dags/example_complex.py
[2025-03-19T00:39:16.626+0000] {logging_mixin.py:190} INFO - [2025-03-19T00:39:16.626+0000] {dag.py:3239} INFO - Sync 1 DAGs
[2025-03-19T00:39:16.637+0000] {logging_mixin.py:190} INFO - [2025-03-19T00:39:16.637+0000] {dag.py:4180} INFO - Setting next_dagrun for example_complex to None, run_after=None
[2025-03-19T00:39:16.648+0000] {processor.py:208} INFO - Processing /home/airflow/.local/lib/python3.12/site-packages/airflow/example_dags/example_complex.py took 0.060 seconds
[2025-03-19T00:39:47.728+0000] {processor.py:186} INFO - Started process (PID=3502) to work on /home/airflow/.local/lib/python3.12/site-packages/airflow/example_dags/example_complex.py
[2025-03-19T00:39:47.729+0000] {processor.py:914} INFO - Processing file /home/airflow/.local/lib/python3.12/site-packages/airflow/example_dags/example_complex.py for tasks to queue
[2025-03-19T00:39:47.730+0000] {logging_mixin.py:190} INFO - [2025-03-19T00:39:47.730+0000] {dagbag.py:588} INFO - Filling up the DagBag from /home/airflow/.local/lib/python3.12/site-packages/airflow/example_dags/example_complex.py
[2025-03-19T00:39:47.739+0000] {processor.py:925} INFO - DAG(s) 'example_complex' retrieved from /home/airflow/.local/lib/python3.12/site-packages/airflow/example_dags/example_complex.py
[2025-03-19T00:39:47.762+0000] {logging_mixin.py:190} INFO - [2025-03-19T00:39:47.762+0000] {dag.py:3239} INFO - Sync 1 DAGs
[2025-03-19T00:39:47.773+0000] {logging_mixin.py:190} INFO - [2025-03-19T00:39:47.773+0000] {dag.py:4180} INFO - Setting next_dagrun for example_complex to None, run_after=None
[2025-03-19T00:39:47.787+0000] {processor.py:208} INFO - Processing /home/airflow/.local/lib/python3.12/site-packages/airflow/example_dags/example_complex.py took 0.063 seconds
[2025-03-19T00:40:18.926+0000] {processor.py:186} INFO - Started process (PID=3566) to work on /home/airflow/.local/lib/python3.12/site-packages/airflow/example_dags/example_complex.py
[2025-03-19T00:40:18.927+0000] {processor.py:914} INFO - Processing file /home/airflow/.local/lib/python3.12/site-packages/airflow/example_dags/example_complex.py for tasks to queue
[2025-03-19T00:40:18.929+0000] {logging_mixin.py:190} INFO - [2025-03-19T00:40:18.929+0000] {dagbag.py:588} INFO - Filling up the DagBag from /home/airflow/.local/lib/python3.12/site-packages/airflow/example_dags/example_complex.py
[2025-03-19T00:40:18.938+0000] {processor.py:925} INFO - DAG(s) 'example_complex' retrieved from /home/airflow/.local/lib/python3.12/site-packages/airflow/example_dags/example_complex.py
[2025-03-19T00:40:18.962+0000] {logging_mixin.py:190} INFO - [2025-03-19T00:40:18.962+0000] {dag.py:3239} INFO - Sync 1 DAGs
[2025-03-19T00:40:18.973+0000] {logging_mixin.py:190} INFO - [2025-03-19T00:40:18.973+0000] {dag.py:4180} INFO - Setting next_dagrun for example_complex to None, run_after=None
[2025-03-19T00:40:19.095+0000] {processor.py:208} INFO - Processing /home/airflow/.local/lib/python3.12/site-packages/airflow/example_dags/example_complex.py took 0.173 seconds
[2025-03-19T00:41:17.822+0000] {processor.py:186} INFO - Started process (PID=90) to work on /home/airflow/.local/lib/python3.12/site-packages/airflow/example_dags/example_complex.py
[2025-03-19T00:41:17.822+0000] {processor.py:914} INFO - Processing file /home/airflow/.local/lib/python3.12/site-packages/airflow/example_dags/example_complex.py for tasks to queue
[2025-03-19T00:41:17.824+0000] {logging_mixin.py:190} INFO - [2025-03-19T00:41:17.823+0000] {dagbag.py:588} INFO - Filling up the DagBag from /home/airflow/.local/lib/python3.12/site-packages/airflow/example_dags/example_complex.py
[2025-03-19T00:41:17.834+0000] {processor.py:925} INFO - DAG(s) 'example_complex' retrieved from /home/airflow/.local/lib/python3.12/site-packages/airflow/example_dags/example_complex.py
[2025-03-19T00:41:17.858+0000] {logging_mixin.py:190} INFO - [2025-03-19T00:41:17.858+0000] {dag.py:3239} INFO - Sync 1 DAGs
[2025-03-19T00:41:17.868+0000] {logging_mixin.py:190} INFO - [2025-03-19T00:41:17.868+0000] {dag.py:4180} INFO - Setting next_dagrun for example_complex to None, run_after=None
[2025-03-19T00:41:17.881+0000] {processor.py:208} INFO - Processing /home/airflow/.local/lib/python3.12/site-packages/airflow/example_dags/example_complex.py took 0.063 seconds
[2025-03-19T00:41:48.335+0000] {processor.py:186} INFO - Started process (PID=153) to work on /home/airflow/.local/lib/python3.12/site-packages/airflow/example_dags/example_complex.py
[2025-03-19T00:41:48.335+0000] {processor.py:914} INFO - Processing file /home/airflow/.local/lib/python3.12/site-packages/airflow/example_dags/example_complex.py for tasks to queue
[2025-03-19T00:41:48.337+0000] {logging_mixin.py:190} INFO - [2025-03-19T00:41:48.336+0000] {dagbag.py:588} INFO - Filling up the DagBag from /home/airflow/.local/lib/python3.12/site-packages/airflow/example_dags/example_complex.py
[2025-03-19T00:41:48.345+0000] {processor.py:925} INFO - DAG(s) 'example_complex' retrieved from /home/airflow/.local/lib/python3.12/site-packages/airflow/example_dags/example_complex.py
[2025-03-19T00:41:48.369+0000] {logging_mixin.py:190} INFO - [2025-03-19T00:41:48.369+0000] {dag.py:3239} INFO - Sync 1 DAGs
[2025-03-19T00:41:48.379+0000] {logging_mixin.py:190} INFO - [2025-03-19T00:41:48.379+0000] {dag.py:4180} INFO - Setting next_dagrun for example_complex to None, run_after=None
[2025-03-19T00:41:48.394+0000] {processor.py:208} INFO - Processing /home/airflow/.local/lib/python3.12/site-packages/airflow/example_dags/example_complex.py took 0.064 seconds
[2025-03-19T00:42:19.740+0000] {processor.py:186} INFO - Started process (PID=218) to work on /home/airflow/.local/lib/python3.12/site-packages/airflow/example_dags/example_complex.py
[2025-03-19T00:42:19.740+0000] {processor.py:914} INFO - Processing file /home/airflow/.local/lib/python3.12/site-packages/airflow/example_dags/example_complex.py for tasks to queue
[2025-03-19T00:42:19.741+0000] {logging_mixin.py:190} INFO - [2025-03-19T00:42:19.741+0000] {dagbag.py:588} INFO - Filling up the DagBag from /home/airflow/.local/lib/python3.12/site-packages/airflow/example_dags/example_complex.py
[2025-03-19T00:42:19.750+0000] {processor.py:925} INFO - DAG(s) 'example_complex' retrieved from /home/airflow/.local/lib/python3.12/site-packages/airflow/example_dags/example_complex.py
[2025-03-19T00:42:19.774+0000] {logging_mixin.py:190} INFO - [2025-03-19T00:42:19.773+0000] {dag.py:3239} INFO - Sync 1 DAGs
[2025-03-19T00:42:19.784+0000] {logging_mixin.py:190} INFO - [2025-03-19T00:42:19.784+0000] {dag.py:4180} INFO - Setting next_dagrun for example_complex to None, run_after=None
[2025-03-19T00:42:19.798+0000] {processor.py:208} INFO - Processing /home/airflow/.local/lib/python3.12/site-packages/airflow/example_dags/example_complex.py took 0.061 seconds
[2025-03-19T00:42:51.546+0000] {processor.py:186} INFO - Started process (PID=282) to work on /home/airflow/.local/lib/python3.12/site-packages/airflow/example_dags/example_complex.py
[2025-03-19T00:42:51.547+0000] {processor.py:914} INFO - Processing file /home/airflow/.local/lib/python3.12/site-packages/airflow/example_dags/example_complex.py for tasks to queue
[2025-03-19T00:42:51.549+0000] {logging_mixin.py:190} INFO - [2025-03-19T00:42:51.548+0000] {dagbag.py:588} INFO - Filling up the DagBag from /home/airflow/.local/lib/python3.12/site-packages/airflow/example_dags/example_complex.py
[2025-03-19T00:42:51.557+0000] {processor.py:925} INFO - DAG(s) 'example_complex' retrieved from /home/airflow/.local/lib/python3.12/site-packages/airflow/example_dags/example_complex.py
[2025-03-19T00:42:51.582+0000] {logging_mixin.py:190} INFO - [2025-03-19T00:42:51.582+0000] {dag.py:3239} INFO - Sync 1 DAGs
[2025-03-19T00:42:51.592+0000] {logging_mixin.py:190} INFO - [2025-03-19T00:42:51.592+0000] {dag.py:4180} INFO - Setting next_dagrun for example_complex to None, run_after=None
[2025-03-19T00:42:51.606+0000] {processor.py:208} INFO - Processing /home/airflow/.local/lib/python3.12/site-packages/airflow/example_dags/example_complex.py took 0.064 seconds
[2025-03-19T00:43:21.848+0000] {processor.py:186} INFO - Started process (PID=346) to work on /home/airflow/.local/lib/python3.12/site-packages/airflow/example_dags/example_complex.py
[2025-03-19T00:43:21.849+0000] {processor.py:914} INFO - Processing file /home/airflow/.local/lib/python3.12/site-packages/airflow/example_dags/example_complex.py for tasks to queue
[2025-03-19T00:43:21.850+0000] {logging_mixin.py:190} INFO - [2025-03-19T00:43:21.850+0000] {dagbag.py:588} INFO - Filling up the DagBag from /home/airflow/.local/lib/python3.12/site-packages/airflow/example_dags/example_complex.py
[2025-03-19T00:43:21.858+0000] {processor.py:925} INFO - DAG(s) 'example_complex' retrieved from /home/airflow/.local/lib/python3.12/site-packages/airflow/example_dags/example_complex.py
[2025-03-19T00:43:21.880+0000] {logging_mixin.py:190} INFO - [2025-03-19T00:43:21.880+0000] {dag.py:3239} INFO - Sync 1 DAGs
[2025-03-19T00:43:21.890+0000] {logging_mixin.py:190} INFO - [2025-03-19T00:43:21.890+0000] {dag.py:4180} INFO - Setting next_dagrun for example_complex to None, run_after=None
[2025-03-19T00:43:21.902+0000] {processor.py:208} INFO - Processing /home/airflow/.local/lib/python3.12/site-packages/airflow/example_dags/example_complex.py took 0.057 seconds
[2025-03-19T00:43:52.391+0000] {processor.py:186} INFO - Started process (PID=410) to work on /home/airflow/.local/lib/python3.12/site-packages/airflow/example_dags/example_complex.py
[2025-03-19T00:43:52.392+0000] {processor.py:914} INFO - Processing file /home/airflow/.local/lib/python3.12/site-packages/airflow/example_dags/example_complex.py for tasks to queue
[2025-03-19T00:43:52.393+0000] {logging_mixin.py:190} INFO - [2025-03-19T00:43:52.393+0000] {dagbag.py:588} INFO - Filling up the DagBag from /home/airflow/.local/lib/python3.12/site-packages/airflow/example_dags/example_complex.py
[2025-03-19T00:43:52.403+0000] {processor.py:925} INFO - DAG(s) 'example_complex' retrieved from /home/airflow/.local/lib/python3.12/site-packages/airflow/example_dags/example_complex.py
[2025-03-19T00:43:52.428+0000] {logging_mixin.py:190} INFO - [2025-03-19T00:43:52.427+0000] {dag.py:3239} INFO - Sync 1 DAGs
[2025-03-19T00:43:52.438+0000] {logging_mixin.py:190} INFO - [2025-03-19T00:43:52.438+0000] {dag.py:4180} INFO - Setting next_dagrun for example_complex to None, run_after=None
[2025-03-19T00:43:52.453+0000] {processor.py:208} INFO - Processing /home/airflow/.local/lib/python3.12/site-packages/airflow/example_dags/example_complex.py took 0.066 seconds
