[2025-03-19T00:11:55.929+0000] {processor.py:186} INFO - Started process (PID=114) to work on /home/airflow/.local/lib/python3.12/site-packages/airflow/example_dags/tutorial.py
[2025-03-19T00:11:55.929+0000] {processor.py:914} INFO - Processing file /home/airflow/.local/lib/python3.12/site-packages/airflow/example_dags/tutorial.py for tasks to queue
[2025-03-19T00:11:55.930+0000] {logging_mixin.py:190} INFO - [2025-03-19T00:11:55.930+0000] {dagbag.py:588} INFO - Filling up the DagBag from /home/airflow/.local/lib/python3.12/site-packages/airflow/example_dags/tutorial.py
[2025-03-19T00:11:55.936+0000] {processor.py:925} INFO - DAG(s) 'tutorial' retrieved from /home/airflow/.local/lib/python3.12/site-packages/airflow/example_dags/tutorial.py
[2025-03-19T00:11:55.949+0000] {logging_mixin.py:190} INFO - [2025-03-19T00:11:55.949+0000] {dag.py:3239} INFO - Sync 1 DAGs
[2025-03-19T00:11:55.965+0000] {logging_mixin.py:190} INFO - [2025-03-19T00:11:55.964+0000] {dag.py:4180} INFO - Setting next_dagrun for tutorial to 2025-03-18 00:00:00+00:00, run_after=2025-03-19 00:00:00+00:00
[2025-03-19T00:11:55.977+0000] {processor.py:208} INFO - Processing /home/airflow/.local/lib/python3.12/site-packages/airflow/example_dags/tutorial.py took 0.052 seconds
[2025-03-19T00:12:27.028+0000] {processor.py:186} INFO - Started process (PID=177) to work on /home/airflow/.local/lib/python3.12/site-packages/airflow/example_dags/tutorial.py
[2025-03-19T00:12:27.028+0000] {processor.py:914} INFO - Processing file /home/airflow/.local/lib/python3.12/site-packages/airflow/example_dags/tutorial.py for tasks to queue
[2025-03-19T00:12:27.029+0000] {logging_mixin.py:190} INFO - [2025-03-19T00:12:27.029+0000] {dagbag.py:588} INFO - Filling up the DagBag from /home/airflow/.local/lib/python3.12/site-packages/airflow/example_dags/tutorial.py
[2025-03-19T00:12:27.034+0000] {processor.py:925} INFO - DAG(s) 'tutorial' retrieved from /home/airflow/.local/lib/python3.12/site-packages/airflow/example_dags/tutorial.py
[2025-03-19T00:12:27.047+0000] {logging_mixin.py:190} INFO - [2025-03-19T00:12:27.046+0000] {dag.py:3239} INFO - Sync 1 DAGs
[2025-03-19T00:12:27.062+0000] {logging_mixin.py:190} INFO - [2025-03-19T00:12:27.062+0000] {dag.py:4180} INFO - Setting next_dagrun for tutorial to 2025-03-18 00:00:00+00:00, run_after=2025-03-19 00:00:00+00:00
[2025-03-19T00:12:27.074+0000] {processor.py:208} INFO - Processing /home/airflow/.local/lib/python3.12/site-packages/airflow/example_dags/tutorial.py took 0.049 seconds
[2025-03-19T00:12:58.072+0000] {processor.py:186} INFO - Started process (PID=240) to work on /home/airflow/.local/lib/python3.12/site-packages/airflow/example_dags/tutorial.py
[2025-03-19T00:12:58.073+0000] {processor.py:914} INFO - Processing file /home/airflow/.local/lib/python3.12/site-packages/airflow/example_dags/tutorial.py for tasks to queue
[2025-03-19T00:12:58.074+0000] {logging_mixin.py:190} INFO - [2025-03-19T00:12:58.074+0000] {dagbag.py:588} INFO - Filling up the DagBag from /home/airflow/.local/lib/python3.12/site-packages/airflow/example_dags/tutorial.py
[2025-03-19T00:12:58.079+0000] {processor.py:925} INFO - DAG(s) 'tutorial' retrieved from /home/airflow/.local/lib/python3.12/site-packages/airflow/example_dags/tutorial.py
[2025-03-19T00:12:58.091+0000] {logging_mixin.py:190} INFO - [2025-03-19T00:12:58.091+0000] {dag.py:3239} INFO - Sync 1 DAGs
[2025-03-19T00:12:58.107+0000] {logging_mixin.py:190} INFO - [2025-03-19T00:12:58.107+0000] {dag.py:4180} INFO - Setting next_dagrun for tutorial to 2025-03-18 00:00:00+00:00, run_after=2025-03-19 00:00:00+00:00
[2025-03-19T00:12:58.119+0000] {processor.py:208} INFO - Processing /home/airflow/.local/lib/python3.12/site-packages/airflow/example_dags/tutorial.py took 0.051 seconds
[2025-03-19T00:13:29.269+0000] {processor.py:186} INFO - Started process (PID=303) to work on /home/airflow/.local/lib/python3.12/site-packages/airflow/example_dags/tutorial.py
[2025-03-19T00:13:29.270+0000] {processor.py:914} INFO - Processing file /home/airflow/.local/lib/python3.12/site-packages/airflow/example_dags/tutorial.py for tasks to queue
[2025-03-19T00:13:29.271+0000] {logging_mixin.py:190} INFO - [2025-03-19T00:13:29.271+0000] {dagbag.py:588} INFO - Filling up the DagBag from /home/airflow/.local/lib/python3.12/site-packages/airflow/example_dags/tutorial.py
[2025-03-19T00:13:29.276+0000] {processor.py:925} INFO - DAG(s) 'tutorial' retrieved from /home/airflow/.local/lib/python3.12/site-packages/airflow/example_dags/tutorial.py
[2025-03-19T00:13:29.288+0000] {logging_mixin.py:190} INFO - [2025-03-19T00:13:29.288+0000] {dag.py:3239} INFO - Sync 1 DAGs
[2025-03-19T00:13:29.305+0000] {logging_mixin.py:190} INFO - [2025-03-19T00:13:29.304+0000] {dag.py:4180} INFO - Setting next_dagrun for tutorial to 2025-03-18 00:00:00+00:00, run_after=2025-03-19 00:00:00+00:00
[2025-03-19T00:13:29.318+0000] {processor.py:208} INFO - Processing /home/airflow/.local/lib/python3.12/site-packages/airflow/example_dags/tutorial.py took 0.052 seconds
[2025-03-19T00:14:00.178+0000] {processor.py:186} INFO - Started process (PID=366) to work on /home/airflow/.local/lib/python3.12/site-packages/airflow/example_dags/tutorial.py
[2025-03-19T00:14:00.179+0000] {processor.py:914} INFO - Processing file /home/airflow/.local/lib/python3.12/site-packages/airflow/example_dags/tutorial.py for tasks to queue
[2025-03-19T00:14:00.180+0000] {logging_mixin.py:190} INFO - [2025-03-19T00:14:00.180+0000] {dagbag.py:588} INFO - Filling up the DagBag from /home/airflow/.local/lib/python3.12/site-packages/airflow/example_dags/tutorial.py
[2025-03-19T00:14:00.185+0000] {processor.py:925} INFO - DAG(s) 'tutorial' retrieved from /home/airflow/.local/lib/python3.12/site-packages/airflow/example_dags/tutorial.py
[2025-03-19T00:14:00.200+0000] {logging_mixin.py:190} INFO - [2025-03-19T00:14:00.200+0000] {dag.py:3239} INFO - Sync 1 DAGs
[2025-03-19T00:14:00.218+0000] {logging_mixin.py:190} INFO - [2025-03-19T00:14:00.218+0000] {dag.py:4180} INFO - Setting next_dagrun for tutorial to 2025-03-18 00:00:00+00:00, run_after=2025-03-19 00:00:00+00:00
[2025-03-19T00:14:00.232+0000] {processor.py:208} INFO - Processing /home/airflow/.local/lib/python3.12/site-packages/airflow/example_dags/tutorial.py took 0.059 seconds
[2025-03-19T00:14:30.740+0000] {processor.py:186} INFO - Started process (PID=429) to work on /home/airflow/.local/lib/python3.12/site-packages/airflow/example_dags/tutorial.py
[2025-03-19T00:14:30.740+0000] {processor.py:914} INFO - Processing file /home/airflow/.local/lib/python3.12/site-packages/airflow/example_dags/tutorial.py for tasks to queue
[2025-03-19T00:14:30.742+0000] {logging_mixin.py:190} INFO - [2025-03-19T00:14:30.741+0000] {dagbag.py:588} INFO - Filling up the DagBag from /home/airflow/.local/lib/python3.12/site-packages/airflow/example_dags/tutorial.py
[2025-03-19T00:14:30.746+0000] {processor.py:925} INFO - DAG(s) 'tutorial' retrieved from /home/airflow/.local/lib/python3.12/site-packages/airflow/example_dags/tutorial.py
[2025-03-19T00:14:30.759+0000] {logging_mixin.py:190} INFO - [2025-03-19T00:14:30.759+0000] {dag.py:3239} INFO - Sync 1 DAGs
[2025-03-19T00:14:30.776+0000] {logging_mixin.py:190} INFO - [2025-03-19T00:14:30.776+0000] {dag.py:4180} INFO - Setting next_dagrun for tutorial to 2025-03-18 00:00:00+00:00, run_after=2025-03-19 00:00:00+00:00
[2025-03-19T00:14:30.788+0000] {processor.py:208} INFO - Processing /home/airflow/.local/lib/python3.12/site-packages/airflow/example_dags/tutorial.py took 0.052 seconds
[2025-03-19T00:15:01.387+0000] {processor.py:186} INFO - Started process (PID=492) to work on /home/airflow/.local/lib/python3.12/site-packages/airflow/example_dags/tutorial.py
[2025-03-19T00:15:01.387+0000] {processor.py:914} INFO - Processing file /home/airflow/.local/lib/python3.12/site-packages/airflow/example_dags/tutorial.py for tasks to queue
[2025-03-19T00:15:01.389+0000] {logging_mixin.py:190} INFO - [2025-03-19T00:15:01.388+0000] {dagbag.py:588} INFO - Filling up the DagBag from /home/airflow/.local/lib/python3.12/site-packages/airflow/example_dags/tutorial.py
[2025-03-19T00:15:01.395+0000] {processor.py:925} INFO - DAG(s) 'tutorial' retrieved from /home/airflow/.local/lib/python3.12/site-packages/airflow/example_dags/tutorial.py
[2025-03-19T00:15:01.411+0000] {logging_mixin.py:190} INFO - [2025-03-19T00:15:01.411+0000] {dag.py:3239} INFO - Sync 1 DAGs
[2025-03-19T00:15:01.428+0000] {logging_mixin.py:190} INFO - [2025-03-19T00:15:01.428+0000] {dag.py:4180} INFO - Setting next_dagrun for tutorial to 2025-03-18 00:00:00+00:00, run_after=2025-03-19 00:00:00+00:00
[2025-03-19T00:15:01.443+0000] {processor.py:208} INFO - Processing /home/airflow/.local/lib/python3.12/site-packages/airflow/example_dags/tutorial.py took 0.061 seconds
[2025-03-19T00:15:31.967+0000] {processor.py:186} INFO - Started process (PID=555) to work on /home/airflow/.local/lib/python3.12/site-packages/airflow/example_dags/tutorial.py
[2025-03-19T00:15:31.967+0000] {processor.py:914} INFO - Processing file /home/airflow/.local/lib/python3.12/site-packages/airflow/example_dags/tutorial.py for tasks to queue
[2025-03-19T00:15:31.969+0000] {logging_mixin.py:190} INFO - [2025-03-19T00:15:31.968+0000] {dagbag.py:588} INFO - Filling up the DagBag from /home/airflow/.local/lib/python3.12/site-packages/airflow/example_dags/tutorial.py
[2025-03-19T00:15:31.973+0000] {processor.py:925} INFO - DAG(s) 'tutorial' retrieved from /home/airflow/.local/lib/python3.12/site-packages/airflow/example_dags/tutorial.py
[2025-03-19T00:15:31.987+0000] {logging_mixin.py:190} INFO - [2025-03-19T00:15:31.987+0000] {dag.py:3239} INFO - Sync 1 DAGs
[2025-03-19T00:15:32.004+0000] {logging_mixin.py:190} INFO - [2025-03-19T00:15:32.004+0000] {dag.py:4180} INFO - Setting next_dagrun for tutorial to 2025-03-18 00:00:00+00:00, run_after=2025-03-19 00:00:00+00:00
[2025-03-19T00:15:32.018+0000] {processor.py:208} INFO - Processing /home/airflow/.local/lib/python3.12/site-packages/airflow/example_dags/tutorial.py took 0.055 seconds
[2025-03-19T00:16:02.593+0000] {processor.py:186} INFO - Started process (PID=618) to work on /home/airflow/.local/lib/python3.12/site-packages/airflow/example_dags/tutorial.py
[2025-03-19T00:16:02.593+0000] {processor.py:914} INFO - Processing file /home/airflow/.local/lib/python3.12/site-packages/airflow/example_dags/tutorial.py for tasks to queue
[2025-03-19T00:16:02.595+0000] {logging_mixin.py:190} INFO - [2025-03-19T00:16:02.594+0000] {dagbag.py:588} INFO - Filling up the DagBag from /home/airflow/.local/lib/python3.12/site-packages/airflow/example_dags/tutorial.py
[2025-03-19T00:16:02.601+0000] {processor.py:925} INFO - DAG(s) 'tutorial' retrieved from /home/airflow/.local/lib/python3.12/site-packages/airflow/example_dags/tutorial.py
[2025-03-19T00:16:02.615+0000] {logging_mixin.py:190} INFO - [2025-03-19T00:16:02.615+0000] {dag.py:3239} INFO - Sync 1 DAGs
[2025-03-19T00:16:02.635+0000] {logging_mixin.py:190} INFO - [2025-03-19T00:16:02.635+0000] {dag.py:4180} INFO - Setting next_dagrun for tutorial to 2025-03-18 00:00:00+00:00, run_after=2025-03-19 00:00:00+00:00
[2025-03-19T00:16:02.648+0000] {processor.py:208} INFO - Processing /home/airflow/.local/lib/python3.12/site-packages/airflow/example_dags/tutorial.py took 0.059 seconds
[2025-03-19T00:16:33.158+0000] {processor.py:186} INFO - Started process (PID=681) to work on /home/airflow/.local/lib/python3.12/site-packages/airflow/example_dags/tutorial.py
[2025-03-19T00:16:33.159+0000] {processor.py:914} INFO - Processing file /home/airflow/.local/lib/python3.12/site-packages/airflow/example_dags/tutorial.py for tasks to queue
[2025-03-19T00:16:33.160+0000] {logging_mixin.py:190} INFO - [2025-03-19T00:16:33.160+0000] {dagbag.py:588} INFO - Filling up the DagBag from /home/airflow/.local/lib/python3.12/site-packages/airflow/example_dags/tutorial.py
[2025-03-19T00:16:33.165+0000] {processor.py:925} INFO - DAG(s) 'tutorial' retrieved from /home/airflow/.local/lib/python3.12/site-packages/airflow/example_dags/tutorial.py
[2025-03-19T00:16:33.178+0000] {logging_mixin.py:190} INFO - [2025-03-19T00:16:33.178+0000] {dag.py:3239} INFO - Sync 1 DAGs
[2025-03-19T00:16:33.195+0000] {logging_mixin.py:190} INFO - [2025-03-19T00:16:33.195+0000] {dag.py:4180} INFO - Setting next_dagrun for tutorial to 2025-03-18 00:00:00+00:00, run_after=2025-03-19 00:00:00+00:00
[2025-03-19T00:16:33.206+0000] {processor.py:208} INFO - Processing /home/airflow/.local/lib/python3.12/site-packages/airflow/example_dags/tutorial.py took 0.052 seconds
[2025-03-19T00:17:03.708+0000] {processor.py:186} INFO - Started process (PID=744) to work on /home/airflow/.local/lib/python3.12/site-packages/airflow/example_dags/tutorial.py
[2025-03-19T00:17:03.708+0000] {processor.py:914} INFO - Processing file /home/airflow/.local/lib/python3.12/site-packages/airflow/example_dags/tutorial.py for tasks to queue
[2025-03-19T00:17:03.709+0000] {logging_mixin.py:190} INFO - [2025-03-19T00:17:03.709+0000] {dagbag.py:588} INFO - Filling up the DagBag from /home/airflow/.local/lib/python3.12/site-packages/airflow/example_dags/tutorial.py
[2025-03-19T00:17:03.714+0000] {processor.py:925} INFO - DAG(s) 'tutorial' retrieved from /home/airflow/.local/lib/python3.12/site-packages/airflow/example_dags/tutorial.py
[2025-03-19T00:17:03.727+0000] {logging_mixin.py:190} INFO - [2025-03-19T00:17:03.726+0000] {dag.py:3239} INFO - Sync 1 DAGs
[2025-03-19T00:17:03.742+0000] {logging_mixin.py:190} INFO - [2025-03-19T00:17:03.742+0000] {dag.py:4180} INFO - Setting next_dagrun for tutorial to 2025-03-18 00:00:00+00:00, run_after=2025-03-19 00:00:00+00:00
[2025-03-19T00:17:03.755+0000] {processor.py:208} INFO - Processing /home/airflow/.local/lib/python3.12/site-packages/airflow/example_dags/tutorial.py took 0.050 seconds
[2025-03-19T00:17:35.006+0000] {processor.py:186} INFO - Started process (PID=807) to work on /home/airflow/.local/lib/python3.12/site-packages/airflow/example_dags/tutorial.py
[2025-03-19T00:17:35.006+0000] {processor.py:914} INFO - Processing file /home/airflow/.local/lib/python3.12/site-packages/airflow/example_dags/tutorial.py for tasks to queue
[2025-03-19T00:17:35.007+0000] {logging_mixin.py:190} INFO - [2025-03-19T00:17:35.007+0000] {dagbag.py:588} INFO - Filling up the DagBag from /home/airflow/.local/lib/python3.12/site-packages/airflow/example_dags/tutorial.py
[2025-03-19T00:17:35.012+0000] {processor.py:925} INFO - DAG(s) 'tutorial' retrieved from /home/airflow/.local/lib/python3.12/site-packages/airflow/example_dags/tutorial.py
[2025-03-19T00:17:35.025+0000] {logging_mixin.py:190} INFO - [2025-03-19T00:17:35.024+0000] {dag.py:3239} INFO - Sync 1 DAGs
[2025-03-19T00:17:35.040+0000] {logging_mixin.py:190} INFO - [2025-03-19T00:17:35.040+0000] {dag.py:4180} INFO - Setting next_dagrun for tutorial to 2025-03-18 00:00:00+00:00, run_after=2025-03-19 00:00:00+00:00
[2025-03-19T00:17:35.052+0000] {processor.py:208} INFO - Processing /home/airflow/.local/lib/python3.12/site-packages/airflow/example_dags/tutorial.py took 0.050 seconds
[2025-03-19T00:18:06.388+0000] {processor.py:186} INFO - Started process (PID=870) to work on /home/airflow/.local/lib/python3.12/site-packages/airflow/example_dags/tutorial.py
[2025-03-19T00:18:06.389+0000] {processor.py:914} INFO - Processing file /home/airflow/.local/lib/python3.12/site-packages/airflow/example_dags/tutorial.py for tasks to queue
[2025-03-19T00:18:06.390+0000] {logging_mixin.py:190} INFO - [2025-03-19T00:18:06.390+0000] {dagbag.py:588} INFO - Filling up the DagBag from /home/airflow/.local/lib/python3.12/site-packages/airflow/example_dags/tutorial.py
[2025-03-19T00:18:06.396+0000] {processor.py:925} INFO - DAG(s) 'tutorial' retrieved from /home/airflow/.local/lib/python3.12/site-packages/airflow/example_dags/tutorial.py
[2025-03-19T00:18:06.408+0000] {logging_mixin.py:190} INFO - [2025-03-19T00:18:06.408+0000] {dag.py:3239} INFO - Sync 1 DAGs
[2025-03-19T00:18:06.423+0000] {logging_mixin.py:190} INFO - [2025-03-19T00:18:06.423+0000] {dag.py:4180} INFO - Setting next_dagrun for tutorial to 2025-03-18 00:00:00+00:00, run_after=2025-03-19 00:00:00+00:00
[2025-03-19T00:18:06.435+0000] {processor.py:208} INFO - Processing /home/airflow/.local/lib/python3.12/site-packages/airflow/example_dags/tutorial.py took 0.051 seconds
[2025-03-19T00:18:37.118+0000] {processor.py:186} INFO - Started process (PID=933) to work on /home/airflow/.local/lib/python3.12/site-packages/airflow/example_dags/tutorial.py
[2025-03-19T00:18:37.118+0000] {processor.py:914} INFO - Processing file /home/airflow/.local/lib/python3.12/site-packages/airflow/example_dags/tutorial.py for tasks to queue
[2025-03-19T00:18:37.119+0000] {logging_mixin.py:190} INFO - [2025-03-19T00:18:37.119+0000] {dagbag.py:588} INFO - Filling up the DagBag from /home/airflow/.local/lib/python3.12/site-packages/airflow/example_dags/tutorial.py
[2025-03-19T00:18:37.124+0000] {processor.py:925} INFO - DAG(s) 'tutorial' retrieved from /home/airflow/.local/lib/python3.12/site-packages/airflow/example_dags/tutorial.py
[2025-03-19T00:18:37.139+0000] {logging_mixin.py:190} INFO - [2025-03-19T00:18:37.139+0000] {dag.py:3239} INFO - Sync 1 DAGs
[2025-03-19T00:18:37.160+0000] {logging_mixin.py:190} INFO - [2025-03-19T00:18:37.159+0000] {dag.py:4180} INFO - Setting next_dagrun for tutorial to 2025-03-18 00:00:00+00:00, run_after=2025-03-19 00:00:00+00:00
[2025-03-19T00:18:37.176+0000] {processor.py:208} INFO - Processing /home/airflow/.local/lib/python3.12/site-packages/airflow/example_dags/tutorial.py took 0.063 seconds
[2025-03-19T00:19:08.530+0000] {processor.py:186} INFO - Started process (PID=995) to work on /home/airflow/.local/lib/python3.12/site-packages/airflow/example_dags/tutorial.py
[2025-03-19T00:19:08.530+0000] {processor.py:914} INFO - Processing file /home/airflow/.local/lib/python3.12/site-packages/airflow/example_dags/tutorial.py for tasks to queue
[2025-03-19T00:19:08.532+0000] {logging_mixin.py:190} INFO - [2025-03-19T00:19:08.531+0000] {dagbag.py:588} INFO - Filling up the DagBag from /home/airflow/.local/lib/python3.12/site-packages/airflow/example_dags/tutorial.py
[2025-03-19T00:19:08.536+0000] {processor.py:925} INFO - DAG(s) 'tutorial' retrieved from /home/airflow/.local/lib/python3.12/site-packages/airflow/example_dags/tutorial.py
[2025-03-19T00:19:08.549+0000] {logging_mixin.py:190} INFO - [2025-03-19T00:19:08.549+0000] {dag.py:3239} INFO - Sync 1 DAGs
[2025-03-19T00:19:08.564+0000] {logging_mixin.py:190} INFO - [2025-03-19T00:19:08.564+0000] {dag.py:4180} INFO - Setting next_dagrun for tutorial to 2025-03-18 00:00:00+00:00, run_after=2025-03-19 00:00:00+00:00
[2025-03-19T00:19:08.575+0000] {processor.py:208} INFO - Processing /home/airflow/.local/lib/python3.12/site-packages/airflow/example_dags/tutorial.py took 0.049 seconds
[2025-03-19T00:19:39.684+0000] {processor.py:186} INFO - Started process (PID=1058) to work on /home/airflow/.local/lib/python3.12/site-packages/airflow/example_dags/tutorial.py
[2025-03-19T00:19:39.684+0000] {processor.py:914} INFO - Processing file /home/airflow/.local/lib/python3.12/site-packages/airflow/example_dags/tutorial.py for tasks to queue
[2025-03-19T00:19:39.686+0000] {logging_mixin.py:190} INFO - [2025-03-19T00:19:39.685+0000] {dagbag.py:588} INFO - Filling up the DagBag from /home/airflow/.local/lib/python3.12/site-packages/airflow/example_dags/tutorial.py
[2025-03-19T00:19:39.690+0000] {processor.py:925} INFO - DAG(s) 'tutorial' retrieved from /home/airflow/.local/lib/python3.12/site-packages/airflow/example_dags/tutorial.py
[2025-03-19T00:19:39.703+0000] {logging_mixin.py:190} INFO - [2025-03-19T00:19:39.702+0000] {dag.py:3239} INFO - Sync 1 DAGs
[2025-03-19T00:19:39.718+0000] {logging_mixin.py:190} INFO - [2025-03-19T00:19:39.718+0000] {dag.py:4180} INFO - Setting next_dagrun for tutorial to 2025-03-18 00:00:00+00:00, run_after=2025-03-19 00:00:00+00:00
[2025-03-19T00:19:39.731+0000] {processor.py:208} INFO - Processing /home/airflow/.local/lib/python3.12/site-packages/airflow/example_dags/tutorial.py took 0.050 seconds
[2025-03-19T00:20:10.395+0000] {processor.py:186} INFO - Started process (PID=1121) to work on /home/airflow/.local/lib/python3.12/site-packages/airflow/example_dags/tutorial.py
[2025-03-19T00:20:10.396+0000] {processor.py:914} INFO - Processing file /home/airflow/.local/lib/python3.12/site-packages/airflow/example_dags/tutorial.py for tasks to queue
[2025-03-19T00:20:10.397+0000] {logging_mixin.py:190} INFO - [2025-03-19T00:20:10.397+0000] {dagbag.py:588} INFO - Filling up the DagBag from /home/airflow/.local/lib/python3.12/site-packages/airflow/example_dags/tutorial.py
[2025-03-19T00:20:10.405+0000] {processor.py:925} INFO - DAG(s) 'tutorial' retrieved from /home/airflow/.local/lib/python3.12/site-packages/airflow/example_dags/tutorial.py
[2025-03-19T00:20:10.420+0000] {logging_mixin.py:190} INFO - [2025-03-19T00:20:10.420+0000] {dag.py:3239} INFO - Sync 1 DAGs
[2025-03-19T00:20:10.439+0000] {logging_mixin.py:190} INFO - [2025-03-19T00:20:10.439+0000] {dag.py:4180} INFO - Setting next_dagrun for tutorial to 2025-03-18 00:00:00+00:00, run_after=2025-03-19 00:00:00+00:00
[2025-03-19T00:20:10.455+0000] {processor.py:208} INFO - Processing /home/airflow/.local/lib/python3.12/site-packages/airflow/example_dags/tutorial.py took 0.064 seconds
[2025-03-19T00:20:41.752+0000] {processor.py:186} INFO - Started process (PID=1184) to work on /home/airflow/.local/lib/python3.12/site-packages/airflow/example_dags/tutorial.py
[2025-03-19T00:20:41.753+0000] {processor.py:914} INFO - Processing file /home/airflow/.local/lib/python3.12/site-packages/airflow/example_dags/tutorial.py for tasks to queue
[2025-03-19T00:20:41.755+0000] {logging_mixin.py:190} INFO - [2025-03-19T00:20:41.754+0000] {dagbag.py:588} INFO - Filling up the DagBag from /home/airflow/.local/lib/python3.12/site-packages/airflow/example_dags/tutorial.py
[2025-03-19T00:20:41.761+0000] {processor.py:925} INFO - DAG(s) 'tutorial' retrieved from /home/airflow/.local/lib/python3.12/site-packages/airflow/example_dags/tutorial.py
[2025-03-19T00:20:41.774+0000] {logging_mixin.py:190} INFO - [2025-03-19T00:20:41.774+0000] {dag.py:3239} INFO - Sync 1 DAGs
[2025-03-19T00:20:41.790+0000] {logging_mixin.py:190} INFO - [2025-03-19T00:20:41.790+0000] {dag.py:4180} INFO - Setting next_dagrun for tutorial to 2025-03-18 00:00:00+00:00, run_after=2025-03-19 00:00:00+00:00
[2025-03-19T00:20:41.802+0000] {processor.py:208} INFO - Processing /home/airflow/.local/lib/python3.12/site-packages/airflow/example_dags/tutorial.py took 0.054 seconds
[2025-03-19T00:21:13.026+0000] {processor.py:186} INFO - Started process (PID=1247) to work on /home/airflow/.local/lib/python3.12/site-packages/airflow/example_dags/tutorial.py
[2025-03-19T00:21:13.026+0000] {processor.py:914} INFO - Processing file /home/airflow/.local/lib/python3.12/site-packages/airflow/example_dags/tutorial.py for tasks to queue
[2025-03-19T00:21:13.027+0000] {logging_mixin.py:190} INFO - [2025-03-19T00:21:13.027+0000] {dagbag.py:588} INFO - Filling up the DagBag from /home/airflow/.local/lib/python3.12/site-packages/airflow/example_dags/tutorial.py
[2025-03-19T00:21:13.032+0000] {processor.py:925} INFO - DAG(s) 'tutorial' retrieved from /home/airflow/.local/lib/python3.12/site-packages/airflow/example_dags/tutorial.py
[2025-03-19T00:21:13.045+0000] {logging_mixin.py:190} INFO - [2025-03-19T00:21:13.044+0000] {dag.py:3239} INFO - Sync 1 DAGs
[2025-03-19T00:21:13.060+0000] {logging_mixin.py:190} INFO - [2025-03-19T00:21:13.060+0000] {dag.py:4180} INFO - Setting next_dagrun for tutorial to 2025-03-18 00:00:00+00:00, run_after=2025-03-19 00:00:00+00:00
[2025-03-19T00:21:13.072+0000] {processor.py:208} INFO - Processing /home/airflow/.local/lib/python3.12/site-packages/airflow/example_dags/tutorial.py took 0.050 seconds
[2025-03-19T00:21:44.333+0000] {processor.py:186} INFO - Started process (PID=1310) to work on /home/airflow/.local/lib/python3.12/site-packages/airflow/example_dags/tutorial.py
[2025-03-19T00:21:44.334+0000] {processor.py:914} INFO - Processing file /home/airflow/.local/lib/python3.12/site-packages/airflow/example_dags/tutorial.py for tasks to queue
[2025-03-19T00:21:44.335+0000] {logging_mixin.py:190} INFO - [2025-03-19T00:21:44.335+0000] {dagbag.py:588} INFO - Filling up the DagBag from /home/airflow/.local/lib/python3.12/site-packages/airflow/example_dags/tutorial.py
[2025-03-19T00:21:44.340+0000] {processor.py:925} INFO - DAG(s) 'tutorial' retrieved from /home/airflow/.local/lib/python3.12/site-packages/airflow/example_dags/tutorial.py
[2025-03-19T00:21:44.353+0000] {logging_mixin.py:190} INFO - [2025-03-19T00:21:44.353+0000] {dag.py:3239} INFO - Sync 1 DAGs
[2025-03-19T00:21:44.369+0000] {logging_mixin.py:190} INFO - [2025-03-19T00:21:44.369+0000] {dag.py:4180} INFO - Setting next_dagrun for tutorial to 2025-03-18 00:00:00+00:00, run_after=2025-03-19 00:00:00+00:00
[2025-03-19T00:21:44.380+0000] {processor.py:208} INFO - Processing /home/airflow/.local/lib/python3.12/site-packages/airflow/example_dags/tutorial.py took 0.050 seconds
[2025-03-19T00:22:15.514+0000] {processor.py:186} INFO - Started process (PID=1373) to work on /home/airflow/.local/lib/python3.12/site-packages/airflow/example_dags/tutorial.py
[2025-03-19T00:22:15.515+0000] {processor.py:914} INFO - Processing file /home/airflow/.local/lib/python3.12/site-packages/airflow/example_dags/tutorial.py for tasks to queue
[2025-03-19T00:22:15.516+0000] {logging_mixin.py:190} INFO - [2025-03-19T00:22:15.516+0000] {dagbag.py:588} INFO - Filling up the DagBag from /home/airflow/.local/lib/python3.12/site-packages/airflow/example_dags/tutorial.py
[2025-03-19T00:22:15.521+0000] {processor.py:925} INFO - DAG(s) 'tutorial' retrieved from /home/airflow/.local/lib/python3.12/site-packages/airflow/example_dags/tutorial.py
[2025-03-19T00:22:15.533+0000] {logging_mixin.py:190} INFO - [2025-03-19T00:22:15.533+0000] {dag.py:3239} INFO - Sync 1 DAGs
[2025-03-19T00:22:15.549+0000] {logging_mixin.py:190} INFO - [2025-03-19T00:22:15.549+0000] {dag.py:4180} INFO - Setting next_dagrun for tutorial to 2025-03-18 00:00:00+00:00, run_after=2025-03-19 00:00:00+00:00
[2025-03-19T00:22:15.561+0000] {processor.py:208} INFO - Processing /home/airflow/.local/lib/python3.12/site-packages/airflow/example_dags/tutorial.py took 0.050 seconds
[2025-03-19T00:22:46.675+0000] {processor.py:186} INFO - Started process (PID=1435) to work on /home/airflow/.local/lib/python3.12/site-packages/airflow/example_dags/tutorial.py
[2025-03-19T00:22:46.676+0000] {processor.py:914} INFO - Processing file /home/airflow/.local/lib/python3.12/site-packages/airflow/example_dags/tutorial.py for tasks to queue
[2025-03-19T00:22:46.677+0000] {logging_mixin.py:190} INFO - [2025-03-19T00:22:46.677+0000] {dagbag.py:588} INFO - Filling up the DagBag from /home/airflow/.local/lib/python3.12/site-packages/airflow/example_dags/tutorial.py
[2025-03-19T00:22:46.682+0000] {processor.py:925} INFO - DAG(s) 'tutorial' retrieved from /home/airflow/.local/lib/python3.12/site-packages/airflow/example_dags/tutorial.py
[2025-03-19T00:22:46.694+0000] {logging_mixin.py:190} INFO - [2025-03-19T00:22:46.693+0000] {dag.py:3239} INFO - Sync 1 DAGs
[2025-03-19T00:22:46.709+0000] {logging_mixin.py:190} INFO - [2025-03-19T00:22:46.709+0000] {dag.py:4180} INFO - Setting next_dagrun for tutorial to 2025-03-18 00:00:00+00:00, run_after=2025-03-19 00:00:00+00:00
[2025-03-19T00:22:46.721+0000] {processor.py:208} INFO - Processing /home/airflow/.local/lib/python3.12/site-packages/airflow/example_dags/tutorial.py took 0.049 seconds
[2025-03-19T00:23:17.855+0000] {processor.py:186} INFO - Started process (PID=1499) to work on /home/airflow/.local/lib/python3.12/site-packages/airflow/example_dags/tutorial.py
[2025-03-19T00:23:17.856+0000] {processor.py:914} INFO - Processing file /home/airflow/.local/lib/python3.12/site-packages/airflow/example_dags/tutorial.py for tasks to queue
[2025-03-19T00:23:17.857+0000] {logging_mixin.py:190} INFO - [2025-03-19T00:23:17.857+0000] {dagbag.py:588} INFO - Filling up the DagBag from /home/airflow/.local/lib/python3.12/site-packages/airflow/example_dags/tutorial.py
[2025-03-19T00:23:17.862+0000] {processor.py:925} INFO - DAG(s) 'tutorial' retrieved from /home/airflow/.local/lib/python3.12/site-packages/airflow/example_dags/tutorial.py
[2025-03-19T00:23:17.875+0000] {logging_mixin.py:190} INFO - [2025-03-19T00:23:17.874+0000] {dag.py:3239} INFO - Sync 1 DAGs
[2025-03-19T00:23:17.890+0000] {logging_mixin.py:190} INFO - [2025-03-19T00:23:17.890+0000] {dag.py:4180} INFO - Setting next_dagrun for tutorial to 2025-03-18 00:00:00+00:00, run_after=2025-03-19 00:00:00+00:00
[2025-03-19T00:23:17.902+0000] {processor.py:208} INFO - Processing /home/airflow/.local/lib/python3.12/site-packages/airflow/example_dags/tutorial.py took 0.050 seconds
[2025-03-19T00:23:49.024+0000] {processor.py:186} INFO - Started process (PID=1562) to work on /home/airflow/.local/lib/python3.12/site-packages/airflow/example_dags/tutorial.py
[2025-03-19T00:23:49.025+0000] {processor.py:914} INFO - Processing file /home/airflow/.local/lib/python3.12/site-packages/airflow/example_dags/tutorial.py for tasks to queue
[2025-03-19T00:23:49.026+0000] {logging_mixin.py:190} INFO - [2025-03-19T00:23:49.026+0000] {dagbag.py:588} INFO - Filling up the DagBag from /home/airflow/.local/lib/python3.12/site-packages/airflow/example_dags/tutorial.py
[2025-03-19T00:23:49.031+0000] {processor.py:925} INFO - DAG(s) 'tutorial' retrieved from /home/airflow/.local/lib/python3.12/site-packages/airflow/example_dags/tutorial.py
[2025-03-19T00:23:49.043+0000] {logging_mixin.py:190} INFO - [2025-03-19T00:23:49.043+0000] {dag.py:3239} INFO - Sync 1 DAGs
[2025-03-19T00:23:49.058+0000] {logging_mixin.py:190} INFO - [2025-03-19T00:23:49.058+0000] {dag.py:4180} INFO - Setting next_dagrun for tutorial to 2025-03-18 00:00:00+00:00, run_after=2025-03-19 00:00:00+00:00
[2025-03-19T00:23:49.070+0000] {processor.py:208} INFO - Processing /home/airflow/.local/lib/python3.12/site-packages/airflow/example_dags/tutorial.py took 0.049 seconds
[2025-03-19T00:24:20.214+0000] {processor.py:186} INFO - Started process (PID=1625) to work on /home/airflow/.local/lib/python3.12/site-packages/airflow/example_dags/tutorial.py
[2025-03-19T00:24:20.215+0000] {processor.py:914} INFO - Processing file /home/airflow/.local/lib/python3.12/site-packages/airflow/example_dags/tutorial.py for tasks to queue
[2025-03-19T00:24:20.216+0000] {logging_mixin.py:190} INFO - [2025-03-19T00:24:20.216+0000] {dagbag.py:588} INFO - Filling up the DagBag from /home/airflow/.local/lib/python3.12/site-packages/airflow/example_dags/tutorial.py
[2025-03-19T00:24:20.221+0000] {processor.py:925} INFO - DAG(s) 'tutorial' retrieved from /home/airflow/.local/lib/python3.12/site-packages/airflow/example_dags/tutorial.py
[2025-03-19T00:24:20.234+0000] {logging_mixin.py:190} INFO - [2025-03-19T00:24:20.234+0000] {dag.py:3239} INFO - Sync 1 DAGs
[2025-03-19T00:24:20.250+0000] {logging_mixin.py:190} INFO - [2025-03-19T00:24:20.250+0000] {dag.py:4180} INFO - Setting next_dagrun for tutorial to 2025-03-18 00:00:00+00:00, run_after=2025-03-19 00:00:00+00:00
[2025-03-19T00:24:20.262+0000] {processor.py:208} INFO - Processing /home/airflow/.local/lib/python3.12/site-packages/airflow/example_dags/tutorial.py took 0.051 seconds
[2025-03-19T00:24:51.287+0000] {processor.py:186} INFO - Started process (PID=1688) to work on /home/airflow/.local/lib/python3.12/site-packages/airflow/example_dags/tutorial.py
[2025-03-19T00:24:51.287+0000] {processor.py:914} INFO - Processing file /home/airflow/.local/lib/python3.12/site-packages/airflow/example_dags/tutorial.py for tasks to queue
[2025-03-19T00:24:51.289+0000] {logging_mixin.py:190} INFO - [2025-03-19T00:24:51.288+0000] {dagbag.py:588} INFO - Filling up the DagBag from /home/airflow/.local/lib/python3.12/site-packages/airflow/example_dags/tutorial.py
[2025-03-19T00:24:51.293+0000] {processor.py:925} INFO - DAG(s) 'tutorial' retrieved from /home/airflow/.local/lib/python3.12/site-packages/airflow/example_dags/tutorial.py
[2025-03-19T00:24:51.306+0000] {logging_mixin.py:190} INFO - [2025-03-19T00:24:51.306+0000] {dag.py:3239} INFO - Sync 1 DAGs
[2025-03-19T00:24:51.321+0000] {logging_mixin.py:190} INFO - [2025-03-19T00:24:51.321+0000] {dag.py:4180} INFO - Setting next_dagrun for tutorial to 2025-03-18 00:00:00+00:00, run_after=2025-03-19 00:00:00+00:00
[2025-03-19T00:24:51.332+0000] {processor.py:208} INFO - Processing /home/airflow/.local/lib/python3.12/site-packages/airflow/example_dags/tutorial.py took 0.049 seconds
[2025-03-19T00:25:22.357+0000] {processor.py:186} INFO - Started process (PID=1751) to work on /home/airflow/.local/lib/python3.12/site-packages/airflow/example_dags/tutorial.py
[2025-03-19T00:25:22.358+0000] {processor.py:914} INFO - Processing file /home/airflow/.local/lib/python3.12/site-packages/airflow/example_dags/tutorial.py for tasks to queue
[2025-03-19T00:25:22.359+0000] {logging_mixin.py:190} INFO - [2025-03-19T00:25:22.359+0000] {dagbag.py:588} INFO - Filling up the DagBag from /home/airflow/.local/lib/python3.12/site-packages/airflow/example_dags/tutorial.py
[2025-03-19T00:25:22.364+0000] {processor.py:925} INFO - DAG(s) 'tutorial' retrieved from /home/airflow/.local/lib/python3.12/site-packages/airflow/example_dags/tutorial.py
[2025-03-19T00:25:22.377+0000] {logging_mixin.py:190} INFO - [2025-03-19T00:25:22.376+0000] {dag.py:3239} INFO - Sync 1 DAGs
[2025-03-19T00:25:22.393+0000] {logging_mixin.py:190} INFO - [2025-03-19T00:25:22.393+0000] {dag.py:4180} INFO - Setting next_dagrun for tutorial to 2025-03-18 00:00:00+00:00, run_after=2025-03-19 00:00:00+00:00
[2025-03-19T00:25:22.405+0000] {processor.py:208} INFO - Processing /home/airflow/.local/lib/python3.12/site-packages/airflow/example_dags/tutorial.py took 0.051 seconds
[2025-03-19T00:25:53.324+0000] {processor.py:186} INFO - Started process (PID=1814) to work on /home/airflow/.local/lib/python3.12/site-packages/airflow/example_dags/tutorial.py
[2025-03-19T00:25:53.325+0000] {processor.py:914} INFO - Processing file /home/airflow/.local/lib/python3.12/site-packages/airflow/example_dags/tutorial.py for tasks to queue
[2025-03-19T00:25:53.326+0000] {logging_mixin.py:190} INFO - [2025-03-19T00:25:53.326+0000] {dagbag.py:588} INFO - Filling up the DagBag from /home/airflow/.local/lib/python3.12/site-packages/airflow/example_dags/tutorial.py
[2025-03-19T00:25:53.331+0000] {processor.py:925} INFO - DAG(s) 'tutorial' retrieved from /home/airflow/.local/lib/python3.12/site-packages/airflow/example_dags/tutorial.py
[2025-03-19T00:25:53.344+0000] {logging_mixin.py:190} INFO - [2025-03-19T00:25:53.344+0000] {dag.py:3239} INFO - Sync 1 DAGs
[2025-03-19T00:25:53.362+0000] {logging_mixin.py:190} INFO - [2025-03-19T00:25:53.362+0000] {dag.py:4180} INFO - Setting next_dagrun for tutorial to 2025-03-18 00:00:00+00:00, run_after=2025-03-19 00:00:00+00:00
[2025-03-19T00:25:53.377+0000] {processor.py:208} INFO - Processing /home/airflow/.local/lib/python3.12/site-packages/airflow/example_dags/tutorial.py took 0.056 seconds
[2025-03-19T00:26:24.250+0000] {processor.py:186} INFO - Started process (PID=1877) to work on /home/airflow/.local/lib/python3.12/site-packages/airflow/example_dags/tutorial.py
[2025-03-19T00:26:24.251+0000] {processor.py:914} INFO - Processing file /home/airflow/.local/lib/python3.12/site-packages/airflow/example_dags/tutorial.py for tasks to queue
[2025-03-19T00:26:24.252+0000] {logging_mixin.py:190} INFO - [2025-03-19T00:26:24.252+0000] {dagbag.py:588} INFO - Filling up the DagBag from /home/airflow/.local/lib/python3.12/site-packages/airflow/example_dags/tutorial.py
[2025-03-19T00:26:24.257+0000] {processor.py:925} INFO - DAG(s) 'tutorial' retrieved from /home/airflow/.local/lib/python3.12/site-packages/airflow/example_dags/tutorial.py
[2025-03-19T00:26:24.269+0000] {logging_mixin.py:190} INFO - [2025-03-19T00:26:24.269+0000] {dag.py:3239} INFO - Sync 1 DAGs
[2025-03-19T00:26:24.286+0000] {logging_mixin.py:190} INFO - [2025-03-19T00:26:24.285+0000] {dag.py:4180} INFO - Setting next_dagrun for tutorial to 2025-03-18 00:00:00+00:00, run_after=2025-03-19 00:00:00+00:00
[2025-03-19T00:26:24.297+0000] {processor.py:208} INFO - Processing /home/airflow/.local/lib/python3.12/site-packages/airflow/example_dags/tutorial.py took 0.051 seconds
[2025-03-19T00:26:55.347+0000] {processor.py:186} INFO - Started process (PID=1945) to work on /home/airflow/.local/lib/python3.12/site-packages/airflow/example_dags/tutorial.py
[2025-03-19T00:26:55.347+0000] {processor.py:914} INFO - Processing file /home/airflow/.local/lib/python3.12/site-packages/airflow/example_dags/tutorial.py for tasks to queue
[2025-03-19T00:26:55.348+0000] {logging_mixin.py:190} INFO - [2025-03-19T00:26:55.348+0000] {dagbag.py:588} INFO - Filling up the DagBag from /home/airflow/.local/lib/python3.12/site-packages/airflow/example_dags/tutorial.py
[2025-03-19T00:26:55.353+0000] {processor.py:925} INFO - DAG(s) 'tutorial' retrieved from /home/airflow/.local/lib/python3.12/site-packages/airflow/example_dags/tutorial.py
[2025-03-19T00:26:55.366+0000] {logging_mixin.py:190} INFO - [2025-03-19T00:26:55.366+0000] {dag.py:3239} INFO - Sync 1 DAGs
[2025-03-19T00:26:55.381+0000] {logging_mixin.py:190} INFO - [2025-03-19T00:26:55.381+0000] {dag.py:4180} INFO - Setting next_dagrun for tutorial to 2025-03-18 00:00:00+00:00, run_after=2025-03-19 00:00:00+00:00
[2025-03-19T00:26:55.393+0000] {processor.py:208} INFO - Processing /home/airflow/.local/lib/python3.12/site-packages/airflow/example_dags/tutorial.py took 0.050 seconds
[2025-03-19T00:27:26.609+0000] {processor.py:186} INFO - Started process (PID=2008) to work on /home/airflow/.local/lib/python3.12/site-packages/airflow/example_dags/tutorial.py
[2025-03-19T00:27:26.610+0000] {processor.py:914} INFO - Processing file /home/airflow/.local/lib/python3.12/site-packages/airflow/example_dags/tutorial.py for tasks to queue
[2025-03-19T00:27:26.611+0000] {logging_mixin.py:190} INFO - [2025-03-19T00:27:26.611+0000] {dagbag.py:588} INFO - Filling up the DagBag from /home/airflow/.local/lib/python3.12/site-packages/airflow/example_dags/tutorial.py
[2025-03-19T00:27:26.616+0000] {processor.py:925} INFO - DAG(s) 'tutorial' retrieved from /home/airflow/.local/lib/python3.12/site-packages/airflow/example_dags/tutorial.py
[2025-03-19T00:27:26.628+0000] {logging_mixin.py:190} INFO - [2025-03-19T00:27:26.628+0000] {dag.py:3239} INFO - Sync 1 DAGs
[2025-03-19T00:27:26.644+0000] {logging_mixin.py:190} INFO - [2025-03-19T00:27:26.644+0000] {dag.py:4180} INFO - Setting next_dagrun for tutorial to 2025-03-18 00:00:00+00:00, run_after=2025-03-19 00:00:00+00:00
[2025-03-19T00:27:26.656+0000] {processor.py:208} INFO - Processing /home/airflow/.local/lib/python3.12/site-packages/airflow/example_dags/tutorial.py took 0.050 seconds
[2025-03-19T00:27:57.936+0000] {processor.py:186} INFO - Started process (PID=2071) to work on /home/airflow/.local/lib/python3.12/site-packages/airflow/example_dags/tutorial.py
[2025-03-19T00:27:57.937+0000] {processor.py:914} INFO - Processing file /home/airflow/.local/lib/python3.12/site-packages/airflow/example_dags/tutorial.py for tasks to queue
[2025-03-19T00:27:57.938+0000] {logging_mixin.py:190} INFO - [2025-03-19T00:27:57.938+0000] {dagbag.py:588} INFO - Filling up the DagBag from /home/airflow/.local/lib/python3.12/site-packages/airflow/example_dags/tutorial.py
[2025-03-19T00:27:57.943+0000] {processor.py:925} INFO - DAG(s) 'tutorial' retrieved from /home/airflow/.local/lib/python3.12/site-packages/airflow/example_dags/tutorial.py
[2025-03-19T00:27:57.955+0000] {logging_mixin.py:190} INFO - [2025-03-19T00:27:57.955+0000] {dag.py:3239} INFO - Sync 1 DAGs
[2025-03-19T00:27:57.970+0000] {logging_mixin.py:190} INFO - [2025-03-19T00:27:57.970+0000] {dag.py:4180} INFO - Setting next_dagrun for tutorial to 2025-03-18 00:00:00+00:00, run_after=2025-03-19 00:00:00+00:00
[2025-03-19T00:27:57.982+0000] {processor.py:208} INFO - Processing /home/airflow/.local/lib/python3.12/site-packages/airflow/example_dags/tutorial.py took 0.049 seconds
[2025-03-19T00:28:29.213+0000] {processor.py:186} INFO - Started process (PID=2134) to work on /home/airflow/.local/lib/python3.12/site-packages/airflow/example_dags/tutorial.py
[2025-03-19T00:28:29.213+0000] {processor.py:914} INFO - Processing file /home/airflow/.local/lib/python3.12/site-packages/airflow/example_dags/tutorial.py for tasks to queue
[2025-03-19T00:28:29.214+0000] {logging_mixin.py:190} INFO - [2025-03-19T00:28:29.214+0000] {dagbag.py:588} INFO - Filling up the DagBag from /home/airflow/.local/lib/python3.12/site-packages/airflow/example_dags/tutorial.py
[2025-03-19T00:28:29.219+0000] {processor.py:925} INFO - DAG(s) 'tutorial' retrieved from /home/airflow/.local/lib/python3.12/site-packages/airflow/example_dags/tutorial.py
[2025-03-19T00:28:29.234+0000] {logging_mixin.py:190} INFO - [2025-03-19T00:28:29.234+0000] {dag.py:3239} INFO - Sync 1 DAGs
[2025-03-19T00:28:29.256+0000] {logging_mixin.py:190} INFO - [2025-03-19T00:28:29.256+0000] {dag.py:4180} INFO - Setting next_dagrun for tutorial to 2025-03-18 00:00:00+00:00, run_after=2025-03-19 00:00:00+00:00
[2025-03-19T00:28:29.268+0000] {processor.py:208} INFO - Processing /home/airflow/.local/lib/python3.12/site-packages/airflow/example_dags/tutorial.py took 0.059 seconds
[2025-03-19T00:29:00.382+0000] {processor.py:186} INFO - Started process (PID=2196) to work on /home/airflow/.local/lib/python3.12/site-packages/airflow/example_dags/tutorial.py
[2025-03-19T00:29:00.382+0000] {processor.py:914} INFO - Processing file /home/airflow/.local/lib/python3.12/site-packages/airflow/example_dags/tutorial.py for tasks to queue
[2025-03-19T00:29:00.383+0000] {logging_mixin.py:190} INFO - [2025-03-19T00:29:00.383+0000] {dagbag.py:588} INFO - Filling up the DagBag from /home/airflow/.local/lib/python3.12/site-packages/airflow/example_dags/tutorial.py
[2025-03-19T00:29:00.389+0000] {processor.py:925} INFO - DAG(s) 'tutorial' retrieved from /home/airflow/.local/lib/python3.12/site-packages/airflow/example_dags/tutorial.py
[2025-03-19T00:29:00.402+0000] {logging_mixin.py:190} INFO - [2025-03-19T00:29:00.402+0000] {dag.py:3239} INFO - Sync 1 DAGs
[2025-03-19T00:29:00.419+0000] {logging_mixin.py:190} INFO - [2025-03-19T00:29:00.419+0000] {dag.py:4180} INFO - Setting next_dagrun for tutorial to 2025-03-18 00:00:00+00:00, run_after=2025-03-19 00:00:00+00:00
[2025-03-19T00:29:00.430+0000] {processor.py:208} INFO - Processing /home/airflow/.local/lib/python3.12/site-packages/airflow/example_dags/tutorial.py took 0.052 seconds
[2025-03-19T00:29:31.547+0000] {processor.py:186} INFO - Started process (PID=2259) to work on /home/airflow/.local/lib/python3.12/site-packages/airflow/example_dags/tutorial.py
[2025-03-19T00:29:31.547+0000] {processor.py:914} INFO - Processing file /home/airflow/.local/lib/python3.12/site-packages/airflow/example_dags/tutorial.py for tasks to queue
[2025-03-19T00:29:31.548+0000] {logging_mixin.py:190} INFO - [2025-03-19T00:29:31.548+0000] {dagbag.py:588} INFO - Filling up the DagBag from /home/airflow/.local/lib/python3.12/site-packages/airflow/example_dags/tutorial.py
[2025-03-19T00:29:31.553+0000] {processor.py:925} INFO - DAG(s) 'tutorial' retrieved from /home/airflow/.local/lib/python3.12/site-packages/airflow/example_dags/tutorial.py
[2025-03-19T00:29:31.566+0000] {logging_mixin.py:190} INFO - [2025-03-19T00:29:31.566+0000] {dag.py:3239} INFO - Sync 1 DAGs
[2025-03-19T00:29:31.583+0000] {logging_mixin.py:190} INFO - [2025-03-19T00:29:31.583+0000] {dag.py:4180} INFO - Setting next_dagrun for tutorial to 2025-03-18 00:00:00+00:00, run_after=2025-03-19 00:00:00+00:00
[2025-03-19T00:29:31.596+0000] {processor.py:208} INFO - Processing /home/airflow/.local/lib/python3.12/site-packages/airflow/example_dags/tutorial.py took 0.053 seconds
[2025-03-19T00:30:02.801+0000] {processor.py:186} INFO - Started process (PID=2322) to work on /home/airflow/.local/lib/python3.12/site-packages/airflow/example_dags/tutorial.py
[2025-03-19T00:30:02.801+0000] {processor.py:914} INFO - Processing file /home/airflow/.local/lib/python3.12/site-packages/airflow/example_dags/tutorial.py for tasks to queue
[2025-03-19T00:30:02.802+0000] {logging_mixin.py:190} INFO - [2025-03-19T00:30:02.802+0000] {dagbag.py:588} INFO - Filling up the DagBag from /home/airflow/.local/lib/python3.12/site-packages/airflow/example_dags/tutorial.py
[2025-03-19T00:30:02.807+0000] {processor.py:925} INFO - DAG(s) 'tutorial' retrieved from /home/airflow/.local/lib/python3.12/site-packages/airflow/example_dags/tutorial.py
[2025-03-19T00:30:02.820+0000] {logging_mixin.py:190} INFO - [2025-03-19T00:30:02.820+0000] {dag.py:3239} INFO - Sync 1 DAGs
[2025-03-19T00:30:02.835+0000] {logging_mixin.py:190} INFO - [2025-03-19T00:30:02.834+0000] {dag.py:4180} INFO - Setting next_dagrun for tutorial to 2025-03-18 00:00:00+00:00, run_after=2025-03-19 00:00:00+00:00
[2025-03-19T00:30:02.847+0000] {processor.py:208} INFO - Processing /home/airflow/.local/lib/python3.12/site-packages/airflow/example_dags/tutorial.py took 0.051 seconds
[2025-03-19T00:30:34.025+0000] {processor.py:186} INFO - Started process (PID=2385) to work on /home/airflow/.local/lib/python3.12/site-packages/airflow/example_dags/tutorial.py
[2025-03-19T00:30:34.025+0000] {processor.py:914} INFO - Processing file /home/airflow/.local/lib/python3.12/site-packages/airflow/example_dags/tutorial.py for tasks to queue
[2025-03-19T00:30:34.026+0000] {logging_mixin.py:190} INFO - [2025-03-19T00:30:34.026+0000] {dagbag.py:588} INFO - Filling up the DagBag from /home/airflow/.local/lib/python3.12/site-packages/airflow/example_dags/tutorial.py
[2025-03-19T00:30:34.031+0000] {processor.py:925} INFO - DAG(s) 'tutorial' retrieved from /home/airflow/.local/lib/python3.12/site-packages/airflow/example_dags/tutorial.py
[2025-03-19T00:30:34.043+0000] {logging_mixin.py:190} INFO - [2025-03-19T00:30:34.043+0000] {dag.py:3239} INFO - Sync 1 DAGs
[2025-03-19T00:30:34.058+0000] {logging_mixin.py:190} INFO - [2025-03-19T00:30:34.058+0000] {dag.py:4180} INFO - Setting next_dagrun for tutorial to 2025-03-18 00:00:00+00:00, run_after=2025-03-19 00:00:00+00:00
[2025-03-19T00:30:34.070+0000] {processor.py:208} INFO - Processing /home/airflow/.local/lib/python3.12/site-packages/airflow/example_dags/tutorial.py took 0.049 seconds
[2025-03-19T00:31:04.492+0000] {processor.py:186} INFO - Started process (PID=2448) to work on /home/airflow/.local/lib/python3.12/site-packages/airflow/example_dags/tutorial.py
[2025-03-19T00:31:04.492+0000] {processor.py:914} INFO - Processing file /home/airflow/.local/lib/python3.12/site-packages/airflow/example_dags/tutorial.py for tasks to queue
[2025-03-19T00:31:04.493+0000] {logging_mixin.py:190} INFO - [2025-03-19T00:31:04.493+0000] {dagbag.py:588} INFO - Filling up the DagBag from /home/airflow/.local/lib/python3.12/site-packages/airflow/example_dags/tutorial.py
[2025-03-19T00:31:04.498+0000] {processor.py:925} INFO - DAG(s) 'tutorial' retrieved from /home/airflow/.local/lib/python3.12/site-packages/airflow/example_dags/tutorial.py
[2025-03-19T00:31:04.511+0000] {logging_mixin.py:190} INFO - [2025-03-19T00:31:04.510+0000] {dag.py:3239} INFO - Sync 1 DAGs
[2025-03-19T00:31:04.526+0000] {logging_mixin.py:190} INFO - [2025-03-19T00:31:04.526+0000] {dag.py:4180} INFO - Setting next_dagrun for tutorial to 2025-03-18 00:00:00+00:00, run_after=2025-03-19 00:00:00+00:00
[2025-03-19T00:31:04.537+0000] {processor.py:208} INFO - Processing /home/airflow/.local/lib/python3.12/site-packages/airflow/example_dags/tutorial.py took 0.049 seconds
[2025-03-19T00:31:35.207+0000] {processor.py:186} INFO - Started process (PID=2511) to work on /home/airflow/.local/lib/python3.12/site-packages/airflow/example_dags/tutorial.py
[2025-03-19T00:31:35.207+0000] {processor.py:914} INFO - Processing file /home/airflow/.local/lib/python3.12/site-packages/airflow/example_dags/tutorial.py for tasks to queue
[2025-03-19T00:31:35.208+0000] {logging_mixin.py:190} INFO - [2025-03-19T00:31:35.208+0000] {dagbag.py:588} INFO - Filling up the DagBag from /home/airflow/.local/lib/python3.12/site-packages/airflow/example_dags/tutorial.py
[2025-03-19T00:31:35.213+0000] {processor.py:925} INFO - DAG(s) 'tutorial' retrieved from /home/airflow/.local/lib/python3.12/site-packages/airflow/example_dags/tutorial.py
[2025-03-19T00:31:35.227+0000] {logging_mixin.py:190} INFO - [2025-03-19T00:31:35.227+0000] {dag.py:3239} INFO - Sync 1 DAGs
[2025-03-19T00:31:35.244+0000] {logging_mixin.py:190} INFO - [2025-03-19T00:31:35.244+0000] {dag.py:4180} INFO - Setting next_dagrun for tutorial to 2025-03-18 00:00:00+00:00, run_after=2025-03-19 00:00:00+00:00
[2025-03-19T00:31:35.259+0000] {processor.py:208} INFO - Processing /home/airflow/.local/lib/python3.12/site-packages/airflow/example_dags/tutorial.py took 0.056 seconds
[2025-03-19T00:32:06.408+0000] {processor.py:186} INFO - Started process (PID=2574) to work on /home/airflow/.local/lib/python3.12/site-packages/airflow/example_dags/tutorial.py
[2025-03-19T00:32:06.408+0000] {processor.py:914} INFO - Processing file /home/airflow/.local/lib/python3.12/site-packages/airflow/example_dags/tutorial.py for tasks to queue
[2025-03-19T00:32:06.410+0000] {logging_mixin.py:190} INFO - [2025-03-19T00:32:06.410+0000] {dagbag.py:588} INFO - Filling up the DagBag from /home/airflow/.local/lib/python3.12/site-packages/airflow/example_dags/tutorial.py
[2025-03-19T00:32:06.416+0000] {processor.py:925} INFO - DAG(s) 'tutorial' retrieved from /home/airflow/.local/lib/python3.12/site-packages/airflow/example_dags/tutorial.py
[2025-03-19T00:32:06.431+0000] {logging_mixin.py:190} INFO - [2025-03-19T00:32:06.431+0000] {dag.py:3239} INFO - Sync 1 DAGs
[2025-03-19T00:32:06.448+0000] {logging_mixin.py:190} INFO - [2025-03-19T00:32:06.448+0000] {dag.py:4180} INFO - Setting next_dagrun for tutorial to 2025-03-18 00:00:00+00:00, run_after=2025-03-19 00:00:00+00:00
[2025-03-19T00:32:06.463+0000] {processor.py:208} INFO - Processing /home/airflow/.local/lib/python3.12/site-packages/airflow/example_dags/tutorial.py took 0.059 seconds
[2025-03-19T00:32:37.414+0000] {processor.py:186} INFO - Started process (PID=2637) to work on /home/airflow/.local/lib/python3.12/site-packages/airflow/example_dags/tutorial.py
[2025-03-19T00:32:37.415+0000] {processor.py:914} INFO - Processing file /home/airflow/.local/lib/python3.12/site-packages/airflow/example_dags/tutorial.py for tasks to queue
[2025-03-19T00:32:37.417+0000] {logging_mixin.py:190} INFO - [2025-03-19T00:32:37.417+0000] {dagbag.py:588} INFO - Filling up the DagBag from /home/airflow/.local/lib/python3.12/site-packages/airflow/example_dags/tutorial.py
[2025-03-19T00:32:37.422+0000] {processor.py:925} INFO - DAG(s) 'tutorial' retrieved from /home/airflow/.local/lib/python3.12/site-packages/airflow/example_dags/tutorial.py
[2025-03-19T00:32:37.437+0000] {logging_mixin.py:190} INFO - [2025-03-19T00:32:37.437+0000] {dag.py:3239} INFO - Sync 1 DAGs
[2025-03-19T00:32:37.454+0000] {logging_mixin.py:190} INFO - [2025-03-19T00:32:37.454+0000] {dag.py:4180} INFO - Setting next_dagrun for tutorial to 2025-03-18 00:00:00+00:00, run_after=2025-03-19 00:00:00+00:00
[2025-03-19T00:32:37.469+0000] {processor.py:208} INFO - Processing /home/airflow/.local/lib/python3.12/site-packages/airflow/example_dags/tutorial.py took 0.059 seconds
[2025-03-19T00:33:08.630+0000] {processor.py:186} INFO - Started process (PID=2700) to work on /home/airflow/.local/lib/python3.12/site-packages/airflow/example_dags/tutorial.py
[2025-03-19T00:33:08.631+0000] {processor.py:914} INFO - Processing file /home/airflow/.local/lib/python3.12/site-packages/airflow/example_dags/tutorial.py for tasks to queue
[2025-03-19T00:33:08.632+0000] {logging_mixin.py:190} INFO - [2025-03-19T00:33:08.631+0000] {dagbag.py:588} INFO - Filling up the DagBag from /home/airflow/.local/lib/python3.12/site-packages/airflow/example_dags/tutorial.py
[2025-03-19T00:33:08.638+0000] {processor.py:925} INFO - DAG(s) 'tutorial' retrieved from /home/airflow/.local/lib/python3.12/site-packages/airflow/example_dags/tutorial.py
[2025-03-19T00:33:08.651+0000] {logging_mixin.py:190} INFO - [2025-03-19T00:33:08.651+0000] {dag.py:3239} INFO - Sync 1 DAGs
[2025-03-19T00:33:08.667+0000] {logging_mixin.py:190} INFO - [2025-03-19T00:33:08.667+0000] {dag.py:4180} INFO - Setting next_dagrun for tutorial to 2025-03-18 00:00:00+00:00, run_after=2025-03-19 00:00:00+00:00
[2025-03-19T00:33:08.682+0000] {processor.py:208} INFO - Processing /home/airflow/.local/lib/python3.12/site-packages/airflow/example_dags/tutorial.py took 0.056 seconds
[2025-03-19T00:33:38.835+0000] {processor.py:186} INFO - Started process (PID=2763) to work on /home/airflow/.local/lib/python3.12/site-packages/airflow/example_dags/tutorial.py
[2025-03-19T00:33:38.836+0000] {processor.py:914} INFO - Processing file /home/airflow/.local/lib/python3.12/site-packages/airflow/example_dags/tutorial.py for tasks to queue
[2025-03-19T00:33:38.837+0000] {logging_mixin.py:190} INFO - [2025-03-19T00:33:38.837+0000] {dagbag.py:588} INFO - Filling up the DagBag from /home/airflow/.local/lib/python3.12/site-packages/airflow/example_dags/tutorial.py
[2025-03-19T00:33:38.842+0000] {processor.py:925} INFO - DAG(s) 'tutorial' retrieved from /home/airflow/.local/lib/python3.12/site-packages/airflow/example_dags/tutorial.py
[2025-03-19T00:33:38.854+0000] {logging_mixin.py:190} INFO - [2025-03-19T00:33:38.854+0000] {dag.py:3239} INFO - Sync 1 DAGs
[2025-03-19T00:33:38.869+0000] {logging_mixin.py:190} INFO - [2025-03-19T00:33:38.869+0000] {dag.py:4180} INFO - Setting next_dagrun for tutorial to 2025-03-18 00:00:00+00:00, run_after=2025-03-19 00:00:00+00:00
[2025-03-19T00:33:38.881+0000] {processor.py:208} INFO - Processing /home/airflow/.local/lib/python3.12/site-packages/airflow/example_dags/tutorial.py took 0.050 seconds
[2025-03-19T00:34:09.808+0000] {processor.py:186} INFO - Started process (PID=2829) to work on /home/airflow/.local/lib/python3.12/site-packages/airflow/example_dags/tutorial.py
[2025-03-19T00:34:09.808+0000] {processor.py:914} INFO - Processing file /home/airflow/.local/lib/python3.12/site-packages/airflow/example_dags/tutorial.py for tasks to queue
[2025-03-19T00:34:09.810+0000] {logging_mixin.py:190} INFO - [2025-03-19T00:34:09.809+0000] {dagbag.py:588} INFO - Filling up the DagBag from /home/airflow/.local/lib/python3.12/site-packages/airflow/example_dags/tutorial.py
[2025-03-19T00:34:09.815+0000] {processor.py:925} INFO - DAG(s) 'tutorial' retrieved from /home/airflow/.local/lib/python3.12/site-packages/airflow/example_dags/tutorial.py
[2025-03-19T00:34:09.828+0000] {logging_mixin.py:190} INFO - [2025-03-19T00:34:09.827+0000] {dag.py:3239} INFO - Sync 1 DAGs
[2025-03-19T00:34:09.844+0000] {logging_mixin.py:190} INFO - [2025-03-19T00:34:09.844+0000] {dag.py:4180} INFO - Setting next_dagrun for tutorial to 2025-03-18 00:00:00+00:00, run_after=2025-03-19 00:00:00+00:00
[2025-03-19T00:34:09.857+0000] {processor.py:208} INFO - Processing /home/airflow/.local/lib/python3.12/site-packages/airflow/example_dags/tutorial.py took 0.053 seconds
[2025-03-19T00:34:40.622+0000] {processor.py:186} INFO - Started process (PID=2892) to work on /home/airflow/.local/lib/python3.12/site-packages/airflow/example_dags/tutorial.py
[2025-03-19T00:34:40.622+0000] {processor.py:914} INFO - Processing file /home/airflow/.local/lib/python3.12/site-packages/airflow/example_dags/tutorial.py for tasks to queue
[2025-03-19T00:34:40.623+0000] {logging_mixin.py:190} INFO - [2025-03-19T00:34:40.623+0000] {dagbag.py:588} INFO - Filling up the DagBag from /home/airflow/.local/lib/python3.12/site-packages/airflow/example_dags/tutorial.py
[2025-03-19T00:34:40.629+0000] {processor.py:925} INFO - DAG(s) 'tutorial' retrieved from /home/airflow/.local/lib/python3.12/site-packages/airflow/example_dags/tutorial.py
[2025-03-19T00:34:40.642+0000] {logging_mixin.py:190} INFO - [2025-03-19T00:34:40.641+0000] {dag.py:3239} INFO - Sync 1 DAGs
[2025-03-19T00:34:40.658+0000] {logging_mixin.py:190} INFO - [2025-03-19T00:34:40.657+0000] {dag.py:4180} INFO - Setting next_dagrun for tutorial to 2025-03-18 00:00:00+00:00, run_after=2025-03-19 00:00:00+00:00
[2025-03-19T00:34:40.670+0000] {processor.py:208} INFO - Processing /home/airflow/.local/lib/python3.12/site-packages/airflow/example_dags/tutorial.py took 0.052 seconds
[2025-03-19T00:35:12.368+0000] {processor.py:186} INFO - Started process (PID=2955) to work on /home/airflow/.local/lib/python3.12/site-packages/airflow/example_dags/tutorial.py
[2025-03-19T00:35:12.369+0000] {processor.py:914} INFO - Processing file /home/airflow/.local/lib/python3.12/site-packages/airflow/example_dags/tutorial.py for tasks to queue
[2025-03-19T00:35:12.370+0000] {logging_mixin.py:190} INFO - [2025-03-19T00:35:12.369+0000] {dagbag.py:588} INFO - Filling up the DagBag from /home/airflow/.local/lib/python3.12/site-packages/airflow/example_dags/tutorial.py
[2025-03-19T00:35:12.375+0000] {processor.py:925} INFO - DAG(s) 'tutorial' retrieved from /home/airflow/.local/lib/python3.12/site-packages/airflow/example_dags/tutorial.py
[2025-03-19T00:35:12.387+0000] {logging_mixin.py:190} INFO - [2025-03-19T00:35:12.387+0000] {dag.py:3239} INFO - Sync 1 DAGs
[2025-03-19T00:35:12.404+0000] {logging_mixin.py:190} INFO - [2025-03-19T00:35:12.404+0000] {dag.py:4180} INFO - Setting next_dagrun for tutorial to 2025-03-18 00:00:00+00:00, run_after=2025-03-19 00:00:00+00:00
[2025-03-19T00:35:12.417+0000] {processor.py:208} INFO - Processing /home/airflow/.local/lib/python3.12/site-packages/airflow/example_dags/tutorial.py took 0.053 seconds
[2025-03-19T00:35:42.891+0000] {processor.py:186} INFO - Started process (PID=3018) to work on /home/airflow/.local/lib/python3.12/site-packages/airflow/example_dags/tutorial.py
[2025-03-19T00:35:42.891+0000] {processor.py:914} INFO - Processing file /home/airflow/.local/lib/python3.12/site-packages/airflow/example_dags/tutorial.py for tasks to queue
[2025-03-19T00:35:42.893+0000] {logging_mixin.py:190} INFO - [2025-03-19T00:35:42.892+0000] {dagbag.py:588} INFO - Filling up the DagBag from /home/airflow/.local/lib/python3.12/site-packages/airflow/example_dags/tutorial.py
[2025-03-19T00:35:42.898+0000] {processor.py:925} INFO - DAG(s) 'tutorial' retrieved from /home/airflow/.local/lib/python3.12/site-packages/airflow/example_dags/tutorial.py
[2025-03-19T00:35:42.912+0000] {logging_mixin.py:190} INFO - [2025-03-19T00:35:42.911+0000] {dag.py:3239} INFO - Sync 1 DAGs
[2025-03-19T00:35:42.931+0000] {logging_mixin.py:190} INFO - [2025-03-19T00:35:42.931+0000] {dag.py:4180} INFO - Setting next_dagrun for tutorial to 2025-03-18 00:00:00+00:00, run_after=2025-03-19 00:00:00+00:00
[2025-03-19T00:35:42.944+0000] {processor.py:208} INFO - Processing /home/airflow/.local/lib/python3.12/site-packages/airflow/example_dags/tutorial.py took 0.059 seconds
[2025-03-19T00:36:13.379+0000] {processor.py:186} INFO - Started process (PID=3081) to work on /home/airflow/.local/lib/python3.12/site-packages/airflow/example_dags/tutorial.py
[2025-03-19T00:36:13.380+0000] {processor.py:914} INFO - Processing file /home/airflow/.local/lib/python3.12/site-packages/airflow/example_dags/tutorial.py for tasks to queue
[2025-03-19T00:36:13.381+0000] {logging_mixin.py:190} INFO - [2025-03-19T00:36:13.381+0000] {dagbag.py:588} INFO - Filling up the DagBag from /home/airflow/.local/lib/python3.12/site-packages/airflow/example_dags/tutorial.py
[2025-03-19T00:36:13.386+0000] {processor.py:925} INFO - DAG(s) 'tutorial' retrieved from /home/airflow/.local/lib/python3.12/site-packages/airflow/example_dags/tutorial.py
[2025-03-19T00:36:13.399+0000] {logging_mixin.py:190} INFO - [2025-03-19T00:36:13.399+0000] {dag.py:3239} INFO - Sync 1 DAGs
[2025-03-19T00:36:13.416+0000] {logging_mixin.py:190} INFO - [2025-03-19T00:36:13.416+0000] {dag.py:4180} INFO - Setting next_dagrun for tutorial to 2025-03-18 00:00:00+00:00, run_after=2025-03-19 00:00:00+00:00
[2025-03-19T00:36:13.429+0000] {processor.py:208} INFO - Processing /home/airflow/.local/lib/python3.12/site-packages/airflow/example_dags/tutorial.py took 0.053 seconds
[2025-03-19T00:36:44.364+0000] {processor.py:186} INFO - Started process (PID=3144) to work on /home/airflow/.local/lib/python3.12/site-packages/airflow/example_dags/tutorial.py
[2025-03-19T00:36:44.365+0000] {processor.py:914} INFO - Processing file /home/airflow/.local/lib/python3.12/site-packages/airflow/example_dags/tutorial.py for tasks to queue
[2025-03-19T00:36:44.366+0000] {logging_mixin.py:190} INFO - [2025-03-19T00:36:44.366+0000] {dagbag.py:588} INFO - Filling up the DagBag from /home/airflow/.local/lib/python3.12/site-packages/airflow/example_dags/tutorial.py
[2025-03-19T00:36:44.371+0000] {processor.py:925} INFO - DAG(s) 'tutorial' retrieved from /home/airflow/.local/lib/python3.12/site-packages/airflow/example_dags/tutorial.py
[2025-03-19T00:36:44.383+0000] {logging_mixin.py:190} INFO - [2025-03-19T00:36:44.383+0000] {dag.py:3239} INFO - Sync 1 DAGs
[2025-03-19T00:36:44.398+0000] {logging_mixin.py:190} INFO - [2025-03-19T00:36:44.398+0000] {dag.py:4180} INFO - Setting next_dagrun for tutorial to 2025-03-18 00:00:00+00:00, run_after=2025-03-19 00:00:00+00:00
[2025-03-19T00:36:44.410+0000] {processor.py:208} INFO - Processing /home/airflow/.local/lib/python3.12/site-packages/airflow/example_dags/tutorial.py took 0.049 seconds
[2025-03-19T00:37:15.329+0000] {processor.py:186} INFO - Started process (PID=3208) to work on /home/airflow/.local/lib/python3.12/site-packages/airflow/example_dags/tutorial.py
[2025-03-19T00:37:15.330+0000] {processor.py:914} INFO - Processing file /home/airflow/.local/lib/python3.12/site-packages/airflow/example_dags/tutorial.py for tasks to queue
[2025-03-19T00:37:15.332+0000] {logging_mixin.py:190} INFO - [2025-03-19T00:37:15.332+0000] {dagbag.py:588} INFO - Filling up the DagBag from /home/airflow/.local/lib/python3.12/site-packages/airflow/example_dags/tutorial.py
[2025-03-19T00:37:15.338+0000] {processor.py:925} INFO - DAG(s) 'tutorial' retrieved from /home/airflow/.local/lib/python3.12/site-packages/airflow/example_dags/tutorial.py
[2025-03-19T00:37:15.354+0000] {logging_mixin.py:190} INFO - [2025-03-19T00:37:15.354+0000] {dag.py:3239} INFO - Sync 1 DAGs
[2025-03-19T00:37:15.374+0000] {logging_mixin.py:190} INFO - [2025-03-19T00:37:15.373+0000] {dag.py:4180} INFO - Setting next_dagrun for tutorial to 2025-03-18 00:00:00+00:00, run_after=2025-03-19 00:00:00+00:00
[2025-03-19T00:37:15.387+0000] {processor.py:208} INFO - Processing /home/airflow/.local/lib/python3.12/site-packages/airflow/example_dags/tutorial.py took 0.062 seconds
[2025-03-19T00:37:45.796+0000] {processor.py:186} INFO - Started process (PID=3272) to work on /home/airflow/.local/lib/python3.12/site-packages/airflow/example_dags/tutorial.py
[2025-03-19T00:37:45.797+0000] {processor.py:914} INFO - Processing file /home/airflow/.local/lib/python3.12/site-packages/airflow/example_dags/tutorial.py for tasks to queue
[2025-03-19T00:37:45.799+0000] {logging_mixin.py:190} INFO - [2025-03-19T00:37:45.798+0000] {dagbag.py:588} INFO - Filling up the DagBag from /home/airflow/.local/lib/python3.12/site-packages/airflow/example_dags/tutorial.py
[2025-03-19T00:37:45.804+0000] {processor.py:925} INFO - DAG(s) 'tutorial' retrieved from /home/airflow/.local/lib/python3.12/site-packages/airflow/example_dags/tutorial.py
[2025-03-19T00:37:45.818+0000] {logging_mixin.py:190} INFO - [2025-03-19T00:37:45.818+0000] {dag.py:3239} INFO - Sync 1 DAGs
[2025-03-19T00:37:45.837+0000] {logging_mixin.py:190} INFO - [2025-03-19T00:37:45.837+0000] {dag.py:4180} INFO - Setting next_dagrun for tutorial to 2025-03-18 00:00:00+00:00, run_after=2025-03-19 00:00:00+00:00
[2025-03-19T00:37:45.851+0000] {processor.py:208} INFO - Processing /home/airflow/.local/lib/python3.12/site-packages/airflow/example_dags/tutorial.py took 0.059 seconds
[2025-03-19T00:38:17.037+0000] {processor.py:186} INFO - Started process (PID=3336) to work on /home/airflow/.local/lib/python3.12/site-packages/airflow/example_dags/tutorial.py
[2025-03-19T00:38:17.038+0000] {processor.py:914} INFO - Processing file /home/airflow/.local/lib/python3.12/site-packages/airflow/example_dags/tutorial.py for tasks to queue
[2025-03-19T00:38:17.039+0000] {logging_mixin.py:190} INFO - [2025-03-19T00:38:17.039+0000] {dagbag.py:588} INFO - Filling up the DagBag from /home/airflow/.local/lib/python3.12/site-packages/airflow/example_dags/tutorial.py
[2025-03-19T00:38:17.044+0000] {processor.py:925} INFO - DAG(s) 'tutorial' retrieved from /home/airflow/.local/lib/python3.12/site-packages/airflow/example_dags/tutorial.py
[2025-03-19T00:38:17.058+0000] {logging_mixin.py:190} INFO - [2025-03-19T00:38:17.058+0000] {dag.py:3239} INFO - Sync 1 DAGs
[2025-03-19T00:38:17.076+0000] {logging_mixin.py:190} INFO - [2025-03-19T00:38:17.075+0000] {dag.py:4180} INFO - Setting next_dagrun for tutorial to 2025-03-18 00:00:00+00:00, run_after=2025-03-19 00:00:00+00:00
[2025-03-19T00:38:17.197+0000] {processor.py:208} INFO - Processing /home/airflow/.local/lib/python3.12/site-packages/airflow/example_dags/tutorial.py took 0.163 seconds
[2025-03-19T00:38:47.999+0000] {processor.py:186} INFO - Started process (PID=3400) to work on /home/airflow/.local/lib/python3.12/site-packages/airflow/example_dags/tutorial.py
[2025-03-19T00:38:47.999+0000] {processor.py:914} INFO - Processing file /home/airflow/.local/lib/python3.12/site-packages/airflow/example_dags/tutorial.py for tasks to queue
[2025-03-19T00:38:48.001+0000] {logging_mixin.py:190} INFO - [2025-03-19T00:38:48.000+0000] {dagbag.py:588} INFO - Filling up the DagBag from /home/airflow/.local/lib/python3.12/site-packages/airflow/example_dags/tutorial.py
[2025-03-19T00:38:48.006+0000] {processor.py:925} INFO - DAG(s) 'tutorial' retrieved from /home/airflow/.local/lib/python3.12/site-packages/airflow/example_dags/tutorial.py
[2025-03-19T00:38:48.021+0000] {logging_mixin.py:190} INFO - [2025-03-19T00:38:48.021+0000] {dag.py:3239} INFO - Sync 1 DAGs
[2025-03-19T00:38:48.150+0000] {logging_mixin.py:190} INFO - [2025-03-19T00:38:48.150+0000] {dag.py:4180} INFO - Setting next_dagrun for tutorial to 2025-03-18 00:00:00+00:00, run_after=2025-03-19 00:00:00+00:00
[2025-03-19T00:38:48.167+0000] {processor.py:208} INFO - Processing /home/airflow/.local/lib/python3.12/site-packages/airflow/example_dags/tutorial.py took 0.173 seconds
[2025-03-19T00:39:18.735+0000] {processor.py:186} INFO - Started process (PID=3464) to work on /home/airflow/.local/lib/python3.12/site-packages/airflow/example_dags/tutorial.py
[2025-03-19T00:39:18.735+0000] {processor.py:914} INFO - Processing file /home/airflow/.local/lib/python3.12/site-packages/airflow/example_dags/tutorial.py for tasks to queue
[2025-03-19T00:39:18.736+0000] {logging_mixin.py:190} INFO - [2025-03-19T00:39:18.736+0000] {dagbag.py:588} INFO - Filling up the DagBag from /home/airflow/.local/lib/python3.12/site-packages/airflow/example_dags/tutorial.py
[2025-03-19T00:39:18.741+0000] {processor.py:925} INFO - DAG(s) 'tutorial' retrieved from /home/airflow/.local/lib/python3.12/site-packages/airflow/example_dags/tutorial.py
[2025-03-19T00:39:18.753+0000] {logging_mixin.py:190} INFO - [2025-03-19T00:39:18.753+0000] {dag.py:3239} INFO - Sync 1 DAGs
[2025-03-19T00:39:18.868+0000] {logging_mixin.py:190} INFO - [2025-03-19T00:39:18.868+0000] {dag.py:4180} INFO - Setting next_dagrun for tutorial to 2025-03-18 00:00:00+00:00, run_after=2025-03-19 00:00:00+00:00
[2025-03-19T00:39:18.880+0000] {processor.py:208} INFO - Processing /home/airflow/.local/lib/python3.12/site-packages/airflow/example_dags/tutorial.py took 0.149 seconds
[2025-03-19T00:39:50.133+0000] {processor.py:186} INFO - Started process (PID=3528) to work on /home/airflow/.local/lib/python3.12/site-packages/airflow/example_dags/tutorial.py
[2025-03-19T00:39:50.134+0000] {processor.py:914} INFO - Processing file /home/airflow/.local/lib/python3.12/site-packages/airflow/example_dags/tutorial.py for tasks to queue
[2025-03-19T00:39:50.135+0000] {logging_mixin.py:190} INFO - [2025-03-19T00:39:50.135+0000] {dagbag.py:588} INFO - Filling up the DagBag from /home/airflow/.local/lib/python3.12/site-packages/airflow/example_dags/tutorial.py
[2025-03-19T00:39:50.142+0000] {processor.py:925} INFO - DAG(s) 'tutorial' retrieved from /home/airflow/.local/lib/python3.12/site-packages/airflow/example_dags/tutorial.py
[2025-03-19T00:39:50.155+0000] {logging_mixin.py:190} INFO - [2025-03-19T00:39:50.155+0000] {dag.py:3239} INFO - Sync 1 DAGs
[2025-03-19T00:39:50.292+0000] {logging_mixin.py:190} INFO - [2025-03-19T00:39:50.292+0000] {dag.py:4180} INFO - Setting next_dagrun for tutorial to 2025-03-18 00:00:00+00:00, run_after=2025-03-19 00:00:00+00:00
[2025-03-19T00:39:50.307+0000] {processor.py:208} INFO - Processing /home/airflow/.local/lib/python3.12/site-packages/airflow/example_dags/tutorial.py took 0.177 seconds
[2025-03-19T00:40:21.493+0000] {processor.py:186} INFO - Started process (PID=3592) to work on /home/airflow/.local/lib/python3.12/site-packages/airflow/example_dags/tutorial.py
[2025-03-19T00:40:21.494+0000] {processor.py:914} INFO - Processing file /home/airflow/.local/lib/python3.12/site-packages/airflow/example_dags/tutorial.py for tasks to queue
[2025-03-19T00:40:21.495+0000] {logging_mixin.py:190} INFO - [2025-03-19T00:40:21.495+0000] {dagbag.py:588} INFO - Filling up the DagBag from /home/airflow/.local/lib/python3.12/site-packages/airflow/example_dags/tutorial.py
[2025-03-19T00:40:21.500+0000] {processor.py:925} INFO - DAG(s) 'tutorial' retrieved from /home/airflow/.local/lib/python3.12/site-packages/airflow/example_dags/tutorial.py
[2025-03-19T00:40:21.515+0000] {logging_mixin.py:190} INFO - [2025-03-19T00:40:21.515+0000] {dag.py:3239} INFO - Sync 1 DAGs
[2025-03-19T00:40:21.624+0000] {logging_mixin.py:190} INFO - [2025-03-19T00:40:21.624+0000] {dag.py:4180} INFO - Setting next_dagrun for tutorial to 2025-03-18 00:00:00+00:00, run_after=2025-03-19 00:00:00+00:00
[2025-03-19T00:40:21.635+0000] {processor.py:208} INFO - Processing /home/airflow/.local/lib/python3.12/site-packages/airflow/example_dags/tutorial.py took 0.145 seconds
[2025-03-19T00:41:19.397+0000] {processor.py:186} INFO - Started process (PID=115) to work on /home/airflow/.local/lib/python3.12/site-packages/airflow/example_dags/tutorial.py
[2025-03-19T00:41:19.398+0000] {processor.py:914} INFO - Processing file /home/airflow/.local/lib/python3.12/site-packages/airflow/example_dags/tutorial.py for tasks to queue
[2025-03-19T00:41:19.399+0000] {logging_mixin.py:190} INFO - [2025-03-19T00:41:19.399+0000] {dagbag.py:588} INFO - Filling up the DagBag from /home/airflow/.local/lib/python3.12/site-packages/airflow/example_dags/tutorial.py
[2025-03-19T00:41:19.406+0000] {processor.py:925} INFO - DAG(s) 'tutorial' retrieved from /home/airflow/.local/lib/python3.12/site-packages/airflow/example_dags/tutorial.py
[2025-03-19T00:41:19.419+0000] {logging_mixin.py:190} INFO - [2025-03-19T00:41:19.419+0000] {dag.py:3239} INFO - Sync 1 DAGs
[2025-03-19T00:41:19.438+0000] {logging_mixin.py:190} INFO - [2025-03-19T00:41:19.438+0000] {dag.py:4180} INFO - Setting next_dagrun for tutorial to 2025-03-18 00:00:00+00:00, run_after=2025-03-19 00:00:00+00:00
[2025-03-19T00:41:19.452+0000] {processor.py:208} INFO - Processing /home/airflow/.local/lib/python3.12/site-packages/airflow/example_dags/tutorial.py took 0.058 seconds
[2025-03-19T00:41:49.750+0000] {processor.py:186} INFO - Started process (PID=179) to work on /home/airflow/.local/lib/python3.12/site-packages/airflow/example_dags/tutorial.py
[2025-03-19T00:41:49.751+0000] {processor.py:914} INFO - Processing file /home/airflow/.local/lib/python3.12/site-packages/airflow/example_dags/tutorial.py for tasks to queue
[2025-03-19T00:41:49.752+0000] {logging_mixin.py:190} INFO - [2025-03-19T00:41:49.752+0000] {dagbag.py:588} INFO - Filling up the DagBag from /home/airflow/.local/lib/python3.12/site-packages/airflow/example_dags/tutorial.py
[2025-03-19T00:41:49.757+0000] {processor.py:925} INFO - DAG(s) 'tutorial' retrieved from /home/airflow/.local/lib/python3.12/site-packages/airflow/example_dags/tutorial.py
[2025-03-19T00:41:49.769+0000] {logging_mixin.py:190} INFO - [2025-03-19T00:41:49.769+0000] {dag.py:3239} INFO - Sync 1 DAGs
[2025-03-19T00:41:49.785+0000] {logging_mixin.py:190} INFO - [2025-03-19T00:41:49.785+0000] {dag.py:4180} INFO - Setting next_dagrun for tutorial to 2025-03-18 00:00:00+00:00, run_after=2025-03-19 00:00:00+00:00
[2025-03-19T00:41:49.797+0000] {processor.py:208} INFO - Processing /home/airflow/.local/lib/python3.12/site-packages/airflow/example_dags/tutorial.py took 0.050 seconds
[2025-03-19T00:42:21.100+0000] {processor.py:186} INFO - Started process (PID=243) to work on /home/airflow/.local/lib/python3.12/site-packages/airflow/example_dags/tutorial.py
[2025-03-19T00:42:21.100+0000] {processor.py:914} INFO - Processing file /home/airflow/.local/lib/python3.12/site-packages/airflow/example_dags/tutorial.py for tasks to queue
[2025-03-19T00:42:21.102+0000] {logging_mixin.py:190} INFO - [2025-03-19T00:42:21.101+0000] {dagbag.py:588} INFO - Filling up the DagBag from /home/airflow/.local/lib/python3.12/site-packages/airflow/example_dags/tutorial.py
[2025-03-19T00:42:21.107+0000] {processor.py:925} INFO - DAG(s) 'tutorial' retrieved from /home/airflow/.local/lib/python3.12/site-packages/airflow/example_dags/tutorial.py
[2025-03-19T00:42:21.119+0000] {logging_mixin.py:190} INFO - [2025-03-19T00:42:21.119+0000] {dag.py:3239} INFO - Sync 1 DAGs
[2025-03-19T00:42:21.135+0000] {logging_mixin.py:190} INFO - [2025-03-19T00:42:21.135+0000] {dag.py:4180} INFO - Setting next_dagrun for tutorial to 2025-03-18 00:00:00+00:00, run_after=2025-03-19 00:00:00+00:00
[2025-03-19T00:42:21.147+0000] {processor.py:208} INFO - Processing /home/airflow/.local/lib/python3.12/site-packages/airflow/example_dags/tutorial.py took 0.051 seconds
[2025-03-19T00:42:52.643+0000] {processor.py:186} INFO - Started process (PID=307) to work on /home/airflow/.local/lib/python3.12/site-packages/airflow/example_dags/tutorial.py
[2025-03-19T00:42:52.643+0000] {processor.py:914} INFO - Processing file /home/airflow/.local/lib/python3.12/site-packages/airflow/example_dags/tutorial.py for tasks to queue
[2025-03-19T00:42:52.644+0000] {logging_mixin.py:190} INFO - [2025-03-19T00:42:52.644+0000] {dagbag.py:588} INFO - Filling up the DagBag from /home/airflow/.local/lib/python3.12/site-packages/airflow/example_dags/tutorial.py
[2025-03-19T00:42:52.649+0000] {processor.py:925} INFO - DAG(s) 'tutorial' retrieved from /home/airflow/.local/lib/python3.12/site-packages/airflow/example_dags/tutorial.py
[2025-03-19T00:42:52.663+0000] {logging_mixin.py:190} INFO - [2025-03-19T00:42:52.662+0000] {dag.py:3239} INFO - Sync 1 DAGs
[2025-03-19T00:42:52.679+0000] {logging_mixin.py:190} INFO - [2025-03-19T00:42:52.679+0000] {dag.py:4180} INFO - Setting next_dagrun for tutorial to 2025-03-18 00:00:00+00:00, run_after=2025-03-19 00:00:00+00:00
[2025-03-19T00:42:52.692+0000] {processor.py:208} INFO - Processing /home/airflow/.local/lib/python3.12/site-packages/airflow/example_dags/tutorial.py took 0.053 seconds
[2025-03-19T00:43:23.217+0000] {processor.py:186} INFO - Started process (PID=371) to work on /home/airflow/.local/lib/python3.12/site-packages/airflow/example_dags/tutorial.py
[2025-03-19T00:43:23.218+0000] {processor.py:914} INFO - Processing file /home/airflow/.local/lib/python3.12/site-packages/airflow/example_dags/tutorial.py for tasks to queue
[2025-03-19T00:43:23.219+0000] {logging_mixin.py:190} INFO - [2025-03-19T00:43:23.219+0000] {dagbag.py:588} INFO - Filling up the DagBag from /home/airflow/.local/lib/python3.12/site-packages/airflow/example_dags/tutorial.py
[2025-03-19T00:43:23.224+0000] {processor.py:925} INFO - DAG(s) 'tutorial' retrieved from /home/airflow/.local/lib/python3.12/site-packages/airflow/example_dags/tutorial.py
[2025-03-19T00:43:23.238+0000] {logging_mixin.py:190} INFO - [2025-03-19T00:43:23.237+0000] {dag.py:3239} INFO - Sync 1 DAGs
[2025-03-19T00:43:23.255+0000] {logging_mixin.py:190} INFO - [2025-03-19T00:43:23.255+0000] {dag.py:4180} INFO - Setting next_dagrun for tutorial to 2025-03-18 00:00:00+00:00, run_after=2025-03-19 00:00:00+00:00
[2025-03-19T00:43:23.269+0000] {processor.py:208} INFO - Processing /home/airflow/.local/lib/python3.12/site-packages/airflow/example_dags/tutorial.py took 0.056 seconds
[2025-03-19T00:43:53.684+0000] {processor.py:186} INFO - Started process (PID=435) to work on /home/airflow/.local/lib/python3.12/site-packages/airflow/example_dags/tutorial.py
[2025-03-19T00:43:53.685+0000] {processor.py:914} INFO - Processing file /home/airflow/.local/lib/python3.12/site-packages/airflow/example_dags/tutorial.py for tasks to queue
[2025-03-19T00:43:53.686+0000] {logging_mixin.py:190} INFO - [2025-03-19T00:43:53.686+0000] {dagbag.py:588} INFO - Filling up the DagBag from /home/airflow/.local/lib/python3.12/site-packages/airflow/example_dags/tutorial.py
[2025-03-19T00:43:53.691+0000] {processor.py:925} INFO - DAG(s) 'tutorial' retrieved from /home/airflow/.local/lib/python3.12/site-packages/airflow/example_dags/tutorial.py
[2025-03-19T00:43:53.705+0000] {logging_mixin.py:190} INFO - [2025-03-19T00:43:53.705+0000] {dag.py:3239} INFO - Sync 1 DAGs
[2025-03-19T00:43:53.722+0000] {logging_mixin.py:190} INFO - [2025-03-19T00:43:53.721+0000] {dag.py:4180} INFO - Setting next_dagrun for tutorial to 2025-03-18 00:00:00+00:00, run_after=2025-03-19 00:00:00+00:00
[2025-03-19T00:43:53.735+0000] {processor.py:208} INFO - Processing /home/airflow/.local/lib/python3.12/site-packages/airflow/example_dags/tutorial.py took 0.054 seconds
